<?xml version="1.0" encoding="UTF-8"?>
<testsuites>
  <testsuite name="" tests="8870" assertions="54314" failures="14" errors="0" time="83.339712">
    <testsuite name="Tests_Actions" file="/Users/msaari/wordpress-develop/tests/phpunit/tests/actions.php" tests="24" assertions="97" failures="0" errors="0" time="0.045788">
      <testcase name="test_simple_action" class="Tests_Actions" file="/Users/msaari/wordpress-develop/tests/phpunit/tests/actions.php" line="10" assertions="3" time="0.002736"/>
      <testcase name="test_remove_action" class="Tests_Actions" file="/Users/msaari/wordpress-develop/tests/phpunit/tests/actions.php" line="27" assertions="4" time="0.002215"/>
      <testcase name="test_has_action" class="Tests_Actions" file="/Users/msaari/wordpress-develop/tests/phpunit/tests/actions.php" line="46" assertions="6" time="0.001862"/>
      <testcase name="test_multiple_actions" class="Tests_Actions" file="/Users/msaari/wordpress-develop/tests/phpunit/tests/actions.php" line="61" assertions="2" time="0.001716"/>
      <testcase name="test_action_args_1" class="Tests_Actions" file="/Users/msaari/wordpress-develop/tests/phpunit/tests/actions.php" line="77" assertions="2" time="0.001829"/>
      <testcase name="test_action_args_2" class="Tests_Actions" file="/Users/msaari/wordpress-develop/tests/phpunit/tests/actions.php" line="92" assertions="4" time="0.002292"/>
      <testcase name="test_action_args_3" class="Tests_Actions" file="/Users/msaari/wordpress-develop/tests/phpunit/tests/actions.php" line="124" assertions="6" time="0.002498"/>
      <testcase name="test_action_priority" class="Tests_Actions" file="/Users/msaari/wordpress-develop/tests/phpunit/tests/actions.php" line="156" assertions="2" time="0.002304"/>
      <testcase name="test_did_action" class="Tests_Actions" file="/Users/msaari/wordpress-develop/tests/phpunit/tests/actions.php" line="185" assertions="4" time="0.001877"/>
      <testcase name="test_all_action" class="Tests_Actions" file="/Users/msaari/wordpress-develop/tests/phpunit/tests/actions.php" line="206" assertions="4" time="0.001885"/>
      <testcase name="test_remove_all_action" class="Tests_Actions" file="/Users/msaari/wordpress-develop/tests/phpunit/tests/actions.php" line="230" assertions="6" time="0.001885"/>
      <testcase name="test_action_ref_array" class="Tests_Actions" file="/Users/msaari/wordpress-develop/tests/phpunit/tests/actions.php" line="250" assertions="2" time="0.001811"/>
      <testcase name="test_action_keyed_array" class="Tests_Actions" file="/Users/msaari/wordpress-develop/tests/phpunit/tests/actions.php" line="269" assertions="2" time="0.001824"/>
      <testcase name="test_action_self_removal" class="Tests_Actions" file="/Users/msaari/wordpress-develop/tests/phpunit/tests/actions.php" line="293" assertions="1" time="0.001730"/>
      <testcase name="test_action_recursion" class="Tests_Actions" file="/Users/msaari/wordpress-develop/tests/phpunit/tests/actions.php" line="306" assertions="2" time="0.001807"/>
      <testcase name="test_action_callback_manipulation_while_running" class="Tests_Actions" file="/Users/msaari/wordpress-develop/tests/phpunit/tests/actions.php" line="333" assertions="5" time="0.002251"/>
      <testcase name="test_remove_anonymous_callback" class="Tests_Actions" file="/Users/msaari/wordpress-develop/tests/phpunit/tests/actions.php" line="368" assertions="2" time="0.001884"/>
      <testcase name="test_array_access_of_wp_filter_global" class="Tests_Actions" file="/Users/msaari/wordpress-develop/tests/phpunit/tests/actions.php" line="401" assertions="4" time="0.001673"/>
      <testcase name="test_current_action" class="Tests_Actions" file="/Users/msaari/wordpress-develop/tests/phpunit/tests/actions.php" line="427" assertions="1" time="0.001588"/>
      <testcase name="test_doing_filter" class="Tests_Actions" file="/Users/msaari/wordpress-develop/tests/phpunit/tests/actions.php" line="438" assertions="5" time="0.001623"/>
      <testcase name="test_doing_action" class="Tests_Actions" file="/Users/msaari/wordpress-develop/tests/phpunit/tests/actions.php" line="457" assertions="5" time="0.001555"/>
      <testcase name="test_doing_filter_real" class="Tests_Actions" file="/Users/msaari/wordpress-develop/tests/phpunit/tests/actions.php" line="476" assertions="20" time="0.001636"/>
      <testcase name="test_do_action_deprecated" class="Tests_Actions" file="/Users/msaari/wordpress-develop/tests/phpunit/tests/actions.php" line="526" assertions="2" time="0.001633"/>
      <testcase name="test_do_action_deprecated_with_multiple_params" class="Tests_Actions" file="/Users/msaari/wordpress-develop/tests/phpunit/tests/actions.php" line="544" assertions="3" time="0.001675"/>
    </testsuite>
    <testsuite name="Tests_Actions_Callbacks" file="/Users/msaari/wordpress-develop/tests/phpunit/tests/actions/callbacks.php" tests="1" assertions="3" failures="0" errors="0" time="0.001554">
      <testcase name="test_callback_representations" class="Tests_Actions_Callbacks" file="/Users/msaari/wordpress-develop/tests/phpunit/tests/actions/callbacks.php" line="11" assertions="3" time="0.001554"/>
    </testsuite>
    <testsuite name="Tests_Admin_IncludesComment" file="/Users/msaari/wordpress-develop/tests/phpunit/tests/admin/includesComment.php" tests="5" assertions="6" failures="0" errors="0" time="0.013120">
      <testcase name="test_must_match_date_and_author" class="Tests_Admin_IncludesComment" file="/Users/msaari/wordpress-develop/tests/phpunit/tests/admin/includesComment.php" line="51" assertions="2" time="0.003804"/>
      <testcase name="test_default_value_of_timezone_should_be_blog" class="Tests_Admin_IncludesComment" file="/Users/msaari/wordpress-develop/tests/phpunit/tests/admin/includesComment.php" line="59" assertions="1" time="0.002971"/>
      <testcase name="test_should_respect_timezone_blog" class="Tests_Admin_IncludesComment" file="/Users/msaari/wordpress-develop/tests/phpunit/tests/admin/includesComment.php" line="66" assertions="1" time="0.001898"/>
      <testcase name="test_should_respect_timezone_gmt" class="Tests_Admin_IncludesComment" file="/Users/msaari/wordpress-develop/tests/phpunit/tests/admin/includesComment.php" line="73" assertions="1" time="0.002322"/>
      <testcase name="test_invalid_timezone_should_fall_back_on_blog" class="Tests_Admin_IncludesComment" file="/Users/msaari/wordpress-develop/tests/phpunit/tests/admin/includesComment.php" line="80" assertions="1" time="0.002125"/>
    </testsuite>
    <testsuite name="Test_WP_Community_Events" file="/Users/msaari/wordpress-develop/tests/phpunit/tests/admin/includesCommunityEvents.php" tests="12" assertions="24" failures="0" errors="0" time="0.030581">
      <testcase name="test_get_events_bad_response_code" class="Test_WP_Community_Events" file="/Users/msaari/wordpress-develop/tests/phpunit/tests/admin/includesCommunityEvents.php" line="64" assertions="1" time="0.002599"/>
      <testcase name="test_get_cached_events_bad_response_code" class="Test_WP_Community_Events" file="/Users/msaari/wordpress-develop/tests/phpunit/tests/admin/includesCommunityEvents.php" line="77" assertions="1" time="0.002076"/>
      <testcase name="test_get_events_invalid_response" class="Test_WP_Community_Events" file="/Users/msaari/wordpress-develop/tests/phpunit/tests/admin/includesCommunityEvents.php" line="112" assertions="1" time="0.001876"/>
      <testcase name="test_get_cached_events_invalid_response" class="Test_WP_Community_Events" file="/Users/msaari/wordpress-develop/tests/phpunit/tests/admin/includesCommunityEvents.php" line="125" assertions="1" time="0.001945"/>
      <testcase name="test_get_events_valid_response" class="Test_WP_Community_Events" file="/Users/msaari/wordpress-develop/tests/phpunit/tests/admin/includesCommunityEvents.php" line="160" assertions="4" time="0.003633"/>
      <testcase name="test_get_cached_events_valid_response" class="Test_WP_Community_Events" file="/Users/msaari/wordpress-develop/tests/phpunit/tests/admin/includesCommunityEvents.php" line="179" assertions="4" time="0.003745"/>
      <testcase name="test_get_events_pin_wordcamp" class="Test_WP_Community_Events" file="/Users/msaari/wordpress-develop/tests/phpunit/tests/admin/includesCommunityEvents.php" line="266" assertions="4" time="0.003687"/>
      <testcase name="test_get_events_dont_pin_multiple_wordcamps" class="Test_WP_Community_Events" file="/Users/msaari/wordpress-develop/tests/phpunit/tests/admin/includesCommunityEvents.php" line="368" assertions="4" time="0.003623"/>
      <testsuite name="Test_WP_Community_Events::test_get_unsafe_client_ip" tests="4" assertions="4" failures="0" errors="0" time="0.007397">
        <testcase name="test_get_unsafe_client_ip with data set #0" assertions="1" time="0.001784"/>
        <testcase name="test_get_unsafe_client_ip with data set #1" assertions="1" time="0.001867"/>
        <testcase name="test_get_unsafe_client_ip with data set #2" assertions="1" time="0.001947"/>
        <testcase name="test_get_unsafe_client_ip with data set #3" assertions="1" time="0.001799"/>
      </testsuite>
    </testsuite>
    <testsuite name="Tests_Admin_includesFile" file="/Users/msaari/wordpress-develop/tests/phpunit/tests/admin/includesFile.php" tests="2" assertions="8" failures="0" errors="0" time="0.006827">
      <testcase name="test_get_home_path" class="Tests_Admin_includesFile" file="/Users/msaari/wordpress-develop/tests/phpunit/tests/admin/includesFile.php" line="12" assertions="4" time="0.003967"/>
      <testcase name="test_download_url_non_200_response_code" class="Tests_Admin_includesFile" file="/Users/msaari/wordpress-develop/tests/phpunit/tests/admin/includesFile.php" line="38" assertions="4" time="0.002860"/>
    </testsuite>
    <testsuite name="Tests_Admin_includesListTable" file="/Users/msaari/wordpress-develop/tests/phpunit/tests/admin/includesListTable.php" tests="11" assertions="28" failures="0" errors="0" time="0.037988">
      <testcase name="test_list_hierarchical_pages_first_page" class="Tests_Admin_includesListTable" file="/Users/msaari/wordpress-develop/tests/phpunit/tests/admin/includesListTable.php" line="79" assertions="3" time="0.005758"/>
      <testcase name="test_list_hierarchical_pages_second_page" class="Tests_Admin_includesListTable" file="/Users/msaari/wordpress-develop/tests/phpunit/tests/admin/includesListTable.php" line="95" assertions="4" time="0.003640"/>
      <testcase name="test_search_hierarchical_pages_first_page" class="Tests_Admin_includesListTable" file="/Users/msaari/wordpress-develop/tests/phpunit/tests/admin/includesListTable.php" line="112" assertions="3" time="0.005125"/>
      <testcase name="test_search_hierarchical_pages_second_page" class="Tests_Admin_includesListTable" file="/Users/msaari/wordpress-develop/tests/phpunit/tests/admin/includesListTable.php" line="129" assertions="3" time="0.003977"/>
      <testcase name="test_grandchildren_hierarchical_pages_first_page" class="Tests_Admin_includesListTable" file="/Users/msaari/wordpress-develop/tests/phpunit/tests/admin/includesListTable.php" line="146" assertions="5" time="0.003864"/>
      <testcase name="test_grandchildren_hierarchical_pages_second_page" class="Tests_Admin_includesListTable" file="/Users/msaari/wordpress-develop/tests/phpunit/tests/admin/includesListTable.php" line="165" assertions="5" time="0.003821"/>
      <testcase name="test_filter_button_should_not_be_shown_if_there_are_no_posts" class="Tests_Admin_includesListTable" file="/Users/msaari/wordpress-develop/tests/phpunit/tests/admin/includesListTable.php" line="231" assertions="1" time="0.002715"/>
      <testcase name="test_months_dropdown_should_not_be_shown_if_there_are_no_posts" class="Tests_Admin_includesListTable" file="/Users/msaari/wordpress-develop/tests/phpunit/tests/admin/includesListTable.php" line="245" assertions="1" time="0.002515"/>
      <testcase name="test_category_dropdown_should_not_be_shown_if_there_are_no_posts" class="Tests_Admin_includesListTable" file="/Users/msaari/wordpress-develop/tests/phpunit/tests/admin/includesListTable.php" line="259" assertions="1" time="0.002075"/>
      <testcase name="test_empty_trash_button_should_not_be_shown_if_there_are_no_posts" class="Tests_Admin_includesListTable" file="/Users/msaari/wordpress-develop/tests/phpunit/tests/admin/includesListTable.php" line="273" assertions="1" time="0.001958"/>
      <testcase name="test_empty_trash_button_should_not_be_shown_if_there_are_no_comments" class="Tests_Admin_includesListTable" file="/Users/msaari/wordpress-develop/tests/phpunit/tests/admin/includesListTable.php" line="287" assertions="1" time="0.002540"/>
    </testsuite>
    <testsuite name="Tests_Admin_includesMisc" file="/Users/msaari/wordpress-develop/tests/phpunit/tests/admin/includesMisc.php" tests="1" assertions="6" failures="0" errors="0" time="0.001507">
      <testcase name="test_shorten_url" class="Tests_Admin_includesMisc" file="/Users/msaari/wordpress-develop/tests/phpunit/tests/admin/includesMisc.php" line="7" assertions="6" time="0.001507"/>
    </testsuite>
    <testsuite name="Tests_Admin_includesPlugin" file="/Users/msaari/wordpress-develop/tests/phpunit/tests/admin/includesPlugin.php" tests="24" assertions="51" failures="0" errors="0" time="0.073601">
      <testcase name="test_get_plugin_data" class="Tests_Admin_includesPlugin" file="/Users/msaari/wordpress-develop/tests/phpunit/tests/admin/includesPlugin.php" line="7" assertions="19" time="0.001723"/>
      <testcase name="test_menu_page_url" class="Tests_Admin_includesPlugin" file="/Users/msaari/wordpress-develop/tests/phpunit/tests/admin/includesPlugin.php" line="30" assertions="8" time="0.020227"/>
      <testcase name="test_is_plugin_active_true" class="Tests_Admin_includesPlugin" file="/Users/msaari/wordpress-develop/tests/phpunit/tests/admin/includesPlugin.php" line="60" assertions="1" time="0.002954"/>
      <testcase name="test_is_plugin_active_false" class="Tests_Admin_includesPlugin" file="/Users/msaari/wordpress-develop/tests/phpunit/tests/admin/includesPlugin.php" line="68" assertions="1" time="0.001696"/>
      <testcase name="test_is_plugin_inactive_true" class="Tests_Admin_includesPlugin" file="/Users/msaari/wordpress-develop/tests/phpunit/tests/admin/includesPlugin.php" line="74" assertions="1" time="0.001545"/>
      <testcase name="test_is_plugin_inactive_false" class="Tests_Admin_includesPlugin" file="/Users/msaari/wordpress-develop/tests/phpunit/tests/admin/includesPlugin.php" line="80" assertions="1" time="0.002737"/>
      <testcase name="test_get_plugin_files_single" class="Tests_Admin_includesPlugin" file="/Users/msaari/wordpress-develop/tests/phpunit/tests/admin/includesPlugin.php" line="91" assertions="1" time="0.001979"/>
      <testcase name="test_get_plugin_files_folder" class="Tests_Admin_includesPlugin" file="/Users/msaari/wordpress-develop/tests/phpunit/tests/admin/includesPlugin.php" line="99" assertions="1" time="0.002252"/>
      <testcase name="test_get_mu_plugins_when_mu_plugins_exists_but_is_empty" class="Tests_Admin_includesPlugin" file="/Users/msaari/wordpress-develop/tests/phpunit/tests/admin/includesPlugin.php" line="124" assertions="1" time="0.001870"/>
      <testcase name="test_get_mu_plugins_when_mu_plugins_directory_does_not_exist" class="Tests_Admin_includesPlugin" file="/Users/msaari/wordpress-develop/tests/phpunit/tests/admin/includesPlugin.php" line="146" assertions="1" time="0.001806"/>
      <testcase name="test_get_mu_plugins_should_ignore_index_php_containing_silence_is_golden" class="Tests_Admin_includesPlugin" file="/Users/msaari/wordpress-develop/tests/phpunit/tests/admin/includesPlugin.php" line="166" assertions="1" time="0.002156"/>
      <testcase name="test_get_mu_plugins_should_not_ignore_index_php_containing_something_other_than_silence_is_golden" class="Tests_Admin_includesPlugin" file="/Users/msaari/wordpress-develop/tests/phpunit/tests/admin/includesPlugin.php" line="190" assertions="1" time="0.002293"/>
      <testcase name="test_get_mu_plugins_should_ignore_files_without_php_extensions" class="Tests_Admin_includesPlugin" file="/Users/msaari/wordpress-develop/tests/phpunit/tests/admin/includesPlugin.php" line="215" assertions="1" time="0.002470"/>
      <testcase name="test__sort_uname_callback" class="Tests_Admin_includesPlugin" file="/Users/msaari/wordpress-develop/tests/phpunit/tests/admin/includesPlugin.php" line="242" assertions="3" time="0.001987"/>
      <testcase name="test_get_dropins_empty" class="Tests_Admin_includesPlugin" file="/Users/msaari/wordpress-develop/tests/phpunit/tests/admin/includesPlugin.php" line="251" assertions="1" time="0.002249"/>
      <testcase name="test_get_dropins_not_empty" class="Tests_Admin_includesPlugin" file="/Users/msaari/wordpress-develop/tests/phpunit/tests/admin/includesPlugin.php" line="263" assertions="1" time="0.002287"/>
      <testcase name="test_is_network_only_plugin_hello" class="Tests_Admin_includesPlugin" file="/Users/msaari/wordpress-develop/tests/phpunit/tests/admin/includesPlugin.php" line="282" assertions="1" time="0.002245"/>
      <testcase name="test_is_network_only_plugin" class="Tests_Admin_includesPlugin" file="/Users/msaari/wordpress-develop/tests/phpunit/tests/admin/includesPlugin.php" line="289" assertions="1" time="0.002346"/>
      <testcase name="test_activate_plugins_single_no_array" class="Tests_Admin_includesPlugin" file="/Users/msaari/wordpress-develop/tests/phpunit/tests/admin/includesPlugin.php" line="300" assertions="1" time="0.002861"/>
      <testcase name="test_activate_plugins_single_array" class="Tests_Admin_includesPlugin" file="/Users/msaari/wordpress-develop/tests/phpunit/tests/admin/includesPlugin.php" line="310" assertions="1" time="0.002881"/>
      <testcase name="test_validate_active_plugins_remove_invalid" class="Tests_Admin_includesPlugin" file="/Users/msaari/wordpress-develop/tests/phpunit/tests/admin/includesPlugin.php" line="320" assertions="1" time="0.003905"/>
      <testcase name="test_validate_active_plugins_empty" class="Tests_Admin_includesPlugin" file="/Users/msaari/wordpress-develop/tests/phpunit/tests/admin/includesPlugin.php" line="333" assertions="1" time="0.002004"/>
      <testcase name="test_is_uninstallable_plugin" class="Tests_Admin_includesPlugin" file="/Users/msaari/wordpress-develop/tests/phpunit/tests/admin/includesPlugin.php" line="340" assertions="1" time="0.002195"/>
      <testcase name="test_is_uninstallable_plugin_true" class="Tests_Admin_includesPlugin" file="/Users/msaari/wordpress-develop/tests/phpunit/tests/admin/includesPlugin.php" line="347" assertions="1" time="0.002933"/>
    </testsuite>
    <testsuite name="Tests_Admin_Includes_Post" file="/Users/msaari/wordpress-develop/tests/phpunit/tests/admin/includesPost.php" tests="31" assertions="67" failures="0" errors="0" time="0.519144">
      <testcase name="test__wp_translate_postdata_cap_checks_contributor" class="Tests_Admin_Includes_Post" file="/Users/msaari/wordpress-develop/tests/phpunit/tests/admin/includesPost.php" line="25" assertions="12" time="0.009631"/>
      <testcase name="test__wp_translate_postdata_cap_checks_editor" class="Tests_Admin_Includes_Post" file="/Users/msaari/wordpress-develop/tests/phpunit/tests/admin/includesPost.php" line="75" assertions="12" time="0.009683"/>
      <testcase name="test_edit_post_auto_draft" class="Tests_Admin_Includes_Post" file="/Users/msaari/wordpress-develop/tests/phpunit/tests/admin/includesPost.php" line="130" assertions="2" time="0.016092"/>
      <testcase name="test_edit_post_should_parse_tax_input_by_name_rather_than_slug_for_nonhierarchical_taxonomies" class="Tests_Admin_Includes_Post" file="/Users/msaari/wordpress-develop/tests/phpunit/tests/admin/includesPost.php" line="147" assertions="2" time="0.039183"/>
      <testcase name="test_edit_post_should_not_create_terms_for_an_empty_tag_input_field" class="Tests_Admin_Includes_Post" file="/Users/msaari/wordpress-develop/tests/phpunit/tests/admin/includesPost.php" line="187" assertions="1" time="0.024707"/>
      <testcase name="test_bulk_edit_posts_stomping" class="Tests_Admin_Includes_Post" file="/Users/msaari/wordpress-develop/tests/phpunit/tests/admin/includesPost.php" line="216" assertions="4" time="0.049148"/>
      <testcase name="test_bulk_edit_posts_should_set_post_format_before_wp_update_post_runs" class="Tests_Admin_Includes_Post" file="/Users/msaari/wordpress-develop/tests/phpunit/tests/admin/includesPost.php" line="260" assertions="1" time="0.026054"/>
      <testcase name="test_user_cant_delete_protected_meta" class="Tests_Admin_Includes_Post" file="/Users/msaari/wordpress-develop/tests/phpunit/tests/admin/includesPost.php" line="285" assertions="1" time="0.020753"/>
      <testcase name="test_get_sample_permalink_should_return_pretty_permalink_for_posts_with_post_status_future" class="Tests_Admin_Includes_Post" file="/Users/msaari/wordpress-develop/tests/phpunit/tests/admin/includesPost.php" line="319" assertions="1" time="0.013489"/>
      <testcase name="test_get_sample_permalink_html_should_use_default_permalink_for_view_post_link_when_pretty_permalinks_are_disabled" class="Tests_Admin_Includes_Post" file="/Users/msaari/wordpress-develop/tests/phpunit/tests/admin/includesPost.php" line="342" assertions="2" time="0.012809"/>
      <testcase name="test_get_sample_permalink_html_should_use_pretty_permalink_for_view_post_link_when_pretty_permalinks_are_enabled" class="Tests_Admin_Includes_Post" file="/Users/msaari/wordpress-develop/tests/phpunit/tests/admin/includesPost.php" line="363" assertions="2" time="0.015335"/>
      <testcase name="test_get_sample_permalink_html_should_use_pretty_permalink_for_view_attachment_link_when_pretty_permalinks_are_enabled" class="Tests_Admin_Includes_Post" file="/Users/msaari/wordpress-develop/tests/phpunit/tests/admin/includesPost.php" line="386" assertions="2" time="0.008300"/>
      <testcase name="test_get_sample_permalink_html_should_use_correct_permalink_for_view_post_link_when_changing_slug" class="Tests_Admin_Includes_Post" file="/Users/msaari/wordpress-develop/tests/phpunit/tests/admin/includesPost.php" line="412" assertions="6" time="0.036888"/>
      <testcase name="test_get_sample_permalink_html_should_use_preview_links_for_draft_and_pending_posts_with_no_post_name" class="Tests_Admin_Includes_Post" file="/Users/msaari/wordpress-develop/tests/phpunit/tests/admin/includesPost.php" line="470" assertions="1" time="0.012523"/>
      <testcase name="test_get_sample_permalink_should_avoid_slugs_that_would_create_clashes_with_year_archives" class="Tests_Admin_Includes_Post" file="/Users/msaari/wordpress-develop/tests/phpunit/tests/admin/includesPost.php" line="492" assertions="1" time="0.013927"/>
      <testcase name="test_get_sample_permalink_should_allow_yearlike_slugs_if_permastruct_does_not_cause_an_archive_conflict" class="Tests_Admin_Includes_Post" file="/Users/msaari/wordpress-develop/tests/phpunit/tests/admin/includesPost.php" line="508" assertions="1" time="0.014300"/>
      <testcase name="test_get_sample_permalink_should_avoid_slugs_that_would_create_clashes_with_month_archives" class="Tests_Admin_Includes_Post" file="/Users/msaari/wordpress-develop/tests/phpunit/tests/admin/includesPost.php" line="524" assertions="1" time="0.014522"/>
      <testcase name="test_get_sample_permalink_should_ignore_potential_month_conflicts_for_invalid_monthnum" class="Tests_Admin_Includes_Post" file="/Users/msaari/wordpress-develop/tests/phpunit/tests/admin/includesPost.php" line="540" assertions="1" time="0.014631"/>
      <testcase name="test_get_sample_permalink_should_avoid_slugs_that_would_create_clashes_with_day_archives" class="Tests_Admin_Includes_Post" file="/Users/msaari/wordpress-develop/tests/phpunit/tests/admin/includesPost.php" line="556" assertions="1" time="0.014329"/>
      <testcase name="test_get_sample_permalink_should_iterate_slug_suffix_when_a_date_conflict_is_found" class="Tests_Admin_Includes_Post" file="/Users/msaari/wordpress-develop/tests/phpunit/tests/admin/includesPost.php" line="572" assertions="1" time="0.023312"/>
      <testcase name="test_get_sample_permalink_should_ignore_potential_day_conflicts_for_invalid_day" class="Tests_Admin_Includes_Post" file="/Users/msaari/wordpress-develop/tests/phpunit/tests/admin/includesPost.php" line="594" assertions="1" time="0.014254"/>
      <testcase name="test_get_sample_permalink_should_allow_daylike_slugs_if_permastruct_does_not_cause_an_archive_conflict" class="Tests_Admin_Includes_Post" file="/Users/msaari/wordpress-develop/tests/phpunit/tests/admin/includesPost.php" line="610" assertions="1" time="0.014323"/>
      <testcase name="test_get_sample_permalink_should_respect_hierarchy_of_draft_pages" class="Tests_Admin_Includes_Post" file="/Users/msaari/wordpress-develop/tests/phpunit/tests/admin/includesPost.php" line="626" assertions="2" time="0.009271"/>
      <testcase name="test_post_exists_should_match_title" class="Tests_Admin_Includes_Post" file="/Users/msaari/wordpress-develop/tests/phpunit/tests/admin/includesPost.php" line="650" assertions="1" time="0.010631"/>
      <testcase name="test_post_exists_should_not_match_nonexistent_title" class="Tests_Admin_Includes_Post" file="/Users/msaari/wordpress-develop/tests/phpunit/tests/admin/includesPost.php" line="660" assertions="1" time="0.011249"/>
      <testcase name="test_post_exists_should_match_nonempty_content" class="Tests_Admin_Includes_Post" file="/Users/msaari/wordpress-develop/tests/phpunit/tests/admin/includesPost.php" line="670" assertions="1" time="0.011721"/>
      <testcase name="test_post_exists_should_match_content_with_no_title" class="Tests_Admin_Includes_Post" file="/Users/msaari/wordpress-develop/tests/phpunit/tests/admin/includesPost.php" line="686" assertions="1" time="0.011830"/>
      <testcase name="test_post_exists_should_not_match_when_nonempty_content_doesnt_match" class="Tests_Admin_Includes_Post" file="/Users/msaari/wordpress-develop/tests/phpunit/tests/admin/includesPost.php" line="699" assertions="1" time="0.011937"/>
      <testcase name="test_post_exists_should_match_nonempty_date" class="Tests_Admin_Includes_Post" file="/Users/msaari/wordpress-develop/tests/phpunit/tests/admin/includesPost.php" line="712" assertions="1" time="0.011129"/>
      <testcase name="test_post_exists_should_not_match_when_nonempty_date_doesnt_match" class="Tests_Admin_Includes_Post" file="/Users/msaari/wordpress-develop/tests/phpunit/tests/admin/includesPost.php" line="725" assertions="1" time="0.010781"/>
      <testcase name="test_post_exists_should_match_nonempty_title_content_and_date" class="Tests_Admin_Includes_Post" file="/Users/msaari/wordpress-develop/tests/phpunit/tests/admin/includesPost.php" line="738" assertions="1" time="0.012402"/>
    </testsuite>
    <testsuite name="Tests_Admin_Includes_Schema" file="/Users/msaari/wordpress-develop/tests/phpunit/tests/admin/includesSchema.php" tests="8" assertions="8" failures="0" errors="0" time="0.149899">
      <testsuite name="Tests_Admin_Includes_Schema::test_populate_options" tests="5" assertions="5" failures="0" errors="0" time="0.124619">
        <testcase name="test_populate_options with data set #0" assertions="1" time="0.023822"/>
        <testcase name="test_populate_options with data set #1" assertions="1" time="0.026606"/>
        <testcase name="test_populate_options with data set #2" assertions="1" time="0.023821"/>
        <testcase name="test_populate_options with data set #3" assertions="1" time="0.026077"/>
        <testcase name="test_populate_options with data set #4" assertions="1" time="0.024293"/>
      </testsuite>
      <testsuite name="Tests_Admin_Includes_Schema::test_populate_network_meta" tests="3" assertions="3" failures="0" errors="0" time="0.025280">
        <testcase name="test_populate_network_meta with data set #0" assertions="1" time="0.008947"/>
        <testcase name="test_populate_network_meta with data set #1" assertions="1" time="0.008864"/>
        <testcase name="test_populate_network_meta with data set #2" assertions="1" time="0.007469"/>
      </testsuite>
    </testsuite>
    <testsuite name="Tests_Admin_includesScreen" file="/Users/msaari/wordpress-develop/tests/phpunit/tests/admin/includesScreen.php" tests="10" assertions="319" failures="0" errors="0" time="0.002933">
      <testcase name="test_set_current_screen_with_hook_suffix" class="Tests_Admin_includesScreen" file="/Users/msaari/wordpress-develop/tests/phpunit/tests/admin/includesScreen.php" line="137" assertions="254" time="0.000611"/>
      <testcase name="test_post_type_as_hookname" class="Tests_Admin_includesScreen" file="/Users/msaari/wordpress-develop/tests/phpunit/tests/admin/includesScreen.php" line="192" assertions="3" time="0.000211"/>
      <testcase name="test_post_type_with_special_suffix_as_hookname" class="Tests_Admin_includesScreen" file="/Users/msaari/wordpress-develop/tests/phpunit/tests/admin/includesScreen.php" line="199" assertions="6" time="0.000591"/>
      <testcase name="test_taxonomy_with_special_suffix_as_hookname" class="Tests_Admin_includesScreen" file="/Users/msaari/wordpress-develop/tests/phpunit/tests/admin/includesScreen.php" line="212" assertions="3" time="0.000255"/>
      <testcase name="test_post_type_with_edit_prefix" class="Tests_Admin_includesScreen" file="/Users/msaari/wordpress-develop/tests/phpunit/tests/admin/includesScreen.php" line="220" assertions="6" time="0.000236"/>
      <testcase name="test_post_type_edit_collisions" class="Tests_Admin_includesScreen" file="/Users/msaari/wordpress-develop/tests/phpunit/tests/admin/includesScreen.php" line="233" assertions="4" time="0.000257"/>
      <testcase name="test_help_tabs" class="Tests_Admin_includesScreen" file="/Users/msaari/wordpress-develop/tests/phpunit/tests/admin/includesScreen.php" line="253" assertions="4" time="0.000228"/>
      <testcase name="test_help_tabs_priority" class="Tests_Admin_includesScreen" file="/Users/msaari/wordpress-develop/tests/phpunit/tests/admin/includesScreen.php" line="288" assertions="19" time="0.000195"/>
      <testcase name="test_options" class="Tests_Admin_includesScreen" file="/Users/msaari/wordpress-develop/tests/phpunit/tests/admin/includesScreen.php" line="383" assertions="4" time="0.000166"/>
      <testcase name="test_in_admin" class="Tests_Admin_includesScreen" file="/Users/msaari/wordpress-develop/tests/phpunit/tests/admin/includesScreen.php" line="406" assertions="16" time="0.000183"/>
    </testsuite>
    <testsuite name="Tests_Admin_includesTemplate" file="/Users/msaari/wordpress-develop/tests/phpunit/tests/admin/includesTemplate.php" tests="6" assertions="37" failures="0" errors="0" time="0.010364">
      <testcase name="test_equal" class="Tests_Admin_includesTemplate" file="/Users/msaari/wordpress-develop/tests/phpunit/tests/admin/includesTemplate.php" line="6" assertions="20" time="0.001440"/>
      <testcase name="test_notequal" class="Tests_Admin_includesTemplate" file="/Users/msaari/wordpress-develop/tests/phpunit/tests/admin/includesTemplate.php" line="38" assertions="6" time="0.001541"/>
      <testcase name="test_add_meta_box" class="Tests_Admin_includesTemplate" file="/Users/msaari/wordpress-develop/tests/phpunit/tests/admin/includesTemplate.php" line="49" assertions="1" time="0.001837"/>
      <testcase name="test_remove_meta_box" class="Tests_Admin_includesTemplate" file="/Users/msaari/wordpress-develop/tests/phpunit/tests/admin/includesTemplate.php" line="57" assertions="2" time="0.001880"/>
      <testcase name="test_add_meta_box_on_multiple_screens" class="Tests_Admin_includesTemplate" file="/Users/msaari/wordpress-develop/tests/phpunit/tests/admin/includesTemplate.php" line="76" assertions="3" time="0.001880"/>
      <testcase name="test_remove_meta_box_from_multiple_screens" class="Tests_Admin_includesTemplate" file="/Users/msaari/wordpress-develop/tests/phpunit/tests/admin/includesTemplate.php" line="90" assertions="5" time="0.001786"/>
    </testsuite>
    <testsuite name="Tests_Admin_includesTheme" file="/Users/msaari/wordpress-develop/tests/phpunit/tests/admin/includesTheme.php" tests="5" assertions="21" failures="0" errors="0" time="0.060925">
      <testcase name="test_page_templates" class="Tests_Admin_includesTheme" file="/Users/msaari/wordpress-develop/tests/phpunit/tests/admin/includesTheme.php" line="45" assertions="5" time="0.014062"/>
      <testcase name="test_page_templates_different_post_types" class="Tests_Admin_includesTheme" file="/Users/msaari/wordpress-develop/tests/phpunit/tests/admin/includesTheme.php" line="78" assertions="4" time="0.011186"/>
      <testcase name="test_page_templates_for_post_types_with_trailing_periods" class="Tests_Admin_includesTheme" file="/Users/msaari/wordpress-develop/tests/phpunit/tests/admin/includesTheme.php" line="104" assertions="3" time="0.011707"/>
      <testcase name="test_page_templates_child_theme" class="Tests_Admin_includesTheme" file="/Users/msaari/wordpress-develop/tests/phpunit/tests/admin/includesTheme.php" line="136" assertions="5" time="0.012421"/>
      <testcase name="test_get_post_templates_child_theme" class="Tests_Admin_includesTheme" file="/Users/msaari/wordpress-develop/tests/phpunit/tests/admin/includesTheme.php" line="175" assertions="4" time="0.011549"/>
    </testsuite>
    <testsuite name="Tests_Admin_IncludesUpdateCore" file="/Users/msaari/wordpress-develop/tests/phpunit/tests/admin/includesUpdateCore.php" tests="717" assertions="717" failures="0" errors="0" time="1.239810">
      <testsuite name="Tests_Admin_IncludesUpdateCore::test_new_files_are_not_in_old_files_array_compiled" tests="717" assertions="717" failures="0" errors="0" time="1.239810">
        <testcase name="test_new_files_are_not_in_old_files_array_compiled with data set #0" assertions="1" time="0.001992"/>
        <testcase name="test_new_files_are_not_in_old_files_array_compiled with data set #1" assertions="1" time="0.001725"/>
        <testcase name="test_new_files_are_not_in_old_files_array_compiled with data set #2" assertions="1" time="0.001570"/>
        <testcase name="test_new_files_are_not_in_old_files_array_compiled with data set #3" assertions="1" time="0.001701"/>
        <testcase name="test_new_files_are_not_in_old_files_array_compiled with data set #4" assertions="1" time="0.001753"/>
        <testcase name="test_new_files_are_not_in_old_files_array_compiled with data set #5" assertions="1" time="0.002198"/>
        <testcase name="test_new_files_are_not_in_old_files_array_compiled with data set #6" assertions="1" time="0.001969"/>
        <testcase name="test_new_files_are_not_in_old_files_array_compiled with data set #7" assertions="1" time="0.001706"/>
        <testcase name="test_new_files_are_not_in_old_files_array_compiled with data set #8" assertions="1" time="0.001591"/>
        <testcase name="test_new_files_are_not_in_old_files_array_compiled with data set #9" assertions="1" time="0.001594"/>
        <testcase name="test_new_files_are_not_in_old_files_array_compiled with data set #10" assertions="1" time="0.001647"/>
        <testcase name="test_new_files_are_not_in_old_files_array_compiled with data set #11" assertions="1" time="0.001553"/>
        <testcase name="test_new_files_are_not_in_old_files_array_compiled with data set #12" assertions="1" time="0.001518"/>
        <testcase name="test_new_files_are_not_in_old_files_array_compiled with data set #13" assertions="1" time="0.001635"/>
        <testcase name="test_new_files_are_not_in_old_files_array_compiled with data set #14" assertions="1" time="0.001830"/>
        <testcase name="test_new_files_are_not_in_old_files_array_compiled with data set #15" assertions="1" time="0.002002"/>
        <testcase name="test_new_files_are_not_in_old_files_array_compiled with data set #16" assertions="1" time="0.001759"/>
        <testcase name="test_new_files_are_not_in_old_files_array_compiled with data set #17" assertions="1" time="0.001712"/>
        <testcase name="test_new_files_are_not_in_old_files_array_compiled with data set #18" assertions="1" time="0.001639"/>
        <testcase name="test_new_files_are_not_in_old_files_array_compiled with data set #19" assertions="1" time="0.001535"/>
        <testcase name="test_new_files_are_not_in_old_files_array_compiled with data set #20" assertions="1" time="0.001505"/>
        <testcase name="test_new_files_are_not_in_old_files_array_compiled with data set #21" assertions="1" time="0.001562"/>
        <testcase name="test_new_files_are_not_in_old_files_array_compiled with data set #22" assertions="1" time="0.001588"/>
        <testcase name="test_new_files_are_not_in_old_files_array_compiled with data set #23" assertions="1" time="0.001713"/>
        <testcase name="test_new_files_are_not_in_old_files_array_compiled with data set #24" assertions="1" time="0.001944"/>
        <testcase name="test_new_files_are_not_in_old_files_array_compiled with data set #25" assertions="1" time="0.001898"/>
        <testcase name="test_new_files_are_not_in_old_files_array_compiled with data set #26" assertions="1" time="0.001575"/>
        <testcase name="test_new_files_are_not_in_old_files_array_compiled with data set #27" assertions="1" time="0.001514"/>
        <testcase name="test_new_files_are_not_in_old_files_array_compiled with data set #28" assertions="1" time="0.001612"/>
        <testcase name="test_new_files_are_not_in_old_files_array_compiled with data set #29" assertions="1" time="0.001693"/>
        <testcase name="test_new_files_are_not_in_old_files_array_compiled with data set #30" assertions="1" time="0.001542"/>
        <testcase name="test_new_files_are_not_in_old_files_array_compiled with data set #31" assertions="1" time="0.001516"/>
        <testcase name="test_new_files_are_not_in_old_files_array_compiled with data set #32" assertions="1" time="0.001663"/>
        <testcase name="test_new_files_are_not_in_old_files_array_compiled with data set #33" assertions="1" time="0.001829"/>
        <testcase name="test_new_files_are_not_in_old_files_array_compiled with data set #34" assertions="1" time="0.001887"/>
        <testcase name="test_new_files_are_not_in_old_files_array_compiled with data set #35" assertions="1" time="0.001800"/>
        <testcase name="test_new_files_are_not_in_old_files_array_compiled with data set #36" assertions="1" time="0.001746"/>
        <testcase name="test_new_files_are_not_in_old_files_array_compiled with data set #37" assertions="1" time="0.001590"/>
        <testcase name="test_new_files_are_not_in_old_files_array_compiled with data set #38" assertions="1" time="0.001538"/>
        <testcase name="test_new_files_are_not_in_old_files_array_compiled with data set #39" assertions="1" time="0.001672"/>
        <testcase name="test_new_files_are_not_in_old_files_array_compiled with data set #40" assertions="1" time="0.001743"/>
        <testcase name="test_new_files_are_not_in_old_files_array_compiled with data set #41" assertions="1" time="0.001816"/>
        <testcase name="test_new_files_are_not_in_old_files_array_compiled with data set #42" assertions="1" time="0.001879"/>
        <testcase name="test_new_files_are_not_in_old_files_array_compiled with data set #43" assertions="1" time="0.002664"/>
        <testcase name="test_new_files_are_not_in_old_files_array_compiled with data set #44" assertions="1" time="0.002000"/>
        <testcase name="test_new_files_are_not_in_old_files_array_compiled with data set #45" assertions="1" time="0.001888"/>
        <testcase name="test_new_files_are_not_in_old_files_array_compiled with data set #46" assertions="1" time="0.001903"/>
        <testcase name="test_new_files_are_not_in_old_files_array_compiled with data set #47" assertions="1" time="0.001833"/>
        <testcase name="test_new_files_are_not_in_old_files_array_compiled with data set #48" assertions="1" time="0.001811"/>
        <testcase name="test_new_files_are_not_in_old_files_array_compiled with data set #49" assertions="1" time="0.001951"/>
        <testcase name="test_new_files_are_not_in_old_files_array_compiled with data set #50" assertions="1" time="0.001902"/>
        <testcase name="test_new_files_are_not_in_old_files_array_compiled with data set #51" assertions="1" time="0.002809"/>
        <testcase name="test_new_files_are_not_in_old_files_array_compiled with data set #52" assertions="1" time="0.001968"/>
        <testcase name="test_new_files_are_not_in_old_files_array_compiled with data set #53" assertions="1" time="0.001634"/>
        <testcase name="test_new_files_are_not_in_old_files_array_compiled with data set #54" assertions="1" time="0.001560"/>
        <testcase name="test_new_files_are_not_in_old_files_array_compiled with data set #55" assertions="1" time="0.001580"/>
        <testcase name="test_new_files_are_not_in_old_files_array_compiled with data set #56" assertions="1" time="0.001499"/>
        <testcase name="test_new_files_are_not_in_old_files_array_compiled with data set #57" assertions="1" time="0.001538"/>
        <testcase name="test_new_files_are_not_in_old_files_array_compiled with data set #58" assertions="1" time="0.001593"/>
        <testcase name="test_new_files_are_not_in_old_files_array_compiled with data set #59" assertions="1" time="0.001583"/>
        <testcase name="test_new_files_are_not_in_old_files_array_compiled with data set #60" assertions="1" time="0.001875"/>
        <testcase name="test_new_files_are_not_in_old_files_array_compiled with data set #61" assertions="1" time="0.002046"/>
        <testcase name="test_new_files_are_not_in_old_files_array_compiled with data set #62" assertions="1" time="0.001740"/>
        <testcase name="test_new_files_are_not_in_old_files_array_compiled with data set #63" assertions="1" time="0.001556"/>
        <testcase name="test_new_files_are_not_in_old_files_array_compiled with data set #64" assertions="1" time="0.001727"/>
        <testcase name="test_new_files_are_not_in_old_files_array_compiled with data set #65" assertions="1" time="0.001621"/>
        <testcase name="test_new_files_are_not_in_old_files_array_compiled with data set #66" assertions="1" time="0.001561"/>
        <testcase name="test_new_files_are_not_in_old_files_array_compiled with data set #67" assertions="1" time="0.001522"/>
        <testcase name="test_new_files_are_not_in_old_files_array_compiled with data set #68" assertions="1" time="0.001518"/>
        <testcase name="test_new_files_are_not_in_old_files_array_compiled with data set #69" assertions="1" time="0.001606"/>
        <testcase name="test_new_files_are_not_in_old_files_array_compiled with data set #70" assertions="1" time="0.002002"/>
        <testcase name="test_new_files_are_not_in_old_files_array_compiled with data set #71" assertions="1" time="0.002013"/>
        <testcase name="test_new_files_are_not_in_old_files_array_compiled with data set #72" assertions="1" time="0.001809"/>
        <testcase name="test_new_files_are_not_in_old_files_array_compiled with data set #73" assertions="1" time="0.001716"/>
        <testcase name="test_new_files_are_not_in_old_files_array_compiled with data set #74" assertions="1" time="0.001680"/>
        <testcase name="test_new_files_are_not_in_old_files_array_compiled with data set #75" assertions="1" time="0.001569"/>
        <testcase name="test_new_files_are_not_in_old_files_array_compiled with data set #76" assertions="1" time="0.001630"/>
        <testcase name="test_new_files_are_not_in_old_files_array_compiled with data set #77" assertions="1" time="0.001594"/>
        <testcase name="test_new_files_are_not_in_old_files_array_compiled with data set #78" assertions="1" time="0.001628"/>
        <testcase name="test_new_files_are_not_in_old_files_array_compiled with data set #79" assertions="1" time="0.001904"/>
        <testcase name="test_new_files_are_not_in_old_files_array_compiled with data set #80" assertions="1" time="0.002133"/>
        <testcase name="test_new_files_are_not_in_old_files_array_compiled with data set #81" assertions="1" time="0.002023"/>
        <testcase name="test_new_files_are_not_in_old_files_array_compiled with data set #82" assertions="1" time="0.001719"/>
        <testcase name="test_new_files_are_not_in_old_files_array_compiled with data set #83" assertions="1" time="0.001658"/>
        <testcase name="test_new_files_are_not_in_old_files_array_compiled with data set #84" assertions="1" time="0.001638"/>
        <testcase name="test_new_files_are_not_in_old_files_array_compiled with data set #85" assertions="1" time="0.001619"/>
        <testcase name="test_new_files_are_not_in_old_files_array_compiled with data set #86" assertions="1" time="0.001769"/>
        <testcase name="test_new_files_are_not_in_old_files_array_compiled with data set #87" assertions="1" time="0.001629"/>
        <testcase name="test_new_files_are_not_in_old_files_array_compiled with data set #88" assertions="1" time="0.002052"/>
        <testcase name="test_new_files_are_not_in_old_files_array_compiled with data set #89" assertions="1" time="0.002091"/>
        <testcase name="test_new_files_are_not_in_old_files_array_compiled with data set #90" assertions="1" time="0.001842"/>
        <testcase name="test_new_files_are_not_in_old_files_array_compiled with data set #91" assertions="1" time="0.001615"/>
        <testcase name="test_new_files_are_not_in_old_files_array_compiled with data set #92" assertions="1" time="0.001889"/>
        <testcase name="test_new_files_are_not_in_old_files_array_compiled with data set #93" assertions="1" time="0.001644"/>
        <testcase name="test_new_files_are_not_in_old_files_array_compiled with data set #94" assertions="1" time="0.001610"/>
        <testcase name="test_new_files_are_not_in_old_files_array_compiled with data set #95" assertions="1" time="0.001579"/>
        <testcase name="test_new_files_are_not_in_old_files_array_compiled with data set #96" assertions="1" time="0.001727"/>
        <testcase name="test_new_files_are_not_in_old_files_array_compiled with data set #97" assertions="1" time="0.001843"/>
        <testcase name="test_new_files_are_not_in_old_files_array_compiled with data set #98" assertions="1" time="0.002079"/>
        <testcase name="test_new_files_are_not_in_old_files_array_compiled with data set #99" assertions="1" time="0.001829"/>
        <testcase name="test_new_files_are_not_in_old_files_array_compiled with data set #100" assertions="1" time="0.001749"/>
        <testcase name="test_new_files_are_not_in_old_files_array_compiled with data set #101" assertions="1" time="0.001833"/>
        <testcase name="test_new_files_are_not_in_old_files_array_compiled with data set #102" assertions="1" time="0.001704"/>
        <testcase name="test_new_files_are_not_in_old_files_array_compiled with data set #103" assertions="1" time="0.001632"/>
        <testcase name="test_new_files_are_not_in_old_files_array_compiled with data set #104" assertions="1" time="0.001575"/>
        <testcase name="test_new_files_are_not_in_old_files_array_compiled with data set #105" assertions="1" time="0.001719"/>
        <testcase name="test_new_files_are_not_in_old_files_array_compiled with data set #106" assertions="1" time="0.001879"/>
        <testcase name="test_new_files_are_not_in_old_files_array_compiled with data set #107" assertions="1" time="0.002124"/>
        <testcase name="test_new_files_are_not_in_old_files_array_compiled with data set #108" assertions="1" time="0.001880"/>
        <testcase name="test_new_files_are_not_in_old_files_array_compiled with data set #109" assertions="1" time="0.001662"/>
        <testcase name="test_new_files_are_not_in_old_files_array_compiled with data set #110" assertions="1" time="0.001802"/>
        <testcase name="test_new_files_are_not_in_old_files_array_compiled with data set #111" assertions="1" time="0.001642"/>
        <testcase name="test_new_files_are_not_in_old_files_array_compiled with data set #112" assertions="1" time="0.001683"/>
        <testcase name="test_new_files_are_not_in_old_files_array_compiled with data set #113" assertions="1" time="0.001651"/>
        <testcase name="test_new_files_are_not_in_old_files_array_compiled with data set #114" assertions="1" time="0.001637"/>
        <testcase name="test_new_files_are_not_in_old_files_array_compiled with data set #115" assertions="1" time="0.002103"/>
        <testcase name="test_new_files_are_not_in_old_files_array_compiled with data set #116" assertions="1" time="0.002049"/>
        <testcase name="test_new_files_are_not_in_old_files_array_compiled with data set #117" assertions="1" time="0.001888"/>
        <testcase name="test_new_files_are_not_in_old_files_array_compiled with data set #118" assertions="1" time="0.001678"/>
        <testcase name="test_new_files_are_not_in_old_files_array_compiled with data set #119" assertions="1" time="0.001556"/>
        <testcase name="test_new_files_are_not_in_old_files_array_compiled with data set #120" assertions="1" time="0.001507"/>
        <testcase name="test_new_files_are_not_in_old_files_array_compiled with data set #121" assertions="1" time="0.001578"/>
        <testcase name="test_new_files_are_not_in_old_files_array_compiled with data set #122" assertions="1" time="0.001520"/>
        <testcase name="test_new_files_are_not_in_old_files_array_compiled with data set #123" assertions="1" time="0.001463"/>
        <testcase name="test_new_files_are_not_in_old_files_array_compiled with data set #124" assertions="1" time="0.001595"/>
        <testcase name="test_new_files_are_not_in_old_files_array_compiled with data set #125" assertions="1" time="0.002475"/>
        <testcase name="test_new_files_are_not_in_old_files_array_compiled with data set #126" assertions="1" time="0.001962"/>
        <testcase name="test_new_files_are_not_in_old_files_array_compiled with data set #127" assertions="1" time="0.001739"/>
        <testcase name="test_new_files_are_not_in_old_files_array_compiled with data set #128" assertions="1" time="0.001638"/>
        <testcase name="test_new_files_are_not_in_old_files_array_compiled with data set #129" assertions="1" time="0.001525"/>
        <testcase name="test_new_files_are_not_in_old_files_array_compiled with data set #130" assertions="1" time="0.001636"/>
        <testcase name="test_new_files_are_not_in_old_files_array_compiled with data set #131" assertions="1" time="0.001582"/>
        <testcase name="test_new_files_are_not_in_old_files_array_compiled with data set #132" assertions="1" time="0.001510"/>
        <testcase name="test_new_files_are_not_in_old_files_array_compiled with data set #133" assertions="1" time="0.001532"/>
        <testcase name="test_new_files_are_not_in_old_files_array_compiled with data set #134" assertions="1" time="0.001671"/>
        <testcase name="test_new_files_are_not_in_old_files_array_compiled with data set #135" assertions="1" time="0.001972"/>
        <testcase name="test_new_files_are_not_in_old_files_array_compiled with data set #136" assertions="1" time="0.001768"/>
        <testcase name="test_new_files_are_not_in_old_files_array_compiled with data set #137" assertions="1" time="0.001941"/>
        <testcase name="test_new_files_are_not_in_old_files_array_compiled with data set #138" assertions="1" time="0.001835"/>
        <testcase name="test_new_files_are_not_in_old_files_array_compiled with data set #139" assertions="1" time="0.001720"/>
        <testcase name="test_new_files_are_not_in_old_files_array_compiled with data set #140" assertions="1" time="0.001667"/>
        <testcase name="test_new_files_are_not_in_old_files_array_compiled with data set #141" assertions="1" time="0.001568"/>
        <testcase name="test_new_files_are_not_in_old_files_array_compiled with data set #142" assertions="1" time="0.001550"/>
        <testcase name="test_new_files_are_not_in_old_files_array_compiled with data set #143" assertions="1" time="0.001773"/>
        <testcase name="test_new_files_are_not_in_old_files_array_compiled with data set #144" assertions="1" time="0.002326"/>
        <testcase name="test_new_files_are_not_in_old_files_array_compiled with data set #145" assertions="1" time="0.001836"/>
        <testcase name="test_new_files_are_not_in_old_files_array_compiled with data set #146" assertions="1" time="0.001751"/>
        <testcase name="test_new_files_are_not_in_old_files_array_compiled with data set #147" assertions="1" time="0.001830"/>
        <testcase name="test_new_files_are_not_in_old_files_array_compiled with data set #148" assertions="1" time="0.001637"/>
        <testcase name="test_new_files_are_not_in_old_files_array_compiled with data set #149" assertions="1" time="0.001675"/>
        <testcase name="test_new_files_are_not_in_old_files_array_compiled with data set #150" assertions="1" time="0.001632"/>
        <testcase name="test_new_files_are_not_in_old_files_array_compiled with data set #151" assertions="1" time="0.001555"/>
        <testcase name="test_new_files_are_not_in_old_files_array_compiled with data set #152" assertions="1" time="0.001697"/>
        <testcase name="test_new_files_are_not_in_old_files_array_compiled with data set #153" assertions="1" time="0.002215"/>
        <testcase name="test_new_files_are_not_in_old_files_array_compiled with data set #154" assertions="1" time="0.001740"/>
        <testcase name="test_new_files_are_not_in_old_files_array_compiled with data set #155" assertions="1" time="0.001680"/>
        <testcase name="test_new_files_are_not_in_old_files_array_compiled with data set #156" assertions="1" time="0.001745"/>
        <testcase name="test_new_files_are_not_in_old_files_array_compiled with data set #157" assertions="1" time="0.001627"/>
        <testcase name="test_new_files_are_not_in_old_files_array_compiled with data set #158" assertions="1" time="0.001765"/>
        <testcase name="test_new_files_are_not_in_old_files_array_compiled with data set #159" assertions="1" time="0.001581"/>
        <testcase name="test_new_files_are_not_in_old_files_array_compiled with data set #160" assertions="1" time="0.001590"/>
        <testcase name="test_new_files_are_not_in_old_files_array_compiled with data set #161" assertions="1" time="0.001809"/>
        <testcase name="test_new_files_are_not_in_old_files_array_compiled with data set #162" assertions="1" time="0.002283"/>
        <testcase name="test_new_files_are_not_in_old_files_array_compiled with data set #163" assertions="1" time="0.001823"/>
        <testcase name="test_new_files_are_not_in_old_files_array_compiled with data set #164" assertions="1" time="0.001638"/>
        <testcase name="test_new_files_are_not_in_old_files_array_compiled with data set #165" assertions="1" time="0.001772"/>
        <testcase name="test_new_files_are_not_in_old_files_array_compiled with data set #166" assertions="1" time="0.001710"/>
        <testcase name="test_new_files_are_not_in_old_files_array_compiled with data set #167" assertions="1" time="0.001613"/>
        <testcase name="test_new_files_are_not_in_old_files_array_compiled with data set #168" assertions="1" time="0.001591"/>
        <testcase name="test_new_files_are_not_in_old_files_array_compiled with data set #169" assertions="1" time="0.001761"/>
        <testcase name="test_new_files_are_not_in_old_files_array_compiled with data set #170" assertions="1" time="0.001725"/>
        <testcase name="test_new_files_are_not_in_old_files_array_compiled with data set #171" assertions="1" time="0.001945"/>
        <testcase name="test_new_files_are_not_in_old_files_array_compiled with data set #172" assertions="1" time="0.002102"/>
        <testcase name="test_new_files_are_not_in_old_files_array_compiled with data set #173" assertions="1" time="0.001707"/>
        <testcase name="test_new_files_are_not_in_old_files_array_compiled with data set #174" assertions="1" time="0.001637"/>
        <testcase name="test_new_files_are_not_in_old_files_array_compiled with data set #175" assertions="1" time="0.001804"/>
        <testcase name="test_new_files_are_not_in_old_files_array_compiled with data set #176" assertions="1" time="0.001703"/>
        <testcase name="test_new_files_are_not_in_old_files_array_compiled with data set #177" assertions="1" time="0.001612"/>
        <testcase name="test_new_files_are_not_in_old_files_array_compiled with data set #178" assertions="1" time="0.001726"/>
        <testcase name="test_new_files_are_not_in_old_files_array_compiled with data set #179" assertions="1" time="0.001841"/>
        <testcase name="test_new_files_are_not_in_old_files_array_compiled with data set #180" assertions="1" time="0.002679"/>
        <testcase name="test_new_files_are_not_in_old_files_array_compiled with data set #181" assertions="1" time="0.002584"/>
        <testcase name="test_new_files_are_not_in_old_files_array_compiled with data set #182" assertions="1" time="0.002209"/>
        <testcase name="test_new_files_are_not_in_old_files_array_compiled with data set #183" assertions="1" time="0.001864"/>
        <testcase name="test_new_files_are_not_in_old_files_array_compiled with data set #184" assertions="1" time="0.001868"/>
        <testcase name="test_new_files_are_not_in_old_files_array_compiled with data set #185" assertions="1" time="0.001967"/>
        <testcase name="test_new_files_are_not_in_old_files_array_compiled with data set #186" assertions="1" time="0.001916"/>
        <testcase name="test_new_files_are_not_in_old_files_array_compiled with data set #187" assertions="1" time="0.001947"/>
        <testcase name="test_new_files_are_not_in_old_files_array_compiled with data set #188" assertions="1" time="0.002461"/>
        <testcase name="test_new_files_are_not_in_old_files_array_compiled with data set #189" assertions="1" time="0.002114"/>
        <testcase name="test_new_files_are_not_in_old_files_array_compiled with data set #190" assertions="1" time="0.001719"/>
        <testcase name="test_new_files_are_not_in_old_files_array_compiled with data set #191" assertions="1" time="0.001849"/>
        <testcase name="test_new_files_are_not_in_old_files_array_compiled with data set #192" assertions="1" time="0.001725"/>
        <testcase name="test_new_files_are_not_in_old_files_array_compiled with data set #193" assertions="1" time="0.001786"/>
        <testcase name="test_new_files_are_not_in_old_files_array_compiled with data set #194" assertions="1" time="0.001797"/>
        <testcase name="test_new_files_are_not_in_old_files_array_compiled with data set #195" assertions="1" time="0.001713"/>
        <testcase name="test_new_files_are_not_in_old_files_array_compiled with data set #196" assertions="1" time="0.001904"/>
        <testcase name="test_new_files_are_not_in_old_files_array_compiled with data set #197" assertions="1" time="0.002196"/>
        <testcase name="test_new_files_are_not_in_old_files_array_compiled with data set #198" assertions="1" time="0.001773"/>
        <testcase name="test_new_files_are_not_in_old_files_array_compiled with data set #199" assertions="1" time="0.001733"/>
        <testcase name="test_new_files_are_not_in_old_files_array_compiled with data set #200" assertions="1" time="0.001868"/>
        <testcase name="test_new_files_are_not_in_old_files_array_compiled with data set #201" assertions="1" time="0.001656"/>
        <testcase name="test_new_files_are_not_in_old_files_array_compiled with data set #202" assertions="1" time="0.001660"/>
        <testcase name="test_new_files_are_not_in_old_files_array_compiled with data set #203" assertions="1" time="0.001621"/>
        <testcase name="test_new_files_are_not_in_old_files_array_compiled with data set #204" assertions="1" time="0.001636"/>
        <testcase name="test_new_files_are_not_in_old_files_array_compiled with data set #205" assertions="1" time="0.002141"/>
        <testcase name="test_new_files_are_not_in_old_files_array_compiled with data set #206" assertions="1" time="0.001906"/>
        <testcase name="test_new_files_are_not_in_old_files_array_compiled with data set #207" assertions="1" time="0.001625"/>
        <testcase name="test_new_files_are_not_in_old_files_array_compiled with data set #208" assertions="1" time="0.001893"/>
        <testcase name="test_new_files_are_not_in_old_files_array_compiled with data set #209" assertions="1" time="0.001739"/>
        <testcase name="test_new_files_are_not_in_old_files_array_compiled with data set #210" assertions="1" time="0.001633"/>
        <testcase name="test_new_files_are_not_in_old_files_array_compiled with data set #211" assertions="1" time="0.001621"/>
        <testcase name="test_new_files_are_not_in_old_files_array_compiled with data set #212" assertions="1" time="0.001607"/>
        <testcase name="test_new_files_are_not_in_old_files_array_compiled with data set #213" assertions="1" time="0.001623"/>
        <testcase name="test_new_files_are_not_in_old_files_array_compiled with data set #214" assertions="1" time="0.001988"/>
        <testcase name="test_new_files_are_not_in_old_files_array_compiled with data set #215" assertions="1" time="0.002021"/>
        <testcase name="test_new_files_are_not_in_old_files_array_compiled with data set #216" assertions="1" time="0.001834"/>
        <testcase name="test_new_files_are_not_in_old_files_array_compiled with data set #217" assertions="1" time="0.001600"/>
        <testcase name="test_new_files_are_not_in_old_files_array_compiled with data set #218" assertions="1" time="0.001712"/>
        <testcase name="test_new_files_are_not_in_old_files_array_compiled with data set #219" assertions="1" time="0.001668"/>
        <testcase name="test_new_files_are_not_in_old_files_array_compiled with data set #220" assertions="1" time="0.001583"/>
        <testcase name="test_new_files_are_not_in_old_files_array_compiled with data set #221" assertions="1" time="0.001610"/>
        <testcase name="test_new_files_are_not_in_old_files_array_compiled with data set #222" assertions="1" time="0.001675"/>
        <testcase name="test_new_files_are_not_in_old_files_array_compiled with data set #223" assertions="1" time="0.001631"/>
        <testcase name="test_new_files_are_not_in_old_files_array_compiled with data set #224" assertions="1" time="0.002450"/>
        <testcase name="test_new_files_are_not_in_old_files_array_compiled with data set #225" assertions="1" time="0.001833"/>
        <testcase name="test_new_files_are_not_in_old_files_array_compiled with data set #226" assertions="1" time="0.002159"/>
        <testcase name="test_new_files_are_not_in_old_files_array_compiled with data set #227" assertions="1" time="0.001918"/>
        <testcase name="test_new_files_are_not_in_old_files_array_compiled with data set #228" assertions="1" time="0.001636"/>
        <testcase name="test_new_files_are_not_in_old_files_array_compiled with data set #229" assertions="1" time="0.001683"/>
        <testcase name="test_new_files_are_not_in_old_files_array_compiled with data set #230" assertions="1" time="0.001728"/>
        <testcase name="test_new_files_are_not_in_old_files_array_compiled with data set #231" assertions="1" time="0.001612"/>
        <testcase name="test_new_files_are_not_in_old_files_array_compiled with data set #232" assertions="1" time="0.001897"/>
        <testcase name="test_new_files_are_not_in_old_files_array_compiled with data set #233" assertions="1" time="0.002140"/>
        <testcase name="test_new_files_are_not_in_old_files_array_compiled with data set #234" assertions="1" time="0.001794"/>
        <testcase name="test_new_files_are_not_in_old_files_array_compiled with data set #235" assertions="1" time="0.001642"/>
        <testcase name="test_new_files_are_not_in_old_files_array_compiled with data set #236" assertions="1" time="0.001807"/>
        <testcase name="test_new_files_are_not_in_old_files_array_compiled with data set #237" assertions="1" time="0.001734"/>
        <testcase name="test_new_files_are_not_in_old_files_array_compiled with data set #238" assertions="1" time="0.001644"/>
        <testcase name="test_new_files_are_not_in_old_files_array_compiled with data set #239" assertions="1" time="0.001562"/>
        <testcase name="test_new_files_are_not_in_old_files_array_compiled with data set #240" assertions="1" time="0.001590"/>
        <testcase name="test_new_files_are_not_in_old_files_array_compiled with data set #241" assertions="1" time="0.001899"/>
        <testcase name="test_new_files_are_not_in_old_files_array_compiled with data set #242" assertions="1" time="0.002208"/>
        <testcase name="test_new_files_are_not_in_old_files_array_compiled with data set #243" assertions="1" time="0.001974"/>
        <testcase name="test_new_files_are_not_in_old_files_array_compiled with data set #244" assertions="1" time="0.001656"/>
        <testcase name="test_new_files_are_not_in_old_files_array_compiled with data set #245" assertions="1" time="0.001631"/>
        <testcase name="test_new_files_are_not_in_old_files_array_compiled with data set #246" assertions="1" time="0.001667"/>
        <testcase name="test_new_files_are_not_in_old_files_array_compiled with data set #247" assertions="1" time="0.001589"/>
        <testcase name="test_new_files_are_not_in_old_files_array_compiled with data set #248" assertions="1" time="0.001577"/>
        <testcase name="test_new_files_are_not_in_old_files_array_compiled with data set #249" assertions="1" time="0.001589"/>
        <testcase name="test_new_files_are_not_in_old_files_array_compiled with data set #250" assertions="1" time="0.001765"/>
        <testcase name="test_new_files_are_not_in_old_files_array_compiled with data set #251" assertions="1" time="0.002225"/>
        <testcase name="test_new_files_are_not_in_old_files_array_compiled with data set #252" assertions="1" time="0.002023"/>
        <testcase name="test_new_files_are_not_in_old_files_array_compiled with data set #253" assertions="1" time="0.001695"/>
        <testcase name="test_new_files_are_not_in_old_files_array_compiled with data set #254" assertions="1" time="0.001580"/>
        <testcase name="test_new_files_are_not_in_old_files_array_compiled with data set #255" assertions="1" time="0.001650"/>
        <testcase name="test_new_files_are_not_in_old_files_array_compiled with data set #256" assertions="1" time="0.001604"/>
        <testcase name="test_new_files_are_not_in_old_files_array_compiled with data set #257" assertions="1" time="0.001529"/>
        <testcase name="test_new_files_are_not_in_old_files_array_compiled with data set #258" assertions="1" time="0.001588"/>
        <testcase name="test_new_files_are_not_in_old_files_array_compiled with data set #259" assertions="1" time="0.001504"/>
        <testcase name="test_new_files_are_not_in_old_files_array_compiled with data set #260" assertions="1" time="0.001859"/>
        <testcase name="test_new_files_are_not_in_old_files_array_compiled with data set #261" assertions="1" time="0.001974"/>
        <testcase name="test_new_files_are_not_in_old_files_array_compiled with data set #262" assertions="1" time="0.001656"/>
        <testcase name="test_new_files_are_not_in_old_files_array_compiled with data set #263" assertions="1" time="0.001768"/>
        <testcase name="test_new_files_are_not_in_old_files_array_compiled with data set #264" assertions="1" time="0.001691"/>
        <testcase name="test_new_files_are_not_in_old_files_array_compiled with data set #265" assertions="1" time="0.001635"/>
        <testcase name="test_new_files_are_not_in_old_files_array_compiled with data set #266" assertions="1" time="0.001545"/>
        <testcase name="test_new_files_are_not_in_old_files_array_compiled with data set #267" assertions="1" time="0.001551"/>
        <testcase name="test_new_files_are_not_in_old_files_array_compiled with data set #268" assertions="1" time="0.001621"/>
        <testcase name="test_new_files_are_not_in_old_files_array_compiled with data set #269" assertions="1" time="0.001726"/>
        <testcase name="test_new_files_are_not_in_old_files_array_compiled with data set #270" assertions="1" time="0.002167"/>
        <testcase name="test_new_files_are_not_in_old_files_array_compiled with data set #271" assertions="1" time="0.001795"/>
        <testcase name="test_new_files_are_not_in_old_files_array_compiled with data set #272" assertions="1" time="0.001672"/>
        <testcase name="test_new_files_are_not_in_old_files_array_compiled with data set #273" assertions="1" time="0.002023"/>
        <testcase name="test_new_files_are_not_in_old_files_array_compiled with data set #274" assertions="1" time="0.001745"/>
        <testcase name="test_new_files_are_not_in_old_files_array_compiled with data set #275" assertions="1" time="0.001644"/>
        <testcase name="test_new_files_are_not_in_old_files_array_compiled with data set #276" assertions="1" time="0.001628"/>
        <testcase name="test_new_files_are_not_in_old_files_array_compiled with data set #277" assertions="1" time="0.001627"/>
        <testcase name="test_new_files_are_not_in_old_files_array_compiled with data set #278" assertions="1" time="0.001709"/>
        <testcase name="test_new_files_are_not_in_old_files_array_compiled with data set #279" assertions="1" time="0.002395"/>
        <testcase name="test_new_files_are_not_in_old_files_array_compiled with data set #280" assertions="1" time="0.001964"/>
        <testcase name="test_new_files_are_not_in_old_files_array_compiled with data set #281" assertions="1" time="0.001649"/>
        <testcase name="test_new_files_are_not_in_old_files_array_compiled with data set #282" assertions="1" time="0.001863"/>
        <testcase name="test_new_files_are_not_in_old_files_array_compiled with data set #283" assertions="1" time="0.001742"/>
        <testcase name="test_new_files_are_not_in_old_files_array_compiled with data set #284" assertions="1" time="0.001609"/>
        <testcase name="test_new_files_are_not_in_old_files_array_compiled with data set #285" assertions="1" time="0.001642"/>
        <testcase name="test_new_files_are_not_in_old_files_array_compiled with data set #286" assertions="1" time="0.001586"/>
        <testcase name="test_new_files_are_not_in_old_files_array_compiled with data set #287" assertions="1" time="0.001727"/>
        <testcase name="test_new_files_are_not_in_old_files_array_compiled with data set #288" assertions="1" time="0.002315"/>
        <testcase name="test_new_files_are_not_in_old_files_array_compiled with data set #289" assertions="1" time="0.001905"/>
        <testcase name="test_new_files_are_not_in_old_files_array_compiled with data set #290" assertions="1" time="0.001744"/>
        <testcase name="test_new_files_are_not_in_old_files_array_compiled with data set #291" assertions="1" time="0.001801"/>
        <testcase name="test_new_files_are_not_in_old_files_array_compiled with data set #292" assertions="1" time="0.001682"/>
        <testcase name="test_new_files_are_not_in_old_files_array_compiled with data set #293" assertions="1" time="0.001575"/>
        <testcase name="test_new_files_are_not_in_old_files_array_compiled with data set #294" assertions="1" time="0.001598"/>
        <testcase name="test_new_files_are_not_in_old_files_array_compiled with data set #295" assertions="1" time="0.001536"/>
        <testcase name="test_new_files_are_not_in_old_files_array_compiled with data set #296" assertions="1" time="0.001639"/>
        <testcase name="test_new_files_are_not_in_old_files_array_compiled with data set #297" assertions="1" time="0.002450"/>
        <testcase name="test_new_files_are_not_in_old_files_array_compiled with data set #298" assertions="1" time="0.001832"/>
        <testcase name="test_new_files_are_not_in_old_files_array_compiled with data set #299" assertions="1" time="0.001713"/>
        <testcase name="test_new_files_are_not_in_old_files_array_compiled with data set #300" assertions="1" time="0.001833"/>
        <testcase name="test_new_files_are_not_in_old_files_array_compiled with data set #301" assertions="1" time="0.001659"/>
        <testcase name="test_new_files_are_not_in_old_files_array_compiled with data set #302" assertions="1" time="0.001629"/>
        <testcase name="test_new_files_are_not_in_old_files_array_compiled with data set #303" assertions="1" time="0.001595"/>
        <testcase name="test_new_files_are_not_in_old_files_array_compiled with data set #304" assertions="1" time="0.001584"/>
        <testcase name="test_new_files_are_not_in_old_files_array_compiled with data set #305" assertions="1" time="0.001679"/>
        <testcase name="test_new_files_are_not_in_old_files_array_compiled with data set #306" assertions="1" time="0.002364"/>
        <testcase name="test_new_files_are_not_in_old_files_array_compiled with data set #307" assertions="1" time="0.002115"/>
        <testcase name="test_new_files_are_not_in_old_files_array_compiled with data set #308" assertions="1" time="0.001882"/>
        <testcase name="test_new_files_are_not_in_old_files_array_compiled with data set #309" assertions="1" time="0.001662"/>
        <testcase name="test_new_files_are_not_in_old_files_array_compiled with data set #310" assertions="1" time="0.001577"/>
        <testcase name="test_new_files_are_not_in_old_files_array_compiled with data set #311" assertions="1" time="0.001637"/>
        <testcase name="test_new_files_are_not_in_old_files_array_compiled with data set #312" assertions="1" time="0.001639"/>
        <testcase name="test_new_files_are_not_in_old_files_array_compiled with data set #313" assertions="1" time="0.001592"/>
        <testcase name="test_new_files_are_not_in_old_files_array_compiled with data set #314" assertions="1" time="0.001566"/>
        <testcase name="test_new_files_are_not_in_old_files_array_compiled with data set #315" assertions="1" time="0.002452"/>
        <testcase name="test_new_files_are_not_in_old_files_array_compiled with data set #316" assertions="1" time="0.002185"/>
        <testcase name="test_new_files_are_not_in_old_files_array_compiled with data set #317" assertions="1" time="0.001725"/>
        <testcase name="test_new_files_are_not_in_old_files_array_compiled with data set #318" assertions="1" time="0.001635"/>
        <testcase name="test_new_files_are_not_in_old_files_array_compiled with data set #319" assertions="1" time="0.001640"/>
        <testcase name="test_new_files_are_not_in_old_files_array_compiled with data set #320" assertions="1" time="0.001521"/>
        <testcase name="test_new_files_are_not_in_old_files_array_compiled with data set #321" assertions="1" time="0.001456"/>
        <testcase name="test_new_files_are_not_in_old_files_array_compiled with data set #322" assertions="1" time="0.001622"/>
        <testcase name="test_new_files_are_not_in_old_files_array_compiled with data set #323" assertions="1" time="0.001616"/>
        <testcase name="test_new_files_are_not_in_old_files_array_compiled with data set #324" assertions="1" time="0.002046"/>
        <testcase name="test_new_files_are_not_in_old_files_array_compiled with data set #325" assertions="1" time="0.001968"/>
        <testcase name="test_new_files_are_not_in_old_files_array_compiled with data set #326" assertions="1" time="0.001672"/>
        <testcase name="test_new_files_are_not_in_old_files_array_compiled with data set #327" assertions="1" time="0.001788"/>
        <testcase name="test_new_files_are_not_in_old_files_array_compiled with data set #328" assertions="1" time="0.001842"/>
        <testcase name="test_new_files_are_not_in_old_files_array_compiled with data set #329" assertions="1" time="0.001797"/>
        <testcase name="test_new_files_are_not_in_old_files_array_compiled with data set #330" assertions="1" time="0.001661"/>
        <testcase name="test_new_files_are_not_in_old_files_array_compiled with data set #331" assertions="1" time="0.001624"/>
        <testcase name="test_new_files_are_not_in_old_files_array_compiled with data set #332" assertions="1" time="0.001648"/>
        <testcase name="test_new_files_are_not_in_old_files_array_compiled with data set #333" assertions="1" time="0.001974"/>
        <testcase name="test_new_files_are_not_in_old_files_array_compiled with data set #334" assertions="1" time="0.002097"/>
        <testcase name="test_new_files_are_not_in_old_files_array_compiled with data set #335" assertions="1" time="0.001738"/>
        <testcase name="test_new_files_are_not_in_old_files_array_compiled with data set #336" assertions="1" time="0.001583"/>
        <testcase name="test_new_files_are_not_in_old_files_array_compiled with data set #337" assertions="1" time="0.001828"/>
        <testcase name="test_new_files_are_not_in_old_files_array_compiled with data set #338" assertions="1" time="0.001606"/>
        <testcase name="test_new_files_are_not_in_old_files_array_compiled with data set #339" assertions="1" time="0.001606"/>
        <testcase name="test_new_files_are_not_in_old_files_array_compiled with data set #340" assertions="1" time="0.001570"/>
        <testcase name="test_new_files_are_not_in_old_files_array_compiled with data set #341" assertions="1" time="0.001595"/>
        <testcase name="test_new_files_are_not_in_old_files_array_compiled with data set #342" assertions="1" time="0.001682"/>
        <testcase name="test_new_files_are_not_in_old_files_array_compiled with data set #343" assertions="1" time="0.002310"/>
        <testcase name="test_new_files_are_not_in_old_files_array_compiled with data set #344" assertions="1" time="0.001826"/>
        <testcase name="test_new_files_are_not_in_old_files_array_compiled with data set #345" assertions="1" time="0.001698"/>
        <testcase name="test_new_files_are_not_in_old_files_array_compiled with data set #346" assertions="1" time="0.001752"/>
        <testcase name="test_new_files_are_not_in_old_files_array_compiled with data set #347" assertions="1" time="0.001650"/>
        <testcase name="test_new_files_are_not_in_old_files_array_compiled with data set #348" assertions="1" time="0.001678"/>
        <testcase name="test_new_files_are_not_in_old_files_array_compiled with data set #349" assertions="1" time="0.001655"/>
        <testcase name="test_new_files_are_not_in_old_files_array_compiled with data set #350" assertions="1" time="0.001654"/>
        <testcase name="test_new_files_are_not_in_old_files_array_compiled with data set #351" assertions="1" time="0.001657"/>
        <testcase name="test_new_files_are_not_in_old_files_array_compiled with data set #352" assertions="1" time="0.002363"/>
        <testcase name="test_new_files_are_not_in_old_files_array_compiled with data set #353" assertions="1" time="0.001799"/>
        <testcase name="test_new_files_are_not_in_old_files_array_compiled with data set #354" assertions="1" time="0.001695"/>
        <testcase name="test_new_files_are_not_in_old_files_array_compiled with data set #355" assertions="1" time="0.001813"/>
        <testcase name="test_new_files_are_not_in_old_files_array_compiled with data set #356" assertions="1" time="0.001717"/>
        <testcase name="test_new_files_are_not_in_old_files_array_compiled with data set #357" assertions="1" time="0.001655"/>
        <testcase name="test_new_files_are_not_in_old_files_array_compiled with data set #358" assertions="1" time="0.001588"/>
        <testcase name="test_new_files_are_not_in_old_files_array_compiled with data set #359" assertions="1" time="0.001595"/>
        <testcase name="test_new_files_are_not_in_old_files_array_compiled with data set #360" assertions="1" time="0.001570"/>
        <testcase name="test_new_files_are_not_in_old_files_array_compiled with data set #361" assertions="1" time="0.002267"/>
        <testcase name="test_new_files_are_not_in_old_files_array_compiled with data set #362" assertions="1" time="0.001881"/>
        <testcase name="test_new_files_are_not_in_old_files_array_compiled with data set #363" assertions="1" time="0.001583"/>
        <testcase name="test_new_files_are_not_in_old_files_array_compiled with data set #364" assertions="1" time="0.001619"/>
        <testcase name="test_new_files_are_not_in_old_files_array_compiled with data set #365" assertions="1" time="0.001594"/>
        <testcase name="test_new_files_are_not_in_old_files_array_compiled with data set #366" assertions="1" time="0.001631"/>
        <testcase name="test_new_files_are_not_in_old_files_array_compiled with data set #367" assertions="1" time="0.001619"/>
        <testcase name="test_new_files_are_not_in_old_files_array_compiled with data set #368" assertions="1" time="0.001604"/>
        <testcase name="test_new_files_are_not_in_old_files_array_compiled with data set #369" assertions="1" time="0.001586"/>
        <testcase name="test_new_files_are_not_in_old_files_array_compiled with data set #370" assertions="1" time="0.001983"/>
        <testcase name="test_new_files_are_not_in_old_files_array_compiled with data set #371" assertions="1" time="0.002395"/>
        <testcase name="test_new_files_are_not_in_old_files_array_compiled with data set #372" assertions="1" time="0.001881"/>
        <testcase name="test_new_files_are_not_in_old_files_array_compiled with data set #373" assertions="1" time="0.001637"/>
        <testcase name="test_new_files_are_not_in_old_files_array_compiled with data set #374" assertions="1" time="0.001675"/>
        <testcase name="test_new_files_are_not_in_old_files_array_compiled with data set #375" assertions="1" time="0.001612"/>
        <testcase name="test_new_files_are_not_in_old_files_array_compiled with data set #376" assertions="1" time="0.001633"/>
        <testcase name="test_new_files_are_not_in_old_files_array_compiled with data set #377" assertions="1" time="0.001695"/>
        <testcase name="test_new_files_are_not_in_old_files_array_compiled with data set #378" assertions="1" time="0.001594"/>
        <testcase name="test_new_files_are_not_in_old_files_array_compiled with data set #379" assertions="1" time="0.002229"/>
        <testcase name="test_new_files_are_not_in_old_files_array_compiled with data set #380" assertions="1" time="0.002080"/>
        <testcase name="test_new_files_are_not_in_old_files_array_compiled with data set #381" assertions="1" time="0.001739"/>
        <testcase name="test_new_files_are_not_in_old_files_array_compiled with data set #382" assertions="1" time="0.001771"/>
        <testcase name="test_new_files_are_not_in_old_files_array_compiled with data set #383" assertions="1" time="0.001717"/>
        <testcase name="test_new_files_are_not_in_old_files_array_compiled with data set #384" assertions="1" time="0.001568"/>
        <testcase name="test_new_files_are_not_in_old_files_array_compiled with data set #385" assertions="1" time="0.001567"/>
        <testcase name="test_new_files_are_not_in_old_files_array_compiled with data set #386" assertions="1" time="0.001514"/>
        <testcase name="test_new_files_are_not_in_old_files_array_compiled with data set #387" assertions="1" time="0.001596"/>
        <testcase name="test_new_files_are_not_in_old_files_array_compiled with data set #388" assertions="1" time="0.001716"/>
        <testcase name="test_new_files_are_not_in_old_files_array_compiled with data set #389" assertions="1" time="0.002474"/>
        <testcase name="test_new_files_are_not_in_old_files_array_compiled with data set #390" assertions="1" time="0.001849"/>
        <testcase name="test_new_files_are_not_in_old_files_array_compiled with data set #391" assertions="1" time="0.001629"/>
        <testcase name="test_new_files_are_not_in_old_files_array_compiled with data set #392" assertions="1" time="0.001903"/>
        <testcase name="test_new_files_are_not_in_old_files_array_compiled with data set #393" assertions="1" time="0.001676"/>
        <testcase name="test_new_files_are_not_in_old_files_array_compiled with data set #394" assertions="1" time="0.001693"/>
        <testcase name="test_new_files_are_not_in_old_files_array_compiled with data set #395" assertions="1" time="0.001616"/>
        <testcase name="test_new_files_are_not_in_old_files_array_compiled with data set #396" assertions="1" time="0.001663"/>
        <testcase name="test_new_files_are_not_in_old_files_array_compiled with data set #397" assertions="1" time="0.001698"/>
        <testcase name="test_new_files_are_not_in_old_files_array_compiled with data set #398" assertions="1" time="0.002520"/>
        <testcase name="test_new_files_are_not_in_old_files_array_compiled with data set #399" assertions="1" time="0.001971"/>
        <testcase name="test_new_files_are_not_in_old_files_array_compiled with data set #400" assertions="1" time="0.001698"/>
        <testcase name="test_new_files_are_not_in_old_files_array_compiled with data set #401" assertions="1" time="0.001815"/>
        <testcase name="test_new_files_are_not_in_old_files_array_compiled with data set #402" assertions="1" time="0.001779"/>
        <testcase name="test_new_files_are_not_in_old_files_array_compiled with data set #403" assertions="1" time="0.001639"/>
        <testcase name="test_new_files_are_not_in_old_files_array_compiled with data set #404" assertions="1" time="0.001658"/>
        <testcase name="test_new_files_are_not_in_old_files_array_compiled with data set #405" assertions="1" time="0.001617"/>
        <testcase name="test_new_files_are_not_in_old_files_array_compiled with data set #406" assertions="1" time="0.001642"/>
        <testcase name="test_new_files_are_not_in_old_files_array_compiled with data set #407" assertions="1" time="0.002022"/>
        <testcase name="test_new_files_are_not_in_old_files_array_compiled with data set #408" assertions="1" time="0.001956"/>
        <testcase name="test_new_files_are_not_in_old_files_array_compiled with data set #409" assertions="1" time="0.001688"/>
        <testcase name="test_new_files_are_not_in_old_files_array_compiled with data set #410" assertions="1" time="0.001777"/>
        <testcase name="test_new_files_are_not_in_old_files_array_compiled with data set #411" assertions="1" time="0.001692"/>
        <testcase name="test_new_files_are_not_in_old_files_array_compiled with data set #412" assertions="1" time="0.001569"/>
        <testcase name="test_new_files_are_not_in_old_files_array_compiled with data set #413" assertions="1" time="0.001540"/>
        <testcase name="test_new_files_are_not_in_old_files_array_compiled with data set #414" assertions="1" time="0.001616"/>
        <testcase name="test_new_files_are_not_in_old_files_array_compiled with data set #415" assertions="1" time="0.001652"/>
        <testcase name="test_new_files_are_not_in_old_files_array_compiled with data set #416" assertions="1" time="0.002271"/>
        <testcase name="test_new_files_are_not_in_old_files_array_compiled with data set #417" assertions="1" time="0.001945"/>
        <testcase name="test_new_files_are_not_in_old_files_array_compiled with data set #418" assertions="1" time="0.001676"/>
        <testcase name="test_new_files_are_not_in_old_files_array_compiled with data set #419" assertions="1" time="0.001812"/>
        <testcase name="test_new_files_are_not_in_old_files_array_compiled with data set #420" assertions="1" time="0.001723"/>
        <testcase name="test_new_files_are_not_in_old_files_array_compiled with data set #421" assertions="1" time="0.001671"/>
        <testcase name="test_new_files_are_not_in_old_files_array_compiled with data set #422" assertions="1" time="0.001607"/>
        <testcase name="test_new_files_are_not_in_old_files_array_compiled with data set #423" assertions="1" time="0.001598"/>
        <testcase name="test_new_files_are_not_in_old_files_array_compiled with data set #424" assertions="1" time="0.001637"/>
        <testcase name="test_new_files_are_not_in_old_files_array_compiled with data set #425" assertions="1" time="0.002359"/>
        <testcase name="test_new_files_are_not_in_old_files_array_compiled with data set #426" assertions="1" time="0.001858"/>
        <testcase name="test_new_files_are_not_in_old_files_array_compiled with data set #427" assertions="1" time="0.001681"/>
        <testcase name="test_new_files_are_not_in_old_files_array_compiled with data set #428" assertions="1" time="0.001628"/>
        <testcase name="test_new_files_are_not_in_old_files_array_compiled with data set #429" assertions="1" time="0.001642"/>
        <testcase name="test_new_files_are_not_in_old_files_array_compiled with data set #430" assertions="1" time="0.001736"/>
        <testcase name="test_new_files_are_not_in_old_files_array_compiled with data set #431" assertions="1" time="0.001707"/>
        <testcase name="test_new_files_are_not_in_old_files_array_compiled with data set #432" assertions="1" time="0.001600"/>
        <testcase name="test_new_files_are_not_in_old_files_array_compiled with data set #433" assertions="1" time="0.001565"/>
        <testcase name="test_new_files_are_not_in_old_files_array_compiled with data set #434" assertions="1" time="0.002186"/>
        <testcase name="test_new_files_are_not_in_old_files_array_compiled with data set #435" assertions="1" time="0.002271"/>
        <testcase name="test_new_files_are_not_in_old_files_array_compiled with data set #436" assertions="1" time="0.001786"/>
        <testcase name="test_new_files_are_not_in_old_files_array_compiled with data set #437" assertions="1" time="0.001759"/>
        <testcase name="test_new_files_are_not_in_old_files_array_compiled with data set #438" assertions="1" time="0.001653"/>
        <testcase name="test_new_files_are_not_in_old_files_array_compiled with data set #439" assertions="1" time="0.001693"/>
        <testcase name="test_new_files_are_not_in_old_files_array_compiled with data set #440" assertions="1" time="0.001642"/>
        <testcase name="test_new_files_are_not_in_old_files_array_compiled with data set #441" assertions="1" time="0.001649"/>
        <testcase name="test_new_files_are_not_in_old_files_array_compiled with data set #442" assertions="1" time="0.001653"/>
        <testcase name="test_new_files_are_not_in_old_files_array_compiled with data set #443" assertions="1" time="0.002139"/>
        <testcase name="test_new_files_are_not_in_old_files_array_compiled with data set #444" assertions="1" time="0.002069"/>
        <testcase name="test_new_files_are_not_in_old_files_array_compiled with data set #445" assertions="1" time="0.001797"/>
        <testcase name="test_new_files_are_not_in_old_files_array_compiled with data set #446" assertions="1" time="0.001641"/>
        <testcase name="test_new_files_are_not_in_old_files_array_compiled with data set #447" assertions="1" time="0.001682"/>
        <testcase name="test_new_files_are_not_in_old_files_array_compiled with data set #448" assertions="1" time="0.001602"/>
        <testcase name="test_new_files_are_not_in_old_files_array_compiled with data set #449" assertions="1" time="0.001576"/>
        <testcase name="test_new_files_are_not_in_old_files_array_compiled with data set #450" assertions="1" time="0.001586"/>
        <testcase name="test_new_files_are_not_in_old_files_array_compiled with data set #451" assertions="1" time="0.001668"/>
        <testcase name="test_new_files_are_not_in_old_files_array_compiled with data set #452" assertions="1" time="0.001867"/>
        <testcase name="test_new_files_are_not_in_old_files_array_compiled with data set #453" assertions="1" time="0.001936"/>
        <testcase name="test_new_files_are_not_in_old_files_array_compiled with data set #454" assertions="1" time="0.001683"/>
        <testcase name="test_new_files_are_not_in_old_files_array_compiled with data set #455" assertions="1" time="0.001647"/>
        <testcase name="test_new_files_are_not_in_old_files_array_compiled with data set #456" assertions="1" time="0.001799"/>
        <testcase name="test_new_files_are_not_in_old_files_array_compiled with data set #457" assertions="1" time="0.001568"/>
        <testcase name="test_new_files_are_not_in_old_files_array_compiled with data set #458" assertions="1" time="0.001609"/>
        <testcase name="test_new_files_are_not_in_old_files_array_compiled with data set #459" assertions="1" time="0.001603"/>
        <testcase name="test_new_files_are_not_in_old_files_array_compiled with data set #460" assertions="1" time="0.001597"/>
        <testcase name="test_new_files_are_not_in_old_files_array_compiled with data set #461" assertions="1" time="0.001569"/>
        <testcase name="test_new_files_are_not_in_old_files_array_compiled with data set #462" assertions="1" time="0.002331"/>
        <testcase name="test_new_files_are_not_in_old_files_array_compiled with data set #463" assertions="1" time="0.001782"/>
        <testcase name="test_new_files_are_not_in_old_files_array_compiled with data set #464" assertions="1" time="0.001695"/>
        <testcase name="test_new_files_are_not_in_old_files_array_compiled with data set #465" assertions="1" time="0.001764"/>
        <testcase name="test_new_files_are_not_in_old_files_array_compiled with data set #466" assertions="1" time="0.001648"/>
        <testcase name="test_new_files_are_not_in_old_files_array_compiled with data set #467" assertions="1" time="0.001624"/>
        <testcase name="test_new_files_are_not_in_old_files_array_compiled with data set #468" assertions="1" time="0.001601"/>
        <testcase name="test_new_files_are_not_in_old_files_array_compiled with data set #469" assertions="1" time="0.001702"/>
        <testcase name="test_new_files_are_not_in_old_files_array_compiled with data set #470" assertions="1" time="0.001738"/>
        <testcase name="test_new_files_are_not_in_old_files_array_compiled with data set #471" assertions="1" time="0.001882"/>
        <testcase name="test_new_files_are_not_in_old_files_array_compiled with data set #472" assertions="1" time="0.002108"/>
        <testcase name="test_new_files_are_not_in_old_files_array_compiled with data set #473" assertions="1" time="0.001901"/>
        <testcase name="test_new_files_are_not_in_old_files_array_compiled with data set #474" assertions="1" time="0.002005"/>
        <testcase name="test_new_files_are_not_in_old_files_array_compiled with data set #475" assertions="1" time="0.001995"/>
        <testcase name="test_new_files_are_not_in_old_files_array_compiled with data set #476" assertions="1" time="0.002001"/>
        <testcase name="test_new_files_are_not_in_old_files_array_compiled with data set #477" assertions="1" time="0.001750"/>
        <testcase name="test_new_files_are_not_in_old_files_array_compiled with data set #478" assertions="1" time="0.001777"/>
        <testcase name="test_new_files_are_not_in_old_files_array_compiled with data set #479" assertions="1" time="0.001909"/>
        <testcase name="test_new_files_are_not_in_old_files_array_compiled with data set #480" assertions="1" time="0.002597"/>
        <testcase name="test_new_files_are_not_in_old_files_array_compiled with data set #481" assertions="1" time="0.002139"/>
        <testcase name="test_new_files_are_not_in_old_files_array_compiled with data set #482" assertions="1" time="0.001965"/>
        <testcase name="test_new_files_are_not_in_old_files_array_compiled with data set #483" assertions="1" time="0.001895"/>
        <testcase name="test_new_files_are_not_in_old_files_array_compiled with data set #484" assertions="1" time="0.001916"/>
        <testcase name="test_new_files_are_not_in_old_files_array_compiled with data set #485" assertions="1" time="0.001785"/>
        <testcase name="test_new_files_are_not_in_old_files_array_compiled with data set #486" assertions="1" time="0.001634"/>
        <testcase name="test_new_files_are_not_in_old_files_array_compiled with data set #487" assertions="1" time="0.001759"/>
        <testcase name="test_new_files_are_not_in_old_files_array_compiled with data set #488" assertions="1" time="0.002477"/>
        <testcase name="test_new_files_are_not_in_old_files_array_compiled with data set #489" assertions="1" time="0.002051"/>
        <testcase name="test_new_files_are_not_in_old_files_array_compiled with data set #490" assertions="1" time="0.001887"/>
        <testcase name="test_new_files_are_not_in_old_files_array_compiled with data set #491" assertions="1" time="0.001964"/>
        <testcase name="test_new_files_are_not_in_old_files_array_compiled with data set #492" assertions="1" time="0.001681"/>
        <testcase name="test_new_files_are_not_in_old_files_array_compiled with data set #493" assertions="1" time="0.001536"/>
        <testcase name="test_new_files_are_not_in_old_files_array_compiled with data set #494" assertions="1" time="0.001528"/>
        <testcase name="test_new_files_are_not_in_old_files_array_compiled with data set #495" assertions="1" time="0.001572"/>
        <testcase name="test_new_files_are_not_in_old_files_array_compiled with data set #496" assertions="1" time="0.001499"/>
        <testcase name="test_new_files_are_not_in_old_files_array_compiled with data set #497" assertions="1" time="0.002151"/>
        <testcase name="test_new_files_are_not_in_old_files_array_compiled with data set #498" assertions="1" time="0.001824"/>
        <testcase name="test_new_files_are_not_in_old_files_array_compiled with data set #499" assertions="1" time="0.001541"/>
        <testcase name="test_new_files_are_not_in_old_files_array_compiled with data set #500" assertions="1" time="0.001495"/>
        <testcase name="test_new_files_are_not_in_old_files_array_compiled with data set #501" assertions="1" time="0.001556"/>
        <testcase name="test_new_files_are_not_in_old_files_array_compiled with data set #502" assertions="1" time="0.001567"/>
        <testcase name="test_new_files_are_not_in_old_files_array_compiled with data set #503" assertions="1" time="0.001512"/>
        <testcase name="test_new_files_are_not_in_old_files_array_compiled with data set #504" assertions="1" time="0.001509"/>
        <testcase name="test_new_files_are_not_in_old_files_array_compiled with data set #505" assertions="1" time="0.001637"/>
        <testcase name="test_new_files_are_not_in_old_files_array_compiled with data set #506" assertions="1" time="0.001593"/>
        <testcase name="test_new_files_are_not_in_old_files_array_compiled with data set #507" assertions="1" time="0.002091"/>
        <testcase name="test_new_files_are_not_in_old_files_array_compiled with data set #508" assertions="1" time="0.001686"/>
        <testcase name="test_new_files_are_not_in_old_files_array_compiled with data set #509" assertions="1" time="0.001618"/>
        <testcase name="test_new_files_are_not_in_old_files_array_compiled with data set #510" assertions="1" time="0.001587"/>
        <testcase name="test_new_files_are_not_in_old_files_array_compiled with data set #511" assertions="1" time="0.001566"/>
        <testcase name="test_new_files_are_not_in_old_files_array_compiled with data set #512" assertions="1" time="0.001488"/>
        <testcase name="test_new_files_are_not_in_old_files_array_compiled with data set #513" assertions="1" time="0.001454"/>
        <testcase name="test_new_files_are_not_in_old_files_array_compiled with data set #514" assertions="1" time="0.001471"/>
        <testcase name="test_new_files_are_not_in_old_files_array_compiled with data set #515" assertions="1" time="0.001572"/>
        <testcase name="test_new_files_are_not_in_old_files_array_compiled with data set #516" assertions="1" time="0.001631"/>
        <testcase name="test_new_files_are_not_in_old_files_array_compiled with data set #517" assertions="1" time="0.001881"/>
        <testcase name="test_new_files_are_not_in_old_files_array_compiled with data set #518" assertions="1" time="0.001776"/>
        <testcase name="test_new_files_are_not_in_old_files_array_compiled with data set #519" assertions="1" time="0.001543"/>
        <testcase name="test_new_files_are_not_in_old_files_array_compiled with data set #520" assertions="1" time="0.001554"/>
        <testcase name="test_new_files_are_not_in_old_files_array_compiled with data set #521" assertions="1" time="0.001512"/>
        <testcase name="test_new_files_are_not_in_old_files_array_compiled with data set #522" assertions="1" time="0.001475"/>
        <testcase name="test_new_files_are_not_in_old_files_array_compiled with data set #523" assertions="1" time="0.001486"/>
        <testcase name="test_new_files_are_not_in_old_files_array_compiled with data set #524" assertions="1" time="0.001504"/>
        <testcase name="test_new_files_are_not_in_old_files_array_compiled with data set #525" assertions="1" time="0.001497"/>
        <testcase name="test_new_files_are_not_in_old_files_array_compiled with data set #526" assertions="1" time="0.001679"/>
        <testcase name="test_new_files_are_not_in_old_files_array_compiled with data set #527" assertions="1" time="0.001882"/>
        <testcase name="test_new_files_are_not_in_old_files_array_compiled with data set #528" assertions="1" time="0.002010"/>
        <testcase name="test_new_files_are_not_in_old_files_array_compiled with data set #529" assertions="1" time="0.001591"/>
        <testcase name="test_new_files_are_not_in_old_files_array_compiled with data set #530" assertions="1" time="0.001728"/>
        <testcase name="test_new_files_are_not_in_old_files_array_compiled with data set #531" assertions="1" time="0.001610"/>
        <testcase name="test_new_files_are_not_in_old_files_array_compiled with data set #532" assertions="1" time="0.001533"/>
        <testcase name="test_new_files_are_not_in_old_files_array_compiled with data set #533" assertions="1" time="0.001554"/>
        <testcase name="test_new_files_are_not_in_old_files_array_compiled with data set #534" assertions="1" time="0.001590"/>
        <testcase name="test_new_files_are_not_in_old_files_array_compiled with data set #535" assertions="1" time="0.001545"/>
        <testcase name="test_new_files_are_not_in_old_files_array_compiled with data set #536" assertions="1" time="0.001751"/>
        <testcase name="test_new_files_are_not_in_old_files_array_compiled with data set #537" assertions="1" time="0.001992"/>
        <testcase name="test_new_files_are_not_in_old_files_array_compiled with data set #538" assertions="1" time="0.001684"/>
        <testcase name="test_new_files_are_not_in_old_files_array_compiled with data set #539" assertions="1" time="0.001573"/>
        <testcase name="test_new_files_are_not_in_old_files_array_compiled with data set #540" assertions="1" time="0.001671"/>
        <testcase name="test_new_files_are_not_in_old_files_array_compiled with data set #541" assertions="1" time="0.001599"/>
        <testcase name="test_new_files_are_not_in_old_files_array_compiled with data set #542" assertions="1" time="0.001554"/>
        <testcase name="test_new_files_are_not_in_old_files_array_compiled with data set #543" assertions="1" time="0.001581"/>
        <testcase name="test_new_files_are_not_in_old_files_array_compiled with data set #544" assertions="1" time="0.001557"/>
        <testcase name="test_new_files_are_not_in_old_files_array_compiled with data set #545" assertions="1" time="0.001516"/>
        <testcase name="test_new_files_are_not_in_old_files_array_compiled with data set #546" assertions="1" time="0.001828"/>
        <testcase name="test_new_files_are_not_in_old_files_array_compiled with data set #547" assertions="1" time="0.001843"/>
        <testcase name="test_new_files_are_not_in_old_files_array_compiled with data set #548" assertions="1" time="0.001640"/>
        <testcase name="test_new_files_are_not_in_old_files_array_compiled with data set #549" assertions="1" time="0.001521"/>
        <testcase name="test_new_files_are_not_in_old_files_array_compiled with data set #550" assertions="1" time="0.001513"/>
        <testcase name="test_new_files_are_not_in_old_files_array_compiled with data set #551" assertions="1" time="0.001595"/>
        <testcase name="test_new_files_are_not_in_old_files_array_compiled with data set #552" assertions="1" time="0.001561"/>
        <testcase name="test_new_files_are_not_in_old_files_array_compiled with data set #553" assertions="1" time="0.001544"/>
        <testcase name="test_new_files_are_not_in_old_files_array_compiled with data set #554" assertions="1" time="0.001522"/>
        <testcase name="test_new_files_are_not_in_old_files_array_compiled with data set #555" assertions="1" time="0.001513"/>
        <testcase name="test_new_files_are_not_in_old_files_array_compiled with data set #556" assertions="1" time="0.002077"/>
        <testcase name="test_new_files_are_not_in_old_files_array_compiled with data set #557" assertions="1" time="0.002172"/>
        <testcase name="test_new_files_are_not_in_old_files_array_compiled with data set #558" assertions="1" time="0.001617"/>
        <testcase name="test_new_files_are_not_in_old_files_array_compiled with data set #559" assertions="1" time="0.001525"/>
        <testcase name="test_new_files_are_not_in_old_files_array_compiled with data set #560" assertions="1" time="0.001521"/>
        <testcase name="test_new_files_are_not_in_old_files_array_compiled with data set #561" assertions="1" time="0.001523"/>
        <testcase name="test_new_files_are_not_in_old_files_array_compiled with data set #562" assertions="1" time="0.001510"/>
        <testcase name="test_new_files_are_not_in_old_files_array_compiled with data set #563" assertions="1" time="0.001543"/>
        <testcase name="test_new_files_are_not_in_old_files_array_compiled with data set #564" assertions="1" time="0.001529"/>
        <testcase name="test_new_files_are_not_in_old_files_array_compiled with data set #565" assertions="1" time="0.001588"/>
        <testcase name="test_new_files_are_not_in_old_files_array_compiled with data set #566" assertions="1" time="0.001847"/>
        <testcase name="test_new_files_are_not_in_old_files_array_compiled with data set #567" assertions="1" time="0.001863"/>
        <testcase name="test_new_files_are_not_in_old_files_array_compiled with data set #568" assertions="1" time="0.001724"/>
        <testcase name="test_new_files_are_not_in_old_files_array_compiled with data set #569" assertions="1" time="0.001632"/>
        <testcase name="test_new_files_are_not_in_old_files_array_compiled with data set #570" assertions="1" time="0.001788"/>
        <testcase name="test_new_files_are_not_in_old_files_array_compiled with data set #571" assertions="1" time="0.001556"/>
        <testcase name="test_new_files_are_not_in_old_files_array_compiled with data set #572" assertions="1" time="0.001521"/>
        <testcase name="test_new_files_are_not_in_old_files_array_compiled with data set #573" assertions="1" time="0.001477"/>
        <testcase name="test_new_files_are_not_in_old_files_array_compiled with data set #574" assertions="1" time="0.001465"/>
        <testcase name="test_new_files_are_not_in_old_files_array_compiled with data set #575" assertions="1" time="0.001588"/>
        <testcase name="test_new_files_are_not_in_old_files_array_compiled with data set #576" assertions="1" time="0.002207"/>
        <testcase name="test_new_files_are_not_in_old_files_array_compiled with data set #577" assertions="1" time="0.001769"/>
        <testcase name="test_new_files_are_not_in_old_files_array_compiled with data set #578" assertions="1" time="0.001573"/>
        <testcase name="test_new_files_are_not_in_old_files_array_compiled with data set #579" assertions="1" time="0.001530"/>
        <testcase name="test_new_files_are_not_in_old_files_array_compiled with data set #580" assertions="1" time="0.001512"/>
        <testcase name="test_new_files_are_not_in_old_files_array_compiled with data set #581" assertions="1" time="0.001496"/>
        <testcase name="test_new_files_are_not_in_old_files_array_compiled with data set #582" assertions="1" time="0.001493"/>
        <testcase name="test_new_files_are_not_in_old_files_array_compiled with data set #583" assertions="1" time="0.001477"/>
        <testcase name="test_new_files_are_not_in_old_files_array_compiled with data set #584" assertions="1" time="0.001519"/>
        <testcase name="test_new_files_are_not_in_old_files_array_compiled with data set #585" assertions="1" time="0.001510"/>
        <testcase name="test_new_files_are_not_in_old_files_array_compiled with data set #586" assertions="1" time="0.001928"/>
        <testcase name="test_new_files_are_not_in_old_files_array_compiled with data set #587" assertions="1" time="0.001880"/>
        <testcase name="test_new_files_are_not_in_old_files_array_compiled with data set #588" assertions="1" time="0.001563"/>
        <testcase name="test_new_files_are_not_in_old_files_array_compiled with data set #589" assertions="1" time="0.001493"/>
        <testcase name="test_new_files_are_not_in_old_files_array_compiled with data set #590" assertions="1" time="0.001611"/>
        <testcase name="test_new_files_are_not_in_old_files_array_compiled with data set #591" assertions="1" time="0.001506"/>
        <testcase name="test_new_files_are_not_in_old_files_array_compiled with data set #592" assertions="1" time="0.001535"/>
        <testcase name="test_new_files_are_not_in_old_files_array_compiled with data set #593" assertions="1" time="0.001471"/>
        <testcase name="test_new_files_are_not_in_old_files_array_compiled with data set #594" assertions="1" time="0.001478"/>
        <testcase name="test_new_files_are_not_in_old_files_array_compiled with data set #595" assertions="1" time="0.001572"/>
        <testcase name="test_new_files_are_not_in_old_files_array_compiled with data set #596" assertions="1" time="0.001779"/>
        <testcase name="test_new_files_are_not_in_old_files_array_compiled with data set #597" assertions="1" time="0.001845"/>
        <testcase name="test_new_files_are_not_in_old_files_array_compiled with data set #598" assertions="1" time="0.001672"/>
        <testcase name="test_new_files_are_not_in_old_files_array_compiled with data set #599" assertions="1" time="0.001573"/>
        <testcase name="test_new_files_are_not_in_old_files_array_compiled with data set #600" assertions="1" time="0.001740"/>
        <testcase name="test_new_files_are_not_in_old_files_array_compiled with data set #601" assertions="1" time="0.001555"/>
        <testcase name="test_new_files_are_not_in_old_files_array_compiled with data set #602" assertions="1" time="0.001533"/>
        <testcase name="test_new_files_are_not_in_old_files_array_compiled with data set #603" assertions="1" time="0.001476"/>
        <testcase name="test_new_files_are_not_in_old_files_array_compiled with data set #604" assertions="1" time="0.001480"/>
        <testcase name="test_new_files_are_not_in_old_files_array_compiled with data set #605" assertions="1" time="0.001492"/>
        <testcase name="test_new_files_are_not_in_old_files_array_compiled with data set #606" assertions="1" time="0.001736"/>
        <testcase name="test_new_files_are_not_in_old_files_array_compiled with data set #607" assertions="1" time="0.001757"/>
        <testcase name="test_new_files_are_not_in_old_files_array_compiled with data set #608" assertions="1" time="0.001532"/>
        <testcase name="test_new_files_are_not_in_old_files_array_compiled with data set #609" assertions="1" time="0.001490"/>
        <testcase name="test_new_files_are_not_in_old_files_array_compiled with data set #610" assertions="1" time="0.001485"/>
        <testcase name="test_new_files_are_not_in_old_files_array_compiled with data set #611" assertions="1" time="0.001533"/>
        <testcase name="test_new_files_are_not_in_old_files_array_compiled with data set #612" assertions="1" time="0.001499"/>
        <testcase name="test_new_files_are_not_in_old_files_array_compiled with data set #613" assertions="1" time="0.001468"/>
        <testcase name="test_new_files_are_not_in_old_files_array_compiled with data set #614" assertions="1" time="0.001544"/>
        <testcase name="test_new_files_are_not_in_old_files_array_compiled with data set #615" assertions="1" time="0.001536"/>
        <testcase name="test_new_files_are_not_in_old_files_array_compiled with data set #616" assertions="1" time="0.001651"/>
        <testcase name="test_new_files_are_not_in_old_files_array_compiled with data set #617" assertions="1" time="0.002100"/>
        <testcase name="test_new_files_are_not_in_old_files_array_compiled with data set #618" assertions="1" time="0.001769"/>
        <testcase name="test_new_files_are_not_in_old_files_array_compiled with data set #619" assertions="1" time="0.001569"/>
        <testcase name="test_new_files_are_not_in_old_files_array_compiled with data set #620" assertions="1" time="0.001556"/>
        <testcase name="test_new_files_are_not_in_old_files_array_compiled with data set #621" assertions="1" time="0.001626"/>
        <testcase name="test_new_files_are_not_in_old_files_array_compiled with data set #622" assertions="1" time="0.001558"/>
        <testcase name="test_new_files_are_not_in_old_files_array_compiled with data set #623" assertions="1" time="0.001553"/>
        <testcase name="test_new_files_are_not_in_old_files_array_compiled with data set #624" assertions="1" time="0.001600"/>
        <testcase name="test_new_files_are_not_in_old_files_array_compiled with data set #625" assertions="1" time="0.001563"/>
        <testcase name="test_new_files_are_not_in_old_files_array_compiled with data set #626" assertions="1" time="0.001869"/>
        <testcase name="test_new_files_are_not_in_old_files_array_compiled with data set #627" assertions="1" time="0.001898"/>
        <testcase name="test_new_files_are_not_in_old_files_array_compiled with data set #628" assertions="1" time="0.001633"/>
        <testcase name="test_new_files_are_not_in_old_files_array_compiled with data set #629" assertions="1" time="0.001652"/>
        <testcase name="test_new_files_are_not_in_old_files_array_compiled with data set #630" assertions="1" time="0.001700"/>
        <testcase name="test_new_files_are_not_in_old_files_array_compiled with data set #631" assertions="1" time="0.001542"/>
        <testcase name="test_new_files_are_not_in_old_files_array_compiled with data set #632" assertions="1" time="0.001534"/>
        <testcase name="test_new_files_are_not_in_old_files_array_compiled with data set #633" assertions="1" time="0.001551"/>
        <testcase name="test_new_files_are_not_in_old_files_array_compiled with data set #634" assertions="1" time="0.001520"/>
        <testcase name="test_new_files_are_not_in_old_files_array_compiled with data set #635" assertions="1" time="0.001585"/>
        <testcase name="test_new_files_are_not_in_old_files_array_compiled with data set #636" assertions="1" time="0.002060"/>
        <testcase name="test_new_files_are_not_in_old_files_array_compiled with data set #637" assertions="1" time="0.001920"/>
        <testcase name="test_new_files_are_not_in_old_files_array_compiled with data set #638" assertions="1" time="0.001646"/>
        <testcase name="test_new_files_are_not_in_old_files_array_compiled with data set #639" assertions="1" time="0.001660"/>
        <testcase name="test_new_files_are_not_in_old_files_array_compiled with data set #640" assertions="1" time="0.001617"/>
        <testcase name="test_new_files_are_not_in_old_files_array_compiled with data set #641" assertions="1" time="0.001512"/>
        <testcase name="test_new_files_are_not_in_old_files_array_compiled with data set #642" assertions="1" time="0.001553"/>
        <testcase name="test_new_files_are_not_in_old_files_array_compiled with data set #643" assertions="1" time="0.001516"/>
        <testcase name="test_new_files_are_not_in_old_files_array_compiled with data set #644" assertions="1" time="0.001483"/>
        <testcase name="test_new_files_are_not_in_old_files_array_compiled with data set #645" assertions="1" time="0.001869"/>
        <testcase name="test_new_files_are_not_in_old_files_array_compiled with data set #646" assertions="1" time="0.001887"/>
        <testcase name="test_new_files_are_not_in_old_files_array_compiled with data set #647" assertions="1" time="0.001643"/>
        <testcase name="test_new_files_are_not_in_old_files_array_compiled with data set #648" assertions="1" time="0.001491"/>
        <testcase name="test_new_files_are_not_in_old_files_array_compiled with data set #649" assertions="1" time="0.001616"/>
        <testcase name="test_new_files_are_not_in_old_files_array_compiled with data set #650" assertions="1" time="0.001485"/>
        <testcase name="test_new_files_are_not_in_old_files_array_compiled with data set #651" assertions="1" time="0.001500"/>
        <testcase name="test_new_files_are_not_in_old_files_array_compiled with data set #652" assertions="1" time="0.001493"/>
        <testcase name="test_new_files_are_not_in_old_files_array_compiled with data set #653" assertions="1" time="0.001508"/>
        <testcase name="test_new_files_are_not_in_old_files_array_compiled with data set #654" assertions="1" time="0.001528"/>
        <testcase name="test_new_files_are_not_in_old_files_array_compiled with data set #655" assertions="1" time="0.001559"/>
        <testcase name="test_new_files_are_not_in_old_files_array_compiled with data set #656" assertions="1" time="0.001830"/>
        <testcase name="test_new_files_are_not_in_old_files_array_compiled with data set #657" assertions="1" time="0.001926"/>
        <testcase name="test_new_files_are_not_in_old_files_array_compiled with data set #658" assertions="1" time="0.001587"/>
        <testcase name="test_new_files_are_not_in_old_files_array_compiled with data set #659" assertions="1" time="0.001482"/>
        <testcase name="test_new_files_are_not_in_old_files_array_compiled with data set #660" assertions="1" time="0.001791"/>
        <testcase name="test_new_files_are_not_in_old_files_array_compiled with data set #661" assertions="1" time="0.001538"/>
        <testcase name="test_new_files_are_not_in_old_files_array_compiled with data set #662" assertions="1" time="0.001551"/>
        <testcase name="test_new_files_are_not_in_old_files_array_compiled with data set #663" assertions="1" time="0.001574"/>
        <testcase name="test_new_files_are_not_in_old_files_array_compiled with data set #664" assertions="1" time="0.001526"/>
        <testcase name="test_new_files_are_not_in_old_files_array_compiled with data set #665" assertions="1" time="0.001478"/>
        <testcase name="test_new_files_are_not_in_old_files_array_compiled with data set #666" assertions="1" time="0.001793"/>
        <testcase name="test_new_files_are_not_in_old_files_array_compiled with data set #667" assertions="1" time="0.001810"/>
        <testcase name="test_new_files_are_not_in_old_files_array_compiled with data set #668" assertions="1" time="0.001530"/>
        <testcase name="test_new_files_are_not_in_old_files_array_compiled with data set #669" assertions="1" time="0.001507"/>
        <testcase name="test_new_files_are_not_in_old_files_array_compiled with data set #670" assertions="1" time="0.001577"/>
        <testcase name="test_new_files_are_not_in_old_files_array_compiled with data set #671" assertions="1" time="0.001500"/>
        <testcase name="test_new_files_are_not_in_old_files_array_compiled with data set #672" assertions="1" time="0.001467"/>
        <testcase name="test_new_files_are_not_in_old_files_array_compiled with data set #673" assertions="1" time="0.001477"/>
        <testcase name="test_new_files_are_not_in_old_files_array_compiled with data set #674" assertions="1" time="0.001506"/>
        <testcase name="test_new_files_are_not_in_old_files_array_compiled with data set #675" assertions="1" time="0.001616"/>
        <testcase name="test_new_files_are_not_in_old_files_array_compiled with data set #676" assertions="1" time="0.001777"/>
        <testcase name="test_new_files_are_not_in_old_files_array_compiled with data set #677" assertions="1" time="0.001723"/>
        <testcase name="test_new_files_are_not_in_old_files_array_compiled with data set #678" assertions="1" time="0.001531"/>
        <testcase name="test_new_files_are_not_in_old_files_array_compiled with data set #679" assertions="1" time="0.001467"/>
        <testcase name="test_new_files_are_not_in_old_files_array_compiled with data set #680" assertions="1" time="0.001442"/>
        <testcase name="test_new_files_are_not_in_old_files_array_compiled with data set #681" assertions="1" time="0.001454"/>
        <testcase name="test_new_files_are_not_in_old_files_array_compiled with data set #682" assertions="1" time="0.001415"/>
        <testcase name="test_new_files_are_not_in_old_files_array_compiled with data set #683" assertions="1" time="0.001433"/>
        <testcase name="test_new_files_are_not_in_old_files_array_compiled with data set #684" assertions="1" time="0.001528"/>
        <testcase name="test_new_files_are_not_in_old_files_array_compiled with data set #685" assertions="1" time="0.001535"/>
        <testcase name="test_new_files_are_not_in_old_files_array_compiled with data set #686" assertions="1" time="0.001674"/>
        <testcase name="test_new_files_are_not_in_old_files_array_compiled with data set #687" assertions="1" time="0.002214"/>
        <testcase name="test_new_files_are_not_in_old_files_array_compiled with data set #688" assertions="1" time="0.001908"/>
        <testcase name="test_new_files_are_not_in_old_files_array_compiled with data set #689" assertions="1" time="0.001686"/>
        <testcase name="test_new_files_are_not_in_old_files_array_compiled with data set #690" assertions="1" time="0.001510"/>
        <testcase name="test_new_files_are_not_in_old_files_array_compiled with data set #691" assertions="1" time="0.001468"/>
        <testcase name="test_new_files_are_not_in_old_files_array_compiled with data set #692" assertions="1" time="0.001446"/>
        <testcase name="test_new_files_are_not_in_old_files_array_compiled with data set #693" assertions="1" time="0.001469"/>
        <testcase name="test_new_files_are_not_in_old_files_array_compiled with data set #694" assertions="1" time="0.001462"/>
        <testcase name="test_new_files_are_not_in_old_files_array_compiled with data set #695" assertions="1" time="0.001474"/>
        <testcase name="test_new_files_are_not_in_old_files_array_compiled with data set #696" assertions="1" time="0.001707"/>
        <testcase name="test_new_files_are_not_in_old_files_array_compiled with data set #697" assertions="1" time="0.001791"/>
        <testcase name="test_new_files_are_not_in_old_files_array_compiled with data set #698" assertions="1" time="0.001522"/>
        <testcase name="test_new_files_are_not_in_old_files_array_compiled with data set #699" assertions="1" time="0.001507"/>
        <testcase name="test_new_files_are_not_in_old_files_array_compiled with data set #700" assertions="1" time="0.001556"/>
        <testcase name="test_new_files_are_not_in_old_files_array_compiled with data set #701" assertions="1" time="0.001531"/>
        <testcase name="test_new_files_are_not_in_old_files_array_compiled with data set #702" assertions="1" time="0.001581"/>
        <testcase name="test_new_files_are_not_in_old_files_array_compiled with data set #703" assertions="1" time="0.001586"/>
        <testcase name="test_new_files_are_not_in_old_files_array_compiled with data set #704" assertions="1" time="0.001621"/>
        <testcase name="test_new_files_are_not_in_old_files_array_compiled with data set #705" assertions="1" time="0.001609"/>
        <testcase name="test_new_files_are_not_in_old_files_array_compiled with data set #706" assertions="1" time="0.001823"/>
        <testcase name="test_new_files_are_not_in_old_files_array_compiled with data set #707" assertions="1" time="0.002004"/>
        <testcase name="test_new_files_are_not_in_old_files_array_compiled with data set #708" assertions="1" time="0.001987"/>
        <testcase name="test_new_files_are_not_in_old_files_array_compiled with data set #709" assertions="1" time="0.001963"/>
        <testcase name="test_new_files_are_not_in_old_files_array_compiled with data set #710" assertions="1" time="0.001799"/>
        <testcase name="test_new_files_are_not_in_old_files_array_compiled with data set #711" assertions="1" time="0.001653"/>
        <testcase name="test_new_files_are_not_in_old_files_array_compiled with data set #712" assertions="1" time="0.001610"/>
        <testcase name="test_new_files_are_not_in_old_files_array_compiled with data set #713" assertions="1" time="0.001731"/>
        <testcase name="test_new_files_are_not_in_old_files_array_compiled with data set #714" assertions="1" time="0.001607"/>
        <testcase name="test_new_files_are_not_in_old_files_array_compiled with data set #715" assertions="1" time="0.001992"/>
        <testcase name="test_new_files_are_not_in_old_files_array_compiled with data set #716" assertions="1" time="0.002284"/>
      </testsuite>
    </testsuite>
    <testsuite name="Tests_AdminBar" file="/Users/msaari/wordpress-develop/tests/phpunit/tests/adminbar.php" tests="26" assertions="83" failures="0" errors="0" time="0.086572">
      <testcase name="test_content_post_type" class="Tests_AdminBar" file="/Users/msaari/wordpress-develop/tests/phpunit/tests/adminbar.php" line="32" assertions="2" time="0.002500"/>
      <testcase name="test_merging_existing_meta_values" class="Tests_AdminBar" file="/Users/msaari/wordpress-develop/tests/phpunit/tests/adminbar.php" line="51" assertions="2" time="0.002707"/>
      <testcase name="test_admin_bar_contains_correct_links_for_users_with_no_role" class="Tests_AdminBar" file="/Users/msaari/wordpress-develop/tests/phpunit/tests/adminbar.php" line="87" assertions="7" time="0.003066"/>
      <testcase name="test_admin_bar_contains_correct_links_for_users_with_role" class="Tests_AdminBar" file="/Users/msaari/wordpress-develop/tests/phpunit/tests/adminbar.php" line="112" assertions="7" time="0.002774"/>
      <testsuite name="Tests_AdminBar::test_admin_bar_with_tabindex_meta" tests="8" assertions="8" failures="0" errors="0" time="0.014449">
        <testcase name="test_admin_bar_with_tabindex_meta with data set #0" assertions="1" time="0.001718"/>
        <testcase name="test_admin_bar_with_tabindex_meta with data set #1" assertions="1" time="0.001580"/>
        <testcase name="test_admin_bar_with_tabindex_meta with data set #2" assertions="1" time="0.001573"/>
        <testcase name="test_admin_bar_with_tabindex_meta with data set #3" assertions="1" time="0.001919"/>
        <testcase name="test_admin_bar_with_tabindex_meta with data set #4" assertions="1" time="0.002273"/>
        <testcase name="test_admin_bar_with_tabindex_meta with data set #5" assertions="1" time="0.001962"/>
        <testcase name="test_admin_bar_with_tabindex_meta with data set #6" assertions="1" time="0.001699"/>
        <testcase name="test_admin_bar_with_tabindex_meta with data set #7" assertions="1" time="0.001725"/>
      </testsuite>
      <testcase name="test_admin_bar_has_edit_link_for_existing_posts" class="Tests_AdminBar" file="/Users/msaari/wordpress-develop/tests/phpunit/tests/adminbar.php" line="348" assertions="3" time="0.009532"/>
      <testcase name="test_admin_bar_has_no_edit_link_for_non_existing_posts" class="Tests_AdminBar" file="/Users/msaari/wordpress-develop/tests/phpunit/tests/adminbar.php" line="375" assertions="3" time="0.003205"/>
      <testcase name="test_admin_bar_has_no_archives_link_if_no_static_front_page" class="Tests_AdminBar" file="/Users/msaari/wordpress-develop/tests/phpunit/tests/adminbar.php" line="394" assertions="3" time="0.002020"/>
      <testcase name="test_admin_bar_contains_view_archive_link_if_static_front_page" class="Tests_AdminBar" file="/Users/msaari/wordpress-develop/tests/phpunit/tests/adminbar.php" line="408" assertions="3" time="0.002560"/>
      <testcase name="test_admin_bar_has_no_archives_link_for_pages" class="Tests_AdminBar" file="/Users/msaari/wordpress-develop/tests/phpunit/tests/adminbar.php" line="423" assertions="3" time="0.002066"/>
      <testcase name="test_admin_bar_contains_correct_about_link_for_users_with_role" class="Tests_AdminBar" file="/Users/msaari/wordpress-develop/tests/phpunit/tests/adminbar.php" line="438" assertions="6" time="0.002741"/>
      <testcase name="test_admin_bar_contains_correct_about_link_for_users_with_no_role" class="Tests_AdminBar" file="/Users/msaari/wordpress-develop/tests/phpunit/tests/adminbar.php" line="455" assertions="7" time="0.002812"/>
      <testcase name="test_admin_bar_has_no_archives_link_for_non_public_cpt" class="Tests_AdminBar" file="/Users/msaari/wordpress-develop/tests/phpunit/tests/adminbar.php" line="493" assertions="3" time="0.002644"/>
      <testcase name="test_admin_bar_has_no_archives_link_for_cpt_without_archive" class="Tests_AdminBar" file="/Users/msaari/wordpress-develop/tests/phpunit/tests/adminbar.php" line="517" assertions="3" time="0.002014"/>
      <testcase name="test_admin_bar_has_no_archives_link_for_cpt_not_shown_in_admin_bar" class="Tests_AdminBar" file="/Users/msaari/wordpress-develop/tests/phpunit/tests/adminbar.php" line="541" assertions="3" time="0.001873"/>
      <testcase name="test_new_user_link_exists_for_user_with_create_users" class="Tests_AdminBar" file="/Users/msaari/wordpress-develop/tests/phpunit/tests/adminbar.php" line="597" assertions="5" time="0.003846"/>
      <testcase name="test_new_user_link_existence_for_user_with_promote_users" class="Tests_AdminBar" file="/Users/msaari/wordpress-develop/tests/phpunit/tests/adminbar.php" line="616" assertions="5" time="0.003174"/>
      <testcase name="test_new_user_link_does_not_exist_for_user_without_create_or_promote_users" class="Tests_AdminBar" file="/Users/msaari/wordpress-develop/tests/phpunit/tests/adminbar.php" line="639" assertions="5" time="0.003675"/>
      <testcase name="test_customize_link" class="Tests_AdminBar" file="/Users/msaari/wordpress-develop/tests/phpunit/tests/adminbar.php" line="658" assertions="5" time="0.018914"/>
    </testsuite>
    <testsuite name="Tests_Attachment_Slashes" file="/Users/msaari/wordpress-develop/tests/phpunit/tests/attachment/slashes.php" tests="1" assertions="6" failures="0" errors="0" time="0.021546">
      <testcase name="test_wp_insert_attachment" class="Tests_Attachment_Slashes" file="/Users/msaari/wordpress-develop/tests/phpunit/tests/attachment/slashes.php" line="28" assertions="6" time="0.021546"/>
    </testsuite>
    <testsuite name="Tests_Auth" file="/Users/msaari/wordpress-develop/tests/phpunit/tests/auth.php" tests="18" assertions="55" failures="0" errors="0" time="0.251587">
      <testcase name="test_auth_cookie_valid" class="Tests_Auth" file="/Users/msaari/wordpress-develop/tests/phpunit/tests/auth.php" line="38" assertions="1" time="0.005262"/>
      <testcase name="test_auth_cookie_invalid" class="Tests_Auth" file="/Users/msaari/wordpress-develop/tests/phpunit/tests/auth.php" line="43" assertions="3" time="0.006018"/>
      <testcase name="test_auth_cookie_scheme" class="Tests_Auth" file="/Users/msaari/wordpress-develop/tests/phpunit/tests/auth.php" line="59" assertions="2" time="0.005490"/>
      <testcase name="test_password_trimming" class="Tests_Auth" file="/Users/msaari/wordpress-develop/tests/phpunit/tests/auth.php" line="72" assertions="8" time="0.023862"/>
      <testcase name="test_wp_hash_password_trimming" class="Tests_Auth" file="/Users/msaari/wordpress-develop/tests/phpunit/tests/auth.php" line="97" assertions="5" time="0.021109"/>
      <testcase name="test_wp_verify_nonce_with_empty_arg" class="Tests_Auth" file="/Users/msaari/wordpress-develop/tests/phpunit/tests/auth.php" line="118" assertions="2" time="0.002221"/>
      <testcase name="test_wp_verify_nonce_with_integer_arg" class="Tests_Auth" file="/Users/msaari/wordpress-develop/tests/phpunit/tests/auth.php" line="126" assertions="1" time="0.002288"/>
      <testcase name="test_wp_nonce_verify_failed" class="Tests_Auth" file="/Users/msaari/wordpress-develop/tests/phpunit/tests/auth.php" line="133" assertions="1" time="0.002572"/>
      <testcase name="test_wp_nonce_verify_success" class="Tests_Auth" file="/Users/msaari/wordpress-develop/tests/phpunit/tests/auth.php" line="145" assertions="1" time="0.002294"/>
      <testcase name="test_check_admin_referer_with_no_action_triggers_doing_it_wrong" class="Tests_Auth" file="/Users/msaari/wordpress-develop/tests/phpunit/tests/auth.php" line="157" assertions="2" time="0.002092"/>
      <testcase name="test_check_ajax_referer_with_no_action_triggers_doing_it_wrong" class="Tests_Auth" file="/Users/msaari/wordpress-develop/tests/phpunit/tests/auth.php" line="171" assertions="2" time="0.002013"/>
      <testcase name="test_password_length_limit" class="Tests_Auth" file="/Users/msaari/wordpress-develop/tests/phpunit/tests/auth.php" line="182" assertions="12" time="0.124804"/>
      <testcase name="test_user_activation_key_is_checked" class="Tests_Auth" file="/Users/msaari/wordpress-develop/tests/phpunit/tests/auth.php" line="232" assertions="6" time="0.010459"/>
      <testcase name="test_expired_user_activation_key_is_rejected" class="Tests_Auth" file="/Users/msaari/wordpress-develop/tests/phpunit/tests/auth.php" line="269" assertions="1" time="0.006999"/>
      <testcase name="test_empty_user_activation_key_fails_key_check" class="Tests_Auth" file="/Users/msaari/wordpress-develop/tests/phpunit/tests/auth.php" line="291" assertions="2" time="0.002822"/>
      <testcase name="test_legacy_user_activation_key_is_rejected" class="Tests_Auth" file="/Users/msaari/wordpress-develop/tests/phpunit/tests/auth.php" line="304" assertions="2" time="0.006810"/>
      <testcase name="test_plaintext_user_activation_key_is_rejected" class="Tests_Auth" file="/Users/msaari/wordpress-develop/tests/phpunit/tests/auth.php" line="333" assertions="2" time="0.003927"/>
      <testcase name="test_log_in_using_email" class="Tests_Auth" file="/Users/msaari/wordpress-develop/tests/phpunit/tests/auth.php" line="363" assertions="2" time="0.020545"/>
    </testsuite>
    <testsuite name="Tests_Avatar" file="/Users/msaari/wordpress-develop/tests/phpunit/tests/avatar.php" tests="17" assertions="30" failures="0" errors="0" time="0.052843">
      <testcase name="test_get_avatar_url_gravatar_url" class="Tests_Avatar" file="/Users/msaari/wordpress-develop/tests/phpunit/tests/avatar.php" line="12" assertions="1" time="0.002555"/>
      <testcase name="test_get_avatar_url_size" class="Tests_Avatar" file="/Users/msaari/wordpress-develop/tests/phpunit/tests/avatar.php" line="20" assertions="2" time="0.001900"/>
      <testcase name="test_get_avatar_url_default" class="Tests_Avatar" file="/Users/msaari/wordpress-develop/tests/phpunit/tests/avatar.php" line="32" assertions="4" time="0.001943"/>
      <testcase name="test_get_avatar_url_rating" class="Tests_Avatar" file="/Users/msaari/wordpress-develop/tests/phpunit/tests/avatar.php" line="49" assertions="2" time="0.001988"/>
      <testcase name="test_get_avatar_url_scheme" class="Tests_Avatar" file="/Users/msaari/wordpress-develop/tests/phpunit/tests/avatar.php" line="61" assertions="3" time="0.002539"/>
      <testcase name="test_get_avatar_url_user" class="Tests_Avatar" file="/Users/msaari/wordpress-develop/tests/phpunit/tests/avatar.php" line="77" assertions="5" time="0.010892"/>
      <testcase name="test_pre_get_avatar_url_filter" class="Tests_Avatar" file="/Users/msaari/wordpress-develop/tests/phpunit/tests/avatar.php" line="110" assertions="1" time="0.001829"/>
      <testcase name="test_get_avatar_url_filter" class="Tests_Avatar" file="/Users/msaari/wordpress-develop/tests/phpunit/tests/avatar.php" line="127" assertions="1" time="0.002002"/>
      <testcase name="test_get_avatar_comment_types_filter" class="Tests_Avatar" file="/Users/msaari/wordpress-develop/tests/phpunit/tests/avatar.php" line="143" assertions="2" time="0.009962"/>
      <testcase name="test_get_avatar" class="Tests_Avatar" file="/Users/msaari/wordpress-develop/tests/phpunit/tests/avatar.php" line="170" assertions="1" time="0.002093"/>
      <testcase name="test_get_avatar_size" class="Tests_Avatar" file="/Users/msaari/wordpress-develop/tests/phpunit/tests/avatar.php" line="175" assertions="1" time="0.001888"/>
      <testcase name="test_get_avatar_alt" class="Tests_Avatar" file="/Users/msaari/wordpress-develop/tests/phpunit/tests/avatar.php" line="181" assertions="1" time="0.002008"/>
      <testcase name="test_get_avatar_class" class="Tests_Avatar" file="/Users/msaari/wordpress-develop/tests/phpunit/tests/avatar.php" line="187" assertions="1" time="0.002170"/>
      <testcase name="test_get_avatar_default_class" class="Tests_Avatar" file="/Users/msaari/wordpress-develop/tests/phpunit/tests/avatar.php" line="193" assertions="1" time="0.002396"/>
      <testcase name="test_get_avatar_force_display" class="Tests_Avatar" file="/Users/msaari/wordpress-develop/tests/phpunit/tests/avatar.php" line="198" assertions="2" time="0.003035"/>
      <testcase name="test_pre_get_avatar_filter" class="Tests_Avatar" file="/Users/msaari/wordpress-develop/tests/phpunit/tests/avatar.php" line="214" assertions="1" time="0.001743"/>
      <testcase name="test_get_avatar_filter" class="Tests_Avatar" file="/Users/msaari/wordpress-develop/tests/phpunit/tests/avatar.php" line="230" assertions="1" time="0.001900"/>
    </testsuite>
    <testsuite name="Tests_Basic" file="/Users/msaari/wordpress-develop/tests/phpunit/tests/basic.php" tests="5" assertions="10" failures="0" errors="0" time="0.009866">
      <testcase name="test_license" class="Tests_Basic" file="/Users/msaari/wordpress-develop/tests/phpunit/tests/basic.php" line="10" assertions="1" time="0.001921"/>
      <testcase name="test_package_json" class="Tests_Basic" file="/Users/msaari/wordpress-develop/tests/phpunit/tests/basic.php" line="20" assertions="1" time="0.002070"/>
      <testcase name="test_package_json_node_engine" class="Tests_Basic" file="/Users/msaari/wordpress-develop/tests/phpunit/tests/basic.php" line="35" assertions="3" time="0.002180"/>
      <testcase name="test_strip_ws" class="Tests_Basic" file="/Users/msaari/wordpress-develop/tests/phpunit/tests/basic.php" line="44" assertions="4" time="0.001876"/>
      <testcase name="test_mask_input_value" class="Tests_Basic" file="/Users/msaari/wordpress-develop/tests/phpunit/tests/basic.php" line="71" assertions="1" time="0.001819"/>
    </testsuite>
    <testsuite name="Tests_Bookmark_GetBookmarks" file="/Users/msaari/wordpress-develop/tests/phpunit/tests/bookmark/getBookmarks.php" tests="3" assertions="6" failures="0" errors="0" time="0.017079">
      <testcase name="test_should_hit_cache" class="Tests_Bookmark_GetBookmarks" file="/Users/msaari/wordpress-develop/tests/phpunit/tests/bookmark/getBookmarks.php" line="7" assertions="2" time="0.005261"/>
      <testcase name="test_adding_bookmark_should_bust_get_bookmarks_cache" class="Tests_Bookmark_GetBookmarks" file="/Users/msaari/wordpress-develop/tests/phpunit/tests/bookmark/getBookmarks.php" line="30" assertions="2" time="0.005558"/>
      <testcase name="test_orderby_rand_should_not_be_cached" class="Tests_Bookmark_GetBookmarks" file="/Users/msaari/wordpress-develop/tests/phpunit/tests/bookmark/getBookmarks.php" line="64" assertions="2" time="0.006260"/>
    </testsuite>
    <testsuite name="Tests_Cache" file="/Users/msaari/wordpress-develop/tests/phpunit/tests/cache.php" tests="18" assertions="66" failures="0" errors="0" time="0.031921">
      <testcase name="test_miss" class="Tests_Cache" file="/Users/msaari/wordpress-develop/tests/phpunit/tests/cache.php" line="29" assertions="1" time="0.001604"/>
      <testcase name="test_add_get" class="Tests_Cache" file="/Users/msaari/wordpress-develop/tests/phpunit/tests/cache.php" line="33" assertions="1" time="0.001816"/>
      <testcase name="test_add_get_0" class="Tests_Cache" file="/Users/msaari/wordpress-develop/tests/phpunit/tests/cache.php" line="41" assertions="1" time="0.001971"/>
      <testcase name="test_add_get_null" class="Tests_Cache" file="/Users/msaari/wordpress-develop/tests/phpunit/tests/cache.php" line="50" assertions="2" time="0.002269"/>
      <testcase name="test_add" class="Tests_Cache" file="/Users/msaari/wordpress-develop/tests/phpunit/tests/cache.php" line="59" assertions="4" time="0.001813"/>
      <testcase name="test_replace" class="Tests_Cache" file="/Users/msaari/wordpress-develop/tests/phpunit/tests/cache.php" line="72" assertions="6" time="0.001659"/>
      <testcase name="test_set" class="Tests_Cache" file="/Users/msaari/wordpress-develop/tests/phpunit/tests/cache.php" line="86" assertions="4" time="0.001638"/>
      <testcase name="test_flush" class="Tests_Cache" file="/Users/msaari/wordpress-develop/tests/phpunit/tests/cache.php" line="99" assertions="2" time="0.001606"/>
      <testcase name="test_object_refs" class="Tests_Cache" file="/Users/msaari/wordpress-develop/tests/phpunit/tests/cache.php" line="118" assertions="4" time="0.001654"/>
      <testcase name="test_incr" class="Tests_Cache" file="/Users/msaari/wordpress-develop/tests/phpunit/tests/cache.php" line="140" assertions="3" time="0.001784"/>
      <testcase name="test_wp_cache_incr" class="Tests_Cache" file="/Users/msaari/wordpress-develop/tests/phpunit/tests/cache.php" line="153" assertions="3" time="0.001802"/>
      <testcase name="test_decr" class="Tests_Cache" file="/Users/msaari/wordpress-develop/tests/phpunit/tests/cache.php" line="166" assertions="4" time="0.001954"/>
      <testcase name="test_wp_cache_decr" class="Tests_Cache" file="/Users/msaari/wordpress-develop/tests/phpunit/tests/cache.php" line="186" assertions="4" time="0.002054"/>
      <testcase name="test_delete" class="Tests_Cache" file="/Users/msaari/wordpress-develop/tests/phpunit/tests/cache.php" line="203" assertions="5" time="0.001724"/>
      <testcase name="test_wp_cache_delete" class="Tests_Cache" file="/Users/msaari/wordpress-develop/tests/phpunit/tests/cache.php" line="218" assertions="5" time="0.001740"/>
      <testcase name="test_switch_to_blog" class="Tests_Cache" file="/Users/msaari/wordpress-develop/tests/phpunit/tests/cache.php" line="237" assertions="12" time="0.001618"/>
      <testcase name="test_wp_cache_init" class="Tests_Cache" file="/Users/msaari/wordpress-develop/tests/phpunit/tests/cache.php" line="283" assertions="1" time="0.001686"/>
      <testcase name="test_wp_cache_replace" class="Tests_Cache" file="/Users/msaari/wordpress-develop/tests/phpunit/tests/cache.php" line="297" assertions="4" time="0.001529"/>
    </testsuite>
    <testsuite name="Tests_Canonical" file="/Users/msaari/wordpress-develop/tests/phpunit/tests/canonical.php" tests="54" assertions="66" failures="0" errors="0" time="0.428059">
      <testsuite name="Tests_Canonical::test_canonical" tests="54" assertions="66" failures="0" errors="0" time="0.428059">
        <testcase name="test_canonical with data set #0" assertions="1" time="0.006821"/>
        <testcase name="test_canonical with data set #1" assertions="1" time="0.007383"/>
        <testcase name="test_canonical with data set #2" assertions="1" time="0.007557"/>
        <testcase name="test_canonical with data set #3" assertions="2" time="0.012905"/>
        <testcase name="test_canonical with data set #4" assertions="2" time="0.012201"/>
        <testcase name="test_canonical with data set #5" assertions="2" time="0.009943"/>
        <testcase name="test_canonical with data set #6" assertions="2" time="0.008877"/>
        <testcase name="test_canonical with data set #7" assertions="3" time="0.009848"/>
        <testcase name="test_canonical with data set #8" assertions="3" time="0.008475"/>
        <testcase name="test_canonical with data set #9" assertions="1" time="0.007642"/>
        <testcase name="test_canonical with data set #10" assertions="3" time="0.008095"/>
        <testcase name="test_canonical with data set #11" assertions="1" time="0.008487"/>
        <testcase name="test_canonical with data set #12" assertions="1" time="0.006758"/>
        <testcase name="test_canonical with data set #13" assertions="1" time="0.007672"/>
        <testcase name="test_canonical with data set #14" assertions="1" time="0.006877"/>
        <testcase name="test_canonical with data set #15" assertions="1" time="0.007512"/>
        <testcase name="test_canonical with data set #16" assertions="1" time="0.008260"/>
        <testcase name="test_canonical with data set #17" assertions="1" time="0.008603"/>
        <testcase name="test_canonical with data set #18" assertions="1" time="0.007186"/>
        <testcase name="test_canonical with data set #19" assertions="1" time="0.007114"/>
        <testcase name="test_canonical with data set #20" assertions="1" time="0.007623"/>
        <testcase name="test_canonical with data set #21" assertions="1" time="0.007129"/>
        <testcase name="test_canonical with data set #22" assertions="1" time="0.007450"/>
        <testcase name="test_canonical with data set #23" assertions="1" time="0.007042"/>
        <testcase name="test_canonical with data set #24" assertions="1" time="0.007529"/>
        <testcase name="test_canonical with data set #25" assertions="2" time="0.008013"/>
        <testcase name="test_canonical with data set #26" assertions="1" time="0.007087"/>
        <testcase name="test_canonical with data set #27" assertions="1" time="0.006895"/>
        <testcase name="test_canonical with data set #28" assertions="1" time="0.008806"/>
        <testcase name="test_canonical with data set #29" assertions="1" time="0.007265"/>
        <testcase name="test_canonical with data set #30" assertions="1" time="0.006994"/>
        <testcase name="test_canonical with data set #31" assertions="1" time="0.009266"/>
        <testcase name="test_canonical with data set #32" assertions="1" time="0.009429"/>
        <testcase name="test_canonical with data set #33" assertions="1" time="0.009394"/>
        <testcase name="test_canonical with data set #34" assertions="1" time="0.007585"/>
        <testcase name="test_canonical with data set #35" assertions="1" time="0.007879"/>
        <testcase name="test_canonical with data set #36" assertions="1" time="0.008899"/>
        <testcase name="test_canonical with data set #37" assertions="1" time="0.007634"/>
        <testcase name="test_canonical with data set #38" assertions="1" time="0.006367"/>
        <testcase name="test_canonical with data set #39" assertions="2" time="0.006747"/>
        <testcase name="test_canonical with data set #40" assertions="1" time="0.008107"/>
        <testcase name="test_canonical with data set #41" assertions="1" time="0.010045"/>
        <testcase name="test_canonical with data set #42" assertions="1" time="0.007171"/>
        <testcase name="test_canonical with data set #43" assertions="1" time="0.008422"/>
        <testcase name="test_canonical with data set #44" assertions="1" time="0.007080"/>
        <testcase name="test_canonical with data set #45" assertions="1" time="0.007444"/>
        <testcase name="test_canonical with data set #46" assertions="1" time="0.007164"/>
        <testcase name="test_canonical with data set #47" assertions="1" time="0.007293"/>
        <testcase name="test_canonical with data set #48" assertions="1" time="0.007027"/>
        <testcase name="test_canonical with data set #49" assertions="1" time="0.006565"/>
        <testcase name="test_canonical with data set #50" assertions="1" time="0.007182"/>
        <testcase name="test_canonical with data set #51" assertions="1" time="0.006517"/>
        <testcase name="test_canonical with data set #52" assertions="1" time="0.007414"/>
        <testcase name="test_canonical with data set #53" assertions="1" time="0.007379"/>
      </testsuite>
    </testsuite>
    <testsuite name="Tests_Canonical_Category" file="/Users/msaari/wordpress-develop/tests/phpunit/tests/canonical/category.php" tests="5" assertions="10" failures="0" errors="0" time="0.047574">
      <testsuite name="Tests_Canonical_Category::test_canonical_category" tests="5" assertions="10" failures="0" errors="0" time="0.047574">
        <testcase name="test_canonical_category with data set #0" assertions="2" time="0.011256"/>
        <testcase name="test_canonical_category with data set #1" assertions="2" time="0.009507"/>
        <testcase name="test_canonical_category with data set #2" assertions="2" time="0.008978"/>
        <testcase name="test_canonical_category with data set #3" assertions="2" time="0.009309"/>
        <testcase name="test_canonical_category with data set #4" assertions="2" time="0.008523"/>
      </testsuite>
    </testsuite>
    <testsuite name="Tests_Canonical_CustomRules" file="/Users/msaari/wordpress-develop/tests/phpunit/tests/canonical/customRules.php" tests="2" assertions="4" failures="0" errors="0" time="0.025489">
      <testsuite name="Tests_Canonical_CustomRules::test" tests="2" assertions="4" failures="0" errors="0" time="0.025489">
        <testcase name="test with data set #0" assertions="2" time="0.013210"/>
        <testcase name="test with data set #1" assertions="2" time="0.012279"/>
      </testsuite>
    </testsuite>
    <testsuite name="Tests_Canonical_HTTPS" file="/Users/msaari/wordpress-develop/tests/phpunit/tests/canonical/https.php" tests="3" assertions="3" failures="0" errors="0" time="0.019761">
      <testcase name="test_http_request_with_http_home" class="Tests_Canonical_HTTPS" file="/Users/msaari/wordpress-develop/tests/phpunit/tests/canonical/https.php" line="26" assertions="1" time="0.006267"/>
      <testcase name="test_https_request_with_http_home" class="Tests_Canonical_HTTPS" file="/Users/msaari/wordpress-develop/tests/phpunit/tests/canonical/https.php" line="37" assertions="1" time="0.006419"/>
      <testcase name="test_https_request_with_https_home" class="Tests_Canonical_HTTPS" file="/Users/msaari/wordpress-develop/tests/phpunit/tests/canonical/https.php" line="48" assertions="1" time="0.007075"/>
    </testsuite>
    <testsuite name="Tests_Canonical_NoRewrite" file="/Users/msaari/wordpress-develop/tests/phpunit/tests/canonical/noRewrite.php" tests="55" assertions="103" failures="0" errors="0" time="0.412647">
      <testsuite name="Tests_Canonical_NoRewrite::test" tests="55" assertions="103" failures="0" errors="0" time="0.412647">
        <testcase name="test with data set #0" assertions="1" time="0.007766"/>
        <testcase name="test with data set #1" assertions="1" time="0.006635"/>
        <testcase name="test with data set #2" assertions="1" time="0.006906"/>
        <testcase name="test with data set #3" assertions="3" time="0.009677"/>
        <testcase name="test with data set #4" assertions="3" time="0.007591"/>
        <testcase name="test with data set #5" assertions="3" time="0.008300"/>
        <testcase name="test with data set #6" assertions="3" time="0.008073"/>
        <testcase name="test with data set #7" assertions="3" time="0.007608"/>
        <testcase name="test with data set #8" assertions="3" time="0.007430"/>
        <testcase name="test with data set #9" assertions="3" time="0.007621"/>
        <testcase name="test with data set #10" assertions="3" time="0.007761"/>
        <testcase name="test with data set #11" assertions="3" time="0.007751"/>
        <testcase name="test with data set #12" assertions="3" time="0.008064"/>
        <testcase name="test with data set #13" assertions="3" time="0.007639"/>
        <testcase name="test with data set #14" assertions="3" time="0.007830"/>
        <testcase name="test with data set #15" assertions="3" time="0.007629"/>
        <testcase name="test with data set #16" assertions="3" time="0.007677"/>
        <testcase name="test with data set #17" assertions="3" time="0.007721"/>
        <testcase name="test with data set #18" assertions="3" time="0.007994"/>
        <testcase name="test with data set #19" assertions="3" time="0.007847"/>
        <testcase name="test with data set #20" assertions="3" time="0.008029"/>
        <testcase name="test with data set #21" assertions="3" time="0.007755"/>
        <testcase name="test with data set #22" assertions="3" time="0.007898"/>
        <testcase name="test with data set #23" assertions="3" time="0.008075"/>
        <testcase name="test with data set #24" assertions="3" time="0.008169"/>
        <testcase name="test with data set #25" assertions="3" time="0.007535"/>
        <testcase name="test with data set #26" assertions="3" time="0.007792"/>
        <testcase name="test with data set #27" assertions="1" time="0.009162"/>
        <testcase name="test with data set #28" assertions="1" time="0.007607"/>
        <testcase name="test with data set #29" assertions="1" time="0.006996"/>
        <testcase name="test with data set #30" assertions="1" time="0.006744"/>
        <testcase name="test with data set #31" assertions="1" time="0.007477"/>
        <testcase name="test with data set #32" assertions="1" time="0.007243"/>
        <testcase name="test with data set #33" assertions="1" time="0.007370"/>
        <testcase name="test with data set #34" assertions="1" time="0.007058"/>
        <testcase name="test with data set #35" assertions="1" time="0.006937"/>
        <testcase name="test with data set #36" assertions="1" time="0.006866"/>
        <testcase name="test with data set #37" assertions="1" time="0.006779"/>
        <testcase name="test with data set #38" assertions="1" time="0.007156"/>
        <testcase name="test with data set #39" assertions="1" time="0.007029"/>
        <testcase name="test with data set #40" assertions="1" time="0.007214"/>
        <testcase name="test with data set #41" assertions="1" time="0.007278"/>
        <testcase name="test with data set #42" assertions="1" time="0.007096"/>
        <testcase name="test with data set #43" assertions="1" time="0.007306"/>
        <testcase name="test with data set #44" assertions="1" time="0.006765"/>
        <testcase name="test with data set #45" assertions="1" time="0.007022"/>
        <testcase name="test with data set #46" assertions="1" time="0.007115"/>
        <testcase name="test with data set #47" assertions="1" time="0.007065"/>
        <testcase name="test with data set #48" assertions="1" time="0.007240"/>
        <testcase name="test with data set #49" assertions="1" time="0.007455"/>
        <testcase name="test with data set #50" assertions="1" time="0.007095"/>
        <testcase name="test with data set #51" assertions="1" time="0.006498"/>
        <testcase name="test with data set #52" assertions="1" time="0.006735"/>
        <testcase name="test with data set #53" assertions="1" time="0.008355"/>
        <testcase name="test with data set #54" assertions="1" time="0.007211"/>
      </testsuite>
    </testsuite>
    <testsuite name="Tests_Canonical_PageOnFront" file="/Users/msaari/wordpress-develop/tests/phpunit/tests/canonical/pageOnFront.php" tests="8" assertions="8" failures="0" errors="0" time="0.112360">
      <testsuite name="Tests_Canonical_PageOnFront::test" tests="8" assertions="8" failures="0" errors="0" time="0.112360">
        <testcase name="test with data set #0" assertions="1" time="0.013086"/>
        <testcase name="test with data set #1" assertions="1" time="0.013979"/>
        <testcase name="test with data set #2" assertions="1" time="0.013481"/>
        <testcase name="test with data set #3" assertions="1" time="0.013364"/>
        <testcase name="test with data set #4" assertions="1" time="0.014174"/>
        <testcase name="test with data set #5" assertions="1" time="0.013689"/>
        <testcase name="test with data set #6" assertions="1" time="0.014237"/>
        <testcase name="test with data set #7" assertions="1" time="0.016350"/>
      </testsuite>
    </testsuite>
    <testsuite name="Tests_Canonical_Paged" file="/Users/msaari/wordpress-develop/tests/phpunit/tests/canonical/paged.php" tests="1" assertions="1" failures="0" errors="0" time="0.018177">
      <testcase name="test_nextpage" class="Tests_Canonical_Paged" file="/Users/msaari/wordpress-develop/tests/phpunit/tests/canonical/paged.php" line="9" assertions="1" time="0.018177"/>
    </testsuite>
    <testsuite name="Tests_Category" file="/Users/msaari/wordpress-develop/tests/phpunit/tests/category.php" tests="6" assertions="42" failures="0" errors="0" time="0.068064">
      <testcase name="test_get_all_category_ids" class="Tests_Category" file="/Users/msaari/wordpress-develop/tests/phpunit/tests/category.php" line="22" assertions="2" time="0.011181"/>
      <testcase name="test_get_category_by_slug" class="Tests_Category" file="/Users/msaari/wordpress-develop/tests/phpunit/tests/category.php" line="38" assertions="3" time="0.009955"/>
      <testcase name="test__make_cat_compat" class="Tests_Category" file="/Users/msaari/wordpress-develop/tests/phpunit/tests/category.php" line="68" assertions="24" time="0.008737"/>
      <testcase name="test_get_cat_name" class="Tests_Category" file="/Users/msaari/wordpress-develop/tests/phpunit/tests/category.php" line="145" assertions="3" time="0.005749"/>
      <testcase name="test_get_cat_ID" class="Tests_Category" file="/Users/msaari/wordpress-develop/tests/phpunit/tests/category.php" line="165" assertions="3" time="0.006181"/>
      <testcase name="test_get_category_by_path" class="Tests_Category" file="/Users/msaari/wordpress-develop/tests/phpunit/tests/category.php" line="185" assertions="7" time="0.026261"/>
    </testsuite>
    <testsuite name="Tests_Category_CategoryDescription" file="/Users/msaari/wordpress-develop/tests/phpunit/tests/category/categoryDescription.php" tests="4" assertions="4" failures="0" errors="0" time="0.019944">
      <testcase name="test_success_query_by_id" class="Tests_Category_CategoryDescription" file="/Users/msaari/wordpress-develop/tests/phpunit/tests/category/categoryDescription.php" line="8" assertions="1" time="0.005584"/>
      <testcase name="test_success_query_by_object" class="Tests_Category_CategoryDescription" file="/Users/msaari/wordpress-develop/tests/phpunit/tests/category/categoryDescription.php" line="22" assertions="1" time="0.005530"/>
      <testcase name="test_should_return_description_for_term_from_another_taxonomy_on_primed_cache" class="Tests_Category_CategoryDescription" file="/Users/msaari/wordpress-develop/tests/phpunit/tests/category/categoryDescription.php" line="43" assertions="1" time="0.004421"/>
      <testcase name="test_should_return_description_for_term_from_another_taxonomy_on_empty_cache" class="Tests_Category_CategoryDescription" file="/Users/msaari/wordpress-develop/tests/phpunit/tests/category/categoryDescription.php" line="67" assertions="1" time="0.004409"/>
    </testsuite>
    <testsuite name="Tests_Category_GetCategories" file="/Users/msaari/wordpress-develop/tests/phpunit/tests/category/getCategories.php" tests="1" assertions="1" failures="0" errors="0" time="0.001833">
      <testcase name="test_wp_error_should_return_an_empty_array" class="Tests_Category_GetCategories" file="/Users/msaari/wordpress-develop/tests/phpunit/tests/category/getCategories.php" line="11" assertions="1" time="0.001833"/>
    </testsuite>
    <testsuite name="Tests_Category_GetCategoryLink" file="/Users/msaari/wordpress-develop/tests/phpunit/tests/category/getCategoryLink.php" tests="3" assertions="3" failures="0" errors="0" time="0.013961">
      <testcase name="test_success" class="Tests_Category_GetCategoryLink" file="/Users/msaari/wordpress-develop/tests/phpunit/tests/category/getCategoryLink.php" line="8" assertions="1" time="0.005051"/>
      <testcase name="test_should_return_link_for_term_from_another_taxonomy_on_primed_cache" class="Tests_Category_GetCategoryLink" file="/Users/msaari/wordpress-develop/tests/phpunit/tests/category/getCategoryLink.php" line="20" assertions="1" time="0.004565"/>
      <testcase name="test_should_return_link_for_term_from_another_taxonomy_on_empty_cache" class="Tests_Category_GetCategoryLink" file="/Users/msaari/wordpress-develop/tests/phpunit/tests/category/getCategoryLink.php" line="41" assertions="1" time="0.004345"/>
    </testsuite>
    <testsuite name="Tests_Category_GetCategoryParents" file="/Users/msaari/wordpress-develop/tests/phpunit/tests/category/getCategoryParents.php" tests="8" assertions="8" failures="0" errors="0" time="0.066724">
      <testcase name="test_should_return_wp_error_for_invalid_category" class="Tests_Category_GetCategoryParents" file="/Users/msaari/wordpress-develop/tests/phpunit/tests/category/getCategoryParents.php" line="21" assertions="1" time="0.008219"/>
      <testcase name="test_with_default_parameters" class="Tests_Category_GetCategoryParents" file="/Users/msaari/wordpress-develop/tests/phpunit/tests/category/getCategoryParents.php" line="25" assertions="1" time="0.008351"/>
      <testcase name="test_link_true" class="Tests_Category_GetCategoryParents" file="/Users/msaari/wordpress-develop/tests/phpunit/tests/category/getCategoryParents.php" line="31" assertions="1" time="0.008540"/>
      <testcase name="test_separator" class="Tests_Category_GetCategoryParents" file="/Users/msaari/wordpress-develop/tests/phpunit/tests/category/getCategoryParents.php" line="37" assertions="1" time="0.008476"/>
      <testcase name="test_nicename_false" class="Tests_Category_GetCategoryParents" file="/Users/msaari/wordpress-develop/tests/phpunit/tests/category/getCategoryParents.php" line="43" assertions="1" time="0.008259"/>
      <testcase name="test_nicename_true" class="Tests_Category_GetCategoryParents" file="/Users/msaari/wordpress-develop/tests/phpunit/tests/category/getCategoryParents.php" line="49" assertions="1" time="0.008542"/>
      <testcase name="test_deprecated_argument_visited" class="Tests_Category_GetCategoryParents" file="/Users/msaari/wordpress-develop/tests/phpunit/tests/category/getCategoryParents.php" line="55" assertions="1" time="0.008209"/>
      <testcase name="test_category_without_parents" class="Tests_Category_GetCategoryParents" file="/Users/msaari/wordpress-develop/tests/phpunit/tests/category/getCategoryParents.php" line="60" assertions="1" time="0.008128"/>
    </testsuite>
    <testsuite name="Tests_Category_GetTheCategoryById" file="/Users/msaari/wordpress-develop/tests/phpunit/tests/category/getTheCategoryById.php" tests="3" assertions="3" failures="0" errors="0" time="0.014182">
      <testcase name="test_success" class="Tests_Category_GetTheCategoryById" file="/Users/msaari/wordpress-develop/tests/phpunit/tests/category/getTheCategoryById.php" line="8" assertions="1" time="0.005490"/>
      <testcase name="test_should_return_link_for_term_from_another_taxonomy_on_primed_cache" class="Tests_Category_GetTheCategoryById" file="/Users/msaari/wordpress-develop/tests/phpunit/tests/category/getTheCategoryById.php" line="23" assertions="1" time="0.004179"/>
      <testcase name="test_should_return_link_for_term_from_another_taxonomy_on_empty_cache" class="Tests_Category_GetTheCategoryById" file="/Users/msaari/wordpress-develop/tests/phpunit/tests/category/getTheCategoryById.php" line="43" assertions="1" time="0.004513"/>
    </testsuite>
    <testsuite name="Tests_Category_WpDropdownCategories" file="/Users/msaari/wordpress-develop/tests/phpunit/tests/category/wpDropdownCategories.php" tests="10" assertions="16" failures="0" errors="0" time="0.084952">
      <testcase name="test_wp_dropdown_categories_value_field_should_default_to_term_id" class="Tests_Category_WpDropdownCategories" file="/Users/msaari/wordpress-develop/tests/phpunit/tests/category/wpDropdownCategories.php" line="10" assertions="1" time="0.006992"/>
      <testcase name="test_wp_dropdown_categories_value_field_term_id" class="Tests_Category_WpDropdownCategories" file="/Users/msaari/wordpress-develop/tests/phpunit/tests/category/wpDropdownCategories.php" line="34" assertions="1" time="0.007707"/>
      <testcase name="test_wp_dropdown_categories_value_field_slug" class="Tests_Category_WpDropdownCategories" file="/Users/msaari/wordpress-develop/tests/phpunit/tests/category/wpDropdownCategories.php" line="59" assertions="1" time="0.007065"/>
      <testcase name="test_wp_dropdown_categories_value_field_should_fall_back_on_term_id_when_an_invalid_value_is_provided" class="Tests_Category_WpDropdownCategories" file="/Users/msaari/wordpress-develop/tests/phpunit/tests/category/wpDropdownCategories.php" line="84" assertions="1" time="0.007100"/>
      <testcase name="test_wp_dropdown_categories_selected_should_respect_custom_value_field" class="Tests_Category_WpDropdownCategories" file="/Users/msaari/wordpress-develop/tests/phpunit/tests/category/wpDropdownCategories.php" line="109" assertions="1" time="0.009991"/>
      <testcase name="test_wp_dropdown_categories_show_option_all_should_be_selected_if_no_selected_value_is_explicitly_passed_and_value_field_does_not_have_string_values" class="Tests_Category_WpDropdownCategories" file="/Users/msaari/wordpress-develop/tests/phpunit/tests/category/wpDropdownCategories.php" line="139" assertions="4" time="0.012634"/>
      <testcase name="test_wp_dropdown_categories_show_option_all_should_be_selected_if_selected_value_of_0_string_is_explicitly_passed_and_value_field_does_not_have_string_values" class="Tests_Category_WpDropdownCategories" file="/Users/msaari/wordpress-develop/tests/phpunit/tests/category/wpDropdownCategories.php" line="162" assertions="4" time="0.012592"/>
      <testcase name="test_required_true_should_add_required_attribute" class="Tests_Category_WpDropdownCategories" file="/Users/msaari/wordpress-develop/tests/phpunit/tests/category/wpDropdownCategories.php" line="186" assertions="1" time="0.006807"/>
      <testcase name="test_required_false_should_omit_required_attribute" class="Tests_Category_WpDropdownCategories" file="/Users/msaari/wordpress-develop/tests/phpunit/tests/category/wpDropdownCategories.php" line="211" assertions="1" time="0.007301"/>
      <testcase name="test_required_should_default_to_false" class="Tests_Category_WpDropdownCategories" file="/Users/msaari/wordpress-develop/tests/phpunit/tests/category/wpDropdownCategories.php" line="236" assertions="1" time="0.006763"/>
    </testsuite>
    <testsuite name="Tests_Category_WpListCategories" file="/Users/msaari/wordpress-develop/tests/phpunit/tests/category/wpListCategories.php" tests="22" assertions="53" failures="0" errors="0" time="0.247039">
      <testcase name="test_class" class="Tests_Category_WpListCategories" file="/Users/msaari/wordpress-develop/tests/phpunit/tests/category/wpListCategories.php" line="7" assertions="1" time="0.006795"/>
      <testcase name="test_class_containing_current_cat" class="Tests_Category_WpListCategories" file="/Users/msaari/wordpress-develop/tests/phpunit/tests/category/wpListCategories.php" line="20" assertions="2" time="0.010214"/>
      <testcase name="test_class_containing_current_cat_parent" class="Tests_Category_WpListCategories" file="/Users/msaari/wordpress-develop/tests/phpunit/tests/category/wpListCategories.php" line="36" assertions="2" time="0.010869"/>
      <testcase name="test_current_category_should_accept_an_array_of_ids" class="Tests_Category_WpListCategories" file="/Users/msaari/wordpress-develop/tests/phpunit/tests/category/wpListCategories.php" line="59" assertions="3" time="0.012984"/>
      <testcase name="test_should_not_create_element_when_cat_name_is_filtered_to_empty_string" class="Tests_Category_WpListCategories" file="/Users/msaari/wordpress-develop/tests/phpunit/tests/category/wpListCategories.php" line="78" assertions="4" time="0.009482"/>
      <testcase name="test_should_create_element_when_cat_name_is_zero" class="Tests_Category_WpListCategories" file="/Users/msaari/wordpress-develop/tests/phpunit/tests/category/wpListCategories.php" line="117" assertions="2" time="0.007173"/>
      <testcase name="test_show_option_all_link_should_go_to_home_page_when_show_on_front_is_false" class="Tests_Category_WpListCategories" file="/Users/msaari/wordpress-develop/tests/phpunit/tests/category/wpListCategories.php" line="135" assertions="1" time="0.009651"/>
      <testcase name="test_show_option_all_link_should_respect_page_for_posts" class="Tests_Category_WpListCategories" file="/Users/msaari/wordpress-develop/tests/phpunit/tests/category/wpListCategories.php" line="150" assertions="1" time="0.012909"/>
      <testcase name="test_show_option_all_link_should_link_to_post_type_archive_when_taxonomy_does_not_apply_to_posts" class="Tests_Category_WpListCategories" file="/Users/msaari/wordpress-develop/tests/phpunit/tests/category/wpListCategories.php" line="172" assertions="1" time="0.008773"/>
      <testcase name="test_show_option_all_link_should_not_link_to_post_type_archive_if_has_archive_is_false" class="Tests_Category_WpListCategories" file="/Users/msaari/wordpress-develop/tests/phpunit/tests/category/wpListCategories.php" line="201" assertions="1" time="0.008274"/>
      <testcase name="test_show_option_all_link_should_link_to_post_archive_if_available" class="Tests_Category_WpListCategories" file="/Users/msaari/wordpress-develop/tests/phpunit/tests/category/wpListCategories.php" line="227" assertions="1" time="0.007601"/>
      <testcase name="test_show_option_all_link_should_link_to_post_archive_if_no_associated_post_types_have_archives" class="Tests_Category_WpListCategories" file="/Users/msaari/wordpress-develop/tests/phpunit/tests/category/wpListCategories.php" line="253" assertions="1" time="0.008176"/>
      <testcase name="test_title_li_should_be_shown_by_default_for_empty_lists" class="Tests_Category_WpListCategories" file="/Users/msaari/wordpress-develop/tests/phpunit/tests/category/wpListCategories.php" line="282" assertions="1" time="0.003028"/>
      <testcase name="test_hide_title_if_empty_should_be_respected_for_empty_lists_when_true" class="Tests_Category_WpListCategories" file="/Users/msaari/wordpress-develop/tests/phpunit/tests/category/wpListCategories.php" line="295" assertions="1" time="0.001965"/>
      <testcase name="test_hide_title_if_empty_should_be_respected_for_empty_lists_when_false" class="Tests_Category_WpListCategories" file="/Users/msaari/wordpress-develop/tests/phpunit/tests/category/wpListCategories.php" line="309" assertions="1" time="0.002217"/>
      <testcase name="test_hide_title_if_empty_should_be_ignored_when_category_list_is_not_empty" class="Tests_Category_WpListCategories" file="/Users/msaari/wordpress-develop/tests/phpunit/tests/category/wpListCategories.php" line="323" assertions="1" time="0.007389"/>
      <testcase name="test_hide_title_if_empty_should_not_output_stray_closing_tags" class="Tests_Category_WpListCategories" file="/Users/msaari/wordpress-develop/tests/phpunit/tests/category/wpListCategories.php" line="340" assertions="1" time="0.004886"/>
      <testcase name="test_exclude_tree_should_be_respected" class="Tests_Category_WpListCategories" file="/Users/msaari/wordpress-develop/tests/phpunit/tests/category/wpListCategories.php" line="358" assertions="2" time="0.012858"/>
      <testcase name="test_exclude_tree_should_be_merged_with_exclude" class="Tests_Category_WpListCategories" file="/Users/msaari/wordpress-develop/tests/phpunit/tests/category/wpListCategories.php" line="390" assertions="4" time="0.019336"/>
      <testcase name="test_comma_separated_exclude_tree_should_be_merged_with_exclude" class="Tests_Category_WpListCategories" file="/Users/msaari/wordpress-develop/tests/phpunit/tests/category/wpListCategories.php" line="444" assertions="9" time="0.033239"/>
      <testcase name="test_array_exclude_tree_should_be_merged_with_exclude" class="Tests_Category_WpListCategories" file="/Users/msaari/wordpress-develop/tests/phpunit/tests/category/wpListCategories.php" line="530" assertions="9" time="0.032211"/>
      <testcase name="test_class_containing_current_cat_ancestor" class="Tests_Category_WpListCategories" file="/Users/msaari/wordpress-develop/tests/phpunit/tests/category/wpListCategories.php" line="616" assertions="4" time="0.017008"/>
    </testsuite>
    <testsuite name="Tests_Comment_Submission" file="/Users/msaari/wordpress-develop/tests/phpunit/tests/comment-submission.php" tests="34" assertions="115" failures="0" errors="0" time="0.680108">
      <testcase name="test_submitting_comment_to_invalid_post_returns_error" class="Tests_Comment_Submission" file="/Users/msaari/wordpress-develop/tests/phpunit/tests/comment-submission.php" line="15" assertions="4" time="0.001776"/>
      <testcase name="test_submitting_comment_to_post_with_closed_comments_returns_error" class="Tests_Comment_Submission" file="/Users/msaari/wordpress-develop/tests/phpunit/tests/comment-submission.php" line="31" assertions="4" time="0.010582"/>
      <testcase name="test_submitting_comment_to_trashed_post_returns_error" class="Tests_Comment_Submission" file="/Users/msaari/wordpress-develop/tests/phpunit/tests/comment-submission.php" line="53" assertions="4" time="0.022751"/>
      <testcase name="test_submitting_comment_to_draft_post_returns_error" class="Tests_Comment_Submission" file="/Users/msaari/wordpress-develop/tests/phpunit/tests/comment-submission.php" line="72" assertions="5" time="0.009447"/>
      <testcase name="test_submitting_comment_to_draft_post_returns_error_message_for_user_with_correct_caps" class="Tests_Comment_Submission" file="/Users/msaari/wordpress-develop/tests/phpunit/tests/comment-submission.php" line="97" assertions="5" time="0.022795"/>
      <testcase name="test_submitting_comment_to_scheduled_post_returns_error" class="Tests_Comment_Submission" file="/Users/msaari/wordpress-develop/tests/phpunit/tests/comment-submission.php" line="127" assertions="5" time="0.011216"/>
      <testcase name="test_submitting_comment_to_password_required_post_returns_error" class="Tests_Comment_Submission" file="/Users/msaari/wordpress-develop/tests/phpunit/tests/comment-submission.php" line="153" assertions="4" time="0.011232"/>
      <testcase name="test_submitting_comment_to_password_protected_post_succeeds" class="Tests_Comment_Submission" file="/Users/msaari/wordpress-develop/tests/phpunit/tests/comment-submission.php" line="175" assertions="2" time="0.019475"/>
      <testcase name="test_submitting_valid_comment_as_logged_in_user_succeeds" class="Tests_Comment_Submission" file="/Users/msaari/wordpress-develop/tests/phpunit/tests/comment-submission.php" line="202" assertions="7" time="0.026783"/>
      <testcase name="test_submitting_valid_comment_anonymously_succeeds" class="Tests_Comment_Submission" file="/Users/msaari/wordpress-develop/tests/phpunit/tests/comment-submission.php" line="230" assertions="7" time="0.013452"/>
      <testcase name="test_submitting_comment_handles_slashes_correctly_handles_slashes" class="Tests_Comment_Submission" file="/Users/msaari/wordpress-develop/tests/phpunit/tests/comment-submission.php" line="258" assertions="5" time="0.016422"/>
      <testcase name="test_submitting_comment_anonymously_to_private_post_returns_error" class="Tests_Comment_Submission" file="/Users/msaari/wordpress-develop/tests/phpunit/tests/comment-submission.php" line="278" assertions="3" time="0.013312"/>
      <testcase name="test_submitting_comment_as_logged_in_user_to_inaccessible_private_post_returns_error" class="Tests_Comment_Submission" file="/Users/msaari/wordpress-develop/tests/phpunit/tests/comment-submission.php" line="298" assertions="3" time="0.053519"/>
      <testcase name="test_submitting_comment_to_private_post_with_closed_comments_returns_correct_error" class="Tests_Comment_Submission" file="/Users/msaari/wordpress-develop/tests/phpunit/tests/comment-submission.php" line="332" assertions="3" time="0.041892"/>
      <testcase name="test_submitting_comment_to_own_private_post_succeeds" class="Tests_Comment_Submission" file="/Users/msaari/wordpress-develop/tests/phpunit/tests/comment-submission.php" line="367" assertions="3" time="0.035807"/>
      <testcase name="test_submitting_comment_to_accessible_private_post_succeeds" class="Tests_Comment_Submission" file="/Users/msaari/wordpress-develop/tests/phpunit/tests/comment-submission.php" line="391" assertions="3" time="0.047117"/>
      <testcase name="test_anonymous_user_cannot_comment_unfiltered_html" class="Tests_Comment_Submission" file="/Users/msaari/wordpress-develop/tests/phpunit/tests/comment-submission.php" line="424" assertions="3" time="0.015743"/>
      <testcase name="test_unprivileged_user_cannot_comment_unfiltered_html" class="Tests_Comment_Submission" file="/Users/msaari/wordpress-develop/tests/phpunit/tests/comment-submission.php" line="441" assertions="4" time="0.029451"/>
      <testcase name="test_unprivileged_user_cannot_comment_unfiltered_html_even_with_valid_nonce" class="Tests_Comment_Submission" file="/Users/msaari/wordpress-develop/tests/phpunit/tests/comment-submission.php" line="465" assertions="5" time="0.028345"/>
      <testcase name="test_privileged_user_can_comment_unfiltered_html_with_valid_nonce" class="Tests_Comment_Submission" file="/Users/msaari/wordpress-develop/tests/phpunit/tests/comment-submission.php" line="495" assertions="6" time="0.025960"/>
      <testcase name="test_privileged_user_cannot_comment_unfiltered_html_without_valid_nonce" class="Tests_Comment_Submission" file="/Users/msaari/wordpress-develop/tests/phpunit/tests/comment-submission.php" line="534" assertions="4" time="0.026184"/>
      <testcase name="test_submitting_comment_as_anonymous_user_when_registration_required_returns_error" class="Tests_Comment_Submission" file="/Users/msaari/wordpress-develop/tests/phpunit/tests/comment-submission.php" line="565" assertions="2" time="0.011105"/>
      <testcase name="test_submitting_comment_with_no_name_when_name_email_required_returns_error" class="Tests_Comment_Submission" file="/Users/msaari/wordpress-develop/tests/phpunit/tests/comment-submission.php" line="585" assertions="2" time="0.011098"/>
      <testcase name="test_submitting_comment_with_no_email_when_name_email_required_returns_error" class="Tests_Comment_Submission" file="/Users/msaari/wordpress-develop/tests/phpunit/tests/comment-submission.php" line="607" assertions="2" time="0.011215"/>
      <testcase name="test_submitting_comment_with_invalid_email_when_name_email_required_returns_error" class="Tests_Comment_Submission" file="/Users/msaari/wordpress-develop/tests/phpunit/tests/comment-submission.php" line="629" assertions="2" time="0.012023"/>
      <testcase name="test_submitting_comment_with_no_comment_content_returns_error" class="Tests_Comment_Submission" file="/Users/msaari/wordpress-develop/tests/phpunit/tests/comment-submission.php" line="652" assertions="2" time="0.011389"/>
      <testcase name="test_submitting_comment_with_content_too_long_returns_error" class="Tests_Comment_Submission" file="/Users/msaari/wordpress-develop/tests/phpunit/tests/comment-submission.php" line="673" assertions="2" time="0.018137"/>
      <testcase name="test_submitting_comment_with_author_too_long_returns_error" class="Tests_Comment_Submission" file="/Users/msaari/wordpress-develop/tests/phpunit/tests/comment-submission.php" line="693" assertions="2" time="0.011408"/>
      <testcase name="test_submitting_comment_with_email_too_long_returns_error" class="Tests_Comment_Submission" file="/Users/msaari/wordpress-develop/tests/phpunit/tests/comment-submission.php" line="713" assertions="2" time="0.011967"/>
      <testcase name="test_submitting_comment_with_url_too_long_returns_error" class="Tests_Comment_Submission" file="/Users/msaari/wordpress-develop/tests/phpunit/tests/comment-submission.php" line="733" assertions="2" time="0.011577"/>
      <testcase name="test_comment_submission_sends_all_expected_parameters_to_preprocess_comment_filter" class="Tests_Comment_Submission" file="/Users/msaari/wordpress-develop/tests/phpunit/tests/comment-submission.php" line="753" assertions="2" time="0.026340"/>
      <testcase name="test_submitting_duplicate_comments" class="Tests_Comment_Submission" file="/Users/msaari/wordpress-develop/tests/phpunit/tests/comment-submission.php" line="800" assertions="2" time="0.015189"/>
      <testcase name="test_comments_flood" class="Tests_Comment_Submission" file="/Users/msaari/wordpress-develop/tests/phpunit/tests/comment-submission.php" line="821" assertions="2" time="0.016895"/>
      <testcase name="test_comments_flood_user_is_admin" class="Tests_Comment_Submission" file="/Users/msaari/wordpress-develop/tests/phpunit/tests/comment-submission.php" line="845" assertions="2" time="0.028504"/>
    </testsuite>
    <testsuite name="Tests_Comment" file="/Users/msaari/wordpress-develop/tests/phpunit/tests/comment.php" tests="45" assertions="117" failures="0" errors="0" time="0.499180">
      <testcase name="test_wp_update_comment" class="Tests_Comment" file="/Users/msaari/wordpress-develop/tests/phpunit/tests/comment.php" line="32" assertions="4" time="0.030507"/>
      <testcase name="test_wp_update_comment_updates_comment_type" class="Tests_Comment" file="/Users/msaari/wordpress-develop/tests/phpunit/tests/comment.php" line="75" assertions="1" time="0.004654"/>
      <testcase name="test_wp_update_comment_updates_comment_meta" class="Tests_Comment" file="/Users/msaari/wordpress-develop/tests/phpunit/tests/comment.php" line="92" assertions="1" time="0.007328"/>
      <testcase name="test_wp_update_comment_updates_user_id" class="Tests_Comment" file="/Users/msaari/wordpress-develop/tests/phpunit/tests/comment.php" line="109" assertions="1" time="0.004428"/>
      <testcase name="test_wp_update_comment_with_no_post_id" class="Tests_Comment" file="/Users/msaari/wordpress-develop/tests/phpunit/tests/comment.php" line="126" assertions="2" time="0.003217"/>
      <testcase name="test_get_approved_comments" class="Tests_Comment" file="/Users/msaari/wordpress-develop/tests/phpunit/tests/comment.php" line="144" assertions="1" time="0.010573"/>
      <testcase name="test_get_approved_comments_with_post_id_0_should_return_empty_array" class="Tests_Comment" file="/Users/msaari/wordpress-develop/tests/phpunit/tests/comment.php" line="201" assertions="1" time="0.003158"/>
      <testcase name="test_wp_new_comment_respects_dates" class="Tests_Comment" file="/Users/msaari/wordpress-develop/tests/phpunit/tests/comment.php" line="217" assertions="2" time="0.005419"/>
      <testcase name="test_wp_new_comment_respects_author_ip" class="Tests_Comment" file="/Users/msaari/wordpress-develop/tests/phpunit/tests/comment.php" line="240" assertions="1" time="0.022962"/>
      <testcase name="test_wp_new_comment_respects_author_ip_empty_string" class="Tests_Comment" file="/Users/msaari/wordpress-develop/tests/phpunit/tests/comment.php" line="261" assertions="1" time="0.005285"/>
      <testcase name="test_wp_new_comment_respects_comment_agent" class="Tests_Comment" file="/Users/msaari/wordpress-develop/tests/phpunit/tests/comment.php" line="282" assertions="1" time="0.004543"/>
      <testcase name="test_wp_new_comment_should_trim_provided_comment_agent_to_254_chars" class="Tests_Comment" file="/Users/msaari/wordpress-develop/tests/phpunit/tests/comment.php" line="304" assertions="1" time="0.004956"/>
      <testcase name="test_wp_new_comment_respects_comment_agent_empty_string" class="Tests_Comment" file="/Users/msaari/wordpress-develop/tests/phpunit/tests/comment.php" line="326" assertions="1" time="0.004621"/>
      <testcase name="test_comment_field_lengths" class="Tests_Comment" file="/Users/msaari/wordpress-develop/tests/phpunit/tests/comment.php" line="346" assertions="1" time="0.057079"/>
      <testcase name="test_wp_notify_moderator_should_not_throw_notice_when_post_author_is_0" class="Tests_Comment" file="/Users/msaari/wordpress-develop/tests/phpunit/tests/comment.php" line="368" assertions="1" time="0.013190"/>
      <testcase name="test_wp_new_comment_notify_postauthor_should_send_email_when_comment_is_approved" class="Tests_Comment" file="/Users/msaari/wordpress-develop/tests/phpunit/tests/comment.php" line="384" assertions="1" time="0.004173"/>
      <testcase name="test_wp_new_comment_notify_postauthor_should_not_send_email_when_comment_is_unapproved" class="Tests_Comment" file="/Users/msaari/wordpress-develop/tests/phpunit/tests/comment.php" line="395" assertions="1" time="0.002861"/>
      <testcase name="test_wp_new_comment_notify_postauthor_should_not_send_email_when_comment_has_been_marked_as_spam" class="Tests_Comment" file="/Users/msaari/wordpress-develop/tests/phpunit/tests/comment.php" line="410" assertions="1" time="0.002801"/>
      <testcase name="test_wp_new_comment_notify_postauthor_should_not_send_email_when_comment_has_been_trashed" class="Tests_Comment" file="/Users/msaari/wordpress-develop/tests/phpunit/tests/comment.php" line="425" assertions="1" time="0.002615"/>
      <testcase name="test_wp_new_comment_with_meta" class="Tests_Comment" file="/Users/msaari/wordpress-develop/tests/phpunit/tests/comment.php" line="440" assertions="1" time="0.003481"/>
      <testcase name="test_wp_comment_get_children_should_fill_children" class="Tests_Comment" file="/Users/msaari/wordpress-develop/tests/phpunit/tests/comment.php" line="457" assertions="2" time="0.010345"/>
      <testcase name="test_post_properties_should_be_lazyloaded" class="Tests_Comment" file="/Users/msaari/wordpress-develop/tests/phpunit/tests/comment.php" line="517" assertions="42" time="0.003606"/>
      <testcase name="test_wp_notify_moderator_filter_moderation_notify_option_true_filter_false" class="Tests_Comment" file="/Users/msaari/wordpress-develop/tests/phpunit/tests/comment.php" line="568" assertions="1" time="0.013111"/>
      <testcase name="test_wp_notify_moderator_filter_moderation_notify_option_false_filter_true" class="Tests_Comment" file="/Users/msaari/wordpress-develop/tests/phpunit/tests/comment.php" line="589" assertions="1" time="0.015146"/>
      <testcase name="test_wp_notify_post_author_filter_comments_notify_option_true_filter_false" class="Tests_Comment" file="/Users/msaari/wordpress-develop/tests/phpunit/tests/comment.php" line="610" assertions="1" time="0.015320"/>
      <testcase name="test_wp_notify_post_author_filter_comments_notify_option_false_filter_true" class="Tests_Comment" file="/Users/msaari/wordpress-develop/tests/phpunit/tests/comment.php" line="632" assertions="1" time="0.016651"/>
      <testcase name="test_close_comments_for_old_post" class="Tests_Comment" file="/Users/msaari/wordpress-develop/tests/phpunit/tests/comment.php" line="735" assertions="2" time="0.012586"/>
      <testcase name="test_close_comments_for_old_post_undated_draft" class="Tests_Comment" file="/Users/msaari/wordpress-develop/tests/phpunit/tests/comment.php" line="750" assertions="1" time="0.010504"/>
      <testcase name="test_wp_update_comment_author_id_and_agent" class="Tests_Comment" file="/Users/msaari/wordpress-develop/tests/phpunit/tests/comment.php" line="765" assertions="4" time="0.024934"/>
      <testcase name="test_wp_get_comment_fields_max_lengths" class="Tests_Comment" file="/Users/msaari/wordpress-develop/tests/phpunit/tests/comment.php" line="800" assertions="4" time="0.002455"/>
      <testcase name="test_wp_comments_personal_data_eraser" class="Tests_Comment" file="/Users/msaari/wordpress-develop/tests/phpunit/tests/comment.php" line="821" assertions="1" time="0.086932"/>
      <testcase name="test_wp_comments_personal_data_eraser_empty_first_page_output" class="Tests_Comment" file="/Users/msaari/wordpress-develop/tests/phpunit/tests/comment.php" line="878" assertions="1" time="0.001964"/>
      <testcase name="test_wp_comments_personal_data_eraser_non_empty_first_page_output" class="Tests_Comment" file="/Users/msaari/wordpress-develop/tests/phpunit/tests/comment.php" line="897" assertions="1" time="0.012581"/>
      <testcase name="test_wp_comments_personal_data_eraser_empty_second_page_output" class="Tests_Comment" file="/Users/msaari/wordpress-develop/tests/phpunit/tests/comment.php" line="929" assertions="1" time="0.011861"/>
      <testcase name="test_wp_anonymize_comment_filter_to_prevent_comment_anonymization" class="Tests_Comment" file="/Users/msaari/wordpress-develop/tests/phpunit/tests/comment.php" line="961" assertions="1" time="0.013802"/>
      <testcase name="test_wp_anonymize_comment_filter_to_prevent_comment_anonymization_with_custom_message" class="Tests_Comment" file="/Users/msaari/wordpress-develop/tests/phpunit/tests/comment.php" line="998" assertions="1" time="0.012724"/>
      <testcase name="test_update_should_invalidate_comment_cache" class="Tests_Comment" file="/Users/msaari/wordpress-develop/tests/phpunit/tests/comment.php" line="1042" assertions="2" time="0.003196"/>
      <testcase name="test_trash_should_invalidate_comment_cache" class="Tests_Comment" file="/Users/msaari/wordpress-develop/tests/phpunit/tests/comment.php" line="1062" assertions="1" time="0.004333"/>
      <testcase name="test_untrash_should_invalidate_comment_cache" class="Tests_Comment" file="/Users/msaari/wordpress-develop/tests/phpunit/tests/comment.php" line="1076" assertions="2" time="0.006037"/>
      <testcase name="test_spam_should_invalidate_comment_cache" class="Tests_Comment" file="/Users/msaari/wordpress-develop/tests/phpunit/tests/comment.php" line="1092" assertions="1" time="0.003873"/>
      <testcase name="test_unspam_should_invalidate_comment_cache" class="Tests_Comment" file="/Users/msaari/wordpress-develop/tests/phpunit/tests/comment.php" line="1106" assertions="2" time="0.005204"/>
      <testcase name="test_wp_comments_personal_data_exporter" class="Tests_Comment" file="/Users/msaari/wordpress-develop/tests/phpunit/tests/comment.php" line="1128" assertions="13" time="0.004679"/>
      <testcase name="test_wp_comments_personal_data_exporter_no_comments_found" class="Tests_Comment" file="/Users/msaari/wordpress-develop/tests/phpunit/tests/comment.php" line="1174" assertions="1" time="0.002051"/>
      <testcase name="test_wp_comments_personal_data_exporter_empty_comment_prop" class="Tests_Comment" file="/Users/msaari/wordpress-develop/tests/phpunit/tests/comment.php" line="1192" assertions="3" time="0.003946"/>
      <testcase name="test_wp_comments_personal_data_exporter_empty_second_page" class="Tests_Comment" file="/Users/msaari/wordpress-develop/tests/phpunit/tests/comment.php" line="1223" assertions="2" time="0.003488"/>
    </testsuite>
    <testsuite name="Tests_Comment_CheckComment" file="/Users/msaari/wordpress-develop/tests/phpunit/tests/comment/checkComment.php" tests="9" assertions="10" failures="0" errors="0" time="0.067873">
      <testcase name="test_should_return_true_when_comment_whitelist_is_disabled" class="Tests_Comment_CheckComment" file="/Users/msaari/wordpress-develop/tests/phpunit/tests/comment/checkComment.php" line="7" assertions="1" time="0.002783"/>
      <testcase name="test_should_return_false_when_comment_whitelist_is_enabled_and_author_does_not_have_approved_comment" class="Tests_Comment_CheckComment" file="/Users/msaari/wordpress-develop/tests/phpunit/tests/comment/checkComment.php" line="21" assertions="1" time="0.002865"/>
      <testcase name="test_should_return_true_when_comment_whitelist_is_enabled_and_author_has_approved_comment" class="Tests_Comment_CheckComment" file="/Users/msaari/wordpress-develop/tests/phpunit/tests/comment/checkComment.php" line="36" assertions="2" time="0.013126"/>
      <testcase name="test_should_return_false_when_content_matches_moderation_key" class="Tests_Comment_CheckComment" file="/Users/msaari/wordpress-develop/tests/phpunit/tests/comment/checkComment.php" line="71" assertions="1" time="0.003090"/>
      <testcase name="test_should_return_true_when_content_does_not_match_moderation_keys" class="Tests_Comment_CheckComment" file="/Users/msaari/wordpress-develop/tests/phpunit/tests/comment/checkComment.php" line="87" assertions="1" time="0.003220"/>
      <testcase name="test_should_return_false_when_link_count_exceeds_comment_max_length_setting" class="Tests_Comment_CheckComment" file="/Users/msaari/wordpress-develop/tests/phpunit/tests/comment/checkComment.php" line="103" assertions="1" time="0.002759"/>
      <testcase name="test_should_return_true_when_link_count_does_not_exceed_comment_max_length_setting" class="Tests_Comment_CheckComment" file="/Users/msaari/wordpress-develop/tests/phpunit/tests/comment/checkComment.php" line="119" assertions="1" time="0.002735"/>
      <testcase name="test_should_return_true_when_comment_whitelist_is_enabled_and_user_has_previously_approved_comments_with_different_email" class="Tests_Comment_CheckComment" file="/Users/msaari/wordpress-develop/tests/phpunit/tests/comment/checkComment.php" line="138" assertions="1" time="0.019417"/>
      <testcase name="test_should_return_false_when_comment_whitelist_is_enabled_and_user_does_not_have_a_previously_approved_comment_with_any_email" class="Tests_Comment_CheckComment" file="/Users/msaari/wordpress-develop/tests/phpunit/tests/comment/checkComment.php" line="170" assertions="1" time="0.017878"/>
    </testsuite>
    <testsuite name="Tests_Comment_CommentForm" file="/Users/msaari/wordpress-develop/tests/phpunit/tests/comment/commentForm.php" tests="5" assertions="5" failures="0" errors="0" time="0.074428">
      <testcase name="test_default_markup_for_submit_button_and_wrapper" class="Tests_Comment_CommentForm" file="/Users/msaari/wordpress-develop/tests/phpunit/tests/comment/commentForm.php" line="7" assertions="1" time="0.010486"/>
      <testcase name="test_custom_submit_button" class="Tests_Comment_CommentForm" file="/Users/msaari/wordpress-develop/tests/phpunit/tests/comment/commentForm.php" line="23" assertions="1" time="0.011913"/>
      <testcase name="test_custom_submit_field" class="Tests_Comment_CommentForm" file="/Users/msaari/wordpress-develop/tests/phpunit/tests/comment/commentForm.php" line="39" assertions="1" time="0.028915"/>
      <testcase name="test_submit_button_and_submit_field_should_fall_back_on_defaults_when_filtered_defaults_do_not_contain_the_keys" class="Tests_Comment_CommentForm" file="/Users/msaari/wordpress-develop/tests/phpunit/tests/comment/commentForm.php" line="59" assertions="1" time="0.011333"/>
      <testcase name="test_fields_should_include_cookies_consent" class="Tests_Comment_CommentForm" file="/Users/msaari/wordpress-develop/tests/phpunit/tests/comment/commentForm.php" line="87" assertions="1" time="0.011781"/>
    </testsuite>
    <testsuite name="Tests_Comment_CommentsTemplate" file="/Users/msaari/wordpress-develop/tests/phpunit/tests/comment/commentsTemplate.php" tests="16" assertions="24" failures="0" errors="0" time="0.353164">
      <testcase name="test_should_respect_comment_order_asc_when_default_comments_page_is_newest" class="Tests_Comment_CommentsTemplate" file="/Users/msaari/wordpress-develop/tests/phpunit/tests/comment/commentsTemplate.php" line="13" assertions="1" time="0.018629"/>
      <testcase name="test_should_respect_comment_order_desc_when_default_comments_page_is_newest" class="Tests_Comment_CommentsTemplate" file="/Users/msaari/wordpress-develop/tests/phpunit/tests/comment/commentsTemplate.php" line="47" assertions="1" time="0.018289"/>
      <testcase name="test_should_respect_comment_order_asc_when_default_comments_page_is_oldest" class="Tests_Comment_CommentsTemplate" file="/Users/msaari/wordpress-develop/tests/phpunit/tests/comment/commentsTemplate.php" line="81" assertions="1" time="0.018079"/>
      <testcase name="test_should_respect_comment_order_desc_when_default_comments_page_is_oldest" class="Tests_Comment_CommentsTemplate" file="/Users/msaari/wordpress-develop/tests/phpunit/tests/comment/commentsTemplate.php" line="115" assertions="1" time="0.017726"/>
      <testcase name="test_should_respect_comment_order_asc_when_default_comments_page_is_newest_on_subsequent_pages" class="Tests_Comment_CommentsTemplate" file="/Users/msaari/wordpress-develop/tests/phpunit/tests/comment/commentsTemplate.php" line="149" assertions="1" time="0.023170"/>
      <testcase name="test_should_respect_comment_order_desc_when_default_comments_page_is_newest_on_subsequent_pages" class="Tests_Comment_CommentsTemplate" file="/Users/msaari/wordpress-develop/tests/phpunit/tests/comment/commentsTemplate.php" line="220" assertions="1" time="0.023744"/>
      <testcase name="test_should_respect_comment_order_asc_when_default_comments_page_is_oldest_on_subsequent_pages" class="Tests_Comment_CommentsTemplate" file="/Users/msaari/wordpress-develop/tests/phpunit/tests/comment/commentsTemplate.php" line="291" assertions="1" time="0.022110"/>
      <testcase name="test_should_respect_comment_order_desc_when_default_comments_page_is_oldest_on_subsequent_pages" class="Tests_Comment_CommentsTemplate" file="/Users/msaari/wordpress-develop/tests/phpunit/tests/comment/commentsTemplate.php" line="348" assertions="1" time="0.022805"/>
      <testcase name="test_last_page_of_comments_should_be_full_when_default_comment_page_is_newest" class="Tests_Comment_CommentsTemplate" file="/Users/msaari/wordpress-develop/tests/phpunit/tests/comment/commentsTemplate.php" line="407" assertions="1" time="0.021111"/>
      <testcase name="test_first_page_of_comments_should_have_remainder_when_default_comments_page_is_newest" class="Tests_Comment_CommentsTemplate" file="/Users/msaari/wordpress-develop/tests/phpunit/tests/comment/commentsTemplate.php" line="459" assertions="1" time="0.021242"/>
      <testcase name="test_comment_permalinks_should_be_correct_when_using_default_display_callback_with_default_comment_page_oldest" class="Tests_Comment_CommentsTemplate" file="/Users/msaari/wordpress-develop/tests/phpunit/tests/comment/commentsTemplate.php" line="509" assertions="4" time="0.028372"/>
      <testcase name="test_comment_permalinks_should_be_correct_when_using_default_display_callback_with_default_comment_page_newest" class="Tests_Comment_CommentsTemplate" file="/Users/msaari/wordpress-develop/tests/phpunit/tests/comment/commentsTemplate.php" line="588" assertions="6" time="0.033577"/>
      <testcase name="test_query_offset_should_not_include_unapproved_comments" class="Tests_Comment_CommentsTemplate" file="/Users/msaari/wordpress-develop/tests/phpunit/tests/comment/commentsTemplate.php" line="701" assertions="1" time="0.020251"/>
      <testcase name="test_query_offset_should_include_unapproved_comments" class="Tests_Comment_CommentsTemplate" file="/Users/msaari/wordpress-develop/tests/phpunit/tests/comment/commentsTemplate.php" line="755" assertions="1" time="0.022145"/>
      <testcase name="test_hierarchy_should_be_ignored_when_threading_is_disabled" class="Tests_Comment_CommentsTemplate" file="/Users/msaari/wordpress-develop/tests/phpunit/tests/comment/commentsTemplate.php" line="837" assertions="1" time="0.020810"/>
      <testcase name="test_pagination_calculation_should_ignore_comment_hierarchy_when_threading_is_disabled" class="Tests_Comment_CommentsTemplate" file="/Users/msaari/wordpress-develop/tests/phpunit/tests/comment/commentsTemplate.php" line="882" assertions="1" time="0.021104"/>
    </testsuite>
    <testsuite name="Tests_Comment_DateQuery" file="/Users/msaari/wordpress-develop/tests/phpunit/tests/comment/dateQuery.php" tests="1" assertions="1" failures="0" errors="0" time="0.028606">
      <testcase name="test_year" class="Tests_Comment_DateQuery" file="/Users/msaari/wordpress-develop/tests/phpunit/tests/comment/dateQuery.php" line="64" assertions="1" time="0.028606"/>
    </testsuite>
    <testsuite name="Tests_Comment_GetCommentAuthorEmailLink" file="/Users/msaari/wordpress-develop/tests/phpunit/tests/comment/getCommentAuthorEmailLink.php" tests="7" assertions="7" failures="0" errors="0" time="0.016834">
      <testcase name="test_global_comment_with_default_parameters" class="Tests_Comment_GetCommentAuthorEmailLink" file="/Users/msaari/wordpress-develop/tests/phpunit/tests/comment/getCommentAuthorEmailLink.php" line="33" assertions="1" time="0.001577"/>
      <testcase name="test_all_parameters" class="Tests_Comment_GetCommentAuthorEmailLink" file="/Users/msaari/wordpress-develop/tests/phpunit/tests/comment/getCommentAuthorEmailLink.php" line="42" assertions="1" time="0.003043"/>
      <testcase name="test_all_parameters_with_global_comment" class="Tests_Comment_GetCommentAuthorEmailLink" file="/Users/msaari/wordpress-develop/tests/phpunit/tests/comment/getCommentAuthorEmailLink.php" line="59" assertions="1" time="0.002153"/>
      <testcase name="test_linktext" class="Tests_Comment_GetCommentAuthorEmailLink" file="/Users/msaari/wordpress-develop/tests/phpunit/tests/comment/getCommentAuthorEmailLink.php" line="69" assertions="1" time="0.001950"/>
      <testcase name="test_before" class="Tests_Comment_GetCommentAuthorEmailLink" file="/Users/msaari/wordpress-develop/tests/phpunit/tests/comment/getCommentAuthorEmailLink.php" line="75" assertions="1" time="0.002549"/>
      <testcase name="test_after" class="Tests_Comment_GetCommentAuthorEmailLink" file="/Users/msaari/wordpress-develop/tests/phpunit/tests/comment/getCommentAuthorEmailLink.php" line="81" assertions="1" time="0.002427"/>
      <testcase name="test_comment_param_should_override_global" class="Tests_Comment_GetCommentAuthorEmailLink" file="/Users/msaari/wordpress-develop/tests/phpunit/tests/comment/getCommentAuthorEmailLink.php" line="90" assertions="1" time="0.003135"/>
    </testsuite>
    <testsuite name="Tests_Comment_GetCommentAuthorUrl" file="/Users/msaari/wordpress-develop/tests/phpunit/tests/comment/getCommentAuthorUrl.php" tests="1" assertions="1" failures="0" errors="0" time="0.002527">
      <testcase name="test_comment_author_url_passes_correct_comment_id" class="Tests_Comment_GetCommentAuthorUrl" file="/Users/msaari/wordpress-develop/tests/phpunit/tests/comment/getCommentAuthorUrl.php" line="16" assertions="1" time="0.002527"/>
    </testsuite>
    <testsuite name="Tests_Comment_GetCommentAuthorUrlLink" file="/Users/msaari/wordpress-develop/tests/phpunit/tests/comment/getCommentAuthorUrlLink.php" tests="7" assertions="7" failures="0" errors="0" time="0.011213">
      <testcase name="test_no_comment" class="Tests_Comment_GetCommentAuthorUrlLink" file="/Users/msaari/wordpress-develop/tests/phpunit/tests/comment/getCommentAuthorUrlLink.php" line="27" assertions="1" time="0.001569"/>
      <testcase name="test_global_comment" class="Tests_Comment_GetCommentAuthorUrlLink" file="/Users/msaari/wordpress-develop/tests/phpunit/tests/comment/getCommentAuthorUrlLink.php" line="33" assertions="1" time="0.001929"/>
      <testcase name="test_comment_arg" class="Tests_Comment_GetCommentAuthorUrlLink" file="/Users/msaari/wordpress-develop/tests/phpunit/tests/comment/getCommentAuthorUrlLink.php" line="41" assertions="1" time="0.001686"/>
      <testcase name="test_linktext" class="Tests_Comment_GetCommentAuthorUrlLink" file="/Users/msaari/wordpress-develop/tests/phpunit/tests/comment/getCommentAuthorUrlLink.php" line="49" assertions="1" time="0.001545"/>
      <testcase name="test_before" class="Tests_Comment_GetCommentAuthorUrlLink" file="/Users/msaari/wordpress-develop/tests/phpunit/tests/comment/getCommentAuthorUrlLink.php" line="57" assertions="1" time="0.001509"/>
      <testcase name="test_after" class="Tests_Comment_GetCommentAuthorUrlLink" file="/Users/msaari/wordpress-develop/tests/phpunit/tests/comment/getCommentAuthorUrlLink.php" line="65" assertions="1" time="0.001484"/>
      <testcase name="test_before_after" class="Tests_Comment_GetCommentAuthorUrlLink" file="/Users/msaari/wordpress-develop/tests/phpunit/tests/comment/getCommentAuthorUrlLink.php" line="73" assertions="1" time="0.001491"/>
    </testsuite>
    <testsuite name="Tests_Comment_GetCommentClass" file="/Users/msaari/wordpress-develop/tests/phpunit/tests/comment/getCommentClass.php" tests="5" assertions="6" failures="0" errors="0" time="0.048507">
      <testcase name="test_should_accept_comment_id" class="Tests_Comment_GetCommentClass" file="/Users/msaari/wordpress-develop/tests/phpunit/tests/comment/getCommentClass.php" line="7" assertions="1" time="0.011605"/>
      <testcase name="test_should_accept_comment_object" class="Tests_Comment_GetCommentClass" file="/Users/msaari/wordpress-develop/tests/phpunit/tests/comment/getCommentClass.php" line="15" assertions="1" time="0.011665"/>
      <testcase name="test_should_append_single_class" class="Tests_Comment_GetCommentClass" file="/Users/msaari/wordpress-develop/tests/phpunit/tests/comment/getCommentClass.php" line="23" assertions="1" time="0.011379"/>
      <testcase name="test_should_append_array_of_classes" class="Tests_Comment_GetCommentClass" file="/Users/msaari/wordpress-develop/tests/phpunit/tests/comment/getCommentClass.php" line="31" assertions="2" time="0.011964"/>
      <testcase name="test_should_return_an_empty_array_for_invalid_comment_id" class="Tests_Comment_GetCommentClass" file="/Users/msaari/wordpress-develop/tests/phpunit/tests/comment/getCommentClass.php" line="43" assertions="1" time="0.001894"/>
    </testsuite>
    <testsuite name="Tests_Get_Comment_Count" file="/Users/msaari/wordpress-develop/tests/phpunit/tests/comment/getCommentCount.php" tests="6" assertions="36" failures="0" errors="0" time="0.015397">
      <testcase name="test_get_comment_count" class="Tests_Get_Comment_Count" file="/Users/msaari/wordpress-develop/tests/phpunit/tests/comment/getCommentCount.php" line="5" assertions="6" time="0.002087"/>
      <testcase name="test_get_comment_count_approved" class="Tests_Get_Comment_Count" file="/Users/msaari/wordpress-develop/tests/phpunit/tests/comment/getCommentCount.php" line="16" assertions="6" time="0.002983"/>
      <testcase name="test_get_comment_count_awaiting" class="Tests_Get_Comment_Count" file="/Users/msaari/wordpress-develop/tests/phpunit/tests/comment/getCommentCount.php" line="33" assertions="6" time="0.002685"/>
      <testcase name="test_get_comment_count_spam" class="Tests_Get_Comment_Count" file="/Users/msaari/wordpress-develop/tests/phpunit/tests/comment/getCommentCount.php" line="50" assertions="6" time="0.002552"/>
      <testcase name="test_get_comment_count_trash" class="Tests_Get_Comment_Count" file="/Users/msaari/wordpress-develop/tests/phpunit/tests/comment/getCommentCount.php" line="67" assertions="6" time="0.002575"/>
      <testcase name="test_get_comment_count_post_trashed" class="Tests_Get_Comment_Count" file="/Users/msaari/wordpress-develop/tests/phpunit/tests/comment/getCommentCount.php" line="84" assertions="6" time="0.002515"/>
    </testsuite>
    <testsuite name="Tests_Get_Comment_Excerpt" file="/Users/msaari/wordpress-develop/tests/phpunit/tests/comment/getCommentExcerpt.php" tests="2" assertions="2" failures="0" errors="0" time="0.005478">
      <testcase name="test_get_comment_excerpt" class="Tests_Get_Comment_Excerpt" file="/Users/msaari/wordpress-develop/tests/phpunit/tests/comment/getCommentExcerpt.php" line="16" assertions="1" time="0.002990"/>
      <testcase name="test_get_comment_excerpt_filtered" class="Tests_Get_Comment_Excerpt" file="/Users/msaari/wordpress-develop/tests/phpunit/tests/comment/getCommentExcerpt.php" line="28" assertions="1" time="0.002488"/>
    </testsuite>
    <testsuite name="Tests_Comment_GetCommentLink" file="/Users/msaari/wordpress-develop/tests/phpunit/tests/comment/getCommentLink.php" tests="7" assertions="7" failures="0" errors="0" time="0.024432">
      <testcase name="test_default_comments_page_newest_default_page_should_have_cpage" class="Tests_Comment_GetCommentLink" file="/Users/msaari/wordpress-develop/tests/phpunit/tests/comment/getCommentLink.php" line="62" assertions="1" time="0.003248"/>
      <testcase name="test_default_comments_page_newest_middle_page_should_have_cpage" class="Tests_Comment_GetCommentLink" file="/Users/msaari/wordpress-develop/tests/phpunit/tests/comment/getCommentLink.php" line="75" assertions="1" time="0.003539"/>
      <testcase name="test_default_comments_page_newest_last_page_should_have_cpage" class="Tests_Comment_GetCommentLink" file="/Users/msaari/wordpress-develop/tests/phpunit/tests/comment/getCommentLink.php" line="88" assertions="1" time="0.003368"/>
      <testcase name="test_default_comments_page_oldest_default_page_should_not_have_cpage" class="Tests_Comment_GetCommentLink" file="/Users/msaari/wordpress-develop/tests/phpunit/tests/comment/getCommentLink.php" line="101" assertions="1" time="0.002829"/>
      <testcase name="test_default_comments_page_oldest_middle_page_should_have_cpage" class="Tests_Comment_GetCommentLink" file="/Users/msaari/wordpress-develop/tests/phpunit/tests/comment/getCommentLink.php" line="113" assertions="1" time="0.003140"/>
      <testcase name="test_default_comments_page_oldest_last_page_should_have_cpage" class="Tests_Comment_GetCommentLink" file="/Users/msaari/wordpress-develop/tests/phpunit/tests/comment/getCommentLink.php" line="126" assertions="1" time="0.003277"/>
      <testcase name="test_should_not_contain_comment_page_1_when_pagination_is_disabled" class="Tests_Comment_GetCommentLink" file="/Users/msaari/wordpress-develop/tests/phpunit/tests/comment/getCommentLink.php" line="139" assertions="1" time="0.005031"/>
    </testsuite>
    <testsuite name="Tests_Comment_GetCommentReplyLink" file="/Users/msaari/wordpress-develop/tests/phpunit/tests/comment/getCommentReplyLink.php" tests="2" assertions="2" failures="0" errors="0" time="0.003501">
      <testcase name="test_should_return_null_when_max_depth_is_less_than_depth" class="Tests_Comment_GetCommentReplyLink" file="/Users/msaari/wordpress-develop/tests/phpunit/tests/comment/getCommentReplyLink.php" line="10" assertions="1" time="0.001899"/>
      <testcase name="test_should_return_null_when_default_max_depth_is_less_than_depth" class="Tests_Comment_GetCommentReplyLink" file="/Users/msaari/wordpress-develop/tests/phpunit/tests/comment/getCommentReplyLink.php" line="22" assertions="1" time="0.001602"/>
    </testsuite>
    <testsuite name="Tests_Comment_GetCommentsPagesCount" file="/Users/msaari/wordpress-develop/tests/phpunit/tests/comment/getCommentsPagesCount.php" tests="5" assertions="28" failures="0" errors="0" time="0.138436">
      <testcase name="test_empty" class="Tests_Comment_GetCommentsPagesCount" file="/Users/msaari/wordpress-develop/tests/phpunit/tests/comment/getCommentsPagesCount.php" line="40" assertions="7" time="0.013539"/>
      <testcase name="test_threaded_comments" class="Tests_Comment_GetCommentsPagesCount" file="/Users/msaari/wordpress-develop/tests/phpunit/tests/comment/getCommentsPagesCount.php" line="67" assertions="3" time="0.039261"/>
      <testcase name="test_option_thread_comments" class="Tests_Comment_GetCommentsPagesCount" file="/Users/msaari/wordpress-develop/tests/phpunit/tests/comment/getCommentsPagesCount.php" line="87" assertions="8" time="0.037416"/>
      <testcase name="test_wp_query_comments_per_page" class="Tests_Comment_GetCommentsPagesCount" file="/Users/msaari/wordpress-develop/tests/phpunit/tests/comment/getCommentsPagesCount.php" line="118" assertions="7" time="0.045269"/>
      <testcase name="test_max_num_comment_pages" class="Tests_Comment_GetCommentsPagesCount" file="/Users/msaari/wordpress-develop/tests/phpunit/tests/comment/getCommentsPagesCount.php" line="167" assertions="3" time="0.002951"/>
    </testsuite>
    <testsuite name="Tests_Comment_GetPageOfComment" file="/Users/msaari/wordpress-develop/tests/phpunit/tests/comment/getPageOfComment.php" tests="13" assertions="32" failures="0" errors="0" time="0.260471">
      <testcase name="test_last_comment" class="Tests_Comment_GetPageOfComment" file="/Users/msaari/wordpress-develop/tests/phpunit/tests/comment/getPageOfComment.php" line="9" assertions="4" time="0.025111"/>
      <testcase name="test_type_pings" class="Tests_Comment_GetPageOfComment" file="/Users/msaari/wordpress-develop/tests/phpunit/tests/comment/getPageOfComment.php" line="38" assertions="3" time="0.025868"/>
      <testcase name="test_subsequent_calls_should_hit_cache" class="Tests_Comment_GetPageOfComment" file="/Users/msaari/wordpress-develop/tests/phpunit/tests/comment/getPageOfComment.php" line="101" assertions="2" time="0.012859"/>
      <testcase name="test_cache_hits_should_be_sensitive_to_comment_type" class="Tests_Comment_GetPageOfComment" file="/Users/msaari/wordpress-develop/tests/phpunit/tests/comment/getPageOfComment.php" line="120" assertions="3" time="0.022253"/>
      <testcase name="test_cache_should_be_invalidated_when_comment_is_approved" class="Tests_Comment_GetPageOfComment" file="/Users/msaari/wordpress-develop/tests/phpunit/tests/comment/getPageOfComment.php" line="169" assertions="1" time="0.013911"/>
      <testcase name="test_cache_should_be_invalidated_when_comment_is_deleted" class="Tests_Comment_GetPageOfComment" file="/Users/msaari/wordpress-develop/tests/phpunit/tests/comment/getPageOfComment.php" line="190" assertions="1" time="0.017032"/>
      <testcase name="test_cache_should_be_invalidated_when_comment_is_spammed" class="Tests_Comment_GetPageOfComment" file="/Users/msaari/wordpress-develop/tests/phpunit/tests/comment/getPageOfComment.php" line="206" assertions="1" time="0.015584"/>
      <testcase name="test_cache_should_be_invalidated_when_older_comment_is_published" class="Tests_Comment_GetPageOfComment" file="/Users/msaari/wordpress-develop/tests/phpunit/tests/comment/getPageOfComment.php" line="222" assertions="2" time="0.016034"/>
      <testcase name="test_query_should_be_limited_to_comments_on_the_proper_post" class="Tests_Comment_GetPageOfComment" file="/Users/msaari/wordpress-develop/tests/phpunit/tests/comment/getPageOfComment.php" line="256" assertions="2" time="0.033904"/>
      <testcase name="test_only_top_level_comments_should_be_included_in_older_count" class="Tests_Comment_GetPageOfComment" file="/Users/msaari/wordpress-develop/tests/phpunit/tests/comment/getPageOfComment.php" line="286" assertions="10" time="0.027894"/>
      <testcase name="test_comments_per_page_option_should_be_fallback_when_query_var_is_not_available" class="Tests_Comment_GetPageOfComment" file="/Users/msaari/wordpress-develop/tests/phpunit/tests/comment/getPageOfComment.php" line="332" assertions="1" time="0.014118"/>
      <testcase name="test_should_ignore_comment_order" class="Tests_Comment_GetPageOfComment" file="/Users/msaari/wordpress-develop/tests/phpunit/tests/comment/getPageOfComment.php" line="365" assertions="1" time="0.017020"/>
      <testcase name="test_should_ignore_default_comment_page" class="Tests_Comment_GetPageOfComment" file="/Users/msaari/wordpress-develop/tests/phpunit/tests/comment/getPageOfComment.php" line="405" assertions="1" time="0.018883"/>
    </testsuite>
    <testsuite name="Tests_Comment_Last_Modified" file="/Users/msaari/wordpress-develop/tests/phpunit/tests/comment/lastCommentModified.php" tests="9" assertions="15" failures="0" errors="0" time="0.027626">
      <testcase name="test_no_comments" class="Tests_Comment_Last_Modified" file="/Users/msaari/wordpress-develop/tests/phpunit/tests/comment/lastCommentModified.php" line="8" assertions="1" time="0.002022"/>
      <testcase name="test_default_timezone" class="Tests_Comment_Last_Modified" file="/Users/msaari/wordpress-develop/tests/phpunit/tests/comment/lastCommentModified.php" line="12" assertions="1" time="0.002614"/>
      <testcase name="test_server_timezone" class="Tests_Comment_Last_Modified" file="/Users/msaari/wordpress-develop/tests/phpunit/tests/comment/lastCommentModified.php" line="24" assertions="1" time="0.002843"/>
      <testcase name="test_blog_timezone" class="Tests_Comment_Last_Modified" file="/Users/msaari/wordpress-develop/tests/phpunit/tests/comment/lastCommentModified.php" line="36" assertions="1" time="0.002602"/>
      <testcase name="test_gmt_timezone" class="Tests_Comment_Last_Modified" file="/Users/msaari/wordpress-develop/tests/phpunit/tests/comment/lastCommentModified.php" line="48" assertions="1" time="0.003371"/>
      <testcase name="test_unknown_timezone" class="Tests_Comment_Last_Modified" file="/Users/msaari/wordpress-develop/tests/phpunit/tests/comment/lastCommentModified.php" line="60" assertions="1" time="0.002903"/>
      <testcase name="test_data_is_cached" class="Tests_Comment_Last_Modified" file="/Users/msaari/wordpress-develop/tests/phpunit/tests/comment/lastCommentModified.php" line="72" assertions="1" time="0.002836"/>
      <testcase name="test_cache_is_cleared" class="Tests_Comment_Last_Modified" file="/Users/msaari/wordpress-develop/tests/phpunit/tests/comment/lastCommentModified.php" line="85" assertions="4" time="0.003395"/>
      <testcase name="test_cache_is_cleared_when_comment_is_trashed" class="Tests_Comment_Last_Modified" file="/Users/msaari/wordpress-develop/tests/phpunit/tests/comment/lastCommentModified.php" line="111" assertions="4" time="0.005040"/>
    </testsuite>
    <testsuite name="Tests_Comment_Meta_Cache" file="/Users/msaari/wordpress-develop/tests/phpunit/tests/comment/metaCache.php" tests="6" assertions="17" failures="0" errors="0" time="0.134076">
      <testcase name="test_update_comment_meta_cache_should_default_to_true" class="Tests_Comment_Meta_Cache" file="/Users/msaari/wordpress-develop/tests/phpunit/tests/comment/metaCache.php" line="10" assertions="1" time="0.017193"/>
      <testcase name="test_update_comment_meta_cache_true" class="Tests_Comment_Meta_Cache" file="/Users/msaari/wordpress-develop/tests/phpunit/tests/comment/metaCache.php" line="40" assertions="1" time="0.016391"/>
      <testcase name="test_update_comment_meta_cache_false" class="Tests_Comment_Meta_Cache" file="/Users/msaari/wordpress-develop/tests/phpunit/tests/comment/metaCache.php" line="71" assertions="1" time="0.016506"/>
      <testcase name="test_comment_meta_should_be_lazy_loaded_for_all_comments_in_comments_template" class="Tests_Comment_Meta_Cache" file="/Users/msaari/wordpress-develop/tests/phpunit/tests/comment/metaCache.php" line="99" assertions="2" time="0.020767"/>
      <testcase name="test_comment_meta_should_be_lazy_loaded_in_comment_feed_queries" class="Tests_Comment_Meta_Cache" file="/Users/msaari/wordpress-develop/tests/phpunit/tests/comment/metaCache.php" line="134" assertions="6" time="0.031430"/>
      <testcase name="test_comment_meta_should_be_lazy_loaded_in_single_post_comment_feed_queries" class="Tests_Comment_Meta_Cache" file="/Users/msaari/wordpress-develop/tests/phpunit/tests/comment/metaCache.php" line="182" assertions="6" time="0.031789"/>
    </testsuite>
    <testsuite name="Tests_Comment_Query" file="/Users/msaari/wordpress-develop/tests/phpunit/tests/comment/query.php" tests="141" assertions="236" failures="0" errors="0" time="1.368683">
      <testcase name="test_query" class="Tests_Comment_Query" file="/Users/msaari/wordpress-develop/tests/phpunit/tests/comment/query.php" line="20" assertions="1" time="0.008891"/>
      <testcase name="test_query_post_id_0" class="Tests_Comment_Query" file="/Users/msaari/wordpress-develop/tests/phpunit/tests/comment/query.php" line="66" assertions="1" time="0.003916"/>
      <testcase name="test_query_type_empty_string" class="Tests_Comment_Query" file="/Users/msaari/wordpress-develop/tests/phpunit/tests/comment/query.php" line="88" assertions="1" time="0.009216"/>
      <testcase name="test_query_type_comment" class="Tests_Comment_Query" file="/Users/msaari/wordpress-develop/tests/phpunit/tests/comment/query.php" line="138" assertions="1" time="0.008057"/>
      <testcase name="test_query_type_pingback" class="Tests_Comment_Query" file="/Users/msaari/wordpress-develop/tests/phpunit/tests/comment/query.php" line="185" assertions="1" time="0.007761"/>
      <testcase name="test_query_type_trackback" class="Tests_Comment_Query" file="/Users/msaari/wordpress-develop/tests/phpunit/tests/comment/query.php" line="226" assertions="1" time="0.006917"/>
      <testcase name="test_query_type_pings" class="Tests_Comment_Query" file="/Users/msaari/wordpress-develop/tests/phpunit/tests/comment/query.php" line="270" assertions="1" time="0.008590"/>
      <testcase name="test_type_array_comments_and_custom" class="Tests_Comment_Query" file="/Users/msaari/wordpress-develop/tests/phpunit/tests/comment/query.php" line="322" assertions="1" time="0.009906"/>
      <testcase name="test_type_not__in_array_custom" class="Tests_Comment_Query" file="/Users/msaari/wordpress-develop/tests/phpunit/tests/comment/query.php" line="379" assertions="1" time="0.011387"/>
      <testcase name="test_type__in_array_and_not_type_array_custom" class="Tests_Comment_Query" file="/Users/msaari/wordpress-develop/tests/phpunit/tests/comment/query.php" line="436" assertions="1" time="0.009649"/>
      <testcase name="test_type_array_and_type__not_in_array_custom" class="Tests_Comment_Query" file="/Users/msaari/wordpress-develop/tests/phpunit/tests/comment/query.php" line="494" assertions="1" time="0.009730"/>
      <testcase name="test_type__not_in_custom" class="Tests_Comment_Query" file="/Users/msaari/wordpress-develop/tests/phpunit/tests/comment/query.php" line="552" assertions="1" time="0.009659"/>
      <testcase name="test_type_array_comments_and_pings" class="Tests_Comment_Query" file="/Users/msaari/wordpress-develop/tests/phpunit/tests/comment/query.php" line="609" assertions="1" time="0.008344"/>
      <testcase name="test_type_array_comment_pings" class="Tests_Comment_Query" file="/Users/msaari/wordpress-develop/tests/phpunit/tests/comment/query.php" line="659" assertions="1" time="0.006725"/>
      <testcase name="test_type_array_pingback" class="Tests_Comment_Query" file="/Users/msaari/wordpress-develop/tests/phpunit/tests/comment/query.php" line="695" assertions="1" time="0.006353"/>
      <testcase name="test_type_array_custom_pingpack" class="Tests_Comment_Query" file="/Users/msaari/wordpress-develop/tests/phpunit/tests/comment/query.php" line="731" assertions="1" time="0.006226"/>
      <testcase name="test_type_array_pings" class="Tests_Comment_Query" file="/Users/msaari/wordpress-develop/tests/phpunit/tests/comment/query.php" line="767" assertions="1" time="0.006677"/>
      <testcase name="test_type_status_approved_array_comment_pings" class="Tests_Comment_Query" file="/Users/msaari/wordpress-develop/tests/phpunit/tests/comment/query.php" line="803" assertions="1" time="0.006415"/>
      <testcase name="test_type_array_trackback" class="Tests_Comment_Query" file="/Users/msaari/wordpress-develop/tests/phpunit/tests/comment/query.php" line="847" assertions="1" time="0.006703"/>
      <testcase name="test_type_array_custom_trackback" class="Tests_Comment_Query" file="/Users/msaari/wordpress-develop/tests/phpunit/tests/comment/query.php" line="883" assertions="1" time="0.006230"/>
      <testcase name="test_type_array_pings_approved" class="Tests_Comment_Query" file="/Users/msaari/wordpress-develop/tests/phpunit/tests/comment/query.php" line="919" assertions="1" time="0.006429"/>
      <testcase name="test_status_empty_string" class="Tests_Comment_Query" file="/Users/msaari/wordpress-develop/tests/phpunit/tests/comment/query.php" line="963" assertions="1" time="0.005458"/>
      <testcase name="test_status_hold" class="Tests_Comment_Query" file="/Users/msaari/wordpress-develop/tests/phpunit/tests/comment/query.php" line="997" assertions="1" time="0.004977"/>
      <testcase name="test_status_approve" class="Tests_Comment_Query" file="/Users/msaari/wordpress-develop/tests/phpunit/tests/comment/query.php" line="1025" assertions="1" time="0.004149"/>
      <testcase name="test_status_custom" class="Tests_Comment_Query" file="/Users/msaari/wordpress-develop/tests/phpunit/tests/comment/query.php" line="1050" assertions="1" time="0.006350"/>
      <testcase name="test_status_all" class="Tests_Comment_Query" file="/Users/msaari/wordpress-develop/tests/phpunit/tests/comment/query.php" line="1081" assertions="1" time="0.004894"/>
      <testcase name="test_status_default_to_all" class="Tests_Comment_Query" file="/Users/msaari/wordpress-develop/tests/phpunit/tests/comment/query.php" line="1112" assertions="1" time="0.005377"/>
      <testcase name="test_status_comma_any" class="Tests_Comment_Query" file="/Users/msaari/wordpress-develop/tests/phpunit/tests/comment/query.php" line="1145" assertions="1" time="0.005161"/>
      <testcase name="test_status_comma_separated" class="Tests_Comment_Query" file="/Users/msaari/wordpress-develop/tests/phpunit/tests/comment/query.php" line="1179" assertions="1" time="0.005055"/>
      <testcase name="test_status_array" class="Tests_Comment_Query" file="/Users/msaari/wordpress-develop/tests/phpunit/tests/comment/query.php" line="1213" assertions="1" time="0.004538"/>
      <testcase name="test_multiple_post_fields_should_all_be_respected" class="Tests_Comment_Query" file="/Users/msaari/wordpress-develop/tests/phpunit/tests/comment/query.php" line="1247" assertions="1" time="0.028442"/>
      <testcase name="test_get_comments_for_post" class="Tests_Comment_Query" file="/Users/msaari/wordpress-develop/tests/phpunit/tests/comment/query.php" line="1291" assertions="36" time="0.049693"/>
      <testcase name="test_orderby_meta" class="Tests_Comment_Query" file="/Users/msaari/wordpress-develop/tests/phpunit/tests/comment/query.php" line="1348" assertions="16" time="0.017039"/>
      <testcase name="test_orderby_clause_key" class="Tests_Comment_Query" file="/Users/msaari/wordpress-develop/tests/phpunit/tests/comment/query.php" line="1440" assertions="1" time="0.006240"/>
      <testcase name="test_orderby_clause_key_as_secondary_sort" class="Tests_Comment_Query" file="/Users/msaari/wordpress-develop/tests/phpunit/tests/comment/query.php" line="1467" assertions="1" time="0.007119"/>
      <testcase name="test_orderby_more_than_one_clause_key" class="Tests_Comment_Query" file="/Users/msaari/wordpress-develop/tests/phpunit/tests/comment/query.php" line="1511" assertions="1" time="0.006833"/>
      <testcase name="test_meta_query_should_work_with_comment__in" class="Tests_Comment_Query" file="/Users/msaari/wordpress-develop/tests/phpunit/tests/comment/query.php" line="1548" assertions="1" time="0.005485"/>
      <testcase name="test_meta_query_should_work_with_comment__not_in" class="Tests_Comment_Query" file="/Users/msaari/wordpress-develop/tests/phpunit/tests/comment/query.php" line="1574" assertions="1" time="0.005531"/>
      <testcase name="test_get_comments_by_user" class="Tests_Comment_Query" file="/Users/msaari/wordpress-develop/tests/phpunit/tests/comment/query.php" line="1600" assertions="7" time="0.033057"/>
      <testcase name="test_get_comments_by_author_url" class="Tests_Comment_Query" file="/Users/msaari/wordpress-develop/tests/phpunit/tests/comment/query.php" line="1654" assertions="1" time="0.006522"/>
      <testcase name="test_fields_ids_query" class="Tests_Comment_Query" file="/Users/msaari/wordpress-develop/tests/phpunit/tests/comment/query.php" line="1693" assertions="5" time="0.007903"/>
      <testcase name="test_fields_comment__in" class="Tests_Comment_Query" file="/Users/msaari/wordpress-develop/tests/phpunit/tests/comment/query.php" line="1729" assertions="1" time="0.005952"/>
      <testcase name="test_fields_comment__not_in" class="Tests_Comment_Query" file="/Users/msaari/wordpress-develop/tests/phpunit/tests/comment/query.php" line="1765" assertions="1" time="0.006231"/>
      <testcase name="test_fields_post__in" class="Tests_Comment_Query" file="/Users/msaari/wordpress-develop/tests/phpunit/tests/comment/query.php" line="1801" assertions="1" time="0.034207"/>
      <testcase name="test_fields_post__not_in" class="Tests_Comment_Query" file="/Users/msaari/wordpress-develop/tests/phpunit/tests/comment/query.php" line="1841" assertions="1" time="0.031200"/>
      <testcase name="test_fields_post_author__in" class="Tests_Comment_Query" file="/Users/msaari/wordpress-develop/tests/phpunit/tests/comment/query.php" line="1881" assertions="1" time="0.039464"/>
      <testcase name="test_fields_post_author__not_in" class="Tests_Comment_Query" file="/Users/msaari/wordpress-develop/tests/phpunit/tests/comment/query.php" line="1924" assertions="1" time="0.049294"/>
      <testcase name="test_fields_author__in" class="Tests_Comment_Query" file="/Users/msaari/wordpress-develop/tests/phpunit/tests/comment/query.php" line="1967" assertions="1" time="0.044890"/>
      <testcase name="test_fields_author__not_in" class="Tests_Comment_Query" file="/Users/msaari/wordpress-develop/tests/phpunit/tests/comment/query.php" line="2015" assertions="1" time="0.044785"/>
      <testcase name="test_get_comments_with_status_all" class="Tests_Comment_Query" file="/Users/msaari/wordpress-develop/tests/phpunit/tests/comment/query.php" line="2063" assertions="1" time="0.005212"/>
      <testcase name="test_get_comments_with_include_unapproved_user_id" class="Tests_Comment_Query" file="/Users/msaari/wordpress-develop/tests/phpunit/tests/comment/query.php" line="2094" assertions="1" time="0.006451"/>
      <testcase name="test_get_comments_with_include_unapproved_user_id_array" class="Tests_Comment_Query" file="/Users/msaari/wordpress-develop/tests/phpunit/tests/comment/query.php" line="2138" assertions="1" time="0.006329"/>
      <testcase name="test_get_comments_with_include_unapproved_user_id_comma_separated" class="Tests_Comment_Query" file="/Users/msaari/wordpress-develop/tests/phpunit/tests/comment/query.php" line="2189" assertions="1" time="0.006580"/>
      <testcase name="test_get_comments_with_include_unapproved_author_email" class="Tests_Comment_Query" file="/Users/msaari/wordpress-develop/tests/phpunit/tests/comment/query.php" line="2240" assertions="1" time="0.006072"/>
      <testcase name="test_get_comments_with_include_unapproved_mixed_array" class="Tests_Comment_Query" file="/Users/msaari/wordpress-develop/tests/phpunit/tests/comment/query.php" line="2290" assertions="1" time="0.006182"/>
      <testcase name="test_get_comments_with_include_unapproved_mixed_comma_separated" class="Tests_Comment_Query" file="/Users/msaari/wordpress-develop/tests/phpunit/tests/comment/query.php" line="2349" assertions="1" time="0.007092"/>
      <testcase name="test_search" class="Tests_Comment_Query" file="/Users/msaari/wordpress-develop/tests/phpunit/tests/comment/query.php" line="2405" assertions="1" time="0.005748"/>
      <testcase name="test_search_false_should_be_ignored" class="Tests_Comment_Query" file="/Users/msaari/wordpress-develop/tests/phpunit/tests/comment/query.php" line="2481" assertions="1" time="0.001935"/>
      <testcase name="test_search_null_should_be_ignored" class="Tests_Comment_Query" file="/Users/msaari/wordpress-develop/tests/phpunit/tests/comment/query.php" line="2494" assertions="1" time="0.001701"/>
      <testcase name="test_search_empty_string_should_be_ignored" class="Tests_Comment_Query" file="/Users/msaari/wordpress-develop/tests/phpunit/tests/comment/query.php" line="2507" assertions="1" time="0.001843"/>
      <testcase name="test_search_int_0_should_not_be_ignored" class="Tests_Comment_Query" file="/Users/msaari/wordpress-develop/tests/phpunit/tests/comment/query.php" line="2520" assertions="1" time="0.002128"/>
      <testcase name="test_search_string_0_should_not_be_ignored" class="Tests_Comment_Query" file="/Users/msaari/wordpress-develop/tests/phpunit/tests/comment/query.php" line="2534" assertions="1" time="0.001768"/>
      <testcase name="test_orderby_default" class="Tests_Comment_Query" file="/Users/msaari/wordpress-develop/tests/phpunit/tests/comment/query.php" line="2545" assertions="1" time="0.001627"/>
      <testcase name="test_orderby_single" class="Tests_Comment_Query" file="/Users/msaari/wordpress-develop/tests/phpunit/tests/comment/query.php" line="2554" assertions="1" time="0.001782"/>
      <testcase name="test_orderby_single_invalid" class="Tests_Comment_Query" file="/Users/msaari/wordpress-develop/tests/phpunit/tests/comment/query.php" line="2567" assertions="1" time="0.001736"/>
      <testcase name="test_orderby_space_separated" class="Tests_Comment_Query" file="/Users/msaari/wordpress-develop/tests/phpunit/tests/comment/query.php" line="2580" assertions="1" time="0.001739"/>
      <testcase name="test_orderby_comma_separated" class="Tests_Comment_Query" file="/Users/msaari/wordpress-develop/tests/phpunit/tests/comment/query.php" line="2593" assertions="1" time="0.001601"/>
      <testcase name="test_orderby_flat_array" class="Tests_Comment_Query" file="/Users/msaari/wordpress-develop/tests/phpunit/tests/comment/query.php" line="2606" assertions="1" time="0.001607"/>
      <testcase name="test_orderby_array_contains_invalid_item" class="Tests_Comment_Query" file="/Users/msaari/wordpress-develop/tests/phpunit/tests/comment/query.php" line="2619" assertions="1" time="0.001816"/>
      <testcase name="test_orderby_array_contains_all_invalid_items" class="Tests_Comment_Query" file="/Users/msaari/wordpress-develop/tests/phpunit/tests/comment/query.php" line="2632" assertions="1" time="0.001942"/>
      <testcase name="test_orderby_none" class="Tests_Comment_Query" file="/Users/msaari/wordpress-develop/tests/phpunit/tests/comment/query.php" line="2648" assertions="1" time="0.002054"/>
      <testcase name="test_orderby_empty_array" class="Tests_Comment_Query" file="/Users/msaari/wordpress-develop/tests/phpunit/tests/comment/query.php" line="2662" assertions="1" time="0.001754"/>
      <testcase name="test_orderby_false" class="Tests_Comment_Query" file="/Users/msaari/wordpress-develop/tests/phpunit/tests/comment/query.php" line="2676" assertions="1" time="0.001644"/>
      <testcase name="test_orderby_array" class="Tests_Comment_Query" file="/Users/msaari/wordpress-develop/tests/phpunit/tests/comment/query.php" line="2690" assertions="1" time="0.001765"/>
      <testcase name="test_orderby_array_should_discard_invalid_columns" class="Tests_Comment_Query" file="/Users/msaari/wordpress-develop/tests/phpunit/tests/comment/query.php" line="2711" assertions="1" time="0.001614"/>
      <testcase name="test_orderby_array_should_convert_invalid_order_to_DESC" class="Tests_Comment_Query" file="/Users/msaari/wordpress-develop/tests/phpunit/tests/comment/query.php" line="2732" assertions="1" time="0.001784"/>
      <testcase name="test_orderby_array_should_sort_by_comment_ID_as_fallback_and_should_inherit_order_from_comment_date_gmt" class="Tests_Comment_Query" file="/Users/msaari/wordpress-develop/tests/phpunit/tests/comment/query.php" line="2753" assertions="1" time="0.001857"/>
      <testcase name="test_orderby_array_should_sort_by_comment_ID_as_fallback_and_should_inherit_order_from_comment_date" class="Tests_Comment_Query" file="/Users/msaari/wordpress-develop/tests/phpunit/tests/comment/query.php" line="2773" assertions="1" time="0.001982"/>
      <testcase name="test_orderby_array_should_sort_by_comment_ID_DESC_as_fallback_when_not_sorted_by_date" class="Tests_Comment_Query" file="/Users/msaari/wordpress-develop/tests/phpunit/tests/comment/query.php" line="2793" assertions="1" time="0.002133"/>
      <testcase name="test_orderby_date_modified_gmt_should_order_by_comment_ID_in_case_of_tie_ASC" class="Tests_Comment_Query" file="/Users/msaari/wordpress-develop/tests/phpunit/tests/comment/query.php" line="2812" assertions="1" time="0.008490"/>
      <testcase name="test_orderby_date_modified_gmt_should_order_by_comment_ID_in_case_of_tie_DESC" class="Tests_Comment_Query" file="/Users/msaari/wordpress-develop/tests/phpunit/tests/comment/query.php" line="2837" assertions="1" time="0.009610"/>
      <testcase name="test_meta_vars_should_be_converted_to_meta_query" class="Tests_Comment_Query" file="/Users/msaari/wordpress-develop/tests/phpunit/tests/comment/query.php" line="2861" assertions="4" time="0.002069"/>
      <testcase name="test_count" class="Tests_Comment_Query" file="/Users/msaari/wordpress-develop/tests/phpunit/tests/comment/query.php" line="2878" assertions="1" time="0.004746"/>
      <testcase name="test_count_with_meta_query" class="Tests_Comment_Query" file="/Users/msaari/wordpress-develop/tests/phpunit/tests/comment/query.php" line="2905" assertions="1" time="0.006375"/>
      <testcase name="test_paged" class="Tests_Comment_Query" file="/Users/msaari/wordpress-develop/tests/phpunit/tests/comment/query.php" line="2946" assertions="1" time="0.007207"/>
      <testcase name="test_offset_should_take_precedence_over_paged" class="Tests_Comment_Query" file="/Users/msaari/wordpress-develop/tests/phpunit/tests/comment/query.php" line="2992" assertions="1" time="0.007042"/>
      <testcase name="test_post_type_single_value" class="Tests_Comment_Query" file="/Users/msaari/wordpress-develop/tests/phpunit/tests/comment/query.php" line="3037" assertions="1" time="0.009292"/>
      <testcase name="test_post_type_singleton_array" class="Tests_Comment_Query" file="/Users/msaari/wordpress-develop/tests/phpunit/tests/comment/query.php" line="3064" assertions="1" time="0.009197"/>
      <testcase name="test_post_type_array" class="Tests_Comment_Query" file="/Users/msaari/wordpress-develop/tests/phpunit/tests/comment/query.php" line="3091" assertions="1" time="0.011984"/>
      <testcase name="test_post_name_single_value" class="Tests_Comment_Query" file="/Users/msaari/wordpress-develop/tests/phpunit/tests/comment/query.php" line="3115" assertions="1" time="0.023453"/>
      <testcase name="test_post_name_singleton_array" class="Tests_Comment_Query" file="/Users/msaari/wordpress-develop/tests/phpunit/tests/comment/query.php" line="3136" assertions="1" time="0.023292"/>
      <testcase name="test_post_name_array" class="Tests_Comment_Query" file="/Users/msaari/wordpress-develop/tests/phpunit/tests/comment/query.php" line="3157" assertions="1" time="0.030885"/>
      <testcase name="test_post_status_single_value" class="Tests_Comment_Query" file="/Users/msaari/wordpress-develop/tests/phpunit/tests/comment/query.php" line="3177" assertions="1" time="0.019848"/>
      <testcase name="test_post_status_singleton_array" class="Tests_Comment_Query" file="/Users/msaari/wordpress-develop/tests/phpunit/tests/comment/query.php" line="3198" assertions="1" time="0.021182"/>
      <testcase name="test_post_status_array" class="Tests_Comment_Query" file="/Users/msaari/wordpress-develop/tests/phpunit/tests/comment/query.php" line="3219" assertions="1" time="0.032349"/>
      <testcase name="test_post_type_any_should_override_other_post_types" class="Tests_Comment_Query" file="/Users/msaari/wordpress-develop/tests/phpunit/tests/comment/query.php" line="3242" assertions="1" time="0.009753"/>
      <testcase name="test_post_type_any_as_part_of_an_array_of_post_types" class="Tests_Comment_Query" file="/Users/msaari/wordpress-develop/tests/phpunit/tests/comment/query.php" line="3265" assertions="1" time="0.008889"/>
      <testcase name="test_post_status_any_should_override_other_post_statuses" class="Tests_Comment_Query" file="/Users/msaari/wordpress-develop/tests/phpunit/tests/comment/query.php" line="3288" assertions="1" time="0.021080"/>
      <testcase name="test_post_status_any_as_part_of_an_array_of_post_statuses" class="Tests_Comment_Query" file="/Users/msaari/wordpress-develop/tests/phpunit/tests/comment/query.php" line="3308" assertions="1" time="0.022355"/>
      <testcase name="test_comment_query_object" class="Tests_Comment_Query" file="/Users/msaari/wordpress-develop/tests/phpunit/tests/comment/query.php" line="3328" assertions="8" time="0.003245"/>
      <testcase name="test_comment_cache_key_should_ignore_custom_params" class="Tests_Comment_Query" file="/Users/msaari/wordpress-develop/tests/phpunit/tests/comment/query.php" line="3348" assertions="1" time="0.013028"/>
      <testcase name="test_cache_should_be_sensitive_to_parent__in" class="Tests_Comment_Query" file="/Users/msaari/wordpress-develop/tests/phpunit/tests/comment/query.php" line="3379" assertions="1" time="0.002295"/>
      <testcase name="test_cache_should_be_sensitive_to_parent__not_in" class="Tests_Comment_Query" file="/Users/msaari/wordpress-develop/tests/phpunit/tests/comment/query.php" line="3402" assertions="1" time="0.002273"/>
      <testcase name="test_it_should_be_possible_to_modify_meta_query_using_pre_get_comments_action" class="Tests_Comment_Query" file="/Users/msaari/wordpress-develop/tests/phpunit/tests/comment/query.php" line="3425" assertions="1" time="0.005598"/>
      <testcase name="test_it_should_be_possible_to_modify_meta_params_using_pre_get_comments_action" class="Tests_Comment_Query" file="/Users/msaari/wordpress-develop/tests/phpunit/tests/comment/query.php" line="3463" assertions="1" time="0.005149"/>
      <testcase name="test_parent__in" class="Tests_Comment_Query" file="/Users/msaari/wordpress-develop/tests/phpunit/tests/comment/query.php" line="3495" assertions="1" time="0.004832"/>
      <testcase name="test_parent__in_commas" class="Tests_Comment_Query" file="/Users/msaari/wordpress-develop/tests/phpunit/tests/comment/query.php" line="3524" assertions="1" time="0.007700"/>
      <testcase name="test_parent__not_in" class="Tests_Comment_Query" file="/Users/msaari/wordpress-develop/tests/phpunit/tests/comment/query.php" line="3566" assertions="1" time="0.004678"/>
      <testcase name="test_parent__not_in_commas" class="Tests_Comment_Query" file="/Users/msaari/wordpress-develop/tests/phpunit/tests/comment/query.php" line="3596" assertions="1" time="0.006980"/>
      <testcase name="test_orderby_comment__in" class="Tests_Comment_Query" file="/Users/msaari/wordpress-develop/tests/phpunit/tests/comment/query.php" line="3639" assertions="1" time="0.007891"/>
      <testcase name="test_no_found_rows_should_default_to_true" class="Tests_Comment_Query" file="/Users/msaari/wordpress-develop/tests/phpunit/tests/comment/query.php" line="3682" assertions="2" time="0.006161"/>
      <testcase name="test_should_respect_no_found_rows_true" class="Tests_Comment_Query" file="/Users/msaari/wordpress-develop/tests/phpunit/tests/comment/query.php" line="3699" assertions="2" time="0.006871"/>
      <testcase name="test_should_respect_no_found_rows_false" class="Tests_Comment_Query" file="/Users/msaari/wordpress-develop/tests/phpunit/tests/comment/query.php" line="3717" assertions="2" time="0.006199"/>
      <testcase name="test_found_rows_should_be_fetched_from_the_cache" class="Tests_Comment_Query" file="/Users/msaari/wordpress-develop/tests/phpunit/tests/comment/query.php" line="3735" assertions="2" time="0.006473"/>
      <testcase name="test_hierarchical_should_skip_child_comments_in_offset" class="Tests_Comment_Query" file="/Users/msaari/wordpress-develop/tests/phpunit/tests/comment/query.php" line="3762" assertions="1" time="0.009486"/>
      <testcase name="test_hierarchical_should_not_include_child_comments_in_number" class="Tests_Comment_Query" file="/Users/msaari/wordpress-develop/tests/phpunit/tests/comment/query.php" line="3804" assertions="1" time="0.010643"/>
      <testcase name="test_hierarchical_threaded" class="Tests_Comment_Query" file="/Users/msaari/wordpress-develop/tests/phpunit/tests/comment/query.php" line="3844" assertions="4" time="0.011551"/>
      <testcase name="test_hierarchical_threaded_approved" class="Tests_Comment_Query" file="/Users/msaari/wordpress-develop/tests/phpunit/tests/comment/query.php" line="3922" assertions="3" time="0.011228"/>
      <testcase name="test_comment_clauses_prepend_callback_should_be_respected_when_filling_descendants" class="Tests_Comment_Query" file="/Users/msaari/wordpress-develop/tests/phpunit/tests/comment/query.php" line="3998" assertions="1" time="0.012224"/>
      <testcase name="test_comment_clauses_append_callback_should_be_respected_when_filling_descendants" class="Tests_Comment_Query" file="/Users/msaari/wordpress-develop/tests/phpunit/tests/comment/query.php" line="4055" assertions="1" time="0.011214"/>
      <testcase name="test_cache_should_be_hit_when_querying_descendants" class="Tests_Comment_Query" file="/Users/msaari/wordpress-develop/tests/phpunit/tests/comment/query.php" line="4112" assertions="2" time="0.019257"/>
      <testcase name="test_hierarchy_should_be_filled_when_cache_is_incomplete" class="Tests_Comment_Query" file="/Users/msaari/wordpress-develop/tests/phpunit/tests/comment/query.php" line="4168" assertions="2" time="0.019087"/>
      <testcase name="test_fill_hierarchy_should_disregard_offset_and_number" class="Tests_Comment_Query" file="/Users/msaari/wordpress-develop/tests/phpunit/tests/comment/query.php" line="4230" assertions="2" time="0.010975"/>
      <testcase name="test_update_comment_post_cache_should_be_disabled_by_default" class="Tests_Comment_Query" file="/Users/msaari/wordpress-develop/tests/phpunit/tests/comment/query.php" line="4297" assertions="2" time="0.013545"/>
      <testcase name="test_should_respect_update_comment_post_cache_true" class="Tests_Comment_Query" file="/Users/msaari/wordpress-develop/tests/phpunit/tests/comment/query.php" line="4317" assertions="2" time="0.014712"/>
      <testcase name="test_comment_objects_should_be_filled_from_cache" class="Tests_Comment_Query" file="/Users/msaari/wordpress-develop/tests/phpunit/tests/comment/query.php" line="4338" assertions="2" time="0.007757"/>
      <testcase name="test_comment_objects_should_be_fetched_from_database_when_suspend_cache_addition" class="Tests_Comment_Query" file="/Users/msaari/wordpress-develop/tests/phpunit/tests/comment/query.php" line="4366" assertions="1" time="0.004653"/>
      <testcase name="test_comment_query_should_be_cached" class="Tests_Comment_Query" file="/Users/msaari/wordpress-develop/tests/phpunit/tests/comment/query.php" line="4384" assertions="1" time="0.004208"/>
      <testcase name="test_created_comment_should_invalidate_query_cache" class="Tests_Comment_Query" file="/Users/msaari/wordpress-develop/tests/phpunit/tests/comment/query.php" line="4414" assertions="2" time="0.003781"/>
      <testcase name="test_updated_comment_should_invalidate_query_cache" class="Tests_Comment_Query" file="/Users/msaari/wordpress-develop/tests/phpunit/tests/comment/query.php" line="4444" assertions="2" time="0.006288"/>
      <testcase name="test_deleted_comment_should_invalidate_query_cache" class="Tests_Comment_Query" file="/Users/msaari/wordpress-develop/tests/phpunit/tests/comment/query.php" line="4484" assertions="2" time="0.006280"/>
      <testcase name="test_trashed_comment_should_invalidate_query_cache" class="Tests_Comment_Query" file="/Users/msaari/wordpress-develop/tests/phpunit/tests/comment/query.php" line="4517" assertions="2" time="0.007315"/>
      <testcase name="test_untrashed_comment_should_invalidate_query_cache" class="Tests_Comment_Query" file="/Users/msaari/wordpress-develop/tests/phpunit/tests/comment/query.php" line="4550" assertions="2" time="0.008029"/>
      <testcase name="test_spammed_comment_should_invalidate_query_cache" class="Tests_Comment_Query" file="/Users/msaari/wordpress-develop/tests/phpunit/tests/comment/query.php" line="4585" assertions="2" time="0.006301"/>
      <testcase name="test_unspammed_comment_should_invalidate_query_cache" class="Tests_Comment_Query" file="/Users/msaari/wordpress-develop/tests/phpunit/tests/comment/query.php" line="4618" assertions="2" time="0.009370"/>
      <testcase name="test_count_query_should_miss_noncount_cache" class="Tests_Comment_Query" file="/Users/msaari/wordpress-develop/tests/phpunit/tests/comment/query.php" line="4656" assertions="1" time="0.002403"/>
      <testcase name="test_count_query_should_hit_count_cache" class="Tests_Comment_Query" file="/Users/msaari/wordpress-develop/tests/phpunit/tests/comment/query.php" line="4685" assertions="1" time="0.001906"/>
      <testcase name="test_different_values_of_fields_should_share_cached_values" class="Tests_Comment_Query" file="/Users/msaari/wordpress-develop/tests/phpunit/tests/comment/query.php" line="4714" assertions="1" time="0.002291"/>
      <testcase name="test_add_comment_meta_should_invalidate_query_cache" class="Tests_Comment_Query" file="/Users/msaari/wordpress-develop/tests/phpunit/tests/comment/query.php" line="4742" assertions="2" time="0.016539"/>
      <testcase name="test_update_comment_meta_should_invalidate_query_cache" class="Tests_Comment_Query" file="/Users/msaari/wordpress-develop/tests/phpunit/tests/comment/query.php" line="4791" assertions="2" time="0.015108"/>
      <testcase name="test_delete_comment_meta_should_invalidate_query_cache" class="Tests_Comment_Query" file="/Users/msaari/wordpress-develop/tests/phpunit/tests/comment/query.php" line="4840" assertions="2" time="0.014956"/>
    </testsuite>
    <testsuite name="Tests_Comment_Slashes" file="/Users/msaari/wordpress-develop/tests/phpunit/tests/comment/slashes.php" tests="4" assertions="16" failures="0" errors="0" time="0.112408">
      <testcase name="test_wp_new_comment" class="Tests_Comment_Slashes" file="/Users/msaari/wordpress-develop/tests/phpunit/tests/comment/slashes.php" line="29" assertions="4" time="0.027601"/>
      <testcase name="test_edit_comment" class="Tests_Comment_Slashes" file="/Users/msaari/wordpress-develop/tests/phpunit/tests/comment/slashes.php" line="68" assertions="4" time="0.028138"/>
      <testcase name="test_wp_insert_comment" class="Tests_Comment_Slashes" file="/Users/msaari/wordpress-develop/tests/phpunit/tests/comment/slashes.php" line="112" assertions="4" time="0.027881"/>
      <testcase name="test_wp_update_comment" class="Tests_Comment_Slashes" file="/Users/msaari/wordpress-develop/tests/phpunit/tests/comment/slashes.php" line="143" assertions="4" time="0.028788"/>
    </testsuite>
    <testsuite name="Tests_Comment_Template" file="/Users/msaari/wordpress-develop/tests/phpunit/tests/comment/template.php" tests="15" assertions="22" failures="0" errors="0" time="0.355386">
      <testcase name="test_get_comments_number" class="Tests_Comment_Template" file="/Users/msaari/wordpress-develop/tests/phpunit/tests/comment/template.php" line="7" assertions="5" time="0.029142"/>
      <testcase name="test_get_comments_number_without_arg" class="Tests_Comment_Template" file="/Users/msaari/wordpress-develop/tests/phpunit/tests/comment/template.php" line="20" assertions="2" time="0.031784"/>
      <testcase name="test_get_comments_number_text_declension_with_default_args" class="Tests_Comment_Template" file="/Users/msaari/wordpress-develop/tests/phpunit/tests/comment/template.php" line="36" assertions="3" time="0.096407"/>
      <testsuite name="Tests_Comment_Template::test_get_comments_number_text_declension_with_custom_args" tests="12" assertions="12" failures="0" errors="0" time="0.198053">
        <testcase name="test_get_comments_number_text_declension_with_custom_args with data set #0" assertions="1" time="0.018380"/>
        <testcase name="test_get_comments_number_text_declension_with_custom_args with data set #1" assertions="1" time="0.017183"/>
        <testcase name="test_get_comments_number_text_declension_with_custom_args with data set #2" assertions="1" time="0.016953"/>
        <testcase name="test_get_comments_number_text_declension_with_custom_args with data set #3" assertions="1" time="0.015374"/>
        <testcase name="test_get_comments_number_text_declension_with_custom_args with data set #4" assertions="1" time="0.015549"/>
        <testcase name="test_get_comments_number_text_declension_with_custom_args with data set #5" assertions="1" time="0.016974"/>
        <testcase name="test_get_comments_number_text_declension_with_custom_args with data set #6" assertions="1" time="0.017822"/>
        <testcase name="test_get_comments_number_text_declension_with_custom_args with data set #7" assertions="1" time="0.016272"/>
        <testcase name="test_get_comments_number_text_declension_with_custom_args with data set #8" assertions="1" time="0.016513"/>
        <testcase name="test_get_comments_number_text_declension_with_custom_args with data set #9" assertions="1" time="0.015924"/>
        <testcase name="test_get_comments_number_text_declension_with_custom_args with data set #10" assertions="1" time="0.015261"/>
        <testcase name="test_get_comments_number_text_declension_with_custom_args with data set #11" assertions="1" time="0.015848"/>
      </testsuite>
    </testsuite>
    <testsuite name="Tests_Comment_Walker" file="/Users/msaari/wordpress-develop/tests/phpunit/tests/comment/walker.php" tests="1" assertions="8" failures="0" errors="0" time="0.013815">
      <testcase name="test_has_children" class="Tests_Comment_Walker" file="/Users/msaari/wordpress-develop/tests/phpunit/tests/comment/walker.php" line="17" assertions="8" time="0.013815"/>
    </testsuite>
    <testsuite name="Tests_Comment_WpAllowComment" file="/Users/msaari/wordpress-develop/tests/phpunit/tests/comment/wpAllowComment.php" tests="2" assertions="2" failures="0" errors="0" time="0.040805">
      <testcase name="test_allow_comment_if_comment_author_emails_differ" class="Tests_Comment_WpAllowComment" file="/Users/msaari/wordpress-develop/tests/phpunit/tests/comment/wpAllowComment.php" line="35" assertions="1" time="0.019918"/>
      <testcase name="test_die_as_duplicate_if_comment_author_name_and_emails_match" class="Tests_Comment_WpAllowComment" file="/Users/msaari/wordpress-develop/tests/phpunit/tests/comment/wpAllowComment.php" line="58" assertions="1" time="0.020887"/>
    </testsuite>
    <testsuite name="Tests_WP_Blacklist_Check" file="/Users/msaari/wordpress-develop/tests/phpunit/tests/comment/wpBlacklistCheck.php" tests="6" assertions="6" failures="0" errors="0" time="0.015495">
      <testcase name="test_should_return_true_when_content_matches_blacklist_keys" class="Tests_WP_Blacklist_Check" file="/Users/msaari/wordpress-develop/tests/phpunit/tests/comment/wpBlacklistCheck.php" line="8" assertions="1" time="0.002638"/>
      <testcase name="test_should_return_true_when_content_with_html_matches_blacklist_keys" class="Tests_WP_Blacklist_Check" file="/Users/msaari/wordpress-develop/tests/phpunit/tests/comment/wpBlacklistCheck.php" line="26" assertions="1" time="0.002485"/>
      <testcase name="test_should_return_true_when_author_matches_blacklist_keys" class="Tests_WP_Blacklist_Check" file="/Users/msaari/wordpress-develop/tests/phpunit/tests/comment/wpBlacklistCheck.php" line="41" assertions="1" time="0.002477"/>
      <testcase name="test_should_return_true_when_url_matches_blacklist_keys" class="Tests_WP_Blacklist_Check" file="/Users/msaari/wordpress-develop/tests/phpunit/tests/comment/wpBlacklistCheck.php" line="56" assertions="1" time="0.002634"/>
      <testcase name="test_should_return_true_when_link_matches_blacklist_keys" class="Tests_WP_Blacklist_Check" file="/Users/msaari/wordpress-develop/tests/phpunit/tests/comment/wpBlacklistCheck.php" line="74" assertions="1" time="0.002377"/>
      <testcase name="test_should_return_false_when_no_match" class="Tests_WP_Blacklist_Check" file="/Users/msaari/wordpress-develop/tests/phpunit/tests/comment/wpBlacklistCheck.php" line="89" assertions="1" time="0.002884"/>
    </testsuite>
    <testsuite name="Tests_Term_WpComment" file="/Users/msaari/wordpress-develop/tests/phpunit/tests/comment/wpComment.php" tests="4" assertions="4" failures="0" errors="0" time="0.007145">
      <testcase name="test_get_instance_should_work_for_numeric_string" class="Tests_Term_WpComment" file="/Users/msaari/wordpress-develop/tests/phpunit/tests/comment/wpComment.php" line="31" assertions="1" time="0.001783"/>
      <testcase name="test_get_instance_should_fail_for_negative_number" class="Tests_Term_WpComment" file="/Users/msaari/wordpress-develop/tests/phpunit/tests/comment/wpComment.php" line="40" assertions="1" time="0.001845"/>
      <testcase name="test_get_instance_should_fail_for_non_numeric_string" class="Tests_Term_WpComment" file="/Users/msaari/wordpress-develop/tests/phpunit/tests/comment/wpComment.php" line="49" assertions="1" time="0.001608"/>
      <testcase name="test_get_instance_should_succeed_for_float_that_is_equal_to_post_id" class="Tests_Term_WpComment" file="/Users/msaari/wordpress-develop/tests/phpunit/tests/comment/wpComment.php" line="58" assertions="1" time="0.001909"/>
    </testsuite>
    <testsuite name="Tests_WP_Count_Comments" file="/Users/msaari/wordpress-develop/tests/phpunit/tests/comment/wpCountComments.php" tests="7" assertions="98" failures="0" errors="0" time="0.035242">
      <testcase name="test_wp_count_comments" class="Tests_WP_Count_Comments" file="/Users/msaari/wordpress-develop/tests/phpunit/tests/comment/wpCountComments.php" line="5" assertions="7" time="0.001834"/>
      <testcase name="test_wp_count_comments_approved" class="Tests_WP_Count_Comments" file="/Users/msaari/wordpress-develop/tests/phpunit/tests/comment/wpCountComments.php" line="17" assertions="7" time="0.002939"/>
      <testcase name="test_wp_count_comments_awaiting" class="Tests_WP_Count_Comments" file="/Users/msaari/wordpress-develop/tests/phpunit/tests/comment/wpCountComments.php" line="35" assertions="7" time="0.002688"/>
      <testcase name="test_wp_count_comments_spam" class="Tests_WP_Count_Comments" file="/Users/msaari/wordpress-develop/tests/phpunit/tests/comment/wpCountComments.php" line="53" assertions="7" time="0.002517"/>
      <testcase name="test_wp_count_comments_trash" class="Tests_WP_Count_Comments" file="/Users/msaari/wordpress-develop/tests/phpunit/tests/comment/wpCountComments.php" line="71" assertions="7" time="0.002820"/>
      <testcase name="test_wp_count_comments_post_trashed" class="Tests_WP_Count_Comments" file="/Users/msaari/wordpress-develop/tests/phpunit/tests/comment/wpCountComments.php" line="89" assertions="7" time="0.002919"/>
      <testcase name="test_wp_count_comments_cache" class="Tests_WP_Count_Comments" file="/Users/msaari/wordpress-develop/tests/phpunit/tests/comment/wpCountComments.php" line="107" assertions="56" time="0.019525"/>
    </testsuite>
    <testsuite name="Tests_Comment_WpListComments" file="/Users/msaari/wordpress-develop/tests/phpunit/tests/comment/wpListComments.php" tests="6" assertions="7" failures="0" errors="0" time="0.179377">
      <testcase name="test_should_respect_page_param" class="Tests_Comment_WpListComments" file="/Users/msaari/wordpress-develop/tests/phpunit/tests/comment/wpListComments.php" line="10" assertions="1" time="0.025212"/>
      <testcase name="test_should_respect_per_page_param" class="Tests_Comment_WpListComments" file="/Users/msaari/wordpress-develop/tests/phpunit/tests/comment/wpListComments.php" line="48" assertions="1" time="0.027773"/>
      <testcase name="test_should_respect_reverse_top_level_param" class="Tests_Comment_WpListComments" file="/Users/msaari/wordpress-develop/tests/phpunit/tests/comment/wpListComments.php" line="86" assertions="2" time="0.026825"/>
      <testcase name="test_comments_param_should_be_respected_when_custom_pagination_params_are_passed" class="Tests_Comment_WpListComments" file="/Users/msaari/wordpress-develop/tests/phpunit/tests/comment/wpListComments.php" line="132" assertions="1" time="0.024215"/>
      <testcase name="test_custom_pagination_should_not_result_in_unapproved_comments_being_shown" class="Tests_Comment_WpListComments" file="/Users/msaari/wordpress-develop/tests/phpunit/tests/comment/wpListComments.php" line="172" assertions="1" time="0.030128"/>
      <testcase name="test_custom_pagination_should_allow_ones_own_unapproved_comments" class="Tests_Comment_WpListComments" file="/Users/msaari/wordpress-develop/tests/phpunit/tests/comment/wpListComments.php" line="216" assertions="1" time="0.045224"/>
    </testsuite>
    <testsuite name="Tests_Update_Comment_Count_Now" file="/Users/msaari/wordpress-develop/tests/phpunit/tests/comment/wpUpdateCommentCountNow.php" tests="3" assertions="11" failures="0" errors="0" time="0.027529">
      <testcase name="test_invalid_post_bails_early" class="Tests_Update_Comment_Count_Now" file="/Users/msaari/wordpress-develop/tests/phpunit/tests/comment/wpUpdateCommentCountNow.php" line="12" assertions="3" time="0.002483"/>
      <testcase name="test_regular_post_updates_comment_count" class="Tests_Update_Comment_Count_Now" file="/Users/msaari/wordpress-develop/tests/phpunit/tests/comment/wpUpdateCommentCountNow.php" line="18" assertions="4" time="0.012588"/>
      <testcase name="test_using_filter_adjusts_comment_count_without_an_additional_database_query" class="Tests_Update_Comment_Count_Now" file="/Users/msaari/wordpress-develop/tests/phpunit/tests/comment/wpUpdateCommentCountNow.php" line="33" assertions="4" time="0.012458"/>
    </testsuite>
    <testsuite name="Tests_Compat" file="/Users/msaari/wordpress-develop/tests/phpunit/tests/compat.php" tests="68" assertions="98" failures="0" errors="0" time="0.114171">
      <testsuite name="Tests_Compat::test_mb_strlen" tests="8" assertions="8" failures="0" errors="0" time="0.012225">
        <testcase name="test_mb_strlen with data set #0" assertions="1" time="0.001639"/>
        <testcase name="test_mb_strlen with data set #1" assertions="1" time="0.001626"/>
        <testcase name="test_mb_strlen with data set #2" assertions="1" time="0.001516"/>
        <testcase name="test_mb_strlen with data set #3" assertions="1" time="0.001499"/>
        <testcase name="test_mb_strlen with data set #4" assertions="1" time="0.001480"/>
        <testcase name="test_mb_strlen with data set #5" assertions="1" time="0.001444"/>
        <testcase name="test_mb_strlen with data set #6" assertions="1" time="0.001507"/>
        <testcase name="test_mb_strlen with data set #7" assertions="1" time="0.001514"/>
      </testsuite>
      <testsuite name="Tests_Compat::test_mb_strlen_via_regex" tests="8" assertions="8" failures="0" errors="0" time="0.013757">
        <testcase name="test_mb_strlen_via_regex with data set #0" assertions="1" time="0.001662"/>
        <testcase name="test_mb_strlen_via_regex with data set #1" assertions="1" time="0.001855"/>
        <testcase name="test_mb_strlen_via_regex with data set #2" assertions="1" time="0.001778"/>
        <testcase name="test_mb_strlen_via_regex with data set #3" assertions="1" time="0.001883"/>
        <testcase name="test_mb_strlen_via_regex with data set #4" assertions="1" time="0.001742"/>
        <testcase name="test_mb_strlen_via_regex with data set #5" assertions="1" time="0.001726"/>
        <testcase name="test_mb_strlen_via_regex with data set #6" assertions="1" time="0.001608"/>
        <testcase name="test_mb_strlen_via_regex with data set #7" assertions="1" time="0.001503"/>
      </testsuite>
      <testsuite name="Tests_Compat::test_8bit_mb_strlen" tests="8" assertions="8" failures="0" errors="0" time="0.014127">
        <testcase name="test_8bit_mb_strlen with data set #0" assertions="1" time="0.001529"/>
        <testcase name="test_8bit_mb_strlen with data set #1" assertions="1" time="0.001641"/>
        <testcase name="test_8bit_mb_strlen with data set #2" assertions="1" time="0.001990"/>
        <testcase name="test_8bit_mb_strlen with data set #3" assertions="1" time="0.002310"/>
        <testcase name="test_8bit_mb_strlen with data set #4" assertions="1" time="0.001769"/>
        <testcase name="test_8bit_mb_strlen with data set #5" assertions="1" time="0.001684"/>
        <testcase name="test_8bit_mb_strlen with data set #6" assertions="1" time="0.001601"/>
        <testcase name="test_8bit_mb_strlen with data set #7" assertions="1" time="0.001603"/>
      </testsuite>
      <testsuite name="Tests_Compat::test_mb_substr" tests="7" assertions="7" failures="0" errors="0" time="0.012288">
        <testcase name="test_mb_substr with data set #0" assertions="1" time="0.001602"/>
        <testcase name="test_mb_substr with data set #1" assertions="1" time="0.001542"/>
        <testcase name="test_mb_substr with data set #2" assertions="1" time="0.001574"/>
        <testcase name="test_mb_substr with data set #3" assertions="1" time="0.001829"/>
        <testcase name="test_mb_substr with data set #4" assertions="1" time="0.001918"/>
        <testcase name="test_mb_substr with data set #5" assertions="1" time="0.002085"/>
        <testcase name="test_mb_substr with data set #6" assertions="1" time="0.001738"/>
      </testsuite>
      <testsuite name="Tests_Compat::test_mb_substr_via_regex" tests="7" assertions="7" failures="0" errors="0" time="0.011755">
        <testcase name="test_mb_substr_via_regex with data set #0" assertions="1" time="0.001648"/>
        <testcase name="test_mb_substr_via_regex with data set #1" assertions="1" time="0.001597"/>
        <testcase name="test_mb_substr_via_regex with data set #2" assertions="1" time="0.001552"/>
        <testcase name="test_mb_substr_via_regex with data set #3" assertions="1" time="0.001546"/>
        <testcase name="test_mb_substr_via_regex with data set #4" assertions="1" time="0.001571"/>
        <testcase name="test_mb_substr_via_regex with data set #5" assertions="1" time="0.001815"/>
        <testcase name="test_mb_substr_via_regex with data set #6" assertions="1" time="0.002026"/>
      </testsuite>
      <testsuite name="Tests_Compat::test_8bit_mb_substr" tests="7" assertions="7" failures="0" errors="0" time="0.011243">
        <testcase name="test_8bit_mb_substr with data set #0" assertions="1" time="0.001793"/>
        <testcase name="test_8bit_mb_substr with data set #1" assertions="1" time="0.001613"/>
        <testcase name="test_8bit_mb_substr with data set #2" assertions="1" time="0.001613"/>
        <testcase name="test_8bit_mb_substr with data set #3" assertions="1" time="0.001578"/>
        <testcase name="test_8bit_mb_substr with data set #4" assertions="1" time="0.001559"/>
        <testcase name="test_8bit_mb_substr with data set #5" assertions="1" time="0.001552"/>
        <testcase name="test_8bit_mb_substr with data set #6" assertions="1" time="0.001535"/>
      </testsuite>
      <testcase name="test_mb_substr_phpcore" class="Tests_Compat" file="/Users/msaari/wordpress-develop/tests/phpunit/tests/compat.php" line="81" assertions="27" time="0.001744"/>
      <testcase name="test_hash_hmac_simple" class="Tests_Compat" file="/Users/msaari/wordpress-develop/tests/phpunit/tests/compat.php" line="167" assertions="2" time="0.001989"/>
      <testcase name="test_hash_hmac_padding" class="Tests_Compat" file="/Users/msaari/wordpress-develop/tests/phpunit/tests/compat.php" line="172" assertions="2" time="0.001868"/>
      <testcase name="test_hash_hmac_output" class="Tests_Compat" file="/Users/msaari/wordpress-develop/tests/phpunit/tests/compat.php" line="177" assertions="2" time="0.001860"/>
      <testcase name="test_json_encode_decode" class="Tests_Compat" file="/Users/msaari/wordpress-develop/tests/phpunit/tests/compat.php" line="182" assertions="2" time="0.002326"/>
      <testcase name="test_is_countable_availability" class="Tests_Compat" file="/Users/msaari/wordpress-develop/tests/phpunit/tests/compat.php" line="195" assertions="1" time="0.001598"/>
      <testsuite name="Tests_Compat::test_is_countable_functionality" tests="9" assertions="9" failures="0" errors="0" time="0.014859">
        <testcase name="test_is_countable_functionality with data set #0" assertions="1" time="0.001570"/>
        <testcase name="test_is_countable_functionality with data set #1" assertions="1" time="0.001515"/>
        <testcase name="test_is_countable_functionality with data set #2" assertions="1" time="0.001520"/>
        <testcase name="test_is_countable_functionality with data set #3" assertions="1" time="0.001516"/>
        <testcase name="test_is_countable_functionality with data set #4" assertions="1" time="0.002381"/>
        <testcase name="test_is_countable_functionality with data set #5" assertions="1" time="0.001824"/>
        <testcase name="test_is_countable_functionality with data set #6" assertions="1" time="0.001548"/>
        <testcase name="test_is_countable_functionality with data set #7" assertions="1" time="0.001507"/>
        <testcase name="test_is_countable_functionality with data set #8" assertions="1" time="0.001478"/>
      </testsuite>
      <testcase name="test_is_countable_SimpleXMLElement" class="Tests_Compat" file="/Users/msaari/wordpress-develop/tests/phpunit/tests/compat.php" line="262" assertions="1" time="0.001530"/>
      <testcase name="test_is_iterable_availability" class="Tests_Compat" file="/Users/msaari/wordpress-develop/tests/phpunit/tests/compat.php" line="275" assertions="1" time="0.001468"/>
      <testsuite name="Tests_Compat::test_is_iterable_functionality" tests="6" assertions="6" failures="0" errors="0" time="0.009534">
        <testcase name="test_is_iterable_functionality with data set #0" assertions="1" time="0.001487"/>
        <testcase name="test_is_iterable_functionality with data set #1" assertions="1" time="0.001487"/>
        <testcase name="test_is_iterable_functionality with data set #2" assertions="1" time="0.001749"/>
        <testcase name="test_is_iterable_functionality with data set #3" assertions="1" time="0.001742"/>
        <testcase name="test_is_iterable_functionality with data set #4" assertions="1" time="0.001549"/>
        <testcase name="test_is_iterable_functionality with data set #5" assertions="1" time="0.001520"/>
      </testsuite>
    </testsuite>
    <testsuite name="Tests_Cron" file="/Users/msaari/wordpress-develop/tests/phpunit/tests/cron.php" tests="20" assertions="70" failures="0" errors="0" time="0.068644">
      <testcase name="test_wp_get_schedule_empty" class="Tests_Cron" file="/Users/msaari/wordpress-develop/tests/phpunit/tests/cron.php" line="33" assertions="1" time="0.002239"/>
      <testcase name="test_schedule_event_single" class="Tests_Cron" file="/Users/msaari/wordpress-develop/tests/phpunit/tests/cron.php" line="39" assertions="3" time="0.003386"/>
      <testcase name="test_schedule_event_single_args" class="Tests_Cron" file="/Users/msaari/wordpress-develop/tests/phpunit/tests/cron.php" line="53" assertions="5" time="0.003191"/>
      <testcase name="test_schedule_event" class="Tests_Cron" file="/Users/msaari/wordpress-develop/tests/phpunit/tests/cron.php" line="71" assertions="3" time="0.003157"/>
      <testcase name="test_schedule_event_args" class="Tests_Cron" file="/Users/msaari/wordpress-develop/tests/phpunit/tests/cron.php" line="85" assertions="5" time="0.003327"/>
      <testcase name="test_unschedule_event" class="Tests_Cron" file="/Users/msaari/wordpress-develop/tests/phpunit/tests/cron.php" line="104" assertions="3" time="0.003033"/>
      <testcase name="test_clear_schedule" class="Tests_Cron" file="/Users/msaari/wordpress-develop/tests/phpunit/tests/cron.php" line="118" assertions="6" time="0.004790"/>
      <testcase name="test_clear_undefined_schedule" class="Tests_Cron" file="/Users/msaari/wordpress-develop/tests/phpunit/tests/cron.php" line="145" assertions="1" time="0.003374"/>
      <testcase name="test_clear_schedule_multiple_args" class="Tests_Cron" file="/Users/msaari/wordpress-develop/tests/phpunit/tests/cron.php" line="157" assertions="5" time="0.004731"/>
      <testcase name="test_clear_schedule_new_args" class="Tests_Cron" file="/Users/msaari/wordpress-develop/tests/phpunit/tests/cron.php" line="186" assertions="6" time="0.005942"/>
      <testcase name="test_unschedule_hook" class="Tests_Cron" file="/Users/msaari/wordpress-develop/tests/phpunit/tests/cron.php" line="224" assertions="4" time="0.004360"/>
      <testcase name="test_unschedule_undefined_hook" class="Tests_Cron" file="/Users/msaari/wordpress-develop/tests/phpunit/tests/cron.php" line="244" assertions="4" time="0.003317"/>
      <testcase name="test_duplicate_event" class="Tests_Cron" file="/Users/msaari/wordpress-develop/tests/phpunit/tests/cron.php" line="265" assertions="3" time="0.003015"/>
      <testcase name="test_not_duplicate_event" class="Tests_Cron" file="/Users/msaari/wordpress-develop/tests/phpunit/tests/cron.php" line="284" assertions="4" time="0.003164"/>
      <testcase name="test_not_duplicate_event_reversed" class="Tests_Cron" file="/Users/msaari/wordpress-develop/tests/phpunit/tests/cron.php" line="303" assertions="4" time="0.003584"/>
      <testcase name="test_pre_schedule_event_filter" class="Tests_Cron" file="/Users/msaari/wordpress-develop/tests/phpunit/tests/cron.php" line="328" assertions="4" time="0.002678"/>
      <testcase name="test_pre_reschedule_event_filter" class="Tests_Cron" file="/Users/msaari/wordpress-develop/tests/phpunit/tests/cron.php" line="380" assertions="2" time="0.002791"/>
      <testcase name="test_pre_unschedule_event_filter" class="Tests_Cron" file="/Users/msaari/wordpress-develop/tests/phpunit/tests/cron.php" line="404" assertions="2" time="0.002928"/>
      <testcase name="test_pre_clear_scheduled_hook_filters" class="Tests_Cron" file="/Users/msaari/wordpress-develop/tests/phpunit/tests/cron.php" line="428" assertions="3" time="0.003132"/>
      <testcase name="test_pre_scheduled_event_hooks" class="Tests_Cron" file="/Users/msaari/wordpress-develop/tests/phpunit/tests/cron.php" line="459" assertions="2" time="0.002505"/>
    </testsuite>
    <testsuite name="Test_WP_Customize_Control" file="/Users/msaari/wordpress-develop/tests/phpunit/tests/customize/control.php" tests="2" assertions="14" failures="0" errors="0" time="0.055389">
      <testcase name="test_check_capabilities" class="Test_WP_Customize_Control" file="/Users/msaari/wordpress-develop/tests/phpunit/tests/customize/control.php" line="42" assertions="6" time="0.026431"/>
      <testcase name="test_dropdown_pages" class="Test_WP_Customize_Control" file="/Users/msaari/wordpress-develop/tests/phpunit/tests/customize/control.php" line="110" assertions="8" time="0.028958"/>
    </testsuite>
    <testsuite name="Test_WP_Customize_Custom_CSS_Setting" file="/Users/msaari/wordpress-develop/tests/phpunit/tests/customize/custom-css-setting.php" tests="8" assertions="66" failures="0" errors="0" time="0.229891">
      <testcase name="test_construct" class="Test_WP_Customize_Custom_CSS_Setting" file="/Users/msaari/wordpress-develop/tests/phpunit/tests/customize/custom-css-setting.php" line="80" assertions="6" time="0.018476"/>
      <testcase name="test_crud" class="Test_WP_Customize_Custom_CSS_Setting" file="/Users/msaari/wordpress-develop/tests/phpunit/tests/customize/custom-css-setting.php" line="113" assertions="33" time="0.063905"/>
      <testcase name="test_custom_css_revision_saved" class="Test_WP_Customize_Custom_CSS_Setting" file="/Users/msaari/wordpress-develop/tests/phpunit/tests/customize/custom-css-setting.php" line="214" assertions="6" time="0.033135"/>
      <testcase name="test_get_custom_css_post_queries_after_failed_lookup" class="Test_WP_Customize_Custom_CSS_Setting" file="/Users/msaari/wordpress-develop/tests/phpunit/tests/customize/custom-css-setting.php" line="248" assertions="1" time="0.019006"/>
      <testcase name="test_update_custom_css_updates_theme_mod" class="Test_WP_Customize_Custom_CSS_Setting" file="/Users/msaari/wordpress-develop/tests/phpunit/tests/customize/custom-css-setting.php" line="260" assertions="1" time="0.024572"/>
      <testcase name="test_value_filter" class="Test_WP_Customize_Custom_CSS_Setting" file="/Users/msaari/wordpress-develop/tests/phpunit/tests/customize/custom-css-setting.php" line="271" assertions="5" time="0.024022"/>
      <testcase name="test_update_filter" class="Test_WP_Customize_Custom_CSS_Setting" file="/Users/msaari/wordpress-develop/tests/phpunit/tests/customize/custom-css-setting.php" line="311" assertions="11" time="0.026676"/>
      <testcase name="test_validate" class="Test_WP_Customize_Custom_CSS_Setting" file="/Users/msaari/wordpress-develop/tests/phpunit/tests/customize/custom-css-setting.php" line="369" assertions="3" time="0.020099"/>
    </testsuite>
    <testsuite name="Tests_WP_Customize_Manager" file="/Users/msaari/wordpress-develop/tests/phpunit/tests/customize/manager.php" tests="67" assertions="631" failures="0" errors="0" time="0.830371">
      <testcase name="test_constructor" class="Tests_WP_Customize_Manager" file="/Users/msaari/wordpress-develop/tests/phpunit/tests/customize/manager.php" line="111" assertions="10" time="0.005226"/>
      <testcase name="test_constructor_deferred_changeset_uuid" class="Tests_WP_Customize_Manager" file="/Users/msaari/wordpress-develop/tests/phpunit/tests/customize/manager.php" line="157" assertions="5" time="0.027271"/>
      <testcase name="test_setup_theme_in_customize_admin" class="Tests_WP_Customize_Manager" file="/Users/msaari/wordpress-develop/tests/phpunit/tests/customize/manager.php" line="230" assertions="6" time="0.006764"/>
      <testcase name="test_fresh_site_flag_clearing" class="Tests_WP_Customize_Manager" file="/Users/msaari/wordpress-develop/tests/phpunit/tests/customize/manager.php" line="276" assertions="2" time="0.005408"/>
      <testcase name="test_setup_theme_in_frontend" class="Tests_WP_Customize_Manager" file="/Users/msaari/wordpress-develop/tests/phpunit/tests/customize/manager.php" line="299" assertions="4" time="0.005470"/>
      <testcase name="test_settings_previewed" class="Tests_WP_Customize_Manager" file="/Users/msaari/wordpress-develop/tests/phpunit/tests/customize/manager.php" line="334" assertions="2" time="0.004236"/>
      <testcase name="test_autosaved" class="Tests_WP_Customize_Manager" file="/Users/msaari/wordpress-develop/tests/phpunit/tests/customize/manager.php" line="348" assertions="3" time="0.003646"/>
      <testcase name="test_branching" class="Tests_WP_Customize_Manager" file="/Users/msaari/wordpress-develop/tests/phpunit/tests/customize/manager.php" line="365" assertions="5" time="0.003481"/>
      <testcase name="test_changeset_uuid" class="Tests_WP_Customize_Manager" file="/Users/msaari/wordpress-develop/tests/phpunit/tests/customize/manager.php" line="387" assertions="1" time="0.003131"/>
      <testcase name="test_wp_loaded" class="Tests_WP_Customize_Manager" file="/Users/msaari/wordpress-develop/tests/phpunit/tests/customize/manager.php" line="401" assertions="4" time="0.007771"/>
      <testcase name="test_find_changeset_post_id" class="Tests_WP_Customize_Manager" file="/Users/msaari/wordpress-develop/tests/phpunit/tests/customize/manager.php" line="419" assertions="3" time="0.007895"/>
      <testcase name="test_changeset_post_id" class="Tests_WP_Customize_Manager" file="/Users/msaari/wordpress-develop/tests/phpunit/tests/customize/manager.php" line="444" assertions="2" time="0.008011"/>
      <testcase name="test_changeset_data" class="Tests_WP_Customize_Manager" file="/Users/msaari/wordpress-develop/tests/phpunit/tests/customize/manager.php" line="468" assertions="9" time="0.012485"/>
      <testcase name="test_import_theme_starter_content" class="Tests_WP_Customize_Manager" file="/Users/msaari/wordpress-develop/tests/phpunit/tests/customize/manager.php" line="545" assertions="118" time="0.222247"/>
      <testcase name="test_customize_preview_init" class="Tests_WP_Customize_Manager" file="/Users/msaari/wordpress-develop/tests/phpunit/tests/customize/manager.php" line="809" assertions="12" time="0.006634"/>
      <testcase name="test_filter_iframe_security_headers" class="Tests_WP_Customize_Manager" file="/Users/msaari/wordpress-develop/tests/phpunit/tests/customize/manager.php" line="853" assertions="3" time="0.003388"/>
      <testcase name="test_add_state_query_params" class="Tests_WP_Customize_Manager" file="/Users/msaari/wordpress-develop/tests/phpunit/tests/customize/manager.php" line="868" assertions="13" time="0.004003"/>
      <testcase name="test_save_changeset_post_without_theme_activation" class="Tests_WP_Customize_Manager" file="/Users/msaari/wordpress-develop/tests/phpunit/tests/customize/manager.php" line="927" assertions="116" time="0.049778"/>
      <testcase name="test_save_changeset_post_with_theme_activation" class="Tests_WP_Customize_Manager" file="/Users/msaari/wordpress-develop/tests/phpunit/tests/customize/manager.php" line="1206" assertions="3" time="0.016292"/>
      <testcase name="test_save_changeset_post_with_varying_users" class="Tests_WP_Customize_Manager" file="/Users/msaari/wordpress-develop/tests/phpunit/tests/customize/manager.php" line="1244" assertions="28" time="0.045257"/>
      <testcase name="test_save_changeset_post_dumping_auto_draft_date" class="Tests_WP_Customize_Manager" file="/Users/msaari/wordpress-develop/tests/phpunit/tests/customize/manager.php" line="1419" assertions="1" time="0.014355"/>
      <testcase name="test_save_changeset_post_with_unchanged_values" class="Tests_WP_Customize_Manager" file="/Users/msaari/wordpress-develop/tests/phpunit/tests/customize/manager.php" line="1459" assertions="10" time="0.031987"/>
      <testcase name="test_save_changeset_post_with_autosave" class="Tests_WP_Customize_Manager" file="/Users/msaari/wordpress-develop/tests/phpunit/tests/customize/manager.php" line="1550" assertions="12" time="0.032895"/>
      <testcase name="test_remove_setting_from_changeset_post" class="Tests_WP_Customize_Manager" file="/Users/msaari/wordpress-develop/tests/phpunit/tests/customize/manager.php" line="1659" assertions="2" time="0.013271"/>
      <testcase name="test_save_changeset_post_with_varying_unfiltered_html_cap" class="Tests_WP_Customize_Manager" file="/Users/msaari/wordpress-develop/tests/phpunit/tests/customize/manager.php" line="1695" assertions="6" time="0.060990"/>
      <testcase name="test_wp_customize_publish_changeset" class="Tests_WP_Customize_Manager" file="/Users/msaari/wordpress-develop/tests/phpunit/tests/customize/manager.php" line="1767" assertions="5" time="0.012407"/>
      <testcase name="test_publish_changeset_with_future_status_when_future_date" class="Tests_WP_Customize_Manager" file="/Users/msaari/wordpress-develop/tests/phpunit/tests/customize/manager.php" line="1813" assertions="1" time="0.011714"/>
      <testcase name="test_save_changeset_post_for_bad_changeset" class="Tests_WP_Customize_Manager" file="/Users/msaari/wordpress-develop/tests/phpunit/tests/customize/manager.php" line="1834" assertions="4" time="0.012889"/>
      <testcase name="test_trash_changeset_post_preserves_properties" class="Tests_WP_Customize_Manager" file="/Users/msaari/wordpress-develop/tests/phpunit/tests/customize/manager.php" line="1876" assertions="3" time="0.011443"/>
      <testcase name="test_is_cross_domain" class="Tests_WP_Customize_Manager" file="/Users/msaari/wordpress-develop/tests/phpunit/tests/customize/manager.php" line="1953" assertions="2" time="0.005568"/>
      <testcase name="test_get_allowed_urls" class="Tests_WP_Customize_Manager" file="/Users/msaari/wordpress-develop/tests/phpunit/tests/customize/manager.php" line="1971" assertions="4" time="0.004268"/>
      <testcase name="test_not_doing_ajax" class="Tests_WP_Customize_Manager" file="/Users/msaari/wordpress-develop/tests/phpunit/tests/customize/manager.php" line="2013" assertions="1" time="0.002809"/>
      <testcase name="test_unsanitized_post_values_from_input" class="Tests_WP_Customize_Manager" file="/Users/msaari/wordpress-develop/tests/phpunit/tests/customize/manager.php" line="2025" assertions="5" time="0.003972"/>
      <testcase name="test_unsanitized_post_values_with_changeset_and_stashed_theme_mods" class="Tests_WP_Customize_Manager" file="/Users/msaari/wordpress-develop/tests/phpunit/tests/customize/manager.php" line="2054" assertions="14" time="0.008211"/>
      <testcase name="test_post_value" class="Tests_WP_Customize_Manager" file="/Users/msaari/wordpress-develop/tests/phpunit/tests/customize/manager.php" line="2178" assertions="3" time="0.004528"/>
      <testcase name="test_invalid_post_value" class="Tests_WP_Customize_Manager" file="/Users/msaari/wordpress-develop/tests/phpunit/tests/customize/manager.php" line="2202" assertions="10" time="0.004142"/>
      <testcase name="test_post_value_validation_sanitization_order" class="Tests_WP_Customize_Manager" file="/Users/msaari/wordpress-develop/tests/phpunit/tests/customize/manager.php" line="2271" assertions="4" time="0.004162"/>
      <testcase name="test_validate_setting_values" class="Tests_WP_Customize_Manager" file="/Users/msaari/wordpress-develop/tests/phpunit/tests/customize/manager.php" line="2319" assertions="16" time="0.004202"/>
      <testcase name="test_late_validate_setting_values" class="Tests_WP_Customize_Manager" file="/Users/msaari/wordpress-develop/tests/phpunit/tests/customize/manager.php" line="2368" assertions="8" time="0.002882"/>
      <testcase name="test_validate_setting_values_args" class="Tests_WP_Customize_Manager" file="/Users/msaari/wordpress-develop/tests/phpunit/tests/customize/manager.php" line="2394" assertions="11" time="0.003770"/>
      <testcase name="test_validate_setting_values_validation_sanitization_order" class="Tests_WP_Customize_Manager" file="/Users/msaari/wordpress-develop/tests/phpunit/tests/customize/manager.php" line="2445" assertions="2" time="0.004010"/>
      <testcase name="test_prepare_setting_validity_for_js" class="Tests_WP_Customize_Manager" file="/Users/msaari/wordpress-develop/tests/phpunit/tests/customize/manager.php" line="2466" assertions="14" time="0.002878"/>
      <testcase name="test_set_post_value" class="Tests_WP_Customize_Manager" file="/Users/msaari/wordpress-develop/tests/phpunit/tests/customize/manager.php" line="2490" assertions="9" time="0.003901"/>
      <testcase name="test_add_dynamic_settings" class="Tests_WP_Customize_Manager" file="/Users/msaari/wordpress-develop/tests/phpunit/tests/customize/manager.php" line="2553" assertions="9" time="0.003041"/>
      <testcase name="test_has_published_pages" class="Tests_WP_Customize_Manager" file="/Users/msaari/wordpress-develop/tests/phpunit/tests/customize/manager.php" line="2574" assertions="3" time="0.009382"/>
      <testcase name="test_has_published_pages_when_nav_menus_created_posts" class="Tests_WP_Customize_Manager" file="/Users/msaari/wordpress-develop/tests/phpunit/tests/customize/manager.php" line="2603" assertions="3" time="0.006687"/>
      <testcase name="test_register_dynamic_settings" class="Tests_WP_Customize_Manager" file="/Users/msaari/wordpress-develop/tests/phpunit/tests/customize/manager.php" line="2632" assertions="11" time="0.005196"/>
      <testcase name="test_get_document_title_template" class="Tests_WP_Customize_Manager" file="/Users/msaari/wordpress-develop/tests/phpunit/tests/customize/manager.php" line="2694" assertions="1" time="0.003144"/>
      <testcase name="test_preview_url" class="Tests_WP_Customize_Manager" file="/Users/msaari/wordpress-develop/tests/phpunit/tests/customize/manager.php" line="2705" assertions="3" time="0.003014"/>
      <testcase name="test_return_url" class="Tests_WP_Customize_Manager" file="/Users/msaari/wordpress-develop/tests/phpunit/tests/customize/manager.php" line="2720" assertions="10" time="0.018227"/>
      <testcase name="test_autofocus" class="Tests_WP_Customize_Manager" file="/Users/msaari/wordpress-develop/tests/phpunit/tests/customize/manager.php" line="2758" assertions="6" time="0.002837"/>
      <testcase name="test_nonces" class="Tests_WP_Customize_Manager" file="/Users/msaari/wordpress-develop/tests/phpunit/tests/customize/manager.php" line="2786" assertions="6" time="0.002811"/>
      <testcase name="test_customize_pane_settings" class="Tests_WP_Customize_Manager" file="/Users/msaari/wordpress-develop/tests/phpunit/tests/customize/manager.php" line="2816" assertions="13" time="0.010742"/>
      <testcase name="test_remove_frameless_preview_messenger_channel" class="Tests_WP_Customize_Manager" file="/Users/msaari/wordpress-develop/tests/phpunit/tests/customize/manager.php" line="2867" assertions="2" time="0.004504"/>
      <testcase name="test_customize_preview_settings" class="Tests_WP_Customize_Manager" file="/Users/msaari/wordpress-develop/tests/phpunit/tests/customize/manager.php" line="2887" assertions="13" time="0.007385"/>
      <testcase name="test_customize_loaded_components_filter" class="Tests_WP_Customize_Manager" file="/Users/msaari/wordpress-develop/tests/phpunit/tests/customize/manager.php" line="2919" assertions="18" time="0.004299"/>
      <testcase name="test_prepare_controls_stable_sorting" class="Tests_WP_Customize_Manager" file="/Users/msaari/wordpress-develop/tests/phpunit/tests/customize/manager.php" line="2981" assertions="1" time="0.004948"/>
      <testcase name="test_add_section_return_instance" class="Tests_WP_Customize_Manager" file="/Users/msaari/wordpress-develop/tests/phpunit/tests/customize/manager.php" line="3021" assertions="5" time="0.003892"/>
      <testcase name="test_add_setting_return_instance" class="Tests_WP_Customize_Manager" file="/Users/msaari/wordpress-develop/tests/phpunit/tests/customize/manager.php" line="3055" assertions="5" time="0.003529"/>
      <testcase name="test_add_setting_honoring_dynamic" class="Tests_WP_Customize_Manager" file="/Users/msaari/wordpress-develop/tests/phpunit/tests/customize/manager.php" line="3076" assertions="5" time="0.003349"/>
      <testcase name="test_add_panel_return_instance" class="Tests_WP_Customize_Manager" file="/Users/msaari/wordpress-develop/tests/phpunit/tests/customize/manager.php" line="3126" assertions="5" time="0.003256"/>
      <testcase name="test_add_control_return_instance" class="Tests_WP_Customize_Manager" file="/Users/msaari/wordpress-develop/tests/phpunit/tests/customize/manager.php" line="3159" assertions="5" time="0.003234"/>
      <testcase name="test_get_previewable_devices" class="Tests_WP_Customize_Manager" file="/Users/msaari/wordpress-develop/tests/phpunit/tests/customize/manager.php" line="3207" assertions="2" time="0.003277"/>
      <testcase name="test_prepare_controls_wp_list_sort_controls" class="Tests_WP_Customize_Manager" file="/Users/msaari/wordpress-develop/tests/phpunit/tests/customize/manager.php" line="3267" assertions="1" time="0.003252"/>
      <testcase name="test_prepare_controls_wp_list_sort_sections" class="Tests_WP_Customize_Manager" file="/Users/msaari/wordpress-develop/tests/phpunit/tests/customize/manager.php" line="3300" assertions="1" time="0.003287"/>
      <testcase name="test_prepare_controls_wp_list_sort_panels" class="Tests_WP_Customize_Manager" file="/Users/msaari/wordpress-develop/tests/phpunit/tests/customize/manager.php" line="3329" assertions="1" time="0.003504"/>
      <testcase name="test_sanitize_external_header_video_trim" class="Tests_WP_Customize_Manager" file="/Users/msaari/wordpress-develop/tests/phpunit/tests/customize/manager.php" line="3360" assertions="6" time="0.003925"/>
    </testsuite>
    <testsuite name="Test_WP_Customize_Nav_Menu_Item_Setting" file="/Users/msaari/wordpress-develop/tests/phpunit/tests/customize/nav-menu-item-setting.php" tests="21" assertions="249" failures="0" errors="0" time="1.025364">
      <testcase name="test_constants" class="Test_WP_Customize_Nav_Menu_Item_Setting" file="/Users/msaari/wordpress-develop/tests/phpunit/tests/customize/nav-menu-item-setting.php" line="57" assertions="1" time="0.018536"/>
      <testcase name="test_construct" class="Test_WP_Customize_Nav_Menu_Item_Setting" file="/Users/msaari/wordpress-develop/tests/phpunit/tests/customize/nav-menu-item-setting.php" line="67" assertions="8" time="0.020401"/>
      <testcase name="test_construct_empty_menus" class="Test_WP_Customize_Nav_Menu_Item_Setting" file="/Users/msaari/wordpress-develop/tests/phpunit/tests/customize/nav-menu-item-setting.php" line="111" assertions="1" time="0.018411"/>
      <testcase name="test_construct_placeholder" class="Test_WP_Customize_Nav_Menu_Item_Setting" file="/Users/msaari/wordpress-develop/tests/phpunit/tests/customize/nav-menu-item-setting.php" line="131" assertions="3" time="0.019963"/>
      <testcase name="test_value_type_post_type" class="Test_WP_Customize_Nav_Menu_Item_Setting" file="/Users/msaari/wordpress-develop/tests/phpunit/tests/customize/nav-menu-item-setting.php" line="149" assertions="8" time="0.056773"/>
      <testcase name="test_value_type_post_type_without_label" class="Test_WP_Customize_Nav_Menu_Item_Setting" file="/Users/msaari/wordpress-develop/tests/phpunit/tests/customize/nav-menu-item-setting.php" line="200" assertions="2" time="0.043481"/>
      <testcase name="test_value_type_taxonomy" class="Test_WP_Customize_Nav_Menu_Item_Setting" file="/Users/msaari/wordpress-develop/tests/phpunit/tests/customize/nav-menu-item-setting.php" line="232" assertions="6" time="0.036874"/>
      <testcase name="test_custom_type_label" class="Test_WP_Customize_Nav_Menu_Item_Setting" file="/Users/msaari/wordpress-develop/tests/phpunit/tests/customize/nav-menu-item-setting.php" line="271" assertions="2" time="0.036766"/>
      <testcase name="test_value_nav_menu_term_id_returns_zero" class="Test_WP_Customize_Nav_Menu_Item_Setting" file="/Users/msaari/wordpress-develop/tests/phpunit/tests/customize/nav-menu-item-setting.php" line="303" assertions="2" time="0.042924"/>
      <testcase name="test_preview_updated" class="Test_WP_Customize_Nav_Menu_Item_Setting" file="/Users/msaari/wordpress-develop/tests/phpunit/tests/customize/nav-menu-item-setting.php" line="348" assertions="8" time="0.058280"/>
      <testcase name="test_preview_inserted" class="Test_WP_Customize_Nav_Menu_Item_Setting" file="/Users/msaari/wordpress-develop/tests/phpunit/tests/customize/nav-menu-item-setting.php" line="403" assertions="8" time="0.091398"/>
      <testcase name="test_preview_deleted" class="Test_WP_Customize_Nav_Menu_Item_Setting" file="/Users/msaari/wordpress-develop/tests/phpunit/tests/customize/nav-menu-item-setting.php" line="462" assertions="3" time="0.088934"/>
      <testcase name="test_sanitize" class="Test_WP_Customize_Nav_Menu_Item_Setting" file="/Users/msaari/wordpress-develop/tests/phpunit/tests/customize/nav-menu-item-setting.php" line="502" assertions="75" time="0.036426"/>
      <testcase name="test_save_updated" class="Test_WP_Customize_Nav_Menu_Item_Setting" file="/Users/msaari/wordpress-develop/tests/phpunit/tests/customize/nav-menu-item-setting.php" line="638" assertions="17" time="0.069498"/>
      <testcase name="test_save_inserted" class="Test_WP_Customize_Nav_Menu_Item_Setting" file="/Users/msaari/wordpress-develop/tests/phpunit/tests/customize/nav-menu-item-setting.php" line="707" assertions="17" time="0.104155"/>
      <testcase name="test_save_deleted" class="Test_WP_Customize_Nav_Menu_Item_Setting" file="/Users/msaari/wordpress-develop/tests/phpunit/tests/customize/nav-menu-item-setting.php" line="780" assertions="12" time="0.099292"/>
      <testcase name="test_invalid_nav_menu_item" class="Test_WP_Customize_Nav_Menu_Item_Setting" file="/Users/msaari/wordpress-develop/tests/phpunit/tests/customize/nav-menu-item-setting.php" line="832" assertions="7" time="0.040072"/>
      <testcase name="test_value_as_wp_post_nav_menu_item" class="Test_WP_Customize_Nav_Menu_Item_Setting" file="/Users/msaari/wordpress-develop/tests/phpunit/tests/customize/nav-menu-item-setting.php" line="889" assertions="17" time="0.026160"/>
      <testcase name="test_value_as_wp_post_nav_menu_item_term_urls" class="Test_WP_Customize_Nav_Menu_Item_Setting" file="/Users/msaari/wordpress-develop/tests/phpunit/tests/customize/nav-menu-item-setting.php" line="949" assertions="3" time="0.023558"/>
      <testcase name="test_get_original_title" class="Test_WP_Customize_Nav_Menu_Item_Setting" file="/Users/msaari/wordpress-develop/tests/phpunit/tests/customize/nav-menu-item-setting.php" line="1022" assertions="48" time="0.066257"/>
      <testcase name="test_value_as_wp_post_nav_menu_item_with_empty_title" class="Test_WP_Customize_Nav_Menu_Item_Setting" file="/Users/msaari/wordpress-develop/tests/phpunit/tests/customize/nav-menu-item-setting.php" line="1217" assertions="1" time="0.027205"/>
    </testsuite>
    <testsuite name="Test_WP_Customize_Nav_Menu_Setting" file="/Users/msaari/wordpress-develop/tests/phpunit/tests/customize/nav-menu-setting.php" tests="13" assertions="115" failures="0" errors="0" time="0.298530">
      <testcase name="test_constants" class="Test_WP_Customize_Nav_Menu_Setting" file="/Users/msaari/wordpress-develop/tests/phpunit/tests/customize/nav-menu-setting.php" line="53" assertions="1" time="0.019507"/>
      <testcase name="test_construct" class="Test_WP_Customize_Nav_Menu_Setting" file="/Users/msaari/wordpress-develop/tests/phpunit/tests/customize/nav-menu-setting.php" line="63" assertions="14" time="0.018692"/>
      <testcase name="test_construct_empty_menus" class="Test_WP_Customize_Nav_Menu_Setting" file="/Users/msaari/wordpress-develop/tests/phpunit/tests/customize/nav-menu-setting.php" line="94" assertions="1" time="0.018644"/>
      <testcase name="test_construct_placeholder" class="Test_WP_Customize_Nav_Menu_Setting" file="/Users/msaari/wordpress-develop/tests/phpunit/tests/customize/nav-menu-setting.php" line="114" assertions="2" time="0.026947"/>
      <testcase name="test_value" class="Test_WP_Customize_Nav_Menu_Setting" file="/Users/msaari/wordpress-develop/tests/phpunit/tests/customize/nav-menu-setting.php" line="131" assertions="8" time="0.025796"/>
      <testcase name="test_preview_updated" class="Test_WP_Customize_Nav_Menu_Setting" file="/Users/msaari/wordpress-develop/tests/phpunit/tests/customize/nav-menu-setting.php" line="171" assertions="14" time="0.023482"/>
      <testcase name="test_preview_inserted" class="Test_WP_Customize_Nav_Menu_Setting" file="/Users/msaari/wordpress-develop/tests/phpunit/tests/customize/nav-menu-setting.php" line="238" assertions="11" time="0.021320"/>
      <testcase name="test_preview_deleted" class="Test_WP_Customize_Nav_Menu_Setting" file="/Users/msaari/wordpress-develop/tests/phpunit/tests/customize/nav-menu-setting.php" line="283" assertions="6" time="0.021890"/>
      <testcase name="test_sanitize" class="Test_WP_Customize_Nav_Menu_Setting" file="/Users/msaari/wordpress-develop/tests/phpunit/tests/customize/nav-menu-setting.php" line="322" assertions="8" time="0.020002"/>
      <testcase name="test_save_updated" class="Test_WP_Customize_Nav_Menu_Setting" file="/Users/msaari/wordpress-develop/tests/phpunit/tests/customize/nav-menu-setting.php" line="353" assertions="17" time="0.024832"/>
      <testcase name="test_save_inserted" class="Test_WP_Customize_Nav_Menu_Setting" file="/Users/msaari/wordpress-develop/tests/phpunit/tests/customize/nav-menu-setting.php" line="418" assertions="17" time="0.023390"/>
      <testcase name="test_save_inserted_conflicted_name" class="Test_WP_Customize_Nav_Menu_Setting" file="/Users/msaari/wordpress-develop/tests/phpunit/tests/customize/nav-menu-setting.php" line="467" assertions="2" time="0.026497"/>
      <testcase name="test_save_deleted" class="Test_WP_Customize_Nav_Menu_Setting" file="/Users/msaari/wordpress-develop/tests/phpunit/tests/customize/nav-menu-setting.php" line="492" assertions="14" time="0.027532"/>
    </testsuite>
    <testsuite name="Test_WP_Customize_Nav_Menus" file="/Users/msaari/wordpress-develop/tests/phpunit/tests/customize/nav-menus.php" tests="28" assertions="180" failures="0" errors="0" time="0.973085">
      <testcase name="test_construct" class="Test_WP_Customize_Nav_Menus" file="/Users/msaari/wordpress-develop/tests/phpunit/tests/customize/nav-menus.php" line="84" assertions="15" time="0.019912"/>
      <testcase name="test_load_available_items_query_returns_wp_error" class="Test_WP_Customize_Nav_Menus" file="/Users/msaari/wordpress-develop/tests/phpunit/tests/customize/nav-menus.php" line="110" assertions="4" time="0.016721"/>
      <testcase name="test_load_available_items_query_maybe_returns_home" class="Test_WP_Customize_Nav_Menus" file="/Users/msaari/wordpress-develop/tests/phpunit/tests/customize/nav-menus.php" line="129" assertions="3" time="0.045635"/>
      <testcase name="test_load_available_items_query_returns_post_item_with_page_number" class="Test_WP_Customize_Nav_Menus" file="/Users/msaari/wordpress-develop/tests/phpunit/tests/customize/nav-menus.php" line="160" assertions="1" time="0.118085"/>
      <testcase name="test_load_available_items_query_returns_page_item" class="Test_WP_Customize_Nav_Menus" file="/Users/msaari/wordpress-develop/tests/phpunit/tests/customize/nav-menus.php" line="190" assertions="1" time="0.019278"/>
      <testcase name="test_load_available_items_query_returns_post_item" class="Test_WP_Customize_Nav_Menus" file="/Users/msaari/wordpress-develop/tests/phpunit/tests/customize/nav-menus.php" line="221" assertions="1" time="0.027665"/>
      <testcase name="test_load_available_items_query_returns_term_item" class="Test_WP_Customize_Nav_Menus" file="/Users/msaari/wordpress-develop/tests/phpunit/tests/customize/nav-menus.php" line="247" assertions="1" time="0.021149"/>
      <testcase name="test_load_available_items_query_returns_custom_item" class="Test_WP_Customize_Nav_Menus" file="/Users/msaari/wordpress-develop/tests/phpunit/tests/customize/nav-menus.php" line="273" assertions="1" time="0.016826"/>
      <testcase name="test_search_available_items_query" class="Test_WP_Customize_Nav_Menus" file="/Users/msaari/wordpress-develop/tests/phpunit/tests/customize/nav-menus.php" line="298" assertions="16" time="0.093079"/>
      <testcase name="test_enqueue_scripts" class="Test_WP_Customize_Nav_Menus" file="/Users/msaari/wordpress-develop/tests/phpunit/tests/customize/nav-menus.php" line="448" assertions="1" time="0.020335"/>
      <testcase name="test_filter_dynamic_setting_args" class="Test_WP_Customize_Nav_Menus" file="/Users/msaari/wordpress-develop/tests/phpunit/tests/customize/nav-menus.php" line="463" assertions="2" time="0.016639"/>
      <testcase name="test_filter_dynamic_setting_class" class="Test_WP_Customize_Nav_Menus" file="/Users/msaari/wordpress-develop/tests/phpunit/tests/customize/nav-menus.php" line="480" assertions="2" time="0.018120"/>
      <testcase name="test_customize_register" class="Test_WP_Customize_Nav_Menus" file="/Users/msaari/wordpress-develop/tests/phpunit/tests/customize/nav-menus.php" line="498" assertions="7" time="0.045981"/>
      <testcase name="test_intval_base10" class="Test_WP_Customize_Nav_Menus" file="/Users/msaari/wordpress-develop/tests/phpunit/tests/customize/nav-menus.php" line="530" assertions="8" time="0.017390"/>
      <testcase name="test_available_item_types" class="Test_WP_Customize_Nav_Menus" file="/Users/msaari/wordpress-develop/tests/phpunit/tests/customize/nav-menus.php" line="549" assertions="3" time="0.017227"/>
      <testcase name="test_insert_auto_draft_post" class="Test_WP_Customize_Nav_Menus" file="/Users/msaari/wordpress-develop/tests/phpunit/tests/customize/nav-menus.php" line="619" assertions="21" time="0.033172"/>
      <testcase name="test_print_templates" class="Test_WP_Customize_Nav_Menus" file="/Users/msaari/wordpress-develop/tests/phpunit/tests/customize/nav-menus.php" line="685" assertions="1" time="0.020169"/>
      <testcase name="test_available_items_template" class="Test_WP_Customize_Nav_Menus" file="/Users/msaari/wordpress-develop/tests/phpunit/tests/customize/nav-menus.php" line="709" assertions="26" time="0.019631"/>
      <testcase name="test_customize_dynamic_partial_args" class="Test_WP_Customize_Nav_Menus" file="/Users/msaari/wordpress-develop/tests/phpunit/tests/customize/nav-menus.php" line="756" assertions="9" time="0.018103"/>
      <testcase name="test_customize_preview_init" class="Test_WP_Customize_Nav_Menus" file="/Users/msaari/wordpress-develop/tests/phpunit/tests/customize/nav-menus.php" line="778" assertions="3" time="0.018456"/>
      <testcase name="test_make_auto_draft_status_previewable" class="Test_WP_Customize_Nav_Menus" file="/Users/msaari/wordpress-develop/tests/phpunit/tests/customize/nav-menus.php" line="793" assertions="1" time="0.016785"/>
      <testcase name="test_sanitize_nav_menus_created_posts" class="Test_WP_Customize_Nav_Menus" file="/Users/msaari/wordpress-develop/tests/phpunit/tests/customize/nav-menus.php" line="805" assertions="3" time="0.092817"/>
      <testcase name="test_save_nav_menus_created_posts" class="Test_WP_Customize_Nav_Menus" file="/Users/msaari/wordpress-develop/tests/phpunit/tests/customize/nav-menus.php" line="879" assertions="25" time="0.125424"/>
      <testcase name="test_filter_wp_nav_menu_args" class="Test_WP_Customize_Nav_Menus" file="/Users/msaari/wordpress-develop/tests/phpunit/tests/customize/nav-menus.php" line="987" assertions="11" time="0.024577"/>
      <testcase name="test_filter_wp_nav_menu" class="Test_WP_Customize_Nav_Menus" file="/Users/msaari/wordpress-develop/tests/phpunit/tests/customize/nav-menus.php" line="1073" assertions="5" time="0.023414"/>
      <testcase name="test_customize_preview_enqueue_deps" class="Test_WP_Customize_Nav_Menus" file="/Users/msaari/wordpress-develop/tests/phpunit/tests/customize/nav-menus.php" line="1111" assertions="1" time="0.019767"/>
      <testcase name="test_export_preview_data" class="Test_WP_Customize_Nav_Menus" file="/Users/msaari/wordpress-develop/tests/phpunit/tests/customize/nav-menus.php" line="1125" assertions="2" time="0.016620"/>
      <testcase name="test_render_nav_menu_partial" class="Test_WP_Customize_Nav_Menus" file="/Users/msaari/wordpress-develop/tests/phpunit/tests/customize/nav-menus.php" line="1139" assertions="6" time="0.030108"/>
    </testsuite>
    <testsuite name="Tests_WP_Customize_Panel" file="/Users/msaari/wordpress-develop/tests/phpunit/tests/customize/panel.php" tests="10" assertions="52" failures="0" errors="0" time="0.077480">
      <testcase name="test_construct_default_args" class="Tests_WP_Customize_Panel" file="/Users/msaari/wordpress-develop/tests/phpunit/tests/customize/panel.php" line="32" assertions="11" time="0.002441"/>
      <testcase name="test_construct_custom_args" class="Tests_WP_Customize_Panel" file="/Users/msaari/wordpress-develop/tests/phpunit/tests/customize/panel.php" line="50" assertions="7" time="0.002265"/>
      <testcase name="test_construct_custom_type" class="Tests_WP_Customize_Panel" file="/Users/msaari/wordpress-develop/tests/phpunit/tests/customize/panel.php" line="70" assertions="1" time="0.002135"/>
      <testcase name="test_active" class="Tests_WP_Customize_Panel" file="/Users/msaari/wordpress-develop/tests/phpunit/tests/customize/panel.php" line="79" assertions="5" time="0.002320"/>
      <testcase name="test_json" class="Tests_WP_Customize_Panel" file="/Users/msaari/wordpress-develop/tests/phpunit/tests/customize/panel.php" line="110" assertions="8" time="0.002357"/>
      <testcase name="test_check_capabilities" class="Tests_WP_Customize_Panel" file="/Users/msaari/wordpress-develop/tests/phpunit/tests/customize/panel.php" line="134" assertions="4" time="0.015776"/>
      <testcase name="test_get_content" class="Tests_WP_Customize_Panel" file="/Users/msaari/wordpress-develop/tests/phpunit/tests/customize/panel.php" line="152" assertions="1" time="0.002336"/>
      <testcase name="test_maybe_render" class="Tests_WP_Customize_Panel" file="/Users/msaari/wordpress-develop/tests/phpunit/tests/customize/panel.php" line="160" assertions="5" time="0.015753"/>
      <testcase name="test_print_templates_standard" class="Tests_WP_Customize_Panel" file="/Users/msaari/wordpress-develop/tests/phpunit/tests/customize/panel.php" line="185" assertions="6" time="0.015874"/>
      <testcase name="test_print_templates_custom" class="Tests_WP_Customize_Panel" file="/Users/msaari/wordpress-develop/tests/phpunit/tests/customize/panel.php" line="203" assertions="4" time="0.016223"/>
    </testsuite>
    <testsuite name="Test_WP_Customize_Partial" file="/Users/msaari/wordpress-develop/tests/phpunit/tests/customize/partial.php" tests="9" assertions="61" failures="0" errors="0" time="0.046679">
      <testcase name="test_construct_default_args" class="Test_WP_Customize_Partial" file="/Users/msaari/wordpress-develop/tests/phpunit/tests/customize/partial.php" line="49" assertions="9" time="0.002099"/>
      <testcase name="test_construct_non_default_args" class="Test_WP_Customize_Partial" file="/Users/msaari/wordpress-develop/tests/phpunit/tests/customize/partial.php" line="87" assertions="12" time="0.010766"/>
      <testcase name="test_id_data" class="Test_WP_Customize_Partial" file="/Users/msaari/wordpress-develop/tests/phpunit/tests/customize/partial.php" line="134" assertions="4" time="0.002374"/>
      <testcase name="test_render_with_bad_callback_should_give_preference_to_return_value" class="Test_WP_Customize_Partial" file="/Users/msaari/wordpress-develop/tests/phpunit/tests/customize/partial.php" line="224" assertions="2" time="0.002857"/>
      <testcase name="test_render_echo_callback" class="Test_WP_Customize_Partial" file="/Users/msaari/wordpress-develop/tests/phpunit/tests/customize/partial.php" line="241" assertions="10" time="0.002525"/>
      <testcase name="test_render_return_callback" class="Test_WP_Customize_Partial" file="/Users/msaari/wordpress-develop/tests/phpunit/tests/customize/partial.php" line="264" assertions="10" time="0.002432"/>
      <testcase name="test_render_callback_default" class="Test_WP_Customize_Partial" file="/Users/msaari/wordpress-develop/tests/phpunit/tests/customize/partial.php" line="287" assertions="2" time="0.002209"/>
      <testcase name="test_json" class="Test_WP_Customize_Partial" file="/Users/msaari/wordpress-develop/tests/phpunit/tests/customize/partial.php" line="298" assertions="6" time="0.002283"/>
      <testcase name="test_check_capabilities" class="Test_WP_Customize_Partial" file="/Users/msaari/wordpress-develop/tests/phpunit/tests/customize/partial.php" line="326" assertions="6" time="0.019134"/>
    </testsuite>
    <testsuite name="Tests_WP_Customize_Section" file="/Users/msaari/wordpress-develop/tests/phpunit/tests/customize/section.php" tests="10" assertions="50" failures="0" errors="0" time="0.023662">
      <testcase name="test_construct_default_args" class="Tests_WP_Customize_Section" file="/Users/msaari/wordpress-develop/tests/phpunit/tests/customize/section.php" line="38" assertions="11" time="0.002129"/>
      <testcase name="test_construct_custom_args" class="Tests_WP_Customize_Section" file="/Users/msaari/wordpress-develop/tests/phpunit/tests/customize/section.php" line="56" assertions="8" time="0.002368"/>
      <testcase name="test_construct_custom_type" class="Tests_WP_Customize_Section" file="/Users/msaari/wordpress-develop/tests/phpunit/tests/customize/section.php" line="79" assertions="1" time="0.002289"/>
      <testcase name="test_active" class="Tests_WP_Customize_Section" file="/Users/msaari/wordpress-develop/tests/phpunit/tests/customize/section.php" line="88" assertions="5" time="0.002214"/>
      <testcase name="test_json" class="Tests_WP_Customize_Section" file="/Users/msaari/wordpress-develop/tests/phpunit/tests/customize/section.php" line="119" assertions="9" time="0.002353"/>
      <testcase name="test_check_capabilities" class="Tests_WP_Customize_Section" file="/Users/msaari/wordpress-develop/tests/phpunit/tests/customize/section.php" line="147" assertions="4" time="0.002795"/>
      <testcase name="test_get_content" class="Tests_WP_Customize_Section" file="/Users/msaari/wordpress-develop/tests/phpunit/tests/customize/section.php" line="164" assertions="1" time="0.002144"/>
      <testcase name="test_maybe_render" class="Tests_WP_Customize_Section" file="/Users/msaari/wordpress-develop/tests/phpunit/tests/customize/section.php" line="172" assertions="5" time="0.002440"/>
      <testcase name="test_print_templates_standard" class="Tests_WP_Customize_Section" file="/Users/msaari/wordpress-develop/tests/phpunit/tests/customize/section.php" line="197" assertions="3" time="0.002492"/>
      <testcase name="test_print_templates_custom" class="Tests_WP_Customize_Section" file="/Users/msaari/wordpress-develop/tests/phpunit/tests/customize/section.php" line="212" assertions="3" time="0.002438"/>
    </testsuite>
    <testsuite name="Test_WP_Customize_Selective_Refresh" file="/Users/msaari/wordpress-develop/tests/phpunit/tests/customize/selective-refresh.php" tests="9" assertions="54" failures="0" errors="0" time="0.038787">
      <testcase name="test_construct" class="Test_WP_Customize_Selective_Refresh" file="/Users/msaari/wordpress-develop/tests/phpunit/tests/customize/selective-refresh.php" line="49" assertions="1" time="0.002178"/>
      <testcase name="test_register_scripts" class="Test_WP_Customize_Selective_Refresh" file="/Users/msaari/wordpress-develop/tests/phpunit/tests/customize/selective-refresh.php" line="58" assertions="3" time="0.003062"/>
      <testcase name="test_partials" class="Test_WP_Customize_Selective_Refresh" file="/Users/msaari/wordpress-develop/tests/phpunit/tests/customize/selective-refresh.php" line="75" assertions="1" time="0.002204"/>
      <testcase name="test_crud_partial" class="Test_WP_Customize_Selective_Refresh" file="/Users/msaari/wordpress-develop/tests/phpunit/tests/customize/selective-refresh.php" line="86" assertions="16" time="0.002443"/>
      <testcase name="test_init_preview" class="Test_WP_Customize_Selective_Refresh" file="/Users/msaari/wordpress-develop/tests/phpunit/tests/customize/selective-refresh.php" line="115" assertions="2" time="0.002196"/>
      <testcase name="test_enqueue_preview_scripts" class="Test_WP_Customize_Selective_Refresh" file="/Users/msaari/wordpress-develop/tests/phpunit/tests/customize/selective-refresh.php" line="126" assertions="3" time="0.003050"/>
      <testcase name="test_export_preview_data" class="Test_WP_Customize_Selective_Refresh" file="/Users/msaari/wordpress-develop/tests/phpunit/tests/customize/selective-refresh.php" line="139" assertions="9" time="0.019092"/>
      <testcase name="test_add_dynamic_partials" class="Test_WP_Customize_Selective_Refresh" file="/Users/msaari/wordpress-develop/tests/phpunit/tests/customize/selective-refresh.php" line="183" assertions="17" time="0.002385"/>
      <testcase name="test_is_render_partials_request" class="Test_WP_Customize_Selective_Refresh" file="/Users/msaari/wordpress-develop/tests/phpunit/tests/customize/selective-refresh.php" line="251" assertions="2" time="0.002177"/>
    </testsuite>
    <testsuite name="Tests_WP_Customize_Setting" file="/Users/msaari/wordpress-develop/tests/phpunit/tests/customize/setting.php" tests="12" assertions="252" failures="0" errors="0" time="0.142516">
      <testcase name="test_constructor_without_args" class="Tests_WP_Customize_Setting" file="/Users/msaari/wordpress-develop/tests/phpunit/tests/customize/setting.php" line="34" assertions="13" time="0.002201"/>
      <testcase name="test_constructor_with_args" class="Tests_WP_Customize_Setting" file="/Users/msaari/wordpress-develop/tests/phpunit/tests/customize/setting.php" line="91" assertions="12" time="0.002418"/>
      <testcase name="test_preview_standard_types_non_multidimensional" class="Tests_WP_Customize_Setting" file="/Users/msaari/wordpress-develop/tests/phpunit/tests/customize/setting.php" line="139" assertions="64" time="0.019614"/>
      <testcase name="test_preview_standard_types_multidimensional" class="Tests_WP_Customize_Setting" file="/Users/msaari/wordpress-develop/tests/phpunit/tests/customize/setting.php" line="218" assertions="66" time="0.019806"/>
      <testcase name="test_preview_custom_type" class="Tests_WP_Customize_Setting" file="/Users/msaari/wordpress-develop/tests/phpunit/tests/customize/setting.php" line="364" assertions="48" time="0.019142"/>
      <testcase name="test_non_posted_setting_applying_default_value_in_preview" class="Tests_WP_Customize_Setting" file="/Users/msaari/wordpress-develop/tests/phpunit/tests/customize/setting.php" line="476" assertions="5" time="0.003683"/>
      <testcase name="test_update_custom_type" class="Tests_WP_Customize_Setting" file="/Users/msaari/wordpress-develop/tests/phpunit/tests/customize/setting.php" line="494" assertions="16" time="0.017234"/>
      <testcase name="test_is_current_blog_previewed" class="Tests_WP_Customize_Setting" file="/Users/msaari/wordpress-develop/tests/phpunit/tests/customize/setting.php" line="553" assertions="5" time="0.016363"/>
      <testcase name="test_option_autoloading" class="Tests_WP_Customize_Setting" file="/Users/msaari/wordpress-develop/tests/phpunit/tests/customize/setting.php" line="597" assertions="7" time="0.019265"/>
      <testcase name="test_js_value" class="Tests_WP_Customize_Setting" file="/Users/msaari/wordpress-develop/tests/phpunit/tests/customize/setting.php" line="677" assertions="10" time="0.002947"/>
      <testcase name="test_validate" class="Tests_WP_Customize_Setting" file="/Users/msaari/wordpress-develop/tests/phpunit/tests/customize/setting.php" line="707" assertions="4" time="0.002359"/>
      <testcase name="test_multidimensional_value_when_previewed" class="Tests_WP_Customize_Setting" file="/Users/msaari/wordpress-develop/tests/phpunit/tests/customize/setting.php" line="745" assertions="2" time="0.017484"/>
    </testsuite>
    <testsuite name="Tests_WP_Customize_Widgets" file="/Users/msaari/wordpress-develop/tests/phpunit/tests/customize/widgets.php" tests="22" assertions="293" failures="0" errors="0" time="0.478703">
      <testcase name="test_construct" class="Tests_WP_Customize_Widgets" file="/Users/msaari/wordpress-develop/tests/phpunit/tests/customize/widgets.php" line="91" assertions="8" time="0.016386"/>
      <testcase name="test_customize_register_with_deleted_sidebars" class="Tests_WP_Customize_Widgets" file="/Users/msaari/wordpress-develop/tests/phpunit/tests/customize/widgets.php" line="103" assertions="7" time="0.017591"/>
      <testcase name="test_get_selective_refreshable_widgets_when_theme_supports" class="Tests_WP_Customize_Widgets" file="/Users/msaari/wordpress-develop/tests/phpunit/tests/customize/widgets.php" line="116" assertions="12" time="0.024493"/>
      <testcase name="test_get_selective_refreshable_widgets_when_no_theme_supports" class="Tests_WP_Customize_Widgets" file="/Users/msaari/wordpress-develop/tests/phpunit/tests/customize/widgets.php" line="136" assertions="7" time="0.023685"/>
      <testcase name="test_is_widget_selective_refreshable" class="Tests_WP_Customize_Widgets" file="/Users/msaari/wordpress-develop/tests/phpunit/tests/customize/widgets.php" line="160" assertions="9" time="0.023174"/>
      <testcase name="test_register_settings" class="Tests_WP_Customize_Widgets" file="/Users/msaari/wordpress-develop/tests/phpunit/tests/customize/widgets.php" line="176" assertions="15" time="0.023819"/>
      <testcase name="test_register_settings_without_selective_refresh" class="Tests_WP_Customize_Widgets" file="/Users/msaari/wordpress-develop/tests/phpunit/tests/customize/widgets.php" line="228" assertions="15" time="0.023259"/>
      <testcase name="test_register_settings_with_late_theme_support_added" class="Tests_WP_Customize_Widgets" file="/Users/msaari/wordpress-develop/tests/phpunit/tests/customize/widgets.php" line="238" assertions="15" time="0.033719"/>
      <testcase name="test_get_setting_args" class="Tests_WP_Customize_Widgets" file="/Users/msaari/wordpress-develop/tests/phpunit/tests/customize/widgets.php" line="254" assertions="41" time="0.023976"/>
      <testcase name="test_sanitize_widget_js_instance" class="Tests_WP_Customize_Widgets" file="/Users/msaari/wordpress-develop/tests/phpunit/tests/customize/widgets.php" line="343" assertions="13" time="0.022912"/>
      <testcase name="test_get_widget_control" class="Tests_WP_Customize_Widgets" file="/Users/msaari/wordpress-develop/tests/phpunit/tests/customize/widgets.php" line="394" assertions="10" time="0.024000"/>
      <testcase name="test_get_widget_control_parts" class="Tests_WP_Customize_Widgets" file="/Users/msaari/wordpress-develop/tests/phpunit/tests/customize/widgets.php" line="407" assertions="13" time="0.023718"/>
      <testcase name="test_wp_widget_form_customize_control_json" class="Tests_WP_Customize_Widgets" file="/Users/msaari/wordpress-develop/tests/phpunit/tests/customize/widgets.php" line="423" assertions="18" time="0.023400"/>
      <testcase name="test_is_panel_active" class="Tests_WP_Customize_Widgets" file="/Users/msaari/wordpress-develop/tests/phpunit/tests/customize/widgets.php" line="445" assertions="11" time="0.023401"/>
      <testcase name="test_call_widget_update" class="Tests_WP_Customize_Widgets" file="/Users/msaari/wordpress-develop/tests/phpunit/tests/customize/widgets.php" line="462" assertions="19" time="0.023897"/>
      <testcase name="test_customize_dynamic_partial_args" class="Tests_WP_Customize_Widgets" file="/Users/msaari/wordpress-develop/tests/phpunit/tests/customize/widgets.php" line="518" assertions="16" time="0.019138"/>
      <testcase name="test_selective_refresh_init_with_theme_support" class="Tests_WP_Customize_Widgets" file="/Users/msaari/wordpress-develop/tests/phpunit/tests/customize/widgets.php" line="544" assertions="10" time="0.016475"/>
      <testcase name="test_selective_refresh_init_without_theme_support" class="Tests_WP_Customize_Widgets" file="/Users/msaari/wordpress-develop/tests/phpunit/tests/customize/widgets.php" line="558" assertions="10" time="0.016433"/>
      <testcase name="test_customize_preview_enqueue" class="Tests_WP_Customize_Widgets" file="/Users/msaari/wordpress-develop/tests/phpunit/tests/customize/widgets.php" line="572" assertions="9" time="0.017031"/>
      <testcase name="test_filter_dynamic_sidebar_params" class="Tests_WP_Customize_Widgets" file="/Users/msaari/wordpress-develop/tests/phpunit/tests/customize/widgets.php" line="587" assertions="15" time="0.016758"/>
      <testcase name="test_render_widget_partial" class="Tests_WP_Customize_Widgets" file="/Users/msaari/wordpress-develop/tests/phpunit/tests/customize/widgets.php" line="642" assertions="13" time="0.024476"/>
      <testcase name="test_deprecated_methods" class="Tests_WP_Customize_Widgets" file="/Users/msaari/wordpress-develop/tests/phpunit/tests/customize/widgets.php" line="666" assertions="7" time="0.016962"/>
    </testsuite>
    <testsuite name="Tests_Date_CurrentTime" file="/Users/msaari/wordpress-develop/tests/phpunit/tests/date/currentTime.php" tests="1" assertions="4" failures="0" errors="0" time="0.007423">
      <testcase name="test_should_work_with_changed_timezone" class="Tests_Date_CurrentTime" file="/Users/msaari/wordpress-develop/tests/phpunit/tests/date/currentTime.php" line="9" assertions="4" time="0.007423"/>
    </testsuite>
    <testsuite name="Tests_Date_I18n" file="/Users/msaari/wordpress-develop/tests/phpunit/tests/date/dateI18n.php" tests="12" assertions="14" failures="0" errors="0" time="0.020893">
      <testcase name="test_should_format_date" class="Tests_Date_I18n" file="/Users/msaari/wordpress-develop/tests/phpunit/tests/date/dateI18n.php" line="8" assertions="1" time="0.001682"/>
      <testcase name="test_should_use_custom_timestamp" class="Tests_Date_I18n" file="/Users/msaari/wordpress-develop/tests/phpunit/tests/date/dateI18n.php" line="12" assertions="1" time="0.001395"/>
      <testcase name="test_date_should_be_in_gmt" class="Tests_Date_I18n" file="/Users/msaari/wordpress-develop/tests/phpunit/tests/date/dateI18n.php" line="16" assertions="1" time="0.001319"/>
      <testcase name="test_custom_timestamp_ignores_gmt_setting" class="Tests_Date_I18n" file="/Users/msaari/wordpress-develop/tests/phpunit/tests/date/dateI18n.php" line="20" assertions="1" time="0.001260"/>
      <testcase name="test_custom_timezone_setting" class="Tests_Date_I18n" file="/Users/msaari/wordpress-develop/tests/phpunit/tests/date/dateI18n.php" line="24" assertions="1" time="0.001989"/>
      <testcase name="test_date_should_be_in_gmt_with_custom_timezone_setting" class="Tests_Date_I18n" file="/Users/msaari/wordpress-develop/tests/phpunit/tests/date/dateI18n.php" line="30" assertions="1" time="0.002164"/>
      <testcase name="test_date_should_be_in_gmt_with_custom_timezone_setting_and_timestamp" class="Tests_Date_I18n" file="/Users/msaari/wordpress-develop/tests/phpunit/tests/date/dateI18n.php" line="36" assertions="1" time="0.002053"/>
      <testcase name="test_adjusts_format_based_on_locale" class="Tests_Date_I18n" file="/Users/msaari/wordpress-develop/tests/phpunit/tests/date/dateI18n.php" line="42" assertions="1" time="0.001465"/>
      <testcase name="test_adjusts_format_based_on_timezone_string" class="Tests_Date_I18n" file="/Users/msaari/wordpress-develop/tests/phpunit/tests/date/dateI18n.php" line="65" assertions="1" time="0.002054"/>
      <testcase name="test_gmt_offset_should_output_correct_timezone" class="Tests_Date_I18n" file="/Users/msaari/wordpress-develop/tests/phpunit/tests/date/dateI18n.php" line="74" assertions="1" time="0.002352"/>
      <testsuite name="Tests_Date_I18n::test_date_i18n_handles_shorthand_formats" tests="2" assertions="4" failures="0" errors="0" time="0.003160">
        <testcase name="test_date_i18n_handles_shorthand_formats with data set #0" assertions="2" time="0.001609"/>
        <testcase name="test_date_i18n_handles_shorthand_formats with data set #1" assertions="2" time="0.001551"/>
      </testsuite>
    </testsuite>
    <testsuite name="Tests_WP_Date_Query" file="/Users/msaari/wordpress-develop/tests/phpunit/tests/date/query.php" tests="75" assertions="768" failures="0" errors="0" time="0.173978">
      <testcase name="test_construct_date_query_empty" class="Tests_WP_Date_Query" file="/Users/msaari/wordpress-develop/tests/phpunit/tests/date/query.php" line="20" assertions="4" time="0.001505"/>
      <testcase name="test_construct_date_query_non_array" class="Tests_WP_Date_Query" file="/Users/msaari/wordpress-develop/tests/phpunit/tests/date/query.php" line="28" assertions="4" time="0.001423"/>
      <testcase name="test_construct_relation_or_lowercase" class="Tests_WP_Date_Query" file="/Users/msaari/wordpress-develop/tests/phpunit/tests/date/query.php" line="36" assertions="1" time="0.001506"/>
      <testcase name="test_construct_relation_invalid" class="Tests_WP_Date_Query" file="/Users/msaari/wordpress-develop/tests/phpunit/tests/date/query.php" line="46" assertions="1" time="0.001306"/>
      <testcase name="test_construct_query_not_an_array_of_arrays" class="Tests_WP_Date_Query" file="/Users/msaari/wordpress-develop/tests/phpunit/tests/date/query.php" line="56" assertions="1" time="0.001321"/>
      <testcase name="test_construct_query_contains_non_arrays" class="Tests_WP_Date_Query" file="/Users/msaari/wordpress-develop/tests/phpunit/tests/date/query.php" line="84" assertions="1" time="0.001506"/>
      <testcase name="test_get_compare_empty" class="Tests_WP_Date_Query" file="/Users/msaari/wordpress-develop/tests/phpunit/tests/date/query.php" line="116" assertions="1" time="0.001445"/>
      <testcase name="test_get_compare_equals" class="Tests_WP_Date_Query" file="/Users/msaari/wordpress-develop/tests/phpunit/tests/date/query.php" line="121" assertions="1" time="0.001951"/>
      <testcase name="test_get_compare_not_equals" class="Tests_WP_Date_Query" file="/Users/msaari/wordpress-develop/tests/phpunit/tests/date/query.php" line="132" assertions="1" time="0.001596"/>
      <testcase name="test_get_compare_greater_than" class="Tests_WP_Date_Query" file="/Users/msaari/wordpress-develop/tests/phpunit/tests/date/query.php" line="143" assertions="1" time="0.001387"/>
      <testcase name="test_get_compare_greater_than_or_equal_to" class="Tests_WP_Date_Query" file="/Users/msaari/wordpress-develop/tests/phpunit/tests/date/query.php" line="154" assertions="1" time="0.001423"/>
      <testcase name="test_get_compare_less_than" class="Tests_WP_Date_Query" file="/Users/msaari/wordpress-develop/tests/phpunit/tests/date/query.php" line="165" assertions="1" time="0.001496"/>
      <testcase name="test_get_compare_less_than_or_equal_to" class="Tests_WP_Date_Query" file="/Users/msaari/wordpress-develop/tests/phpunit/tests/date/query.php" line="176" assertions="1" time="0.001400"/>
      <testcase name="test_get_compare_in" class="Tests_WP_Date_Query" file="/Users/msaari/wordpress-develop/tests/phpunit/tests/date/query.php" line="187" assertions="1" time="0.001488"/>
      <testcase name="test_get_compare_not_in" class="Tests_WP_Date_Query" file="/Users/msaari/wordpress-develop/tests/phpunit/tests/date/query.php" line="198" assertions="1" time="0.001377"/>
      <testcase name="test_get_compare_between" class="Tests_WP_Date_Query" file="/Users/msaari/wordpress-develop/tests/phpunit/tests/date/query.php" line="209" assertions="1" time="0.001395"/>
      <testcase name="test_get_compare_not_between" class="Tests_WP_Date_Query" file="/Users/msaari/wordpress-develop/tests/phpunit/tests/date/query.php" line="220" assertions="1" time="0.001628"/>
      <testcase name="test_validate_column_post_date" class="Tests_WP_Date_Query" file="/Users/msaari/wordpress-develop/tests/phpunit/tests/date/query.php" line="231" assertions="1" time="0.001642"/>
      <testcase name="test_validate_column_post_date_gmt" class="Tests_WP_Date_Query" file="/Users/msaari/wordpress-develop/tests/phpunit/tests/date/query.php" line="238" assertions="1" time="0.001456"/>
      <testcase name="test_validate_column_post_modified" class="Tests_WP_Date_Query" file="/Users/msaari/wordpress-develop/tests/phpunit/tests/date/query.php" line="245" assertions="1" time="0.001371"/>
      <testcase name="test_validate_column_post_modified_gmt" class="Tests_WP_Date_Query" file="/Users/msaari/wordpress-develop/tests/phpunit/tests/date/query.php" line="252" assertions="1" time="0.001346"/>
      <testcase name="test_validate_column_comment_date" class="Tests_WP_Date_Query" file="/Users/msaari/wordpress-develop/tests/phpunit/tests/date/query.php" line="259" assertions="1" time="0.001399"/>
      <testcase name="test_validate_column_comment_date_gmt" class="Tests_WP_Date_Query" file="/Users/msaari/wordpress-develop/tests/phpunit/tests/date/query.php" line="266" assertions="1" time="0.001426"/>
      <testcase name="test_validate_column_invalid" class="Tests_WP_Date_Query" file="/Users/msaari/wordpress-develop/tests/phpunit/tests/date/query.php" line="273" assertions="1" time="0.001418"/>
      <testcase name="test_validate_column_with_date_query_valid_columns_filter" class="Tests_WP_Date_Query" file="/Users/msaari/wordpress-develop/tests/phpunit/tests/date/query.php" line="283" assertions="1" time="0.001422"/>
      <testcase name="test_validate_column_prefixed_column_name" class="Tests_WP_Date_Query" file="/Users/msaari/wordpress-develop/tests/phpunit/tests/date/query.php" line="296" assertions="1" time="0.001357"/>
      <testcase name="test_validate_column_prefixed_column_name_with_illegal_characters" class="Tests_WP_Date_Query" file="/Users/msaari/wordpress-develop/tests/phpunit/tests/date/query.php" line="305" assertions="1" time="0.001355"/>
      <testcase name="test_build_value_value_null" class="Tests_WP_Date_Query" file="/Users/msaari/wordpress-develop/tests/phpunit/tests/date/query.php" line="311" assertions="1" time="0.001616"/>
      <testcase name="test_build_value_compare_in" class="Tests_WP_Date_Query" file="/Users/msaari/wordpress-develop/tests/phpunit/tests/date/query.php" line="321" assertions="4" time="0.001624"/>
      <testcase name="test_build_value_compare_not_in" class="Tests_WP_Date_Query" file="/Users/msaari/wordpress-develop/tests/phpunit/tests/date/query.php" line="344" assertions="4" time="0.001416"/>
      <testcase name="test_build_value_compare_between_single_integer" class="Tests_WP_Date_Query" file="/Users/msaari/wordpress-develop/tests/phpunit/tests/date/query.php" line="364" assertions="1" time="0.001384"/>
      <testcase name="test_build_value_compare_between_single_non_numeric" class="Tests_WP_Date_Query" file="/Users/msaari/wordpress-develop/tests/phpunit/tests/date/query.php" line="374" assertions="1" time="0.001358"/>
      <testcase name="test_build_value_compare_between_array_with_other_than_two_items" class="Tests_WP_Date_Query" file="/Users/msaari/wordpress-develop/tests/phpunit/tests/date/query.php" line="384" assertions="1" time="0.001324"/>
      <testcase name="test_build_value_compare_between_incorrect_array_key" class="Tests_WP_Date_Query" file="/Users/msaari/wordpress-develop/tests/phpunit/tests/date/query.php" line="394" assertions="1" time="0.001441"/>
      <testcase name="test_build_value_compare_between_array_contains_non_numeric" class="Tests_WP_Date_Query" file="/Users/msaari/wordpress-develop/tests/phpunit/tests/date/query.php" line="411" assertions="1" time="0.001514"/>
      <testcase name="test_build_value_compare_between" class="Tests_WP_Date_Query" file="/Users/msaari/wordpress-develop/tests/phpunit/tests/date/query.php" line="418" assertions="1" time="0.001553"/>
      <testcase name="test_build_value_compare_not_between_single_integer" class="Tests_WP_Date_Query" file="/Users/msaari/wordpress-develop/tests/phpunit/tests/date/query.php" line="425" assertions="1" time="0.001441"/>
      <testcase name="test_build_value_compare_not_between_single_non_numeric" class="Tests_WP_Date_Query" file="/Users/msaari/wordpress-develop/tests/phpunit/tests/date/query.php" line="435" assertions="1" time="0.001376"/>
      <testcase name="test_build_value_compare_not_between_array_with_other_than_two_items" class="Tests_WP_Date_Query" file="/Users/msaari/wordpress-develop/tests/phpunit/tests/date/query.php" line="445" assertions="1" time="0.001377"/>
      <testcase name="test_build_value_compare_not_between_incorrect_array_key" class="Tests_WP_Date_Query" file="/Users/msaari/wordpress-develop/tests/phpunit/tests/date/query.php" line="455" assertions="1" time="0.001575"/>
      <testcase name="test_build_value_compare_not_between_array_contains_non_numeric" class="Tests_WP_Date_Query" file="/Users/msaari/wordpress-develop/tests/phpunit/tests/date/query.php" line="472" assertions="1" time="0.001432"/>
      <testcase name="test_build_value_compare_not_between" class="Tests_WP_Date_Query" file="/Users/msaari/wordpress-develop/tests/phpunit/tests/date/query.php" line="479" assertions="1" time="0.001336"/>
      <testcase name="test_build_value_compare_default_value_integer" class="Tests_WP_Date_Query" file="/Users/msaari/wordpress-develop/tests/phpunit/tests/date/query.php" line="486" assertions="1" time="0.001345"/>
      <testcase name="test_build_value_compare_default_value_non_numeric" class="Tests_WP_Date_Query" file="/Users/msaari/wordpress-develop/tests/phpunit/tests/date/query.php" line="496" assertions="1" time="0.001302"/>
      <testcase name="test_build_mysql_datetime_datetime_non_array" class="Tests_WP_Date_Query" file="/Users/msaari/wordpress-develop/tests/phpunit/tests/date/query.php" line="503" assertions="1" time="0.001407"/>
      <testcase name="test_build_mysql_datetime_default_to_max_true" class="Tests_WP_Date_Query" file="/Users/msaari/wordpress-develop/tests/phpunit/tests/date/query.php" line="512" assertions="1" time="0.001324"/>
      <testcase name="test_build_mysql_datetime_default_to_max_false" class="Tests_WP_Date_Query" file="/Users/msaari/wordpress-develop/tests/phpunit/tests/date/query.php" line="524" assertions="1" time="0.001381"/>
      <testcase name="test_build_mysql_datetime_default_to_max_default_to_false" class="Tests_WP_Date_Query" file="/Users/msaari/wordpress-develop/tests/phpunit/tests/date/query.php" line="536" assertions="1" time="0.001442"/>
      <testcase name="test_build_time_query_insufficient_time_values" class="Tests_WP_Date_Query" file="/Users/msaari/wordpress-develop/tests/phpunit/tests/date/query.php" line="548" assertions="1" time="0.001357"/>
      <testcase name="test_build_time_query_should_not_discard_hour_0" class="Tests_WP_Date_Query" file="/Users/msaari/wordpress-develop/tests/phpunit/tests/date/query.php" line="557" assertions="1" time="0.001377"/>
      <testcase name="test_build_time_query_compare_in" class="Tests_WP_Date_Query" file="/Users/msaari/wordpress-develop/tests/phpunit/tests/date/query.php" line="566" assertions="3" time="0.001456"/>
      <testcase name="test_build_time_query_compare_not_in" class="Tests_WP_Date_Query" file="/Users/msaari/wordpress-develop/tests/phpunit/tests/date/query.php" line="582" assertions="3" time="0.001368"/>
      <testcase name="test_build_time_query_compare_between" class="Tests_WP_Date_Query" file="/Users/msaari/wordpress-develop/tests/phpunit/tests/date/query.php" line="598" assertions="3" time="0.001290"/>
      <testcase name="test_build_time_query_compare_not_between" class="Tests_WP_Date_Query" file="/Users/msaari/wordpress-develop/tests/phpunit/tests/date/query.php" line="614" assertions="3" time="0.001304"/>
      <testcase name="test_build_time_query_hour_only" class="Tests_WP_Date_Query" file="/Users/msaari/wordpress-develop/tests/phpunit/tests/date/query.php" line="630" assertions="1" time="0.001255"/>
      <testcase name="test_build_time_query_minute_only" class="Tests_WP_Date_Query" file="/Users/msaari/wordpress-develop/tests/phpunit/tests/date/query.php" line="637" assertions="1" time="0.001257"/>
      <testcase name="test_build_time_query_second_only" class="Tests_WP_Date_Query" file="/Users/msaari/wordpress-develop/tests/phpunit/tests/date/query.php" line="644" assertions="1" time="0.001352"/>
      <testcase name="test_build_time_query_hour_and_second" class="Tests_WP_Date_Query" file="/Users/msaari/wordpress-develop/tests/phpunit/tests/date/query.php" line="651" assertions="1" time="0.001380"/>
      <testcase name="test_build_time_query_hour_minute" class="Tests_WP_Date_Query" file="/Users/msaari/wordpress-develop/tests/phpunit/tests/date/query.php" line="658" assertions="1" time="0.001419"/>
      <testcase name="test_build_time_query_hour_minute_second" class="Tests_WP_Date_Query" file="/Users/msaari/wordpress-develop/tests/phpunit/tests/date/query.php" line="669" assertions="1" time="0.001416"/>
      <testcase name="test_build_time_query_minute_second" class="Tests_WP_Date_Query" file="/Users/msaari/wordpress-develop/tests/phpunit/tests/date/query.php" line="680" assertions="1" time="0.001412"/>
      <testcase name="test_validate_date_query_before_after" class="Tests_WP_Date_Query" file="/Users/msaari/wordpress-develop/tests/phpunit/tests/date/query.php" line="695" assertions="15" time="0.001611"/>
      <testcase name="test_validate_date_query_before_after_with_month" class="Tests_WP_Date_Query" file="/Users/msaari/wordpress-develop/tests/phpunit/tests/date/query.php" line="742" assertions="5" time="0.001605"/>
      <testcase name="test_validate_date_values_week" class="Tests_WP_Date_Query" file="/Users/msaari/wordpress-develop/tests/phpunit/tests/date/query.php" line="788" assertions="61" time="0.001525"/>
      <testcase name="test_validate_date_values_month" class="Tests_WP_Date_Query" file="/Users/msaari/wordpress-develop/tests/phpunit/tests/date/query.php" line="841" assertions="17" time="0.001418"/>
      <testcase name="test_validate_date_values_day" class="Tests_WP_Date_Query" file="/Users/msaari/wordpress-develop/tests/phpunit/tests/date/query.php" line="859" assertions="38" time="0.001502"/>
      <testcase name="test_validate_date_values_hour" class="Tests_WP_Date_Query" file="/Users/msaari/wordpress-develop/tests/phpunit/tests/date/query.php" line="916" assertions="29" time="0.001403"/>
      <testcase name="test_validate_date_values_minute" class="Tests_WP_Date_Query" file="/Users/msaari/wordpress-develop/tests/phpunit/tests/date/query.php" line="934" assertions="63" time="0.001473"/>
      <testcase name="test_validate_date_values_second" class="Tests_WP_Date_Query" file="/Users/msaari/wordpress-develop/tests/phpunit/tests/date/query.php" line="952" assertions="63" time="0.001523"/>
      <testcase name="test_validate_date_values_day_of_week" class="Tests_WP_Date_Query" file="/Users/msaari/wordpress-develop/tests/phpunit/tests/date/query.php" line="971" assertions="11" time="0.001532"/>
      <testcase name="test_validate_date_values_day_of_week_iso" class="Tests_WP_Date_Query" file="/Users/msaari/wordpress-develop/tests/phpunit/tests/date/query.php" line="989" assertions="11" time="0.001501"/>
      <testcase name="test_validate_date_values_day_of_year" class="Tests_WP_Date_Query" file="/Users/msaari/wordpress-develop/tests/phpunit/tests/date/query.php" line="1007" assertions="370" time="0.002027"/>
      <testcase name="test_validate_date_values_should_process_array_value_for_year" class="Tests_WP_Date_Query" file="/Users/msaari/wordpress-develop/tests/phpunit/tests/date/query.php" line="1024" assertions="1" time="0.027265"/>
      <testcase name="test_validate_date_values_should_process_array_value_for_day" class="Tests_WP_Date_Query" file="/Users/msaari/wordpress-develop/tests/phpunit/tests/date/query.php" line="1046" assertions="1" time="0.022056"/>
      <testcase name="test_validate_date_values_should_process_array_value_for_day_when_values_are_invalid" class="Tests_WP_Date_Query" file="/Users/msaari/wordpress-develop/tests/phpunit/tests/date/query.php" line="1069" assertions="2" time="0.020581"/>
    </testsuite>
    <testsuite name="Tests_Date_TheDate" file="/Users/msaari/wordpress-develop/tests/phpunit/tests/date/theDate.php" tests="1" assertions="10" failures="0" errors="0" time="0.010167">
      <testcase name="test_should_call_hooks" class="Tests_Date_TheDate" file="/Users/msaari/wordpress-develop/tests/phpunit/tests/date/theDate.php" line="23" assertions="10" time="0.010167"/>
    </testsuite>
    <testsuite name="Tests_DB" file="/Users/msaari/wordpress-develop/tests/phpunit/tests/db.php" tests="384" assertions="546" failures="0" errors="0" time="0.632383">
      <testcase name="test_db_reconnect" class="Tests_DB" file="/Users/msaari/wordpress-develop/tests/phpunit/tests/db.php" line="62" assertions="2" time="0.002733"/>
      <testcase name="test_locale_floats" class="Tests_DB" file="/Users/msaari/wordpress-develop/tests/phpunit/tests/db.php" line="86" assertions="2" time="0.029361"/>
      <testcase name="test_esc_like" class="Tests_DB" file="/Users/msaari/wordpress-develop/tests/phpunit/tests/db.php" line="132" assertions="5" time="0.001621"/>
      <testsuite name="Tests_DB::test_like_query" tests="10" assertions="10" failures="0" errors="0" time="0.015744">
        <testcase name="test_like_query with data set #0" assertions="1" time="0.001576"/>
        <testcase name="test_like_query with data set #1" assertions="1" time="0.001485"/>
        <testcase name="test_like_query with data set #2" assertions="1" time="0.001505"/>
        <testcase name="test_like_query with data set #3" assertions="1" time="0.001572"/>
        <testcase name="test_like_query with data set #4" assertions="1" time="0.001596"/>
        <testcase name="test_like_query with data set #5" assertions="1" time="0.001644"/>
        <testcase name="test_like_query with data set #6" assertions="1" time="0.001500"/>
        <testcase name="test_like_query with data set #7" assertions="1" time="0.001445"/>
        <testcase name="test_like_query with data set #8" assertions="1" time="0.001698"/>
        <testcase name="test_like_query with data set #9" assertions="1" time="0.001723"/>
      </testsuite>
      <testcase name="test_wpdb_supposedly_protected_properties" class="Tests_DB" file="/Users/msaari/wordpress-develop/tests/phpunit/tests/db.php" line="231" assertions="5" time="0.001308"/>
      <testcase name="test_wpdb_actually_protected_properties" class="Tests_DB" file="/Users/msaari/wordpress-develop/tests/phpunit/tests/db.php" line="247" assertions="2" time="0.001433"/>
      <testcase name="test_wpdb_nonexistent_properties" class="Tests_DB" file="/Users/msaari/wordpress-develop/tests/phpunit/tests/db.php" line="262" assertions="4" time="0.001539"/>
      <testcase name="test_double_escaped_placeholders" class="Tests_DB" file="/Users/msaari/wordpress-develop/tests/phpunit/tests/db.php" line="278" assertions="2" time="0.001393"/>
      <testcase name="test_set_sql_mode" class="Tests_DB" file="/Users/msaari/wordpress-develop/tests/phpunit/tests/db.php" line="293" assertions="1" time="0.001666"/>
      <testcase name="test_set_incompatible_sql_mode" class="Tests_DB" file="/Users/msaari/wordpress-develop/tests/phpunit/tests/db.php" line="313" assertions="1" time="0.001784"/>
      <testcase name="test_set_allowed_incompatible_sql_mode" class="Tests_DB" file="/Users/msaari/wordpress-develop/tests/phpunit/tests/db.php" line="331" assertions="3" time="0.001753"/>
      <testcase name="test_prepare_without_arguments" class="Tests_DB" file="/Users/msaari/wordpress-develop/tests/phpunit/tests/db.php" line="364" assertions="2" time="0.001407"/>
      <testcase name="test_prepare_sprintf" class="Tests_DB" file="/Users/msaari/wordpress-develop/tests/phpunit/tests/db.php" line="372" assertions="1" time="0.001453"/>
      <testcase name="test_prepare_sprintf_invalid_args" class="Tests_DB" file="/Users/msaari/wordpress-develop/tests/phpunit/tests/db.php" line="382" assertions="3" time="0.001492"/>
      <testcase name="test_prepare_vsprintf" class="Tests_DB" file="/Users/msaari/wordpress-develop/tests/phpunit/tests/db.php" line="392" assertions="1" time="0.001327"/>
      <testcase name="test_prepare_vsprintf_invalid_args" class="Tests_DB" file="/Users/msaari/wordpress-develop/tests/phpunit/tests/db.php" line="402" assertions="3" time="0.001349"/>
      <testsuite name="Tests_DB::test_prepare_incorrect_arg_count" tests="9" assertions="18" failures="0" errors="0" time="0.012468">
        <testcase name="test_prepare_incorrect_arg_count with data set #0" assertions="2" time="0.001292"/>
        <testcase name="test_prepare_incorrect_arg_count with data set #1" assertions="2" time="0.001292"/>
        <testcase name="test_prepare_incorrect_arg_count with data set #2" assertions="2" time="0.001340"/>
        <testcase name="test_prepare_incorrect_arg_count with data set #3" assertions="2" time="0.001405"/>
        <testcase name="test_prepare_incorrect_arg_count with data set #4" assertions="2" time="0.001310"/>
        <testcase name="test_prepare_incorrect_arg_count with data set #5" assertions="2" time="0.001424"/>
        <testcase name="test_prepare_incorrect_arg_count with data set #6" assertions="2" time="0.001430"/>
        <testcase name="test_prepare_incorrect_arg_count with data set #7" assertions="2" time="0.001440"/>
        <testcase name="test_prepare_incorrect_arg_count with data set #8" assertions="2" time="0.001535"/>
      </testsuite>
      <testcase name="test_db_version" class="Tests_DB" file="/Users/msaari/wordpress-develop/tests/phpunit/tests/db.php" line="479" assertions="1" time="0.001358"/>
      <testcase name="test_get_caller" class="Tests_DB" file="/Users/msaari/wordpress-develop/tests/phpunit/tests/db.php" line="485" assertions="1" time="0.001345"/>
      <testcase name="test_has_cap" class="Tests_DB" file="/Users/msaari/wordpress-develop/tests/phpunit/tests/db.php" line="493" assertions="8" time="0.001326"/>
      <testcase name="test_supports_collation" class="Tests_DB" file="/Users/msaari/wordpress-develop/tests/phpunit/tests/db.php" line="514" assertions="2" time="0.001285"/>
      <testcase name="test_check_database_version" class="Tests_DB" file="/Users/msaari/wordpress-develop/tests/phpunit/tests/db.php" line="519" assertions="1" time="0.001254"/>
      <testcase name="test_bail" class="Tests_DB" file="/Users/msaari/wordpress-develop/tests/phpunit/tests/db.php" line="527" assertions="1" time="0.001315"/>
      <testcase name="test_timers" class="Tests_DB" file="/Users/msaari/wordpress-develop/tests/phpunit/tests/db.php" line="532" assertions="2" time="0.001403"/>
      <testcase name="test_get_col_info" class="Tests_DB" file="/Users/msaari/wordpress-develop/tests/phpunit/tests/db.php" line="543" assertions="3" time="0.001479"/>
      <testcase name="test_query_and_delete" class="Tests_DB" file="/Users/msaari/wordpress-develop/tests/phpunit/tests/db.php" line="553" assertions="3" time="0.003653"/>
      <testcase name="test_get_row" class="Tests_DB" file="/Users/msaari/wordpress-develop/tests/phpunit/tests/db.php" line="562" assertions="4" time="0.002303"/>
      <testcase name="test_replace" class="Tests_DB" file="/Users/msaari/wordpress-develop/tests/phpunit/tests/db.php" line="573" assertions="6" time="0.002672"/>
      <testcase name="test_empty_where_on_update" class="Tests_DB" file="/Users/msaari/wordpress-develop/tests/phpunit/tests/db.php" line="601" assertions="4" time="0.001610"/>
      <testcase name="test_mysqli_flush_sync" class="Tests_DB" file="/Users/msaari/wordpress-develop/tests/phpunit/tests/db.php" line="623" assertions="2" time="0.019688"/>
      <testsuite name="Tests_DB::test_get_table_from_query" tests="225" assertions="225" failures="0" errors="0" time="0.331010">
        <testcase name="test_get_table_from_query with data set #0" assertions="1" time="0.001523"/>
        <testcase name="test_get_table_from_query with data set #1" assertions="1" time="0.001391"/>
        <testcase name="test_get_table_from_query with data set #2" assertions="1" time="0.001367"/>
        <testcase name="test_get_table_from_query with data set #3" assertions="1" time="0.001355"/>
        <testcase name="test_get_table_from_query with data set #4" assertions="1" time="0.001328"/>
        <testcase name="test_get_table_from_query with data set #5" assertions="1" time="0.001708"/>
        <testcase name="test_get_table_from_query with data set #6" assertions="1" time="0.001616"/>
        <testcase name="test_get_table_from_query with data set #7" assertions="1" time="0.001527"/>
        <testcase name="test_get_table_from_query with data set #8" assertions="1" time="0.001627"/>
        <testcase name="test_get_table_from_query with data set #9" assertions="1" time="0.001752"/>
        <testcase name="test_get_table_from_query with data set #10" assertions="1" time="0.001811"/>
        <testcase name="test_get_table_from_query with data set #11" assertions="1" time="0.001996"/>
        <testcase name="test_get_table_from_query with data set #12" assertions="1" time="0.001686"/>
        <testcase name="test_get_table_from_query with data set #13" assertions="1" time="0.001542"/>
        <testcase name="test_get_table_from_query with data set #14" assertions="1" time="0.001670"/>
        <testcase name="test_get_table_from_query with data set #15" assertions="1" time="0.001524"/>
        <testcase name="test_get_table_from_query with data set #16" assertions="1" time="0.001414"/>
        <testcase name="test_get_table_from_query with data set #17" assertions="1" time="0.001351"/>
        <testcase name="test_get_table_from_query with data set #18" assertions="1" time="0.001327"/>
        <testcase name="test_get_table_from_query with data set #19" assertions="1" time="0.001465"/>
        <testcase name="test_get_table_from_query with data set #20" assertions="1" time="0.001442"/>
        <testcase name="test_get_table_from_query with data set #21" assertions="1" time="0.001385"/>
        <testcase name="test_get_table_from_query with data set #22" assertions="1" time="0.001383"/>
        <testcase name="test_get_table_from_query with data set #23" assertions="1" time="0.001442"/>
        <testcase name="test_get_table_from_query with data set #24" assertions="1" time="0.001567"/>
        <testcase name="test_get_table_from_query with data set #25" assertions="1" time="0.001728"/>
        <testcase name="test_get_table_from_query with data set #26" assertions="1" time="0.001556"/>
        <testcase name="test_get_table_from_query with data set #27" assertions="1" time="0.001358"/>
        <testcase name="test_get_table_from_query with data set #28" assertions="1" time="0.001361"/>
        <testcase name="test_get_table_from_query with data set #29" assertions="1" time="0.001342"/>
        <testcase name="test_get_table_from_query with data set #30" assertions="1" time="0.001368"/>
        <testcase name="test_get_table_from_query with data set #31" assertions="1" time="0.001420"/>
        <testcase name="test_get_table_from_query with data set #32" assertions="1" time="0.001546"/>
        <testcase name="test_get_table_from_query with data set #33" assertions="1" time="0.001634"/>
        <testcase name="test_get_table_from_query with data set #34" assertions="1" time="0.001562"/>
        <testcase name="test_get_table_from_query with data set #35" assertions="1" time="0.001447"/>
        <testcase name="test_get_table_from_query with data set #36" assertions="1" time="0.001570"/>
        <testcase name="test_get_table_from_query with data set #37" assertions="1" time="0.001405"/>
        <testcase name="test_get_table_from_query with data set #38" assertions="1" time="0.001348"/>
        <testcase name="test_get_table_from_query with data set #39" assertions="1" time="0.001336"/>
        <testcase name="test_get_table_from_query with data set #40" assertions="1" time="0.001377"/>
        <testcase name="test_get_table_from_query with data set #41" assertions="1" time="0.001361"/>
        <testcase name="test_get_table_from_query with data set #42" assertions="1" time="0.001458"/>
        <testcase name="test_get_table_from_query with data set #43" assertions="1" time="0.001419"/>
        <testcase name="test_get_table_from_query with data set #44" assertions="1" time="0.001564"/>
        <testcase name="test_get_table_from_query with data set #45" assertions="1" time="0.001418"/>
        <testcase name="test_get_table_from_query with data set #46" assertions="1" time="0.001461"/>
        <testcase name="test_get_table_from_query with data set #47" assertions="1" time="0.001534"/>
        <testcase name="test_get_table_from_query with data set #48" assertions="1" time="0.001395"/>
        <testcase name="test_get_table_from_query with data set #49" assertions="1" time="0.001350"/>
        <testcase name="test_get_table_from_query with data set #50" assertions="1" time="0.001313"/>
        <testcase name="test_get_table_from_query with data set #51" assertions="1" time="0.001325"/>
        <testcase name="test_get_table_from_query with data set #52" assertions="1" time="0.001301"/>
        <testcase name="test_get_table_from_query with data set #53" assertions="1" time="0.001389"/>
        <testcase name="test_get_table_from_query with data set #54" assertions="1" time="0.001357"/>
        <testcase name="test_get_table_from_query with data set #55" assertions="1" time="0.001332"/>
        <testcase name="test_get_table_from_query with data set #56" assertions="1" time="0.002576"/>
        <testcase name="test_get_table_from_query with data set #57" assertions="1" time="0.001714"/>
        <testcase name="test_get_table_from_query with data set #58" assertions="1" time="0.001950"/>
        <testcase name="test_get_table_from_query with data set #59" assertions="1" time="0.001590"/>
        <testcase name="test_get_table_from_query with data set #60" assertions="1" time="0.001517"/>
        <testcase name="test_get_table_from_query with data set #61" assertions="1" time="0.001352"/>
        <testcase name="test_get_table_from_query with data set #62" assertions="1" time="0.001348"/>
        <testcase name="test_get_table_from_query with data set #63" assertions="1" time="0.001479"/>
        <testcase name="test_get_table_from_query with data set #64" assertions="1" time="0.001424"/>
        <testcase name="test_get_table_from_query with data set #65" assertions="1" time="0.001420"/>
        <testcase name="test_get_table_from_query with data set #66" assertions="1" time="0.001574"/>
        <testcase name="test_get_table_from_query with data set #67" assertions="1" time="0.001461"/>
        <testcase name="test_get_table_from_query with data set #68" assertions="1" time="0.001453"/>
        <testcase name="test_get_table_from_query with data set #69" assertions="1" time="0.001581"/>
        <testcase name="test_get_table_from_query with data set #70" assertions="1" time="0.001566"/>
        <testcase name="test_get_table_from_query with data set #71" assertions="1" time="0.001489"/>
        <testcase name="test_get_table_from_query with data set #72" assertions="1" time="0.001367"/>
        <testcase name="test_get_table_from_query with data set #73" assertions="1" time="0.001381"/>
        <testcase name="test_get_table_from_query with data set #74" assertions="1" time="0.001550"/>
        <testcase name="test_get_table_from_query with data set #75" assertions="1" time="0.001441"/>
        <testcase name="test_get_table_from_query with data set #76" assertions="1" time="0.001469"/>
        <testcase name="test_get_table_from_query with data set #77" assertions="1" time="0.001682"/>
        <testcase name="test_get_table_from_query with data set #78" assertions="1" time="0.001485"/>
        <testcase name="test_get_table_from_query with data set #79" assertions="1" time="0.001402"/>
        <testcase name="test_get_table_from_query with data set #80" assertions="1" time="0.001402"/>
        <testcase name="test_get_table_from_query with data set #81" assertions="1" time="0.001362"/>
        <testcase name="test_get_table_from_query with data set #82" assertions="1" time="0.001350"/>
        <testcase name="test_get_table_from_query with data set #83" assertions="1" time="0.001341"/>
        <testcase name="test_get_table_from_query with data set #84" assertions="1" time="0.001390"/>
        <testcase name="test_get_table_from_query with data set #85" assertions="1" time="0.001362"/>
        <testcase name="test_get_table_from_query with data set #86" assertions="1" time="0.001369"/>
        <testcase name="test_get_table_from_query with data set #87" assertions="1" time="0.001309"/>
        <testcase name="test_get_table_from_query with data set #88" assertions="1" time="0.001706"/>
        <testcase name="test_get_table_from_query with data set #89" assertions="1" time="0.001856"/>
        <testcase name="test_get_table_from_query with data set #90" assertions="1" time="0.001417"/>
        <testcase name="test_get_table_from_query with data set #91" assertions="1" time="0.001376"/>
        <testcase name="test_get_table_from_query with data set #92" assertions="1" time="0.001386"/>
        <testcase name="test_get_table_from_query with data set #93" assertions="1" time="0.001345"/>
        <testcase name="test_get_table_from_query with data set #94" assertions="1" time="0.001362"/>
        <testcase name="test_get_table_from_query with data set #95" assertions="1" time="0.001341"/>
        <testcase name="test_get_table_from_query with data set #96" assertions="1" time="0.001428"/>
        <testcase name="test_get_table_from_query with data set #97" assertions="1" time="0.001376"/>
        <testcase name="test_get_table_from_query with data set #98" assertions="1" time="0.001318"/>
        <testcase name="test_get_table_from_query with data set #99" assertions="1" time="0.001618"/>
        <testcase name="test_get_table_from_query with data set #100" assertions="1" time="0.001655"/>
        <testcase name="test_get_table_from_query with data set #101" assertions="1" time="0.001448"/>
        <testcase name="test_get_table_from_query with data set #102" assertions="1" time="0.001311"/>
        <testcase name="test_get_table_from_query with data set #103" assertions="1" time="0.001359"/>
        <testcase name="test_get_table_from_query with data set #104" assertions="1" time="0.001327"/>
        <testcase name="test_get_table_from_query with data set #105" assertions="1" time="0.001319"/>
        <testcase name="test_get_table_from_query with data set #106" assertions="1" time="0.001308"/>
        <testcase name="test_get_table_from_query with data set #107" assertions="1" time="0.001307"/>
        <testcase name="test_get_table_from_query with data set #108" assertions="1" time="0.001377"/>
        <testcase name="test_get_table_from_query with data set #109" assertions="1" time="0.001417"/>
        <testcase name="test_get_table_from_query with data set #110" assertions="1" time="0.001581"/>
        <testcase name="test_get_table_from_query with data set #111" assertions="1" time="0.002085"/>
        <testcase name="test_get_table_from_query with data set #112" assertions="1" time="0.001640"/>
        <testcase name="test_get_table_from_query with data set #113" assertions="1" time="0.001357"/>
        <testcase name="test_get_table_from_query with data set #114" assertions="1" time="0.001417"/>
        <testcase name="test_get_table_from_query with data set #115" assertions="1" time="0.001619"/>
        <testcase name="test_get_table_from_query with data set #116" assertions="1" time="0.001676"/>
        <testcase name="test_get_table_from_query with data set #117" assertions="1" time="0.001601"/>
        <testcase name="test_get_table_from_query with data set #118" assertions="1" time="0.001952"/>
        <testcase name="test_get_table_from_query with data set #119" assertions="1" time="0.001947"/>
        <testcase name="test_get_table_from_query with data set #120" assertions="1" time="0.002536"/>
        <testcase name="test_get_table_from_query with data set #121" assertions="1" time="0.001781"/>
        <testcase name="test_get_table_from_query with data set #122" assertions="1" time="0.001629"/>
        <testcase name="test_get_table_from_query with data set #123" assertions="1" time="0.001668"/>
        <testcase name="test_get_table_from_query with data set #124" assertions="1" time="0.001484"/>
        <testcase name="test_get_table_from_query with data set #125" assertions="1" time="0.001592"/>
        <testcase name="test_get_table_from_query with data set #126" assertions="1" time="0.001480"/>
        <testcase name="test_get_table_from_query with data set #127" assertions="1" time="0.001396"/>
        <testcase name="test_get_table_from_query with data set #128" assertions="1" time="0.001370"/>
        <testcase name="test_get_table_from_query with data set #129" assertions="1" time="0.001291"/>
        <testcase name="test_get_table_from_query with data set #130" assertions="1" time="0.001481"/>
        <testcase name="test_get_table_from_query with data set #131" assertions="1" time="0.002081"/>
        <testcase name="test_get_table_from_query with data set #132" assertions="1" time="0.001552"/>
        <testcase name="test_get_table_from_query with data set #133" assertions="1" time="0.001598"/>
        <testcase name="test_get_table_from_query with data set #134" assertions="1" time="0.001463"/>
        <testcase name="test_get_table_from_query with data set #135" assertions="1" time="0.001363"/>
        <testcase name="test_get_table_from_query with data set #136" assertions="1" time="0.001356"/>
        <testcase name="test_get_table_from_query with data set #137" assertions="1" time="0.001347"/>
        <testcase name="test_get_table_from_query with data set #138" assertions="1" time="0.001414"/>
        <testcase name="test_get_table_from_query with data set #139" assertions="1" time="0.001435"/>
        <testcase name="test_get_table_from_query with data set #140" assertions="1" time="0.001536"/>
        <testcase name="test_get_table_from_query with data set #141" assertions="1" time="0.001849"/>
        <testcase name="test_get_table_from_query with data set #142" assertions="1" time="0.001451"/>
        <testcase name="test_get_table_from_query with data set #143" assertions="1" time="0.001353"/>
        <testcase name="test_get_table_from_query with data set #144" assertions="1" time="0.001335"/>
        <testcase name="test_get_table_from_query with data set #145" assertions="1" time="0.001315"/>
        <testcase name="test_get_table_from_query with data set #146" assertions="1" time="0.001335"/>
        <testcase name="test_get_table_from_query with data set #147" assertions="1" time="0.001328"/>
        <testcase name="test_get_table_from_query with data set #148" assertions="1" time="0.001287"/>
        <testcase name="test_get_table_from_query with data set #149" assertions="1" time="0.001638"/>
        <testcase name="test_get_table_from_query with data set #150" assertions="1" time="0.001505"/>
        <testcase name="test_get_table_from_query with data set #151" assertions="1" time="0.001366"/>
        <testcase name="test_get_table_from_query with data set #152" assertions="1" time="0.001664"/>
        <testcase name="test_get_table_from_query with data set #153" assertions="1" time="0.001554"/>
        <testcase name="test_get_table_from_query with data set #154" assertions="1" time="0.001381"/>
        <testcase name="test_get_table_from_query with data set #155" assertions="1" time="0.001363"/>
        <testcase name="test_get_table_from_query with data set #156" assertions="1" time="0.001322"/>
        <testcase name="test_get_table_from_query with data set #157" assertions="1" time="0.001320"/>
        <testcase name="test_get_table_from_query with data set #158" assertions="1" time="0.001330"/>
        <testcase name="test_get_table_from_query with data set #159" assertions="1" time="0.001310"/>
        <testcase name="test_get_table_from_query with data set #160" assertions="1" time="0.001353"/>
        <testcase name="test_get_table_from_query with data set #161" assertions="1" time="0.001363"/>
        <testcase name="test_get_table_from_query with data set #162" assertions="1" time="0.001322"/>
        <testcase name="test_get_table_from_query with data set #163" assertions="1" time="0.001362"/>
        <testcase name="test_get_table_from_query with data set #164" assertions="1" time="0.001857"/>
        <testcase name="test_get_table_from_query with data set #165" assertions="1" time="0.001566"/>
        <testcase name="test_get_table_from_query with data set #166" assertions="1" time="0.001357"/>
        <testcase name="test_get_table_from_query with data set #167" assertions="1" time="0.001347"/>
        <testcase name="test_get_table_from_query with data set #168" assertions="1" time="0.001321"/>
        <testcase name="test_get_table_from_query with data set #169" assertions="1" time="0.001305"/>
        <testcase name="test_get_table_from_query with data set #170" assertions="1" time="0.001322"/>
        <testcase name="test_get_table_from_query with data set #171" assertions="1" time="0.001344"/>
        <testcase name="test_get_table_from_query with data set #172" assertions="1" time="0.001318"/>
        <testcase name="test_get_table_from_query with data set #173" assertions="1" time="0.001413"/>
        <testcase name="test_get_table_from_query with data set #174" assertions="1" time="0.001411"/>
        <testcase name="test_get_table_from_query with data set #175" assertions="1" time="0.001752"/>
        <testcase name="test_get_table_from_query with data set #176" assertions="1" time="0.001491"/>
        <testcase name="test_get_table_from_query with data set #177" assertions="1" time="0.001392"/>
        <testcase name="test_get_table_from_query with data set #178" assertions="1" time="0.001400"/>
        <testcase name="test_get_table_from_query with data set #179" assertions="1" time="0.001399"/>
        <testcase name="test_get_table_from_query with data set #180" assertions="1" time="0.001328"/>
        <testcase name="test_get_table_from_query with data set #181" assertions="1" time="0.001305"/>
        <testcase name="test_get_table_from_query with data set #182" assertions="1" time="0.001339"/>
        <testcase name="test_get_table_from_query with data set #183" assertions="1" time="0.001317"/>
        <testcase name="test_get_table_from_query with data set #184" assertions="1" time="0.001406"/>
        <testcase name="test_get_table_from_query with data set #185" assertions="1" time="0.001334"/>
        <testcase name="test_get_table_from_query with data set #186" assertions="1" time="0.001471"/>
        <testcase name="test_get_table_from_query with data set #187" assertions="1" time="0.001856"/>
        <testcase name="test_get_table_from_query with data set #188" assertions="1" time="0.001490"/>
        <testcase name="test_get_table_from_query with data set #189" assertions="1" time="0.001465"/>
        <testcase name="test_get_table_from_query with data set #190" assertions="1" time="0.001381"/>
        <testcase name="test_get_table_from_query with data set #191" assertions="1" time="0.001331"/>
        <testcase name="test_get_table_from_query with data set #192" assertions="1" time="0.001319"/>
        <testcase name="test_get_table_from_query with data set #193" assertions="1" time="0.001299"/>
        <testcase name="test_get_table_from_query with data set #194" assertions="1" time="0.001297"/>
        <testcase name="test_get_table_from_query with data set #195" assertions="1" time="0.001362"/>
        <testcase name="test_get_table_from_query with data set #196" assertions="1" time="0.001608"/>
        <testcase name="test_get_table_from_query with data set #197" assertions="1" time="0.001562"/>
        <testcase name="test_get_table_from_query with data set #198" assertions="1" time="0.001815"/>
        <testcase name="test_get_table_from_query with data set #199" assertions="1" time="0.001414"/>
        <testcase name="test_get_table_from_query with data set #200" assertions="1" time="0.001373"/>
        <testcase name="test_get_table_from_query with data set #201" assertions="1" time="0.001344"/>
        <testcase name="test_get_table_from_query with data set #202" assertions="1" time="0.001341"/>
        <testcase name="test_get_table_from_query with data set #203" assertions="1" time="0.001339"/>
        <testcase name="test_get_table_from_query with data set #204" assertions="1" time="0.001356"/>
        <testcase name="test_get_table_from_query with data set #205" assertions="1" time="0.001348"/>
        <testcase name="test_get_table_from_query with data set #206" assertions="1" time="0.001369"/>
        <testcase name="test_get_table_from_query with data set #207" assertions="1" time="0.001421"/>
        <testcase name="test_get_table_from_query with data set #208" assertions="1" time="0.001333"/>
        <testcase name="test_get_table_from_query with data set #209" assertions="1" time="0.001604"/>
        <testcase name="test_get_table_from_query with data set #210" assertions="1" time="0.001644"/>
        <testcase name="test_get_table_from_query with data set #211" assertions="1" time="0.001458"/>
        <testcase name="test_get_table_from_query with data set #212" assertions="1" time="0.001369"/>
        <testcase name="test_get_table_from_query with data set #213" assertions="1" time="0.001354"/>
        <testcase name="test_get_table_from_query with data set #214" assertions="1" time="0.001342"/>
        <testcase name="test_get_table_from_query with data set #215" assertions="1" time="0.001341"/>
        <testcase name="test_get_table_from_query with data set #216" assertions="1" time="0.001317"/>
        <testcase name="test_get_table_from_query with data set #217" assertions="1" time="0.001337"/>
        <testcase name="test_get_table_from_query with data set #218" assertions="1" time="0.001396"/>
        <testcase name="test_get_table_from_query with data set #219" assertions="1" time="0.001354"/>
        <testcase name="test_get_table_from_query with data set #220" assertions="1" time="0.001581"/>
        <testcase name="test_get_table_from_query with data set #221" assertions="1" time="0.001539"/>
        <testcase name="test_get_table_from_query with data set #222" assertions="1" time="0.001430"/>
        <testcase name="test_get_table_from_query with data set #223" assertions="1" time="0.001420"/>
        <testcase name="test_get_table_from_query with data set #224" assertions="1" time="0.001424"/>
      </testsuite>
      <testsuite name="Tests_DB::test_get_table_from_query_false" tests="1" assertions="1" failures="0" errors="0" time="0.001316">
        <testcase name="test_get_table_from_query_false with data set #0" assertions="1" time="0.001316"/>
      </testsuite>
      <testsuite name="Tests_DB::test_get_escaped_table_from_show_query" tests="8" assertions="8" failures="0" errors="0" time="0.011522">
        <testcase name="test_get_escaped_table_from_show_query with data set #0" assertions="1" time="0.001320"/>
        <testcase name="test_get_escaped_table_from_show_query with data set #1" assertions="1" time="0.001294"/>
        <testcase name="test_get_escaped_table_from_show_query with data set #2" assertions="1" time="0.001315"/>
        <testcase name="test_get_escaped_table_from_show_query with data set #3" assertions="1" time="0.001407"/>
        <testcase name="test_get_escaped_table_from_show_query with data set #4" assertions="1" time="0.001383"/>
        <testcase name="test_get_escaped_table_from_show_query with data set #5" assertions="1" time="0.001330"/>
        <testcase name="test_get_escaped_table_from_show_query with data set #6" assertions="1" time="0.001839"/>
        <testcase name="test_get_escaped_table_from_show_query with data set #7" assertions="1" time="0.001634"/>
      </testsuite>
      <testsuite name="Tests_DB::test_process_field_formats" tests="5" assertions="5" failures="0" errors="0" time="0.006805">
        <testcase name="test_process_field_formats with data set #0" assertions="1" time="0.001431"/>
        <testcase name="test_process_field_formats with data set #1" assertions="1" time="0.001376"/>
        <testcase name="test_process_field_formats with data set #2" assertions="1" time="0.001360"/>
        <testcase name="test_process_field_formats with data set #3" assertions="1" time="0.001317"/>
        <testcase name="test_process_field_formats with data set #4" assertions="1" time="0.001321"/>
      </testsuite>
      <testcase name="test_process_fields" class="Tests_DB" file="/Users/msaari/wordpress-develop/tests/phpunit/tests/db.php" line="947" assertions="1" time="0.008145"/>
      <testcase name="test_process_fields_on_nonexistent_table" class="Tests_DB" file="/Users/msaari/wordpress-develop/tests/phpunit/tests/db.php" line="977" assertions="1" time="0.002664"/>
      <testcase name="test_pre_get_table_charset_filter" class="Tests_DB" file="/Users/msaari/wordpress-develop/tests/phpunit/tests/db.php" line="987" assertions="1" time="0.001612"/>
      <testcase name="test_pre_get_col_charset_filter" class="Tests_DB" file="/Users/msaari/wordpress-develop/tests/phpunit/tests/db.php" line="1001" assertions="1" time="0.001413"/>
      <testcase name="test_null_insert" class="Tests_DB" file="/Users/msaari/wordpress-develop/tests/phpunit/tests/db.php" line="1015" assertions="1" time="0.002343"/>
      <testcase name="test_null_update_value" class="Tests_DB" file="/Users/msaari/wordpress-develop/tests/phpunit/tests/db.php" line="1037" assertions="2" time="0.002785"/>
      <testcase name="test_null_update_where" class="Tests_DB" file="/Users/msaari/wordpress-develop/tests/phpunit/tests/db.php" line="1075" assertions="2" time="0.002581"/>
      <testcase name="test_null_delete" class="Tests_DB" file="/Users/msaari/wordpress-develop/tests/phpunit/tests/db.php" line="1113" assertions="2" time="0.003066"/>
      <testcase name="test_close" class="Tests_DB" file="/Users/msaari/wordpress-develop/tests/phpunit/tests/db.php" line="1149" assertions="5" time="0.002853"/>
      <testcase name="test_charset_not_determined_when_disconnected" class="Tests_DB" file="/Users/msaari/wordpress-develop/tests/phpunit/tests/db.php" line="1168" assertions="1" time="0.001843"/>
      <testcase name="test_charset_switched_to_utf8mb4" class="Tests_DB" file="/Users/msaari/wordpress-develop/tests/phpunit/tests/db.php" line="1186" assertions="1" time="0.001167"/>
      <testcase name="test_collate_switched_to_utf8mb4_520" class="Tests_DB" file="/Users/msaari/wordpress-develop/tests/phpunit/tests/db.php" line="1205" assertions="1" time="0.001329"/>
      <testcase name="test_non_unicode_collations" class="Tests_DB" file="/Users/msaari/wordpress-develop/tests/phpunit/tests/db.php" line="1224" assertions="1" time="0.001251"/>
      <testsuite name="Tests_DB::test_prepare_with_placeholders_and_individual_args" tests="28" assertions="34" failures="0" errors="0" time="0.040082">
        <testcase name="test_prepare_with_placeholders_and_individual_args with data set #0" assertions="1" time="0.001387"/>
        <testcase name="test_prepare_with_placeholders_and_individual_args with data set #1" assertions="2" time="0.001363"/>
        <testcase name="test_prepare_with_placeholders_and_individual_args with data set #2" assertions="1" time="0.001686"/>
        <testcase name="test_prepare_with_placeholders_and_individual_args with data set #3" assertions="1" time="0.001680"/>
        <testcase name="test_prepare_with_placeholders_and_individual_args with data set #4" assertions="1" time="0.001440"/>
        <testcase name="test_prepare_with_placeholders_and_individual_args with data set #5" assertions="1" time="0.001370"/>
        <testcase name="test_prepare_with_placeholders_and_individual_args with data set #6" assertions="1" time="0.001489"/>
        <testcase name="test_prepare_with_placeholders_and_individual_args with data set #7" assertions="1" time="0.001442"/>
        <testcase name="test_prepare_with_placeholders_and_individual_args with data set #8" assertions="1" time="0.001326"/>
        <testcase name="test_prepare_with_placeholders_and_individual_args with data set #9" assertions="1" time="0.001263"/>
        <testcase name="test_prepare_with_placeholders_and_individual_args with data set #10" assertions="1" time="0.001229"/>
        <testcase name="test_prepare_with_placeholders_and_individual_args with data set #11" assertions="2" time="0.001348"/>
        <testcase name="test_prepare_with_placeholders_and_individual_args with data set #12" assertions="1" time="0.001338"/>
        <testcase name="test_prepare_with_placeholders_and_individual_args with data set #13" assertions="1" time="0.001392"/>
        <testcase name="test_prepare_with_placeholders_and_individual_args with data set #14" assertions="1" time="0.001710"/>
        <testcase name="test_prepare_with_placeholders_and_individual_args with data set #15" assertions="2" time="0.001538"/>
        <testcase name="test_prepare_with_placeholders_and_individual_args with data set #16" assertions="2" time="0.001403"/>
        <testcase name="test_prepare_with_placeholders_and_individual_args with data set #17" assertions="2" time="0.001367"/>
        <testcase name="test_prepare_with_placeholders_and_individual_args with data set #18" assertions="1" time="0.001375"/>
        <testcase name="test_prepare_with_placeholders_and_individual_args with data set #19" assertions="1" time="0.001356"/>
        <testcase name="test_prepare_with_placeholders_and_individual_args with data set #20" assertions="1" time="0.001383"/>
        <testcase name="test_prepare_with_placeholders_and_individual_args with data set #21" assertions="1" time="0.001338"/>
        <testcase name="test_prepare_with_placeholders_and_individual_args with data set #22" assertions="1" time="0.001375"/>
        <testcase name="test_prepare_with_placeholders_and_individual_args with data set #23" assertions="1" time="0.001402"/>
        <testcase name="test_prepare_with_placeholders_and_individual_args with data set #24" assertions="2" time="0.001472"/>
        <testcase name="test_prepare_with_placeholders_and_individual_args with data set #25" assertions="1" time="0.001713"/>
        <testcase name="test_prepare_with_placeholders_and_individual_args with data set #26" assertions="1" time="0.001482"/>
        <testcase name="test_prepare_with_placeholders_and_individual_args with data set #27" assertions="1" time="0.001415"/>
      </testsuite>
      <testsuite name="Tests_DB::test_prepare_with_placeholders_and_array_args" tests="28" assertions="34" failures="0" errors="0" time="0.039464">
        <testcase name="test_prepare_with_placeholders_and_array_args with data set #0" assertions="1" time="0.001402"/>
        <testcase name="test_prepare_with_placeholders_and_array_args with data set #1" assertions="2" time="0.001385"/>
        <testcase name="test_prepare_with_placeholders_and_array_args with data set #2" assertions="1" time="0.001335"/>
        <testcase name="test_prepare_with_placeholders_and_array_args with data set #3" assertions="1" time="0.001308"/>
        <testcase name="test_prepare_with_placeholders_and_array_args with data set #4" assertions="1" time="0.001387"/>
        <testcase name="test_prepare_with_placeholders_and_array_args with data set #5" assertions="1" time="0.001357"/>
        <testcase name="test_prepare_with_placeholders_and_array_args with data set #6" assertions="1" time="0.001383"/>
        <testcase name="test_prepare_with_placeholders_and_array_args with data set #7" assertions="1" time="0.001369"/>
        <testcase name="test_prepare_with_placeholders_and_array_args with data set #8" assertions="1" time="0.001675"/>
        <testcase name="test_prepare_with_placeholders_and_array_args with data set #9" assertions="1" time="0.001596"/>
        <testcase name="test_prepare_with_placeholders_and_array_args with data set #10" assertions="1" time="0.001401"/>
        <testcase name="test_prepare_with_placeholders_and_array_args with data set #11" assertions="2" time="0.001352"/>
        <testcase name="test_prepare_with_placeholders_and_array_args with data set #12" assertions="1" time="0.001346"/>
        <testcase name="test_prepare_with_placeholders_and_array_args with data set #13" assertions="1" time="0.001365"/>
        <testcase name="test_prepare_with_placeholders_and_array_args with data set #14" assertions="1" time="0.001302"/>
        <testcase name="test_prepare_with_placeholders_and_array_args with data set #15" assertions="2" time="0.001336"/>
        <testcase name="test_prepare_with_placeholders_and_array_args with data set #16" assertions="2" time="0.001396"/>
        <testcase name="test_prepare_with_placeholders_and_array_args with data set #17" assertions="2" time="0.001458"/>
        <testcase name="test_prepare_with_placeholders_and_array_args with data set #18" assertions="1" time="0.001353"/>
        <testcase name="test_prepare_with_placeholders_and_array_args with data set #19" assertions="1" time="0.001576"/>
        <testcase name="test_prepare_with_placeholders_and_array_args with data set #20" assertions="1" time="0.001871"/>
        <testcase name="test_prepare_with_placeholders_and_array_args with data set #21" assertions="1" time="0.001438"/>
        <testcase name="test_prepare_with_placeholders_and_array_args with data set #22" assertions="1" time="0.001369"/>
        <testcase name="test_prepare_with_placeholders_and_array_args with data set #23" assertions="1" time="0.001371"/>
        <testcase name="test_prepare_with_placeholders_and_array_args with data set #24" assertions="2" time="0.001350"/>
        <testcase name="test_prepare_with_placeholders_and_array_args with data set #25" assertions="1" time="0.001331"/>
        <testcase name="test_prepare_with_placeholders_and_array_args with data set #26" assertions="1" time="0.001323"/>
        <testcase name="test_prepare_with_placeholders_and_array_args with data set #27" assertions="1" time="0.001329"/>
      </testsuite>
      <testsuite name="Tests_DB::test_escape_and_prepare" tests="3" assertions="5" failures="0" errors="0" time="0.004367">
        <testcase name="test_escape_and_prepare with data set #0" assertions="2" time="0.001338"/>
        <testcase name="test_escape_and_prepare with data set #1" assertions="2" time="0.001438"/>
        <testcase name="test_escape_and_prepare with data set #2" assertions="1" time="0.001591"/>
      </testsuite>
      <testcase name="test_double_prepare" class="Tests_DB" file="/Users/msaari/wordpress-develop/tests/phpunit/tests/db.php" line="1520" assertions="3" time="0.001928"/>
      <testcase name="test_prepare_numeric_placeholders_float_args" class="Tests_DB" file="/Users/msaari/wordpress-develop/tests/phpunit/tests/db.php" line="1529" assertions="2" time="0.001490"/>
      <testcase name="test_prepare_numeric_placeholders_float_array" class="Tests_DB" file="/Users/msaari/wordpress-develop/tests/phpunit/tests/db.php" line="1543" assertions="2" time="0.001364"/>
      <testcase name="test_query_unescapes_placeholders" class="Tests_DB" file="/Users/msaari/wordpress-develop/tests/phpunit/tests/db.php" line="1556" assertions="2" time="0.005364"/>
      <testcase name="test_esc_sql_with_unsupported_placeholder_type" class="Tests_DB" file="/Users/msaari/wordpress-develop/tests/phpunit/tests/db.php" line="1573" assertions="1" time="0.001529"/>
      <testsuite name="Tests_DB::test_parse_db_host" tests="21" assertions="101" failures="0" errors="0" time="0.032569">
        <testcase name="test_parse_db_host with data set #0" assertions="5" time="0.001402"/>
        <testcase name="test_parse_db_host with data set #1" assertions="5" time="0.001416"/>
        <testcase name="test_parse_db_host with data set #2" assertions="5" time="0.001436"/>
        <testcase name="test_parse_db_host with data set #3" assertions="5" time="0.002011"/>
        <testcase name="test_parse_db_host with data set #4" assertions="5" time="0.001549"/>
        <testcase name="test_parse_db_host with data set #5" assertions="5" time="0.001381"/>
        <testcase name="test_parse_db_host with data set #6" assertions="5" time="0.001393"/>
        <testcase name="test_parse_db_host with data set #7" assertions="5" time="0.001360"/>
        <testcase name="test_parse_db_host with data set #8" assertions="5" time="0.001362"/>
        <testcase name="test_parse_db_host with data set #9" assertions="5" time="0.001425"/>
        <testcase name="test_parse_db_host with data set #10" assertions="5" time="0.001642"/>
        <testcase name="test_parse_db_host with data set #11" assertions="5" time="0.001592"/>
        <testcase name="test_parse_db_host with data set #12" assertions="5" time="0.001646"/>
        <testcase name="test_parse_db_host with data set #13" assertions="5" time="0.001784"/>
        <testcase name="test_parse_db_host with data set #14" assertions="5" time="0.002224"/>
        <testcase name="test_parse_db_host with data set #15" assertions="5" time="0.001893"/>
        <testcase name="test_parse_db_host with data set #16" assertions="5" time="0.001552"/>
        <testcase name="test_parse_db_host with data set #17" assertions="5" time="0.001421"/>
        <testcase name="test_parse_db_host with data set #18" assertions="5" time="0.001365"/>
        <testcase name="test_parse_db_host with data set #19" assertions="5" time="0.001349"/>
        <testcase name="test_parse_db_host with data set #20" assertions="1" time="0.001366"/>
      </testsuite>
    </testsuite>
    <testsuite name="Tests_DB_Charset" file="/Users/msaari/wordpress-develop/tests/phpunit/tests/db/charset.php" tests="99" assertions="174" failures="0" errors="0" time="0.395670">
      <testsuite name="Tests_DB_Charset::test_strip_invalid_text" tests="42" assertions="42" failures="0" errors="0" time="0.089796">
        <testcase name="test_strip_invalid_text with data set #0" assertions="1" time="0.001704"/>
        <testcase name="test_strip_invalid_text with data set #1" assertions="1" time="0.001985"/>
        <testcase name="test_strip_invalid_text with data set #2" assertions="1" time="0.001780"/>
        <testcase name="test_strip_invalid_text with data set #3" assertions="1" time="0.001549"/>
        <testcase name="test_strip_invalid_text with data set #4" assertions="1" time="0.001562"/>
        <testcase name="test_strip_invalid_text with data set #5" assertions="1" time="0.001555"/>
        <testcase name="test_strip_invalid_text with data set #6" assertions="1" time="0.001541"/>
        <testcase name="test_strip_invalid_text with data set #7" assertions="1" time="0.001495"/>
        <testcase name="test_strip_invalid_text with data set #8" assertions="1" time="0.001599"/>
        <testcase name="test_strip_invalid_text with data set #9" assertions="1" time="0.001597"/>
        <testcase name="test_strip_invalid_text with data set #10" assertions="1" time="0.002130"/>
        <testcase name="test_strip_invalid_text with data set #11" assertions="1" time="0.001697"/>
        <testcase name="test_strip_invalid_text with data set #12" assertions="1" time="0.001471"/>
        <testcase name="test_strip_invalid_text with data set #13" assertions="1" time="0.001478"/>
        <testcase name="test_strip_invalid_text with data set #14" assertions="1" time="0.001402"/>
        <testcase name="test_strip_invalid_text with data set #15" assertions="1" time="0.001381"/>
        <testcase name="test_strip_invalid_text with data set #16" assertions="1" time="0.001504"/>
        <testcase name="test_strip_invalid_text with data set #17" assertions="1" time="0.001526"/>
        <testcase name="test_strip_invalid_text with data set #18" assertions="1" time="0.001662"/>
        <testcase name="test_strip_invalid_text with data set #19" assertions="1" time="0.001569"/>
        <testcase name="test_strip_invalid_text with data set #20" assertions="1" time="0.002060"/>
        <testcase name="test_strip_invalid_text with data set #21" assertions="1" time="0.002323"/>
        <testcase name="test_strip_invalid_text with data set #22" assertions="1" time="0.001818"/>
        <testcase name="test_strip_invalid_text with data set #23" assertions="1" time="0.001657"/>
        <testcase name="test_strip_invalid_text with data set #24" assertions="1" time="0.001648"/>
        <testcase name="test_strip_invalid_text with data set #25" assertions="1" time="0.001625"/>
        <testcase name="test_strip_invalid_text with data set #26" assertions="1" time="0.001605"/>
        <testcase name="test_strip_invalid_text with data set #27" assertions="1" time="0.001719"/>
        <testcase name="test_strip_invalid_text with data set #28" assertions="1" time="0.001750"/>
        <testcase name="test_strip_invalid_text with data set #29" assertions="1" time="0.001704"/>
        <testcase name="test_strip_invalid_text with data set #30" assertions="1" time="0.002172"/>
        <testcase name="test_strip_invalid_text with data set #31" assertions="1" time="0.001798"/>
        <testcase name="test_strip_invalid_text with data set #32" assertions="1" time="0.001685"/>
        <testcase name="test_strip_invalid_text with data set #33" assertions="1" time="0.001672"/>
        <testcase name="test_strip_invalid_text with data set #34" assertions="1" time="0.001629"/>
        <testcase name="test_strip_invalid_text with data set #35" assertions="1" time="0.001659"/>
        <testcase name="test_strip_invalid_text with data set #36" assertions="1" time="0.018971"/>
        <testcase name="test_strip_invalid_text with data set #37" assertions="1" time="0.002195"/>
        <testcase name="test_strip_invalid_text with data set #38" assertions="1" time="0.001783"/>
        <testcase name="test_strip_invalid_text with data set #39" assertions="1" time="0.002277"/>
        <testcase name="test_strip_invalid_text with data set #40" assertions="1" time="0.001965"/>
        <testcase name="test_strip_invalid_text with data set #41" assertions="1" time="0.001894"/>
      </testsuite>
      <testcase name="test_process_fields_failure" class="Tests_DB_Charset" file="/Users/msaari/wordpress-develop/tests/phpunit/tests/db/charset.php" line="517" assertions="1" time="0.002617"/>
      <testsuite name="Tests_DB_Charset::test_process_field_charsets" tests="3" assertions="3" failures="0" errors="0" time="0.004079">
        <testcase name="test_process_field_charsets with data set #0" assertions="1" time="0.001332"/>
        <testcase name="test_process_field_charsets with data set #1" assertions="1" time="0.001325"/>
        <testcase name="test_process_field_charsets with data set #2" assertions="1" time="0.001422"/>
      </testsuite>
      <testcase name="test_process_field_charsets_on_nonexistent_table" class="Tests_DB_Charset" file="/Users/msaari/wordpress-develop/tests/phpunit/tests/db/charset.php" line="613" assertions="1" time="0.002629"/>
      <testcase name="test_check_ascii" class="Tests_DB_Charset" file="/Users/msaari/wordpress-develop/tests/phpunit/tests/db/charset.php" line="628" assertions="1" time="0.001892"/>
      <testcase name="test_check_ascii_false" class="Tests_DB_Charset" file="/Users/msaari/wordpress-develop/tests/phpunit/tests/db/charset.php" line="636" assertions="1" time="0.001489"/>
      <testcase name="test_strip_invalid_text_for_column" class="Tests_DB_Charset" file="/Users/msaari/wordpress-develop/tests/phpunit/tests/db/charset.php" line="643" assertions="1" time="0.001409"/>
      <testsuite name="Tests_DB_Charset::test_get_table_charset" tests="8" assertions="16" failures="0" errors="0" time="0.087077">
        <testcase name="test_get_table_charset with data set #0" assertions="2" time="0.005878"/>
        <testcase name="test_get_table_charset with data set #1" assertions="2" time="0.006500"/>
        <testcase name="test_get_table_charset with data set #2" assertions="2" time="0.006151"/>
        <testcase name="test_get_table_charset with data set #3" assertions="2" time="0.006310"/>
        <testcase name="test_get_table_charset with data set #4" assertions="2" time="0.005658"/>
        <testcase name="test_get_table_charset with data set #5" assertions="2" time="0.043657"/>
        <testcase name="test_get_table_charset with data set #6" assertions="2" time="0.005868"/>
        <testcase name="test_get_table_charset with data set #7" assertions="2" time="0.007055"/>
      </testsuite>
      <testsuite name="Tests_DB_Charset::test_get_column_charset" tests="8" assertions="32" failures="0" errors="0" time="0.051597">
        <testcase name="test_get_column_charset with data set #0" assertions="4" time="0.006792"/>
        <testcase name="test_get_column_charset with data set #1" assertions="4" time="0.006240"/>
        <testcase name="test_get_column_charset with data set #2" assertions="4" time="0.006158"/>
        <testcase name="test_get_column_charset with data set #3" assertions="4" time="0.006611"/>
        <testcase name="test_get_column_charset with data set #4" assertions="4" time="0.006882"/>
        <testcase name="test_get_column_charset with data set #5" assertions="4" time="0.006102"/>
        <testcase name="test_get_column_charset with data set #6" assertions="4" time="0.006321"/>
        <testcase name="test_get_column_charset with data set #7" assertions="4" time="0.006491"/>
      </testsuite>
      <testsuite name="Tests_DB_Charset::test_get_column_charset_non_mysql" tests="8" assertions="16" failures="0" errors="0" time="0.042845">
        <testcase name="test_get_column_charset_non_mysql with data set #0" assertions="2" time="0.005155"/>
        <testcase name="test_get_column_charset_non_mysql with data set #1" assertions="2" time="0.005471"/>
        <testcase name="test_get_column_charset_non_mysql with data set #2" assertions="2" time="0.005147"/>
        <testcase name="test_get_column_charset_non_mysql with data set #3" assertions="2" time="0.005151"/>
        <testcase name="test_get_column_charset_non_mysql with data set #4" assertions="2" time="0.005147"/>
        <testcase name="test_get_column_charset_non_mysql with data set #5" assertions="2" time="0.005133"/>
        <testcase name="test_get_column_charset_non_mysql with data set #6" assertions="2" time="0.005977"/>
        <testcase name="test_get_column_charset_non_mysql with data set #7" assertions="2" time="0.005664"/>
      </testsuite>
      <testsuite name="Tests_DB_Charset::test_get_column_charset_is_mysql_undefined" tests="8" assertions="16" failures="0" errors="0" time="0.039628">
        <testcase name="test_get_column_charset_is_mysql_undefined with data set #0" assertions="2" time="0.004983"/>
        <testcase name="test_get_column_charset_is_mysql_undefined with data set #1" assertions="2" time="0.005244"/>
        <testcase name="test_get_column_charset_is_mysql_undefined with data set #2" assertions="2" time="0.004773"/>
        <testcase name="test_get_column_charset_is_mysql_undefined with data set #3" assertions="2" time="0.004887"/>
        <testcase name="test_get_column_charset_is_mysql_undefined with data set #4" assertions="2" time="0.004657"/>
        <testcase name="test_get_column_charset_is_mysql_undefined with data set #5" assertions="2" time="0.004531"/>
        <testcase name="test_get_column_charset_is_mysql_undefined with data set #6" assertions="2" time="0.004991"/>
        <testcase name="test_get_column_charset_is_mysql_undefined with data set #7" assertions="2" time="0.005562"/>
      </testsuite>
      <testsuite name="Tests_DB_Charset::test_strip_invalid_text_from_query" tests="2" assertions="2" failures="0" errors="0" time="0.013000">
        <testcase name="test_strip_invalid_text_from_query with data set #0" assertions="1" time="0.006541"/>
        <testcase name="test_strip_invalid_text_from_query with data set #1" assertions="1" time="0.006459"/>
      </testsuite>
      <testsuite name="Tests_DB_Charset::test_dont_strip_text_from_schema_queries" tests="5" assertions="5" failures="0" errors="0" time="0.007773">
        <testcase name="test_dont_strip_text_from_schema_queries with data set #0" assertions="1" time="0.001537"/>
        <testcase name="test_dont_strip_text_from_schema_queries with data set #1" assertions="1" time="0.001368"/>
        <testcase name="test_dont_strip_text_from_schema_queries with data set #2" assertions="1" time="0.001406"/>
        <testcase name="test_dont_strip_text_from_schema_queries with data set #3" assertions="1" time="0.001500"/>
        <testcase name="test_dont_strip_text_from_schema_queries with data set #4" assertions="1" time="0.001963"/>
      </testsuite>
      <testcase name="test_invalid_characters_in_query" class="Tests_DB_Charset" file="/Users/msaari/wordpress-develop/tests/phpunit/tests/db/charset.php" line="949" assertions="1" time="0.001556"/>
      <testsuite name="Tests_DB_Charset::test_table_collation_check" tests="5" assertions="30" failures="0" errors="0" time="0.032304">
        <testcase name="test_table_collation_check with data set #0" assertions="6" time="0.006314"/>
        <testcase name="test_table_collation_check with data set #1" assertions="6" time="0.006391"/>
        <testcase name="test_table_collation_check with data set #2" assertions="6" time="0.006560"/>
        <testcase name="test_table_collation_check with data set #3" assertions="6" time="0.006309"/>
        <testcase name="test_table_collation_check with data set #4" assertions="6" time="0.006730"/>
      </testsuite>
      <testcase name="test_strip_invalid_text_for_column_bails_if_ascii_input_too_long" class="Tests_DB_Charset" file="/Users/msaari/wordpress-develop/tests/phpunit/tests/db/charset.php" line="1035" assertions="2" time="0.002099"/>
      <testcase name="test_strip_invalid_text_from_query_cp1251_is_safe" class="Tests_DB_Charset" file="/Users/msaari/wordpress-develop/tests/phpunit/tests/db/charset.php" line="1050" assertions="1" time="0.004952"/>
      <testcase name="test_no_db_charset_defined" class="Tests_DB_Charset" file="/Users/msaari/wordpress-develop/tests/phpunit/tests/db/charset.php" line="1067" assertions="1" time="0.005603"/>
      <testcase name="test_set_charset_changes_the_connection_collation" class="Tests_DB_Charset" file="/Users/msaari/wordpress-develop/tests/phpunit/tests/db/charset.php" line="1089" assertions="2" time="0.003325"/>
    </testsuite>
    <testsuite name="Tests_dbDelta" file="/Users/msaari/wordpress-develop/tests/phpunit/tests/dbdelta.php" tests="29" assertions="43" failures="0" errors="0" time="0.713020">
      <testcase name="test_creating_a_table" class="Tests_dbDelta" file="/Users/msaari/wordpress-develop/tests/phpunit/tests/dbdelta.php" line="68" assertions="2" time="0.059142"/>
      <testcase name="test_existing_table" class="Tests_dbDelta" file="/Users/msaari/wordpress-develop/tests/phpunit/tests/dbdelta.php" line="105" assertions="1" time="0.017521"/>
      <testcase name="test_column_type_change" class="Tests_dbDelta" file="/Users/msaari/wordpress-develop/tests/phpunit/tests/dbdelta.php" line="127" assertions="1" time="0.029367"/>
      <testcase name="test_column_added" class="Tests_dbDelta" file="/Users/msaari/wordpress-develop/tests/phpunit/tests/dbdelta.php" line="156" assertions="3" time="0.030467"/>
      <testcase name="test_columns_arent_removed" class="Tests_dbDelta" file="/Users/msaari/wordpress-develop/tests/phpunit/tests/dbdelta.php" line="190" assertions="2" time="0.016639"/>
      <testcase name="test_no_execution" class="Tests_dbDelta" file="/Users/msaari/wordpress-develop/tests/phpunit/tests/dbdelta.php" line="214" assertions="2" time="0.017594"/>
      <testcase name="test_insert_into_table" class="Tests_dbDelta" file="/Users/msaari/wordpress-develop/tests/phpunit/tests/dbdelta.php" line="247" assertions="2" time="0.016031"/>
      <testcase name="test_fulltext_index" class="Tests_dbDelta" file="/Users/msaari/wordpress-develop/tests/phpunit/tests/dbdelta.php" line="268" assertions="1" time="0.015787"/>
      <testcase name="test_truncated_index" class="Tests_dbDelta" file="/Users/msaari/wordpress-develop/tests/phpunit/tests/dbdelta.php" line="369" assertions="1" time="0.030405"/>
      <testcase name="test_dont_downsize_text_fields" class="Tests_dbDelta" file="/Users/msaari/wordpress-develop/tests/phpunit/tests/dbdelta.php" line="406" assertions="1" time="0.016653"/>
      <testcase name="test_dont_downsize_blob_fields" class="Tests_dbDelta" file="/Users/msaari/wordpress-develop/tests/phpunit/tests/dbdelta.php" line="431" assertions="1" time="0.017172"/>
      <testcase name="test_upsize_text_fields" class="Tests_dbDelta" file="/Users/msaari/wordpress-develop/tests/phpunit/tests/dbdelta.php" line="456" assertions="1" time="0.016674"/>
      <testcase name="test_upsize_blob_fields" class="Tests_dbDelta" file="/Users/msaari/wordpress-develop/tests/phpunit/tests/dbdelta.php" line="487" assertions="1" time="0.016707"/>
      <testcase name="test_query_with_backticks_does_not_throw_an_undefined_index_warning" class="Tests_dbDelta" file="/Users/msaari/wordpress-develop/tests/phpunit/tests/dbdelta.php" line="518" assertions="1" time="0.019151"/>
      <testcase name="test_spatial_indices" class="Tests_dbDelta" file="/Users/msaari/wordpress-develop/tests/phpunit/tests/dbdelta.php" line="542" assertions="2" time="0.018542"/>
      <testcase name="test_query_with_backticks_does_not_cause_a_query_to_alter_all_columns_and_indices_to_run_even_if_none_have_changed" class="Tests_dbDelta" file="/Users/msaari/wordpress-develop/tests/phpunit/tests/dbdelta.php" line="593" assertions="2" time="0.017830"/>
      <testcase name="test_index_with_a_reserved_keyword_can_be_created" class="Tests_dbDelta" file="/Users/msaari/wordpress-develop/tests/phpunit/tests/dbdelta.php" line="621" assertions="2" time="0.043230"/>
      <testcase name="test_wp_get_db_schema_does_no_alter_queries_on_existing_install" class="Tests_dbDelta" file="/Users/msaari/wordpress-develop/tests/phpunit/tests/dbdelta.php" line="657" assertions="1" time="0.031485"/>
      <testcase name="test_key_and_index_and_fulltext_key_and_fulltext_index_and_unique_key_and_unique_index_indicies" class="Tests_dbDelta" file="/Users/msaari/wordpress-develop/tests/phpunit/tests/dbdelta.php" line="666" assertions="2" time="0.071786"/>
      <testcase name="test_index_and_key_are_synonyms_and_do_not_recreate_indices" class="Tests_dbDelta" file="/Users/msaari/wordpress-develop/tests/phpunit/tests/dbdelta.php" line="704" assertions="1" time="0.016168"/>
      <testcase name="test_indices_with_prefix_limits_are_created_and_do_not_recreate_indices" class="Tests_dbDelta" file="/Users/msaari/wordpress-develop/tests/phpunit/tests/dbdelta.php" line="728" assertions="2" time="0.042969"/>
      <testcase name="test_index_col_names_with_order_do_not_recreate_indices" class="Tests_dbDelta" file="/Users/msaari/wordpress-develop/tests/phpunit/tests/dbdelta.php" line="762" assertions="1" time="0.016176"/>
      <testcase name="test_primary_key_with_single_space_does_not_recreate_index" class="Tests_dbDelta" file="/Users/msaari/wordpress-develop/tests/phpunit/tests/dbdelta.php" line="786" assertions="1" time="0.016498"/>
      <testcase name="test_index_definitions_with_spaces_do_not_recreate_indices" class="Tests_dbDelta" file="/Users/msaari/wordpress-develop/tests/phpunit/tests/dbdelta.php" line="810" assertions="1" time="0.015749"/>
      <testcase name="test_index_types_are_not_case_sensitive_and_do_not_recreate_indices" class="Tests_dbDelta" file="/Users/msaari/wordpress-develop/tests/phpunit/tests/dbdelta.php" line="834" assertions="1" time="0.015671"/>
      <testcase name="test_key_names_are_not_case_sensitive_and_do_not_recreate_indices" class="Tests_dbDelta" file="/Users/msaari/wordpress-develop/tests/phpunit/tests/dbdelta.php" line="858" assertions="1" time="0.015613"/>
      <testcase name="test_unchanged_key_lengths_do_not_recreate_index" class="Tests_dbDelta" file="/Users/msaari/wordpress-develop/tests/phpunit/tests/dbdelta.php" line="883" assertions="1" time="0.015655"/>
      <testcase name="test_changed_key_lengths_do_not_recreate_index" class="Tests_dbDelta" file="/Users/msaari/wordpress-develop/tests/phpunit/tests/dbdelta.php" line="908" assertions="4" time="0.033819"/>
      <testcase name="test_column_type_change_with_hyphens_in_name" class="Tests_dbDelta" file="/Users/msaari/wordpress-develop/tests/phpunit/tests/dbdelta.php" line="992" assertions="1" time="0.022519"/>
    </testsuite>
    <testsuite name="Tests_Dependencies" file="/Users/msaari/wordpress-develop/tests/phpunit/tests/dependencies.php" tests="7" assertions="56" failures="0" errors="0" time="0.009412">
      <testcase name="test_add" class="Tests_Dependencies" file="/Users/msaari/wordpress-develop/tests/phpunit/tests/dependencies.php" line="7" assertions="5" time="0.001312"/>
      <testcase name="test_remove" class="Tests_Dependencies" file="/Users/msaari/wordpress-develop/tests/phpunit/tests/dependencies.php" line="20" assertions="4" time="0.001374"/>
      <testcase name="test_enqueue" class="Tests_Dependencies" file="/Users/msaari/wordpress-develop/tests/phpunit/tests/dependencies.php" line="33" assertions="7" time="0.001275"/>
      <testcase name="test_dequeue" class="Tests_Dependencies" file="/Users/msaari/wordpress-develop/tests/phpunit/tests/dependencies.php" line="49" assertions="8" time="0.001342"/>
      <testcase name="test_enqueue_args" class="Tests_Dependencies" file="/Users/msaari/wordpress-develop/tests/phpunit/tests/dependencies.php" line="69" assertions="9" time="0.001412"/>
      <testcase name="test_dequeue_args" class="Tests_Dependencies" file="/Users/msaari/wordpress-develop/tests/phpunit/tests/dependencies.php" line="87" assertions="12" time="0.001361"/>
      <testcase name="test_query_and_registered_enqueued" class="Tests_Dependencies" file="/Users/msaari/wordpress-develop/tests/phpunit/tests/dependencies.php" line="114" assertions="11" time="0.001336"/>
    </testsuite>
    <testsuite name="Tests_Dependencies_Backbonejs" file="/Users/msaari/wordpress-develop/tests/phpunit/tests/dependencies/backbonejs.php" tests="1" assertions="2" failures="0" errors="0" time="0.001270">
      <testcase name="test_exclusion_of_sourcemaps" class="Tests_Dependencies_Backbonejs" file="/Users/msaari/wordpress-develop/tests/phpunit/tests/dependencies/backbonejs.php" line="9" assertions="2" time="0.001270"/>
    </testsuite>
    <testsuite name="Tests_Dependencies_jQuery" file="/Users/msaari/wordpress-develop/tests/phpunit/tests/dependencies/jquery.php" tests="6" assertions="46" failures="0" errors="0" time="0.011576">
      <testcase name="test_location_of_jquery" class="Tests_Dependencies_jQuery" file="/Users/msaari/wordpress-develop/tests/phpunit/tests/dependencies/jquery.php" line="9" assertions="8" time="0.002581"/>
      <testcase name="test_presence_of_jquery_no_conflict" class="Tests_Dependencies_jQuery" file="/Users/msaari/wordpress-develop/tests/phpunit/tests/dependencies/jquery.php" line="33" assertions="1" time="0.001402"/>
      <testcase name="test_dont_allow_deregister_core_scripts_in_admin" class="Tests_Dependencies_jQuery" file="/Users/msaari/wordpress-develop/tests/phpunit/tests/dependencies/jquery.php" line="45" assertions="27" time="0.002249"/>
      <testcase name="test_exclusion_of_sourcemaps" class="Tests_Dependencies_jQuery" file="/Users/msaari/wordpress-develop/tests/phpunit/tests/dependencies/jquery.php" line="88" assertions="1" time="0.001499"/>
      <testcase name="test_wp_script_is_dep_enqueued" class="Tests_Dependencies_jQuery" file="/Users/msaari/wordpress-develop/tests/phpunit/tests/dependencies/jquery.php" line="96" assertions="2" time="0.001510"/>
      <testcase name="test_jquery_in_footer" class="Tests_Dependencies_jQuery" file="/Users/msaari/wordpress-develop/tests/phpunit/tests/dependencies/jquery.php" line="110" assertions="7" time="0.002335"/>
    </testsuite>
    <testsuite name="Tests_Dependencies_MediaElementjs" file="/Users/msaari/wordpress-develop/tests/phpunit/tests/dependencies/mediaelementjs.php" tests="1" assertions="2" failures="0" errors="0" time="0.002501">
      <testcase name="test_exclusion_of_flash" class="Tests_Dependencies_MediaElementjs" file="/Users/msaari/wordpress-develop/tests/phpunit/tests/dependencies/mediaelementjs.php" line="20" assertions="2" time="0.002501"/>
    </testsuite>
    <testsuite name="Tests_Dependencies_Scripts" file="/Users/msaari/wordpress-develop/tests/phpunit/tests/dependencies/scripts.php" tests="39" assertions="127" failures="0" errors="0" time="0.068628">
      <testcase name="test_wp_enqueue_script" class="Tests_Dependencies_Scripts" file="/Users/msaari/wordpress-develop/tests/phpunit/tests/dependencies/scripts.php" line="28" assertions="2" time="0.001622"/>
      <testcase name="test_protocols" class="Tests_Dependencies_Scripts" file="/Users/msaari/wordpress-develop/tests/phpunit/tests/dependencies/scripts.php" line="51" assertions="2" time="0.001784"/>
      <testcase name="test_script_concatenation" class="Tests_Dependencies_Scripts" file="/Users/msaari/wordpress-develop/tests/phpunit/tests/dependencies/scripts.php" line="93" assertions="1" time="0.001736"/>
      <testcase name="test_wp_script_add_data_with_data_key" class="Tests_Dependencies_Scripts" file="/Users/msaari/wordpress-develop/tests/phpunit/tests/dependencies/scripts.php" line="117" assertions="2" time="0.002063"/>
      <testcase name="test_wp_script_add_data_with_conditional_key" class="Tests_Dependencies_Scripts" file="/Users/msaari/wordpress-develop/tests/phpunit/tests/dependencies/scripts.php" line="136" assertions="2" time="0.002151"/>
      <testcase name="test_wp_script_add_data_with_data_and_conditional_keys" class="Tests_Dependencies_Scripts" file="/Users/msaari/wordpress-develop/tests/phpunit/tests/dependencies/scripts.php" line="154" assertions="2" time="0.002517"/>
      <testcase name="test_wp_script_add_data_with_invalid_key" class="Tests_Dependencies_Scripts" file="/Users/msaari/wordpress-develop/tests/phpunit/tests/dependencies/scripts.php" line="174" assertions="2" time="0.002066"/>
      <testcase name="test_wp_register_script" class="Tests_Dependencies_Scripts" file="/Users/msaari/wordpress-develop/tests/phpunit/tests/dependencies/scripts.php" line="192" assertions="2" time="0.001736"/>
      <testcase name="test_wp_register_script_with_handle_without_source" class="Tests_Dependencies_Scripts" file="/Users/msaari/wordpress-develop/tests/phpunit/tests/dependencies/scripts.php" line="200" assertions="1" time="0.001719"/>
      <testcase name="test_wp_enqueue_script_footer_alias" class="Tests_Dependencies_Scripts" file="/Users/msaari/wordpress-develop/tests/phpunit/tests/dependencies/scripts.php" line="216" assertions="3" time="0.002064"/>
      <testcase name="test_group_mismatch_in_deps" class="Tests_Dependencies_Scripts" file="/Users/msaari/wordpress-develop/tests/phpunit/tests/dependencies/scripts.php" line="236" assertions="15" time="0.001709"/>
      <testcase name="test_wp_register_script_with_dependencies_in_head_and_footer" class="Tests_Dependencies_Scripts" file="/Users/msaari/wordpress-develop/tests/phpunit/tests/dependencies/scripts.php" line="280" assertions="2" time="0.001830"/>
      <testcase name="test_wp_register_script_with_dependencies_in_head_and_footer_in_reversed_order" class="Tests_Dependencies_Scripts" file="/Users/msaari/wordpress-develop/tests/phpunit/tests/dependencies/scripts.php" line="301" assertions="2" time="0.001994"/>
      <testcase name="test_wp_register_script_with_dependencies_in_head_and_footer_in_reversed_order_and_two_parent_scripts" class="Tests_Dependencies_Scripts" file="/Users/msaari/wordpress-develop/tests/phpunit/tests/dependencies/scripts.php" line="322" assertions="2" time="0.001927"/>
      <testcase name="test_wp_add_inline_script_returns_bool" class="Tests_Dependencies_Scripts" file="/Users/msaari/wordpress-develop/tests/phpunit/tests/dependencies/scripts.php" line="353" assertions="2" time="0.001637"/>
      <testcase name="test_wp_add_inline_script_unknown_handle" class="Tests_Dependencies_Scripts" file="/Users/msaari/wordpress-develop/tests/phpunit/tests/dependencies/scripts.php" line="362" assertions="2" time="0.001577"/>
      <testcase name="test_wp_add_inline_script_before" class="Tests_Dependencies_Scripts" file="/Users/msaari/wordpress-develop/tests/phpunit/tests/dependencies/scripts.php" line="370" assertions="1" time="0.001469"/>
      <testcase name="test_wp_add_inline_script_after" class="Tests_Dependencies_Scripts" file="/Users/msaari/wordpress-develop/tests/phpunit/tests/dependencies/scripts.php" line="383" assertions="1" time="0.001421"/>
      <testcase name="test_wp_add_inline_script_before_and_after" class="Tests_Dependencies_Scripts" file="/Users/msaari/wordpress-develop/tests/phpunit/tests/dependencies/scripts.php" line="396" assertions="1" time="0.001410"/>
      <testcase name="test_wp_add_inline_script_before_for_handle_without_source" class="Tests_Dependencies_Scripts" file="/Users/msaari/wordpress-develop/tests/phpunit/tests/dependencies/scripts.php" line="411" assertions="1" time="0.001444"/>
      <testcase name="test_wp_add_inline_script_after_for_handle_without_source" class="Tests_Dependencies_Scripts" file="/Users/msaari/wordpress-develop/tests/phpunit/tests/dependencies/scripts.php" line="424" assertions="1" time="0.001430"/>
      <testcase name="test_wp_add_inline_script_before_and_after_for_handle_without_source" class="Tests_Dependencies_Scripts" file="/Users/msaari/wordpress-develop/tests/phpunit/tests/dependencies/scripts.php" line="437" assertions="1" time="0.001716"/>
      <testcase name="test_wp_add_inline_script_multiple" class="Tests_Dependencies_Scripts" file="/Users/msaari/wordpress-develop/tests/phpunit/tests/dependencies/scripts.php" line="452" assertions="1" time="0.001517"/>
      <testcase name="test_wp_add_inline_script_localized_data_is_added_first" class="Tests_Dependencies_Scripts" file="/Users/msaari/wordpress-develop/tests/phpunit/tests/dependencies/scripts.php" line="469" assertions="1" time="0.001481"/>
      <testcase name="test_wp_add_inline_script_before_with_concat" class="Tests_Dependencies_Scripts" file="/Users/msaari/wordpress-develop/tests/phpunit/tests/dependencies/scripts.php" line="486" assertions="1" time="0.001697"/>
      <testcase name="test_wp_add_inline_script_before_with_concat2" class="Tests_Dependencies_Scripts" file="/Users/msaari/wordpress-develop/tests/phpunit/tests/dependencies/scripts.php" line="512" assertions="1" time="0.001546"/>
      <testcase name="test_wp_add_inline_script_after_with_concat" class="Tests_Dependencies_Scripts" file="/Users/msaari/wordpress-develop/tests/phpunit/tests/dependencies/scripts.php" line="536" assertions="1" time="0.001506"/>
      <testcase name="test_wp_add_inline_script_after_and_before_with_concat_and_conditional" class="Tests_Dependencies_Scripts" file="/Users/msaari/wordpress-develop/tests/phpunit/tests/dependencies/scripts.php" line="564" assertions="3" time="0.001508"/>
      <testcase name="test_wp_add_inline_script_after_with_concat_and_core_dependency" class="Tests_Dependencies_Scripts" file="/Users/msaari/wordpress-develop/tests/phpunit/tests/dependencies/scripts.php" line="594" assertions="1" time="0.002006"/>
      <testcase name="test_wp_add_inline_script_after_with_concat_and_conditional_and_core_dependency" class="Tests_Dependencies_Scripts" file="/Users/msaari/wordpress-develop/tests/phpunit/tests/dependencies/scripts.php" line="619" assertions="1" time="0.001959"/>
      <testcase name="test_wp_add_inline_script_before_with_concat_and_core_dependency" class="Tests_Dependencies_Scripts" file="/Users/msaari/wordpress-develop/tests/phpunit/tests/dependencies/scripts.php" line="647" assertions="1" time="0.002127"/>
      <testcase name="test_wp_add_inline_script_before_after_concat_with_core_dependency" class="Tests_Dependencies_Scripts" file="/Users/msaari/wordpress-develop/tests/phpunit/tests/dependencies/scripts.php" line="672" assertions="1" time="0.002205"/>
      <testcase name="test_wp_add_inline_script_customize_dependency" class="Tests_Dependencies_Scripts" file="/Users/msaari/wordpress-develop/tests/phpunit/tests/dependencies/scripts.php" line="701" assertions="1" time="0.002213"/>
      <testcase name="test_wp_add_inline_script_after_for_core_scripts_with_concat_is_limited_and_falls_back_to_no_concat" class="Tests_Dependencies_Scripts" file="/Users/msaari/wordpress-develop/tests/phpunit/tests/dependencies/scripts.php" line="729" assertions="1" time="0.002028"/>
      <testcase name="test_wp_add_inline_script_before_third_core_script_prints_two_concat_scripts" class="Tests_Dependencies_Scripts" file="/Users/msaari/wordpress-develop/tests/phpunit/tests/dependencies/scripts.php" line="754" assertions="1" time="0.001623"/>
      <testcase name="test_wp_enqueue_code_editor_when_php_file_will_be_passed" class="Tests_Dependencies_Scripts" file="/Users/msaari/wordpress-develop/tests/phpunit/tests/dependencies/scripts.php" line="781" assertions="16" time="0.001585"/>
      <testcase name="test_wp_enqueue_code_editor_when_generated_array_by_compact_will_be_passed" class="Tests_Dependencies_Scripts" file="/Users/msaari/wordpress-develop/tests/phpunit/tests/dependencies/scripts.php" line="868" assertions="16" time="0.001613"/>
      <testcase name="test_wp_enqueue_code_editor_when_generated_array_by_array_merge_will_be_passed" class="Tests_Dependencies_Scripts" file="/Users/msaari/wordpress-develop/tests/phpunit/tests/dependencies/scripts.php" line="950" assertions="15" time="0.001536"/>
      <testcase name="test_wp_enqueue_code_editor_when_simple_array_will_be_passed" class="Tests_Dependencies_Scripts" file="/Users/msaari/wordpress-develop/tests/phpunit/tests/dependencies/scripts.php" line="1047" assertions="15" time="0.001455"/>
    </testsuite>
    <testsuite name="Tests_Dependencies_Styles" file="/Users/msaari/wordpress-develop/tests/phpunit/tests/dependencies/styles.php" tests="16" assertions="20" failures="0" errors="0" time="0.024494">
      <testcase name="test_wp_enqueue_style" class="Tests_Dependencies_Styles" file="/Users/msaari/wordpress-develop/tests/phpunit/tests/dependencies/styles.php" line="33" assertions="2" time="0.001499"/>
      <testcase name="test_protocols" class="Tests_Dependencies_Styles" file="/Users/msaari/wordpress-develop/tests/phpunit/tests/dependencies/styles.php" line="56" assertions="2" time="0.001830"/>
      <testcase name="test_inline_styles" class="Tests_Dependencies_Styles" file="/Users/msaari/wordpress-develop/tests/phpunit/tests/dependencies/styles.php" line="100" assertions="1" time="0.001600"/>
      <testcase name="test_inline_styles_concat" class="Tests_Dependencies_Styles" file="/Users/msaari/wordpress-develop/tests/phpunit/tests/dependencies/styles.php" line="124" assertions="1" time="0.001466"/>
      <testcase name="test_multiple_inline_styles" class="Tests_Dependencies_Styles" file="/Users/msaari/wordpress-develop/tests/phpunit/tests/dependencies/styles.php" line="153" assertions="1" time="0.001464"/>
      <testcase name="test_plugin_doing_inline_styles_wrong" class="Tests_Dependencies_Styles" file="/Users/msaari/wordpress-develop/tests/phpunit/tests/dependencies/styles.php" line="184" assertions="2" time="0.001453"/>
      <testcase name="test_unnecessary_style_tags" class="Tests_Dependencies_Styles" file="/Users/msaari/wordpress-develop/tests/phpunit/tests/dependencies/styles.php" line="208" assertions="1" time="0.001425"/>
      <testcase name="test_conditional_inline_styles_are_also_conditional" class="Tests_Dependencies_Styles" file="/Users/msaari/wordpress-develop/tests/phpunit/tests/dependencies/styles.php" line="222" assertions="1" time="0.001436"/>
      <testcase name="test_wp_register_style" class="Tests_Dependencies_Styles" file="/Users/msaari/wordpress-develop/tests/phpunit/tests/dependencies/styles.php" line="244" assertions="2" time="0.001575"/>
      <testcase name="test_wp_add_inline_style_for_handle_without_source" class="Tests_Dependencies_Styles" file="/Users/msaari/wordpress-develop/tests/phpunit/tests/dependencies/styles.php" line="252" assertions="1" time="0.001648"/>
      <testsuite name="Tests_Dependencies_Styles::test_wp_enqueue_style_with_media" tests="6" assertions="6" failures="0" errors="0" time="0.009098">
        <testcase name="test_wp_enqueue_style_with_media with data set #0" assertions="1" time="0.001611"/>
        <testcase name="test_wp_enqueue_style_with_media with data set #1" assertions="1" time="0.001588"/>
        <testcase name="test_wp_enqueue_style_with_media with data set #2" assertions="1" time="0.001560"/>
        <testcase name="test_wp_enqueue_style_with_media with data set #3" assertions="1" time="0.001461"/>
        <testcase name="test_wp_enqueue_style_with_media with data set #4" assertions="1" time="0.001408"/>
        <testcase name="test_wp_enqueue_style_with_media with data set #5" assertions="1" time="0.001470"/>
      </testsuite>
    </testsuite>
    <testsuite name="Tests_WP_Editors" file="/Users/msaari/wordpress-develop/tests/phpunit/tests/editor/wpEditors.php" tests="4" assertions="4" failures="0" errors="0" time="0.028035">
      <testcase name="test_wp_link_query_returns_false_when_nothing_found" class="Tests_WP_Editors" file="/Users/msaari/wordpress-develop/tests/phpunit/tests/editor/wpEditors.php" line="25" assertions="1" time="0.001813"/>
      <testcase name="test_wp_link_query_returns_search_results" class="Tests_WP_Editors" file="/Users/msaari/wordpress-develop/tests/phpunit/tests/editor/wpEditors.php" line="31" assertions="1" time="0.011273"/>
      <testcase name="test_wp_link_query_returns_filtered_result_when_nothing_found" class="Tests_WP_Editors" file="/Users/msaari/wordpress-develop/tests/phpunit/tests/editor/wpEditors.php" line="51" assertions="1" time="0.002006"/>
      <testcase name="test_wp_link_query_returns_filtered_search_results" class="Tests_WP_Editors" file="/Users/msaari/wordpress-develop/tests/phpunit/tests/editor/wpEditors.php" line="69" assertions="1" time="0.012943"/>
    </testsuite>
    <testsuite name="Tests_Feeds_Atom" file="/Users/msaari/wordpress-develop/tests/phpunit/tests/feed/atom.php" tests="2" assertions="94" failures="0" errors="0" time="0.024473">
      <testcase name="test_feed_element" class="Tests_Feeds_Atom" file="/Users/msaari/wordpress-develop/tests/phpunit/tests/feed/atom.php" line="87" assertions="12" time="0.013761"/>
      <testcase name="test_entry_elements" class="Tests_Feeds_Atom" file="/Users/msaari/wordpress-develop/tests/phpunit/tests/feed/atom.php" line="131" assertions="82" time="0.010712"/>
    </testsuite>
    <testsuite name="Tests_Feeds_RSS2" file="/Users/msaari/wordpress-develop/tests/phpunit/tests/feed/rss2.php" tests="11" assertions="169" failures="0" errors="0" time="0.175704">
      <testcase name="test_rss_element" class="Tests_Feeds_RSS2" file="/Users/msaari/wordpress-develop/tests/phpunit/tests/feed/rss2.php" line="96" assertions="6" time="0.013379"/>
      <testcase name="test_channel_element" class="Tests_Feeds_RSS2" file="/Users/msaari/wordpress-develop/tests/phpunit/tests/feed/rss2.php" line="121" assertions="5" time="0.011761"/>
      <testcase name="test_channel_pubdate_element_translated" class="Tests_Feeds_RSS2" file="/Users/msaari/wordpress-develop/tests/phpunit/tests/feed/rss2.php" line="151" assertions="1" time="0.011088"/>
      <testcase name="test_item_elements" class="Tests_Feeds_RSS2" file="/Users/msaari/wordpress-develop/tests/phpunit/tests/feed/rss2.php" line="174" assertions="109" time="0.013137"/>
      <testcase name="test_items_comments_closed" class="Tests_Feeds_RSS2" file="/Users/msaari/wordpress-develop/tests/phpunit/tests/feed/rss2.php" line="265" assertions="20" time="0.010352"/>
      <testcase name="test_valid_home_feed_endpoint" class="Tests_Feeds_RSS2" file="/Users/msaari/wordpress-develop/tests/phpunit/tests/feed/rss2.php" line="300" assertions="3" time="0.011430"/>
      <testcase name="test_valid_taxonomy_feed_endpoint" class="Tests_Feeds_RSS2" file="/Users/msaari/wordpress-develop/tests/phpunit/tests/feed/rss2.php" line="328" assertions="5" time="0.015170"/>
      <testcase name="test_valid_main_comment_feed_endpoint" class="Tests_Feeds_RSS2" file="/Users/msaari/wordpress-develop/tests/phpunit/tests/feed/rss2.php" line="356" assertions="4" time="0.053757"/>
      <testcase name="test_valid_archive_feed_endpoint" class="Tests_Feeds_RSS2" file="/Users/msaari/wordpress-develop/tests/phpunit/tests/feed/rss2.php" line="389" assertions="6" time="0.012474"/>
      <testcase name="test_valid_single_post_comment_feed_endpoint" class="Tests_Feeds_RSS2" file="/Users/msaari/wordpress-develop/tests/phpunit/tests/feed/rss2.php" line="417" assertions="6" time="0.010003"/>
      <testcase name="test_valid_search_feed_endpoint" class="Tests_Feeds_RSS2" file="/Users/msaari/wordpress-develop/tests/phpunit/tests/feed/rss2.php" line="445" assertions="4" time="0.013154"/>
    </testsuite>
    <testsuite name="Tests_File" file="/Users/msaari/wordpress-develop/tests/phpunit/tests/file.php" tests="14" assertions="27" failures="0" errors="0" time="0.028303">
      <testcase name="test_get_file_data" class="Tests_File" file="/Users/msaari/wordpress-develop/tests/phpunit/tests/file.php" line="22" assertions="6" time="0.002207"/>
      <testcase name="test_get_file_data_cr_line_endings" class="Tests_File" file="/Users/msaari/wordpress-develop/tests/phpunit/tests/file.php" line="52" assertions="3" time="0.001845"/>
      <testcase name="test_unique_filename_is_valid" class="Tests_File" file="/Users/msaari/wordpress-develop/tests/phpunit/tests/file.php" line="93" assertions="1" time="0.001990"/>
      <testcase name="test_unique_filename_is_unique" class="Tests_File" file="/Users/msaari/wordpress-develop/tests/phpunit/tests/file.php" line="102" assertions="3" time="0.002258"/>
      <testcase name="test_unique_filename_is_sanitized" class="Tests_File" file="/Users/msaari/wordpress-develop/tests/phpunit/tests/file.php" line="118" assertions="2" time="0.002066"/>
      <testcase name="test_unique_filename_with_slashes" class="Tests_File" file="/Users/msaari/wordpress-develop/tests/phpunit/tests/file.php" line="130" assertions="2" time="0.002194"/>
      <testcase name="test_unique_filename_multiple_ext" class="Tests_File" file="/Users/msaari/wordpress-develop/tests/phpunit/tests/file.php" line="143" assertions="2" time="0.002304"/>
      <testcase name="test_unique_filename_no_ext" class="Tests_File" file="/Users/msaari/wordpress-develop/tests/phpunit/tests/file.php" line="155" assertions="2" time="0.002318"/>
      <testsuite name="Tests_File::test_wp_tempnam" tests="6" assertions="6" failures="0" errors="0" time="0.011121">
        <testcase name="test_wp_tempnam with data set #0" assertions="1" time="0.002227"/>
        <testcase name="test_wp_tempnam with data set #1" assertions="1" time="0.002049"/>
        <testcase name="test_wp_tempnam with data set #2" assertions="1" time="0.001861"/>
        <testcase name="test_wp_tempnam with data set #3" assertions="1" time="0.001659"/>
        <testcase name="test_wp_tempnam with data set #4" assertions="1" time="0.001586"/>
        <testcase name="test_wp_tempnam with data set #5" assertions="1" time="0.001739"/>
      </testsuite>
    </testsuite>
    <testsuite name="WP_Filesystem_find_folder_UnitTestCases" file="/Users/msaari/wordpress-develop/tests/phpunit/tests/filesystem/findFolder.php" tests="5" assertions="14" failures="0" errors="0" time="0.003013">
      <testcase name="test_ftp_has_root_access" class="WP_Filesystem_find_folder_UnitTestCases" file="/Users/msaari/wordpress-develop/tests/phpunit/tests/filesystem/findFolder.php" line="11" assertions="2" time="0.001145"/>
      <testcase name="test_sibling_wordpress_in_subdir" class="WP_Filesystem_find_folder_UnitTestCases" file="/Users/msaari/wordpress-develop/tests/phpunit/tests/filesystem/findFolder.php" line="30" assertions="2" time="0.000563"/>
      <testcase name="test_subdir_of_another" class="WP_Filesystem_find_folder_UnitTestCases" file="/Users/msaari/wordpress-develop/tests/phpunit/tests/filesystem/findFolder.php" line="60" assertions="2" time="0.000429"/>
      <testcase name="test_multiple_tokens_in_path1" class="WP_Filesystem_find_folder_UnitTestCases" file="/Users/msaari/wordpress-develop/tests/phpunit/tests/filesystem/findFolder.php" line="87" assertions="3" time="0.000555"/>
      <testcase name="test_is_MockFS_sane" class="WP_Filesystem_find_folder_UnitTestCases" file="/Users/msaari/wordpress-develop/tests/phpunit/tests/filesystem/findFolder.php" line="29" assertions="5" time="0.000321"/>
    </testsuite>
    <testsuite name="Tests_Filters" file="/Users/msaari/wordpress-develop/tests/phpunit/tests/filters.php" tests="18" assertions="69" failures="0" errors="0" time="0.027207">
      <testcase name="test_simple_filter" class="Tests_Filters" file="/Users/msaari/wordpress-develop/tests/phpunit/tests/filters.php" line="10" assertions="4" time="0.001360"/>
      <testcase name="test_remove_filter" class="Tests_Filters" file="/Users/msaari/wordpress-develop/tests/phpunit/tests/filters.php" line="28" assertions="6" time="0.001446"/>
      <testcase name="test_has_filter" class="Tests_Filters" file="/Users/msaari/wordpress-develop/tests/phpunit/tests/filters.php" line="48" assertions="6" time="0.001369"/>
      <testcase name="test_multiple_filters" class="Tests_Filters" file="/Users/msaari/wordpress-develop/tests/phpunit/tests/filters.php" line="63" assertions="3" time="0.001391"/>
      <testcase name="test_filter_args_1" class="Tests_Filters" file="/Users/msaari/wordpress-develop/tests/phpunit/tests/filters.php" line="80" assertions="3" time="0.001677"/>
      <testcase name="test_filter_args_2" class="Tests_Filters" file="/Users/msaari/wordpress-develop/tests/phpunit/tests/filters.php" line="95" assertions="5" time="0.001510"/>
      <testcase name="test_filter_priority" class="Tests_Filters" file="/Users/msaari/wordpress-develop/tests/phpunit/tests/filters.php" line="120" assertions="3" time="0.001433"/>
      <testcase name="test_all_filter" class="Tests_Filters" file="/Users/msaari/wordpress-develop/tests/phpunit/tests/filters.php" line="151" assertions="7" time="0.001507"/>
      <testcase name="test_remove_all_filter" class="Tests_Filters" file="/Users/msaari/wordpress-develop/tests/phpunit/tests/filters.php" line="175" assertions="10" time="0.001562"/>
      <testcase name="test_remove_all_filters_should_respect_the_priority_argument" class="Tests_Filters" file="/Users/msaari/wordpress-develop/tests/phpunit/tests/filters.php" line="202" assertions="3" time="0.001500"/>
      <testcase name="test_filter_ref_array" class="Tests_Filters" file="/Users/msaari/wordpress-develop/tests/phpunit/tests/filters.php" line="221" assertions="2" time="0.001378"/>
      <testcase name="test_filter_ref_array_result" class="Tests_Filters" file="/Users/msaari/wordpress-develop/tests/phpunit/tests/filters.php" line="240" assertions="5" time="0.001409"/>
      <testcase name="test_has_filter_after_remove_all_filters" class="Tests_Filters" file="/Users/msaari/wordpress-develop/tests/phpunit/tests/filters.php" line="275" assertions="4" time="0.001375"/>
      <testcase name="test_apply_filters_deprecated" class="Tests_Filters" file="/Users/msaari/wordpress-develop/tests/phpunit/tests/filters.php" line="302" assertions="2" time="0.001477"/>
      <testcase name="test_apply_filters_deprecated_with_multiple_params" class="Tests_Filters" file="/Users/msaari/wordpress-develop/tests/phpunit/tests/filters.php" line="321" assertions="3" time="0.001682"/>
      <testcase name="test_apply_filters_deprecated_without_filter" class="Tests_Filters" file="/Users/msaari/wordpress-develop/tests/phpunit/tests/filters.php" line="345" assertions="1" time="0.001802"/>
      <testcase name="test_current_priority" class="Tests_Filters" file="/Users/msaari/wordpress-develop/tests/phpunit/tests/filters.php" line="355" assertions="1" time="0.001717"/>
      <testcase name="test_other_priority" class="Tests_Filters" file="/Users/msaari/wordpress-develop/tests/phpunit/tests/filters.php" line="371" assertions="1" time="0.001612"/>
    </testsuite>
    <testsuite name="Tests_Formatting_Autop" file="/Users/msaari/wordpress-develop/tests/phpunit/tests/formatting/Autop.php" tests="20" assertions="29" failures="0" errors="0" time="0.033172">
      <testcase name="test_first_post" class="Tests_Formatting_Autop" file="/Users/msaari/wordpress-develop/tests/phpunit/tests/formatting/Autop.php" line="8" assertions="1" time="0.001689"/>
      <testcase name="test_skip_pre_elements" class="Tests_Formatting_Autop" file="/Users/msaari/wordpress-develop/tests/phpunit/tests/formatting/Autop.php" line="70" assertions="3" time="0.002393"/>
      <testcase name="test_skip_input_elements" class="Tests_Formatting_Autop" file="/Users/msaari/wordpress-develop/tests/phpunit/tests/formatting/Autop.php" line="97" assertions="1" time="0.001506"/>
      <testcase name="test_source_track_elements" class="Tests_Formatting_Autop" file="/Users/msaari/wordpress-develop/tests/phpunit/tests/formatting/Autop.php" line="107" assertions="3" time="0.001822"/>
      <testcase name="test_param_embed_elements" class="Tests_Formatting_Autop" file="/Users/msaari/wordpress-develop/tests/phpunit/tests/formatting/Autop.php" line="193" assertions="2" time="0.001816"/>
      <testcase name="test_skip_select_option_elements" class="Tests_Formatting_Autop" file="/Users/msaari/wordpress-develop/tests/phpunit/tests/formatting/Autop.php" line="272" assertions="1" time="0.001740"/>
      <testcase name="test_that_wpautop_treats_block_level_elements_as_blocks" class="Tests_Formatting_Autop" file="/Users/msaari/wordpress-develop/tests/phpunit/tests/formatting/Autop.php" line="282" assertions="4" time="0.002807"/>
      <testcase name="test_that_wpautop_does_not_wrap_blockquotes_but_does_autop_their_contents" class="Tests_Formatting_Autop" file="/Users/msaari/wordpress-develop/tests/phpunit/tests/formatting/Autop.php" line="377" assertions="1" time="0.001681"/>
      <testcase name="test_that_wpautop_treats_inline_elements_as_inline" class="Tests_Formatting_Autop" file="/Users/msaari/wordpress-develop/tests/phpunit/tests/formatting/Autop.php" line="389" assertions="1" time="0.001672"/>
      <testsuite name="Tests_Formatting_Autop::test_element_sanity" tests="7" assertions="7" failures="0" errors="0" time="0.010130">
        <testcase name="test_element_sanity with data set #0" assertions="1" time="0.001390"/>
        <testcase name="test_element_sanity with data set #1" assertions="1" time="0.001353"/>
        <testcase name="test_element_sanity with data set #2" assertions="1" time="0.001438"/>
        <testcase name="test_element_sanity with data set #3" assertions="1" time="0.001416"/>
        <testcase name="test_element_sanity with data set #4" assertions="1" time="0.001489"/>
        <testcase name="test_element_sanity with data set #5" assertions="1" time="0.001553"/>
        <testcase name="test_element_sanity with data set #6" assertions="1" time="0.001491"/>
      </testsuite>
      <testcase name="test_that_wpautop_skips_line_breaks_after_br" class="Tests_Formatting_Autop" file="/Users/msaari/wordpress-develop/tests/phpunit/tests/formatting/Autop.php" line="490" assertions="1" time="0.001462"/>
      <testcase name="test_that_wpautop_adds_a_paragraph_after_multiple_br" class="Tests_Formatting_Autop" file="/Users/msaari/wordpress-develop/tests/phpunit/tests/formatting/Autop.php" line="513" assertions="1" time="0.001526"/>
      <testcase name="test_that_text_before_blocks_is_peed" class="Tests_Formatting_Autop" file="/Users/msaari/wordpress-develop/tests/phpunit/tests/formatting/Autop.php" line="531" assertions="1" time="0.001457"/>
      <testcase name="test_that_wpautop_doses_not_add_extra_closing_p_in_figure" class="Tests_Formatting_Autop" file="/Users/msaari/wordpress-develop/tests/phpunit/tests/formatting/Autop.php" line="546" assertions="2" time="0.001471"/>
    </testsuite>
    <testsuite name="Tests_Formatting_BlogInfo" file="/Users/msaari/wordpress-develop/tests/phpunit/tests/formatting/BlogInfo.php" tests="8" assertions="37" failures="0" errors="0" time="0.015364">
      <testsuite name="Tests_Formatting_BlogInfo::test_get_bloginfo_language" tests="7" assertions="7" failures="0" errors="0" time="0.010131">
        <testcase name="test_get_bloginfo_language with data set #0" assertions="1" time="0.001251"/>
        <testcase name="test_get_bloginfo_language with data set #1" assertions="1" time="0.001393"/>
        <testcase name="test_get_bloginfo_language with data set #2" assertions="1" time="0.001408"/>
        <testcase name="test_get_bloginfo_language with data set #3" assertions="1" time="0.001499"/>
        <testcase name="test_get_bloginfo_language with data set #4" assertions="1" time="0.001464"/>
        <testcase name="test_get_bloginfo_language with data set #5" assertions="1" time="0.001507"/>
        <testcase name="test_get_bloginfo_language with data set #6" assertions="1" time="0.001609"/>
      </testsuite>
      <testcase name="test_bloginfo_sanitize_option" class="Tests_Formatting_BlogInfo" file="/Users/msaari/wordpress-develop/tests/phpunit/tests/formatting/BlogInfo.php" line="39" assertions="30" time="0.005233"/>
    </testsuite>
    <testsuite name="Tests_Formatting_CapitalPDangit" file="/Users/msaari/wordpress-develop/tests/phpunit/tests/formatting/CapitalPDangit.php" tests="1" assertions="7" failures="0" errors="0" time="0.001641">
      <testcase name="test_esc_attr_quotes" class="Tests_Formatting_CapitalPDangit" file="/Users/msaari/wordpress-develop/tests/phpunit/tests/formatting/CapitalPDangit.php" line="8" assertions="7" time="0.001641"/>
    </testsuite>
    <testsuite name="Tests_Formatting_CleanPre" file="/Users/msaari/wordpress-develop/tests/phpunit/tests/formatting/CleanPre.php" tests="4" assertions="8" failures="0" errors="0" time="0.006239">
      <testcase name="test_removes_self_closing_br_with_space" class="Tests_Formatting_CleanPre" file="/Users/msaari/wordpress-develop/tests/phpunit/tests/formatting/CleanPre.php" line="12" assertions="2" time="0.001370"/>
      <testcase name="test_removes_self_closing_br_without_space" class="Tests_Formatting_CleanPre" file="/Users/msaari/wordpress-develop/tests/phpunit/tests/formatting/CleanPre.php" line="19" assertions="2" time="0.001583"/>
      <testcase name="test_removes_html_br" class="Tests_Formatting_CleanPre" file="/Users/msaari/wordpress-develop/tests/phpunit/tests/formatting/CleanPre.php" line="29" assertions="2" time="0.001532"/>
      <testcase name="test_removes_p" class="Tests_Formatting_CleanPre" file="/Users/msaari/wordpress-develop/tests/phpunit/tests/formatting/CleanPre.php" line="35" assertions="2" time="0.001754"/>
    </testsuite>
    <testsuite name="Tests_Formatting_ConvertInvalidEntities" file="/Users/msaari/wordpress-develop/tests/phpunit/tests/formatting/ConvertInvalidEntries.php" tests="3" assertions="3" failures="0" errors="0" time="0.004002">
      <testcase name="test_replaces_windows1252_entities_with_unicode_ones" class="Tests_Formatting_ConvertInvalidEntities" file="/Users/msaari/wordpress-develop/tests/phpunit/tests/formatting/ConvertInvalidEntries.php" line="7" assertions="1" time="0.001248"/>
      <testcase name="test_replaces_latin_letter_z_with_caron" class="Tests_Formatting_ConvertInvalidEntities" file="/Users/msaari/wordpress-develop/tests/phpunit/tests/formatting/ConvertInvalidEntries.php" line="16" assertions="1" time="0.001386"/>
      <testcase name="test_escapes_lone_ampersands" class="Tests_Formatting_ConvertInvalidEntities" file="/Users/msaari/wordpress-develop/tests/phpunit/tests/formatting/ConvertInvalidEntries.php" line="22" assertions="1" time="0.001368"/>
    </testsuite>
    <testsuite name="Tests_Formatting_Emoji" file="/Users/msaari/wordpress-develop/tests/phpunit/tests/formatting/Emoji.php" tests="12" assertions="21" failures="0" errors="0" time="0.023838">
      <testcase name="test_unfiltered_emoji_cdns" class="Tests_Formatting_Emoji" file="/Users/msaari/wordpress-develop/tests/phpunit/tests/formatting/Emoji.php" line="15" assertions="2" time="0.001402"/>
      <testcase name="test_filtered_emoji_svn_cdn" class="Tests_Formatting_Emoji" file="/Users/msaari/wordpress-develop/tests/phpunit/tests/formatting/Emoji.php" line="29" assertions="3" time="0.001658"/>
      <testcase name="test_filtered_emoji_png_cdn" class="Tests_Formatting_Emoji" file="/Users/msaari/wordpress-develop/tests/phpunit/tests/formatting/Emoji.php" line="50" assertions="3" time="0.002126"/>
      <testcase name="test_wp_emoji_list_returns_data" class="Tests_Formatting_Emoji" file="/Users/msaari/wordpress-develop/tests/phpunit/tests/formatting/Emoji.php" line="67" assertions="5" time="0.001795"/>
      <testsuite name="Tests_Formatting_Emoji::test_wp_encode_emoji" tests="4" assertions="4" failures="0" errors="0" time="0.007566">
        <testcase name="test_wp_encode_emoji with data set #0" assertions="1" time="0.001997"/>
        <testcase name="test_wp_encode_emoji with data set #1" assertions="1" time="0.001816"/>
        <testcase name="test_wp_encode_emoji with data set #2" assertions="1" time="0.001875"/>
        <testcase name="test_wp_encode_emoji with data set #3" assertions="1" time="0.001878"/>
      </testsuite>
      <testsuite name="Tests_Formatting_Emoji::test_wp_staticize_emoji" tests="4" assertions="4" failures="0" errors="0" time="0.009291">
        <testcase name="test_wp_staticize_emoji with data set #0" assertions="1" time="0.002928"/>
        <testcase name="test_wp_staticize_emoji with data set #1" assertions="1" time="0.002299"/>
        <testcase name="test_wp_staticize_emoji with data set #2" assertions="1" time="0.002107"/>
        <testcase name="test_wp_staticize_emoji with data set #3" assertions="1" time="0.001957"/>
      </testsuite>
    </testsuite>
    <testsuite name="Tests_Formatting_EscAttr" file="/Users/msaari/wordpress-develop/tests/phpunit/tests/formatting/EscAttr.php" tests="2" assertions="7" failures="0" errors="0" time="0.002764">
      <testcase name="test_esc_attr_quotes" class="Tests_Formatting_EscAttr" file="/Users/msaari/wordpress-develop/tests/phpunit/tests/formatting/EscAttr.php" line="7" assertions="6" time="0.001361"/>
      <testcase name="test_esc_attr_amp" class="Tests_Formatting_EscAttr" file="/Users/msaari/wordpress-develop/tests/phpunit/tests/formatting/EscAttr.php" line="28" assertions="1" time="0.001403"/>
    </testsuite>
    <testsuite name="Tests_Formatting_EscHtml" file="/Users/msaari/wordpress-develop/tests/phpunit/tests/formatting/EscHtml.php" tests="4" assertions="6" failures="0" errors="0" time="0.005912">
      <testcase name="test_esc_html_basics" class="Tests_Formatting_EscHtml" file="/Users/msaari/wordpress-develop/tests/phpunit/tests/formatting/EscHtml.php" line="7" assertions="3" time="0.001480"/>
      <testcase name="test_escapes_ampersands" class="Tests_Formatting_EscHtml" file="/Users/msaari/wordpress-develop/tests/phpunit/tests/formatting/EscHtml.php" line="23" assertions="1" time="0.001501"/>
      <testcase name="test_escapes_greater_and_less_than" class="Tests_Formatting_EscHtml" file="/Users/msaari/wordpress-develop/tests/phpunit/tests/formatting/EscHtml.php" line="29" assertions="1" time="0.001529"/>
      <testcase name="test_ignores_existing_entities" class="Tests_Formatting_EscHtml" file="/Users/msaari/wordpress-develop/tests/phpunit/tests/formatting/EscHtml.php" line="35" assertions="1" time="0.001402"/>
    </testsuite>
    <testsuite name="Tests_Formatting_EscTextarea" file="/Users/msaari/wordpress-develop/tests/phpunit/tests/formatting/EscTextarea.php" tests="2" assertions="2" failures="0" errors="0" time="0.002657">
      <testcase name="test_esc_textarea_charset_iso_8859_1" class="Tests_Formatting_EscTextarea" file="/Users/msaari/wordpress-develop/tests/phpunit/tests/formatting/EscTextarea.php" line="16" assertions="1" time="0.001265"/>
      <testcase name="test_esc_textarea_charset_utf_8" class="Tests_Formatting_EscTextarea" file="/Users/msaari/wordpress-develop/tests/phpunit/tests/formatting/EscTextarea.php" line="30" assertions="1" time="0.001392"/>
    </testsuite>
    <testsuite name="Tests_Formatting_EscUrl" file="/Users/msaari/wordpress-develop/tests/phpunit/tests/formatting/EscUrl.php" tests="19" assertions="115" failures="0" errors="0" time="0.028560">
      <testcase name="test_spaces" class="Tests_Formatting_EscUrl" file="/Users/msaari/wordpress-develop/tests/phpunit/tests/formatting/EscUrl.php" line="11" assertions="6" time="0.001550"/>
      <testcase name="test_bad_characters" class="Tests_Formatting_EscUrl" file="/Users/msaari/wordpress-develop/tests/phpunit/tests/formatting/EscUrl.php" line="21" assertions="10" time="0.001696"/>
      <testcase name="test_relative" class="Tests_Formatting_EscUrl" file="/Users/msaari/wordpress-develop/tests/phpunit/tests/formatting/EscUrl.php" line="35" assertions="4" time="0.001472"/>
      <testcase name="test_all_url_parts" class="Tests_Formatting_EscUrl" file="/Users/msaari/wordpress-develop/tests/phpunit/tests/formatting/EscUrl.php" line="42" assertions="3" time="0.001428"/>
      <testcase name="test_bare" class="Tests_Formatting_EscUrl" file="/Users/msaari/wordpress-develop/tests/phpunit/tests/formatting/EscUrl.php" line="62" assertions="5" time="0.001538"/>
      <testcase name="test_encoding" class="Tests_Formatting_EscUrl" file="/Users/msaari/wordpress-develop/tests/phpunit/tests/formatting/EscUrl.php" line="70" assertions="7" time="0.001445"/>
      <testcase name="test_protocol" class="Tests_Formatting_EscUrl" file="/Users/msaari/wordpress-develop/tests/phpunit/tests/formatting/EscUrl.php" line="83" assertions="47" time="0.001628"/>
      <testcase name="test_protocol_case" class="Tests_Formatting_EscUrl" file="/Users/msaari/wordpress-develop/tests/phpunit/tests/formatting/EscUrl.php" line="148" assertions="2" time="0.001694"/>
      <testcase name="test_display_extras" class="Tests_Formatting_EscUrl" file="/Users/msaari/wordpress-develop/tests/phpunit/tests/formatting/EscUrl.php" line="153" assertions="2" time="0.001448"/>
      <testcase name="test_non_ascii" class="Tests_Formatting_EscUrl" file="/Users/msaari/wordpress-develop/tests/phpunit/tests/formatting/EscUrl.php" line="158" assertions="3" time="0.001381"/>
      <testcase name="test_feed" class="Tests_Formatting_EscUrl" file="/Users/msaari/wordpress-develop/tests/phpunit/tests/formatting/EscUrl.php" line="164" assertions="5" time="0.001469"/>
      <testcase name="test_square_brackets" class="Tests_Formatting_EscUrl" file="/Users/msaari/wordpress-develop/tests/phpunit/tests/formatting/EscUrl.php" line="175" assertions="9" time="0.001641"/>
      <testcase name="test_reserved_characters" class="Tests_Formatting_EscUrl" file="/Users/msaari/wordpress-develop/tests/phpunit/tests/formatting/EscUrl.php" line="190" assertions="1" time="0.001603"/>
      <testcase name="test_protocol_relative_with_colon" class="Tests_Formatting_EscUrl" file="/Users/msaari/wordpress-develop/tests/phpunit/tests/formatting/EscUrl.php" line="198" assertions="1" time="0.001461"/>
      <testcase name="test_mailto_with_newline" class="Tests_Formatting_EscUrl" file="/Users/msaari/wordpress-develop/tests/phpunit/tests/formatting/EscUrl.php" line="205" assertions="1" time="0.001550"/>
      <testcase name="test_mailto_in_http_url_with_newline" class="Tests_Formatting_EscUrl" file="/Users/msaari/wordpress-develop/tests/phpunit/tests/formatting/EscUrl.php" line="219" assertions="1" time="0.001410"/>
      <testcase name="test_mailto_with_spaces" class="Tests_Formatting_EscUrl" file="/Users/msaari/wordpress-develop/tests/phpunit/tests/formatting/EscUrl.php" line="233" assertions="1" time="0.001380"/>
      <testcase name="test_invalid_charaters" class="Tests_Formatting_EscUrl" file="/Users/msaari/wordpress-develop/tests/phpunit/tests/formatting/EscUrl.php" line="244" assertions="1" time="0.001367"/>
      <testcase name="test_ipv6_hosts" class="Tests_Formatting_EscUrl" file="/Users/msaari/wordpress-develop/tests/phpunit/tests/formatting/EscUrl.php" line="251" assertions="6" time="0.001399"/>
    </testsuite>
    <testsuite name="Tests_Formatting_GetUrlInContent" file="/Users/msaari/wordpress-develop/tests/phpunit/tests/formatting/GetUrlInContent.php" tests="6" assertions="6" failures="0" errors="0" time="0.008859">
      <testsuite name="Tests_Formatting_GetUrlInContent::test_get_url_in_content" tests="6" assertions="6" failures="0" errors="0" time="0.008859">
        <testcase name="test_get_url_in_content with data set #0" assertions="1" time="0.001294"/>
        <testcase name="test_get_url_in_content with data set #1" assertions="1" time="0.001551"/>
        <testcase name="test_get_url_in_content with data set #2" assertions="1" time="0.001609"/>
        <testcase name="test_get_url_in_content with data set #3" assertions="1" time="0.001449"/>
        <testcase name="test_get_url_in_content with data set #4" assertions="1" time="0.001503"/>
        <testcase name="test_get_url_in_content with data set #5" assertions="1" time="0.001453"/>
      </testsuite>
    </testsuite>
    <testsuite name="Tests_Formatting_HtmlExcerpt" file="/Users/msaari/wordpress-develop/tests/phpunit/tests/formatting/HtmlExcerpt.php" tests="3" assertions="6" failures="0" errors="0" time="0.004031">
      <testcase name="test_simple" class="Tests_Formatting_HtmlExcerpt" file="/Users/msaari/wordpress-develop/tests/phpunit/tests/formatting/HtmlExcerpt.php" line="7" assertions="1" time="0.001256"/>
      <testcase name="test_html" class="Tests_Formatting_HtmlExcerpt" file="/Users/msaari/wordpress-develop/tests/phpunit/tests/formatting/HtmlExcerpt.php" line="10" assertions="1" time="0.001379"/>
      <testcase name="test_entities" class="Tests_Formatting_HtmlExcerpt" file="/Users/msaari/wordpress-develop/tests/phpunit/tests/formatting/HtmlExcerpt.php" line="13" assertions="4" time="0.001396"/>
    </testsuite>
    <testsuite name="Tests_Formatting_HumanTimeDiff" file="/Users/msaari/wordpress-develop/tests/phpunit/tests/formatting/HumanTimeDiff.php" tests="9" assertions="9" failures="0" errors="0" time="0.012789">
      <testsuite name="Tests_Formatting_HumanTimeDiff::test_human_time_diff" tests="9" assertions="9" failures="0" errors="0" time="0.012789">
        <testcase name="test_human_time_diff with data set #0" assertions="1" time="0.001422"/>
        <testcase name="test_human_time_diff with data set #1" assertions="1" time="0.001506"/>
        <testcase name="test_human_time_diff with data set #2" assertions="1" time="0.001415"/>
        <testcase name="test_human_time_diff with data set #3" assertions="1" time="0.001483"/>
        <testcase name="test_human_time_diff with data set #4" assertions="1" time="0.001411"/>
        <testcase name="test_human_time_diff with data set #5" assertions="1" time="0.001386"/>
        <testcase name="test_human_time_diff with data set #6" assertions="1" time="0.001386"/>
        <testcase name="test_human_time_diff with data set #7" assertions="1" time="0.001407"/>
        <testcase name="test_human_time_diff with data set #8" assertions="1" time="0.001373"/>
      </testsuite>
    </testsuite>
    <testsuite name="Tests_Formatting_IsEmail" file="/Users/msaari/wordpress-develop/tests/phpunit/tests/formatting/IsEmail.php" tests="2" assertions="11" failures="0" errors="0" time="0.003115">
      <testcase name="test_returns_the_email_address_if_it_is_valid" class="Tests_Formatting_IsEmail" file="/Users/msaari/wordpress-develop/tests/phpunit/tests/formatting/IsEmail.php" line="7" assertions="5" time="0.001464"/>
      <testcase name="test_returns_false_if_given_an_invalid_email_address" class="Tests_Formatting_IsEmail" file="/Users/msaari/wordpress-develop/tests/phpunit/tests/formatting/IsEmail.php" line="20" assertions="6" time="0.001651"/>
    </testsuite>
    <testsuite name="Tests_Formatting_JSEscape" file="/Users/msaari/wordpress-develop/tests/phpunit/tests/formatting/JSEscape.php" tests="7" assertions="7" failures="0" errors="0" time="0.009883">
      <testcase name="test_js_escape_simple" class="Tests_Formatting_JSEscape" file="/Users/msaari/wordpress-develop/tests/phpunit/tests/formatting/JSEscape.php" line="7" assertions="1" time="0.001329"/>
      <testcase name="test_js_escape_quotes" class="Tests_Formatting_JSEscape" file="/Users/msaari/wordpress-develop/tests/phpunit/tests/formatting/JSEscape.php" line="12" assertions="1" time="0.001453"/>
      <testcase name="test_js_escape_backslash" class="Tests_Formatting_JSEscape" file="/Users/msaari/wordpress-develop/tests/phpunit/tests/formatting/JSEscape.php" line="18" assertions="1" time="0.001372"/>
      <testcase name="test_js_escape_amp" class="Tests_Formatting_JSEscape" file="/Users/msaari/wordpress-develop/tests/phpunit/tests/formatting/JSEscape.php" line="25" assertions="1" time="0.001452"/>
      <testcase name="test_js_escape_quote_entity" class="Tests_Formatting_JSEscape" file="/Users/msaari/wordpress-develop/tests/phpunit/tests/formatting/JSEscape.php" line="30" assertions="1" time="0.001537"/>
      <testcase name="test_js_no_carriage_return" class="Tests_Formatting_JSEscape" file="/Users/msaari/wordpress-develop/tests/phpunit/tests/formatting/JSEscape.php" line="35" assertions="1" time="0.001369"/>
      <testcase name="test_js_escape_rn" class="Tests_Formatting_JSEscape" file="/Users/msaari/wordpress-develop/tests/phpunit/tests/formatting/JSEscape.php" line="41" assertions="1" time="0.001371"/>
    </testsuite>
    <testsuite name="Tests_Formatting_LikeEscape" file="/Users/msaari/wordpress-develop/tests/phpunit/tests/formatting/LikeEscape.php" tests="1" assertions="5" failures="0" errors="0" time="0.001368">
      <testcase name="test_like_escape" class="Tests_Formatting_LikeEscape" file="/Users/msaari/wordpress-develop/tests/phpunit/tests/formatting/LikeEscape.php" line="11" assertions="5" time="0.001368"/>
    </testsuite>
    <testsuite name="Tests_Formatting_LinksAddTarget" file="/Users/msaari/wordpress-develop/tests/phpunit/tests/formatting/LinksAddTarget.php" tests="9" assertions="9" failures="0" errors="0" time="0.013094">
      <testsuite name="Tests_Formatting_LinksAddTarget::test_normalize_whitespace" tests="9" assertions="9" failures="0" errors="0" time="0.013094">
        <testcase name="test_normalize_whitespace with data set #0" assertions="1" time="0.001325"/>
        <testcase name="test_normalize_whitespace with data set #1" assertions="1" time="0.001412"/>
        <testcase name="test_normalize_whitespace with data set #2" assertions="1" time="0.001385"/>
        <testcase name="test_normalize_whitespace with data set #3" assertions="1" time="0.001361"/>
        <testcase name="test_normalize_whitespace with data set #4" assertions="1" time="0.001371"/>
        <testcase name="test_normalize_whitespace with data set #5" assertions="1" time="0.001361"/>
        <testcase name="test_normalize_whitespace with data set #6" assertions="1" time="0.001419"/>
        <testcase name="test_normalize_whitespace with data set #7" assertions="1" time="0.001676"/>
        <testcase name="test_normalize_whitespace with data set #8" assertions="1" time="0.001784"/>
      </testsuite>
    </testsuite>
    <testsuite name="Tests_Formatting_MakeClickable" file="/Users/msaari/wordpress-develop/tests/phpunit/tests/formatting/MakeClickable.php" tests="23" assertions="94" failures="0" errors="0" time="0.035963">
      <testcase name="test_mailto_xss" class="Tests_Formatting_MakeClickable" file="/Users/msaari/wordpress-develop/tests/phpunit/tests/formatting/MakeClickable.php" line="7" assertions="1" time="0.001250"/>
      <testcase name="test_valid_mailto" class="Tests_Formatting_MakeClickable" file="/Users/msaari/wordpress-develop/tests/phpunit/tests/formatting/MakeClickable.php" line="12" assertions="5" time="0.001446"/>
      <testcase name="test_invalid_mailto" class="Tests_Formatting_MakeClickable" file="/Users/msaari/wordpress-develop/tests/phpunit/tests/formatting/MakeClickable.php" line="25" assertions="6" time="0.001363"/>
      <testcase name="test_strip_trailing_with_protocol" class="Tests_Formatting_MakeClickable" file="/Users/msaari/wordpress-develop/tests/phpunit/tests/formatting/MakeClickable.php" line="41" assertions="6" time="0.001456"/>
      <testcase name="test_strip_trailing_with_protocol_nothing_afterwards" class="Tests_Formatting_MakeClickable" file="/Users/msaari/wordpress-develop/tests/phpunit/tests/formatting/MakeClickable.php" line="66" assertions="7" time="0.001513"/>
      <testcase name="test_strip_trailing_without_protocol" class="Tests_Formatting_MakeClickable" file="/Users/msaari/wordpress-develop/tests/phpunit/tests/formatting/MakeClickable.php" line="93" assertions="6" time="0.001518"/>
      <testcase name="test_strip_trailing_without_protocol_nothing_afterwards" class="Tests_Formatting_MakeClickable" file="/Users/msaari/wordpress-develop/tests/phpunit/tests/formatting/MakeClickable.php" line="118" assertions="6" time="0.001520"/>
      <testcase name="test_iri" class="Tests_Formatting_MakeClickable" file="/Users/msaari/wordpress-develop/tests/phpunit/tests/formatting/MakeClickable.php" line="142" assertions="3" time="0.001620"/>
      <testcase name="test_brackets_in_urls" class="Tests_Formatting_MakeClickable" file="/Users/msaari/wordpress-develop/tests/phpunit/tests/formatting/MakeClickable.php" line="159" assertions="10" time="0.002151"/>
      <testcase name="test_real_world_examples" class="Tests_Formatting_MakeClickable" file="/Users/msaari/wordpress-develop/tests/phpunit/tests/formatting/MakeClickable.php" line="194" assertions="4" time="0.001605"/>
      <testcase name="test_twitter_hash_bang" class="Tests_Formatting_MakeClickable" file="/Users/msaari/wordpress-develop/tests/phpunit/tests/formatting/MakeClickable.php" line="213" assertions="3" time="0.001512"/>
      <testcase name="test_wrapped_in_angles" class="Tests_Formatting_MakeClickable" file="/Users/msaari/wordpress-develop/tests/phpunit/tests/formatting/MakeClickable.php" line="229" assertions="3" time="0.001547"/>
      <testcase name="test_preceded_by_punctuation" class="Tests_Formatting_MakeClickable" file="/Users/msaari/wordpress-develop/tests/phpunit/tests/formatting/MakeClickable.php" line="245" assertions="6" time="0.001583"/>
      <testcase name="test_dont_break_attributes" class="Tests_Formatting_MakeClickable" file="/Users/msaari/wordpress-develop/tests/phpunit/tests/formatting/MakeClickable.php" line="267" assertions="6" time="0.001549"/>
      <testcase name="test_no_links_inside_pre_or_code" class="Tests_Formatting_MakeClickable" file="/Users/msaari/wordpress-develop/tests/phpunit/tests/formatting/MakeClickable.php" line="294" assertions="13" time="0.001637"/>
      <testcase name="test_click_inside_html" class="Tests_Formatting_MakeClickable" file="/Users/msaari/wordpress-develop/tests/phpunit/tests/formatting/MakeClickable.php" line="335" assertions="2" time="0.001507"/>
      <testcase name="test_no_links_within_links" class="Tests_Formatting_MakeClickable" file="/Users/msaari/wordpress-develop/tests/phpunit/tests/formatting/MakeClickable.php" line="349" assertions="1" time="0.001570"/>
      <testcase name="test_no_segfault" class="Tests_Formatting_MakeClickable" file="/Users/msaari/wordpress-develop/tests/phpunit/tests/formatting/MakeClickable.php" line="362" assertions="1" time="0.001929"/>
      <testcase name="test_line_break_in_existing_clickable_link" class="Tests_Formatting_MakeClickable" file="/Users/msaari/wordpress-develop/tests/phpunit/tests/formatting/MakeClickable.php" line="371" assertions="1" time="0.001810"/>
      <testsuite name="Tests_Formatting_MakeClickable::test_dont_link_script_and_style_tags" tests="4" assertions="4" failures="0" errors="0" time="0.005877">
        <testcase name="test_dont_link_script_and_style_tags with data set #0" assertions="1" time="0.001500"/>
        <testcase name="test_dont_link_script_and_style_tags with data set #1" assertions="1" time="0.001424"/>
        <testcase name="test_dont_link_script_and_style_tags with data set #2" assertions="1" time="0.001484"/>
        <testcase name="test_dont_link_script_and_style_tags with data set #3" assertions="1" time="0.001469"/>
      </testsuite>
    </testsuite>
    <testsuite name="Tests_Formatting_MapDeep" file="/Users/msaari/wordpress-develop/tests/phpunit/tests/formatting/MapDeep.php" tests="11" assertions="11" failures="0" errors="0" time="0.016936">
      <testcase name="test_map_deep_with_any_function_over_empty_array_should_return_empty_array" class="Tests_Formatting_MapDeep" file="/Users/msaari/wordpress-develop/tests/phpunit/tests/formatting/MapDeep.php" line="9" assertions="1" time="0.001244"/>
      <testcase name="test_map_deep_should_map_each_element_of_array_one_level_deep" class="Tests_Formatting_MapDeep" file="/Users/msaari/wordpress-develop/tests/phpunit/tests/formatting/MapDeep.php" line="13" assertions="1" time="0.001366"/>
      <testcase name="test_map_deep_should_map_each_element_of_array_two_levels_deep" class="Tests_Formatting_MapDeep" file="/Users/msaari/wordpress-develop/tests/phpunit/tests/formatting/MapDeep.php" line="29" assertions="1" time="0.001494"/>
      <testcase name="test_map_deep_should_map_each_object_element_of_an_array" class="Tests_Formatting_MapDeep" file="/Users/msaari/wordpress-develop/tests/phpunit/tests/formatting/MapDeep.php" line="49" assertions="1" time="0.001901"/>
      <testcase name="test_map_deep_should_apply_the_function_to_a_string" class="Tests_Formatting_MapDeep" file="/Users/msaari/wordpress-develop/tests/phpunit/tests/formatting/MapDeep.php" line="69" assertions="1" time="0.001491"/>
      <testcase name="test_map_deep_should_apply_the_function_to_an_integer" class="Tests_Formatting_MapDeep" file="/Users/msaari/wordpress-develop/tests/phpunit/tests/formatting/MapDeep.php" line="73" assertions="1" time="0.001394"/>
      <testcase name="test_map_deep_should_map_each_property_of_an_object" class="Tests_Formatting_MapDeep" file="/Users/msaari/wordpress-develop/tests/phpunit/tests/formatting/MapDeep.php" line="77" assertions="1" time="0.001475"/>
      <testcase name="test_map_deep_should_map_each_array_property_of_an_object" class="Tests_Formatting_MapDeep" file="/Users/msaari/wordpress-develop/tests/phpunit/tests/formatting/MapDeep.php" line="93" assertions="1" time="0.001637"/>
      <testcase name="test_map_deep_should_map_each_object_property_of_an_object" class="Tests_Formatting_MapDeep" file="/Users/msaari/wordpress-develop/tests/phpunit/tests/formatting/MapDeep.php" line="113" assertions="1" time="0.001637"/>
      <testcase name="test_map_deep_should_map_object_properties_passed_by_reference" class="Tests_Formatting_MapDeep" file="/Users/msaari/wordpress-develop/tests/phpunit/tests/formatting/MapDeep.php" line="136" assertions="1" time="0.001601"/>
      <testcase name="test_map_deep_should_map_array_elements_passed_by_reference" class="Tests_Formatting_MapDeep" file="/Users/msaari/wordpress-develop/tests/phpunit/tests/formatting/MapDeep.php" line="154" assertions="1" time="0.001696"/>
    </testsuite>
    <testsuite name="Tests_Formatting_NormalizeWhitespace" file="/Users/msaari/wordpress-develop/tests/phpunit/tests/formatting/NormalizeWhitespace.php" tests="7" assertions="7" failures="0" errors="0" time="0.010959">
      <testsuite name="Tests_Formatting_NormalizeWhitespace::test_normalize_whitespace" tests="7" assertions="7" failures="0" errors="0" time="0.010959">
        <testcase name="test_normalize_whitespace with data set #0" assertions="1" time="0.002176"/>
        <testcase name="test_normalize_whitespace with data set #1" assertions="1" time="0.001800"/>
        <testcase name="test_normalize_whitespace with data set #2" assertions="1" time="0.001457"/>
        <testcase name="test_normalize_whitespace with data set #3" assertions="1" time="0.001414"/>
        <testcase name="test_normalize_whitespace with data set #4" assertions="1" time="0.001398"/>
        <testcase name="test_normalize_whitespace with data set #5" assertions="1" time="0.001365"/>
        <testcase name="test_normalize_whitespace with data set #6" assertions="1" time="0.001349"/>
      </testsuite>
    </testsuite>
    <testsuite name="Tests_Formatting_RemoveAccents" file="/Users/msaari/wordpress-develop/tests/phpunit/tests/formatting/RemoveAccents.php" tests="12" assertions="24" failures="0" errors="0" time="0.017559">
      <testcase name="test_remove_accents_simple" class="Tests_Formatting_RemoveAccents" file="/Users/msaari/wordpress-develop/tests/phpunit/tests/formatting/RemoveAccents.php" line="7" assertions="1" time="0.001301"/>
      <testcase name="test_remove_accents_latin1_supplement" class="Tests_Formatting_RemoveAccents" file="/Users/msaari/wordpress-develop/tests/phpunit/tests/formatting/RemoveAccents.php" line="14" assertions="1" time="0.001722"/>
      <testcase name="test_remove_accents_latin_extended_a" class="Tests_Formatting_RemoveAccents" file="/Users/msaari/wordpress-develop/tests/phpunit/tests/formatting/RemoveAccents.php" line="21" assertions="1" time="0.001847"/>
      <testcase name="test_remove_accents_latin_extended_b" class="Tests_Formatting_RemoveAccents" file="/Users/msaari/wordpress-develop/tests/phpunit/tests/formatting/RemoveAccents.php" line="28" assertions="1" time="0.001496"/>
      <testcase name="test_remove_accents_euro_pound_signs" class="Tests_Formatting_RemoveAccents" file="/Users/msaari/wordpress-develop/tests/phpunit/tests/formatting/RemoveAccents.php" line="32" assertions="2" time="0.001397"/>
      <testcase name="test_remove_accents_iso8859" class="Tests_Formatting_RemoveAccents" file="/Users/msaari/wordpress-develop/tests/phpunit/tests/formatting/RemoveAccents.php" line="37" assertions="1" time="0.001442"/>
      <testcase name="test_remove_accents_vowels_diacritic" class="Tests_Formatting_RemoveAccents" file="/Users/msaari/wordpress-develop/tests/phpunit/tests/formatting/RemoveAccents.php" line="50" assertions="6" time="0.001496"/>
      <testcase name="test_remove_accents_hanyu_pinyin" class="Tests_Formatting_RemoveAccents" file="/Users/msaari/wordpress-develop/tests/phpunit/tests/formatting/RemoveAccents.php" line="69" assertions="5" time="0.001390"/>
      <testcase name="test_remove_accents_germanic_umlauts" class="Tests_Formatting_RemoveAccents" file="/Users/msaari/wordpress-develop/tests/phpunit/tests/formatting/RemoveAccents.php" line="90" assertions="1" time="0.001340"/>
      <testcase name="test_remove_danish_accents" class="Tests_Formatting_RemoveAccents" file="/Users/msaari/wordpress-develop/tests/phpunit/tests/formatting/RemoveAccents.php" line="105" assertions="1" time="0.001342"/>
      <testcase name="test_remove_catalan_middot" class="Tests_Formatting_RemoveAccents" file="/Users/msaari/wordpress-develop/tests/phpunit/tests/formatting/RemoveAccents.php" line="120" assertions="2" time="0.001390"/>
      <testcase name="test_transcribe_serbian_crossed_d" class="Tests_Formatting_RemoveAccents" file="/Users/msaari/wordpress-develop/tests/phpunit/tests/formatting/RemoveAccents.php" line="137" assertions="2" time="0.001396"/>
    </testsuite>
    <testsuite name="Tests_Formatting_SanitizeFileName" file="/Users/msaari/wordpress-develop/tests/phpunit/tests/formatting/SanitizeFileName.php" tests="9" assertions="14" failures="0" errors="0" time="0.012499">
      <testcase name="test_munges_extensions" class="Tests_Formatting_SanitizeFileName" file="/Users/msaari/wordpress-develop/tests/phpunit/tests/formatting/SanitizeFileName.php" line="7" assertions="1" time="0.001376"/>
      <testcase name="test_removes_special_chars" class="Tests_Formatting_SanitizeFileName" file="/Users/msaari/wordpress-develop/tests/phpunit/tests/formatting/SanitizeFileName.php" line="13" assertions="1" time="0.001502"/>
      <testcase name="test_replace_spaces" class="Tests_Formatting_SanitizeFileName" file="/Users/msaari/wordpress-develop/tests/phpunit/tests/formatting/SanitizeFileName.php" line="28" assertions="4" time="0.001409"/>
      <testcase name="test_replaces_any_number_of_hyphens_with_one_hyphen" class="Tests_Formatting_SanitizeFileName" file="/Users/msaari/wordpress-develop/tests/phpunit/tests/formatting/SanitizeFileName.php" line="41" assertions="1" time="0.001368"/>
      <testcase name="test_trims_trailing_hyphens" class="Tests_Formatting_SanitizeFileName" file="/Users/msaari/wordpress-develop/tests/phpunit/tests/formatting/SanitizeFileName.php" line="45" assertions="1" time="0.001384"/>
      <testcase name="test_replaces_any_amount_of_whitespace_with_one_hyphen" class="Tests_Formatting_SanitizeFileName" file="/Users/msaari/wordpress-develop/tests/phpunit/tests/formatting/SanitizeFileName.php" line="49" assertions="2" time="0.001381"/>
      <testcase name="test_replaces_percent_sign" class="Tests_Formatting_SanitizeFileName" file="/Users/msaari/wordpress-develop/tests/phpunit/tests/formatting/SanitizeFileName.php" line="57" assertions="1" time="0.001359"/>
      <testcase name="test_replaces_unnammed_file_extensions" class="Tests_Formatting_SanitizeFileName" file="/Users/msaari/wordpress-develop/tests/phpunit/tests/formatting/SanitizeFileName.php" line="61" assertions="2" time="0.001366"/>
      <testcase name="test_replaces_unnammed_file_extensionless" class="Tests_Formatting_SanitizeFileName" file="/Users/msaari/wordpress-develop/tests/phpunit/tests/formatting/SanitizeFileName.php" line="67" assertions="1" time="0.001354"/>
    </testsuite>
    <testsuite name="Tests_Formatting_SanitizeMimeType" file="/Users/msaari/wordpress-develop/tests/phpunit/tests/formatting/SanitizeMimeType.php" tests="1" assertions="22" failures="0" errors="0" time="0.001384">
      <testcase name="test_sanitize_valid_mime_type" class="Tests_Formatting_SanitizeMimeType" file="/Users/msaari/wordpress-develop/tests/phpunit/tests/formatting/SanitizeMimeType.php" line="8" assertions="22" time="0.001384"/>
    </testsuite>
    <testsuite name="Tests_Formatting_SanitizeOrderby" file="/Users/msaari/wordpress-develop/tests/phpunit/tests/formatting/SanitizeOrderby.php" tests="26" assertions="26" failures="0" errors="0" time="0.038285">
      <testsuite name="Tests_Formatting_SanitizeOrderby::test_valid" tests="15" assertions="15" failures="0" errors="0" time="0.021368">
        <testcase name="test_valid with data set #0" assertions="1" time="0.001276"/>
        <testcase name="test_valid with data set #1" assertions="1" time="0.001404"/>
        <testcase name="test_valid with data set #2" assertions="1" time="0.001350"/>
        <testcase name="test_valid with data set #3" assertions="1" time="0.001357"/>
        <testcase name="test_valid with data set #4" assertions="1" time="0.001352"/>
        <testcase name="test_valid with data set #5" assertions="1" time="0.001322"/>
        <testcase name="test_valid with data set #6" assertions="1" time="0.001336"/>
        <testcase name="test_valid with data set #7" assertions="1" time="0.001856"/>
        <testcase name="test_valid with data set #8" assertions="1" time="0.001815"/>
        <testcase name="test_valid with data set #9" assertions="1" time="0.001444"/>
        <testcase name="test_valid with data set #10" assertions="1" time="0.001356"/>
        <testcase name="test_valid with data set #11" assertions="1" time="0.001355"/>
        <testcase name="test_valid with data set #12" assertions="1" time="0.001366"/>
        <testcase name="test_valid with data set #13" assertions="1" time="0.001391"/>
        <testcase name="test_valid with data set #14" assertions="1" time="0.001387"/>
      </testsuite>
      <testsuite name="Tests_Formatting_SanitizeOrderby::test_invalid" tests="11" assertions="11" failures="0" errors="0" time="0.016917">
        <testcase name="test_invalid with data set #0" assertions="1" time="0.001378"/>
        <testcase name="test_invalid with data set #1" assertions="1" time="0.001404"/>
        <testcase name="test_invalid with data set #2" assertions="1" time="0.001485"/>
        <testcase name="test_invalid with data set #3" assertions="1" time="0.001617"/>
        <testcase name="test_invalid with data set #4" assertions="1" time="0.001945"/>
        <testcase name="test_invalid with data set #5" assertions="1" time="0.001671"/>
        <testcase name="test_invalid with data set #6" assertions="1" time="0.001514"/>
        <testcase name="test_invalid with data set #7" assertions="1" time="0.001466"/>
        <testcase name="test_invalid with data set #8" assertions="1" time="0.001480"/>
        <testcase name="test_invalid with data set #9" assertions="1" time="0.001480"/>
        <testcase name="test_invalid with data set #10" assertions="1" time="0.001477"/>
      </testsuite>
    </testsuite>
    <testsuite name="Tests_Formatting_SanitizePost" file="/Users/msaari/wordpress-develop/tests/phpunit/tests/formatting/SanitizePost.php" tests="1" assertions="5" failures="0" errors="0" time="0.010632">
      <testcase name="test_int_fields" class="Tests_Formatting_SanitizePost" file="/Users/msaari/wordpress-develop/tests/phpunit/tests/formatting/SanitizePost.php" line="11" assertions="5" time="0.010632"/>
    </testsuite>
    <testsuite name="Tests_Formatting_SanitizeTextField" file="/Users/msaari/wordpress-develop/tests/phpunit/tests/formatting/SanitizeTextField.php" tests="16" assertions="32" failures="0" errors="0" time="0.024417">
      <testsuite name="Tests_Formatting_SanitizeTextField::test_sanitize_text_field" tests="16" assertions="32" failures="0" errors="0" time="0.024417">
        <testcase name="test_sanitize_text_field with data set #0" assertions="2" time="0.001298"/>
        <testcase name="test_sanitize_text_field with data set #1" assertions="2" time="0.001501"/>
        <testcase name="test_sanitize_text_field with data set #2" assertions="2" time="0.001974"/>
        <testcase name="test_sanitize_text_field with data set #3" assertions="2" time="0.001937"/>
        <testcase name="test_sanitize_text_field with data set #4" assertions="2" time="0.001528"/>
        <testcase name="test_sanitize_text_field with data set #5" assertions="2" time="0.001447"/>
        <testcase name="test_sanitize_text_field with data set #6" assertions="2" time="0.001419"/>
        <testcase name="test_sanitize_text_field with data set #7" assertions="2" time="0.001356"/>
        <testcase name="test_sanitize_text_field with data set #8" assertions="2" time="0.001397"/>
        <testcase name="test_sanitize_text_field with data set #9" assertions="2" time="0.001418"/>
        <testcase name="test_sanitize_text_field with data set #10" assertions="2" time="0.001346"/>
        <testcase name="test_sanitize_text_field with data set #11" assertions="2" time="0.001361"/>
        <testcase name="test_sanitize_text_field with data set #12" assertions="2" time="0.001584"/>
        <testcase name="test_sanitize_text_field with data set #13" assertions="2" time="0.001852"/>
        <testcase name="test_sanitize_text_field with data set #14" assertions="2" time="0.001561"/>
        <testcase name="test_sanitize_text_field with data set #15" assertions="2" time="0.001438"/>
      </testsuite>
    </testsuite>
    <testsuite name="Tests_Formatting_SanitizeTitle" file="/Users/msaari/wordpress-develop/tests/phpunit/tests/formatting/SanitizeTitle.php" tests="2" assertions="2" failures="0" errors="0" time="0.002660">
      <testcase name="test_strips_html" class="Tests_Formatting_SanitizeTitle" file="/Users/msaari/wordpress-develop/tests/phpunit/tests/formatting/SanitizeTitle.php" line="7" assertions="1" time="0.001274"/>
      <testcase name="test_titles_sanitized_to_nothing_are_replaced_with_optional_fallback" class="Tests_Formatting_SanitizeTitle" file="/Users/msaari/wordpress-develop/tests/phpunit/tests/formatting/SanitizeTitle.php" line="13" assertions="1" time="0.001386"/>
    </testsuite>
    <testsuite name="Tests_Formatting_SanitizeTitleWithDashes" file="/Users/msaari/wordpress-develop/tests/phpunit/tests/formatting/SanitizeTitleWithDashes.php" tests="25" assertions="41" failures="0" errors="0" time="0.037005">
      <testcase name="test_strips_html" class="Tests_Formatting_SanitizeTitleWithDashes" file="/Users/msaari/wordpress-develop/tests/phpunit/tests/formatting/SanitizeTitleWithDashes.php" line="7" assertions="1" time="0.001243"/>
      <testcase name="test_strips_unencoded_percent_signs" class="Tests_Formatting_SanitizeTitleWithDashes" file="/Users/msaari/wordpress-develop/tests/phpunit/tests/formatting/SanitizeTitleWithDashes.php" line="13" assertions="1" time="0.001390"/>
      <testcase name="test_makes_title_lowercase" class="Tests_Formatting_SanitizeTitleWithDashes" file="/Users/msaari/wordpress-develop/tests/phpunit/tests/formatting/SanitizeTitleWithDashes.php" line="17" assertions="1" time="0.001538"/>
      <testcase name="test_replaces_any_amount_of_whitespace_with_one_hyphen" class="Tests_Formatting_SanitizeTitleWithDashes" file="/Users/msaari/wordpress-develop/tests/phpunit/tests/formatting/SanitizeTitleWithDashes.php" line="21" assertions="2" time="0.001770"/>
      <testcase name="test_replaces_any_number_of_hyphens_with_one_hyphen" class="Tests_Formatting_SanitizeTitleWithDashes" file="/Users/msaari/wordpress-develop/tests/phpunit/tests/formatting/SanitizeTitleWithDashes.php" line="26" assertions="1" time="0.001454"/>
      <testcase name="test_trims_trailing_hyphens" class="Tests_Formatting_SanitizeTitleWithDashes" file="/Users/msaari/wordpress-develop/tests/phpunit/tests/formatting/SanitizeTitleWithDashes.php" line="30" assertions="1" time="0.001404"/>
      <testcase name="test_handles_non_entity_ampersands" class="Tests_Formatting_SanitizeTitleWithDashes" file="/Users/msaari/wordpress-develop/tests/phpunit/tests/formatting/SanitizeTitleWithDashes.php" line="34" assertions="1" time="0.001398"/>
      <testcase name="test_strips_nbsp_ndash_and_amp" class="Tests_Formatting_SanitizeTitleWithDashes" file="/Users/msaari/wordpress-develop/tests/phpunit/tests/formatting/SanitizeTitleWithDashes.php" line="38" assertions="1" time="0.001372"/>
      <testcase name="test_strips_encoded_ampersand" class="Tests_Formatting_SanitizeTitleWithDashes" file="/Users/msaari/wordpress-develop/tests/phpunit/tests/formatting/SanitizeTitleWithDashes.php" line="42" assertions="1" time="0.001362"/>
      <testcase name="test_strips_url_encoded_ampersand" class="Tests_Formatting_SanitizeTitleWithDashes" file="/Users/msaari/wordpress-develop/tests/phpunit/tests/formatting/SanitizeTitleWithDashes.php" line="46" assertions="1" time="0.001407"/>
      <testcase name="test_strips_trademark_symbol" class="Tests_Formatting_SanitizeTitleWithDashes" file="/Users/msaari/wordpress-develop/tests/phpunit/tests/formatting/SanitizeTitleWithDashes.php" line="50" assertions="1" time="0.001359"/>
      <testcase name="test_strips_unencoded_ampersand_followed_by_encoded_ampersand" class="Tests_Formatting_SanitizeTitleWithDashes" file="/Users/msaari/wordpress-develop/tests/phpunit/tests/formatting/SanitizeTitleWithDashes.php" line="54" assertions="1" time="0.001344"/>
      <testcase name="test_strips_unencoded_ampersand_when_not_surrounded_by_spaces" class="Tests_Formatting_SanitizeTitleWithDashes" file="/Users/msaari/wordpress-develop/tests/phpunit/tests/formatting/SanitizeTitleWithDashes.php" line="58" assertions="1" time="0.001382"/>
      <testcase name="test_replaces_nbsp" class="Tests_Formatting_SanitizeTitleWithDashes" file="/Users/msaari/wordpress-develop/tests/phpunit/tests/formatting/SanitizeTitleWithDashes.php" line="62" assertions="1" time="0.001873"/>
      <testcase name="test_replaces_nbsp_entities" class="Tests_Formatting_SanitizeTitleWithDashes" file="/Users/msaari/wordpress-develop/tests/phpunit/tests/formatting/SanitizeTitleWithDashes.php" line="69" assertions="1" time="0.001635"/>
      <testcase name="test_replaces_ndash_mdash" class="Tests_Formatting_SanitizeTitleWithDashes" file="/Users/msaari/wordpress-develop/tests/phpunit/tests/formatting/SanitizeTitleWithDashes.php" line="73" assertions="2" time="0.001470"/>
      <testcase name="test_replaces_ndash_mdash_entities" class="Tests_Formatting_SanitizeTitleWithDashes" file="/Users/msaari/wordpress-develop/tests/phpunit/tests/formatting/SanitizeTitleWithDashes.php" line="81" assertions="2" time="0.001411"/>
      <testcase name="test_replaces_iexcel_iquest" class="Tests_Formatting_SanitizeTitleWithDashes" file="/Users/msaari/wordpress-develop/tests/phpunit/tests/formatting/SanitizeTitleWithDashes.php" line="86" assertions="2" time="0.001395"/>
      <testcase name="test_replaces_angle_quotes" class="Tests_Formatting_SanitizeTitleWithDashes" file="/Users/msaari/wordpress-develop/tests/phpunit/tests/formatting/SanitizeTitleWithDashes.php" line="91" assertions="2" time="0.001395"/>
      <testcase name="test_replaces_curly_quotes" class="Tests_Formatting_SanitizeTitleWithDashes" file="/Users/msaari/wordpress-develop/tests/phpunit/tests/formatting/SanitizeTitleWithDashes.php" line="96" assertions="5" time="0.001421"/>
      <testcase name="test_replaces_copy_reg_deg_trade" class="Tests_Formatting_SanitizeTitleWithDashes" file="/Users/msaari/wordpress-develop/tests/phpunit/tests/formatting/SanitizeTitleWithDashes.php" line="104" assertions="4" time="0.001393"/>
      <testcase name="test_replaces_forward_slash" class="Tests_Formatting_SanitizeTitleWithDashes" file="/Users/msaari/wordpress-develop/tests/phpunit/tests/formatting/SanitizeTitleWithDashes.php" line="114" assertions="5" time="0.001430"/>
      <testcase name="test_replaces_multiply_sign" class="Tests_Formatting_SanitizeTitleWithDashes" file="/Users/msaari/wordpress-develop/tests/phpunit/tests/formatting/SanitizeTitleWithDashes.php" line="125" assertions="1" time="0.001430"/>
      <testcase name="test_replaces_standalone_diacritic" class="Tests_Formatting_SanitizeTitleWithDashes" file="/Users/msaari/wordpress-develop/tests/phpunit/tests/formatting/SanitizeTitleWithDashes.php" line="132" assertions="1" time="0.001594"/>
      <testcase name="test_replaces_acute_accents" class="Tests_Formatting_SanitizeTitleWithDashes" file="/Users/msaari/wordpress-develop/tests/phpunit/tests/formatting/SanitizeTitleWithDashes.php" line="139" assertions="1" time="0.002135"/>
    </testsuite>
    <testsuite name="Tests_Formatting_SanitizeTrackbackUrls" file="/Users/msaari/wordpress-develop/tests/phpunit/tests/formatting/SanitizeTrackbackUrls.php" tests="8" assertions="8" failures="0" errors="0" time="0.011830">
      <testsuite name="Tests_Formatting_SanitizeTrackbackUrls::test_sanitize_trackback_urls_with_multiple_urls" tests="8" assertions="8" failures="0" errors="0" time="0.011830">
        <testcase name="test_sanitize_trackback_urls_with_multiple_urls with data set #0" assertions="1" time="0.001430"/>
        <testcase name="test_sanitize_trackback_urls_with_multiple_urls with data set #1" assertions="1" time="0.001474"/>
        <testcase name="test_sanitize_trackback_urls_with_multiple_urls with data set #2" assertions="1" time="0.001420"/>
        <testcase name="test_sanitize_trackback_urls_with_multiple_urls with data set #3" assertions="1" time="0.001351"/>
        <testcase name="test_sanitize_trackback_urls_with_multiple_urls with data set #4" assertions="1" time="0.001376"/>
        <testcase name="test_sanitize_trackback_urls_with_multiple_urls with data set #5" assertions="1" time="0.001403"/>
        <testcase name="test_sanitize_trackback_urls_with_multiple_urls with data set #6" assertions="1" time="0.001534"/>
        <testcase name="test_sanitize_trackback_urls_with_multiple_urls with data set #7" assertions="1" time="0.001842"/>
      </testsuite>
    </testsuite>
    <testsuite name="Tests_Formatting_SanitizeUser" file="/Users/msaari/wordpress-develop/tests/phpunit/tests/formatting/SanitizeUser.php" tests="5" assertions="5" failures="0" errors="0" time="0.006813">
      <testcase name="test_strips_html" class="Tests_Formatting_SanitizeUser" file="/Users/msaari/wordpress-develop/tests/phpunit/tests/formatting/SanitizeUser.php" line="7" assertions="1" time="0.001341"/>
      <testcase name="test_strips_encoded_ampersand" class="Tests_Formatting_SanitizeUser" file="/Users/msaari/wordpress-develop/tests/phpunit/tests/formatting/SanitizeUser.php" line="13" assertions="1" time="0.001385"/>
      <testcase name="test_strips_encoded_ampersand_when_followed_by_semicolon" class="Tests_Formatting_SanitizeUser" file="/Users/msaari/wordpress-develop/tests/phpunit/tests/formatting/SanitizeUser.php" line="24" assertions="1" time="0.001372"/>
      <testcase name="test_strips_percent_encoded_octets" class="Tests_Formatting_SanitizeUser" file="/Users/msaari/wordpress-develop/tests/phpunit/tests/formatting/SanitizeUser.php" line="35" assertions="1" time="0.001347"/>
      <testcase name="test_optional_strict_mode_reduces_to_safe_ascii_subset" class="Tests_Formatting_SanitizeUser" file="/Users/msaari/wordpress-develop/tests/phpunit/tests/formatting/SanitizeUser.php" line="39" assertions="1" time="0.001368"/>
    </testsuite>
    <testsuite name="Tests_Formatting_SeemsUtf8" file="/Users/msaari/wordpress-develop/tests/phpunit/tests/formatting/SeemsUtf8.php" tests="11" assertions="11" failures="0" errors="0" time="0.015626">
      <testsuite name="Tests_Formatting_SeemsUtf8::test_returns_true_for_utf8_strings" tests="6" assertions="6" failures="0" errors="0" time="0.008830">
        <testcase name="test_returns_true_for_utf8_strings with data set #0" assertions="1" time="0.001292"/>
        <testcase name="test_returns_true_for_utf8_strings with data set #1" assertions="1" time="0.001642"/>
        <testcase name="test_returns_true_for_utf8_strings with data set #2" assertions="1" time="0.001716"/>
        <testcase name="test_returns_true_for_utf8_strings with data set #3" assertions="1" time="0.001440"/>
        <testcase name="test_returns_true_for_utf8_strings with data set #4" assertions="1" time="0.001392"/>
        <testcase name="test_returns_true_for_utf8_strings with data set #5" assertions="1" time="0.001348"/>
      </testsuite>
      <testsuite name="Tests_Formatting_SeemsUtf8::test_returns_false_for_non_utf8_strings" tests="5" assertions="5" failures="0" errors="0" time="0.006795">
        <testcase name="test_returns_false_for_non_utf8_strings with data set #0" assertions="1" time="0.001401"/>
        <testcase name="test_returns_false_for_non_utf8_strings with data set #1" assertions="1" time="0.001338"/>
        <testcase name="test_returns_false_for_non_utf8_strings with data set #2" assertions="1" time="0.001357"/>
        <testcase name="test_returns_false_for_non_utf8_strings with data set #3" assertions="1" time="0.001335"/>
        <testcase name="test_returns_false_for_non_utf8_strings with data set #4" assertions="1" time="0.001364"/>
      </testsuite>
    </testsuite>
    <testsuite name="Tests_Formatting_Slashit" file="/Users/msaari/wordpress-develop/tests/phpunit/tests/formatting/Slashit.php" tests="9" assertions="12" failures="0" errors="0" time="0.012282">
      <testcase name="test_backslashes_middle_numbers" class="Tests_Formatting_Slashit" file="/Users/msaari/wordpress-develop/tests/phpunit/tests/formatting/Slashit.php" line="7" assertions="1" time="0.001429"/>
      <testcase name="test_backslashes_alphas" class="Tests_Formatting_Slashit" file="/Users/msaari/wordpress-develop/tests/phpunit/tests/formatting/Slashit.php" line="11" assertions="1" time="0.001466"/>
      <testcase name="test_double_backslashes_leading_numbers" class="Tests_Formatting_Slashit" file="/Users/msaari/wordpress-develop/tests/phpunit/tests/formatting/Slashit.php" line="15" assertions="1" time="0.001374"/>
      <testcase name="test_removes_trailing_slashes" class="Tests_Formatting_Slashit" file="/Users/msaari/wordpress-develop/tests/phpunit/tests/formatting/Slashit.php" line="19" assertions="2" time="0.001357"/>
      <testcase name="test_removes_trailing_backslashes" class="Tests_Formatting_Slashit" file="/Users/msaari/wordpress-develop/tests/phpunit/tests/formatting/Slashit.php" line="27" assertions="2" time="0.001342"/>
      <testcase name="test_removes_trailing_mixed_slashes" class="Tests_Formatting_Slashit" file="/Users/msaari/wordpress-develop/tests/phpunit/tests/formatting/Slashit.php" line="35" assertions="2" time="0.001317"/>
      <testcase name="test_adds_trailing_slash" class="Tests_Formatting_Slashit" file="/Users/msaari/wordpress-develop/tests/phpunit/tests/formatting/Slashit.php" line="40" assertions="1" time="0.001334"/>
      <testcase name="test_does_not_add_trailing_slash_if_one_exists" class="Tests_Formatting_Slashit" file="/Users/msaari/wordpress-develop/tests/phpunit/tests/formatting/Slashit.php" line="44" assertions="1" time="0.001332"/>
      <testcase name="test_converts_trailing_backslash_to_slash_if_one_exists" class="Tests_Formatting_Slashit" file="/Users/msaari/wordpress-develop/tests/phpunit/tests/formatting/Slashit.php" line="51" assertions="1" time="0.001331"/>
    </testsuite>
    <testsuite name="Tests_Formatting_Smilies" file="/Users/msaari/wordpress-develop/tests/phpunit/tests/formatting/Smilies.php" tests="28" assertions="46" failures="0" errors="0" time="0.071958">
      <testsuite name="Tests_Formatting_Smilies::test_convert_standard_smilies" tests="6" assertions="12" failures="0" errors="0" time="0.014043">
        <testcase name="test_convert_standard_smilies with data set #0" assertions="2" time="0.002446"/>
        <testcase name="test_convert_standard_smilies with data set #1" assertions="2" time="0.002449"/>
        <testcase name="test_convert_standard_smilies with data set #2" assertions="2" time="0.002362"/>
        <testcase name="test_convert_standard_smilies with data set #3" assertions="2" time="0.002291"/>
        <testcase name="test_convert_standard_smilies with data set #4" assertions="2" time="0.002217"/>
        <testcase name="test_convert_standard_smilies with data set #5" assertions="2" time="0.002278"/>
      </testsuite>
      <testsuite name="Tests_Formatting_Smilies::test_convert_custom_smilies" tests="3" assertions="6" failures="0" errors="0" time="0.008159">
        <testcase name="test_convert_custom_smilies with data set #0" assertions="2" time="0.002373"/>
        <testcase name="test_convert_custom_smilies with data set #1" assertions="2" time="0.003181"/>
        <testcase name="test_convert_custom_smilies with data set #2" assertions="2" time="0.002605"/>
      </testsuite>
      <testsuite name="Tests_Formatting_Smilies::test_ignore_smilies_in_tags" tests="5" assertions="5" failures="0" errors="0" time="0.013353">
        <testcase name="test_ignore_smilies_in_tags with data set #0" assertions="1" time="0.002697"/>
        <testcase name="test_ignore_smilies_in_tags with data set #1" assertions="1" time="0.002552"/>
        <testcase name="test_ignore_smilies_in_tags with data set #2" assertions="1" time="0.002549"/>
        <testcase name="test_ignore_smilies_in_tags with data set #3" assertions="1" time="0.002525"/>
        <testcase name="test_ignore_smilies_in_tags with data set #4" assertions="1" time="0.003030"/>
      </testsuite>
      <testsuite name="Tests_Formatting_Smilies::test_smilies_combinations" tests="6" assertions="12" failures="0" errors="0" time="0.016119">
        <testcase name="test_smilies_combinations with data set #0" assertions="2" time="0.002532"/>
        <testcase name="test_smilies_combinations with data set #1" assertions="2" time="0.002505"/>
        <testcase name="test_smilies_combinations with data set #2" assertions="2" time="0.002405"/>
        <testcase name="test_smilies_combinations with data set #3" assertions="2" time="0.002487"/>
        <testcase name="test_smilies_combinations with data set #4" assertions="2" time="0.002565"/>
        <testcase name="test_smilies_combinations with data set #5" assertions="2" time="0.003625"/>
      </testsuite>
      <testsuite name="Tests_Formatting_Smilies::test_single_smilies_in_wpsmiliestrans" tests="3" assertions="6" failures="0" errors="0" time="0.008317">
        <testcase name="test_single_smilies_in_wpsmiliestrans with data set #0" assertions="2" time="0.002766"/>
        <testcase name="test_single_smilies_in_wpsmiliestrans with data set #1" assertions="2" time="0.002787"/>
        <testcase name="test_single_smilies_in_wpsmiliestrans with data set #2" assertions="2" time="0.002764"/>
      </testsuite>
      <testsuite name="Tests_Formatting_Smilies::test_spaces_around_smilies" tests="3" assertions="3" failures="0" errors="0" time="0.008507">
        <testcase name="test_spaces_around_smilies with data set #0" assertions="1" time="0.002680"/>
        <testcase name="test_spaces_around_smilies with data set #1" assertions="1" time="0.002443"/>
        <testcase name="test_spaces_around_smilies with data set #2" assertions="1" time="0.003384"/>
      </testsuite>
      <testcase name="test_smilies_filter_removes_smilies" class="Tests_Formatting_Smilies" file="/Users/msaari/wordpress-develop/tests/phpunit/tests/formatting/Smilies.php" line="319" assertions="1" time="0.001899"/>
      <testcase name="test_smilies_filter_adds_smilies" class="Tests_Formatting_Smilies" file="/Users/msaari/wordpress-develop/tests/phpunit/tests/formatting/Smilies.php" line="334" assertions="1" time="0.001561"/>
    </testsuite>
    <testsuite name="Tests_Formatting_StripSlashesDeep" file="/Users/msaari/wordpress-develop/tests/phpunit/tests/formatting/StripSlashesDeep.php" tests="3" assertions="14" failures="0" errors="0" time="0.004384">
      <testcase name="test_preserves_original_datatype" class="Tests_Formatting_StripSlashesDeep" file="/Users/msaari/wordpress-develop/tests/phpunit/tests/formatting/StripSlashesDeep.php" line="10" assertions="7" time="0.001598"/>
      <testcase name="test_strips_slashes" class="Tests_Formatting_StripSlashesDeep" file="/Users/msaari/wordpress-develop/tests/phpunit/tests/formatting/StripSlashesDeep.php" line="33" assertions="5" time="0.001387"/>
      <testcase name="test_permits_escaped_slash" class="Tests_Formatting_StripSlashesDeep" file="/Users/msaari/wordpress-develop/tests/phpunit/tests/formatting/StripSlashesDeep.php" line="48" assertions="2" time="0.001399"/>
    </testsuite>
    <testsuite name="Tests_Formatting_URLShorten" file="/Users/msaari/wordpress-develop/tests/phpunit/tests/formatting/URLShorten.php" tests="1" assertions="7" failures="0" errors="0" time="0.001582">
      <testcase name="test_shorten_url" class="Tests_Formatting_URLShorten" file="/Users/msaari/wordpress-develop/tests/phpunit/tests/formatting/URLShorten.php" line="7" assertions="7" time="0.001582"/>
    </testsuite>
    <testsuite name="Tests_Formatting_UrlEncodedToEntities" file="/Users/msaari/wordpress-develop/tests/phpunit/tests/formatting/UrlEncodedToEntities.php" tests="6" assertions="6" failures="0" errors="0" time="0.008316">
      <testsuite name="Tests_Formatting_UrlEncodedToEntities::test_convert_urlencoded_to_entities" tests="6" assertions="6" failures="0" errors="0" time="0.008316">
        <testcase name="test_convert_urlencoded_to_entities with data set #0" assertions="1" time="0.001307"/>
        <testcase name="test_convert_urlencoded_to_entities with data set #1" assertions="1" time="0.001448"/>
        <testcase name="test_convert_urlencoded_to_entities with data set #2" assertions="1" time="0.001365"/>
        <testcase name="test_convert_urlencoded_to_entities with data set #3" assertions="1" time="0.001418"/>
        <testcase name="test_convert_urlencoded_to_entities with data set #4" assertions="1" time="0.001425"/>
        <testcase name="test_convert_urlencoded_to_entities with data set #5" assertions="1" time="0.001353"/>
      </testsuite>
    </testsuite>
    <testsuite name="Tests_Formatting_UrlencodeDeep" file="/Users/msaari/wordpress-develop/tests/phpunit/tests/formatting/UrlencodeDeep.php" tests="6" assertions="6" failures="0" errors="0" time="0.008689">
      <testsuite name="Tests_Formatting_UrlencodeDeep::test_urlencode_deep_should_encode_individual_value" tests="5" assertions="5" failures="0" errors="0" time="0.007262">
        <testcase name="test_urlencode_deep_should_encode_individual_value with data set #0" assertions="1" time="0.001668"/>
        <testcase name="test_urlencode_deep_should_encode_individual_value with data set #1" assertions="1" time="0.001512"/>
        <testcase name="test_urlencode_deep_should_encode_individual_value with data set #2" assertions="1" time="0.001383"/>
        <testcase name="test_urlencode_deep_should_encode_individual_value with data set #3" assertions="1" time="0.001353"/>
        <testcase name="test_urlencode_deep_should_encode_individual_value with data set #4" assertions="1" time="0.001346"/>
      </testsuite>
      <testcase name="test_urlencode_deep_should_encode_all_values_in_array" class="Tests_Formatting_UrlencodeDeep" file="/Users/msaari/wordpress-develop/tests/phpunit/tests/formatting/UrlencodeDeep.php" line="37" assertions="1" time="0.001427"/>
    </testsuite>
    <testsuite name="Tests_Formatting_Utf8UriEncode" file="/Users/msaari/wordpress-develop/tests/phpunit/tests/formatting/Utf8UriEncode.php" tests="12" assertions="12" failures="0" errors="0" time="0.017580">
      <testsuite name="Tests_Formatting_Utf8UriEncode::test_percent_encodes_non_reserved_characters" tests="6" assertions="6" failures="0" errors="0" time="0.009139">
        <testcase name="test_percent_encodes_non_reserved_characters with data set #0" assertions="1" time="0.001337"/>
        <testcase name="test_percent_encodes_non_reserved_characters with data set #1" assertions="1" time="0.001421"/>
        <testcase name="test_percent_encodes_non_reserved_characters with data set #2" assertions="1" time="0.001434"/>
        <testcase name="test_percent_encodes_non_reserved_characters with data set #3" assertions="1" time="0.001833"/>
        <testcase name="test_percent_encodes_non_reserved_characters with data set #4" assertions="1" time="0.001615"/>
        <testcase name="test_percent_encodes_non_reserved_characters with data set #5" assertions="1" time="0.001499"/>
      </testsuite>
      <testsuite name="Tests_Formatting_Utf8UriEncode::test_output_is_not_longer_than_optional_length_argument" tests="6" assertions="6" failures="0" errors="0" time="0.008441">
        <testcase name="test_output_is_not_longer_than_optional_length_argument with data set #0" assertions="1" time="0.001389"/>
        <testcase name="test_output_is_not_longer_than_optional_length_argument with data set #1" assertions="1" time="0.001380"/>
        <testcase name="test_output_is_not_longer_than_optional_length_argument with data set #2" assertions="1" time="0.001449"/>
        <testcase name="test_output_is_not_longer_than_optional_length_argument with data set #3" assertions="1" time="0.001453"/>
        <testcase name="test_output_is_not_longer_than_optional_length_argument with data set #4" assertions="1" time="0.001412"/>
        <testcase name="test_output_is_not_longer_than_optional_length_argument with data set #5" assertions="1" time="0.001358"/>
      </testsuite>
    </testsuite>
    <testsuite name="Tests_Formatting_WP_Basename" file="/Users/msaari/wordpress-develop/tests/phpunit/tests/formatting/WPBasename.php" tests="4" assertions="4" failures="0" errors="0" time="0.005921">
      <testcase name="test_wp_basename_unix" class="Tests_Formatting_WP_Basename" file="/Users/msaari/wordpress-develop/tests/phpunit/tests/formatting/WPBasename.php" line="8" assertions="1" time="0.001391"/>
      <testcase name="test_wp_basename_unix_utf8_support" class="Tests_Formatting_WP_Basename" file="/Users/msaari/wordpress-develop/tests/phpunit/tests/formatting/WPBasename.php" line="15" assertions="1" time="0.001704"/>
      <testcase name="test_wp_basename_windows" class="Tests_Formatting_WP_Basename" file="/Users/msaari/wordpress-develop/tests/phpunit/tests/formatting/WPBasename.php" line="25" assertions="1" time="0.001442"/>
      <testcase name="test_wp_basename_windows_utf8_support" class="Tests_Formatting_WP_Basename" file="/Users/msaari/wordpress-develop/tests/phpunit/tests/formatting/WPBasename.php" line="35" assertions="1" time="0.001384"/>
    </testsuite>
    <testsuite name="Tests_Formatting_WPMakeLinkRelative" file="/Users/msaari/wordpress-develop/tests/phpunit/tests/formatting/WPMakeLinkRelative.php" tests="5" assertions="5" failures="0" errors="0" time="0.006694">
      <testcase name="test_wp_make_link_relative_with_http_scheme" class="Tests_Formatting_WPMakeLinkRelative" file="/Users/msaari/wordpress-develop/tests/phpunit/tests/formatting/WPMakeLinkRelative.php" line="8" assertions="1" time="0.001246"/>
      <testcase name="test_wp_make_link_relative_with_https_scheme" class="Tests_Formatting_WPMakeLinkRelative" file="/Users/msaari/wordpress-develop/tests/phpunit/tests/formatting/WPMakeLinkRelative.php" line="14" assertions="1" time="0.001372"/>
      <testcase name="test_wp_make_link_relative_with_no_scheme" class="Tests_Formatting_WPMakeLinkRelative" file="/Users/msaari/wordpress-develop/tests/phpunit/tests/formatting/WPMakeLinkRelative.php" line="23" assertions="1" time="0.001342"/>
      <testcase name="test_wp_make_link_relative_should_retain_URL_param_that_is_also_a_URL" class="Tests_Formatting_WPMakeLinkRelative" file="/Users/msaari/wordpress-develop/tests/phpunit/tests/formatting/WPMakeLinkRelative.php" line="32" assertions="1" time="0.001332"/>
      <testcase name="test_wp_make_link_relative_with_no_path" class="Tests_Formatting_WPMakeLinkRelative" file="/Users/msaari/wordpress-develop/tests/phpunit/tests/formatting/WPMakeLinkRelative.php" line="41" assertions="1" time="0.001402"/>
    </testsuite>
    <testsuite name="Tests_Rel_No_Follow" file="/Users/msaari/wordpress-develop/tests/phpunit/tests/formatting/WPRelNoFollow.php" tests="11" assertions="11" failures="0" errors="0" time="0.016006">
      <testcase name="test_add_no_follow" class="Tests_Rel_No_Follow" file="/Users/msaari/wordpress-develop/tests/phpunit/tests/formatting/WPRelNoFollow.php" line="11" assertions="1" time="0.001438"/>
      <testcase name="test_convert_no_follow" class="Tests_Rel_No_Follow" file="/Users/msaari/wordpress-develop/tests/phpunit/tests/formatting/WPRelNoFollow.php" line="20" assertions="1" time="0.001479"/>
      <testsuite name="Tests_Rel_No_Follow::test_wp_rel_nofollow" tests="9" assertions="9" failures="0" errors="0" time="0.013089">
        <testcase name="test_wp_rel_nofollow with data set #0" assertions="1" time="0.001418"/>
        <testcase name="test_wp_rel_nofollow with data set #1" assertions="1" time="0.001399"/>
        <testcase name="test_wp_rel_nofollow with data set #2" assertions="1" time="0.001385"/>
        <testcase name="test_wp_rel_nofollow with data set #3" assertions="1" time="0.001382"/>
        <testcase name="test_wp_rel_nofollow with data set #4" assertions="1" time="0.001422"/>
        <testcase name="test_wp_rel_nofollow with data set #5" assertions="1" time="0.001376"/>
        <testcase name="test_wp_rel_nofollow with data set #6" assertions="1" time="0.001428"/>
        <testcase name="test_wp_rel_nofollow with data set #7" assertions="1" time="0.001477"/>
        <testcase name="test_wp_rel_nofollow with data set #8" assertions="1" time="0.001802"/>
      </testsuite>
    </testsuite>
    <testsuite name="Tests_Formatting_WPSpecialchars" file="/Users/msaari/wordpress-develop/tests/phpunit/tests/formatting/WPSpecialchars.php" tests="10" assertions="274" failures="0" errors="0" time="0.015453">
      <testcase name="test_wp_specialchars_basics" class="Tests_Formatting_WPSpecialchars" file="/Users/msaari/wordpress-develop/tests/phpunit/tests/formatting/WPSpecialchars.php" line="7" assertions="2" time="0.001323"/>
      <testcase name="test_allowed_entity_names" class="Tests_Formatting_WPSpecialchars" file="/Users/msaari/wordpress-develop/tests/phpunit/tests/formatting/WPSpecialchars.php" line="15" assertions="252" time="0.002065"/>
      <testcase name="test_not_allowed_entity_names" class="Tests_Formatting_WPSpecialchars" file="/Users/msaari/wordpress-develop/tests/phpunit/tests/formatting/WPSpecialchars.php" line="29" assertions="10" time="0.001439"/>
      <testcase name="test_optionally_escapes_quotes" class="Tests_Formatting_WPSpecialchars" file="/Users/msaari/wordpress-develop/tests/phpunit/tests/formatting/WPSpecialchars.php" line="39" assertions="4" time="0.001428"/>
      <testsuite name="Tests_Formatting_WPSpecialchars::test_double_encoding" tests="3" assertions="3" failures="0" errors="0" time="0.004290">
        <testcase name="test_double_encoding with data set #0" assertions="1" time="0.001405"/>
        <testcase name="test_double_encoding with data set #1" assertions="1" time="0.001438"/>
        <testcase name="test_double_encoding with data set #2" assertions="1" time="0.001447"/>
      </testsuite>
      <testsuite name="Tests_Formatting_WPSpecialchars::test_no_double_encoding" tests="3" assertions="3" failures="0" errors="0" time="0.004908">
        <testcase name="test_no_double_encoding with data set #0" assertions="1" time="0.001814"/>
        <testcase name="test_no_double_encoding with data set #1" assertions="1" time="0.001600"/>
        <testcase name="test_no_double_encoding with data set #2" assertions="1" time="0.001494"/>
      </testsuite>
    </testsuite>
    <testsuite name="Tests_Formatting_WPStripAllTags" file="/Users/msaari/wordpress-develop/tests/phpunit/tests/formatting/WPStripAllTags.php" tests="1" assertions="6" failures="0" errors="0" time="0.001257">
      <testcase name="test_wp_strip_all_tags" class="Tests_Formatting_WPStripAllTags" file="/Users/msaari/wordpress-develop/tests/phpunit/tests/formatting/WPStripAllTags.php" line="9" assertions="6" time="0.001257"/>
    </testsuite>
    <testsuite name="Tests_Targeted_Link_Rel" file="/Users/msaari/wordpress-develop/tests/phpunit/tests/formatting/WPTargetedLinkRel.php" tests="11" assertions="11" failures="0" errors="0" time="0.016038">
      <testcase name="test_add_to_links_with_target_blank" class="Tests_Targeted_Link_Rel" file="/Users/msaari/wordpress-develop/tests/phpunit/tests/formatting/WPTargetedLinkRel.php" line="9" assertions="1" time="0.001203"/>
      <testcase name="test_add_to_links_with_target_foo" class="Tests_Targeted_Link_Rel" file="/Users/msaari/wordpress-develop/tests/phpunit/tests/formatting/WPTargetedLinkRel.php" line="15" assertions="1" time="0.001378"/>
      <testcase name="test_target_as_first_attribute" class="Tests_Targeted_Link_Rel" file="/Users/msaari/wordpress-develop/tests/phpunit/tests/formatting/WPTargetedLinkRel.php" line="21" assertions="1" time="0.001338"/>
      <testcase name="test_add_to_existing_rel" class="Tests_Targeted_Link_Rel" file="/Users/msaari/wordpress-develop/tests/phpunit/tests/formatting/WPTargetedLinkRel.php" line="27" assertions="1" time="0.001516"/>
      <testcase name="test_no_duplicate_values_added" class="Tests_Targeted_Link_Rel" file="/Users/msaari/wordpress-develop/tests/phpunit/tests/formatting/WPTargetedLinkRel.php" line="33" assertions="1" time="0.001843"/>
      <testcase name="test_rel_with_single_quote_delimiter" class="Tests_Targeted_Link_Rel" file="/Users/msaari/wordpress-develop/tests/phpunit/tests/formatting/WPTargetedLinkRel.php" line="39" assertions="1" time="0.001725"/>
      <testcase name="test_rel_with_no_delimiter" class="Tests_Targeted_Link_Rel" file="/Users/msaari/wordpress-develop/tests/phpunit/tests/formatting/WPTargetedLinkRel.php" line="45" assertions="1" time="0.001499"/>
      <testcase name="test_rel_value_spaced_and_no_delimiter" class="Tests_Targeted_Link_Rel" file="/Users/msaari/wordpress-develop/tests/phpunit/tests/formatting/WPTargetedLinkRel.php" line="51" assertions="1" time="0.001391"/>
      <testcase name="test_rel_value_spaced_and_no_delimiter_and_values_to_escape" class="Tests_Targeted_Link_Rel" file="/Users/msaari/wordpress-develop/tests/phpunit/tests/formatting/WPTargetedLinkRel.php" line="57" assertions="1" time="0.001385"/>
      <testcase name="test_escaped_quotes" class="Tests_Targeted_Link_Rel" file="/Users/msaari/wordpress-develop/tests/phpunit/tests/formatting/WPTargetedLinkRel.php" line="63" assertions="1" time="0.001375"/>
      <testcase name="test_ignore_links_with_no_target" class="Tests_Targeted_Link_Rel" file="/Users/msaari/wordpress-develop/tests/phpunit/tests/formatting/WPTargetedLinkRel.php" line="69" assertions="1" time="0.001385"/>
    </testsuite>
    <testsuite name="Tests_Formatting_WPTexturize" file="/Users/msaari/wordpress-develop/tests/phpunit/tests/formatting/WPTexturize.php" tests="357" assertions="441" failures="0" errors="0" time="0.559906">
      <testcase name="test_dashes" class="Tests_Formatting_WPTexturize" file="/Users/msaari/wordpress-develop/tests/phpunit/tests/formatting/WPTexturize.php" line="7" assertions="2" time="0.001526"/>
      <testcase name="test_disable" class="Tests_Formatting_WPTexturize" file="/Users/msaari/wordpress-develop/tests/phpunit/tests/formatting/WPTexturize.php" line="12" assertions="11" time="0.002085"/>
      <testcase name="test_bracketed_quotes_1418" class="Tests_Formatting_WPTexturize" file="/Users/msaari/wordpress-develop/tests/phpunit/tests/formatting/WPTexturize.php" line="36" assertions="3" time="0.002269"/>
      <testcase name="test_bracketed_quotes_3810" class="Tests_Formatting_WPTexturize" file="/Users/msaari/wordpress-develop/tests/phpunit/tests/formatting/WPTexturize.php" line="43" assertions="1" time="0.001805"/>
      <testcase name="test_basic_quotes" class="Tests_Formatting_WPTexturize" file="/Users/msaari/wordpress-develop/tests/phpunit/tests/formatting/WPTexturize.php" line="48" assertions="11" time="0.001747"/>
      <testcase name="test_full_sentences_with_unmatched_single_quotes" class="Tests_Formatting_WPTexturize" file="/Users/msaari/wordpress-develop/tests/phpunit/tests/formatting/WPTexturize.php" line="71" assertions="1" time="0.001520"/>
      <testcase name="test_quotes" class="Tests_Formatting_WPTexturize" file="/Users/msaari/wordpress-develop/tests/phpunit/tests/formatting/WPTexturize.php" line="81" assertions="5" time="0.001599"/>
      <testcase name="test_quotes_before_s" class="Tests_Formatting_WPTexturize" file="/Users/msaari/wordpress-develop/tests/phpunit/tests/formatting/WPTexturize.php" line="100" assertions="5" time="0.001561"/>
      <testcase name="test_quotes_before_numbers" class="Tests_Formatting_WPTexturize" file="/Users/msaari/wordpress-develop/tests/phpunit/tests/formatting/WPTexturize.php" line="111" assertions="23" time="0.001720"/>
      <testcase name="test_quotes_after_numbers" class="Tests_Formatting_WPTexturize" file="/Users/msaari/wordpress-develop/tests/phpunit/tests/formatting/WPTexturize.php" line="137" assertions="1" time="0.001481"/>
      <testcase name="test_other_html" class="Tests_Formatting_WPTexturize" file="/Users/msaari/wordpress-develop/tests/phpunit/tests/formatting/WPTexturize.php" line="145" assertions="1" time="0.001548"/>
      <testcase name="test_x" class="Tests_Formatting_WPTexturize" file="/Users/msaari/wordpress-develop/tests/phpunit/tests/formatting/WPTexturize.php" line="151" assertions="1" time="0.002067"/>
      <testcase name="test_minutes_seconds" class="Tests_Formatting_WPTexturize" file="/Users/msaari/wordpress-develop/tests/phpunit/tests/formatting/WPTexturize.php" line="155" assertions="6" time="0.001931"/>
      <testcase name="test_wptexturize_quotes_around_numbers" class="Tests_Formatting_WPTexturize" file="/Users/msaari/wordpress-develop/tests/phpunit/tests/formatting/WPTexturize.php" line="169" assertions="4" time="0.001583"/>
      <testcase name="test_wptexturize_html_comments" class="Tests_Formatting_WPTexturize" file="/Users/msaari/wordpress-develop/tests/phpunit/tests/formatting/WPTexturize.php" line="179" assertions="3" time="0.001541"/>
      <testcase name="test_entity_quote_cuddling" class="Tests_Formatting_WPTexturize" file="/Users/msaari/wordpress-develop/tests/phpunit/tests/formatting/WPTexturize.php" line="189" assertions="1" time="0.001616"/>
      <testcase name="test_apostrophes_before_primes" class="Tests_Formatting_WPTexturize" file="/Users/msaari/wordpress-develop/tests/phpunit/tests/formatting/WPTexturize.php" line="197" assertions="1" time="0.001505"/>
      <testcase name="test_spaces_around_hyphens" class="Tests_Formatting_WPTexturize" file="/Users/msaari/wordpress-develop/tests/phpunit/tests/formatting/WPTexturize.php" line="204" assertions="14" time="0.001687"/>
      <testcase name="test_hyphens_at_start_and_end" class="Tests_Formatting_WPTexturize" file="/Users/msaari/wordpress-develop/tests/phpunit/tests/formatting/WPTexturize.php" line="227" assertions="6" time="0.001461"/>
      <testcase name="test_spaces_around_quotes_never" class="Tests_Formatting_WPTexturize" file="/Users/msaari/wordpress-develop/tests/phpunit/tests/formatting/WPTexturize.php" line="244" assertions="1" time="0.001692"/>
      <testsuite name="Tests_Formatting_WPTexturize::test_spaces_around_quotes" tests="9" assertions="9" failures="0" errors="0" time="0.014302">
        <testcase name="test_spaces_around_quotes with data set #0" assertions="1" time="0.002264"/>
        <testcase name="test_spaces_around_quotes with data set #1" assertions="1" time="0.001625"/>
        <testcase name="test_spaces_around_quotes with data set #2" assertions="1" time="0.001736"/>
        <testcase name="test_spaces_around_quotes with data set #3" assertions="1" time="0.001530"/>
        <testcase name="test_spaces_around_quotes with data set #4" assertions="1" time="0.001586"/>
        <testcase name="test_spaces_around_quotes with data set #5" assertions="1" time="0.001500"/>
        <testcase name="test_spaces_around_quotes with data set #6" assertions="1" time="0.001367"/>
        <testcase name="test_spaces_around_quotes with data set #7" assertions="1" time="0.001338"/>
        <testcase name="test_spaces_around_quotes with data set #8" assertions="1" time="0.001356"/>
      </testsuite>
      <testsuite name="Tests_Formatting_WPTexturize::test_apos_before_digits" tests="6" assertions="6" failures="0" errors="0" time="0.009393">
        <testcase name="test_apos_before_digits with data set #0" assertions="1" time="0.001422"/>
        <testcase name="test_apos_before_digits with data set #1" assertions="1" time="0.001690"/>
        <testcase name="test_apos_before_digits with data set #2" assertions="1" time="0.001821"/>
        <testcase name="test_apos_before_digits with data set #3" assertions="1" time="0.001553"/>
        <testcase name="test_apos_before_digits with data set #4" assertions="1" time="0.001491"/>
        <testcase name="test_apos_before_digits with data set #5" assertions="1" time="0.001416"/>
      </testsuite>
      <testsuite name="Tests_Formatting_WPTexturize::test_opening_single_quote" tests="28" assertions="28" failures="0" errors="0" time="0.043055">
        <testcase name="test_opening_single_quote with data set #0" assertions="1" time="0.001505"/>
        <testcase name="test_opening_single_quote with data set #1" assertions="1" time="0.001537"/>
        <testcase name="test_opening_single_quote with data set #2" assertions="1" time="0.001483"/>
        <testcase name="test_opening_single_quote with data set #3" assertions="1" time="0.001482"/>
        <testcase name="test_opening_single_quote with data set #4" assertions="1" time="0.001490"/>
        <testcase name="test_opening_single_quote with data set #5" assertions="1" time="0.001626"/>
        <testcase name="test_opening_single_quote with data set #6" assertions="1" time="0.001938"/>
        <testcase name="test_opening_single_quote with data set #7" assertions="1" time="0.001648"/>
        <testcase name="test_opening_single_quote with data set #8" assertions="1" time="0.001496"/>
        <testcase name="test_opening_single_quote with data set #9" assertions="1" time="0.001474"/>
        <testcase name="test_opening_single_quote with data set #10" assertions="1" time="0.001466"/>
        <testcase name="test_opening_single_quote with data set #11" assertions="1" time="0.001471"/>
        <testcase name="test_opening_single_quote with data set #12" assertions="1" time="0.001457"/>
        <testcase name="test_opening_single_quote with data set #13" assertions="1" time="0.001431"/>
        <testcase name="test_opening_single_quote with data set #14" assertions="1" time="0.001425"/>
        <testcase name="test_opening_single_quote with data set #15" assertions="1" time="0.001514"/>
        <testcase name="test_opening_single_quote with data set #16" assertions="1" time="0.001982"/>
        <testcase name="test_opening_single_quote with data set #17" assertions="1" time="0.001568"/>
        <testcase name="test_opening_single_quote with data set #18" assertions="1" time="0.001491"/>
        <testcase name="test_opening_single_quote with data set #19" assertions="1" time="0.001433"/>
        <testcase name="test_opening_single_quote with data set #20" assertions="1" time="0.001445"/>
        <testcase name="test_opening_single_quote with data set #21" assertions="1" time="0.001441"/>
        <testcase name="test_opening_single_quote with data set #22" assertions="1" time="0.001416"/>
        <testcase name="test_opening_single_quote with data set #23" assertions="1" time="0.001423"/>
        <testcase name="test_opening_single_quote with data set #24" assertions="1" time="0.001432"/>
        <testcase name="test_opening_single_quote with data set #25" assertions="1" time="0.001444"/>
        <testcase name="test_opening_single_quote with data set #26" assertions="1" time="0.001528"/>
        <testcase name="test_opening_single_quote with data set #27" assertions="1" time="0.002010"/>
      </testsuite>
      <testsuite name="Tests_Formatting_WPTexturize::test_double_prime" tests="4" assertions="4" failures="0" errors="0" time="0.006398">
        <testcase name="test_double_prime with data set #0" assertions="1" time="0.001717"/>
        <testcase name="test_double_prime with data set #1" assertions="1" time="0.001506"/>
        <testcase name="test_double_prime with data set #2" assertions="1" time="0.001491"/>
        <testcase name="test_double_prime with data set #3" assertions="1" time="0.001684"/>
      </testsuite>
      <testsuite name="Tests_Formatting_WPTexturize::test_single_prime" tests="4" assertions="4" failures="0" errors="0" time="0.006618">
        <testcase name="test_single_prime with data set #0" assertions="1" time="0.001671"/>
        <testcase name="test_single_prime with data set #1" assertions="1" time="0.001681"/>
        <testcase name="test_single_prime with data set #2" assertions="1" time="0.001697"/>
        <testcase name="test_single_prime with data set #3" assertions="1" time="0.001569"/>
      </testsuite>
      <testsuite name="Tests_Formatting_WPTexturize::test_contractions" tests="6" assertions="6" failures="0" errors="0" time="0.010281">
        <testcase name="test_contractions with data set #0" assertions="1" time="0.001887"/>
        <testcase name="test_contractions with data set #1" assertions="1" time="0.002304"/>
        <testcase name="test_contractions with data set #2" assertions="1" time="0.001665"/>
        <testcase name="test_contractions with data set #3" assertions="1" time="0.001549"/>
        <testcase name="test_contractions with data set #4" assertions="1" time="0.001490"/>
        <testcase name="test_contractions with data set #5" assertions="1" time="0.001386"/>
      </testsuite>
      <testsuite name="Tests_Formatting_WPTexturize::test_opening_quote" tests="15" assertions="15" failures="0" errors="0" time="0.023371">
        <testcase name="test_opening_quote with data set #0" assertions="1" time="0.001440"/>
        <testcase name="test_opening_quote with data set #1" assertions="1" time="0.001501"/>
        <testcase name="test_opening_quote with data set #2" assertions="1" time="0.001486"/>
        <testcase name="test_opening_quote with data set #3" assertions="1" time="0.001453"/>
        <testcase name="test_opening_quote with data set #4" assertions="1" time="0.001806"/>
        <testcase name="test_opening_quote with data set #5" assertions="1" time="0.002049"/>
        <testcase name="test_opening_quote with data set #6" assertions="1" time="0.001658"/>
        <testcase name="test_opening_quote with data set #7" assertions="1" time="0.001550"/>
        <testcase name="test_opening_quote with data set #8" assertions="1" time="0.001448"/>
        <testcase name="test_opening_quote with data set #9" assertions="1" time="0.001539"/>
        <testcase name="test_opening_quote with data set #10" assertions="1" time="0.001491"/>
        <testcase name="test_opening_quote with data set #11" assertions="1" time="0.001446"/>
        <testcase name="test_opening_quote with data set #12" assertions="1" time="0.001444"/>
        <testcase name="test_opening_quote with data set #13" assertions="1" time="0.001452"/>
        <testcase name="test_opening_quote with data set #14" assertions="1" time="0.001609"/>
      </testsuite>
      <testsuite name="Tests_Formatting_WPTexturize::test_closing_quote" tests="18" assertions="18" failures="0" errors="0" time="0.028046">
        <testcase name="test_closing_quote with data set #0" assertions="1" time="0.001939"/>
        <testcase name="test_closing_quote with data set #1" assertions="1" time="0.001686"/>
        <testcase name="test_closing_quote with data set #2" assertions="1" time="0.001517"/>
        <testcase name="test_closing_quote with data set #3" assertions="1" time="0.001443"/>
        <testcase name="test_closing_quote with data set #4" assertions="1" time="0.001407"/>
        <testcase name="test_closing_quote with data set #5" assertions="1" time="0.001462"/>
        <testcase name="test_closing_quote with data set #6" assertions="1" time="0.001461"/>
        <testcase name="test_closing_quote with data set #7" assertions="1" time="0.001456"/>
        <testcase name="test_closing_quote with data set #8" assertions="1" time="0.001438"/>
        <testcase name="test_closing_quote with data set #9" assertions="1" time="0.001425"/>
        <testcase name="test_closing_quote with data set #10" assertions="1" time="0.002201"/>
        <testcase name="test_closing_quote with data set #11" assertions="1" time="0.001690"/>
        <testcase name="test_closing_quote with data set #12" assertions="1" time="0.001574"/>
        <testcase name="test_closing_quote with data set #13" assertions="1" time="0.001455"/>
        <testcase name="test_closing_quote with data set #14" assertions="1" time="0.001502"/>
        <testcase name="test_closing_quote with data set #15" assertions="1" time="0.001467"/>
        <testcase name="test_closing_quote with data set #16" assertions="1" time="0.001478"/>
        <testcase name="test_closing_quote with data set #17" assertions="1" time="0.001445"/>
      </testsuite>
      <testsuite name="Tests_Formatting_WPTexturize::test_closing_single_quote" tests="18" assertions="18" failures="0" errors="0" time="0.028076">
        <testcase name="test_closing_single_quote with data set #0" assertions="1" time="0.001453"/>
        <testcase name="test_closing_single_quote with data set #1" assertions="1" time="0.001545"/>
        <testcase name="test_closing_single_quote with data set #2" assertions="1" time="0.001696"/>
        <testcase name="test_closing_single_quote with data set #3" assertions="1" time="0.001721"/>
        <testcase name="test_closing_single_quote with data set #4" assertions="1" time="0.001635"/>
        <testcase name="test_closing_single_quote with data set #5" assertions="1" time="0.001591"/>
        <testcase name="test_closing_single_quote with data set #6" assertions="1" time="0.001448"/>
        <testcase name="test_closing_single_quote with data set #7" assertions="1" time="0.001451"/>
        <testcase name="test_closing_single_quote with data set #8" assertions="1" time="0.001438"/>
        <testcase name="test_closing_single_quote with data set #9" assertions="1" time="0.001461"/>
        <testcase name="test_closing_single_quote with data set #10" assertions="1" time="0.001432"/>
        <testcase name="test_closing_single_quote with data set #11" assertions="1" time="0.001429"/>
        <testcase name="test_closing_single_quote with data set #12" assertions="1" time="0.001617"/>
        <testcase name="test_closing_single_quote with data set #13" assertions="1" time="0.002015"/>
        <testcase name="test_closing_single_quote with data set #14" assertions="1" time="0.001727"/>
        <testcase name="test_closing_single_quote with data set #15" assertions="1" time="0.001504"/>
        <testcase name="test_closing_single_quote with data set #16" assertions="1" time="0.001469"/>
        <testcase name="test_closing_single_quote with data set #17" assertions="1" time="0.001444"/>
      </testsuite>
      <testsuite name="Tests_Formatting_WPTexturize::test_multiplication" tests="8" assertions="8" failures="0" errors="0" time="0.012426">
        <testcase name="test_multiplication with data set #0" assertions="1" time="0.001448"/>
        <testcase name="test_multiplication with data set #1" assertions="1" time="0.001419"/>
        <testcase name="test_multiplication with data set #2" assertions="1" time="0.001488"/>
        <testcase name="test_multiplication with data set #3" assertions="1" time="0.001465"/>
        <testcase name="test_multiplication with data set #4" assertions="1" time="0.001501"/>
        <testcase name="test_multiplication with data set #5" assertions="1" time="0.001707"/>
        <testcase name="test_multiplication with data set #6" assertions="1" time="0.001878"/>
        <testcase name="test_multiplication with data set #7" assertions="1" time="0.001520"/>
      </testsuite>
      <testsuite name="Tests_Formatting_WPTexturize::test_ampersand" tests="12" assertions="12" failures="0" errors="0" time="0.018286">
        <testcase name="test_ampersand with data set #0" assertions="1" time="0.001498"/>
        <testcase name="test_ampersand with data set #1" assertions="1" time="0.001452"/>
        <testcase name="test_ampersand with data set #2" assertions="1" time="0.001446"/>
        <testcase name="test_ampersand with data set #3" assertions="1" time="0.001441"/>
        <testcase name="test_ampersand with data set #4" assertions="1" time="0.001434"/>
        <testcase name="test_ampersand with data set #5" assertions="1" time="0.001458"/>
        <testcase name="test_ampersand with data set #6" assertions="1" time="0.001447"/>
        <testcase name="test_ampersand with data set #7" assertions="1" time="0.001600"/>
        <testcase name="test_ampersand with data set #8" assertions="1" time="0.001964"/>
        <testcase name="test_ampersand with data set #9" assertions="1" time="0.001623"/>
        <testcase name="test_ampersand with data set #10" assertions="1" time="0.001449"/>
        <testcase name="test_ampersand with data set #11" assertions="1" time="0.001475"/>
      </testsuite>
      <testsuite name="Tests_Formatting_WPTexturize::test_cockney" tests="11" assertions="11" failures="0" errors="0" time="0.017080">
        <testcase name="test_cockney with data set #0" assertions="1" time="0.001445"/>
        <testcase name="test_cockney with data set #1" assertions="1" time="0.001435"/>
        <testcase name="test_cockney with data set #2" assertions="1" time="0.001435"/>
        <testcase name="test_cockney with data set #3" assertions="1" time="0.001708"/>
        <testcase name="test_cockney with data set #4" assertions="1" time="0.001532"/>
        <testcase name="test_cockney with data set #5" assertions="1" time="0.001541"/>
        <testcase name="test_cockney with data set #6" assertions="1" time="0.001646"/>
        <testcase name="test_cockney with data set #7" assertions="1" time="0.001855"/>
        <testcase name="test_cockney with data set #8" assertions="1" time="0.001548"/>
        <testcase name="test_cockney with data set #9" assertions="1" time="0.001474"/>
        <testcase name="test_cockney with data set #10" assertions="1" time="0.001461"/>
      </testsuite>
      <testsuite name="Tests_Formatting_WPTexturize::test_smart_dashes" tests="9" assertions="9" failures="0" errors="0" time="0.014135">
        <testcase name="test_smart_dashes with data set #0" assertions="1" time="0.001424"/>
        <testcase name="test_smart_dashes with data set #1" assertions="1" time="0.001383"/>
        <testcase name="test_smart_dashes with data set #2" assertions="1" time="0.001453"/>
        <testcase name="test_smart_dashes with data set #3" assertions="1" time="0.001456"/>
        <testcase name="test_smart_dashes with data set #4" assertions="1" time="0.001480"/>
        <testcase name="test_smart_dashes with data set #5" assertions="1" time="0.001854"/>
        <testcase name="test_smart_dashes with data set #6" assertions="1" time="0.001904"/>
        <testcase name="test_smart_dashes with data set #7" assertions="1" time="0.001612"/>
        <testcase name="test_smart_dashes with data set #8" assertions="1" time="0.001569"/>
      </testsuite>
      <testsuite name="Tests_Formatting_WPTexturize::test_misc_static_replacements" tests="10" assertions="10" failures="0" errors="0" time="0.015404">
        <testcase name="test_misc_static_replacements with data set #0" assertions="1" time="0.001478"/>
        <testcase name="test_misc_static_replacements with data set #1" assertions="1" time="0.001452"/>
        <testcase name="test_misc_static_replacements with data set #2" assertions="1" time="0.001468"/>
        <testcase name="test_misc_static_replacements with data set #3" assertions="1" time="0.001434"/>
        <testcase name="test_misc_static_replacements with data set #4" assertions="1" time="0.001474"/>
        <testcase name="test_misc_static_replacements with data set #5" assertions="1" time="0.001419"/>
        <testcase name="test_misc_static_replacements with data set #6" assertions="1" time="0.001567"/>
        <testcase name="test_misc_static_replacements with data set #7" assertions="1" time="0.001959"/>
        <testcase name="test_misc_static_replacements with data set #8" assertions="1" time="0.001651"/>
        <testcase name="test_misc_static_replacements with data set #9" assertions="1" time="0.001503"/>
      </testsuite>
      <testsuite name="Tests_Formatting_WPTexturize::test_quoted_numbers" tests="9" assertions="9" failures="0" errors="0" time="0.013865">
        <testcase name="test_quoted_numbers with data set #0" assertions="1" time="0.001453"/>
        <testcase name="test_quoted_numbers with data set #1" assertions="1" time="0.001445"/>
        <testcase name="test_quoted_numbers with data set #2" assertions="1" time="0.001445"/>
        <testcase name="test_quoted_numbers with data set #3" assertions="1" time="0.001412"/>
        <testcase name="test_quoted_numbers with data set #4" assertions="1" time="0.001456"/>
        <testcase name="test_quoted_numbers with data set #5" assertions="1" time="0.001438"/>
        <testcase name="test_quoted_numbers with data set #6" assertions="1" time="0.001479"/>
        <testcase name="test_quoted_numbers with data set #7" assertions="1" time="0.001660"/>
        <testcase name="test_quoted_numbers with data set #8" assertions="1" time="0.002077"/>
      </testsuite>
      <testsuite name="Tests_Formatting_WPTexturize::test_quotes_and_dashes" tests="12" assertions="12" failures="0" errors="0" time="0.018819">
        <testcase name="test_quotes_and_dashes with data set #0" assertions="1" time="0.001699"/>
        <testcase name="test_quotes_and_dashes with data set #1" assertions="1" time="0.001551"/>
        <testcase name="test_quotes_and_dashes with data set #2" assertions="1" time="0.001469"/>
        <testcase name="test_quotes_and_dashes with data set #3" assertions="1" time="0.001456"/>
        <testcase name="test_quotes_and_dashes with data set #4" assertions="1" time="0.001488"/>
        <testcase name="test_quotes_and_dashes with data set #5" assertions="1" time="0.001437"/>
        <testcase name="test_quotes_and_dashes with data set #6" assertions="1" time="0.001467"/>
        <testcase name="test_quotes_and_dashes with data set #7" assertions="1" time="0.001452"/>
        <testcase name="test_quotes_and_dashes with data set #8" assertions="1" time="0.001722"/>
        <testcase name="test_quotes_and_dashes with data set #9" assertions="1" time="0.002017"/>
        <testcase name="test_quotes_and_dashes with data set #10" assertions="1" time="0.001551"/>
        <testcase name="test_quotes_and_dashes with data set #11" assertions="1" time="0.001510"/>
      </testsuite>
      <testsuite name="Tests_Formatting_WPTexturize::test_tag_avoidance" tests="52" assertions="52" failures="0" errors="0" time="0.080731">
        <testcase name="test_tag_avoidance with data set #0" assertions="1" time="0.001489"/>
        <testcase name="test_tag_avoidance with data set #1" assertions="1" time="0.001430"/>
        <testcase name="test_tag_avoidance with data set #2" assertions="1" time="0.001444"/>
        <testcase name="test_tag_avoidance with data set #3" assertions="1" time="0.001454"/>
        <testcase name="test_tag_avoidance with data set #4" assertions="1" time="0.001431"/>
        <testcase name="test_tag_avoidance with data set #5" assertions="1" time="0.001422"/>
        <testcase name="test_tag_avoidance with data set #6" assertions="1" time="0.001573"/>
        <testcase name="test_tag_avoidance with data set #7" assertions="1" time="0.001725"/>
        <testcase name="test_tag_avoidance with data set #8" assertions="1" time="0.001852"/>
        <testcase name="test_tag_avoidance with data set #9" assertions="1" time="0.001561"/>
        <testcase name="test_tag_avoidance with data set #10" assertions="1" time="0.001486"/>
        <testcase name="test_tag_avoidance with data set #11" assertions="1" time="0.001469"/>
        <testcase name="test_tag_avoidance with data set #12" assertions="1" time="0.001475"/>
        <testcase name="test_tag_avoidance with data set #13" assertions="1" time="0.001425"/>
        <testcase name="test_tag_avoidance with data set #14" assertions="1" time="0.001428"/>
        <testcase name="test_tag_avoidance with data set #15" assertions="1" time="0.001408"/>
        <testcase name="test_tag_avoidance with data set #16" assertions="1" time="0.001354"/>
        <testcase name="test_tag_avoidance with data set #17" assertions="1" time="0.001434"/>
        <testcase name="test_tag_avoidance with data set #18" assertions="1" time="0.001603"/>
        <testcase name="test_tag_avoidance with data set #19" assertions="1" time="0.001919"/>
        <testcase name="test_tag_avoidance with data set #20" assertions="1" time="0.001568"/>
        <testcase name="test_tag_avoidance with data set #21" assertions="1" time="0.001461"/>
        <testcase name="test_tag_avoidance with data set #22" assertions="1" time="0.001432"/>
        <testcase name="test_tag_avoidance with data set #23" assertions="1" time="0.001419"/>
        <testcase name="test_tag_avoidance with data set #24" assertions="1" time="0.001497"/>
        <testcase name="test_tag_avoidance with data set #25" assertions="1" time="0.001443"/>
        <testcase name="test_tag_avoidance with data set #26" assertions="1" time="0.001454"/>
        <testcase name="test_tag_avoidance with data set #27" assertions="1" time="0.001506"/>
        <testcase name="test_tag_avoidance with data set #28" assertions="1" time="0.001804"/>
        <testcase name="test_tag_avoidance with data set #29" assertions="1" time="0.002070"/>
        <testcase name="test_tag_avoidance with data set #30" assertions="1" time="0.001525"/>
        <testcase name="test_tag_avoidance with data set #31" assertions="1" time="0.001485"/>
        <testcase name="test_tag_avoidance with data set #32" assertions="1" time="0.001450"/>
        <testcase name="test_tag_avoidance with data set #33" assertions="1" time="0.001432"/>
        <testcase name="test_tag_avoidance with data set #34" assertions="1" time="0.001424"/>
        <testcase name="test_tag_avoidance with data set #35" assertions="1" time="0.001422"/>
        <testcase name="test_tag_avoidance with data set #36" assertions="1" time="0.001437"/>
        <testcase name="test_tag_avoidance with data set #37" assertions="1" time="0.001438"/>
        <testcase name="test_tag_avoidance with data set #38" assertions="1" time="0.001509"/>
        <testcase name="test_tag_avoidance with data set #39" assertions="1" time="0.002244"/>
        <testcase name="test_tag_avoidance with data set #40" assertions="1" time="0.001609"/>
        <testcase name="test_tag_avoidance with data set #41" assertions="1" time="0.001465"/>
        <testcase name="test_tag_avoidance with data set #42" assertions="1" time="0.001848"/>
        <testcase name="test_tag_avoidance with data set #43" assertions="1" time="0.001740"/>
        <testcase name="test_tag_avoidance with data set #44" assertions="1" time="0.001472"/>
        <testcase name="test_tag_avoidance with data set #45" assertions="1" time="0.001461"/>
        <testcase name="test_tag_avoidance with data set #46" assertions="1" time="0.001447"/>
        <testcase name="test_tag_avoidance with data set #47" assertions="1" time="0.001458"/>
        <testcase name="test_tag_avoidance with data set #48" assertions="1" time="0.001631"/>
        <testcase name="test_tag_avoidance with data set #49" assertions="1" time="0.002043"/>
        <testcase name="test_tag_avoidance with data set #50" assertions="1" time="0.001651"/>
        <testcase name="test_tag_avoidance with data set #51" assertions="1" time="0.001504"/>
      </testsuite>
      <testsuite name="Tests_Formatting_WPTexturize::test_year_abbr" tests="18" assertions="18" failures="0" errors="0" time="0.025937">
        <testcase name="test_year_abbr with data set #0" assertions="1" time="0.001437"/>
        <testcase name="test_year_abbr with data set #1" assertions="1" time="0.001402"/>
        <testcase name="test_year_abbr with data set #2" assertions="1" time="0.001389"/>
        <testcase name="test_year_abbr with data set #3" assertions="1" time="0.001429"/>
        <testcase name="test_year_abbr with data set #4" assertions="1" time="0.001443"/>
        <testcase name="test_year_abbr with data set #5" assertions="1" time="0.001441"/>
        <testcase name="test_year_abbr with data set #6" assertions="1" time="0.001370"/>
        <testcase name="test_year_abbr with data set #7" assertions="1" time="0.001487"/>
        <testcase name="test_year_abbr with data set #8" assertions="1" time="0.001782"/>
        <testcase name="test_year_abbr with data set #9" assertions="1" time="0.001657"/>
        <testcase name="test_year_abbr with data set #10" assertions="1" time="0.001420"/>
        <testcase name="test_year_abbr with data set #11" assertions="1" time="0.001385"/>
        <testcase name="test_year_abbr with data set #12" assertions="1" time="0.001375"/>
        <testcase name="test_year_abbr with data set #13" assertions="1" time="0.001365"/>
        <testcase name="test_year_abbr with data set #14" assertions="1" time="0.001406"/>
        <testcase name="test_year_abbr with data set #15" assertions="1" time="0.001376"/>
        <testcase name="test_year_abbr with data set #16" assertions="1" time="0.001351"/>
        <testcase name="test_year_abbr with data set #17" assertions="1" time="0.001422"/>
      </testsuite>
      <testsuite name="Tests_Formatting_WPTexturize::test_translate" tests="44" assertions="44" failures="0" errors="0" time="0.070851">
        <testcase name="test_translate with data set #0" assertions="1" time="0.001717"/>
        <testcase name="test_translate with data set #1" assertions="1" time="0.001947"/>
        <testcase name="test_translate with data set #2" assertions="1" time="0.001608"/>
        <testcase name="test_translate with data set #3" assertions="1" time="0.001550"/>
        <testcase name="test_translate with data set #4" assertions="1" time="0.001541"/>
        <testcase name="test_translate with data set #5" assertions="1" time="0.001540"/>
        <testcase name="test_translate with data set #6" assertions="1" time="0.001503"/>
        <testcase name="test_translate with data set #7" assertions="1" time="0.001492"/>
        <testcase name="test_translate with data set #8" assertions="1" time="0.001511"/>
        <testcase name="test_translate with data set #9" assertions="1" time="0.001481"/>
        <testcase name="test_translate with data set #10" assertions="1" time="0.001592"/>
        <testcase name="test_translate with data set #11" assertions="1" time="0.001886"/>
        <testcase name="test_translate with data set #12" assertions="1" time="0.001734"/>
        <testcase name="test_translate with data set #13" assertions="1" time="0.001602"/>
        <testcase name="test_translate with data set #14" assertions="1" time="0.001573"/>
        <testcase name="test_translate with data set #15" assertions="1" time="0.001606"/>
        <testcase name="test_translate with data set #16" assertions="1" time="0.001546"/>
        <testcase name="test_translate with data set #17" assertions="1" time="0.001581"/>
        <testcase name="test_translate with data set #18" assertions="1" time="0.001519"/>
        <testcase name="test_translate with data set #19" assertions="1" time="0.001503"/>
        <testcase name="test_translate with data set #20" assertions="1" time="0.001695"/>
        <testcase name="test_translate with data set #21" assertions="1" time="0.001801"/>
        <testcase name="test_translate with data set #22" assertions="1" time="0.001601"/>
        <testcase name="test_translate with data set #23" assertions="1" time="0.001526"/>
        <testcase name="test_translate with data set #24" assertions="1" time="0.001503"/>
        <testcase name="test_translate with data set #25" assertions="1" time="0.001492"/>
        <testcase name="test_translate with data set #26" assertions="1" time="0.001490"/>
        <testcase name="test_translate with data set #27" assertions="1" time="0.001491"/>
        <testcase name="test_translate with data set #28" assertions="1" time="0.001492"/>
        <testcase name="test_translate with data set #29" assertions="1" time="0.001492"/>
        <testcase name="test_translate with data set #30" assertions="1" time="0.001567"/>
        <testcase name="test_translate with data set #31" assertions="1" time="0.002113"/>
        <testcase name="test_translate with data set #32" assertions="1" time="0.001822"/>
        <testcase name="test_translate with data set #33" assertions="1" time="0.001547"/>
        <testcase name="test_translate with data set #34" assertions="1" time="0.001505"/>
        <testcase name="test_translate with data set #35" assertions="1" time="0.001628"/>
        <testcase name="test_translate with data set #36" assertions="1" time="0.001498"/>
        <testcase name="test_translate with data set #37" assertions="1" time="0.001484"/>
        <testcase name="test_translate with data set #38" assertions="1" time="0.001481"/>
        <testcase name="test_translate with data set #39" assertions="1" time="0.001467"/>
        <testcase name="test_translate with data set #40" assertions="1" time="0.001517"/>
        <testcase name="test_translate with data set #41" assertions="1" time="0.001655"/>
        <testcase name="test_translate with data set #42" assertions="1" time="0.002310"/>
        <testcase name="test_translate with data set #43" assertions="1" time="0.001642"/>
      </testsuite>
      <testsuite name="Tests_Formatting_WPTexturize::test_element_stack" tests="9" assertions="9" failures="0" errors="0" time="0.013793">
        <testcase name="test_element_stack with data set #0" assertions="1" time="0.001455"/>
        <testcase name="test_element_stack with data set #1" assertions="1" time="0.001476"/>
        <testcase name="test_element_stack with data set #2" assertions="1" time="0.001469"/>
        <testcase name="test_element_stack with data set #3" assertions="1" time="0.001433"/>
        <testcase name="test_element_stack with data set #4" assertions="1" time="0.001485"/>
        <testcase name="test_element_stack with data set #5" assertions="1" time="0.001447"/>
        <testcase name="test_element_stack with data set #6" assertions="1" time="0.001447"/>
        <testcase name="test_element_stack with data set #7" assertions="1" time="0.001702"/>
        <testcase name="test_element_stack with data set #8" assertions="1" time="0.001879"/>
      </testsuite>
      <testsuite name="Tests_Formatting_WPTexturize::test_unregistered_shortcodes" tests="15" assertions="15" failures="0" errors="0" time="0.023094">
        <testcase name="test_unregistered_shortcodes with data set #0" assertions="1" time="0.001603"/>
        <testcase name="test_unregistered_shortcodes with data set #1" assertions="1" time="0.001567"/>
        <testcase name="test_unregistered_shortcodes with data set #2" assertions="1" time="0.001469"/>
        <testcase name="test_unregistered_shortcodes with data set #3" assertions="1" time="0.001488"/>
        <testcase name="test_unregistered_shortcodes with data set #4" assertions="1" time="0.001470"/>
        <testcase name="test_unregistered_shortcodes with data set #5" assertions="1" time="0.001416"/>
        <testcase name="test_unregistered_shortcodes with data set #6" assertions="1" time="0.001465"/>
        <testcase name="test_unregistered_shortcodes with data set #7" assertions="1" time="0.001546"/>
        <testcase name="test_unregistered_shortcodes with data set #8" assertions="1" time="0.001584"/>
        <testcase name="test_unregistered_shortcodes with data set #9" assertions="1" time="0.001799"/>
        <testcase name="test_unregistered_shortcodes with data set #10" assertions="1" time="0.001720"/>
        <testcase name="test_unregistered_shortcodes with data set #11" assertions="1" time="0.001526"/>
        <testcase name="test_unregistered_shortcodes with data set #12" assertions="1" time="0.001492"/>
        <testcase name="test_unregistered_shortcodes with data set #13" assertions="1" time="0.001508"/>
        <testcase name="test_unregistered_shortcodes with data set #14" assertions="1" time="0.001442"/>
      </testsuite>
      <testsuite name="Tests_Formatting_WPTexturize::test_primes_vs_quotes" tests="8" assertions="8" failures="0" errors="0" time="0.012431">
        <testcase name="test_primes_vs_quotes with data set #0" assertions="1" time="0.001467"/>
        <testcase name="test_primes_vs_quotes with data set #1" assertions="1" time="0.001435"/>
        <testcase name="test_primes_vs_quotes with data set #2" assertions="1" time="0.001433"/>
        <testcase name="test_primes_vs_quotes with data set #3" assertions="1" time="0.001481"/>
        <testcase name="test_primes_vs_quotes with data set #4" assertions="1" time="0.001861"/>
        <testcase name="test_primes_vs_quotes with data set #5" assertions="1" time="0.001701"/>
        <testcase name="test_primes_vs_quotes with data set #6" assertions="1" time="0.001572"/>
        <testcase name="test_primes_vs_quotes with data set #7" assertions="1" time="0.001481"/>
      </testsuite>
      <testsuite name="Tests_Formatting_WPTexturize::test_primes_quotes_translation" tests="8" assertions="8" failures="0" errors="0" time="0.012144">
        <testcase name="test_primes_quotes_translation with data set #0" assertions="1" time="0.001476"/>
        <testcase name="test_primes_quotes_translation with data set #1" assertions="1" time="0.001449"/>
        <testcase name="test_primes_quotes_translation with data set #2" assertions="1" time="0.001462"/>
        <testcase name="test_primes_quotes_translation with data set #3" assertions="1" time="0.001482"/>
        <testcase name="test_primes_quotes_translation with data set #4" assertions="1" time="0.001459"/>
        <testcase name="test_primes_quotes_translation with data set #5" assertions="1" time="0.001486"/>
        <testcase name="test_primes_quotes_translation with data set #6" assertions="1" time="0.001568"/>
        <testcase name="test_primes_quotes_translation with data set #7" assertions="1" time="0.001762"/>
      </testsuite>
      <testsuite name="Tests_Formatting_WPTexturize::test_pcre_performance" tests="3" assertions="6" failures="0" errors="0" time="0.005938">
        <testcase name="test_pcre_performance with data set #0" assertions="2" time="0.001658"/>
        <testcase name="test_pcre_performance with data set #1" assertions="2" time="0.002559"/>
        <testcase name="test_pcre_performance with data set #2" assertions="2" time="0.001721"/>
      </testsuite>
      <testcase name="test_trailing_less_than" class="Tests_Formatting_WPTexturize" file="/Users/msaari/wordpress-develop/tests/phpunit/tests/formatting/WPTexturize.php" line="2097" assertions="1" time="0.001486"/>
    </testsuite>
    <testsuite name="Tests_Formatting_WPTrimWords" file="/Users/msaari/wordpress-develop/tests/phpunit/tests/formatting/WPTrimWords.php" tests="6" assertions="7" failures="0" errors="0" time="0.009095">
      <testcase name="test_trims_to_55_by_default" class="Tests_Formatting_WPTrimWords" file="/Users/msaari/wordpress-develop/tests/phpunit/tests/formatting/WPTrimWords.php" line="9" assertions="1" time="0.001585"/>
      <testcase name="test_trims_to_10" class="Tests_Formatting_WPTrimWords" file="/Users/msaari/wordpress-develop/tests/phpunit/tests/formatting/WPTrimWords.php" line="14" assertions="1" time="0.001601"/>
      <testcase name="test_trims_to_5_and_uses_custom_more" class="Tests_Formatting_WPTrimWords" file="/Users/msaari/wordpress-develop/tests/phpunit/tests/formatting/WPTrimWords.php" line="19" assertions="1" time="0.001502"/>
      <testcase name="test_strips_tags_before_trimming" class="Tests_Formatting_WPTrimWords" file="/Users/msaari/wordpress-develop/tests/phpunit/tests/formatting/WPTrimWords.php" line="24" assertions="1" time="0.001473"/>
      <testcase name="test_strips_script_and_style_content" class="Tests_Formatting_WPTrimWords" file="/Users/msaari/wordpress-develop/tests/phpunit/tests/formatting/WPTrimWords.php" line="31" assertions="2" time="0.001464"/>
      <testcase name="test_doesnt_trim_short_text" class="Tests_Formatting_WPTrimWords" file="/Users/msaari/wordpress-develop/tests/phpunit/tests/formatting/WPTrimWords.php" line="41" assertions="1" time="0.001470"/>
    </testsuite>
    <testsuite name="Tests_Formatting_WpHtmlEditPre" file="/Users/msaari/wordpress-develop/tests/phpunit/tests/formatting/WpHtmlEditPre.php" tests="2" assertions="4" failures="0" errors="0" time="0.002692">
      <testcase name="test_wp_htmledit_pre_charset_iso_8859_1" class="Tests_Formatting_WpHtmlEditPre" file="/Users/msaari/wordpress-develop/tests/phpunit/tests/formatting/WpHtmlEditPre.php" line="17" assertions="2" time="0.001253"/>
      <testcase name="test_wp_htmledit_pre_charset_utf_8" class="Tests_Formatting_WpHtmlEditPre" file="/Users/msaari/wordpress-develop/tests/phpunit/tests/formatting/WpHtmlEditPre.php" line="31" assertions="2" time="0.001439"/>
    </testsuite>
    <testsuite name="Tests_Formatting_WpHtmlSplit" file="/Users/msaari/wordpress-develop/tests/phpunit/tests/formatting/WpHtmlSplit.php" tests="7" assertions="7" failures="0" errors="0" time="0.009965">
      <testsuite name="Tests_Formatting_WpHtmlSplit::test_basic_features" tests="4" assertions="4" failures="0" errors="0" time="0.005553">
        <testcase name="test_basic_features with data set #0" assertions="1" time="0.001331"/>
        <testcase name="test_basic_features with data set #1" assertions="1" time="0.001438"/>
        <testcase name="test_basic_features with data set #2" assertions="1" time="0.001361"/>
        <testcase name="test_basic_features with data set #3" assertions="1" time="0.001423"/>
      </testsuite>
      <testsuite name="Tests_Formatting_WpHtmlSplit::test_pcre_performance" tests="3" assertions="3" failures="0" errors="0" time="0.004412">
        <testcase name="test_pcre_performance with data set #0" assertions="1" time="0.001444"/>
        <testcase name="test_pcre_performance with data set #1" assertions="1" time="0.001570"/>
        <testcase name="test_pcre_performance with data set #2" assertions="1" time="0.001398"/>
      </testsuite>
    </testsuite>
    <testsuite name="Tests_Formatting_WpReplaceInTags" file="/Users/msaari/wordpress-develop/tests/phpunit/tests/formatting/WpReplaceInHtmlTags.php" tests="4" assertions="4" failures="0" errors="0" time="0.006924">
      <testsuite name="Tests_Formatting_WpReplaceInTags::test_wp_replace_in_html_tags" tests="4" assertions="4" failures="0" errors="0" time="0.006924">
        <testcase name="test_wp_replace_in_html_tags with data set #0" assertions="1" time="0.001720"/>
        <testcase name="test_wp_replace_in_html_tags with data set #1" assertions="1" time="0.002023"/>
        <testcase name="test_wp_replace_in_html_tags with data set #2" assertions="1" time="0.001622"/>
        <testcase name="test_wp_replace_in_html_tags with data set #3" assertions="1" time="0.001559"/>
      </testsuite>
    </testsuite>
    <testsuite name="Tests_Formatting_WpRichEditPre" file="/Users/msaari/wordpress-develop/tests/phpunit/tests/formatting/WpRichEditPre.php" tests="2" assertions="4" failures="0" errors="0" time="0.002672">
      <testcase name="test_wp_richedit_pre_charset_iso_8859_1" class="Tests_Formatting_WpRichEditPre" file="/Users/msaari/wordpress-develop/tests/phpunit/tests/formatting/WpRichEditPre.php" line="17" assertions="2" time="0.001262"/>
      <testcase name="test_wp_richedit_pre_charset_utf_8" class="Tests_Formatting_WpRichEditPre" file="/Users/msaari/wordpress-develop/tests/phpunit/tests/formatting/WpRichEditPre.php" line="31" assertions="2" time="0.001410"/>
    </testsuite>
    <testsuite name="Tests_Formatting_WpTrimExcerpt" file="/Users/msaari/wordpress-develop/tests/phpunit/tests/formatting/WpTrimExcerpt.php" tests="2" assertions="2" failures="0" errors="0" time="0.051128">
      <testcase name="test_secondary_loop_respect_more" class="Tests_Formatting_WpTrimExcerpt" file="/Users/msaari/wordpress-develop/tests/phpunit/tests/formatting/WpTrimExcerpt.php" line="11" assertions="1" time="0.024840"/>
      <testcase name="test_secondary_loop_respect_nextpage" class="Tests_Formatting_WpTrimExcerpt" file="/Users/msaari/wordpress-develop/tests/phpunit/tests/formatting/WpTrimExcerpt.php" line="42" assertions="1" time="0.026288"/>
    </testsuite>
    <testsuite name="Tests_Formatting_Zeroise" file="/Users/msaari/wordpress-develop/tests/phpunit/tests/formatting/Zeroise.php" tests="2" assertions="2" failures="0" errors="0" time="0.002853">
      <testcase name="test_pads_with_leading_zeroes" class="Tests_Formatting_Zeroise" file="/Users/msaari/wordpress-develop/tests/phpunit/tests/formatting/Zeroise.php" line="7" assertions="1" time="0.001353"/>
      <testcase name="test_does_nothing_if_input_is_already_longer" class="Tests_Formatting_Zeroise" file="/Users/msaari/wordpress-develop/tests/phpunit/tests/formatting/Zeroise.php" line="11" assertions="1" time="0.001500"/>
    </testsuite>
    <testsuite name="Tests_Formatting_BalanceTags" file="/Users/msaari/wordpress-develop/tests/phpunit/tests/formatting/balanceTags.php" tests="46" assertions="76" failures="0" errors="0" time="0.071998">
      <testsuite name="Tests_Formatting_BalanceTags::test_selfcloses_unclosed_known_single_tags" tests="16" assertions="16" failures="0" errors="0" time="0.023599">
        <testcase name="test_selfcloses_unclosed_known_single_tags with data set #0" assertions="1" time="0.001269"/>
        <testcase name="test_selfcloses_unclosed_known_single_tags with data set #1" assertions="1" time="0.001401"/>
        <testcase name="test_selfcloses_unclosed_known_single_tags with data set #2" assertions="1" time="0.001380"/>
        <testcase name="test_selfcloses_unclosed_known_single_tags with data set #3" assertions="1" time="0.001363"/>
        <testcase name="test_selfcloses_unclosed_known_single_tags with data set #4" assertions="1" time="0.001385"/>
        <testcase name="test_selfcloses_unclosed_known_single_tags with data set #5" assertions="1" time="0.001985"/>
        <testcase name="test_selfcloses_unclosed_known_single_tags with data set #6" assertions="1" time="0.001633"/>
        <testcase name="test_selfcloses_unclosed_known_single_tags with data set #7" assertions="1" time="0.001520"/>
        <testcase name="test_selfcloses_unclosed_known_single_tags with data set #8" assertions="1" time="0.001543"/>
        <testcase name="test_selfcloses_unclosed_known_single_tags with data set #9" assertions="1" time="0.001416"/>
        <testcase name="test_selfcloses_unclosed_known_single_tags with data set #10" assertions="1" time="0.001364"/>
        <testcase name="test_selfcloses_unclosed_known_single_tags with data set #11" assertions="1" time="0.001351"/>
        <testcase name="test_selfcloses_unclosed_known_single_tags with data set #12" assertions="1" time="0.001340"/>
        <testcase name="test_selfcloses_unclosed_known_single_tags with data set #13" assertions="1" time="0.001382"/>
        <testcase name="test_selfcloses_unclosed_known_single_tags with data set #14" assertions="1" time="0.001352"/>
        <testcase name="test_selfcloses_unclosed_known_single_tags with data set #15" assertions="1" time="0.001915"/>
      </testsuite>
      <testsuite name="Tests_Formatting_BalanceTags::test_selfcloses_known_single_tags_having_closing_tag" tests="16" assertions="16" failures="0" errors="0" time="0.026397">
        <testcase name="test_selfcloses_known_single_tags_having_closing_tag with data set #0" assertions="1" time="0.002299"/>
        <testcase name="test_selfcloses_known_single_tags_having_closing_tag with data set #1" assertions="1" time="0.001872"/>
        <testcase name="test_selfcloses_known_single_tags_having_closing_tag with data set #2" assertions="1" time="0.001654"/>
        <testcase name="test_selfcloses_known_single_tags_having_closing_tag with data set #3" assertions="1" time="0.001534"/>
        <testcase name="test_selfcloses_known_single_tags_having_closing_tag with data set #4" assertions="1" time="0.001490"/>
        <testcase name="test_selfcloses_known_single_tags_having_closing_tag with data set #5" assertions="1" time="0.001475"/>
        <testcase name="test_selfcloses_known_single_tags_having_closing_tag with data set #6" assertions="1" time="0.001484"/>
        <testcase name="test_selfcloses_known_single_tags_having_closing_tag with data set #7" assertions="1" time="0.001428"/>
        <testcase name="test_selfcloses_known_single_tags_having_closing_tag with data set #8" assertions="1" time="0.001441"/>
        <testcase name="test_selfcloses_known_single_tags_having_closing_tag with data set #9" assertions="1" time="0.001886"/>
        <testcase name="test_selfcloses_known_single_tags_having_closing_tag with data set #10" assertions="1" time="0.002140"/>
        <testcase name="test_selfcloses_known_single_tags_having_closing_tag with data set #11" assertions="1" time="0.001708"/>
        <testcase name="test_selfcloses_known_single_tags_having_closing_tag with data set #12" assertions="1" time="0.001496"/>
        <testcase name="test_selfcloses_known_single_tags_having_closing_tag with data set #13" assertions="1" time="0.001536"/>
        <testcase name="test_selfcloses_known_single_tags_having_closing_tag with data set #14" assertions="1" time="0.001484"/>
        <testcase name="test_selfcloses_known_single_tags_having_closing_tag with data set #15" assertions="1" time="0.001470"/>
      </testsuite>
      <testcase name="test_closes_unknown_single_tags_with_closing_tag" class="Tests_Formatting_BalanceTags" file="/Users/msaari/wordpress-develop/tests/phpunit/tests/formatting/balanceTags.php" line="64" assertions="4" time="0.001508"/>
      <testcase name="test_closes_unclosed_single_tags_having_attributes" class="Tests_Formatting_BalanceTags" file="/Users/msaari/wordpress-develop/tests/phpunit/tests/formatting/balanceTags.php" line="84" assertions="2" time="0.001479"/>
      <testcase name="test_allows_validly_closed_single_tags" class="Tests_Formatting_BalanceTags" file="/Users/msaari/wordpress-develop/tests/phpunit/tests/formatting/balanceTags.php" line="99" assertions="4" time="0.001483"/>
      <testsuite name="Tests_Formatting_BalanceTags::test_balances_nestable_tags" tests="5" assertions="15" failures="0" errors="0" time="0.008862">
        <testcase name="test_balances_nestable_tags with data set #0" assertions="3" time="0.001902"/>
        <testcase name="test_balances_nestable_tags with data set #1" assertions="3" time="0.002115"/>
        <testcase name="test_balances_nestable_tags with data set #2" assertions="3" time="0.001728"/>
        <testcase name="test_balances_nestable_tags with data set #3" assertions="3" time="0.001606"/>
        <testcase name="test_balances_nestable_tags with data set #4" assertions="3" time="0.001511"/>
      </testsuite>
      <testcase name="test_allows_adjacent_nestable_tags" class="Tests_Formatting_BalanceTags" file="/Users/msaari/wordpress-develop/tests/phpunit/tests/formatting/balanceTags.php" line="132" assertions="5" time="0.001490"/>
      <testcase name="test_allows_immediately_nested_object_tags" class="Tests_Formatting_BalanceTags" file="/Users/msaari/wordpress-develop/tests/phpunit/tests/formatting/balanceTags.php" line="149" assertions="1" time="0.001412"/>
      <testcase name="test_balances_nested_non_nestable_tags" class="Tests_Formatting_BalanceTags" file="/Users/msaari/wordpress-develop/tests/phpunit/tests/formatting/balanceTags.php" line="154" assertions="2" time="0.001343"/>
      <testcase name="test_fixes_improper_closing_tag_sequence" class="Tests_Formatting_BalanceTags" file="/Users/msaari/wordpress-develop/tests/phpunit/tests/formatting/balanceTags.php" line="169" assertions="2" time="0.001413"/>
      <testcase name="test_adds_missing_closing_tags" class="Tests_Formatting_BalanceTags" file="/Users/msaari/wordpress-develop/tests/phpunit/tests/formatting/balanceTags.php" line="184" assertions="5" time="0.001402"/>
      <testcase name="test_removes_extraneous_closing_tags" class="Tests_Formatting_BalanceTags" file="/Users/msaari/wordpress-develop/tests/phpunit/tests/formatting/balanceTags.php" line="205" assertions="4" time="0.001610"/>
    </testsuite>
    <testsuite name="Tests_Formatting_Date" file="/Users/msaari/wordpress-develop/tests/phpunit/tests/formatting/date.php" tests="9" assertions="9" failures="0" errors="0" time="0.018500">
      <testcase name="test_get_date_from_gmt_outside_of_dst" class="Tests_Formatting_Date" file="/Users/msaari/wordpress-develop/tests/phpunit/tests/formatting/date.php" line="14" assertions="1" time="0.002101"/>
      <testcase name="test_get_date_from_gmt_during_dst" class="Tests_Formatting_Date" file="/Users/msaari/wordpress-develop/tests/phpunit/tests/formatting/date.php" line="25" assertions="1" time="0.002262"/>
      <testcase name="test_get_gmt_from_date_outside_of_dst" class="Tests_Formatting_Date" file="/Users/msaari/wordpress-develop/tests/phpunit/tests/formatting/date.php" line="35" assertions="1" time="0.002086"/>
      <testcase name="test_get_gmt_from_date_during_dst" class="Tests_Formatting_Date" file="/Users/msaari/wordpress-develop/tests/phpunit/tests/formatting/date.php" line="44" assertions="1" time="0.002040"/>
      <testcase name="test_get_date_and_time_from_gmt_no_timezone" class="Tests_Formatting_Date" file="/Users/msaari/wordpress-develop/tests/phpunit/tests/formatting/date.php" line="54" assertions="1" time="0.001582"/>
      <testcase name="test_get_gmt_from_date_no_timezone" class="Tests_Formatting_Date" file="/Users/msaari/wordpress-develop/tests/phpunit/tests/formatting/date.php" line="62" assertions="1" time="0.001669"/>
      <testcase name="test_get_gmt_from_date_short_date" class="Tests_Formatting_Date" file="/Users/msaari/wordpress-develop/tests/phpunit/tests/formatting/date.php" line="71" assertions="1" time="0.002731"/>
      <testcase name="test_get_gmt_from_date_string_date" class="Tests_Formatting_Date" file="/Users/msaari/wordpress-develop/tests/phpunit/tests/formatting/date.php" line="81" assertions="1" time="0.002380"/>
      <testcase name="test_get_gmt_from_date_string_date_no_timezone" class="Tests_Formatting_Date" file="/Users/msaari/wordpress-develop/tests/phpunit/tests/formatting/date.php" line="91" assertions="1" time="0.001649"/>
    </testsuite>
    <testsuite name="Tests_Formatting_Ent2NCR" file="/Users/msaari/wordpress-develop/tests/phpunit/tests/formatting/ent2ncr.php" tests="251" assertions="251" failures="0" errors="0" time="0.390451">
      <testsuite name="Tests_Formatting_Ent2NCR::test_converts_named_entities_to_numeric_character_references" tests="251" assertions="251" failures="0" errors="0" time="0.390451">
        <testcase name="test_converts_named_entities_to_numeric_character_references with data set #0" assertions="1" time="0.001888"/>
        <testcase name="test_converts_named_entities_to_numeric_character_references with data set #1" assertions="1" time="0.001606"/>
        <testcase name="test_converts_named_entities_to_numeric_character_references with data set #2" assertions="1" time="0.001524"/>
        <testcase name="test_converts_named_entities_to_numeric_character_references with data set #3" assertions="1" time="0.001561"/>
        <testcase name="test_converts_named_entities_to_numeric_character_references with data set #4" assertions="1" time="0.001509"/>
        <testcase name="test_converts_named_entities_to_numeric_character_references with data set #5" assertions="1" time="0.001513"/>
        <testcase name="test_converts_named_entities_to_numeric_character_references with data set #6" assertions="1" time="0.001661"/>
        <testcase name="test_converts_named_entities_to_numeric_character_references with data set #7" assertions="1" time="0.002221"/>
        <testcase name="test_converts_named_entities_to_numeric_character_references with data set #8" assertions="1" time="0.001624"/>
        <testcase name="test_converts_named_entities_to_numeric_character_references with data set #9" assertions="1" time="0.001524"/>
        <testcase name="test_converts_named_entities_to_numeric_character_references with data set #10" assertions="1" time="0.001510"/>
        <testcase name="test_converts_named_entities_to_numeric_character_references with data set #11" assertions="1" time="0.001482"/>
        <testcase name="test_converts_named_entities_to_numeric_character_references with data set #12" assertions="1" time="0.001447"/>
        <testcase name="test_converts_named_entities_to_numeric_character_references with data set #13" assertions="1" time="0.001389"/>
        <testcase name="test_converts_named_entities_to_numeric_character_references with data set #14" assertions="1" time="0.001433"/>
        <testcase name="test_converts_named_entities_to_numeric_character_references with data set #15" assertions="1" time="0.001412"/>
        <testcase name="test_converts_named_entities_to_numeric_character_references with data set #16" assertions="1" time="0.001480"/>
        <testcase name="test_converts_named_entities_to_numeric_character_references with data set #17" assertions="1" time="0.002386"/>
        <testcase name="test_converts_named_entities_to_numeric_character_references with data set #18" assertions="1" time="0.002249"/>
        <testcase name="test_converts_named_entities_to_numeric_character_references with data set #19" assertions="1" time="0.001740"/>
        <testcase name="test_converts_named_entities_to_numeric_character_references with data set #20" assertions="1" time="0.001583"/>
        <testcase name="test_converts_named_entities_to_numeric_character_references with data set #21" assertions="1" time="0.001507"/>
        <testcase name="test_converts_named_entities_to_numeric_character_references with data set #22" assertions="1" time="0.001425"/>
        <testcase name="test_converts_named_entities_to_numeric_character_references with data set #23" assertions="1" time="0.001440"/>
        <testcase name="test_converts_named_entities_to_numeric_character_references with data set #24" assertions="1" time="0.001418"/>
        <testcase name="test_converts_named_entities_to_numeric_character_references with data set #25" assertions="1" time="0.001412"/>
        <testcase name="test_converts_named_entities_to_numeric_character_references with data set #26" assertions="1" time="0.001487"/>
        <testcase name="test_converts_named_entities_to_numeric_character_references with data set #27" assertions="1" time="0.002022"/>
        <testcase name="test_converts_named_entities_to_numeric_character_references with data set #28" assertions="1" time="0.001634"/>
        <testcase name="test_converts_named_entities_to_numeric_character_references with data set #29" assertions="1" time="0.001595"/>
        <testcase name="test_converts_named_entities_to_numeric_character_references with data set #30" assertions="1" time="0.001584"/>
        <testcase name="test_converts_named_entities_to_numeric_character_references with data set #31" assertions="1" time="0.001642"/>
        <testcase name="test_converts_named_entities_to_numeric_character_references with data set #32" assertions="1" time="0.001537"/>
        <testcase name="test_converts_named_entities_to_numeric_character_references with data set #33" assertions="1" time="0.001480"/>
        <testcase name="test_converts_named_entities_to_numeric_character_references with data set #34" assertions="1" time="0.001460"/>
        <testcase name="test_converts_named_entities_to_numeric_character_references with data set #35" assertions="1" time="0.001438"/>
        <testcase name="test_converts_named_entities_to_numeric_character_references with data set #36" assertions="1" time="0.001420"/>
        <testcase name="test_converts_named_entities_to_numeric_character_references with data set #37" assertions="1" time="0.001631"/>
        <testcase name="test_converts_named_entities_to_numeric_character_references with data set #38" assertions="1" time="0.001749"/>
        <testcase name="test_converts_named_entities_to_numeric_character_references with data set #39" assertions="1" time="0.001534"/>
        <testcase name="test_converts_named_entities_to_numeric_character_references with data set #40" assertions="1" time="0.001480"/>
        <testcase name="test_converts_named_entities_to_numeric_character_references with data set #41" assertions="1" time="0.001416"/>
        <testcase name="test_converts_named_entities_to_numeric_character_references with data set #42" assertions="1" time="0.001483"/>
        <testcase name="test_converts_named_entities_to_numeric_character_references with data set #43" assertions="1" time="0.001410"/>
        <testcase name="test_converts_named_entities_to_numeric_character_references with data set #44" assertions="1" time="0.001439"/>
        <testcase name="test_converts_named_entities_to_numeric_character_references with data set #45" assertions="1" time="0.001454"/>
        <testcase name="test_converts_named_entities_to_numeric_character_references with data set #46" assertions="1" time="0.001429"/>
        <testcase name="test_converts_named_entities_to_numeric_character_references with data set #47" assertions="1" time="0.001484"/>
        <testcase name="test_converts_named_entities_to_numeric_character_references with data set #48" assertions="1" time="0.002405"/>
        <testcase name="test_converts_named_entities_to_numeric_character_references with data set #49" assertions="1" time="0.001925"/>
        <testcase name="test_converts_named_entities_to_numeric_character_references with data set #50" assertions="1" time="0.001631"/>
        <testcase name="test_converts_named_entities_to_numeric_character_references with data set #51" assertions="1" time="0.001451"/>
        <testcase name="test_converts_named_entities_to_numeric_character_references with data set #52" assertions="1" time="0.001506"/>
        <testcase name="test_converts_named_entities_to_numeric_character_references with data set #53" assertions="1" time="0.001431"/>
        <testcase name="test_converts_named_entities_to_numeric_character_references with data set #54" assertions="1" time="0.001435"/>
        <testcase name="test_converts_named_entities_to_numeric_character_references with data set #55" assertions="1" time="0.001464"/>
        <testcase name="test_converts_named_entities_to_numeric_character_references with data set #56" assertions="1" time="0.001444"/>
        <testcase name="test_converts_named_entities_to_numeric_character_references with data set #57" assertions="1" time="0.001516"/>
        <testcase name="test_converts_named_entities_to_numeric_character_references with data set #58" assertions="1" time="0.001659"/>
        <testcase name="test_converts_named_entities_to_numeric_character_references with data set #59" assertions="1" time="0.002028"/>
        <testcase name="test_converts_named_entities_to_numeric_character_references with data set #60" assertions="1" time="0.001555"/>
        <testcase name="test_converts_named_entities_to_numeric_character_references with data set #61" assertions="1" time="0.001484"/>
        <testcase name="test_converts_named_entities_to_numeric_character_references with data set #62" assertions="1" time="0.001426"/>
        <testcase name="test_converts_named_entities_to_numeric_character_references with data set #63" assertions="1" time="0.001475"/>
        <testcase name="test_converts_named_entities_to_numeric_character_references with data set #64" assertions="1" time="0.001507"/>
        <testcase name="test_converts_named_entities_to_numeric_character_references with data set #65" assertions="1" time="0.001460"/>
        <testcase name="test_converts_named_entities_to_numeric_character_references with data set #66" assertions="1" time="0.001508"/>
        <testcase name="test_converts_named_entities_to_numeric_character_references with data set #67" assertions="1" time="0.001474"/>
        <testcase name="test_converts_named_entities_to_numeric_character_references with data set #68" assertions="1" time="0.001791"/>
        <testcase name="test_converts_named_entities_to_numeric_character_references with data set #69" assertions="1" time="0.002196"/>
        <testcase name="test_converts_named_entities_to_numeric_character_references with data set #70" assertions="1" time="0.001860"/>
        <testcase name="test_converts_named_entities_to_numeric_character_references with data set #71" assertions="1" time="0.001474"/>
        <testcase name="test_converts_named_entities_to_numeric_character_references with data set #72" assertions="1" time="0.001528"/>
        <testcase name="test_converts_named_entities_to_numeric_character_references with data set #73" assertions="1" time="0.001446"/>
        <testcase name="test_converts_named_entities_to_numeric_character_references with data set #74" assertions="1" time="0.001427"/>
        <testcase name="test_converts_named_entities_to_numeric_character_references with data set #75" assertions="1" time="0.001599"/>
        <testcase name="test_converts_named_entities_to_numeric_character_references with data set #76" assertions="1" time="0.001986"/>
        <testcase name="test_converts_named_entities_to_numeric_character_references with data set #77" assertions="1" time="0.002190"/>
        <testcase name="test_converts_named_entities_to_numeric_character_references with data set #78" assertions="1" time="0.002035"/>
        <testcase name="test_converts_named_entities_to_numeric_character_references with data set #79" assertions="1" time="0.001555"/>
        <testcase name="test_converts_named_entities_to_numeric_character_references with data set #80" assertions="1" time="0.001431"/>
        <testcase name="test_converts_named_entities_to_numeric_character_references with data set #81" assertions="1" time="0.001439"/>
        <testcase name="test_converts_named_entities_to_numeric_character_references with data set #82" assertions="1" time="0.001385"/>
        <testcase name="test_converts_named_entities_to_numeric_character_references with data set #83" assertions="1" time="0.001361"/>
        <testcase name="test_converts_named_entities_to_numeric_character_references with data set #84" assertions="1" time="0.001355"/>
        <testcase name="test_converts_named_entities_to_numeric_character_references with data set #85" assertions="1" time="0.001336"/>
        <testcase name="test_converts_named_entities_to_numeric_character_references with data set #86" assertions="1" time="0.001357"/>
        <testcase name="test_converts_named_entities_to_numeric_character_references with data set #87" assertions="1" time="0.001349"/>
        <testcase name="test_converts_named_entities_to_numeric_character_references with data set #88" assertions="1" time="0.001866"/>
        <testcase name="test_converts_named_entities_to_numeric_character_references with data set #89" assertions="1" time="0.001907"/>
        <testcase name="test_converts_named_entities_to_numeric_character_references with data set #90" assertions="1" time="0.001585"/>
        <testcase name="test_converts_named_entities_to_numeric_character_references with data set #91" assertions="1" time="0.001457"/>
        <testcase name="test_converts_named_entities_to_numeric_character_references with data set #92" assertions="1" time="0.001406"/>
        <testcase name="test_converts_named_entities_to_numeric_character_references with data set #93" assertions="1" time="0.001419"/>
        <testcase name="test_converts_named_entities_to_numeric_character_references with data set #94" assertions="1" time="0.001410"/>
        <testcase name="test_converts_named_entities_to_numeric_character_references with data set #95" assertions="1" time="0.001444"/>
        <testcase name="test_converts_named_entities_to_numeric_character_references with data set #96" assertions="1" time="0.001483"/>
        <testcase name="test_converts_named_entities_to_numeric_character_references with data set #97" assertions="1" time="0.001450"/>
        <testcase name="test_converts_named_entities_to_numeric_character_references with data set #98" assertions="1" time="0.001467"/>
        <testcase name="test_converts_named_entities_to_numeric_character_references with data set #99" assertions="1" time="0.001798"/>
        <testcase name="test_converts_named_entities_to_numeric_character_references with data set #100" assertions="1" time="0.001502"/>
        <testcase name="test_converts_named_entities_to_numeric_character_references with data set #101" assertions="1" time="0.001407"/>
        <testcase name="test_converts_named_entities_to_numeric_character_references with data set #102" assertions="1" time="0.001468"/>
        <testcase name="test_converts_named_entities_to_numeric_character_references with data set #103" assertions="1" time="0.001393"/>
        <testcase name="test_converts_named_entities_to_numeric_character_references with data set #104" assertions="1" time="0.001468"/>
        <testcase name="test_converts_named_entities_to_numeric_character_references with data set #105" assertions="1" time="0.001406"/>
        <testcase name="test_converts_named_entities_to_numeric_character_references with data set #106" assertions="1" time="0.001428"/>
        <testcase name="test_converts_named_entities_to_numeric_character_references with data set #107" assertions="1" time="0.001458"/>
        <testcase name="test_converts_named_entities_to_numeric_character_references with data set #108" assertions="1" time="0.001445"/>
        <testcase name="test_converts_named_entities_to_numeric_character_references with data set #109" assertions="1" time="0.001746"/>
        <testcase name="test_converts_named_entities_to_numeric_character_references with data set #110" assertions="1" time="0.001994"/>
        <testcase name="test_converts_named_entities_to_numeric_character_references with data set #111" assertions="1" time="0.001762"/>
        <testcase name="test_converts_named_entities_to_numeric_character_references with data set #112" assertions="1" time="0.001599"/>
        <testcase name="test_converts_named_entities_to_numeric_character_references with data set #113" assertions="1" time="0.001578"/>
        <testcase name="test_converts_named_entities_to_numeric_character_references with data set #114" assertions="1" time="0.001502"/>
        <testcase name="test_converts_named_entities_to_numeric_character_references with data set #115" assertions="1" time="0.001450"/>
        <testcase name="test_converts_named_entities_to_numeric_character_references with data set #116" assertions="1" time="0.001443"/>
        <testcase name="test_converts_named_entities_to_numeric_character_references with data set #117" assertions="1" time="0.001504"/>
        <testcase name="test_converts_named_entities_to_numeric_character_references with data set #118" assertions="1" time="0.001467"/>
        <testcase name="test_converts_named_entities_to_numeric_character_references with data set #119" assertions="1" time="0.001500"/>
        <testcase name="test_converts_named_entities_to_numeric_character_references with data set #120" assertions="1" time="0.001944"/>
        <testcase name="test_converts_named_entities_to_numeric_character_references with data set #121" assertions="1" time="0.001674"/>
        <testcase name="test_converts_named_entities_to_numeric_character_references with data set #122" assertions="1" time="0.001485"/>
        <testcase name="test_converts_named_entities_to_numeric_character_references with data set #123" assertions="1" time="0.001469"/>
        <testcase name="test_converts_named_entities_to_numeric_character_references with data set #124" assertions="1" time="0.001467"/>
        <testcase name="test_converts_named_entities_to_numeric_character_references with data set #125" assertions="1" time="0.001491"/>
        <testcase name="test_converts_named_entities_to_numeric_character_references with data set #126" assertions="1" time="0.001535"/>
        <testcase name="test_converts_named_entities_to_numeric_character_references with data set #127" assertions="1" time="0.001514"/>
        <testcase name="test_converts_named_entities_to_numeric_character_references with data set #128" assertions="1" time="0.001454"/>
        <testcase name="test_converts_named_entities_to_numeric_character_references with data set #129" assertions="1" time="0.001540"/>
        <testcase name="test_converts_named_entities_to_numeric_character_references with data set #130" assertions="1" time="0.001785"/>
        <testcase name="test_converts_named_entities_to_numeric_character_references with data set #131" assertions="1" time="0.001923"/>
        <testcase name="test_converts_named_entities_to_numeric_character_references with data set #132" assertions="1" time="0.001712"/>
        <testcase name="test_converts_named_entities_to_numeric_character_references with data set #133" assertions="1" time="0.001526"/>
        <testcase name="test_converts_named_entities_to_numeric_character_references with data set #134" assertions="1" time="0.001553"/>
        <testcase name="test_converts_named_entities_to_numeric_character_references with data set #135" assertions="1" time="0.001477"/>
        <testcase name="test_converts_named_entities_to_numeric_character_references with data set #136" assertions="1" time="0.001507"/>
        <testcase name="test_converts_named_entities_to_numeric_character_references with data set #137" assertions="1" time="0.001501"/>
        <testcase name="test_converts_named_entities_to_numeric_character_references with data set #138" assertions="1" time="0.001454"/>
        <testcase name="test_converts_named_entities_to_numeric_character_references with data set #139" assertions="1" time="0.001477"/>
        <testcase name="test_converts_named_entities_to_numeric_character_references with data set #140" assertions="1" time="0.001973"/>
        <testcase name="test_converts_named_entities_to_numeric_character_references with data set #141" assertions="1" time="0.001777"/>
        <testcase name="test_converts_named_entities_to_numeric_character_references with data set #142" assertions="1" time="0.001531"/>
        <testcase name="test_converts_named_entities_to_numeric_character_references with data set #143" assertions="1" time="0.001407"/>
        <testcase name="test_converts_named_entities_to_numeric_character_references with data set #144" assertions="1" time="0.001400"/>
        <testcase name="test_converts_named_entities_to_numeric_character_references with data set #145" assertions="1" time="0.001479"/>
        <testcase name="test_converts_named_entities_to_numeric_character_references with data set #146" assertions="1" time="0.001432"/>
        <testcase name="test_converts_named_entities_to_numeric_character_references with data set #147" assertions="1" time="0.001485"/>
        <testcase name="test_converts_named_entities_to_numeric_character_references with data set #148" assertions="1" time="0.001453"/>
        <testcase name="test_converts_named_entities_to_numeric_character_references with data set #149" assertions="1" time="0.001467"/>
        <testcase name="test_converts_named_entities_to_numeric_character_references with data set #150" assertions="1" time="0.001499"/>
        <testcase name="test_converts_named_entities_to_numeric_character_references with data set #151" assertions="1" time="0.001937"/>
        <testcase name="test_converts_named_entities_to_numeric_character_references with data set #152" assertions="1" time="0.001690"/>
        <testcase name="test_converts_named_entities_to_numeric_character_references with data set #153" assertions="1" time="0.001559"/>
        <testcase name="test_converts_named_entities_to_numeric_character_references with data set #154" assertions="1" time="0.001506"/>
        <testcase name="test_converts_named_entities_to_numeric_character_references with data set #155" assertions="1" time="0.001461"/>
        <testcase name="test_converts_named_entities_to_numeric_character_references with data set #156" assertions="1" time="0.001464"/>
        <testcase name="test_converts_named_entities_to_numeric_character_references with data set #157" assertions="1" time="0.001489"/>
        <testcase name="test_converts_named_entities_to_numeric_character_references with data set #158" assertions="1" time="0.001461"/>
        <testcase name="test_converts_named_entities_to_numeric_character_references with data set #159" assertions="1" time="0.001473"/>
        <testcase name="test_converts_named_entities_to_numeric_character_references with data set #160" assertions="1" time="0.001877"/>
        <testcase name="test_converts_named_entities_to_numeric_character_references with data set #161" assertions="1" time="0.001666"/>
        <testcase name="test_converts_named_entities_to_numeric_character_references with data set #162" assertions="1" time="0.001689"/>
        <testcase name="test_converts_named_entities_to_numeric_character_references with data set #163" assertions="1" time="0.001517"/>
        <testcase name="test_converts_named_entities_to_numeric_character_references with data set #164" assertions="1" time="0.001485"/>
        <testcase name="test_converts_named_entities_to_numeric_character_references with data set #165" assertions="1" time="0.001453"/>
        <testcase name="test_converts_named_entities_to_numeric_character_references with data set #166" assertions="1" time="0.001549"/>
        <testcase name="test_converts_named_entities_to_numeric_character_references with data set #167" assertions="1" time="0.001428"/>
        <testcase name="test_converts_named_entities_to_numeric_character_references with data set #168" assertions="1" time="0.001381"/>
        <testcase name="test_converts_named_entities_to_numeric_character_references with data set #169" assertions="1" time="0.001331"/>
        <testcase name="test_converts_named_entities_to_numeric_character_references with data set #170" assertions="1" time="0.001350"/>
        <testcase name="test_converts_named_entities_to_numeric_character_references with data set #171" assertions="1" time="0.001431"/>
        <testcase name="test_converts_named_entities_to_numeric_character_references with data set #172" assertions="1" time="0.001942"/>
        <testcase name="test_converts_named_entities_to_numeric_character_references with data set #173" assertions="1" time="0.001689"/>
        <testcase name="test_converts_named_entities_to_numeric_character_references with data set #174" assertions="1" time="0.001472"/>
        <testcase name="test_converts_named_entities_to_numeric_character_references with data set #175" assertions="1" time="0.001426"/>
        <testcase name="test_converts_named_entities_to_numeric_character_references with data set #176" assertions="1" time="0.001436"/>
        <testcase name="test_converts_named_entities_to_numeric_character_references with data set #177" assertions="1" time="0.001526"/>
        <testcase name="test_converts_named_entities_to_numeric_character_references with data set #178" assertions="1" time="0.001423"/>
        <testcase name="test_converts_named_entities_to_numeric_character_references with data set #179" assertions="1" time="0.001415"/>
        <testcase name="test_converts_named_entities_to_numeric_character_references with data set #180" assertions="1" time="0.001360"/>
        <testcase name="test_converts_named_entities_to_numeric_character_references with data set #181" assertions="1" time="0.001510"/>
        <testcase name="test_converts_named_entities_to_numeric_character_references with data set #182" assertions="1" time="0.001509"/>
        <testcase name="test_converts_named_entities_to_numeric_character_references with data set #183" assertions="1" time="0.001845"/>
        <testcase name="test_converts_named_entities_to_numeric_character_references with data set #184" assertions="1" time="0.001630"/>
        <testcase name="test_converts_named_entities_to_numeric_character_references with data set #185" assertions="1" time="0.001525"/>
        <testcase name="test_converts_named_entities_to_numeric_character_references with data set #186" assertions="1" time="0.001459"/>
        <testcase name="test_converts_named_entities_to_numeric_character_references with data set #187" assertions="1" time="0.001490"/>
        <testcase name="test_converts_named_entities_to_numeric_character_references with data set #188" assertions="1" time="0.001460"/>
        <testcase name="test_converts_named_entities_to_numeric_character_references with data set #189" assertions="1" time="0.001470"/>
        <testcase name="test_converts_named_entities_to_numeric_character_references with data set #190" assertions="1" time="0.001423"/>
        <testcase name="test_converts_named_entities_to_numeric_character_references with data set #191" assertions="1" time="0.001471"/>
        <testcase name="test_converts_named_entities_to_numeric_character_references with data set #192" assertions="1" time="0.001528"/>
        <testcase name="test_converts_named_entities_to_numeric_character_references with data set #193" assertions="1" time="0.001716"/>
        <testcase name="test_converts_named_entities_to_numeric_character_references with data set #194" assertions="1" time="0.001852"/>
        <testcase name="test_converts_named_entities_to_numeric_character_references with data set #195" assertions="1" time="0.001590"/>
        <testcase name="test_converts_named_entities_to_numeric_character_references with data set #196" assertions="1" time="0.001519"/>
        <testcase name="test_converts_named_entities_to_numeric_character_references with data set #197" assertions="1" time="0.001469"/>
        <testcase name="test_converts_named_entities_to_numeric_character_references with data set #198" assertions="1" time="0.001467"/>
        <testcase name="test_converts_named_entities_to_numeric_character_references with data set #199" assertions="1" time="0.001420"/>
        <testcase name="test_converts_named_entities_to_numeric_character_references with data set #200" assertions="1" time="0.001450"/>
        <testcase name="test_converts_named_entities_to_numeric_character_references with data set #201" assertions="1" time="0.001438"/>
        <testcase name="test_converts_named_entities_to_numeric_character_references with data set #202" assertions="1" time="0.001458"/>
        <testcase name="test_converts_named_entities_to_numeric_character_references with data set #203" assertions="1" time="0.001548"/>
        <testcase name="test_converts_named_entities_to_numeric_character_references with data set #204" assertions="1" time="0.002182"/>
        <testcase name="test_converts_named_entities_to_numeric_character_references with data set #205" assertions="1" time="0.001685"/>
        <testcase name="test_converts_named_entities_to_numeric_character_references with data set #206" assertions="1" time="0.001479"/>
        <testcase name="test_converts_named_entities_to_numeric_character_references with data set #207" assertions="1" time="0.001430"/>
        <testcase name="test_converts_named_entities_to_numeric_character_references with data set #208" assertions="1" time="0.001506"/>
        <testcase name="test_converts_named_entities_to_numeric_character_references with data set #209" assertions="1" time="0.001441"/>
        <testcase name="test_converts_named_entities_to_numeric_character_references with data set #210" assertions="1" time="0.001429"/>
        <testcase name="test_converts_named_entities_to_numeric_character_references with data set #211" assertions="1" time="0.001608"/>
        <testcase name="test_converts_named_entities_to_numeric_character_references with data set #212" assertions="1" time="0.001459"/>
        <testcase name="test_converts_named_entities_to_numeric_character_references with data set #213" assertions="1" time="0.001408"/>
        <testcase name="test_converts_named_entities_to_numeric_character_references with data set #214" assertions="1" time="0.001960"/>
        <testcase name="test_converts_named_entities_to_numeric_character_references with data set #215" assertions="1" time="0.001607"/>
        <testcase name="test_converts_named_entities_to_numeric_character_references with data set #216" assertions="1" time="0.001518"/>
        <testcase name="test_converts_named_entities_to_numeric_character_references with data set #217" assertions="1" time="0.001415"/>
        <testcase name="test_converts_named_entities_to_numeric_character_references with data set #218" assertions="1" time="0.001457"/>
        <testcase name="test_converts_named_entities_to_numeric_character_references with data set #219" assertions="1" time="0.001377"/>
        <testcase name="test_converts_named_entities_to_numeric_character_references with data set #220" assertions="1" time="0.001361"/>
        <testcase name="test_converts_named_entities_to_numeric_character_references with data set #221" assertions="1" time="0.001351"/>
        <testcase name="test_converts_named_entities_to_numeric_character_references with data set #222" assertions="1" time="0.001332"/>
        <testcase name="test_converts_named_entities_to_numeric_character_references with data set #223" assertions="1" time="0.001406"/>
        <testcase name="test_converts_named_entities_to_numeric_character_references with data set #224" assertions="1" time="0.001551"/>
        <testcase name="test_converts_named_entities_to_numeric_character_references with data set #225" assertions="1" time="0.001620"/>
        <testcase name="test_converts_named_entities_to_numeric_character_references with data set #226" assertions="1" time="0.001649"/>
        <testcase name="test_converts_named_entities_to_numeric_character_references with data set #227" assertions="1" time="0.001477"/>
        <testcase name="test_converts_named_entities_to_numeric_character_references with data set #228" assertions="1" time="0.001453"/>
        <testcase name="test_converts_named_entities_to_numeric_character_references with data set #229" assertions="1" time="0.001417"/>
        <testcase name="test_converts_named_entities_to_numeric_character_references with data set #230" assertions="1" time="0.001448"/>
        <testcase name="test_converts_named_entities_to_numeric_character_references with data set #231" assertions="1" time="0.001397"/>
        <testcase name="test_converts_named_entities_to_numeric_character_references with data set #232" assertions="1" time="0.001419"/>
        <testcase name="test_converts_named_entities_to_numeric_character_references with data set #233" assertions="1" time="0.001438"/>
        <testcase name="test_converts_named_entities_to_numeric_character_references with data set #234" assertions="1" time="0.001441"/>
        <testcase name="test_converts_named_entities_to_numeric_character_references with data set #235" assertions="1" time="0.001459"/>
        <testcase name="test_converts_named_entities_to_numeric_character_references with data set #236" assertions="1" time="0.001612"/>
        <testcase name="test_converts_named_entities_to_numeric_character_references with data set #237" assertions="1" time="0.002183"/>
        <testcase name="test_converts_named_entities_to_numeric_character_references with data set #238" assertions="1" time="0.001601"/>
        <testcase name="test_converts_named_entities_to_numeric_character_references with data set #239" assertions="1" time="0.001458"/>
        <testcase name="test_converts_named_entities_to_numeric_character_references with data set #240" assertions="1" time="0.001486"/>
        <testcase name="test_converts_named_entities_to_numeric_character_references with data set #241" assertions="1" time="0.001477"/>
        <testcase name="test_converts_named_entities_to_numeric_character_references with data set #242" assertions="1" time="0.001543"/>
        <testcase name="test_converts_named_entities_to_numeric_character_references with data set #243" assertions="1" time="0.001455"/>
        <testcase name="test_converts_named_entities_to_numeric_character_references with data set #244" assertions="1" time="0.001453"/>
        <testcase name="test_converts_named_entities_to_numeric_character_references with data set #245" assertions="1" time="0.001464"/>
        <testcase name="test_converts_named_entities_to_numeric_character_references with data set #246" assertions="1" time="0.002041"/>
        <testcase name="test_converts_named_entities_to_numeric_character_references with data set #247" assertions="1" time="0.001733"/>
        <testcase name="test_converts_named_entities_to_numeric_character_references with data set #248" assertions="1" time="0.001492"/>
        <testcase name="test_converts_named_entities_to_numeric_character_references with data set #249" assertions="1" time="0.001466"/>
        <testcase name="test_converts_named_entities_to_numeric_character_references with data set #250" assertions="1" time="0.001434"/>
      </testsuite>
    </testsuite>
    <testsuite name="Test_WP_ISO_Descrambler" file="/Users/msaari/wordpress-develop/tests/phpunit/tests/formatting/isoDescrambler.php" tests="1" assertions="1" failures="0" errors="0" time="0.001448">
      <testcase name="test_decodes_iso_8859_1_rfc2047_q_encoding" class="Test_WP_ISO_Descrambler" file="/Users/msaari/wordpress-develop/tests/phpunit/tests/formatting/isoDescrambler.php" line="11" assertions="1" time="0.001448"/>
    </testsuite>
    <testsuite name="Tests_Formatting_Redirect" file="/Users/msaari/wordpress-develop/tests/phpunit/tests/formatting/redirect.php" tests="60" assertions="71" failures="0" errors="0" time="0.003575">
      <testcase name="test_wp_sanitize_redirect" class="Tests_Formatting_Redirect" file="/Users/msaari/wordpress-develop/tests/phpunit/tests/formatting/redirect.php" line="21" assertions="12" time="0.000263"/>
      <testsuite name="Tests_Formatting_Redirect::test_wp_validate_redirect_valid_url" tests="11" assertions="11" failures="0" errors="0" time="0.000983">
        <testcase name="test_wp_validate_redirect_valid_url with data set #0" assertions="1" time="0.000334"/>
        <testcase name="test_wp_validate_redirect_valid_url with data set #1" assertions="1" time="0.000081"/>
        <testcase name="test_wp_validate_redirect_valid_url with data set #2" assertions="1" time="0.000069"/>
        <testcase name="test_wp_validate_redirect_valid_url with data set #3" assertions="1" time="0.000066"/>
        <testcase name="test_wp_validate_redirect_valid_url with data set #4" assertions="1" time="0.000063"/>
        <testcase name="test_wp_validate_redirect_valid_url with data set #5" assertions="1" time="0.000063"/>
        <testcase name="test_wp_validate_redirect_valid_url with data set #6" assertions="1" time="0.000062"/>
        <testcase name="test_wp_validate_redirect_valid_url with data set #7" assertions="1" time="0.000062"/>
        <testcase name="test_wp_validate_redirect_valid_url with data set #8" assertions="1" time="0.000062"/>
        <testcase name="test_wp_validate_redirect_valid_url with data set #9" assertions="1" time="0.000061"/>
        <testcase name="test_wp_validate_redirect_valid_url with data set #10" assertions="1" time="0.000060"/>
      </testsuite>
      <testsuite name="Tests_Formatting_Redirect::test_wp_validate_redirect_invalid_url" tests="48" assertions="48" failures="0" errors="0" time="0.002329">
        <testcase name="test_wp_validate_redirect_invalid_url with data set #0" assertions="1" time="0.000073"/>
        <testcase name="test_wp_validate_redirect_invalid_url with data set #1" assertions="1" time="0.000047"/>
        <testcase name="test_wp_validate_redirect_invalid_url with data set #2" assertions="1" time="0.000062"/>
        <testcase name="test_wp_validate_redirect_invalid_url with data set #3" assertions="1" time="0.000062"/>
        <testcase name="test_wp_validate_redirect_invalid_url with data set #4" assertions="1" time="0.000061"/>
        <testcase name="test_wp_validate_redirect_invalid_url with data set #5" assertions="1" time="0.000046"/>
        <testcase name="test_wp_validate_redirect_invalid_url with data set #6" assertions="1" time="0.000045"/>
        <testcase name="test_wp_validate_redirect_invalid_url with data set #7" assertions="1" time="0.000044"/>
        <testcase name="test_wp_validate_redirect_invalid_url with data set #8" assertions="1" time="0.000044"/>
        <testcase name="test_wp_validate_redirect_invalid_url with data set #9" assertions="1" time="0.000062"/>
        <testcase name="test_wp_validate_redirect_invalid_url with data set #10" assertions="1" time="0.000048"/>
        <testcase name="test_wp_validate_redirect_invalid_url with data set #11" assertions="1" time="0.000044"/>
        <testcase name="test_wp_validate_redirect_invalid_url with data set #12" assertions="1" time="0.000043"/>
        <testcase name="test_wp_validate_redirect_invalid_url with data set #13" assertions="1" time="0.000043"/>
        <testcase name="test_wp_validate_redirect_invalid_url with data set #14" assertions="1" time="0.000062"/>
        <testcase name="test_wp_validate_redirect_invalid_url with data set #15" assertions="1" time="0.000043"/>
        <testcase name="test_wp_validate_redirect_invalid_url with data set #16" assertions="1" time="0.000061"/>
        <testcase name="test_wp_validate_redirect_invalid_url with data set #17" assertions="1" time="0.000044"/>
        <testcase name="test_wp_validate_redirect_invalid_url with data set #18" assertions="1" time="0.000045"/>
        <testcase name="test_wp_validate_redirect_invalid_url with data set #19" assertions="1" time="0.000043"/>
        <testcase name="test_wp_validate_redirect_invalid_url with data set #20" assertions="1" time="0.000060"/>
        <testcase name="test_wp_validate_redirect_invalid_url with data set #21" assertions="1" time="0.000043"/>
        <testcase name="test_wp_validate_redirect_invalid_url with data set #22" assertions="1" time="0.000060"/>
        <testcase name="test_wp_validate_redirect_invalid_url with data set #23" assertions="1" time="0.000044"/>
        <testcase name="test_wp_validate_redirect_invalid_url with data set #24" assertions="1" time="0.000045"/>
        <testcase name="test_wp_validate_redirect_invalid_url with data set #25" assertions="1" time="0.000042"/>
        <testcase name="test_wp_validate_redirect_invalid_url with data set #26" assertions="1" time="0.000043"/>
        <testcase name="test_wp_validate_redirect_invalid_url with data set #27" assertions="1" time="0.000043"/>
        <testcase name="test_wp_validate_redirect_invalid_url with data set #28" assertions="1" time="0.000042"/>
        <testcase name="test_wp_validate_redirect_invalid_url with data set #29" assertions="1" time="0.000042"/>
        <testcase name="test_wp_validate_redirect_invalid_url with data set #30" assertions="1" time="0.000044"/>
        <testcase name="test_wp_validate_redirect_invalid_url with data set #31" assertions="1" time="0.000043"/>
        <testcase name="test_wp_validate_redirect_invalid_url with data set #32" assertions="1" time="0.000044"/>
        <testcase name="test_wp_validate_redirect_invalid_url with data set #33" assertions="1" time="0.000042"/>
        <testcase name="test_wp_validate_redirect_invalid_url with data set #34" assertions="1" time="0.000042"/>
        <testcase name="test_wp_validate_redirect_invalid_url with data set #35" assertions="1" time="0.000042"/>
        <testcase name="test_wp_validate_redirect_invalid_url with data set #36" assertions="1" time="0.000043"/>
        <testcase name="test_wp_validate_redirect_invalid_url with data set #37" assertions="1" time="0.000042"/>
        <testcase name="test_wp_validate_redirect_invalid_url with data set #38" assertions="1" time="0.000062"/>
        <testcase name="test_wp_validate_redirect_invalid_url with data set #39" assertions="1" time="0.000044"/>
        <testcase name="test_wp_validate_redirect_invalid_url with data set #40" assertions="1" time="0.000060"/>
        <testcase name="test_wp_validate_redirect_invalid_url with data set #41" assertions="1" time="0.000043"/>
        <testcase name="test_wp_validate_redirect_invalid_url with data set #42" assertions="1" time="0.000044"/>
        <testcase name="test_wp_validate_redirect_invalid_url with data set #43" assertions="1" time="0.000042"/>
        <testcase name="test_wp_validate_redirect_invalid_url with data set #44" assertions="1" time="0.000061"/>
        <testcase name="test_wp_validate_redirect_invalid_url with data set #45" assertions="1" time="0.000043"/>
        <testcase name="test_wp_validate_redirect_invalid_url with data set #46" assertions="1" time="0.000059"/>
        <testcase name="test_wp_validate_redirect_invalid_url with data set #47" assertions="1" time="0.000043"/>
      </testsuite>
    </testsuite>
    <testsuite name="Tests_Functions" file="/Users/msaari/wordpress-develop/tests/phpunit/tests/functions.php" tests="144" assertions="655" failures="0" errors="0" time="0.289252">
      <testcase name="test_wp_parse_args_object" class="Tests_Functions" file="/Users/msaari/wordpress-develop/tests/phpunit/tests/functions.php" line="7" assertions="2" time="0.001288"/>
      <testcase name="test_wp_parse_args_array" class="Tests_Functions" file="/Users/msaari/wordpress-develop/tests/phpunit/tests/functions.php" line="24" assertions="2" time="0.001402"/>
      <testcase name="test_wp_parse_args_defaults" class="Tests_Functions" file="/Users/msaari/wordpress-develop/tests/phpunit/tests/functions.php" line="43" assertions="2" time="0.001828"/>
      <testcase name="test_wp_parse_args_other" class="Tests_Functions" file="/Users/msaari/wordpress-develop/tests/phpunit/tests/functions.php" line="69" assertions="2" time="0.001873"/>
      <testcase name="test_wp_parse_args_boolean_strings" class="Tests_Functions" file="/Users/msaari/wordpress-develop/tests/phpunit/tests/functions.php" line="81" assertions="2" time="0.001536"/>
      <testcase name="test_bool_from_yn" class="Tests_Functions" file="/Users/msaari/wordpress-develop/tests/phpunit/tests/functions.php" line="90" assertions="3" time="0.001492"/>
      <testcase name="test_path_is_absolute" class="Tests_Functions" file="/Users/msaari/wordpress-develop/tests/phpunit/tests/functions.php" line="96" assertions="10" time="0.001506"/>
      <testcase name="test_path_is_not_absolute" class="Tests_Functions" file="/Users/msaari/wordpress-develop/tests/phpunit/tests/functions.php" line="114" assertions="10" time="0.001534"/>
      <testsuite name="Tests_Functions::test_wp_normalize_path" tests="14" assertions="14" failures="0" errors="0" time="0.021284">
        <testcase name="test_wp_normalize_path with data set #0" assertions="1" time="0.001464"/>
        <testcase name="test_wp_normalize_path with data set #1" assertions="1" time="0.001475"/>
        <testcase name="test_wp_normalize_path with data set #2" assertions="1" time="0.001510"/>
        <testcase name="test_wp_normalize_path with data set #3" assertions="1" time="0.001497"/>
        <testcase name="test_wp_normalize_path with data set #4" assertions="1" time="0.001554"/>
        <testcase name="test_wp_normalize_path with data set #5" assertions="1" time="0.002017"/>
        <testcase name="test_wp_normalize_path with data set #6" assertions="1" time="0.001630"/>
        <testcase name="test_wp_normalize_path with data set #7" assertions="1" time="0.001469"/>
        <testcase name="test_wp_normalize_path with data set #8" assertions="1" time="0.001465"/>
        <testcase name="test_wp_normalize_path with data set #9" assertions="1" time="0.001450"/>
        <testcase name="test_wp_normalize_path with data set #10" assertions="1" time="0.001423"/>
        <testcase name="test_wp_normalize_path with data set #11" assertions="1" time="0.001474"/>
        <testcase name="test_wp_normalize_path with data set #12" assertions="1" time="0.001431"/>
        <testcase name="test_wp_normalize_path with data set #13" assertions="1" time="0.001425"/>
      </testsuite>
      <testcase name="test_wp_unique_filename" class="Tests_Functions" file="/Users/msaari/wordpress-develop/tests/phpunit/tests/functions.php" line="165" assertions="12" time="0.001653"/>
      <testcase name="test_is_serialized" class="Tests_Functions" file="/Users/msaari/wordpress-develop/tests/phpunit/tests/functions.php" line="198" assertions="14" time="0.001982"/>
      <testcase name="test_no_new_serializable_types" class="Tests_Functions" file="/Users/msaari/wordpress-develop/tests/phpunit/tests/functions.php" line="235" assertions="1" time="0.001538"/>
      <testsuite name="Tests_Functions::test_is_serialized_string" tests="9" assertions="9" failures="0" errors="0" time="0.013125">
        <testcase name="test_is_serialized_string with data set #0" assertions="1" time="0.001448"/>
        <testcase name="test_is_serialized_string with data set #1" assertions="1" time="0.001460"/>
        <testcase name="test_is_serialized_string with data set #2" assertions="1" time="0.001464"/>
        <testcase name="test_is_serialized_string with data set #3" assertions="1" time="0.001458"/>
        <testcase name="test_is_serialized_string with data set #4" assertions="1" time="0.001458"/>
        <testcase name="test_is_serialized_string with data set #5" assertions="1" time="0.001478"/>
        <testcase name="test_is_serialized_string with data set #6" assertions="1" time="0.001424"/>
        <testcase name="test_is_serialized_string with data set #7" assertions="1" time="0.001427"/>
        <testcase name="test_is_serialized_string with data set #8" assertions="1" time="0.001508"/>
      </testsuite>
      <testcase name="test_add_query_arg" class="Tests_Functions" file="/Users/msaari/wordpress-develop/tests/phpunit/tests/functions.php" line="281" assertions="152" time="0.002561"/>
      <testcase name="test_add_query_arg_numeric_keys" class="Tests_Functions" file="/Users/msaari/wordpress-develop/tests/phpunit/tests/functions.php" line="469" assertions="3" time="0.001704"/>
      <testcase name="test_get_allowed_mime_types" class="Tests_Functions" file="/Users/msaari/wordpress-develop/tests/phpunit/tests/functions.php" line="489" assertions="6" time="0.001547"/>
      <testcase name="test_wp_get_mime_types" class="Tests_Functions" file="/Users/msaari/wordpress-develop/tests/phpunit/tests/functions.php" line="509" assertions="11" time="0.001458"/>
      <testcase name="test_canonical_charset" class="Tests_Functions" file="/Users/msaari/wordpress-develop/tests/phpunit/tests/functions.php" line="541" assertions="9" time="0.005562"/>
      <testsuite name="Tests_Functions::test_wp_parse_id_list" tests="7" assertions="7" failures="0" errors="0" time="0.011311">
        <testcase name="test_wp_parse_id_list with data set #0" assertions="1" time="0.001636"/>
        <testcase name="test_wp_parse_id_list with data set #1" assertions="1" time="0.001580"/>
        <testcase name="test_wp_parse_id_list with data set #2" assertions="1" time="0.002039"/>
        <testcase name="test_wp_parse_id_list with data set #3" assertions="1" time="0.001634"/>
        <testcase name="test_wp_parse_id_list with data set #4" assertions="1" time="0.001491"/>
        <testcase name="test_wp_parse_id_list with data set #5" assertions="1" time="0.001498"/>
        <testcase name="test_wp_parse_id_list with data set #6" assertions="1" time="0.001433"/>
      </testsuite>
      <testsuite name="Tests_Functions::test_wp_parse_slug_list" tests="4" assertions="4" failures="0" errors="0" time="0.005990">
        <testcase name="test_wp_parse_slug_list with data set #0" assertions="1" time="0.001484"/>
        <testcase name="test_wp_parse_slug_list with data set #1" assertions="1" time="0.001517"/>
        <testcase name="test_wp_parse_slug_list with data set #2" assertions="1" time="0.001491"/>
        <testcase name="test_wp_parse_slug_list with data set #3" assertions="1" time="0.001498"/>
      </testsuite>
      <testsuite name="Tests_Functions::test_device_can_upload" tests="9" assertions="9" failures="0" errors="0" time="0.014211">
        <testcase name="test_device_can_upload with data set #0" assertions="1" time="0.001426"/>
        <testcase name="test_device_can_upload with data set #1" assertions="1" time="0.002102"/>
        <testcase name="test_device_can_upload with data set #2" assertions="1" time="0.001863"/>
        <testcase name="test_device_can_upload with data set #3" assertions="1" time="0.001569"/>
        <testcase name="test_device_can_upload with data set #4" assertions="1" time="0.001471"/>
        <testcase name="test_device_can_upload with data set #5" assertions="1" time="0.001497"/>
        <testcase name="test_device_can_upload with data set #6" assertions="1" time="0.001456"/>
        <testcase name="test_device_can_upload with data set #7" assertions="1" time="0.001402"/>
        <testcase name="test_device_can_upload with data set #8" assertions="1" time="0.001425"/>
      </testsuite>
      <testcase name="test_wp_extract_urls" class="Tests_Functions" file="/Users/msaari/wordpress-develop/tests/phpunit/tests/functions.php" line="673" assertions="14" time="0.001660"/>
      <testcase name="test_wp_json_encode" class="Tests_Functions" file="/Users/msaari/wordpress-develop/tests/phpunit/tests/functions.php" line="840" assertions="1" time="0.001399"/>
      <testcase name="test_wp_json_encode_utf8" class="Tests_Functions" file="/Users/msaari/wordpress-develop/tests/phpunit/tests/functions.php" line="847" assertions="1" time="0.001567"/>
      <testcase name="test_wp_json_encode_non_utf8" class="Tests_Functions" file="/Users/msaari/wordpress-develop/tests/phpunit/tests/functions.php" line="854" assertions="2" time="0.019191"/>
      <testcase name="test_wp_json_encode_non_utf8_in_array" class="Tests_Functions" file="/Users/msaari/wordpress-develop/tests/phpunit/tests/functions.php" line="878" assertions="2" time="0.001896"/>
      <testcase name="test_wp_json_encode_array" class="Tests_Functions" file="/Users/msaari/wordpress-develop/tests/phpunit/tests/functions.php" line="902" assertions="1" time="0.001555"/>
      <testcase name="test_wp_json_encode_object" class="Tests_Functions" file="/Users/msaari/wordpress-develop/tests/phpunit/tests/functions.php" line="909" assertions="1" time="0.001492"/>
      <testcase name="test_wp_json_encode_depth" class="Tests_Functions" file="/Users/msaari/wordpress-develop/tests/phpunit/tests/functions.php" line="918" assertions="2" time="0.001496"/>
      <testcase name="test_the_date" class="Tests_Functions" file="/Users/msaari/wordpress-develop/tests/phpunit/tests/functions.php" line="935" assertions="5" time="0.012956"/>
      <testsuite name="Tests_Functions::test_mysql_to_rfc3339" tests="5" assertions="20" failures="0" errors="0" time="0.007761">
        <testcase name="test_mysql_to_rfc3339 with data set #0" assertions="4" time="0.001682"/>
        <testcase name="test_mysql_to_rfc3339 with data set #1" assertions="4" time="0.001559"/>
        <testcase name="test_mysql_to_rfc3339 with data set #2" assertions="4" time="0.001584"/>
        <testcase name="test_mysql_to_rfc3339 with data set #3" assertions="4" time="0.001470"/>
        <testcase name="test_mysql_to_rfc3339 with data set #4" assertions="4" time="0.001466"/>
      </testsuite>
      <testcase name="test_wp_get_ext_types" class="Tests_Functions" file="/Users/msaari/wordpress-develop/tests/phpunit/tests/functions.php" line="998" assertions="5" time="0.001407"/>
      <testcase name="test_wp_ext2type" class="Tests_Functions" file="/Users/msaari/wordpress-develop/tests/phpunit/tests/functions.php" line="1017" assertions="199" time="0.002049"/>
      <testcase name="test_wp_raise_memory_limit" class="Tests_Functions" file="/Users/msaari/wordpress-develop/tests/phpunit/tests/functions.php" line="1038" assertions="3" time="0.001956"/>
      <testcase name="test_wp_generate_uuid4" class="Tests_Functions" file="/Users/msaari/wordpress-develop/tests/phpunit/tests/functions.php" line="1058" assertions="21" time="0.001586"/>
      <testcase name="test_wp_is_valid_uuid" class="Tests_Functions" file="/Users/msaari/wordpress-develop/tests/phpunit/tests/functions.php" line="1076" assertions="28" time="0.001494"/>
      <testsuite name="Tests_Functions::test_wp_get_image_mime" tests="5" assertions="5" failures="0" errors="0" time="0.007643">
        <testcase name="test_wp_get_image_mime with data set #0" assertions="1" time="0.001455"/>
        <testcase name="test_wp_get_image_mime with data set #1" assertions="1" time="0.001534"/>
        <testcase name="test_wp_get_image_mime with data set #2" assertions="1" time="0.001608"/>
        <testcase name="test_wp_get_image_mime with data set #3" assertions="1" time="0.001553"/>
        <testcase name="test_wp_get_image_mime with data set #4" assertions="1" time="0.001493"/>
      </testsuite>
      <testsuite name="Tests_Functions::test_wp_check_filetype_and_ext" tests="8" assertions="8" failures="0" errors="0" time="0.039168">
        <testcase name="test_wp_check_filetype_and_ext with data set #0" assertions="1" time="0.001540"/>
        <testcase name="test_wp_check_filetype_and_ext with data set #1" assertions="1" time="0.001788"/>
        <testcase name="test_wp_check_filetype_and_ext with data set #2" assertions="1" time="0.001923"/>
        <testcase name="test_wp_check_filetype_and_ext with data set #3" assertions="1" time="0.025711"/>
        <testcase name="test_wp_check_filetype_and_ext with data set #4" assertions="1" time="0.001807"/>
        <testcase name="test_wp_check_filetype_and_ext with data set #5" assertions="1" time="0.001868"/>
        <testcase name="test_wp_check_filetype_and_ext with data set #6" assertions="1" time="0.002402"/>
        <testcase name="test_wp_check_filetype_and_ext with data set #7" assertions="1" time="0.002129"/>
      </testsuite>
      <testcase name="test_wp_check_filetype_and_ext_with_filtered_svg" class="Tests_Functions" file="/Users/msaari/wordpress-develop/tests/phpunit/tests/functions.php" line="1148" assertions="1" time="0.001683"/>
      <testcase name="test_wp_check_filetype_and_ext_with_filtered_woff" class="Tests_Functions" file="/Users/msaari/wordpress-develop/tests/phpunit/tests/functions.php" line="1173" assertions="1" time="0.001764"/>
      <testsuite name="Tests_Functions::test_validate_file" tests="21" assertions="21" failures="0" errors="0" time="0.032473">
        <testcase name="test_validate_file with data set #0" assertions="1" time="0.001519"/>
        <testcase name="test_validate_file with data set #1" assertions="1" time="0.001525"/>
        <testcase name="test_validate_file with data set #2" assertions="1" time="0.001452"/>
        <testcase name="test_validate_file with data set #3" assertions="1" time="0.001442"/>
        <testcase name="test_validate_file with data set #4" assertions="1" time="0.001405"/>
        <testcase name="test_validate_file with data set #5" assertions="1" time="0.001618"/>
        <testcase name="test_validate_file with data set #6" assertions="1" time="0.002389"/>
        <testcase name="test_validate_file with data set #7" assertions="1" time="0.001602"/>
        <testcase name="test_validate_file with data set #8" assertions="1" time="0.001482"/>
        <testcase name="test_validate_file with data set #9" assertions="1" time="0.001406"/>
        <testcase name="test_validate_file with data set #10" assertions="1" time="0.001410"/>
        <testcase name="test_validate_file with data set #11" assertions="1" time="0.001418"/>
        <testcase name="test_validate_file with data set #12" assertions="1" time="0.001372"/>
        <testcase name="test_validate_file with data set #13" assertions="1" time="0.001414"/>
        <testcase name="test_validate_file with data set #14" assertions="1" time="0.001423"/>
        <testcase name="test_validate_file with data set #15" assertions="1" time="0.001439"/>
        <testcase name="test_validate_file with data set #16" assertions="1" time="0.001721"/>
        <testcase name="test_validate_file with data set #17" assertions="1" time="0.001875"/>
        <testcase name="test_validate_file with data set #18" assertions="1" time="0.001639"/>
        <testcase name="test_validate_file with data set #19" assertions="1" time="0.001458"/>
        <testcase name="test_validate_file with data set #20" assertions="1" time="0.001464"/>
      </testsuite>
      <testsuite name="Tests_Functions::test_wp_is_stream" tests="9" assertions="9" failures="0" errors="0" time="0.013945">
        <testcase name="test_wp_is_stream with data set #0" assertions="1" time="0.001455"/>
        <testcase name="test_wp_is_stream with data set #1" assertions="1" time="0.001471"/>
        <testcase name="test_wp_is_stream with data set #2" assertions="1" time="0.001408"/>
        <testcase name="test_wp_is_stream with data set #3" assertions="1" time="0.001432"/>
        <testcase name="test_wp_is_stream with data set #4" assertions="1" time="0.001433"/>
        <testcase name="test_wp_is_stream with data set #5" assertions="1" time="0.001637"/>
        <testcase name="test_wp_is_stream with data set #6" assertions="1" time="0.002024"/>
        <testcase name="test_wp_is_stream with data set #7" assertions="1" time="0.001636"/>
        <testcase name="test_wp_is_stream with data set #8" assertions="1" time="0.001450"/>
      </testsuite>
      <testsuite name="Tests_Functions::test_duration_format" tests="21" assertions="21" failures="0" errors="0" time="0.036725">
        <testcase name="test_duration_format with data set #0" assertions="1" time="0.001475"/>
        <testcase name="test_duration_format with data set #1" assertions="1" time="0.001600"/>
        <testcase name="test_duration_format with data set #2" assertions="1" time="0.002245"/>
        <testcase name="test_duration_format with data set #3" assertions="1" time="0.001878"/>
        <testcase name="test_duration_format with data set #4" assertions="1" time="0.001730"/>
        <testcase name="test_duration_format with data set #5" assertions="1" time="0.001725"/>
        <testcase name="test_duration_format with data set #6" assertions="1" time="0.002421"/>
        <testcase name="test_duration_format with data set #7" assertions="1" time="0.001798"/>
        <testcase name="test_duration_format with data set #8" assertions="1" time="0.001593"/>
        <testcase name="test_duration_format with data set #9" assertions="1" time="0.001653"/>
        <testcase name="test_duration_format with data set #10" assertions="1" time="0.001549"/>
        <testcase name="test_duration_format with data set #11" assertions="1" time="0.001489"/>
        <testcase name="test_duration_format with data set #12" assertions="1" time="0.001487"/>
        <testcase name="test_duration_format with data set #13" assertions="1" time="0.001505"/>
        <testcase name="test_duration_format with data set #14" assertions="1" time="0.001781"/>
        <testcase name="test_duration_format with data set #15" assertions="1" time="0.002155"/>
        <testcase name="test_duration_format with data set #16" assertions="1" time="0.002432"/>
        <testcase name="test_duration_format with data set #17" assertions="1" time="0.001660"/>
        <testcase name="test_duration_format with data set #18" assertions="1" time="0.001508"/>
        <testcase name="test_duration_format with data set #19" assertions="1" time="0.001539"/>
        <testcase name="test_duration_format with data set #20" assertions="1" time="0.001502"/>
      </testsuite>
    </testsuite>
    <testsuite name="Tests_Functions_WpValidateBoolean" file="/Users/msaari/wordpress-develop/tests/phpunit/tests/functions/WpValidateBoolean.php" tests="15" assertions="15" failures="0" errors="0" time="0.025824">
      <testcase name="test_bool_true" class="Tests_Functions_WpValidateBoolean" file="/Users/msaari/wordpress-develop/tests/phpunit/tests/functions/WpValidateBoolean.php" line="7" assertions="1" time="0.001881"/>
      <testcase name="test_int_1" class="Tests_Functions_WpValidateBoolean" file="/Users/msaari/wordpress-develop/tests/phpunit/tests/functions/WpValidateBoolean.php" line="11" assertions="1" time="0.002355"/>
      <testcase name="test_string_true_lowercase" class="Tests_Functions_WpValidateBoolean" file="/Users/msaari/wordpress-develop/tests/phpunit/tests/functions/WpValidateBoolean.php" line="15" assertions="1" time="0.001814"/>
      <testcase name="test_string_true_uppercase" class="Tests_Functions_WpValidateBoolean" file="/Users/msaari/wordpress-develop/tests/phpunit/tests/functions/WpValidateBoolean.php" line="19" assertions="1" time="0.001863"/>
      <testcase name="test_arbitrary_string_should_return_true" class="Tests_Functions_WpValidateBoolean" file="/Users/msaari/wordpress-develop/tests/phpunit/tests/functions/WpValidateBoolean.php" line="23" assertions="1" time="0.001594"/>
      <testcase name="test_bool_false" class="Tests_Functions_WpValidateBoolean" file="/Users/msaari/wordpress-develop/tests/phpunit/tests/functions/WpValidateBoolean.php" line="27" assertions="1" time="0.001555"/>
      <testcase name="test_int_0" class="Tests_Functions_WpValidateBoolean" file="/Users/msaari/wordpress-develop/tests/phpunit/tests/functions/WpValidateBoolean.php" line="31" assertions="1" time="0.001489"/>
      <testcase name="test_float_0" class="Tests_Functions_WpValidateBoolean" file="/Users/msaari/wordpress-develop/tests/phpunit/tests/functions/WpValidateBoolean.php" line="35" assertions="1" time="0.001557"/>
      <testcase name="test_empty_string" class="Tests_Functions_WpValidateBoolean" file="/Users/msaari/wordpress-develop/tests/phpunit/tests/functions/WpValidateBoolean.php" line="39" assertions="1" time="0.001754"/>
      <testcase name="test_string_0" class="Tests_Functions_WpValidateBoolean" file="/Users/msaari/wordpress-develop/tests/phpunit/tests/functions/WpValidateBoolean.php" line="43" assertions="1" time="0.001683"/>
      <testcase name="test_empty_array" class="Tests_Functions_WpValidateBoolean" file="/Users/msaari/wordpress-develop/tests/phpunit/tests/functions/WpValidateBoolean.php" line="47" assertions="1" time="0.001970"/>
      <testcase name="test_null" class="Tests_Functions_WpValidateBoolean" file="/Users/msaari/wordpress-develop/tests/phpunit/tests/functions/WpValidateBoolean.php" line="51" assertions="1" time="0.001975"/>
      <testcase name="test_string_false_lowercase" class="Tests_Functions_WpValidateBoolean" file="/Users/msaari/wordpress-develop/tests/phpunit/tests/functions/WpValidateBoolean.php" line="55" assertions="1" time="0.001462"/>
      <testcase name="test_string_false_uppercase" class="Tests_Functions_WpValidateBoolean" file="/Users/msaari/wordpress-develop/tests/phpunit/tests/functions/WpValidateBoolean.php" line="63" assertions="1" time="0.001432"/>
      <testcase name="test_string_false_mixedcase" class="Tests_Functions_WpValidateBoolean" file="/Users/msaari/wordpress-develop/tests/phpunit/tests/functions/WpValidateBoolean.php" line="71" assertions="1" time="0.001441"/>
    </testsuite>
    <testsuite name="Tests_Functions_AllowedProtocols" file="/Users/msaari/wordpress-develop/tests/phpunit/tests/functions/allowedProtocols.php" tests="21" assertions="40" failures="0" errors="0" time="0.035386">
      <testcase name="test_data_is_not_an_allowed_protocol" class="Tests_Functions_AllowedProtocols" file="/Users/msaari/wordpress-develop/tests/phpunit/tests/functions/allowedProtocols.php" line="12" assertions="1" time="0.001332"/>
      <testcase name="test_allowed_protocol_has_an_example" class="Tests_Functions_AllowedProtocols" file="/Users/msaari/wordpress-develop/tests/phpunit/tests/functions/allowedProtocols.php" line="16" assertions="1" time="0.001406"/>
      <testsuite name="Tests_Functions_AllowedProtocols::test_allowed_protocols" tests="19" assertions="38" failures="0" errors="0" time="0.032648">
        <testcase name="test_allowed_protocols with data set #0" assertions="2" time="0.001551"/>
        <testcase name="test_allowed_protocols with data set #1" assertions="2" time="0.002159"/>
        <testcase name="test_allowed_protocols with data set #2" assertions="2" time="0.001645"/>
        <testcase name="test_allowed_protocols with data set #3" assertions="2" time="0.001596"/>
        <testcase name="test_allowed_protocols with data set #4" assertions="2" time="0.001530"/>
        <testcase name="test_allowed_protocols with data set #5" assertions="2" time="0.001553"/>
        <testcase name="test_allowed_protocols with data set #6" assertions="2" time="0.002065"/>
        <testcase name="test_allowed_protocols with data set #7" assertions="2" time="0.001970"/>
        <testcase name="test_allowed_protocols with data set #8" assertions="2" time="0.001615"/>
        <testcase name="test_allowed_protocols with data set #9" assertions="2" time="0.001581"/>
        <testcase name="test_allowed_protocols with data set #10" assertions="2" time="0.001631"/>
        <testcase name="test_allowed_protocols with data set #11" assertions="2" time="0.001608"/>
        <testcase name="test_allowed_protocols with data set #12" assertions="2" time="0.001973"/>
        <testcase name="test_allowed_protocols with data set #13" assertions="2" time="0.001797"/>
        <testcase name="test_allowed_protocols with data set #14" assertions="2" time="0.001582"/>
        <testcase name="test_allowed_protocols with data set #15" assertions="2" time="0.001571"/>
        <testcase name="test_allowed_protocols with data set #16" assertions="2" time="0.001553"/>
        <testcase name="test_allowed_protocols with data set #17" assertions="2" time="0.001528"/>
        <testcase name="test_allowed_protocols with data set #18" assertions="2" time="0.002141"/>
      </testsuite>
    </testsuite>
    <testsuite name="Tests_Functions_Anonymization" file="/Users/msaari/wordpress-develop/tests/phpunit/tests/functions/anonymization.php" tests="37" assertions="37" failures="0" errors="0" time="0.056441">
      <testsuite name="Tests_Functions_Anonymization::test_wp_privacy_anonymize_ip" tests="31" assertions="31" failures="0" errors="0" time="0.047987">
        <testcase name="test_wp_privacy_anonymize_ip with data set #0" assertions="1" time="0.001464"/>
        <testcase name="test_wp_privacy_anonymize_ip with data set #1" assertions="1" time="0.001498"/>
        <testcase name="test_wp_privacy_anonymize_ip with data set #2" assertions="1" time="0.001394"/>
        <testcase name="test_wp_privacy_anonymize_ip with data set #3" assertions="1" time="0.001368"/>
        <testcase name="test_wp_privacy_anonymize_ip with data set #4" assertions="1" time="0.001399"/>
        <testcase name="test_wp_privacy_anonymize_ip with data set #5" assertions="1" time="0.001317"/>
        <testcase name="test_wp_privacy_anonymize_ip with data set #6" assertions="1" time="0.001689"/>
        <testcase name="test_wp_privacy_anonymize_ip with data set #7" assertions="1" time="0.001934"/>
        <testcase name="test_wp_privacy_anonymize_ip with data set #8" assertions="1" time="0.001569"/>
        <testcase name="test_wp_privacy_anonymize_ip with data set #9" assertions="1" time="0.001493"/>
        <testcase name="test_wp_privacy_anonymize_ip with data set #10" assertions="1" time="0.001505"/>
        <testcase name="test_wp_privacy_anonymize_ip with data set #11" assertions="1" time="0.001579"/>
        <testcase name="test_wp_privacy_anonymize_ip with data set #12" assertions="1" time="0.001497"/>
        <testcase name="test_wp_privacy_anonymize_ip with data set #13" assertions="1" time="0.001497"/>
        <testcase name="test_wp_privacy_anonymize_ip with data set #14" assertions="1" time="0.001511"/>
        <testcase name="test_wp_privacy_anonymize_ip with data set #15" assertions="1" time="0.001461"/>
        <testcase name="test_wp_privacy_anonymize_ip with data set #16" assertions="1" time="0.001934"/>
        <testcase name="test_wp_privacy_anonymize_ip with data set #17" assertions="1" time="0.002104"/>
        <testcase name="test_wp_privacy_anonymize_ip with data set #18" assertions="1" time="0.001596"/>
        <testcase name="test_wp_privacy_anonymize_ip with data set #19" assertions="1" time="0.001449"/>
        <testcase name="test_wp_privacy_anonymize_ip with data set #20" assertions="1" time="0.001456"/>
        <testcase name="test_wp_privacy_anonymize_ip with data set #21" assertions="1" time="0.001483"/>
        <testcase name="test_wp_privacy_anonymize_ip with data set #22" assertions="1" time="0.001454"/>
        <testcase name="test_wp_privacy_anonymize_ip with data set #23" assertions="1" time="0.001429"/>
        <testcase name="test_wp_privacy_anonymize_ip with data set #24" assertions="1" time="0.001461"/>
        <testcase name="test_wp_privacy_anonymize_ip with data set #25" assertions="1" time="0.001424"/>
        <testcase name="test_wp_privacy_anonymize_ip with data set #26" assertions="1" time="0.001523"/>
        <testcase name="test_wp_privacy_anonymize_ip with data set #27" assertions="1" time="0.001708"/>
        <testcase name="test_wp_privacy_anonymize_ip with data set #28" assertions="1" time="0.001730"/>
        <testcase name="test_wp_privacy_anonymize_ip with data set #29" assertions="1" time="0.001563"/>
        <testcase name="test_wp_privacy_anonymize_ip with data set #30" assertions="1" time="0.001498"/>
      </testsuite>
      <testcase name="test_anonymize_email" class="Tests_Functions_Anonymization" file="/Users/msaari/wordpress-develop/tests/phpunit/tests/functions/anonymization.php" line="214" assertions="1" time="0.001467"/>
      <testcase name="test_anonymize_url" class="Tests_Functions_Anonymization" file="/Users/msaari/wordpress-develop/tests/phpunit/tests/functions/anonymization.php" line="221" assertions="1" time="0.001450"/>
      <testcase name="test_anonymize_date" class="Tests_Functions_Anonymization" file="/Users/msaari/wordpress-develop/tests/phpunit/tests/functions/anonymization.php" line="228" assertions="1" time="0.001428"/>
      <testcase name="test_anonymize_text" class="Tests_Functions_Anonymization" file="/Users/msaari/wordpress-develop/tests/phpunit/tests/functions/anonymization.php" line="235" assertions="1" time="0.001398"/>
      <testcase name="test_anonymize_long_text" class="Tests_Functions_Anonymization" file="/Users/msaari/wordpress-develop/tests/phpunit/tests/functions/anonymization.php" line="243" assertions="1" time="0.001376"/>
      <testcase name="test_anonymize_with_filter" class="Tests_Functions_Anonymization" file="/Users/msaari/wordpress-develop/tests/phpunit/tests/functions/anonymization.php" line="253" assertions="1" time="0.001335"/>
    </testsuite>
    <testsuite name="Tests_Functions_canonical_charset" file="/Users/msaari/wordpress-develop/tests/phpunit/tests/functions/canonical-charset.php" tests="11" assertions="19" failures="0" errors="0" time="0.019669">
      <testcase name="test_utf_8_lower" class="Tests_Functions_canonical_charset" file="/Users/msaari/wordpress-develop/tests/phpunit/tests/functions/canonical-charset.php" line="11" assertions="1" time="0.001364"/>
      <testcase name="test_utf_8_upper" class="Tests_Functions_canonical_charset" file="/Users/msaari/wordpress-develop/tests/phpunit/tests/functions/canonical-charset.php" line="15" assertions="1" time="0.001418"/>
      <testcase name="test_utf_8_mixxed" class="Tests_Functions_canonical_charset" file="/Users/msaari/wordpress-develop/tests/phpunit/tests/functions/canonical-charset.php" line="19" assertions="1" time="0.001418"/>
      <testcase name="test_utf_8" class="Tests_Functions_canonical_charset" file="/Users/msaari/wordpress-develop/tests/phpunit/tests/functions/canonical-charset.php" line="23" assertions="1" time="0.001381"/>
      <testcase name="test_iso_lower" class="Tests_Functions_canonical_charset" file="/Users/msaari/wordpress-develop/tests/phpunit/tests/functions/canonical-charset.php" line="27" assertions="1" time="0.001347"/>
      <testcase name="test_iso_upper" class="Tests_Functions_canonical_charset" file="/Users/msaari/wordpress-develop/tests/phpunit/tests/functions/canonical-charset.php" line="31" assertions="1" time="0.001514"/>
      <testcase name="test_iso_mixxed" class="Tests_Functions_canonical_charset" file="/Users/msaari/wordpress-develop/tests/phpunit/tests/functions/canonical-charset.php" line="35" assertions="1" time="0.001637"/>
      <testcase name="test_iso" class="Tests_Functions_canonical_charset" file="/Users/msaari/wordpress-develop/tests/phpunit/tests/functions/canonical-charset.php" line="39" assertions="1" time="0.001451"/>
      <testcase name="test_random" class="Tests_Functions_canonical_charset" file="/Users/msaari/wordpress-develop/tests/phpunit/tests/functions/canonical-charset.php" line="43" assertions="1" time="0.001697"/>
      <testcase name="test_empty" class="Tests_Functions_canonical_charset" file="/Users/msaari/wordpress-develop/tests/phpunit/tests/functions/canonical-charset.php" line="47" assertions="1" time="0.002132"/>
      <testcase name="test_update_option_blog_charset" class="Tests_Functions_canonical_charset" file="/Users/msaari/wordpress-develop/tests/phpunit/tests/functions/canonical-charset.php" line="54" assertions="9" time="0.004310"/>
    </testsuite>
    <testsuite name="Test_Functions_Deprecated" file="/Users/msaari/wordpress-develop/tests/phpunit/tests/functions/deprecated.php" tests="2" assertions="3" failures="0" errors="0" time="0.025827">
      <testcase name="test_wp_save_image_file_deprecated_with_gd_resource" class="Test_Functions_Deprecated" file="/Users/msaari/wordpress-develop/tests/phpunit/tests/functions/deprecated.php" line="151" assertions="2" time="0.013267"/>
      <testcase name="test_wp_save_image_file_not_deprecated_with_wp_image_editor" class="Test_Functions_Deprecated" file="/Users/msaari/wordpress-develop/tests/phpunit/tests/functions/deprecated.php" line="174" assertions="1" time="0.012560"/>
    </testsuite>
    <testsuite name="Tests_Get_Archives" file="/Users/msaari/wordpress-develop/tests/phpunit/tests/functions/getArchives.php" tests="9" assertions="10" failures="0" errors="0" time="0.034929">
      <testcase name="test_wp_get_archives_default" class="Tests_Get_Archives" file="/Users/msaari/wordpress-develop/tests/phpunit/tests/functions/getArchives.php" line="32" assertions="1" time="0.001876"/>
      <testcase name="test_wp_get_archives_type" class="Tests_Get_Archives" file="/Users/msaari/wordpress-develop/tests/phpunit/tests/functions/getArchives.php" line="37" assertions="1" time="0.003137"/>
      <testcase name="test_wp_get_archives_limit" class="Tests_Get_Archives" file="/Users/msaari/wordpress-develop/tests/phpunit/tests/functions/getArchives.php" line="52" assertions="1" time="0.004477"/>
      <testcase name="test_wp_get_archives_format" class="Tests_Get_Archives" file="/Users/msaari/wordpress-develop/tests/phpunit/tests/functions/getArchives.php" line="88" assertions="1" time="0.001934"/>
      <testcase name="test_wp_get_archives_before_and_after" class="Tests_Get_Archives" file="/Users/msaari/wordpress-develop/tests/phpunit/tests/functions/getArchives.php" line="103" assertions="1" time="0.001808"/>
      <testcase name="test_wp_get_archives_show_post_count" class="Tests_Get_Archives" file="/Users/msaari/wordpress-develop/tests/phpunit/tests/functions/getArchives.php" line="120" assertions="1" time="0.001703"/>
      <testcase name="test_wp_get_archives_echo" class="Tests_Get_Archives" file="/Users/msaari/wordpress-develop/tests/phpunit/tests/functions/getArchives.php" line="135" assertions="1" time="0.001682"/>
      <testcase name="test_wp_get_archives_order" class="Tests_Get_Archives" file="/Users/msaari/wordpress-develop/tests/phpunit/tests/functions/getArchives.php" line="141" assertions="2" time="0.013222"/>
      <testcase name="test_wp_get_archives_post_type" class="Tests_Get_Archives" file="/Users/msaari/wordpress-develop/tests/phpunit/tests/functions/getArchives.php" line="188" assertions="1" time="0.005090"/>
    </testsuite>
    <testsuite name="Tests_Functions_GetWeekstartend" file="/Users/msaari/wordpress-develop/tests/phpunit/tests/functions/getWeekstartend.php" tests="4" assertions="4" failures="0" errors="0" time="0.008089">
      <testcase name="test_default_start_of_week_option_is_monday" class="Tests_Functions_GetWeekstartend" file="/Users/msaari/wordpress-develop/tests/phpunit/tests/functions/getWeekstartend.php" line="8" assertions="1" time="0.001553"/>
      <testcase name="test_start_of_week_sunday" class="Tests_Functions_GetWeekstartend" file="/Users/msaari/wordpress-develop/tests/phpunit/tests/functions/getWeekstartend.php" line="17" assertions="1" time="0.001612"/>
      <testcase name="test_start_of_week_should_fall_back_on_start_of_week_option" class="Tests_Functions_GetWeekstartend" file="/Users/msaari/wordpress-develop/tests/phpunit/tests/functions/getWeekstartend.php" line="26" assertions="1" time="0.002269"/>
      <testcase name="test_start_of_week_should_fall_back_on_sunday_when_option_is_missing" class="Tests_Functions_GetWeekstartend" file="/Users/msaari/wordpress-develop/tests/phpunit/tests/functions/getWeekstartend.php" line="37" assertions="1" time="0.002655"/>
    </testsuite>
    <testsuite name="Tests_Functions_ListFiles" file="/Users/msaari/wordpress-develop/tests/phpunit/tests/functions/listFiles.php" tests="2" assertions="4" failures="0" errors="0" time="0.008950">
      <testcase name="test_list_files_returns_a_list_of_files" class="Tests_Functions_ListFiles" file="/Users/msaari/wordpress-develop/tests/phpunit/tests/functions/listFiles.php" line="9" assertions="3" time="0.004558"/>
      <testcase name="test_list_files_can_exclude_files" class="Tests_Functions_ListFiles" file="/Users/msaari/wordpress-develop/tests/phpunit/tests/functions/listFiles.php" line="16" assertions="1" time="0.004392"/>
    </testsuite>
    <testsuite name="Tests_Functions_ListFilter" file="/Users/msaari/wordpress-develop/tests/phpunit/tests/functions/listFilter.php" tests="21" assertions="42" failures="0" errors="0" time="0.031849">
      <testcase name="test_filter_object_list_and" class="Tests_Functions_ListFilter" file="/Users/msaari/wordpress-develop/tests/phpunit/tests/functions/listFilter.php" line="43" assertions="3" time="0.001344"/>
      <testcase name="test_filter_object_list_or" class="Tests_Functions_ListFilter" file="/Users/msaari/wordpress-develop/tests/phpunit/tests/functions/listFilter.php" line="57" assertions="4" time="0.001412"/>
      <testcase name="test_filter_object_list_not" class="Tests_Functions_ListFilter" file="/Users/msaari/wordpress-develop/tests/phpunit/tests/functions/listFilter.php" line="72" assertions="2" time="0.001573"/>
      <testcase name="test_filter_object_list_and_field" class="Tests_Functions_ListFilter" file="/Users/msaari/wordpress-develop/tests/phpunit/tests/functions/listFilter.php" line="85" assertions="1" time="0.001729"/>
      <testcase name="test_filter_object_list_or_field" class="Tests_Functions_ListFilter" file="/Users/msaari/wordpress-develop/tests/phpunit/tests/functions/listFilter.php" line="104" assertions="1" time="0.002014"/>
      <testcase name="test_filter_object_list_not_field" class="Tests_Functions_ListFilter" file="/Users/msaari/wordpress-develop/tests/phpunit/tests/functions/listFilter.php" line="123" assertions="1" time="0.001666"/>
      <testcase name="test_wp_list_pluck" class="Tests_Functions_ListFilter" file="/Users/msaari/wordpress-develop/tests/phpunit/tests/functions/listFilter.php" line="136" assertions="2" time="0.001580"/>
      <testcase name="test_wp_list_pluck_index_key" class="Tests_Functions_ListFilter" file="/Users/msaari/wordpress-develop/tests/phpunit/tests/functions/listFilter.php" line="161" assertions="1" time="0.001454"/>
      <testcase name="test_wp_list_pluck_object_index_key" class="Tests_Functions_ListFilter" file="/Users/msaari/wordpress-develop/tests/phpunit/tests/functions/listFilter.php" line="176" assertions="1" time="0.001419"/>
      <testcase name="test_wp_list_pluck_missing_index_key" class="Tests_Functions_ListFilter" file="/Users/msaari/wordpress-develop/tests/phpunit/tests/functions/listFilter.php" line="191" assertions="1" time="0.001405"/>
      <testcase name="test_wp_list_pluck_partial_missing_index_key" class="Tests_Functions_ListFilter" file="/Users/msaari/wordpress-develop/tests/phpunit/tests/functions/listFilter.php" line="206" assertions="1" time="0.001364"/>
      <testcase name="test_wp_list_pluck_mixed_index_key" class="Tests_Functions_ListFilter" file="/Users/msaari/wordpress-develop/tests/phpunit/tests/functions/listFilter.php" line="223" assertions="1" time="0.001382"/>
      <testcase name="test_wp_list_pluck_containing_references" class="Tests_Functions_ListFilter" file="/Users/msaari/wordpress-develop/tests/phpunit/tests/functions/listFilter.php" line="240" assertions="5" time="0.001368"/>
      <testcase name="test_wp_list_pluck_containing_references_keys" class="Tests_Functions_ListFilter" file="/Users/msaari/wordpress-develop/tests/phpunit/tests/functions/listFilter.php" line="265" assertions="5" time="0.001368"/>
      <testcase name="test_filter_object_list_nested_array_and" class="Tests_Functions_ListFilter" file="/Users/msaari/wordpress-develop/tests/phpunit/tests/functions/listFilter.php" line="287" assertions="2" time="0.001460"/>
      <testcase name="test_filter_object_list_nested_array_not" class="Tests_Functions_ListFilter" file="/Users/msaari/wordpress-develop/tests/phpunit/tests/functions/listFilter.php" line="293" assertions="3" time="0.001669"/>
      <testcase name="test_filter_object_list_nested_array_or" class="Tests_Functions_ListFilter" file="/Users/msaari/wordpress-develop/tests/phpunit/tests/functions/listFilter.php" line="300" assertions="3" time="0.001746"/>
      <testcase name="test_filter_object_list_nested_array_or_singular" class="Tests_Functions_ListFilter" file="/Users/msaari/wordpress-develop/tests/phpunit/tests/functions/listFilter.php" line="314" assertions="2" time="0.001597"/>
      <testcase name="test_filter_object_list_nested_array_and_field" class="Tests_Functions_ListFilter" file="/Users/msaari/wordpress-develop/tests/phpunit/tests/functions/listFilter.php" line="321" assertions="1" time="0.001461"/>
      <testcase name="test_filter_object_list_nested_array_not_field" class="Tests_Functions_ListFilter" file="/Users/msaari/wordpress-develop/tests/phpunit/tests/functions/listFilter.php" line="326" assertions="1" time="0.001430"/>
      <testcase name="test_filter_object_list_nested_array_or_field" class="Tests_Functions_ListFilter" file="/Users/msaari/wordpress-develop/tests/phpunit/tests/functions/listFilter.php" line="337" assertions="1" time="0.001409"/>
    </testsuite>
    <testsuite name="Tests_Functions_MaybeDeclineDate" file="/Users/msaari/wordpress-develop/tests/phpunit/tests/functions/maybeDeclineDate.php" tests="7" assertions="7" failures="0" errors="0" time="0.010861">
      <testsuite name="Tests_Functions_MaybeDeclineDate::test_wp_maybe_decline_date" tests="7" assertions="7" failures="0" errors="0" time="0.010861">
        <testcase name="test_wp_maybe_decline_date with data set #0" assertions="1" time="0.001603"/>
        <testcase name="test_wp_maybe_decline_date with data set #1" assertions="1" time="0.001432"/>
        <testcase name="test_wp_maybe_decline_date with data set #2" assertions="1" time="0.001552"/>
        <testcase name="test_wp_maybe_decline_date with data set #3" assertions="1" time="0.001721"/>
        <testcase name="test_wp_maybe_decline_date with data set #4" assertions="1" time="0.001638"/>
        <testcase name="test_wp_maybe_decline_date with data set #5" assertions="1" time="0.001471"/>
        <testcase name="test_wp_maybe_decline_date with data set #6" assertions="1" time="0.001444"/>
      </testsuite>
    </testsuite>
    <testsuite name="Tests_Functions_Number_Format_I18n" file="/Users/msaari/wordpress-develop/tests/phpunit/tests/functions/numberFormatI18n.php" tests="4" assertions="8" failures="0" errors="0" time="0.008233">
      <testcase name="test_should_fall_back_to_number_format_when_wp_locale_is_not_set" class="Tests_Functions_Number_Format_I18n" file="/Users/msaari/wordpress-develop/tests/phpunit/tests/functions/numberFormatI18n.php" line="10" assertions="2" time="0.001698"/>
      <testcase name="test_should_respect_number_format_of_locale" class="Tests_Functions_Number_Format_I18n" file="/Users/msaari/wordpress-develop/tests/phpunit/tests/functions/numberFormatI18n.php" line="23" assertions="2" time="0.002129"/>
      <testcase name="test_should_default_to_en_us_format" class="Tests_Functions_Number_Format_I18n" file="/Users/msaari/wordpress-develop/tests/phpunit/tests/functions/numberFormatI18n.php" line="40" assertions="2" time="0.002272"/>
      <testcase name="test_should_handle_negative_precision" class="Tests_Functions_Number_Format_I18n" file="/Users/msaari/wordpress-develop/tests/phpunit/tests/functions/numberFormatI18n.php" line="45" assertions="2" time="0.002134"/>
    </testsuite>
    <testsuite name="Tests_Plugin_Basename" file="/Users/msaari/wordpress-develop/tests/phpunit/tests/functions/pluginBasename.php" tests="2" assertions="2" failures="0" errors="0" time="0.003016">
      <testcase name="test_return_correct_basename_for_symlinked_plugins" class="Tests_Plugin_Basename" file="/Users/msaari/wordpress-develop/tests/phpunit/tests/functions/pluginBasename.php" line="39" assertions="1" time="0.001455"/>
      <testcase name="test_return_correct_basename_for_symlinked_plugins_with_path_conflicts" class="Tests_Plugin_Basename" file="/Users/msaari/wordpress-develop/tests/phpunit/tests/functions/pluginBasename.php" line="53" assertions="1" time="0.001561"/>
    </testsuite>
    <testsuite name="Tests_Functions_Referer" file="/Users/msaari/wordpress-develop/tests/phpunit/tests/functions/referer.php" tests="15" assertions="15" failures="0" errors="0" time="0.022503">
      <testcase name="test_from_request_relative_referrer" class="Tests_Functions_Referer" file="/Users/msaari/wordpress-develop/tests/phpunit/tests/functions/referer.php" line="35" assertions="1" time="0.001312"/>
      <testcase name="test_from_request_same_url" class="Tests_Functions_Referer" file="/Users/msaari/wordpress-develop/tests/phpunit/tests/functions/referer.php" line="41" assertions="1" time="0.001499"/>
      <testcase name="test_from_request_different_resource" class="Tests_Functions_Referer" file="/Users/msaari/wordpress-develop/tests/phpunit/tests/functions/referer.php" line="47" assertions="1" time="0.001649"/>
      <testcase name="test_from_request_different_query_args" class="Tests_Functions_Referer" file="/Users/msaari/wordpress-develop/tests/phpunit/tests/functions/referer.php" line="53" assertions="1" time="0.001606"/>
      <testcase name="test_from_request_subfolder_install" class="Tests_Functions_Referer" file="/Users/msaari/wordpress-develop/tests/phpunit/tests/functions/referer.php" line="62" assertions="1" time="0.001673"/>
      <testcase name="test_from_request_subfolder_install_different_resource" class="Tests_Functions_Referer" file="/Users/msaari/wordpress-develop/tests/phpunit/tests/functions/referer.php" line="75" assertions="1" time="0.001580"/>
      <testcase name="test_relative_referrer" class="Tests_Functions_Referer" file="/Users/msaari/wordpress-develop/tests/phpunit/tests/functions/referer.php" line="85" assertions="1" time="0.001427"/>
      <testcase name="test_same_url" class="Tests_Functions_Referer" file="/Users/msaari/wordpress-develop/tests/phpunit/tests/functions/referer.php" line="91" assertions="1" time="0.001461"/>
      <testcase name="test_different_resource" class="Tests_Functions_Referer" file="/Users/msaari/wordpress-develop/tests/phpunit/tests/functions/referer.php" line="97" assertions="1" time="0.001466"/>
      <testcase name="test_different_server" class="Tests_Functions_Referer" file="/Users/msaari/wordpress-develop/tests/phpunit/tests/functions/referer.php" line="107" assertions="1" time="0.001390"/>
      <testcase name="test_different_server_allowed_redirect_host" class="Tests_Functions_Referer" file="/Users/msaari/wordpress-develop/tests/phpunit/tests/functions/referer.php" line="117" assertions="1" time="0.001446"/>
      <testcase name="test_raw_referer_empty" class="Tests_Functions_Referer" file="/Users/msaari/wordpress-develop/tests/phpunit/tests/functions/referer.php" line="128" assertions="1" time="0.001363"/>
      <testcase name="test_raw_referer" class="Tests_Functions_Referer" file="/Users/msaari/wordpress-develop/tests/phpunit/tests/functions/referer.php" line="135" assertions="1" time="0.001412"/>
      <testcase name="test_raw_referer_from_request" class="Tests_Functions_Referer" file="/Users/msaari/wordpress-develop/tests/phpunit/tests/functions/referer.php" line="143" assertions="1" time="0.001351"/>
      <testcase name="test_raw_referer_both" class="Tests_Functions_Referer" file="/Users/msaari/wordpress-develop/tests/phpunit/tests/functions/referer.php" line="151" assertions="1" time="0.001868"/>
    </testsuite>
    <testsuite name="Tests_Functions_RemoveQueryArg" file="/Users/msaari/wordpress-develop/tests/phpunit/tests/functions/removeQueryArg.php" tests="6" assertions="11" failures="0" errors="0" time="0.008489">
      <testsuite name="Tests_Functions_RemoveQueryArg::test_remove_query_arg" tests="5" assertions="10" failures="0" errors="0" time="0.007118">
        <testcase name="test_remove_query_arg with data set #0" assertions="2" time="0.001391"/>
        <testcase name="test_remove_query_arg with data set #1" assertions="2" time="0.001483"/>
        <testcase name="test_remove_query_arg with data set #2" assertions="2" time="0.001438"/>
        <testcase name="test_remove_query_arg with data set #3" assertions="2" time="0.001411"/>
        <testcase name="test_remove_query_arg with data set #4" assertions="2" time="0.001395"/>
      </testsuite>
      <testcase name="test_should_fall_back_on_current_url" class="Tests_Functions_RemoveQueryArg" file="/Users/msaari/wordpress-develop/tests/phpunit/tests/functions/removeQueryArg.php" line="27" assertions="1" time="0.001371"/>
    </testsuite>
    <testsuite name="Tests_Functions_Size_Format" file="/Users/msaari/wordpress-develop/tests/phpunit/tests/functions/sizeFormat.php" tests="27" assertions="27" failures="0" errors="0" time="0.039878">
      <testsuite name="Tests_Functions_Size_Format::test_size_format" tests="27" assertions="27" failures="0" errors="0" time="0.039878">
        <testcase name="test_size_format with data set #0" assertions="1" time="0.001342"/>
        <testcase name="test_size_format with data set #1" assertions="1" time="0.001623"/>
        <testcase name="test_size_format with data set #2" assertions="1" time="0.001760"/>
        <testcase name="test_size_format with data set #3" assertions="1" time="0.001503"/>
        <testcase name="test_size_format with data set #4" assertions="1" time="0.001387"/>
        <testcase name="test_size_format with data set #5" assertions="1" time="0.001382"/>
        <testcase name="test_size_format with data set #6" assertions="1" time="0.001362"/>
        <testcase name="test_size_format with data set #7" assertions="1" time="0.001371"/>
        <testcase name="test_size_format with data set #8" assertions="1" time="0.001553"/>
        <testcase name="test_size_format with data set #9" assertions="1" time="0.001571"/>
        <testcase name="test_size_format with data set #10" assertions="1" time="0.001522"/>
        <testcase name="test_size_format with data set #11" assertions="1" time="0.001499"/>
        <testcase name="test_size_format with data set #12" assertions="1" time="0.001599"/>
        <testcase name="test_size_format with data set #13" assertions="1" time="0.001529"/>
        <testcase name="test_size_format with data set #14" assertions="1" time="0.001406"/>
        <testcase name="test_size_format with data set #15" assertions="1" time="0.001420"/>
        <testcase name="test_size_format with data set #16" assertions="1" time="0.001398"/>
        <testcase name="test_size_format with data set #17" assertions="1" time="0.001478"/>
        <testcase name="test_size_format with data set #18" assertions="1" time="0.001365"/>
        <testcase name="test_size_format with data set #19" assertions="1" time="0.001390"/>
        <testcase name="test_size_format with data set #20" assertions="1" time="0.001363"/>
        <testcase name="test_size_format with data set #21" assertions="1" time="0.001362"/>
        <testcase name="test_size_format with data set #22" assertions="1" time="0.001456"/>
        <testcase name="test_size_format with data set #23" assertions="1" time="0.001870"/>
        <testcase name="test_size_format with data set #24" assertions="1" time="0.001556"/>
        <testcase name="test_size_format with data set #25" assertions="1" time="0.001440"/>
        <testcase name="test_size_format with data set #26" assertions="1" time="0.001371"/>
      </testsuite>
    </testsuite>
    <testsuite name="Tests_Functions_WP_Auth_Check" file="/Users/msaari/wordpress-develop/tests/phpunit/tests/functions/wpAuthCheck.php" tests="3" assertions="6" failures="0" errors="0" time="0.005101">
      <testcase name="test_wp_auth_check_user_not_logged_in" class="Tests_Functions_WP_Auth_Check" file="/Users/msaari/wordpress-develop/tests/phpunit/tests/functions/wpAuthCheck.php" line="15" assertions="2" time="0.001322"/>
      <testcase name="test_wp_auth_check_user_logged_in" class="Tests_Functions_WP_Auth_Check" file="/Users/msaari/wordpress-develop/tests/phpunit/tests/functions/wpAuthCheck.php" line="29" assertions="2" time="0.001967"/>
      <testcase name="test_wp_auth_check_user_logged_in_login_grace_period_set" class="Tests_Functions_WP_Auth_Check" file="/Users/msaari/wordpress-develop/tests/phpunit/tests/functions/wpAuthCheck.php" line="46" assertions="2" time="0.001812"/>
    </testsuite>
    <testsuite name="Tests_WP_List_Util" file="/Users/msaari/wordpress-develop/tests/phpunit/tests/functions/wpListUtil.php" tests="31" assertions="32" failures="0" errors="0" time="0.047780">
      <testsuite name="Tests_WP_List_Util::test_wp_list_pluck" tests="6" assertions="6" failures="0" errors="0" time="0.008382">
        <testcase name="test_wp_list_pluck with data set &quot;arrays&quot;" assertions="1" time="0.001384"/>
        <testcase name="test_wp_list_pluck with data set &quot;arrays with index key&quot;" assertions="1" time="0.001422"/>
        <testcase name="test_wp_list_pluck with data set &quot;arrays with index key missing&quot;" assertions="1" time="0.001410"/>
        <testcase name="test_wp_list_pluck with data set &quot;objects&quot;" assertions="1" time="0.001399"/>
        <testcase name="test_wp_list_pluck with data set &quot;objects with index key&quot;" assertions="1" time="0.001372"/>
        <testcase name="test_wp_list_pluck with data set &quot;objects with index key missing&quot;" assertions="1" time="0.001395"/>
      </testsuite>
      <testsuite name="Tests_WP_List_Util::test_wp_list_filter" tests="8" assertions="8" failures="0" errors="0" time="0.012479">
        <testcase name="test_wp_list_filter with data set &quot;string instead of array&quot;" assertions="1" time="0.001362"/>
        <testcase name="test_wp_list_filter with data set &quot;object instead of array&quot;" assertions="1" time="0.001340"/>
        <testcase name="test_wp_list_filter with data set &quot;empty args&quot;" assertions="1" time="0.001411"/>
        <testcase name="test_wp_list_filter with data set &quot;invalid operator&quot;" assertions="1" time="0.001856"/>
        <testcase name="test_wp_list_filter with data set &quot;single argument to match&quot;" assertions="1" time="0.001871"/>
        <testcase name="test_wp_list_filter with data set &quot;all must match&quot;" assertions="1" time="0.001575"/>
        <testcase name="test_wp_list_filter with data set &quot;any must match&quot;" assertions="1" time="0.001544"/>
        <testcase name="test_wp_list_filter with data set &quot;none must match&quot;" assertions="1" time="0.001520"/>
      </testsuite>
      <testsuite name="Tests_WP_List_Util::test_wp_list_sort" tests="7" assertions="7" failures="0" errors="0" time="0.009975">
        <testcase name="test_wp_list_sort with data set &quot;single orderby ascending&quot;" assertions="1" time="0.001470"/>
        <testcase name="test_wp_list_sort with data set &quot;single orderby descending&quot;" assertions="1" time="0.001377"/>
        <testcase name="test_wp_list_sort with data set &quot;single orderby array ascending&quot;" assertions="1" time="0.001340"/>
        <testcase name="test_wp_list_sort with data set &quot;single orderby array descending&quot;" assertions="1" time="0.001363"/>
        <testcase name="test_wp_list_sort with data set &quot;multiple orderby ascending&quot;" assertions="1" time="0.001362"/>
        <testcase name="test_wp_list_sort with data set &quot;multiple orderby descending&quot;" assertions="1" time="0.001431"/>
        <testcase name="test_wp_list_sort with data set &quot;multiple orderby mixed&quot;" assertions="1" time="0.001632"/>
      </testsuite>
      <testsuite name="Tests_WP_List_Util::test_wp_list_sort_preserve_keys" tests="7" assertions="7" failures="0" errors="0" time="0.011132">
        <testcase name="test_wp_list_sort_preserve_keys with data set &quot;single orderby ascending&quot;" assertions="1" time="0.001814"/>
        <testcase name="test_wp_list_sort_preserve_keys with data set &quot;single orderby descending&quot;" assertions="1" time="0.001535"/>
        <testcase name="test_wp_list_sort_preserve_keys with data set &quot;single orderby array ascending&quot;" assertions="1" time="0.001529"/>
        <testcase name="test_wp_list_sort_preserve_keys with data set &quot;single orderby array descending&quot;" assertions="1" time="0.001782"/>
        <testcase name="test_wp_list_sort_preserve_keys with data set &quot;multiple orderby ascending&quot;" assertions="1" time="0.001549"/>
        <testcase name="test_wp_list_sort_preserve_keys with data set &quot;multiple orderby descending&quot;" assertions="1" time="0.001475"/>
        <testcase name="test_wp_list_sort_preserve_keys with data set &quot;multiple orderby mixed&quot;" assertions="1" time="0.001448"/>
      </testsuite>
      <testcase name="test_wp_list_util_get_input" class="Tests_WP_List_Util" file="/Users/msaari/wordpress-develop/tests/phpunit/tests/functions/wpListUtil.php" line="1021" assertions="1" time="0.001480"/>
      <testcase name="test_wp_list_util_get_output_immediately" class="Tests_WP_List_Util" file="/Users/msaari/wordpress-develop/tests/phpunit/tests/functions/wpListUtil.php" line="1028" assertions="1" time="0.001717"/>
      <testcase name="test_wp_list_util_get_output" class="Tests_WP_List_Util" file="/Users/msaari/wordpress-develop/tests/phpunit/tests/functions/wpListUtil.php" line="1035" assertions="2" time="0.002614"/>
    </testsuite>
    <testsuite name="Tests_General_Archives" file="/Users/msaari/wordpress-develop/tests/phpunit/tests/general/archives.php" tests="1" assertions="37" failures="0" errors="0" time="0.064548">
      <testcase name="test_get_archives_cache" class="Tests_General_Archives" file="/Users/msaari/wordpress-develop/tests/phpunit/tests/general/archives.php" line="16" assertions="37" time="0.064548"/>
    </testsuite>
    <testsuite name="Tests_General_DocumentTitle" file="/Users/msaari/wordpress-develop/tests/phpunit/tests/general/document-title.php" tests="18" assertions="32" failures="0" errors="0" time="0.077309">
      <testcase name="test__wp_render_title_tag" class="Tests_General_DocumentTitle" file="/Users/msaari/wordpress-develop/tests/phpunit/tests/general/document-title.php" line="62" assertions="1" time="0.006031"/>
      <testcase name="test__wp_render_title_no_theme_support" class="Tests_General_DocumentTitle" file="/Users/msaari/wordpress-develop/tests/phpunit/tests/general/document-title.php" line="69" assertions="1" time="0.003743"/>
      <testcase name="test_short_circuiting_title" class="Tests_General_DocumentTitle" file="/Users/msaari/wordpress-develop/tests/phpunit/tests/general/document-title.php" line="78" assertions="1" time="0.003296"/>
      <testcase name="test_front_page_title" class="Tests_General_DocumentTitle" file="/Users/msaari/wordpress-develop/tests/phpunit/tests/general/document-title.php" line="90" assertions="8" time="0.008751"/>
      <testcase name="test_home_title" class="Tests_General_DocumentTitle" file="/Users/msaari/wordpress-develop/tests/phpunit/tests/general/document-title.php" line="120" assertions="1" time="0.009130"/>
      <testcase name="test_paged_title" class="Tests_General_DocumentTitle" file="/Users/msaari/wordpress-develop/tests/phpunit/tests/general/document-title.php" line="135" assertions="5" time="0.003719"/>
      <testcase name="test_singular_title" class="Tests_General_DocumentTitle" file="/Users/msaari/wordpress-develop/tests/phpunit/tests/general/document-title.php" line="152" assertions="4" time="0.003263"/>
      <testcase name="test_category_title" class="Tests_General_DocumentTitle" file="/Users/msaari/wordpress-develop/tests/phpunit/tests/general/document-title.php" line="168" assertions="1" time="0.003295"/>
      <testcase name="test_search_title" class="Tests_General_DocumentTitle" file="/Users/msaari/wordpress-develop/tests/phpunit/tests/general/document-title.php" line="174" assertions="1" time="0.003446"/>
      <testcase name="test_author_title" class="Tests_General_DocumentTitle" file="/Users/msaari/wordpress-develop/tests/phpunit/tests/general/document-title.php" line="180" assertions="1" time="0.003416"/>
      <testcase name="test_post_type_archive_title" class="Tests_General_DocumentTitle" file="/Users/msaari/wordpress-develop/tests/phpunit/tests/general/document-title.php" line="186" assertions="1" time="0.006157"/>
      <testcase name="test_year_title" class="Tests_General_DocumentTitle" file="/Users/msaari/wordpress-develop/tests/phpunit/tests/general/document-title.php" line="209" assertions="1" time="0.004064"/>
      <testcase name="test_month_title" class="Tests_General_DocumentTitle" file="/Users/msaari/wordpress-develop/tests/phpunit/tests/general/document-title.php" line="215" assertions="1" time="0.003458"/>
      <testcase name="test_day_title" class="Tests_General_DocumentTitle" file="/Users/msaari/wordpress-develop/tests/phpunit/tests/general/document-title.php" line="221" assertions="1" time="0.003386"/>
      <testcase name="test_404_title" class="Tests_General_DocumentTitle" file="/Users/msaari/wordpress-develop/tests/phpunit/tests/general/document-title.php" line="227" assertions="1" time="0.002433"/>
      <testcase name="test_paged_post_title" class="Tests_General_DocumentTitle" file="/Users/msaari/wordpress-develop/tests/phpunit/tests/general/document-title.php" line="233" assertions="1" time="0.003274"/>
      <testcase name="test_rearrange_title_parts" class="Tests_General_DocumentTitle" file="/Users/msaari/wordpress-develop/tests/phpunit/tests/general/document-title.php" line="250" assertions="1" time="0.003371"/>
      <testcase name="test_change_title_separator" class="Tests_General_DocumentTitle" file="/Users/msaari/wordpress-develop/tests/phpunit/tests/general/document-title.php" line="267" assertions="1" time="0.003076"/>
    </testsuite>
    <testsuite name="Tests_Paginate_Links" file="/Users/msaari/wordpress-develop/tests/phpunit/tests/general/paginateLinks.php" tests="11" assertions="41" failures="0" errors="0" time="0.024113">
      <testcase name="test_defaults" class="Tests_Paginate_Links" file="/Users/msaari/wordpress-develop/tests/phpunit/tests/general/paginateLinks.php" line="13" assertions="1" time="0.002439"/>
      <testcase name="test_format" class="Tests_Paginate_Links" file="/Users/msaari/wordpress-develop/tests/phpunit/tests/general/paginateLinks.php" line="31" assertions="1" time="0.001961"/>
      <testcase name="test_prev_next_false" class="Tests_Paginate_Links" file="/Users/msaari/wordpress-develop/tests/phpunit/tests/general/paginateLinks.php" line="54" assertions="1" time="0.002256"/>
      <testcase name="test_prev_next_true" class="Tests_Paginate_Links" file="/Users/msaari/wordpress-develop/tests/phpunit/tests/general/paginateLinks.php" line="79" assertions="1" time="0.002403"/>
      <testcase name="test_paginate_links_number_format" class="Tests_Paginate_Links" file="/Users/msaari/wordpress-develop/tests/phpunit/tests/general/paginateLinks.php" line="113" assertions="1" time="0.002112"/>
      <testcase name="test_paginate_links_base_value" class="Tests_Paginate_Links" file="/Users/msaari/wordpress-develop/tests/phpunit/tests/general/paginateLinks.php" line="135" assertions="10" time="0.002268"/>
      <testcase name="test_paginate_links_query_args" class="Tests_Paginate_Links" file="/Users/msaari/wordpress-develop/tests/phpunit/tests/general/paginateLinks.php" line="216" assertions="10" time="0.002135"/>
      <testcase name="test_paginate_links_with_custom_query_args" class="Tests_Paginate_Links" file="/Users/msaari/wordpress-develop/tests/phpunit/tests/general/paginateLinks.php" line="254" assertions="10" time="0.002112"/>
      <testcase name="test_paginate_links_should_allow_non_default_format_without_add_args" class="Tests_Paginate_Links" file="/Users/msaari/wordpress-develop/tests/phpunit/tests/general/paginateLinks.php" line="294" assertions="4" time="0.002038"/>
      <testcase name="test_paginate_links_should_allow_add_args_to_be_bool_false" class="Tests_Paginate_Links" file="/Users/msaari/wordpress-develop/tests/phpunit/tests/general/paginateLinks.php" line="320" assertions="1" time="0.002148"/>
      <testcase name="test_custom_base_query_arg_should_be_stripped_from_current_url_before_generating_pag_links" class="Tests_Paginate_Links" file="/Users/msaari/wordpress-develop/tests/phpunit/tests/general/paginateLinks.php" line="342" assertions="1" time="0.002241"/>
    </testsuite>
    <testsuite name="Tests_WP_Resource_Hints" file="/Users/msaari/wordpress-develop/tests/phpunit/tests/general/resourceHints.php" tests="11" assertions="13" failures="0" errors="0" time="0.016888">
      <testcase name="test_should_have_defaults_on_frontend" class="Tests_WP_Resource_Hints" file="/Users/msaari/wordpress-develop/tests/phpunit/tests/general/resourceHints.php" line="33" assertions="1" time="0.001363"/>
      <testcase name="test_dns_prefetching" class="Tests_WP_Resource_Hints" file="/Users/msaari/wordpress-develop/tests/phpunit/tests/general/resourceHints.php" line="41" assertions="1" time="0.001526"/>
      <testcase name="test_preconnect" class="Tests_WP_Resource_Hints" file="/Users/msaari/wordpress-develop/tests/phpunit/tests/general/resourceHints.php" line="72" assertions="1" time="0.001506"/>
      <testcase name="test_prerender" class="Tests_WP_Resource_Hints" file="/Users/msaari/wordpress-develop/tests/phpunit/tests/general/resourceHints.php" line="100" assertions="1" time="0.001440"/>
      <testcase name="test_parse_url_dns_prefetch" class="Tests_WP_Resource_Hints" file="/Users/msaari/wordpress-develop/tests/phpunit/tests/general/resourceHints.php" line="126" assertions="1" time="0.001416"/>
      <testcase name="test_dns_prefetch_styles" class="Tests_WP_Resource_Hints" file="/Users/msaari/wordpress-develop/tests/phpunit/tests/general/resourceHints.php" line="147" assertions="1" time="0.001412"/>
      <testcase name="test_dns_prefetch_scripts" class="Tests_WP_Resource_Hints" file="/Users/msaari/wordpress-develop/tests/phpunit/tests/general/resourceHints.php" line="166" assertions="1" time="0.001514"/>
      <testcase name="test_dns_prefetch_scripts_does_not_included_registered_only" class="Tests_WP_Resource_Hints" file="/Users/msaari/wordpress-develop/tests/phpunit/tests/general/resourceHints.php" line="184" assertions="2" time="0.001805"/>
      <testcase name="test_deregistered_scripts_are_ignored" class="Tests_WP_Resource_Hints" file="/Users/msaari/wordpress-develop/tests/phpunit/tests/general/resourceHints.php" line="201" assertions="1" time="0.001773"/>
      <testcase name="test_malformed_urls" class="Tests_WP_Resource_Hints" file="/Users/msaari/wordpress-develop/tests/phpunit/tests/general/resourceHints.php" line="214" assertions="2" time="0.001553"/>
      <testcase name="test_custom_attributes" class="Tests_WP_Resource_Hints" file="/Users/msaari/wordpress-develop/tests/phpunit/tests/general/resourceHints.php" line="249" assertions="1" time="0.001580"/>
    </testsuite>
    <testsuite name="Tests_General_Template" file="/Users/msaari/wordpress-develop/tests/phpunit/tests/general/template.php" tests="17" assertions="28" failures="0" errors="0" time="0.286539">
      <testcase name="test_get_site_icon_url" class="Tests_General_Template" file="/Users/msaari/wordpress-develop/tests/phpunit/tests/general/template.php" line="37" assertions="3" time="0.013381"/>
      <testcase name="test_site_icon_url" class="Tests_General_Template" file="/Users/msaari/wordpress-develop/tests/phpunit/tests/general/template.php" line="50" assertions="1" time="0.010288"/>
      <testcase name="test_has_site_icon" class="Tests_General_Template" file="/Users/msaari/wordpress-develop/tests/phpunit/tests/general/template.php" line="62" assertions="3" time="0.010105"/>
      <testcase name="test_wp_site_icon" class="Tests_General_Template" file="/Users/msaari/wordpress-develop/tests/phpunit/tests/general/template.php" line="100" assertions="1" time="0.010122"/>
      <testcase name="test_wp_site_icon_with_filter" class="Tests_General_Template" file="/Users/msaari/wordpress-develop/tests/phpunit/tests/general/template.php" line="121" assertions="1" time="0.010291"/>
      <testcase name="test_customize_preview_wp_site_icon_empty" class="Tests_General_Template" file="/Users/msaari/wordpress-develop/tests/phpunit/tests/general/template.php" line="146" assertions="1" time="0.022794"/>
      <testcase name="test_customize_preview_wp_site_icon_dirty" class="Tests_General_Template" file="/Users/msaari/wordpress-develop/tests/phpunit/tests/general/template.php" line="163" assertions="1" time="0.025480"/>
      <testcase name="test_has_custom_logo" class="Tests_General_Template" file="/Users/msaari/wordpress-develop/tests/phpunit/tests/general/template.php" line="247" assertions="3" time="0.011327"/>
      <testcase name="test_get_custom_logo" class="Tests_General_Template" file="/Users/msaari/wordpress-develop/tests/phpunit/tests/general/template.php" line="287" assertions="4" time="0.070192"/>
      <testcase name="test_the_custom_logo" class="Tests_General_Template" file="/Users/msaari/wordpress-develop/tests/phpunit/tests/general/template.php" line="334" assertions="1" time="0.023963"/>
      <testcase name="test_the_custom_logo_with_alt" class="Tests_General_Template" file="/Users/msaari/wordpress-develop/tests/phpunit/tests/general/template.php" line="361" assertions="1" time="0.012978"/>
      <testcase name="test_get_the_modified_time_default" class="Tests_General_Template" file="/Users/msaari/wordpress-develop/tests/phpunit/tests/general/template.php" line="427" assertions="1" time="0.014052"/>
      <testcase name="test_get_the_modified_time_failures_are_filtered" class="Tests_General_Template" file="/Users/msaari/wordpress-develop/tests/phpunit/tests/general/template.php" line="450" assertions="2" time="0.004266"/>
      <testcase name="test_get_the_modified_date_with_post_id" class="Tests_General_Template" file="/Users/msaari/wordpress-develop/tests/phpunit/tests/general/template.php" line="479" assertions="1" time="0.014040"/>
      <testcase name="test_get_the_modified_date_default" class="Tests_General_Template" file="/Users/msaari/wordpress-develop/tests/phpunit/tests/general/template.php" line="498" assertions="1" time="0.014523"/>
      <testcase name="test_get_the_modified_date_failures_are_filtered" class="Tests_General_Template" file="/Users/msaari/wordpress-develop/tests/phpunit/tests/general/template.php" line="521" assertions="2" time="0.004248"/>
      <testcase name="test_get_the_modified_time_with_post_id" class="Tests_General_Template" file="/Users/msaari/wordpress-develop/tests/phpunit/tests/general/template.php" line="550" assertions="1" time="0.014488"/>
    </testsuite>
    <testsuite name="Tests_WP_Error" file="/Users/msaari/wordpress-develop/tests/phpunit/tests/general/wpError.php" tests="78" assertions="78" failures="0" errors="0" time="0.122110">
      <testcase name="test_WP_Error_should_be_of_type_WP_Error" class="Tests_WP_Error" file="/Users/msaari/wordpress-develop/tests/phpunit/tests/general/wpError.php" line="28" assertions="1" time="0.001901"/>
      <testcase name="test_WP_Error_with_default_empty_parameters_should_add_no_errors" class="Tests_WP_Error" file="/Users/msaari/wordpress-develop/tests/phpunit/tests/general/wpError.php" line="32" assertions="1" time="0.001582"/>
      <testcase name="test_WP_Error_with_empty_code_should_add_no_code" class="Tests_WP_Error" file="/Users/msaari/wordpress-develop/tests/phpunit/tests/general/wpError.php" line="36" assertions="1" time="0.001834"/>
      <testcase name="test_WP_Error_with_empty_code_should_add_no_message" class="Tests_WP_Error" file="/Users/msaari/wordpress-develop/tests/phpunit/tests/general/wpError.php" line="40" assertions="1" time="0.001684"/>
      <testcase name="test_WP_Error_with_empty_code_should_add_no_error_data" class="Tests_WP_Error" file="/Users/msaari/wordpress-develop/tests/phpunit/tests/general/wpError.php" line="44" assertions="1" time="0.001636"/>
      <testcase name="test_WP_Error_with_code_and_empty_message_should_add_error_with_that_code" class="Tests_WP_Error" file="/Users/msaari/wordpress-develop/tests/phpunit/tests/general/wpError.php" line="48" assertions="1" time="0.001679"/>
      <testcase name="test_WP_Error_with_code_and_empty_message_should_add_error_with_that_code_and_empty_message" class="Tests_WP_Error" file="/Users/msaari/wordpress-develop/tests/phpunit/tests/general/wpError.php" line="54" assertions="1" time="0.001527"/>
      <testcase name="test_WP_Error_with_code_and_empty_message_and_empty_data_should_add_error_but_not_associated_data" class="Tests_WP_Error" file="/Users/msaari/wordpress-develop/tests/phpunit/tests/general/wpError.php" line="60" assertions="1" time="0.001409"/>
      <testcase name="test_WP_Error_with_code_and_empty_message_and_non_empty_data_should_add_error_with_empty_message_and_that_stored_data" class="Tests_WP_Error" file="/Users/msaari/wordpress-develop/tests/phpunit/tests/general/wpError.php" line="66" assertions="1" time="0.001572"/>
      <testcase name="test_WP_Error_with_code_and_message_should_add_error_with_that_code" class="Tests_WP_Error" file="/Users/msaari/wordpress-develop/tests/phpunit/tests/general/wpError.php" line="72" assertions="1" time="0.002069"/>
      <testcase name="test_WP_Error_with_code_and_message_should_add_error_with_that_message" class="Tests_WP_Error" file="/Users/msaari/wordpress-develop/tests/phpunit/tests/general/wpError.php" line="78" assertions="1" time="0.001890"/>
      <testcase name="test_WP_Error_with_code_and_message_and_data_should_add_error_with_that_code" class="Tests_WP_Error" file="/Users/msaari/wordpress-develop/tests/phpunit/tests/general/wpError.php" line="84" assertions="1" time="0.001595"/>
      <testcase name="test_WP_Error_with_code_and_message_and_data_should_add_error_with_that_message" class="Tests_WP_Error" file="/Users/msaari/wordpress-develop/tests/phpunit/tests/general/wpError.php" line="90" assertions="1" time="0.001532"/>
      <testcase name="test_WP_Error_with_code_and_message_and_data_should_add_error_with_that_data" class="Tests_WP_Error" file="/Users/msaari/wordpress-develop/tests/phpunit/tests/general/wpError.php" line="96" assertions="1" time="0.001419"/>
      <testcase name="test_get_error_codes_with_no_errors_should_return_empty_array" class="Tests_WP_Error" file="/Users/msaari/wordpress-develop/tests/phpunit/tests/general/wpError.php" line="105" assertions="1" time="0.001463"/>
      <testcase name="test_get_error_codes_with_one_error_should_return_an_array_with_only_that_code" class="Tests_WP_Error" file="/Users/msaari/wordpress-develop/tests/phpunit/tests/general/wpError.php" line="112" assertions="1" time="0.001444"/>
      <testcase name="test_get_error_codes_with_multiple_errors_should_return_an_array_of_those_codes" class="Tests_WP_Error" file="/Users/msaari/wordpress-develop/tests/phpunit/tests/general/wpError.php" line="121" assertions="1" time="0.001370"/>
      <testcase name="test_get_error_code_with_no_errors_should_return_an_empty_string" class="Tests_WP_Error" file="/Users/msaari/wordpress-develop/tests/phpunit/tests/general/wpError.php" line="133" assertions="1" time="0.001372"/>
      <testcase name="test_get_error_code_with_one_error_should_return_that_error_code" class="Tests_WP_Error" file="/Users/msaari/wordpress-develop/tests/phpunit/tests/general/wpError.php" line="140" assertions="1" time="0.001465"/>
      <testcase name="test_get_error_code_with_multiple_errors_should_return_only_the_first_error_code" class="Tests_WP_Error" file="/Users/msaari/wordpress-develop/tests/phpunit/tests/general/wpError.php" line="149" assertions="1" time="0.001771"/>
      <testcase name="test_get_error_messages_with_empty_code_and_no_errors_should_return_an_empty_array" class="Tests_WP_Error" file="/Users/msaari/wordpress-develop/tests/phpunit/tests/general/wpError.php" line="159" assertions="1" time="0.001895"/>
      <testcase name="test_get_error_messages_with_empty_code_one_error_should_return_an_array_with_that_message" class="Tests_WP_Error" file="/Users/msaari/wordpress-develop/tests/phpunit/tests/general/wpError.php" line="166" assertions="1" time="0.001677"/>
      <testcase name="test_get_error_messages_with_empty_code_multiple_errors_should_return_an_array_of_messages" class="Tests_WP_Error" file="/Users/msaari/wordpress-develop/tests/phpunit/tests/general/wpError.php" line="175" assertions="1" time="0.001456"/>
      <testcase name="test_get_error_messages_with_an_invalid_code_should_return_an_empty_array" class="Tests_WP_Error" file="/Users/msaari/wordpress-develop/tests/phpunit/tests/general/wpError.php" line="185" assertions="1" time="0.001405"/>
      <testcase name="test_get_error_messages_with_one_error_should_return_an_array_with_that_message" class="Tests_WP_Error" file="/Users/msaari/wordpress-develop/tests/phpunit/tests/general/wpError.php" line="192" assertions="1" time="0.001403"/>
      <testcase name="test_get_error_messages_with_multiple_errors_same_code_should_return_an_array_with_all_messages" class="Tests_WP_Error" file="/Users/msaari/wordpress-develop/tests/phpunit/tests/general/wpError.php" line="201" assertions="1" time="0.001378"/>
      <testcase name="test_get_error_message_with_empty_code_and_no_errors_should_return_an_empty_string" class="Tests_WP_Error" file="/Users/msaari/wordpress-develop/tests/phpunit/tests/general/wpError.php" line="211" assertions="1" time="0.001363"/>
      <testcase name="test_get_error_message_with_empty_code_and_one_error_should_return_that_message" class="Tests_WP_Error" file="/Users/msaari/wordpress-develop/tests/phpunit/tests/general/wpError.php" line="218" assertions="1" time="0.001357"/>
      <testcase name="test_get_error_message_with_empty_code_and_multiple_errors_should_return_the_first_message" class="Tests_WP_Error" file="/Users/msaari/wordpress-develop/tests/phpunit/tests/general/wpError.php" line="227" assertions="1" time="0.001397"/>
      <testcase name="test_get_error_message_with_empty_code_and_multiple_errors_multiple_codes_should_return_the_first_message" class="Tests_WP_Error" file="/Users/msaari/wordpress-develop/tests/phpunit/tests/general/wpError.php" line="237" assertions="1" time="0.001472"/>
      <testcase name="test_get_error_message_with_invalid_code_and_no_errors_should_return_empty_string" class="Tests_WP_Error" file="/Users/msaari/wordpress-develop/tests/phpunit/tests/general/wpError.php" line="248" assertions="1" time="0.001883"/>
      <testcase name="test_get_error_message_with_invalid_code_and_one_error_should_return_an_empty_string" class="Tests_WP_Error" file="/Users/msaari/wordpress-develop/tests/phpunit/tests/general/wpError.php" line="255" assertions="1" time="0.001929"/>
      <testcase name="test_get_error_message_with_invalid_code_and_multiple_errors_should_return_an_empty_string" class="Tests_WP_Error" file="/Users/msaari/wordpress-develop/tests/phpunit/tests/general/wpError.php" line="264" assertions="1" time="0.001771"/>
      <testcase name="test_get_error_data_with_empty_code_and_no_errors_should_evaluate_as_null" class="Tests_WP_Error" file="/Users/msaari/wordpress-develop/tests/phpunit/tests/general/wpError.php" line="274" assertions="1" time="0.001854"/>
      <testcase name="test_get_error_data_with_empty_code_one_error_no_data_should_evaluate_as_null" class="Tests_WP_Error" file="/Users/msaari/wordpress-develop/tests/phpunit/tests/general/wpError.php" line="281" assertions="1" time="0.001679"/>
      <testcase name="test_get_error_data_with_empty_code_multiple_errors_no_data_should_evaluate_as_null" class="Tests_WP_Error" file="/Users/msaari/wordpress-develop/tests/phpunit/tests/general/wpError.php" line="290" assertions="1" time="0.001749"/>
      <testcase name="test_get_error_data_with_empty_code_and_one_error_with_data_should_return_that_data" class="Tests_WP_Error" file="/Users/msaari/wordpress-develop/tests/phpunit/tests/general/wpError.php" line="300" assertions="1" time="0.001495"/>
      <testcase name="test_get_error_data_with_empty_code_and_multiple_errors_different_codes_should_return_the_last_data_of_the_first_code" class="Tests_WP_Error" file="/Users/msaari/wordpress-develop/tests/phpunit/tests/general/wpError.php" line="310" assertions="1" time="0.001464"/>
      <testcase name="test_get_error_data_with_empty_code_and_multiple_errors_same_code_should_return_the_last_data_of_the_first_code" class="Tests_WP_Error" file="/Users/msaari/wordpress-develop/tests/phpunit/tests/general/wpError.php" line="321" assertions="1" time="0.001488"/>
      <testcase name="test_get_error_data_with_code_and_no_errors_should_evaluate_as_null" class="Tests_WP_Error" file="/Users/msaari/wordpress-develop/tests/phpunit/tests/general/wpError.php" line="332" assertions="1" time="0.002057"/>
      <testcase name="test_get_error_data_with_code_and_one_error_with_no_data_should_evaluate_as_null" class="Tests_WP_Error" file="/Users/msaari/wordpress-develop/tests/phpunit/tests/general/wpError.php" line="339" assertions="1" time="0.002332"/>
      <testcase name="test_get_error_data_with_code_and_one_error_with_data_should_return_that_data" class="Tests_WP_Error" file="/Users/msaari/wordpress-develop/tests/phpunit/tests/general/wpError.php" line="348" assertions="1" time="0.001628"/>
      <testcase name="test_get_error_data_with_code_and_multiple_errors_different_codes_should_return_the_last_stored_data_of_the_code" class="Tests_WP_Error" file="/Users/msaari/wordpress-develop/tests/phpunit/tests/general/wpError.php" line="358" assertions="1" time="0.001607"/>
      <testcase name="test_get_error_data_with_code_and_multiple_errors_same_code_should_return_the_last_stored_data" class="Tests_WP_Error" file="/Users/msaari/wordpress-develop/tests/phpunit/tests/general/wpError.php" line="370" assertions="1" time="0.001561"/>
      <testcase name="test_has_errors_with_no_errors_returns_false" class="Tests_WP_Error" file="/Users/msaari/wordpress-develop/tests/phpunit/tests/general/wpError.php" line="381" assertions="1" time="0.001407"/>
      <testcase name="test_has_errors_with_errors_returns_true" class="Tests_WP_Error" file="/Users/msaari/wordpress-develop/tests/phpunit/tests/general/wpError.php" line="388" assertions="1" time="0.001393"/>
      <testcase name="test_add_with_empty_code_empty_message_empty_data_should_add_empty_key_to_errors_array" class="Tests_WP_Error" file="/Users/msaari/wordpress-develop/tests/phpunit/tests/general/wpError.php" line="396" assertions="1" time="0.001383"/>
      <testcase name="test_add_with_empty_code_empty_message_empty_data_should_add_empty_message_to_errors_array_under_empty_key" class="Tests_WP_Error" file="/Users/msaari/wordpress-develop/tests/phpunit/tests/general/wpError.php" line="405" assertions="1" time="0.001345"/>
      <testcase name="test_add_with_empty_code_empty_message_empty_data_should_not_alter_data" class="Tests_WP_Error" file="/Users/msaari/wordpress-develop/tests/phpunit/tests/general/wpError.php" line="414" assertions="1" time="0.001362"/>
      <testcase name="test_add_with_empty_code_empty_message_non_empty_data_should_store_data_under_an_empty_code_key" class="Tests_WP_Error" file="/Users/msaari/wordpress-develop/tests/phpunit/tests/general/wpError.php" line="423" assertions="1" time="0.001455"/>
      <testcase name="test_add_with_code_empty_message_empty_data_should_add_error_with_code" class="Tests_WP_Error" file="/Users/msaari/wordpress-develop/tests/phpunit/tests/general/wpError.php" line="432" assertions="1" time="0.001611"/>
      <testcase name="test_add_with_code_empty_message_empty_data_should_add_error_with_empty_message" class="Tests_WP_Error" file="/Users/msaari/wordpress-develop/tests/phpunit/tests/general/wpError.php" line="441" assertions="1" time="0.001791"/>
      <testcase name="test_add_with_code_empty_message_empty_data_should_not_add_error_data" class="Tests_WP_Error" file="/Users/msaari/wordpress-develop/tests/phpunit/tests/general/wpError.php" line="450" assertions="1" time="0.001524"/>
      <testcase name="test_add_with_code_and_message_and_empty_data_should_should_add_error_with_that_message" class="Tests_WP_Error" file="/Users/msaari/wordpress-develop/tests/phpunit/tests/general/wpError.php" line="459" assertions="1" time="0.001433"/>
      <testcase name="test_add_with_code_and_message_and_empty_data_should_not_alter_stored_data" class="Tests_WP_Error" file="/Users/msaari/wordpress-develop/tests/phpunit/tests/general/wpError.php" line="468" assertions="1" time="0.001436"/>
      <testcase name="test_add_with_code_and_empty_message_and_data_should_add_error_with_that_code" class="Tests_WP_Error" file="/Users/msaari/wordpress-develop/tests/phpunit/tests/general/wpError.php" line="477" assertions="1" time="0.001374"/>
      <testcase name="test_add_with_code_and_empty_message_and_data_should_store_that_data" class="Tests_WP_Error" file="/Users/msaari/wordpress-develop/tests/phpunit/tests/general/wpError.php" line="486" assertions="1" time="0.001355"/>
      <testcase name="test_add_with_code_and_message_and_data_should_add_an_error_with_that_code" class="Tests_WP_Error" file="/Users/msaari/wordpress-develop/tests/phpunit/tests/general/wpError.php" line="495" assertions="1" time="0.001352"/>
      <testcase name="test_add_with_code_and_message_and_data_should_add_an_error_with_that_message" class="Tests_WP_Error" file="/Users/msaari/wordpress-develop/tests/phpunit/tests/general/wpError.php" line="504" assertions="1" time="0.001351"/>
      <testcase name="test_add_with_code_and_message_and_data_should_store_that_data" class="Tests_WP_Error" file="/Users/msaari/wordpress-develop/tests/phpunit/tests/general/wpError.php" line="513" assertions="1" time="0.001465"/>
      <testcase name="test_add_multiple_times_with_the_same_code_should_add_additional_messages_for_that_code" class="Tests_WP_Error" file="/Users/msaari/wordpress-develop/tests/phpunit/tests/general/wpError.php" line="522" assertions="1" time="0.001631"/>
      <testcase name="test_add_multiple_times_with_the_same_code_and_different_data_should_store_only_the_last_added_data" class="Tests_WP_Error" file="/Users/msaari/wordpress-develop/tests/phpunit/tests/general/wpError.php" line="534" assertions="1" time="0.001632"/>
      <testcase name="test_add_data_with_empty_data_empty_code_should_create_orphaned_data_with_no_error" class="Tests_WP_Error" file="/Users/msaari/wordpress-develop/tests/phpunit/tests/general/wpError.php" line="544" assertions="1" time="0.001517"/>
      <testcase name="test_add_data_with_empty_data_empty_code_no_errors_should_create_data_under_an_empty_code_key" class="Tests_WP_Error" file="/Users/msaari/wordpress-develop/tests/phpunit/tests/general/wpError.php" line="553" assertions="1" time="0.001407"/>
      <testcase name="test_add_data_with_data_empty_code_and_one_error_should_store_the_data_under_that_code" class="Tests_WP_Error" file="/Users/msaari/wordpress-develop/tests/phpunit/tests/general/wpError.php" line="562" assertions="1" time="0.001400"/>
      <testcase name="test_add_data_with_data_empty_code_and_multiple_errors_with_different_codes_should_store_it_under_the_first_code" class="Tests_WP_Error" file="/Users/msaari/wordpress-develop/tests/phpunit/tests/general/wpError.php" line="572" assertions="1" time="0.001385"/>
      <testcase name="test_add_data_with_data_empty_code_and_multiple_errors_with_same_code_should_store_it_under_the_first_code" class="Tests_WP_Error" file="/Users/msaari/wordpress-develop/tests/phpunit/tests/general/wpError.php" line="584" assertions="1" time="0.001382"/>
      <testcase name="test_add_data_with_data_and_code_and_no_errors_should_create_orphaned_data_with_no_error" class="Tests_WP_Error" file="/Users/msaari/wordpress-develop/tests/phpunit/tests/general/wpError.php" line="597" assertions="1" time="0.001421"/>
      <testcase name="test_add_data_with_data_and_code_no_errors_should_create_data_under_that_code_key" class="Tests_WP_Error" file="/Users/msaari/wordpress-develop/tests/phpunit/tests/general/wpError.php" line="606" assertions="1" time="0.001577"/>
      <testcase name="test_add_data_with_data_and_code_one_error_different_code_should_create_orphaned_data_with_no_error" class="Tests_WP_Error" file="/Users/msaari/wordpress-develop/tests/phpunit/tests/general/wpError.php" line="615" assertions="1" time="0.001530"/>
      <testcase name="test_add_data_with_data_and_code_one_error_different_code_should_create_data_under_that_code_key" class="Tests_WP_Error" file="/Users/msaari/wordpress-develop/tests/phpunit/tests/general/wpError.php" line="626" assertions="1" time="0.001472"/>
      <testcase name="test_add_data_with_data_and_code_should_add_data" class="Tests_WP_Error" file="/Users/msaari/wordpress-develop/tests/phpunit/tests/general/wpError.php" line="637" assertions="1" time="0.001846"/>
      <testcase name="test_remove_with_no_errors_should_affect_nothing" class="Tests_WP_Error" file="/Users/msaari/wordpress-develop/tests/phpunit/tests/general/wpError.php" line="648" assertions="1" time="0.002210"/>
      <testcase name="test_remove_empty_code_no_errors_should_affect_nothing" class="Tests_WP_Error" file="/Users/msaari/wordpress-develop/tests/phpunit/tests/general/wpError.php" line="661" assertions="1" time="0.001571"/>
      <testcase name="test_remove_empty_code_and_one_error_with_empty_string_code_should_remove_error" class="Tests_WP_Error" file="/Users/msaari/wordpress-develop/tests/phpunit/tests/general/wpError.php" line="674" assertions="1" time="0.001414"/>
      <testcase name="test_remove_empty_code_and_one_error_with_empty_string_code_should_remove_error_data" class="Tests_WP_Error" file="/Users/msaari/wordpress-develop/tests/phpunit/tests/general/wpError.php" line="689" assertions="1" time="0.001475"/>
      <testcase name="test_remove_should_remove_the_error_with_the_given_code" class="Tests_WP_Error" file="/Users/msaari/wordpress-develop/tests/phpunit/tests/general/wpError.php" line="702" assertions="1" time="0.001347"/>
      <testcase name="test_remove_should_remove_the_error_data_associated_with_the_given_code" class="Tests_WP_Error" file="/Users/msaari/wordpress-develop/tests/phpunit/tests/general/wpError.php" line="713" assertions="1" time="0.001342"/>
    </testsuite>
    <testsuite name="Tests_WP_Hook_Add_Filter" file="/Users/msaari/wordpress-develop/tests/phpunit/tests/hooks/addFilter.php" tests="14" assertions="23" failures="0" errors="0" time="0.022338">
      <testcase name="test_add_filter_with_function" class="Tests_WP_Hook_Add_Filter" file="/Users/msaari/wordpress-develop/tests/phpunit/tests/hooks/addFilter.php" line="13" assertions="2" time="0.001426"/>
      <testcase name="test_add_filter_with_object" class="Tests_WP_Hook_Add_Filter" file="/Users/msaari/wordpress-develop/tests/phpunit/tests/hooks/addFilter.php" line="27" assertions="2" time="0.001583"/>
      <testcase name="test_add_filter_with_static_method" class="Tests_WP_Hook_Add_Filter" file="/Users/msaari/wordpress-develop/tests/phpunit/tests/hooks/addFilter.php" line="42" assertions="2" time="0.002090"/>
      <testcase name="test_add_two_filters_with_same_priority" class="Tests_WP_Hook_Add_Filter" file="/Users/msaari/wordpress-develop/tests/phpunit/tests/hooks/addFilter.php" line="56" assertions="2" time="0.001617"/>
      <testcase name="test_add_two_filters_with_different_priority" class="Tests_WP_Hook_Add_Filter" file="/Users/msaari/wordpress-develop/tests/phpunit/tests/hooks/addFilter.php" line="71" assertions="3" time="0.001506"/>
      <testcase name="test_readd_filter" class="Tests_WP_Hook_Add_Filter" file="/Users/msaari/wordpress-develop/tests/phpunit/tests/hooks/addFilter.php" line="87" assertions="2" time="0.001524"/>
      <testcase name="test_readd_filter_with_different_priority" class="Tests_WP_Hook_Add_Filter" file="/Users/msaari/wordpress-develop/tests/phpunit/tests/hooks/addFilter.php" line="101" assertions="3" time="0.001482"/>
      <testcase name="test_sort_after_add_filter" class="Tests_WP_Hook_Add_Filter" file="/Users/msaari/wordpress-develop/tests/phpunit/tests/hooks/addFilter.php" line="116" assertions="1" time="0.001459"/>
      <testcase name="test_remove_and_add" class="Tests_WP_Hook_Add_Filter" file="/Users/msaari/wordpress-develop/tests/phpunit/tests/hooks/addFilter.php" line="130" assertions="1" time="0.001509"/>
      <testcase name="test_remove_and_add_last_filter" class="Tests_WP_Hook_Add_Filter" file="/Users/msaari/wordpress-develop/tests/phpunit/tests/hooks/addFilter.php" line="144" assertions="1" time="0.001470"/>
      <testcase name="test_remove_and_recurse_and_add" class="Tests_WP_Hook_Add_Filter" file="/Users/msaari/wordpress-develop/tests/phpunit/tests/hooks/addFilter.php" line="158" assertions="1" time="0.001514"/>
      <testcase name="test_remove_and_add_action" class="Tests_WP_Hook_Add_Filter" file="/Users/msaari/wordpress-develop/tests/phpunit/tests/hooks/addFilter.php" line="203" assertions="1" time="0.001633"/>
      <testcase name="test_remove_and_add_last_action" class="Tests_WP_Hook_Add_Filter" file="/Users/msaari/wordpress-develop/tests/phpunit/tests/hooks/addFilter.php" line="218" assertions="1" time="0.001937"/>
      <testcase name="test_remove_and_recurse_and_add_action" class="Tests_WP_Hook_Add_Filter" file="/Users/msaari/wordpress-develop/tests/phpunit/tests/hooks/addFilter.php" line="233" assertions="1" time="0.001588"/>
    </testsuite>
    <testsuite name="Tests_WP_Hook_Apply_Filters" file="/Users/msaari/wordpress-develop/tests/phpunit/tests/hooks/applyFilters.php" tests="2" assertions="4" failures="0" errors="0" time="0.002746">
      <testcase name="test_apply_filters_with_callback" class="Tests_WP_Hook_Apply_Filters" file="/Users/msaari/wordpress-develop/tests/phpunit/tests/hooks/applyFilters.php" line="10" assertions="2" time="0.001313"/>
      <testcase name="test_apply_filters_with_multiple_calls" class="Tests_WP_Hook_Apply_Filters" file="/Users/msaari/wordpress-develop/tests/phpunit/tests/hooks/applyFilters.php" line="27" assertions="2" time="0.001433"/>
    </testsuite>
    <testsuite name="Tests_WP_Hook_Do_Action" file="/Users/msaari/wordpress-develop/tests/phpunit/tests/hooks/doAction.php" tests="8" assertions="10" failures="0" errors="0" time="0.011585">
      <testcase name="test_do_action_with_callback" class="Tests_WP_Hook_Do_Action" file="/Users/msaari/wordpress-develop/tests/phpunit/tests/hooks/doAction.php" line="18" assertions="1" time="0.001243"/>
      <testcase name="test_do_action_with_multiple_calls" class="Tests_WP_Hook_Do_Action" file="/Users/msaari/wordpress-develop/tests/phpunit/tests/hooks/doAction.php" line="33" assertions="1" time="0.001385"/>
      <testcase name="test_do_action_with_multiple_callbacks_on_same_priority" class="Tests_WP_Hook_Do_Action" file="/Users/msaari/wordpress-develop/tests/phpunit/tests/hooks/doAction.php" line="49" assertions="2" time="0.001452"/>
      <testcase name="test_do_action_with_multiple_callbacks_on_different_priorities" class="Tests_WP_Hook_Do_Action" file="/Users/msaari/wordpress-develop/tests/phpunit/tests/hooks/doAction.php" line="68" assertions="2" time="0.001898"/>
      <testcase name="test_do_action_with_no_accepted_args" class="Tests_WP_Hook_Do_Action" file="/Users/msaari/wordpress-develop/tests/phpunit/tests/hooks/doAction.php" line="87" assertions="1" time="0.001500"/>
      <testcase name="test_do_action_with_one_accepted_arg" class="Tests_WP_Hook_Do_Action" file="/Users/msaari/wordpress-develop/tests/phpunit/tests/hooks/doAction.php" line="101" assertions="1" time="0.001371"/>
      <testcase name="test_do_action_with_more_accepted_args" class="Tests_WP_Hook_Do_Action" file="/Users/msaari/wordpress-develop/tests/phpunit/tests/hooks/doAction.php" line="115" assertions="1" time="0.001358"/>
      <testcase name="test_do_action_doesnt_change_value" class="Tests_WP_Hook_Do_Action" file="/Users/msaari/wordpress-develop/tests/phpunit/tests/hooks/doAction.php" line="129" assertions="1" time="0.001378"/>
    </testsuite>
    <testsuite name="Tests_WP_Hook_Do_All_Hook" file="/Users/msaari/wordpress-develop/tests/phpunit/tests/hooks/doAllHook.php" tests="1" assertions="1" failures="0" errors="0" time="0.001237">
      <testcase name="test_do_all_hook_with_multiple_calls" class="Tests_WP_Hook_Do_All_Hook" file="/Users/msaari/wordpress-develop/tests/phpunit/tests/hooks/doAllHook.php" line="10" assertions="1" time="0.001237"/>
    </testsuite>
    <testsuite name="Tests_WP_Hook_Has_Filter" file="/Users/msaari/wordpress-develop/tests/phpunit/tests/hooks/hasFilter.php" tests="7" assertions="7" failures="0" errors="0" time="0.010328">
      <testcase name="test_has_filter_with_function" class="Tests_WP_Hook_Has_Filter" file="/Users/msaari/wordpress-develop/tests/phpunit/tests/hooks/hasFilter.php" line="10" assertions="1" time="0.001349"/>
      <testcase name="test_has_filter_with_object" class="Tests_WP_Hook_Has_Filter" file="/Users/msaari/wordpress-develop/tests/phpunit/tests/hooks/hasFilter.php" line="22" assertions="1" time="0.001795"/>
      <testcase name="test_has_filter_with_static_method" class="Tests_WP_Hook_Has_Filter" file="/Users/msaari/wordpress-develop/tests/phpunit/tests/hooks/hasFilter.php" line="35" assertions="1" time="0.001598"/>
      <testcase name="test_has_filter_without_callback" class="Tests_WP_Hook_Has_Filter" file="/Users/msaari/wordpress-develop/tests/phpunit/tests/hooks/hasFilter.php" line="47" assertions="1" time="0.001415"/>
      <testcase name="test_not_has_filter_without_callback" class="Tests_WP_Hook_Has_Filter" file="/Users/msaari/wordpress-develop/tests/phpunit/tests/hooks/hasFilter.php" line="59" assertions="1" time="0.001363"/>
      <testcase name="test_not_has_filter_with_callback" class="Tests_WP_Hook_Has_Filter" file="/Users/msaari/wordpress-develop/tests/phpunit/tests/hooks/hasFilter.php" line="64" assertions="1" time="0.001439"/>
      <testcase name="test_has_filter_with_wrong_callback" class="Tests_WP_Hook_Has_Filter" file="/Users/msaari/wordpress-develop/tests/phpunit/tests/hooks/hasFilter.php" line="72" assertions="1" time="0.001369"/>
    </testsuite>
    <testsuite name="Tests_WP_Hook_Has_Filters" file="/Users/msaari/wordpress-develop/tests/phpunit/tests/hooks/hasFilters.php" tests="4" assertions="4" failures="0" errors="0" time="0.007768">
      <testcase name="test_has_filters_with_callback" class="Tests_WP_Hook_Has_Filters" file="/Users/msaari/wordpress-develop/tests/phpunit/tests/hooks/hasFilters.php" line="10" assertions="1" time="0.001231"/>
      <testcase name="test_has_filters_without_callback" class="Tests_WP_Hook_Has_Filters" file="/Users/msaari/wordpress-develop/tests/phpunit/tests/hooks/hasFilters.php" line="22" assertions="1" time="0.001535"/>
      <testcase name="test_not_has_filters_with_removed_callback" class="Tests_WP_Hook_Has_Filters" file="/Users/msaari/wordpress-develop/tests/phpunit/tests/hooks/hasFilters.php" line="27" assertions="1" time="0.003029"/>
      <testcase name="test_not_has_filter_with_directly_removed_callback" class="Tests_WP_Hook_Has_Filters" file="/Users/msaari/wordpress-develop/tests/phpunit/tests/hooks/hasFilters.php" line="39" assertions="1" time="0.001973"/>
    </testsuite>
    <testsuite name="Tests_WP_Hook_Iterator" file="/Users/msaari/wordpress-develop/tests/phpunit/tests/hooks/iterator.php" tests="1" assertions="2" failures="0" errors="0" time="0.001353">
      <testcase name="test_foreach" class="Tests_WP_Hook_Iterator" file="/Users/msaari/wordpress-develop/tests/phpunit/tests/hooks/iterator.php" line="10" assertions="2" time="0.001353"/>
    </testsuite>
    <testsuite name="Tests_WP_Hook_Preinit_Hooks" file="/Users/msaari/wordpress-develop/tests/phpunit/tests/hooks/preinitHooks.php" tests="1" assertions="2" failures="0" errors="0" time="0.001244">
      <testcase name="test_array_to_hooks" class="Tests_WP_Hook_Preinit_Hooks" file="/Users/msaari/wordpress-develop/tests/phpunit/tests/hooks/preinitHooks.php" line="10" assertions="2" time="0.001244"/>
    </testsuite>
    <testsuite name="Tests_WP_Hook_Remove_All_Filters" file="/Users/msaari/wordpress-develop/tests/phpunit/tests/hooks/removeAllFilters.php" tests="2" assertions="4" failures="0" errors="0" time="0.003276">
      <testcase name="test_remove_all_filters" class="Tests_WP_Hook_Remove_All_Filters" file="/Users/msaari/wordpress-develop/tests/phpunit/tests/hooks/removeAllFilters.php" line="10" assertions="1" time="0.001312"/>
      <testcase name="test_remove_all_filters_with_priority" class="Tests_WP_Hook_Remove_All_Filters" file="/Users/msaari/wordpress-develop/tests/phpunit/tests/hooks/removeAllFilters.php" line="24" assertions="3" time="0.001964"/>
    </testsuite>
    <testsuite name="Tests_WP_Hook_Remove_Filter" file="/Users/msaari/wordpress-develop/tests/phpunit/tests/hooks/removeFilter.php" tests="5" assertions="6" failures="0" errors="0" time="0.006843">
      <testcase name="test_remove_filter_with_function" class="Tests_WP_Hook_Remove_Filter" file="/Users/msaari/wordpress-develop/tests/phpunit/tests/hooks/removeFilter.php" line="10" assertions="1" time="0.001359"/>
      <testcase name="test_remove_filter_with_object" class="Tests_WP_Hook_Remove_Filter" file="/Users/msaari/wordpress-develop/tests/phpunit/tests/hooks/removeFilter.php" line="23" assertions="1" time="0.001431"/>
      <testcase name="test_remove_filter_with_static_method" class="Tests_WP_Hook_Remove_Filter" file="/Users/msaari/wordpress-develop/tests/phpunit/tests/hooks/removeFilter.php" line="37" assertions="1" time="0.001354"/>
      <testcase name="test_remove_filters_with_another_at_same_priority" class="Tests_WP_Hook_Remove_Filter" file="/Users/msaari/wordpress-develop/tests/phpunit/tests/hooks/removeFilter.php" line="50" assertions="1" time="0.001358"/>
      <testcase name="test_remove_filter_with_another_at_different_priority" class="Tests_WP_Hook_Remove_Filter" file="/Users/msaari/wordpress-develop/tests/phpunit/tests/hooks/removeFilter.php" line="66" assertions="2" time="0.001341"/>
    </testsuite>
    <testsuite name="Tests_HTTP_GetHttpHeaders" file="/Users/msaari/wordpress-develop/tests/phpunit/tests/http/getHttpHeaders.php" tests="3" assertions="3" failures="0" errors="0" time="0.005826">
      <testcase name="test_wp_get_http_headers_valid_url" class="Tests_HTTP_GetHttpHeaders" file="/Users/msaari/wordpress-develop/tests/phpunit/tests/http/getHttpHeaders.php" line="31" assertions="1" time="0.001925"/>
      <testcase name="test_wp_get_http_headers_invalid_url" class="Tests_HTTP_GetHttpHeaders" file="/Users/msaari/wordpress-develop/tests/phpunit/tests/http/getHttpHeaders.php" line="39" assertions="1" time="0.002133"/>
      <testcase name="test_wp_get_http_headers_deprecated_argument" class="Tests_HTTP_GetHttpHeaders" file="/Users/msaari/wordpress-develop/tests/phpunit/tests/http/getHttpHeaders.php" line="47" assertions="1" time="0.001768"/>
    </testsuite>
    <testsuite name="Tests_HTTP_HTTP" file="/Users/msaari/wordpress-develop/tests/phpunit/tests/http/http.php" tests="91" assertions="95" failures="0" errors="0" time="0.140737">
      <testsuite name="Tests_HTTP_HTTP::test_make_absolute_url" tests="25" assertions="25" failures="0" errors="0" time="0.037983">
        <testcase name="test_make_absolute_url with data set #0" assertions="1" time="0.001387"/>
        <testcase name="test_make_absolute_url with data set #1" assertions="1" time="0.001963"/>
        <testcase name="test_make_absolute_url with data set #2" assertions="1" time="0.001622"/>
        <testcase name="test_make_absolute_url with data set #3" assertions="1" time="0.001478"/>
        <testcase name="test_make_absolute_url with data set #4" assertions="1" time="0.001436"/>
        <testcase name="test_make_absolute_url with data set #5" assertions="1" time="0.001840"/>
        <testcase name="test_make_absolute_url with data set #6" assertions="1" time="0.001961"/>
        <testcase name="test_make_absolute_url with data set #7" assertions="1" time="0.001537"/>
        <testcase name="test_make_absolute_url with data set #8" assertions="1" time="0.001595"/>
        <testcase name="test_make_absolute_url with data set #9" assertions="1" time="0.001453"/>
        <testcase name="test_make_absolute_url with data set #10" assertions="1" time="0.001443"/>
        <testcase name="test_make_absolute_url with data set #11" assertions="1" time="0.001424"/>
        <testcase name="test_make_absolute_url with data set #12" assertions="1" time="0.001358"/>
        <testcase name="test_make_absolute_url with data set #13" assertions="1" time="0.001344"/>
        <testcase name="test_make_absolute_url with data set #14" assertions="1" time="0.001456"/>
        <testcase name="test_make_absolute_url with data set #15" assertions="1" time="0.001515"/>
        <testcase name="test_make_absolute_url with data set #16" assertions="1" time="0.001895"/>
        <testcase name="test_make_absolute_url with data set #17" assertions="1" time="0.001495"/>
        <testcase name="test_make_absolute_url with data set #18" assertions="1" time="0.001403"/>
        <testcase name="test_make_absolute_url with data set #19" assertions="1" time="0.001436"/>
        <testcase name="test_make_absolute_url with data set #20" assertions="1" time="0.001412"/>
        <testcase name="test_make_absolute_url with data set #21" assertions="1" time="0.001376"/>
        <testcase name="test_make_absolute_url with data set #22" assertions="1" time="0.001350"/>
        <testcase name="test_make_absolute_url with data set #23" assertions="1" time="0.001395"/>
        <testcase name="test_make_absolute_url with data set #24" assertions="1" time="0.001409"/>
      </testsuite>
      <testsuite name="Tests_HTTP_HTTP::test_wp_parse_url" tests="14" assertions="14" failures="0" errors="0" time="0.022149">
        <testcase name="test_wp_parse_url with data set #0" assertions="1" time="0.001451"/>
        <testcase name="test_wp_parse_url with data set #1" assertions="1" time="0.001760"/>
        <testcase name="test_wp_parse_url with data set #2" assertions="1" time="0.001705"/>
        <testcase name="test_wp_parse_url with data set #3" assertions="1" time="0.001602"/>
        <testcase name="test_wp_parse_url with data set #4" assertions="1" time="0.001497"/>
        <testcase name="test_wp_parse_url with data set #5" assertions="1" time="0.001485"/>
        <testcase name="test_wp_parse_url with data set #6" assertions="1" time="0.001397"/>
        <testcase name="test_wp_parse_url with data set #7" assertions="1" time="0.001442"/>
        <testcase name="test_wp_parse_url with data set #8" assertions="1" time="0.001418"/>
        <testcase name="test_wp_parse_url with data set #9" assertions="1" time="0.001427"/>
        <testcase name="test_wp_parse_url with data set #10" assertions="1" time="0.001887"/>
        <testcase name="test_wp_parse_url with data set #11" assertions="1" time="0.001626"/>
        <testcase name="test_wp_parse_url with data set #12" assertions="1" time="0.001910"/>
        <testcase name="test_wp_parse_url with data set #13" assertions="1" time="0.001543"/>
      </testsuite>
      <testcase name="test_wp_parse_url_with_default_component" class="Tests_HTTP_HTTP" file="/Users/msaari/wordpress-develop/tests/phpunit/tests/http/http.php" line="181" assertions="1" time="0.001381"/>
      <testsuite name="Tests_HTTP_HTTP::test_wp_parse_url_with_component" tests="33" assertions="33" failures="0" errors="0" time="0.050853">
        <testcase name="test_wp_parse_url_with_component with data set #0" assertions="1" time="0.001392"/>
        <testcase name="test_wp_parse_url_with_component with data set #1" assertions="1" time="0.001341"/>
        <testcase name="test_wp_parse_url_with_component with data set #2" assertions="1" time="0.001605"/>
        <testcase name="test_wp_parse_url_with_component with data set #3" assertions="1" time="0.001430"/>
        <testcase name="test_wp_parse_url_with_component with data set #4" assertions="1" time="0.001360"/>
        <testcase name="test_wp_parse_url_with_component with data set #5" assertions="1" time="0.001335"/>
        <testcase name="test_wp_parse_url_with_component with data set #6" assertions="1" time="0.001382"/>
        <testcase name="test_wp_parse_url_with_component with data set #7" assertions="1" time="0.001661"/>
        <testcase name="test_wp_parse_url_with_component with data set #8" assertions="1" time="0.001696"/>
        <testcase name="test_wp_parse_url_with_component with data set #9" assertions="1" time="0.001439"/>
        <testcase name="test_wp_parse_url_with_component with data set #10" assertions="1" time="0.001382"/>
        <testcase name="test_wp_parse_url_with_component with data set #11" assertions="1" time="0.001359"/>
        <testcase name="test_wp_parse_url_with_component with data set #12" assertions="1" time="0.001335"/>
        <testcase name="test_wp_parse_url_with_component with data set #13" assertions="1" time="0.001389"/>
        <testcase name="test_wp_parse_url_with_component with data set #14" assertions="1" time="0.001389"/>
        <testcase name="test_wp_parse_url_with_component with data set #15" assertions="1" time="0.001463"/>
        <testcase name="test_wp_parse_url_with_component with data set #16" assertions="1" time="0.001443"/>
        <testcase name="test_wp_parse_url_with_component with data set #17" assertions="1" time="0.001459"/>
        <testcase name="test_wp_parse_url_with_component with data set #18" assertions="1" time="0.001414"/>
        <testcase name="test_wp_parse_url_with_component with data set #19" assertions="1" time="0.001811"/>
        <testcase name="test_wp_parse_url_with_component with data set #20" assertions="1" time="0.001625"/>
        <testcase name="test_wp_parse_url_with_component with data set #21" assertions="1" time="0.001408"/>
        <testcase name="test_wp_parse_url_with_component with data set #22" assertions="1" time="0.001404"/>
        <testcase name="test_wp_parse_url_with_component with data set #23" assertions="1" time="0.001468"/>
        <testcase name="test_wp_parse_url_with_component with data set #24" assertions="1" time="0.001590"/>
        <testcase name="test_wp_parse_url_with_component with data set #25" assertions="1" time="0.001638"/>
        <testcase name="test_wp_parse_url_with_component with data set #26" assertions="1" time="0.001641"/>
        <testcase name="test_wp_parse_url_with_component with data set #27" assertions="1" time="0.001798"/>
        <testcase name="test_wp_parse_url_with_component with data set #28" assertions="1" time="0.002248"/>
        <testcase name="test_wp_parse_url_with_component with data set #29" assertions="1" time="0.002190"/>
        <testcase name="test_wp_parse_url_with_component with data set #30" assertions="1" time="0.001662"/>
        <testcase name="test_wp_parse_url_with_component with data set #31" assertions="1" time="0.001575"/>
        <testcase name="test_wp_parse_url_with_component with data set #32" assertions="1" time="0.001522"/>
      </testsuite>
      <testcase name="test_http_response_code_constants" class="Tests_HTTP_HTTP" file="/Users/msaari/wordpress-develop/tests/phpunit/tests/http/http.php" line="262" assertions="1" time="0.001481"/>
      <testcase name="test_normalize_cookies_scalar_values" class="Tests_HTTP_HTTP" file="/Users/msaari/wordpress-develop/tests/phpunit/tests/http/http.php" line="278" assertions="5" time="0.001512"/>
      <testsuite name="Tests_HTTP_HTTP::test_get_component_from_parsed_url_array" tests="6" assertions="6" failures="0" errors="0" time="0.009736">
        <testcase name="test_get_component_from_parsed_url_array with data set #0" assertions="1" time="0.001482"/>
        <testcase name="test_get_component_from_parsed_url_array with data set #1" assertions="1" time="0.001446"/>
        <testcase name="test_get_component_from_parsed_url_array with data set #2" assertions="1" time="0.001501"/>
        <testcase name="test_get_component_from_parsed_url_array with data set #3" assertions="1" time="0.001615"/>
        <testcase name="test_get_component_from_parsed_url_array with data set #4" assertions="1" time="0.002001"/>
        <testcase name="test_get_component_from_parsed_url_array with data set #5" assertions="1" time="0.001691"/>
      </testsuite>
      <testsuite name="Tests_HTTP_HTTP::test_wp_translate_php_url_constant_to_key" tests="10" assertions="10" failures="0" errors="0" time="0.015641">
        <testcase name="test_wp_translate_php_url_constant_to_key with data set #0" assertions="1" time="0.001569"/>
        <testcase name="test_wp_translate_php_url_constant_to_key with data set #1" assertions="1" time="0.001477"/>
        <testcase name="test_wp_translate_php_url_constant_to_key with data set #2" assertions="1" time="0.001465"/>
        <testcase name="test_wp_translate_php_url_constant_to_key with data set #3" assertions="1" time="0.001412"/>
        <testcase name="test_wp_translate_php_url_constant_to_key with data set #4" assertions="1" time="0.001432"/>
        <testcase name="test_wp_translate_php_url_constant_to_key with data set #5" assertions="1" time="0.001434"/>
        <testcase name="test_wp_translate_php_url_constant_to_key with data set #6" assertions="1" time="0.001457"/>
        <testcase name="test_wp_translate_php_url_constant_to_key with data set #7" assertions="1" time="0.001673"/>
        <testcase name="test_wp_translate_php_url_constant_to_key with data set #8" assertions="1" time="0.001844"/>
        <testcase name="test_wp_translate_php_url_constant_to_key with data set #9" assertions="1" time="0.001878"/>
      </testsuite>
    </testsuite>
    <testsuite name="Tests_HTTP_RemoteRetrieveHeaders" file="/Users/msaari/wordpress-develop/tests/phpunit/tests/http/remoteRetrieveHeaders.php" tests="3" assertions="3" failures="0" errors="0" time="0.005618">
      <testcase name="test_remote_retrieve_headers_valid_response" class="Tests_HTTP_RemoteRetrieveHeaders" file="/Users/msaari/wordpress-develop/tests/phpunit/tests/http/remoteRetrieveHeaders.php" line="11" assertions="1" time="0.001848"/>
      <testcase name="test_remote_retrieve_headers_is_error" class="Tests_HTTP_RemoteRetrieveHeaders" file="/Users/msaari/wordpress-develop/tests/phpunit/tests/http/remoteRetrieveHeaders.php" line="22" assertions="1" time="0.002065"/>
      <testcase name="test_remote_retrieve_headers_invalid_response" class="Tests_HTTP_RemoteRetrieveHeaders" file="/Users/msaari/wordpress-develop/tests/phpunit/tests/http/remoteRetrieveHeaders.php" line="32" assertions="1" time="0.001705"/>
    </testsuite>
    <testsuite name="Tests_Image_Dimensions" file="/Users/msaari/wordpress-develop/tests/phpunit/tests/image/dimensions.php" tests="12" assertions="26" failures="0" errors="0" time="0.017816">
      <testcase name="test_400x400_no_crop" class="Tests_Image_Dimensions" file="/Users/msaari/wordpress-develop/tests/phpunit/tests/image/dimensions.php" line="9" assertions="2" time="0.001523"/>
      <testcase name="test_400x0_no_crop" class="Tests_Image_Dimensions" file="/Users/msaari/wordpress-develop/tests/phpunit/tests/image/dimensions.php" line="21" assertions="2" time="0.001553"/>
      <testcase name="test_0x400_no_crop" class="Tests_Image_Dimensions" file="/Users/msaari/wordpress-develop/tests/phpunit/tests/image/dimensions.php" line="33" assertions="2" time="0.001402"/>
      <testcase name="test_800x800_no_crop" class="Tests_Image_Dimensions" file="/Users/msaari/wordpress-develop/tests/phpunit/tests/image/dimensions.php" line="45" assertions="2" time="0.001434"/>
      <testcase name="test_800x0_no_crop" class="Tests_Image_Dimensions" file="/Users/msaari/wordpress-develop/tests/phpunit/tests/image/dimensions.php" line="57" assertions="2" time="0.001423"/>
      <testcase name="test_0x800_no_crop" class="Tests_Image_Dimensions" file="/Users/msaari/wordpress-develop/tests/phpunit/tests/image/dimensions.php" line="69" assertions="2" time="0.001384"/>
      <testcase name="test_400x400_crop" class="Tests_Image_Dimensions" file="/Users/msaari/wordpress-develop/tests/phpunit/tests/image/dimensions.php" line="83" assertions="2" time="0.001415"/>
      <testcase name="test_400x0_crop" class="Tests_Image_Dimensions" file="/Users/msaari/wordpress-develop/tests/phpunit/tests/image/dimensions.php" line="95" assertions="2" time="0.001361"/>
      <testcase name="test_0x400_crop" class="Tests_Image_Dimensions" file="/Users/msaari/wordpress-develop/tests/phpunit/tests/image/dimensions.php" line="107" assertions="2" time="0.001338"/>
      <testcase name="test_400x500_crop" class="Tests_Image_Dimensions" file="/Users/msaari/wordpress-develop/tests/phpunit/tests/image/dimensions.php" line="119" assertions="2" time="0.001495"/>
      <testcase name="test_640x480" class="Tests_Image_Dimensions" file="/Users/msaari/wordpress-develop/tests/phpunit/tests/image/dimensions.php" line="131" assertions="2" time="0.001479"/>
      <testcase name="test_crop_anchors" class="Tests_Image_Dimensions" file="/Users/msaari/wordpress-develop/tests/phpunit/tests/image/dimensions.php" line="146" assertions="4" time="0.002009"/>
    </testsuite>
    <testsuite name="Tests_Image_Functions" file="/Users/msaari/wordpress-develop/tests/phpunit/tests/image/functions.php" tests="13" assertions="74" failures="0" errors="0" time="0.743579">
      <testcase name="test_is_image_positive" class="Tests_Image_Functions" file="/Users/msaari/wordpress-develop/tests/phpunit/tests/image/functions.php" line="48" assertions="12" time="0.002109"/>
      <testcase name="test_is_image_negative" class="Tests_Image_Functions" file="/Users/msaari/wordpress-develop/tests/phpunit/tests/image/functions.php" line="74" assertions="3" time="0.001558"/>
      <testcase name="test_is_displayable_image_positive" class="Tests_Image_Functions" file="/Users/msaari/wordpress-develop/tests/phpunit/tests/image/functions.php" line="87" assertions="4" time="0.001521"/>
      <testcase name="test_is_displayable_image_negative" class="Tests_Image_Functions" file="/Users/msaari/wordpress-develop/tests/phpunit/tests/image/functions.php" line="105" assertions="8" time="0.001536"/>
      <testcase name="test_wp_save_image_file" class="Tests_Image_Functions" file="/Users/msaari/wordpress-develop/tests/phpunit/tests/image/functions.php" line="131" assertions="9" time="0.095278"/>
      <testcase name="test_mime_overrides_filename" class="Tests_Image_Functions" file="/Users/msaari/wordpress-develop/tests/phpunit/tests/image/functions.php" line="184" assertions="3" time="0.020850"/>
      <testcase name="test_inferred_mime_types" class="Tests_Image_Functions" file="/Users/msaari/wordpress-develop/tests/phpunit/tests/image/functions.php" line="223" assertions="19" time="0.116757"/>
      <testcase name="test_load_directory" class="Tests_Image_Functions" file="/Users/msaari/wordpress-develop/tests/phpunit/tests/image/functions.php" line="279" assertions="5" time="0.002238"/>
      <testcase name="test_wp_crop_image_file" class="Tests_Image_Functions" file="/Users/msaari/wordpress-develop/tests/phpunit/tests/image/functions.php" line="304" assertions="4" time="0.007394"/>
      <testcase name="test_wp_crop_image_url" class="Tests_Image_Functions" file="/Users/msaari/wordpress-develop/tests/phpunit/tests/image/functions.php" line="328" assertions="4" time="0.298034"/>
      <testcase name="test_wp_crop_image_file_not_exist" class="Tests_Image_Functions" file="/Users/msaari/wordpress-develop/tests/phpunit/tests/image/functions.php" line="358" assertions="1" time="0.001914"/>
      <testcase name="test_wp_crop_image_url_not_exist" class="Tests_Image_Functions" file="/Users/msaari/wordpress-develop/tests/phpunit/tests/image/functions.php" line="371" assertions="1" time="0.192125"/>
      <testcase name="test_wp_crop_image_error_on_saving" class="Tests_Image_Functions" file="/Users/msaari/wordpress-develop/tests/phpunit/tests/image/functions.php" line="395" assertions="1" time="0.002265"/>
    </testsuite>
    <testsuite name="Tests_Image_Header" file="/Users/msaari/wordpress-develop/tests/phpunit/tests/image/header.php" tests="8" assertions="18" failures="0" errors="0" time="0.039306">
      <testcase name="test_header_image_has_correct_dimensions_with_max_width" class="Tests_Image_Header" file="/Users/msaari/wordpress-develop/tests/phpunit/tests/image/header.php" line="16" assertions="2" time="0.001275"/>
      <testcase name="test_header_image_has_correct_dimensions_with_fixed" class="Tests_Image_Header" file="/Users/msaari/wordpress-develop/tests/phpunit/tests/image/header.php" line="36" assertions="2" time="0.001395"/>
      <testcase name="test_header_image_has_correct_dimensions_with_flex_height" class="Tests_Image_Header" file="/Users/msaari/wordpress-develop/tests/phpunit/tests/image/header.php" line="56" assertions="2" time="0.001427"/>
      <testcase name="test_header_image_has_correct_dimensions_with_flex_width" class="Tests_Image_Header" file="/Users/msaari/wordpress-develop/tests/phpunit/tests/image/header.php" line="76" assertions="2" time="0.001710"/>
      <testcase name="test_header_image_has_correct_dimensions_with_flex_width_and_height" class="Tests_Image_Header" file="/Users/msaari/wordpress-develop/tests/phpunit/tests/image/header.php" line="96" assertions="2" time="0.001720"/>
      <testcase name="test_create_attachment_object" class="Tests_Image_Header" file="/Users/msaari/wordpress-develop/tests/phpunit/tests/image/header.php" line="116" assertions="4" time="0.004038"/>
      <testcase name="test_insert_cropped_attachment" class="Tests_Image_Header" file="/Users/msaari/wordpress-develop/tests/phpunit/tests/image/header.php" line="135" assertions="2" time="0.007632"/>
      <testcase name="test_check_get_previous_crop" class="Tests_Image_Header" file="/Users/msaari/wordpress-develop/tests/phpunit/tests/image/header.php" line="157" assertions="2" time="0.020109"/>
    </testsuite>
    <testsuite name="Tests_Image_Intermediate_Size" file="/Users/msaari/wordpress-develop/tests/phpunit/tests/image/intermediateSize.php" tests="13" assertions="17" failures="0" errors="0" time="0.278082">
      <testcase name="test_make_intermediate_size_no_size" class="Tests_Image_Intermediate_Size" file="/Users/msaari/wordpress-develop/tests/phpunit/tests/image/intermediateSize.php" line="25" assertions="1" time="0.002341"/>
      <testcase name="test_make_intermediate_size_width" class="Tests_Image_Intermediate_Size" file="/Users/msaari/wordpress-develop/tests/phpunit/tests/image/intermediateSize.php" line="31" assertions="1" time="0.004992"/>
      <testcase name="test_make_intermediate_size_height" class="Tests_Image_Intermediate_Size" file="/Users/msaari/wordpress-develop/tests/phpunit/tests/image/intermediateSize.php" line="41" assertions="1" time="0.004666"/>
      <testcase name="test_make_intermediate_size_successful" class="Tests_Image_Intermediate_Size" file="/Users/msaari/wordpress-develop/tests/phpunit/tests/image/intermediateSize.php" line="51" assertions="5" time="0.004941"/>
      <testcase name="test_get_intermediate_sizes_by_name" class="Tests_Image_Intermediate_Size" file="/Users/msaari/wordpress-develop/tests/phpunit/tests/image/intermediateSize.php" line="71" assertions="1" time="0.025109"/>
      <testcase name="test_get_intermediate_sizes_by_array_exact" class="Tests_Image_Intermediate_Size" file="/Users/msaari/wordpress-develop/tests/phpunit/tests/image/intermediateSize.php" line="91" assertions="1" time="0.036208"/>
      <testcase name="test_get_intermediate_sizes_by_array_nearest" class="Tests_Image_Intermediate_Size" file="/Users/msaari/wordpress-develop/tests/phpunit/tests/image/intermediateSize.php" line="112" assertions="1" time="0.033089"/>
      <testcase name="test_get_intermediate_sizes_by_array_nearest_false" class="Tests_Image_Intermediate_Size" file="/Users/msaari/wordpress-develop/tests/phpunit/tests/image/intermediateSize.php" line="134" assertions="1" time="0.024489"/>
      <testcase name="test_get_intermediate_sizes_by_array_zero_height" class="Tests_Image_Intermediate_Size" file="/Users/msaari/wordpress-develop/tests/phpunit/tests/image/intermediateSize.php" line="155" assertions="1" time="0.030137"/>
      <testcase name="test_get_intermediate_sizes_by_array_zero_width" class="Tests_Image_Intermediate_Size" file="/Users/msaari/wordpress-develop/tests/phpunit/tests/image/intermediateSize.php" line="183" assertions="1" time="0.042693"/>
      <testcase name="test_get_intermediate_sizes_should_match_size_with_off_by_one_aspect_ratio" class="Tests_Image_Intermediate_Size" file="/Users/msaari/wordpress-develop/tests/phpunit/tests/image/intermediateSize.php" line="211" assertions="1" time="0.023867"/>
      <testcase name="test_get_intermediate_size_with_small_size_array" class="Tests_Image_Intermediate_Size" file="/Users/msaari/wordpress-develop/tests/phpunit/tests/image/intermediateSize.php" line="234" assertions="1" time="0.026258"/>
      <testcase name="test_get_intermediate_size_with_small_size_array_fallback" class="Tests_Image_Intermediate_Size" file="/Users/msaari/wordpress-develop/tests/phpunit/tests/image/intermediateSize.php" line="251" assertions="1" time="0.019292"/>
    </testsuite>
    <testsuite name="Tests_Image_Meta" file="/Users/msaari/wordpress-develop/tests/phpunit/tests/image/meta.php" tests="9" assertions="74" failures="0" errors="0" time="0.015014">
      <testcase name="test_exif_d70" class="Tests_Image_Meta" file="/Users/msaari/wordpress-develop/tests/phpunit/tests/image/meta.php" line="20" assertions="10" time="0.001621"/>
      <testcase name="test_exif_d70_mf" class="Tests_Image_Meta" file="/Users/msaari/wordpress-develop/tests/phpunit/tests/image/meta.php" line="36" assertions="10" time="0.001719"/>
      <testcase name="test_exif_d70_iptc" class="Tests_Image_Meta" file="/Users/msaari/wordpress-develop/tests/phpunit/tests/image/meta.php" line="53" assertions="10" time="0.001696"/>
      <testcase name="test_exif_fuji" class="Tests_Image_Meta" file="/Users/msaari/wordpress-develop/tests/phpunit/tests/image/meta.php" line="69" assertions="10" time="0.001585"/>
      <testcase name="test_exif_error" class="Tests_Image_Meta" file="/Users/msaari/wordpress-develop/tests/phpunit/tests/image/meta.php" line="89" assertions="10" time="0.001520"/>
      <testcase name="test_exif_no_data" class="Tests_Image_Meta" file="/Users/msaari/wordpress-develop/tests/phpunit/tests/image/meta.php" line="107" assertions="10" time="0.001497"/>
      <testcase name="test_utf8_iptc_tags" class="Tests_Image_Meta" file="/Users/msaari/wordpress-develop/tests/phpunit/tests/image/meta.php" line="126" assertions="1" time="0.001621"/>
      <testcase name="test_missing_image_file" class="Tests_Image_Meta" file="/Users/msaari/wordpress-develop/tests/phpunit/tests/image/meta.php" line="139" assertions="1" time="0.001681"/>
      <testcase name="test_exif_keywords" class="Tests_Image_Meta" file="/Users/msaari/wordpress-develop/tests/phpunit/tests/image/meta.php" line="148" assertions="12" time="0.002074"/>
    </testsuite>
    <testsuite name="Test_Image_Resize_GD" file="/Users/msaari/wordpress-develop/tests/phpunit/tests/image/resizeGd.php" tests="12" assertions="42" failures="0" errors="0" time="0.101514">
      <testcase name="test_resize_bad_image" class="Test_Image_Resize_GD" file="/Users/msaari/wordpress-develop/tests/phpunit/tests/image/resizeGd.php" line="32" assertions="2" time="0.001496"/>
      <testcase name="test_resize_jpg" class="Test_Image_Resize_GD" file="/Users/msaari/wordpress-develop/tests/phpunit/tests/image/resizeGd.php" line="29" assertions="4" time="0.002189"/>
      <testcase name="test_resize_png" class="Test_Image_Resize_GD" file="/Users/msaari/wordpress-develop/tests/phpunit/tests/image/resizeGd.php" line="41" assertions="4" time="0.002435"/>
      <testcase name="test_resize_gif" class="Test_Image_Resize_GD" file="/Users/msaari/wordpress-develop/tests/phpunit/tests/image/resizeGd.php" line="57" assertions="4" time="0.002733"/>
      <testcase name="test_resize_larger" class="Test_Image_Resize_GD" file="/Users/msaari/wordpress-develop/tests/phpunit/tests/image/resizeGd.php" line="73" assertions="2" time="0.001966"/>
      <testcase name="test_resize_thumb_128x96" class="Test_Image_Resize_GD" file="/Users/msaari/wordpress-develop/tests/phpunit/tests/image/resizeGd.php" line="81" assertions="4" time="0.016140"/>
      <testcase name="test_resize_thumb_128x0" class="Test_Image_Resize_GD" file="/Users/msaari/wordpress-develop/tests/phpunit/tests/image/resizeGd.php" line="93" assertions="4" time="0.017559"/>
      <testcase name="test_resize_thumb_0x96" class="Test_Image_Resize_GD" file="/Users/msaari/wordpress-develop/tests/phpunit/tests/image/resizeGd.php" line="105" assertions="4" time="0.016406"/>
      <testcase name="test_resize_thumb_150x150_crop" class="Test_Image_Resize_GD" file="/Users/msaari/wordpress-develop/tests/phpunit/tests/image/resizeGd.php" line="117" assertions="4" time="0.014091"/>
      <testcase name="test_resize_thumb_150x100_crop" class="Test_Image_Resize_GD" file="/Users/msaari/wordpress-develop/tests/phpunit/tests/image/resizeGd.php" line="129" assertions="4" time="0.012363"/>
      <testcase name="test_resize_thumb_50x150_crop" class="Test_Image_Resize_GD" file="/Users/msaari/wordpress-develop/tests/phpunit/tests/image/resizeGd.php" line="141" assertions="4" time="0.012123"/>
      <testcase name="test_resize_non_existent_image" class="Test_Image_Resize_GD" file="/Users/msaari/wordpress-develop/tests/phpunit/tests/image/resizeGd.php" line="158" assertions="2" time="0.002013"/>
    </testsuite>
    <testsuite name="Test_Image_Resize_Imagick" file="/Users/msaari/wordpress-develop/tests/phpunit/tests/image/resizeImagick.php" tests="0" assertions="0" failures="0" errors="0" time="0.000000"/>
    <testsuite name="Tests_WP_Site_Icon" file="/Users/msaari/wordpress-develop/tests/phpunit/tests/image/siteIcon.php" tests="8" assertions="16" failures="0" errors="0" time="0.818286">
      <testcase name="test_intermediate_image_sizes" class="Tests_WP_Site_Icon" file="/Users/msaari/wordpress-develop/tests/phpunit/tests/image/siteIcon.php" line="31" assertions="1" time="0.002918"/>
      <testcase name="test_intermediate_image_sizes_with_filter" class="Tests_WP_Site_Icon" file="/Users/msaari/wordpress-develop/tests/phpunit/tests/image/siteIcon.php" line="42" assertions="2" time="0.002518"/>
      <testcase name="test_additional_sizes" class="Tests_WP_Site_Icon" file="/Users/msaari/wordpress-develop/tests/phpunit/tests/image/siteIcon.php" line="63" assertions="1" time="0.002305"/>
      <testcase name="test_additional_sizes_with_filter" class="Tests_WP_Site_Icon" file="/Users/msaari/wordpress-develop/tests/phpunit/tests/image/siteIcon.php" line="78" assertions="2" time="0.002404"/>
      <testcase name="test_create_attachment_object" class="Tests_WP_Site_Icon" file="/Users/msaari/wordpress-develop/tests/phpunit/tests/image/siteIcon.php" line="101" assertions="5" time="0.276571"/>
      <testcase name="test_insert_cropped_attachment" class="Tests_WP_Site_Icon" file="/Users/msaari/wordpress-develop/tests/phpunit/tests/image/siteIcon.php" line="115" assertions="2" time="0.498981"/>
      <testcase name="test_delete_attachment_data" class="Tests_WP_Site_Icon" file="/Users/msaari/wordpress-develop/tests/phpunit/tests/image/siteIcon.php" line="127" assertions="1" time="0.016780"/>
      <testcase name="test_get_post_metadata" class="Tests_WP_Site_Icon" file="/Users/msaari/wordpress-develop/tests/phpunit/tests/image/siteIcon.php" line="139" assertions="2" time="0.015809"/>
    </testsuite>
    <testsuite name="Tests_Image_Size" file="/Users/msaari/wordpress-develop/tests/phpunit/tests/image/size.php" tests="13" assertions="47" failures="0" errors="0" time="0.021245">
      <testcase name="test_constrain_dims_zero" class="Tests_Image_Size" file="/Users/msaari/wordpress-develop/tests/phpunit/tests/image/size.php" line="10" assertions="4" time="0.001813"/>
      <testcase name="test_constrain_dims_smaller" class="Tests_Image_Size" file="/Users/msaari/wordpress-develop/tests/phpunit/tests/image/size.php" line="25" assertions="3" time="0.001531"/>
      <testcase name="test_constrain_dims_equal" class="Tests_Image_Size" file="/Users/msaari/wordpress-develop/tests/phpunit/tests/image/size.php" line="37" assertions="3" time="0.001764"/>
      <testcase name="test_constrain_dims_larger" class="Tests_Image_Size" file="/Users/msaari/wordpress-develop/tests/phpunit/tests/image/size.php" line="49" assertions="6" time="0.001737"/>
      <testcase name="test_constrain_dims_boundary" class="Tests_Image_Size" file="/Users/msaari/wordpress-develop/tests/phpunit/tests/image/size.php" line="71" assertions="4" time="0.001435"/>
      <testcase name="test_shrink_dimensions_default" class="Tests_Image_Size" file="/Users/msaari/wordpress-develop/tests/phpunit/tests/image/size.php" line="90" assertions="3" time="0.001392"/>
      <testcase name="test_shrink_dimensions_smaller" class="Tests_Image_Size" file="/Users/msaari/wordpress-develop/tests/phpunit/tests/image/size.php" line="101" assertions="3" time="0.001384"/>
      <testcase name="test_shrink_dimensions_equal" class="Tests_Image_Size" file="/Users/msaari/wordpress-develop/tests/phpunit/tests/image/size.php" line="113" assertions="3" time="0.001385"/>
      <testcase name="test_shrink_dimensions_larger" class="Tests_Image_Size" file="/Users/msaari/wordpress-develop/tests/phpunit/tests/image/size.php" line="125" assertions="3" time="0.001490"/>
      <testcase name="test_shrink_dimensions_boundary" class="Tests_Image_Size" file="/Users/msaari/wordpress-develop/tests/phpunit/tests/image/size.php" line="137" assertions="5" time="0.001600"/>
      <testcase name="test_constrain_size_for_editor_thumb" class="Tests_Image_Size" file="/Users/msaari/wordpress-develop/tests/phpunit/tests/image/size.php" line="153" assertions="2" time="0.001455"/>
      <testcase name="test_constrain_size_for_editor_medium" class="Tests_Image_Size" file="/Users/msaari/wordpress-develop/tests/phpunit/tests/image/size.php" line="161" assertions="4" time="0.002586"/>
      <testcase name="test_constrain_size_for_editor_full" class="Tests_Image_Size" file="/Users/msaari/wordpress-develop/tests/phpunit/tests/image/size.php" line="188" assertions="4" time="0.001673"/>
    </testsuite>
    <testsuite name="Tests_Import_Import" file="/Users/msaari/wordpress-develop/tests/phpunit/tests/import/import.php" tests="4" assertions="0" failures="4" errors="0" time="0.006109">
      <testcase name="test_small_import" class="Tests_Import_Import" file="/Users/msaari/wordpress-develop/tests/phpunit/tests/import/import.php" line="41" assertions="0" time="0.001682">
        <failure type="PHPUnit_Framework_AssertionFailedError">Tests_Import_Import::test_small_import
This test requires the WordPress Importer plugin to be installed in the test suite. See: https://make.wordpress.org/core/handbook/contribute/git/#unit-tests

/Users/msaari/wordpress-develop/tests/phpunit/tests/import/import.php:23
</failure>
      </testcase>
      <testcase name="test_double_import" class="Tests_Import_Import" file="/Users/msaari/wordpress-develop/tests/phpunit/tests/import/import.php" line="209" assertions="0" time="0.001399">
        <failure type="PHPUnit_Framework_AssertionFailedError">Tests_Import_Import::test_double_import
This test requires the WordPress Importer plugin to be installed in the test suite. See: https://make.wordpress.org/core/handbook/contribute/git/#unit-tests

/Users/msaari/wordpress-develop/tests/phpunit/tests/import/import.php:23
</failure>
      </testcase>
      <testcase name="test_ordering_of_importers" class="Tests_Import_Import" file="/Users/msaari/wordpress-develop/tests/phpunit/tests/import/import.php" line="250" assertions="0" time="0.001390">
        <failure type="PHPUnit_Framework_AssertionFailedError">Tests_Import_Import::test_ordering_of_importers
This test requires the WordPress Importer plugin to be installed in the test suite. See: https://make.wordpress.org/core/handbook/contribute/git/#unit-tests

/Users/msaari/wordpress-develop/tests/phpunit/tests/import/import.php:23
</failure>
      </testcase>
      <testcase name="test_slashes_should_not_be_stripped" class="Tests_Import_Import" file="/Users/msaari/wordpress-develop/tests/phpunit/tests/import/import.php" line="276" assertions="0" time="0.001638">
        <failure type="PHPUnit_Framework_AssertionFailedError">Tests_Import_Import::test_slashes_should_not_be_stripped
This test requires the WordPress Importer plugin to be installed in the test suite. See: https://make.wordpress.org/core/handbook/contribute/git/#unit-tests

/Users/msaari/wordpress-develop/tests/phpunit/tests/import/import.php:23
</failure>
      </testcase>
    </testsuite>
    <testsuite name="Tests_Import_Parser" file="/Users/msaari/wordpress-develop/tests/phpunit/tests/import/parser.php" tests="6" assertions="0" failures="6" errors="0" time="0.008280">
      <testcase name="test_malformed_wxr" class="Tests_Import_Parser" file="/Users/msaari/wordpress-develop/tests/phpunit/tests/import/parser.php" line="27" assertions="0" time="0.001357">
        <failure type="PHPUnit_Framework_AssertionFailedError">Tests_Import_Parser::test_malformed_wxr
This test requires the WordPress Importer plugin to be installed in the test suite. See: https://make.wordpress.org/core/handbook/contribute/git/#unit-tests

/Users/msaari/wordpress-develop/tests/phpunit/tests/import/parser.php:21
</failure>
      </testcase>
      <testcase name="test_invalid_wxr" class="Tests_Import_Parser" file="/Users/msaari/wordpress-develop/tests/phpunit/tests/import/parser.php" line="39" assertions="0" time="0.001451">
        <failure type="PHPUnit_Framework_AssertionFailedError">Tests_Import_Parser::test_invalid_wxr
This test requires the WordPress Importer plugin to be installed in the test suite. See: https://make.wordpress.org/core/handbook/contribute/git/#unit-tests

/Users/msaari/wordpress-develop/tests/phpunit/tests/import/parser.php:21
</failure>
      </testcase>
      <testcase name="test_wxr_version_1_1" class="Tests_Import_Parser" file="/Users/msaari/wordpress-develop/tests/phpunit/tests/import/parser.php" line="53" assertions="0" time="0.001384">
        <failure type="PHPUnit_Framework_AssertionFailedError">Tests_Import_Parser::test_wxr_version_1_1
This test requires the WordPress Importer plugin to be installed in the test suite. See: https://make.wordpress.org/core/handbook/contribute/git/#unit-tests

/Users/msaari/wordpress-develop/tests/phpunit/tests/import/parser.php:21
</failure>
      </testcase>
      <testcase name="test_wxr_version_1_0" class="Tests_Import_Parser" file="/Users/msaari/wordpress-develop/tests/phpunit/tests/import/parser.php" line="146" assertions="0" time="0.001380">
        <failure type="PHPUnit_Framework_AssertionFailedError">Tests_Import_Parser::test_wxr_version_1_0
This test requires the WordPress Importer plugin to be installed in the test suite. See: https://make.wordpress.org/core/handbook/contribute/git/#unit-tests

/Users/msaari/wordpress-develop/tests/phpunit/tests/import/parser.php:21
</failure>
      </testcase>
      <testcase name="test_escaped_cdata_closing_sequence" class="Tests_Import_Parser" file="/Users/msaari/wordpress-develop/tests/phpunit/tests/import/parser.php" line="240" assertions="0" time="0.001355">
        <failure type="PHPUnit_Framework_AssertionFailedError">Tests_Import_Parser::test_escaped_cdata_closing_sequence
This test requires the WordPress Importer plugin to be installed in the test suite. See: https://make.wordpress.org/core/handbook/contribute/git/#unit-tests

/Users/msaari/wordpress-develop/tests/phpunit/tests/import/parser.php:21
</failure>
      </testcase>
      <testcase name="test_unescaped_cdata_closing_sequence" class="Tests_Import_Parser" file="/Users/msaari/wordpress-develop/tests/phpunit/tests/import/parser.php" line="273" assertions="0" time="0.001353">
        <failure type="PHPUnit_Framework_AssertionFailedError">Tests_Import_Parser::test_unescaped_cdata_closing_sequence
This test requires the WordPress Importer plugin to be installed in the test suite. See: https://make.wordpress.org/core/handbook/contribute/git/#unit-tests

/Users/msaari/wordpress-develop/tests/phpunit/tests/import/parser.php:21
</failure>
      </testcase>
    </testsuite>
    <testsuite name="Tests_Import_Postmeta" file="/Users/msaari/wordpress-develop/tests/phpunit/tests/import/postmeta.php" tests="4" assertions="0" failures="4" errors="0" time="0.006243">
      <testcase name="test_serialized_postmeta_no_cdata" class="Tests_Import_Postmeta" file="/Users/msaari/wordpress-develop/tests/phpunit/tests/import/postmeta.php" line="27" assertions="0" time="0.001644">
        <failure type="PHPUnit_Framework_AssertionFailedError">Tests_Import_Postmeta::test_serialized_postmeta_no_cdata
This test requires the WordPress Importer plugin to be installed in the test suite. See: https://make.wordpress.org/core/handbook/contribute/git/#unit-tests

/Users/msaari/wordpress-develop/tests/phpunit/tests/import/postmeta.php:21
</failure>
      </testcase>
      <testcase name="test_utw_postmeta" class="Tests_Import_Postmeta" file="/Users/msaari/wordpress-develop/tests/phpunit/tests/import/postmeta.php" line="34" assertions="0" time="0.001557">
        <failure type="PHPUnit_Framework_AssertionFailedError">Tests_Import_Postmeta::test_utw_postmeta
This test requires the WordPress Importer plugin to be installed in the test suite. See: https://make.wordpress.org/core/handbook/contribute/git/#unit-tests

/Users/msaari/wordpress-develop/tests/phpunit/tests/import/postmeta.php:21
</failure>
      </testcase>
      <testcase name="test_serialized_postmeta_with_cdata" class="Tests_Import_Postmeta" file="/Users/msaari/wordpress-develop/tests/phpunit/tests/import/postmeta.php" line="83" assertions="0" time="0.001427">
        <failure type="PHPUnit_Framework_AssertionFailedError">Tests_Import_Postmeta::test_serialized_postmeta_with_cdata
This test requires the WordPress Importer plugin to be installed in the test suite. See: https://make.wordpress.org/core/handbook/contribute/git/#unit-tests

/Users/msaari/wordpress-develop/tests/phpunit/tests/import/postmeta.php:21
</failure>
      </testcase>
      <testcase name="test_serialized_postmeta_with_evil_stuff_in_cdata" class="Tests_Import_Postmeta" file="/Users/msaari/wordpress-develop/tests/phpunit/tests/import/postmeta.php" line="97" assertions="0" time="0.001615">
        <failure type="PHPUnit_Framework_AssertionFailedError">Tests_Import_Postmeta::test_serialized_postmeta_with_evil_stuff_in_cdata
This test requires the WordPress Importer plugin to be installed in the test suite. See: https://make.wordpress.org/core/handbook/contribute/git/#unit-tests

/Users/msaari/wordpress-develop/tests/phpunit/tests/import/postmeta.php:21
</failure>
      </testcase>
    </testsuite>
    <testsuite name="TestFactoryFor" file="/Users/msaari/wordpress-develop/tests/phpunit/tests/includes/factory.php" tests="5" assertions="6" failures="0" errors="0" time="0.024684">
      <testcase name="test_create_creates_a_category" class="TestFactoryFor" file="/Users/msaari/wordpress-develop/tests/phpunit/tests/includes/factory.php" line="9" assertions="1" time="0.005123"/>
      <testcase name="test_get_object_by_id_gets_an_object" class="TestFactoryFor" file="/Users/msaari/wordpress-develop/tests/phpunit/tests/includes/factory.php" line="14" assertions="1" time="0.005619"/>
      <testcase name="test_get_object_by_id_gets_an_object_with_the_same_name" class="TestFactoryFor" file="/Users/msaari/wordpress-develop/tests/phpunit/tests/includes/factory.php" line="19" assertions="1" time="0.005343"/>
      <testcase name="test_the_taxonomy_argument_overrules_the_factory_taxonomy" class="TestFactoryFor" file="/Users/msaari/wordpress-develop/tests/phpunit/tests/includes/factory.php" line="25" assertions="1" time="0.004332"/>
      <testcase name="test_term_factory_create_and_get_should_return_term_object" class="TestFactoryFor" file="/Users/msaari/wordpress-develop/tests/phpunit/tests/includes/factory.php" line="35" assertions="2" time="0.004267"/>
    </testsuite>
    <testsuite name="Tests_TestHelpers" file="/Users/msaari/wordpress-develop/tests/phpunit/tests/includes/helpers.php" tests="28" assertions="40" failures="0" errors="0" time="0.058018">
      <testsuite name="Tests_TestHelpers::test_assertEqualSets" tests="7" assertions="7" failures="0" errors="0" time="0.010501">
        <testcase name="test_assertEqualSets with data set #0" assertions="1" time="0.001721"/>
        <testcase name="test_assertEqualSets with data set #1" assertions="1" time="0.001518"/>
        <testcase name="test_assertEqualSets with data set #2" assertions="1" time="0.001511"/>
        <testcase name="test_assertEqualSets with data set #3" assertions="1" time="0.001421"/>
        <testcase name="test_assertEqualSets with data set #4" assertions="1" time="0.001459"/>
        <testcase name="test_assertEqualSets with data set #5" assertions="1" time="0.001415"/>
        <testcase name="test_assertEqualSets with data set #6" assertions="1" time="0.001456"/>
      </testsuite>
      <testsuite name="Tests_TestHelpers::test_assertEqualSetsWithIndex" tests="14" assertions="14" failures="0" errors="0" time="0.021330">
        <testcase name="test_assertEqualSetsWithIndex with data set #0" assertions="1" time="0.001536"/>
        <testcase name="test_assertEqualSetsWithIndex with data set #1" assertions="1" time="0.001689"/>
        <testcase name="test_assertEqualSetsWithIndex with data set #2" assertions="1" time="0.001525"/>
        <testcase name="test_assertEqualSetsWithIndex with data set #3" assertions="1" time="0.001378"/>
        <testcase name="test_assertEqualSetsWithIndex with data set #4" assertions="1" time="0.001480"/>
        <testcase name="test_assertEqualSetsWithIndex with data set #5" assertions="1" time="0.001578"/>
        <testcase name="test_assertEqualSetsWithIndex with data set #6" assertions="1" time="0.001484"/>
        <testcase name="test_assertEqualSetsWithIndex with data set #7" assertions="1" time="0.001463"/>
        <testcase name="test_assertEqualSetsWithIndex with data set #8" assertions="1" time="0.001470"/>
        <testcase name="test_assertEqualSetsWithIndex with data set #9" assertions="1" time="0.001427"/>
        <testcase name="test_assertEqualSetsWithIndex with data set #10" assertions="1" time="0.001417"/>
        <testcase name="test_assertEqualSetsWithIndex with data set #11" assertions="1" time="0.001563"/>
        <testcase name="test_assertEqualSetsWithIndex with data set #12" assertions="1" time="0.001822"/>
        <testcase name="test_assertEqualSetsWithIndex with data set #13" assertions="1" time="0.001498"/>
      </testsuite>
      <testcase name="test__unregister_post_status" class="Tests_TestHelpers" file="/Users/msaari/wordpress-develop/tests/phpunit/tests/includes/helpers.php" line="224" assertions="1" time="0.001374"/>
      <testcase name="test_setExpectedDeprecated" class="Tests_TestHelpers" file="/Users/msaari/wordpress-develop/tests/phpunit/tests/includes/helpers.php" line="236" assertions="2" time="0.001472"/>
      <testcase name="test_setExpectedIncorrectUsage" class="Tests_TestHelpers" file="/Users/msaari/wordpress-develop/tests/phpunit/tests/includes/helpers.php" line="244" assertions="2" time="0.001747"/>
      <testcase name="test_go_to_should_go_to_home_page_when_passing_the_untrailingslashed_home_url" class="Tests_TestHelpers" file="/Users/msaari/wordpress-develop/tests/phpunit/tests/includes/helpers.php" line="252" assertions="2" time="0.002185"/>
      <testcase name="test_die_handler_should_handle_wp_error" class="Tests_TestHelpers" file="/Users/msaari/wordpress-develop/tests/phpunit/tests/includes/helpers.php" line="273" assertions="1" time="0.001409"/>
      <testcase name="test_setup_postdata_globals_should_be_reset_on_teardown__setup" class="Tests_TestHelpers" file="/Users/msaari/wordpress-develop/tests/phpunit/tests/includes/helpers.php" line="282" assertions="1" time="0.016268"/>
      <testcase name="test_setup_postdata_globals_should_be_reset_on_teardown" class="Tests_TestHelpers" file="/Users/msaari/wordpress-develop/tests/phpunit/tests/includes/helpers.php" line="292" assertions="10" time="0.001733"/>
    </testsuite>
    <testsuite name="Tests_Kses" file="/Users/msaari/wordpress-develop/tests/phpunit/tests/kses.php" tests="73" assertions="470" failures="0" errors="0" time="0.121886">
      <testcase name="test_wp_filter_post_kses_address" class="Tests_Kses" file="/Users/msaari/wordpress-develop/tests/phpunit/tests/kses.php" line="13" assertions="4" time="0.001622"/>
      <testcase name="test_wp_filter_post_kses_a" class="Tests_Kses" file="/Users/msaari/wordpress-develop/tests/phpunit/tests/kses.php" line="36" assertions="9" time="0.001730"/>
      <testcase name="test_wp_filter_post_kses_abbr" class="Tests_Kses" file="/Users/msaari/wordpress-develop/tests/phpunit/tests/kses.php" line="61" assertions="4" time="0.001623"/>
      <testcase name="test_feed_links" class="Tests_Kses" file="/Users/msaari/wordpress-develop/tests/phpunit/tests/kses.php" line="78" assertions="1" time="0.001828"/>
      <testcase name="test_wp_kses_bad_protocol" class="Tests_Kses" file="/Users/msaari/wordpress-develop/tests/phpunit/tests/kses.php" line="112" assertions="5" time="0.001670"/>
      <testcase name="test_hackers_attacks" class="Tests_Kses" file="/Users/msaari/wordpress-develop/tests/phpunit/tests/kses.php" line="184" assertions="33" time="0.003922"/>
      <testcase name="test_wp_kses_allowed_html" class="Tests_Kses" file="/Users/msaari/wordpress-develop/tests/phpunit/tests/kses.php" line="329" assertions="340" time="0.001727"/>
      <testcase name="test_hyphenated_tag" class="Tests_Kses" file="/Users/msaari/wordpress-develop/tests/phpunit/tests/kses.php" line="377" assertions="2" time="0.001805"/>
      <testcase name="test_wp_kses_normalize_entities" class="Tests_Kses" file="/Users/msaari/wordpress-develop/tests/phpunit/tests/kses.php" line="394" assertions="8" time="0.001819"/>
      <testsuite name="Tests_Kses::test_ctrl_removal" tests="5" assertions="5" failures="0" errors="0" time="0.007839">
        <testcase name="test_ctrl_removal with data set #0" assertions="1" time="0.001834"/>
        <testcase name="test_ctrl_removal with data set #1" assertions="1" time="0.001658"/>
        <testcase name="test_ctrl_removal with data set #2" assertions="1" time="0.001554"/>
        <testcase name="test_ctrl_removal with data set #3" assertions="1" time="0.001432"/>
        <testcase name="test_ctrl_removal with data set #4" assertions="1" time="0.001361"/>
      </testsuite>
      <testsuite name="Tests_Kses::test_slash_zero_removal" tests="9" assertions="9" failures="0" errors="0" time="0.013640">
        <testcase name="test_slash_zero_removal with data set #0" assertions="1" time="0.001391"/>
        <testcase name="test_slash_zero_removal with data set #1" assertions="1" time="0.001402"/>
        <testcase name="test_slash_zero_removal with data set #2" assertions="1" time="0.001415"/>
        <testcase name="test_slash_zero_removal with data set #3" assertions="1" time="0.001498"/>
        <testcase name="test_slash_zero_removal with data set #4" assertions="1" time="0.001729"/>
        <testcase name="test_slash_zero_removal with data set #5" assertions="1" time="0.001851"/>
        <testcase name="test_slash_zero_removal with data set #6" assertions="1" time="0.001510"/>
        <testcase name="test_slash_zero_removal with data set #7" assertions="1" time="0.001443"/>
        <testcase name="test_slash_zero_removal with data set #8" assertions="1" time="0.001401"/>
      </testsuite>
      <testsuite name="Tests_Kses::test_hair_parse" tests="8" assertions="8" failures="0" errors="0" time="0.011574">
        <testcase name="test_hair_parse with data set #0" assertions="1" time="0.001410"/>
        <testcase name="test_hair_parse with data set #1" assertions="1" time="0.001358"/>
        <testcase name="test_hair_parse with data set #2" assertions="1" time="0.001320"/>
        <testcase name="test_hair_parse with data set #3" assertions="1" time="0.001351"/>
        <testcase name="test_hair_parse with data set #4" assertions="1" time="0.001356"/>
        <testcase name="test_hair_parse with data set #5" assertions="1" time="0.001512"/>
        <testcase name="test_hair_parse with data set #6" assertions="1" time="0.001784"/>
        <testcase name="test_hair_parse with data set #7" assertions="1" time="0.001483"/>
      </testsuite>
      <testsuite name="Tests_Kses::test_attr_parse" tests="11" assertions="11" failures="0" errors="0" time="0.015923">
        <testcase name="test_attr_parse with data set #0" assertions="1" time="0.001423"/>
        <testcase name="test_attr_parse with data set #1" assertions="1" time="0.001436"/>
        <testcase name="test_attr_parse with data set #2" assertions="1" time="0.001387"/>
        <testcase name="test_attr_parse with data set #3" assertions="1" time="0.001351"/>
        <testcase name="test_attr_parse with data set #4" assertions="1" time="0.001389"/>
        <testcase name="test_attr_parse with data set #5" assertions="1" time="0.001334"/>
        <testcase name="test_attr_parse with data set #6" assertions="1" time="0.001330"/>
        <testcase name="test_attr_parse with data set #7" assertions="1" time="0.001389"/>
        <testcase name="test_attr_parse with data set #8" assertions="1" time="0.001529"/>
        <testcase name="test_attr_parse with data set #9" assertions="1" time="0.001789"/>
        <testcase name="test_attr_parse with data set #10" assertions="1" time="0.001566"/>
      </testsuite>
      <testsuite name="Tests_Kses::test_one_attr" tests="12" assertions="12" failures="0" errors="0" time="0.019390">
        <testcase name="test_one_attr with data set #0" assertions="1" time="0.001444"/>
        <testcase name="test_one_attr with data set #1" assertions="1" time="0.001496"/>
        <testcase name="test_one_attr with data set #2" assertions="1" time="0.001413"/>
        <testcase name="test_one_attr with data set #3" assertions="1" time="0.001391"/>
        <testcase name="test_one_attr with data set #4" assertions="1" time="0.001363"/>
        <testcase name="test_one_attr with data set #5" assertions="1" time="0.001365"/>
        <testcase name="test_one_attr with data set #6" assertions="1" time="0.001398"/>
        <testcase name="test_one_attr with data set #7" assertions="1" time="0.001355"/>
        <testcase name="test_one_attr with data set #8" assertions="1" time="0.001557"/>
        <testcase name="test_one_attr with data set #9" assertions="1" time="0.001917"/>
        <testcase name="test_one_attr with data set #10" assertions="1" time="0.001545"/>
        <testcase name="test_one_attr with data set #11" assertions="1" time="0.003146"/>
      </testsuite>
      <testcase name="test_bdo" class="Tests_Kses" file="/Users/msaari/wordpress-develop/tests/phpunit/tests/kses.php" line="677" assertions="1" time="0.003258"/>
      <testcase name="test_ol_reversed" class="Tests_Kses" file="/Users/msaari/wordpress-develop/tests/phpunit/tests/kses.php" line="688" assertions="1" time="0.002545"/>
      <testcase name="test_wp_kses_attr_no_attributes_allowed_with_empty_array" class="Tests_Kses" file="/Users/msaari/wordpress-develop/tests/phpunit/tests/kses.php" line="699" assertions="1" time="0.001768"/>
      <testcase name="test_wp_kses_attr_no_attributes_allowed_with_true" class="Tests_Kses" file="/Users/msaari/wordpress-develop/tests/phpunit/tests/kses.php" line="709" assertions="1" time="0.002088"/>
      <testcase name="test_wp_kses_attr_single_attribute_is_allowed" class="Tests_Kses" file="/Users/msaari/wordpress-develop/tests/phpunit/tests/kses.php" line="719" assertions="1" time="0.002247"/>
      <testcase name="test_wp_kses_attr_no_attributes_allowed_with_false" class="Tests_Kses" file="/Users/msaari/wordpress-develop/tests/phpunit/tests/kses.php" line="729" assertions="1" time="0.002184"/>
      <testsuite name="Tests_Kses::test_safecss_filter_attr" tests="13" assertions="13" failures="0" errors="0" time="0.021684">
        <testcase name="test_safecss_filter_attr with data set #0" assertions="1" time="0.002568"/>
        <testcase name="test_safecss_filter_attr with data set #1" assertions="1" time="0.001649"/>
        <testcase name="test_safecss_filter_attr with data set #2" assertions="1" time="0.001588"/>
        <testcase name="test_safecss_filter_attr with data set #3" assertions="1" time="0.001520"/>
        <testcase name="test_safecss_filter_attr with data set #4" assertions="1" time="0.001490"/>
        <testcase name="test_safecss_filter_attr with data set #5" assertions="1" time="0.001537"/>
        <testcase name="test_safecss_filter_attr with data set #6" assertions="1" time="0.001643"/>
        <testcase name="test_safecss_filter_attr with data set #7" assertions="1" time="0.001927"/>
        <testcase name="test_safecss_filter_attr with data set #8" assertions="1" time="0.001820"/>
        <testcase name="test_safecss_filter_attr with data set #9" assertions="1" time="0.001546"/>
        <testcase name="test_safecss_filter_attr with data set #10" assertions="1" time="0.001493"/>
        <testcase name="test_safecss_filter_attr with data set #11" assertions="1" time="0.001464"/>
        <testcase name="test_safecss_filter_attr with data set #12" assertions="1" time="0.001439"/>
      </testsuite>
    </testsuite>
    <testsuite name="Tests_L10n" file="/Users/msaari/wordpress-develop/tests/phpunit/tests/l10n.php" tests="11" assertions="69" failures="0" errors="0" time="0.017122">
      <testcase name="test_n_noop" class="Tests_L10n" file="/Users/msaari/wordpress-develop/tests/phpunit/tests/l10n.php" line="12" assertions="4" time="0.001310"/>
      <testcase name="test_nx_noop" class="Tests_L10n" file="/Users/msaari/wordpress-develop/tests/phpunit/tests/l10n.php" line="25" assertions="5" time="0.001918"/>
      <testcase name="test_before_last_bar" class="Tests_L10n" file="/Users/msaari/wordpress-develop/tests/phpunit/tests/l10n.php" line="39" assertions="3" time="0.001848"/>
      <testcase name="test_get_available_languages" class="Tests_L10n" file="/Users/msaari/wordpress-develop/tests/phpunit/tests/l10n.php" line="48" assertions="3" time="0.001636"/>
      <testcase name="test_wp_get_installed_translations_for_core" class="Tests_L10n" file="/Users/msaari/wordpress-develop/tests/phpunit/tests/l10n.php" line="62" assertions="10" time="0.001834"/>
      <testcase name="test_wp_dropdown_languages" class="Tests_L10n" file="/Users/msaari/wordpress-develop/tests/phpunit/tests/l10n.php" line="84" assertions="6" time="0.001396"/>
      <testcase name="test_wp_dropdown_languages_site_default" class="Tests_L10n" file="/Users/msaari/wordpress-develop/tests/phpunit/tests/l10n.php" line="106" assertions="7" time="0.001384"/>
      <testcase name="test_wp_dropdown_languages_en_US_selected" class="Tests_L10n" file="/Users/msaari/wordpress-develop/tests/phpunit/tests/l10n.php" line="130" assertions="6" time="0.001376"/>
      <testcase name="test_wp_dropdown_languages_site_default_ja_JP" class="Tests_L10n" file="/Users/msaari/wordpress-develop/tests/phpunit/tests/l10n.php" line="152" assertions="7" time="0.001360"/>
      <testcase name="test_wp_dropdown_languages_ja_JP_selected" class="Tests_L10n" file="/Users/msaari/wordpress-develop/tests/phpunit/tests/l10n.php" line="176" assertions="6" time="0.001374"/>
      <testcase name="test_wp_get_pomo_file_data" class="Tests_L10n" file="/Users/msaari/wordpress-develop/tests/phpunit/tests/l10n.php" line="223" assertions="12" time="0.001686"/>
    </testsuite>
    <testsuite name="Tests_L10n_GetLocale" file="/Users/msaari/wordpress-develop/tests/phpunit/tests/l10n/getLocale.php" tests="4" assertions="4" failures="0" errors="0" time="0.006935">
      <testcase name="test_should_respect_locale_global" class="Tests_L10n_GetLocale" file="/Users/msaari/wordpress-develop/tests/phpunit/tests/l10n/getLocale.php" line="8" assertions="1" time="0.001383"/>
      <testcase name="test_option_should_be_respected_on_nonmultisite" class="Tests_L10n_GetLocale" file="/Users/msaari/wordpress-develop/tests/phpunit/tests/l10n/getLocale.php" line="60" assertions="1" time="0.002496"/>
      <testcase name="test_should_fall_back_on_en_US" class="Tests_L10n_GetLocale" file="/Users/msaari/wordpress-develop/tests/phpunit/tests/l10n/getLocale.php" line="78" assertions="1" time="0.001684"/>
      <testcase name="test_should_respect_get_locale_filter" class="Tests_L10n_GetLocale" file="/Users/msaari/wordpress-develop/tests/phpunit/tests/l10n/getLocale.php" line="89" assertions="1" time="0.001372"/>
    </testsuite>
    <testsuite name="Tests_Get_User_Locale" file="/Users/msaari/wordpress-develop/tests/phpunit/tests/l10n/getUserLocale.php" tests="12" assertions="15" failures="0" errors="0" time="0.250711">
      <testcase name="test_user_locale_property" class="Tests_Get_User_Locale" file="/Users/msaari/wordpress-develop/tests/phpunit/tests/l10n/getUserLocale.php" line="30" assertions="2" time="0.016697"/>
      <testcase name="test_update_user_locale" class="Tests_Get_User_Locale" file="/Users/msaari/wordpress-develop/tests/phpunit/tests/l10n/getUserLocale.php" line="36" assertions="1" time="0.018065"/>
      <testcase name="test_returns_site_locale_if_empty" class="Tests_Get_User_Locale" file="/Users/msaari/wordpress-develop/tests/phpunit/tests/l10n/getUserLocale.php" line="42" assertions="1" time="0.019123"/>
      <testcase name="test_returns_site_locale_if_no_user" class="Tests_Get_User_Locale" file="/Users/msaari/wordpress-develop/tests/phpunit/tests/l10n/getUserLocale.php" line="48" assertions="1" time="0.018357"/>
      <testcase name="test_returns_correct_user_locale" class="Tests_Get_User_Locale" file="/Users/msaari/wordpress-develop/tests/phpunit/tests/l10n/getUserLocale.php" line="53" assertions="1" time="0.017708"/>
      <testcase name="test_returns_correct_user_locale_on_frontend" class="Tests_Get_User_Locale" file="/Users/msaari/wordpress-develop/tests/phpunit/tests/l10n/getUserLocale.php" line="58" assertions="1" time="0.017488"/>
      <testcase name="test_site_locale_is_not_affected" class="Tests_Get_User_Locale" file="/Users/msaari/wordpress-develop/tests/phpunit/tests/l10n/getUserLocale.php" line="62" assertions="1" time="0.015688"/>
      <testcase name="test_site_locale_is_not_affected_on_frontend" class="Tests_Get_User_Locale" file="/Users/msaari/wordpress-develop/tests/phpunit/tests/l10n/getUserLocale.php" line="67" assertions="1" time="0.016353"/>
      <testcase name="test_user_id_argument_with_id" class="Tests_Get_User_Locale" file="/Users/msaari/wordpress-develop/tests/phpunit/tests/l10n/getUserLocale.php" line="89" assertions="2" time="0.029939"/>
      <testcase name="test_user_id_argument_with_wp_user_object" class="Tests_Get_User_Locale" file="/Users/msaari/wordpress-develop/tests/phpunit/tests/l10n/getUserLocale.php" line="106" assertions="2" time="0.030886"/>
      <testcase name="test_user_id_argument_with_nonexistent_user" class="Tests_Get_User_Locale" file="/Users/msaari/wordpress-develop/tests/phpunit/tests/l10n/getUserLocale.php" line="125" assertions="1" time="0.025833"/>
      <testcase name="test_user_id_argument_with_invalid_type" class="Tests_Get_User_Locale" file="/Users/msaari/wordpress-develop/tests/phpunit/tests/l10n/getUserLocale.php" line="135" assertions="1" time="0.024574"/>
    </testsuite>
    <testsuite name="Tests_L10n_loadTextdomain" file="/Users/msaari/wordpress-develop/tests/phpunit/tests/l10n/loadTextdomain.php" tests="20" assertions="26" failures="0" errors="0" time="0.032654">
      <testcase name="test_is_textdomain_loaded" class="Tests_L10n_loadTextdomain" file="/Users/msaari/wordpress-develop/tests/phpunit/tests/l10n/loadTextdomain.php" line="42" assertions="1" time="0.001370"/>
      <testcase name="test_unload_textdomain" class="Tests_L10n_loadTextdomain" file="/Users/msaari/wordpress-develop/tests/phpunit/tests/l10n/loadTextdomain.php" line="46" assertions="1" time="0.001498"/>
      <testcase name="test_load_textdomain" class="Tests_L10n_loadTextdomain" file="/Users/msaari/wordpress-develop/tests/phpunit/tests/l10n/loadTextdomain.php" line="50" assertions="1" time="0.001573"/>
      <testcase name="test_is_textdomain_loaded_after_loading" class="Tests_L10n_loadTextdomain" file="/Users/msaari/wordpress-develop/tests/phpunit/tests/l10n/loadTextdomain.php" line="58" assertions="1" time="0.001504"/>
      <testcase name="test_unload_textdomain_after_loading" class="Tests_L10n_loadTextdomain" file="/Users/msaari/wordpress-develop/tests/phpunit/tests/l10n/loadTextdomain.php" line="68" assertions="1" time="0.001464"/>
      <testcase name="test_is_textdomain_loaded_after_unloading" class="Tests_L10n_loadTextdomain" file="/Users/msaari/wordpress-develop/tests/phpunit/tests/l10n/loadTextdomain.php" line="74" assertions="1" time="0.001439"/>
      <testcase name="test_load_textdomain_non_existent_file" class="Tests_L10n_loadTextdomain" file="/Users/msaari/wordpress-develop/tests/phpunit/tests/l10n/loadTextdomain.php" line="85" assertions="1" time="0.001381"/>
      <testcase name="test_is_textdomain_loaded_non_existent_file" class="Tests_L10n_loadTextdomain" file="/Users/msaari/wordpress-develop/tests/phpunit/tests/l10n/loadTextdomain.php" line="92" assertions="1" time="0.001433"/>
      <testcase name="test_get_translations_for_domain_non_existent_file" class="Tests_L10n_loadTextdomain" file="/Users/msaari/wordpress-develop/tests/phpunit/tests/l10n/loadTextdomain.php" line="101" assertions="1" time="0.001425"/>
      <testcase name="test_unload_textdomain_non_existent_file" class="Tests_L10n_loadTextdomain" file="/Users/msaari/wordpress-develop/tests/phpunit/tests/l10n/loadTextdomain.php" line="110" assertions="1" time="0.001803"/>
      <testcase name="test_is_textdomain_is_not_loaded_after_gettext_call_with_no_translations" class="Tests_L10n_loadTextdomain" file="/Users/msaari/wordpress-develop/tests/phpunit/tests/l10n/loadTextdomain.php" line="119" assertions="2" time="0.001572"/>
      <testcase name="test_override_load_textdomain_noop" class="Tests_L10n_loadTextdomain" file="/Users/msaari/wordpress-develop/tests/phpunit/tests/l10n/loadTextdomain.php" line="125" assertions="2" time="0.001542"/>
      <testcase name="test_override_load_textdomain_non_existent_mofile" class="Tests_L10n_loadTextdomain" file="/Users/msaari/wordpress-develop/tests/phpunit/tests/l10n/loadTextdomain.php" line="134" assertions="3" time="0.001436"/>
      <testcase name="test_override_load_textdomain_custom_mofile" class="Tests_L10n_loadTextdomain" file="/Users/msaari/wordpress-develop/tests/phpunit/tests/l10n/loadTextdomain.php" line="148" assertions="3" time="0.001532"/>
      <testcase name="test_load_muplugin_textdomain_site_locale" class="Tests_L10n_loadTextdomain" file="/Users/msaari/wordpress-develop/tests/phpunit/tests/l10n/loadTextdomain.php" line="190" assertions="1" time="0.001593"/>
      <testcase name="test_load_muplugin_textdomain_user_locale" class="Tests_L10n_loadTextdomain" file="/Users/msaari/wordpress-develop/tests/phpunit/tests/l10n/loadTextdomain.php" line="199" assertions="1" time="0.002098"/>
      <testcase name="test_load_plugin_textdomain_site_locale" class="Tests_L10n_loadTextdomain" file="/Users/msaari/wordpress-develop/tests/phpunit/tests/l10n/loadTextdomain.php" line="210" assertions="1" time="0.001421"/>
      <testcase name="test_load_plugin_textdomain_user_locale" class="Tests_L10n_loadTextdomain" file="/Users/msaari/wordpress-develop/tests/phpunit/tests/l10n/loadTextdomain.php" line="219" assertions="1" time="0.001885"/>
      <testcase name="test_load_theme_textdomain_site_locale" class="Tests_L10n_loadTextdomain" file="/Users/msaari/wordpress-develop/tests/phpunit/tests/l10n/loadTextdomain.php" line="230" assertions="1" time="0.002262"/>
      <testcase name="test_load_theme_textdomain_user_locale" class="Tests_L10n_loadTextdomain" file="/Users/msaari/wordpress-develop/tests/phpunit/tests/l10n/loadTextdomain.php" line="239" assertions="1" time="0.002423"/>
    </testsuite>
    <testsuite name="Tests_L10n_loadTextdomainJustInTime" file="/Users/msaari/wordpress-develop/tests/phpunit/tests/l10n/loadTextdomainJustInTime.php" tests="10" assertions="21" failures="0" errors="0" time="0.094299">
      <testcase name="test_plugin_translation_should_be_translated_without_calling_load_plugin_textdomain" class="Tests_L10n_loadTextdomainJustInTime" file="/Users/msaari/wordpress-develop/tests/phpunit/tests/l10n/loadTextdomainJustInTime.php" line="69" assertions="3" time="0.006484"/>
      <testcase name="test_theme_translation_should_be_translated_without_calling_load_theme_textdomain" class="Tests_L10n_loadTextdomainJustInTime" file="/Users/msaari/wordpress-develop/tests/phpunit/tests/l10n/loadTextdomainJustInTime.php" line="88" assertions="3" time="0.011747"/>
      <testcase name="test_get_translations_for_domain_does_not_return_null_if_override_load_textdomain_is_used" class="Tests_L10n_loadTextdomainJustInTime" file="/Users/msaari/wordpress-develop/tests/phpunit/tests/l10n/loadTextdomainJustInTime.php" line="109" assertions="1" time="0.006908"/>
      <testcase name="test_should_allow_unloading_of_text_domain" class="Tests_L10n_loadTextdomainJustInTime" file="/Users/msaari/wordpress-develop/tests/phpunit/tests/l10n/loadTextdomainJustInTime.php" line="122" assertions="6" time="0.007006"/>
      <testcase name="test_plugin_translation_after_switching_locale" class="Tests_L10n_loadTextdomainJustInTime" file="/Users/msaari/wordpress-develop/tests/phpunit/tests/l10n/loadTextdomainJustInTime.php" line="161" assertions="1" time="0.008423"/>
      <testcase name="test_plugin_translation_after_switching_locale_twice" class="Tests_L10n_loadTextdomainJustInTime" file="/Users/msaari/wordpress-develop/tests/phpunit/tests/l10n/loadTextdomainJustInTime.php" line="174" assertions="2" time="0.009493"/>
      <testcase name="test_theme_translation_after_switching_locale" class="Tests_L10n_loadTextdomainJustInTime" file="/Users/msaari/wordpress-develop/tests/phpunit/tests/l10n/loadTextdomainJustInTime.php" line="192" assertions="1" time="0.014299"/>
      <testcase name="test_plugin_translation_with_user_locale" class="Tests_L10n_loadTextdomainJustInTime" file="/Users/msaari/wordpress-develop/tests/phpunit/tests/l10n/loadTextdomainJustInTime.php" line="209" assertions="1" time="0.007613"/>
      <testcase name="test_theme_translation_with_user_locale" class="Tests_L10n_loadTextdomainJustInTime" file="/Users/msaari/wordpress-develop/tests/phpunit/tests/l10n/loadTextdomainJustInTime.php" line="225" assertions="1" time="0.013835"/>
      <testcase name="test_get_locale_is_called_only_once_per_textdomain" class="Tests_L10n_loadTextdomainJustInTime" file="/Users/msaari/wordpress-develop/tests/phpunit/tests/l10n/loadTextdomainJustInTime.php" line="243" assertions="2" time="0.008491"/>
    </testsuite>
    <testsuite name="Tests_Locale_Switcher" file="/Users/msaari/wordpress-develop/tests/phpunit/tests/l10n/localeSwitcher.php" tests="23" assertions="37" failures="0" errors="0" time="0.123635">
      <testcase name="test_switch_to_non_existent_locale_returns_false" class="Tests_Locale_Switcher" file="/Users/msaari/wordpress-develop/tests/phpunit/tests/l10n/localeSwitcher.php" line="38" assertions="1" time="0.001840"/>
      <testcase name="test_switch_to_non_existent_locale_does_not_change_locale" class="Tests_Locale_Switcher" file="/Users/msaari/wordpress-develop/tests/phpunit/tests/l10n/localeSwitcher.php" line="42" assertions="1" time="0.001536"/>
      <testcase name="test_switch_to_locale_returns_true" class="Tests_Locale_Switcher" file="/Users/msaari/wordpress-develop/tests/phpunit/tests/l10n/localeSwitcher.php" line="48" assertions="1" time="0.003057"/>
      <testcase name="test_switch_to_locale_changes_the_locale" class="Tests_Locale_Switcher" file="/Users/msaari/wordpress-develop/tests/phpunit/tests/l10n/localeSwitcher.php" line="57" assertions="1" time="0.003314"/>
      <testcase name="test_switch_to_locale_loads_translation" class="Tests_Locale_Switcher" file="/Users/msaari/wordpress-develop/tests/phpunit/tests/l10n/localeSwitcher.php" line="68" assertions="1" time="0.003380"/>
      <testcase name="test_switch_to_locale_changes_wp_locale_global" class="Tests_Locale_Switcher" file="/Users/msaari/wordpress-develop/tests/phpunit/tests/l10n/localeSwitcher.php" line="79" assertions="1" time="0.003200"/>
      <testcase name="test_switch_to_locale_en_US" class="Tests_Locale_Switcher" file="/Users/msaari/wordpress-develop/tests/phpunit/tests/l10n/localeSwitcher.php" line="97" assertions="2" time="0.003557"/>
      <testcase name="test_switch_to_locale_multiple_times" class="Tests_Locale_Switcher" file="/Users/msaari/wordpress-develop/tests/phpunit/tests/l10n/localeSwitcher.php" line="110" assertions="1" time="0.005061"/>
      <testcase name="test_switch_to_locale_multiple_times_loads_translation" class="Tests_Locale_Switcher" file="/Users/msaari/wordpress-develop/tests/phpunit/tests/l10n/localeSwitcher.php" line="122" assertions="1" time="0.007499"/>
      <testcase name="test_restore_previous_locale_without_switching" class="Tests_Locale_Switcher" file="/Users/msaari/wordpress-develop/tests/phpunit/tests/l10n/localeSwitcher.php" line="137" assertions="1" time="0.001697"/>
      <testcase name="test_restore_previous_locale_changes_the_locale_back" class="Tests_Locale_Switcher" file="/Users/msaari/wordpress-develop/tests/phpunit/tests/l10n/localeSwitcher.php" line="141" assertions="1" time="0.003051"/>
      <testcase name="test_restore_previous_locale_after_switching_multiple_times" class="Tests_Locale_Switcher" file="/Users/msaari/wordpress-develop/tests/phpunit/tests/l10n/localeSwitcher.php" line="150" assertions="1" time="0.005425"/>
      <testcase name="test_restore_previous_locale_restores_translation" class="Tests_Locale_Switcher" file="/Users/msaari/wordpress-develop/tests/phpunit/tests/l10n/localeSwitcher.php" line="163" assertions="1" time="0.003356"/>
      <testcase name="test_restore_previous_locale_action_passes_previous_locale" class="Tests_Locale_Switcher" file="/Users/msaari/wordpress-develop/tests/phpunit/tests/l10n/localeSwitcher.php" line="172" assertions="1" time="0.004945"/>
      <testcase name="test_restore_previous_locale_restores_wp_locale_global" class="Tests_Locale_Switcher" file="/Users/msaari/wordpress-develop/tests/phpunit/tests/l10n/localeSwitcher.php" line="188" assertions="1" time="0.003007"/>
      <testcase name="test_restore_current_locale_without_switching" class="Tests_Locale_Switcher" file="/Users/msaari/wordpress-develop/tests/phpunit/tests/l10n/localeSwitcher.php" line="202" assertions="1" time="0.001556"/>
      <testcase name="test_restore_current_locale_after_switching_multiple_times" class="Tests_Locale_Switcher" file="/Users/msaari/wordpress-develop/tests/phpunit/tests/l10n/localeSwitcher.php" line="206" assertions="1" time="0.004462"/>
      <testcase name="test_is_locale_switched_if_not_switched" class="Tests_Locale_Switcher" file="/Users/msaari/wordpress-develop/tests/phpunit/tests/l10n/localeSwitcher.php" line="221" assertions="1" time="0.001673"/>
      <testcase name="test_is_locale_switched_original_locale" class="Tests_Locale_Switcher" file="/Users/msaari/wordpress-develop/tests/phpunit/tests/l10n/localeSwitcher.php" line="225" assertions="1" time="0.003595"/>
      <testcase name="test_is_locale_switched" class="Tests_Locale_Switcher" file="/Users/msaari/wordpress-develop/tests/phpunit/tests/l10n/localeSwitcher.php" line="238" assertions="1" time="0.003032"/>
      <testcase name="test_switch_to_site_locale_if_user_locale_is_set" class="Tests_Locale_Switcher" file="/Users/msaari/wordpress-develop/tests/phpunit/tests/l10n/localeSwitcher.php" line="249" assertions="7" time="0.018466"/>
      <testcase name="test_switch_to_different_site_locale_if_user_locale_is_set" class="Tests_Locale_Switcher" file="/Users/msaari/wordpress-develop/tests/phpunit/tests/l10n/localeSwitcher.php" line="297" assertions="7" time="0.018040"/>
      <testcase name="test_multiple_switches_to_site_locale_and_user_locale" class="Tests_Locale_Switcher" file="/Users/msaari/wordpress-develop/tests/phpunit/tests/l10n/localeSwitcher.php" line="350" assertions="2" time="0.018886"/>
    </testsuite>
    <testsuite name="Tests_Link" file="/Users/msaari/wordpress-develop/tests/phpunit/tests/link.php" tests="8" assertions="26" failures="0" errors="0" time="0.106759">
      <testcase name="test_get_pagenum_link_case_insensitivity" class="Tests_Link" file="/Users/msaari/wordpress-develop/tests/phpunit/tests/link.php" line="14" assertions="1" time="0.003699"/>
      <testcase name="test_wp_get_shortlink" class="Tests_Link" file="/Users/msaari/wordpress-develop/tests/phpunit/tests/link.php" line="29" assertions="16" time="0.027410"/>
      <testcase name="test_wp_get_shortlink_with_page" class="Tests_Link" file="/Users/msaari/wordpress-develop/tests/phpunit/tests/link.php" line="73" assertions="2" time="0.009051"/>
      <testcase name="test_wp_get_shortlink_with_home_page" class="Tests_Link" file="/Users/msaari/wordpress-develop/tests/phpunit/tests/link.php" line="88" assertions="2" time="0.019839"/>
      <testcase name="test_get_permalink_should_not_reveal_post_name_for_post_with_post_status_future" class="Tests_Link" file="/Users/msaari/wordpress-develop/tests/phpunit/tests/link.php" line="103" assertions="1" time="0.016088"/>
      <testcase name="test_get_permalink_should_not_reveal_post_name_for_cpt_with_post_status_future" class="Tests_Link" file="/Users/msaari/wordpress-develop/tests/phpunit/tests/link.php" line="123" assertions="1" time="0.006526"/>
      <testcase name="test_unattached_attachment_has_a_pretty_permalink" class="Tests_Link" file="/Users/msaari/wordpress-develop/tests/phpunit/tests/link.php" line="152" assertions="1" time="0.007431"/>
      <testcase name="test_attachment_attached_to_non_existent_post_type_has_a_pretty_permalink" class="Tests_Link" file="/Users/msaari/wordpress-develop/tests/phpunit/tests/link.php" line="174" assertions="2" time="0.016715"/>
    </testsuite>
    <testsuite name="Tests_Link_Admin" file="/Users/msaari/wordpress-develop/tests/phpunit/tests/link/adminUrl.php" tests="4" assertions="4" failures="0" errors="0" time="0.006685">
      <testcase name="test_self_admin_url" class="Tests_Link_Admin" file="/Users/msaari/wordpress-develop/tests/phpunit/tests/link/adminUrl.php" line="11" assertions="1" time="0.001862"/>
      <testcase name="test_self_admin_url_with_path" class="Tests_Link_Admin" file="/Users/msaari/wordpress-develop/tests/phpunit/tests/link/adminUrl.php" line="18" assertions="1" time="0.001828"/>
      <testcase name="test_self_admin_url_with_path_and_scheme" class="Tests_Link_Admin" file="/Users/msaari/wordpress-develop/tests/phpunit/tests/link/adminUrl.php" line="27" assertions="1" time="0.001540"/>
      <testcase name="test_self_admin_url_filtered" class="Tests_Link_Admin" file="/Users/msaari/wordpress-develop/tests/phpunit/tests/link/adminUrl.php" line="37" assertions="1" time="0.001455"/>
    </testsuite>
    <testsuite name="Tests_Link_GetAdjacentPost" file="/Users/msaari/wordpress-develop/tests/phpunit/tests/link/getAdjacentPost.php" tests="6" assertions="36" failures="0" errors="0" time="0.329196">
      <testcase name="test_get_adjacent_post" class="Tests_Link_GetAdjacentPost" file="/Users/msaari/wordpress-develop/tests/phpunit/tests/link/getAdjacentPost.php" line="12" assertions="14" time="0.079652"/>
      <testcase name="test_get_adjacent_post_exclude_self_term" class="Tests_Link_GetAdjacentPost" file="/Users/msaari/wordpress-develop/tests/phpunit/tests/link/getAdjacentPost.php" line="92" assertions="18" time="0.081341"/>
      <testcase name="test_get_adjacent_post_excluded_terms" class="Tests_Link_GetAdjacentPost" file="/Users/msaari/wordpress-develop/tests/phpunit/tests/link/getAdjacentPost.php" line="179" assertions="1" time="0.037906"/>
      <testcase name="test_get_adjacent_post_excluded_terms_should_not_require_posts_to_have_terms_in_any_taxonomy" class="Tests_Link_GetAdjacentPost" file="/Users/msaari/wordpress-develop/tests/phpunit/tests/link/getAdjacentPost.php" line="213" assertions="1" time="0.038180"/>
      <testcase name="test_get_adjacent_post_excluded_terms_filter" class="Tests_Link_GetAdjacentPost" file="/Users/msaari/wordpress-develop/tests/phpunit/tests/link/getAdjacentPost.php" line="250" assertions="1" time="0.046322"/>
      <testcase name="test_get_adjacent_post_excluded_terms_filter_should_apply_to_empty_excluded_terms_parameter" class="Tests_Link_GetAdjacentPost" file="/Users/msaari/wordpress-develop/tests/phpunit/tests/link/getAdjacentPost.php" line="284" assertions="1" time="0.045795"/>
    </testsuite>
    <testsuite name="Tests_Link_GetAdjacentPostLink" file="/Users/msaari/wordpress-develop/tests/phpunit/tests/link/getAdjacentPostLink.php" tests="6" assertions="6" failures="0" errors="0" time="0.373043">
      <testcase name="test_get_next_post_link_default" class="Tests_Link_GetAdjacentPostLink" file="/Users/msaari/wordpress-develop/tests/phpunit/tests/link/getAdjacentPostLink.php" line="56" assertions="1" time="0.050559"/>
      <testcase name="test_get_previous_post_link_default" class="Tests_Link_GetAdjacentPostLink" file="/Users/msaari/wordpress-develop/tests/phpunit/tests/link/getAdjacentPostLink.php" line="63" assertions="1" time="0.050393"/>
      <testcase name="test_get_next_post_link_same_category" class="Tests_Link_GetAdjacentPostLink" file="/Users/msaari/wordpress-develop/tests/phpunit/tests/link/getAdjacentPostLink.php" line="70" assertions="1" time="0.051894"/>
      <testcase name="test_get_previous_post_link_same_category" class="Tests_Link_GetAdjacentPostLink" file="/Users/msaari/wordpress-develop/tests/phpunit/tests/link/getAdjacentPostLink.php" line="77" assertions="1" time="0.102885"/>
      <testcase name="test_get_next_post_link_exclude_category" class="Tests_Link_GetAdjacentPostLink" file="/Users/msaari/wordpress-develop/tests/phpunit/tests/link/getAdjacentPostLink.php" line="84" assertions="1" time="0.065132"/>
      <testcase name="test_get_previous_post_link_exclude_category" class="Tests_Link_GetAdjacentPostLink" file="/Users/msaari/wordpress-develop/tests/phpunit/tests/link/getAdjacentPostLink.php" line="91" assertions="1" time="0.052180"/>
    </testsuite>
    <testsuite name="Tests_Link_GetDashboardUrl" file="/Users/msaari/wordpress-develop/tests/phpunit/tests/link/getDashboardUrl.php" tests="2" assertions="2" failures="0" errors="0" time="0.003900">
      <testcase name="test_get_dashboard_url_for_current_site_user" class="Tests_Link_GetDashboardUrl" file="/Users/msaari/wordpress-develop/tests/phpunit/tests/link/getDashboardUrl.php" line="24" assertions="1" time="0.002179"/>
      <testcase name="test_get_dashboard_url_for_user_with_no_sites" class="Tests_Link_GetDashboardUrl" file="/Users/msaari/wordpress-develop/tests/phpunit/tests/link/getDashboardUrl.php" line="31" assertions="1" time="0.001721"/>
    </testsuite>
    <testsuite name="Tests_Link_GetNextCommentsLink" file="/Users/msaari/wordpress-develop/tests/phpunit/tests/link/getNextCommentsLink.php" tests="2" assertions="2" failures="0" errors="0" time="0.027563">
      <testcase name="test_page_should_respect_value_of_cpage_query_var" class="Tests_Link_GetNextCommentsLink" file="/Users/msaari/wordpress-develop/tests/phpunit/tests/link/getNextCommentsLink.php" line="10" assertions="1" time="0.014354"/>
      <testcase name="test_page_should_default_to_1_when_no_cpage_query_var_is_found" class="Tests_Link_GetNextCommentsLink" file="/Users/msaari/wordpress-develop/tests/phpunit/tests/link/getNextCommentsLink.php" line="27" assertions="1" time="0.013209"/>
    </testsuite>
    <testsuite name="Tests_Link_GetPostCommentsFeedLink" file="/Users/msaari/wordpress-develop/tests/phpunit/tests/link/getPostCommentsFeedLink.php" tests="7" assertions="7" failures="0" errors="0" time="0.085628">
      <testcase name="test_post_link" class="Tests_Link_GetPostCommentsFeedLink" file="/Users/msaari/wordpress-develop/tests/phpunit/tests/link/getPostCommentsFeedLink.php" line="7" assertions="1" time="0.010381"/>
      <testcase name="test_post_pretty_link" class="Tests_Link_GetPostCommentsFeedLink" file="/Users/msaari/wordpress-develop/tests/phpunit/tests/link/getPostCommentsFeedLink.php" line="22" assertions="1" time="0.015363"/>
      <testcase name="test_attachment_link" class="Tests_Link_GetPostCommentsFeedLink" file="/Users/msaari/wordpress-develop/tests/phpunit/tests/link/getPostCommentsFeedLink.php" line="33" assertions="1" time="0.015600"/>
      <testcase name="test_attachment_pretty_link" class="Tests_Link_GetPostCommentsFeedLink" file="/Users/msaari/wordpress-develop/tests/phpunit/tests/link/getPostCommentsFeedLink.php" line="56" assertions="1" time="0.016085"/>
      <testcase name="test_attachment_no_name_pretty_link" class="Tests_Link_GetPostCommentsFeedLink" file="/Users/msaari/wordpress-develop/tests/phpunit/tests/link/getPostCommentsFeedLink.php" line="82" assertions="1" time="0.015892"/>
      <testcase name="test_unattached_link" class="Tests_Link_GetPostCommentsFeedLink" file="/Users/msaari/wordpress-develop/tests/phpunit/tests/link/getPostCommentsFeedLink.php" line="101" assertions="1" time="0.005434"/>
      <testcase name="test_unattached_pretty_link" class="Tests_Link_GetPostCommentsFeedLink" file="/Users/msaari/wordpress-develop/tests/phpunit/tests/link/getPostCommentsFeedLink.php" line="123" assertions="1" time="0.006873"/>
    </testsuite>
    <testsuite name="Tests_Link_GetPostTypeArchiveLink" file="/Users/msaari/wordpress-develop/tests/phpunit/tests/link/getPostTypeArchiveLink.php" tests="2" assertions="2" failures="0" errors="0" time="0.007042">
      <testcase name="test_get_post_archive_link_with_post_archive_on_front_page" class="Tests_Link_GetPostTypeArchiveLink" file="/Users/msaari/wordpress-develop/tests/phpunit/tests/link/getPostTypeArchiveLink.php" line="10" assertions="1" time="0.001797"/>
      <testcase name="test_get_post_archive_link_with_post_archive_on_a_blog_page" class="Tests_Link_GetPostTypeArchiveLink" file="/Users/msaari/wordpress-develop/tests/phpunit/tests/link/getPostTypeArchiveLink.php" line="20" assertions="1" time="0.005245"/>
    </testsuite>
    <testsuite name="Tests_Link_GetPreviewPostLink" file="/Users/msaari/wordpress-develop/tests/phpunit/tests/link/getPreviewPostLink.php" tests="6" assertions="8" failures="0" errors="0" time="0.049062">
      <testcase name="test_get_preview_post_link" class="Tests_Link_GetPreviewPostLink" file="/Users/msaari/wordpress-develop/tests/phpunit/tests/link/getPreviewPostLink.php" line="8" assertions="1" time="0.010467"/>
      <testcase name="test_get_preview_post_link_should_add_additional_query_vars" class="Tests_Link_GetPreviewPostLink" file="/Users/msaari/wordpress-develop/tests/phpunit/tests/link/getPreviewPostLink.php" line="14" assertions="1" time="0.010928"/>
      <testcase name="test_get_preview_post_link_should_use_custom_base_preview_link" class="Tests_Link_GetPreviewPostLink" file="/Users/msaari/wordpress-develop/tests/phpunit/tests/link/getPreviewPostLink.php" line="38" assertions="1" time="0.010250"/>
      <testcase name="test_get_preview_post_link_should_return_null_for_non_existent_post" class="Tests_Link_GetPreviewPostLink" file="/Users/msaari/wordpress-develop/tests/phpunit/tests/link/getPreviewPostLink.php" line="56" assertions="3" time="0.001881"/>
      <testcase name="test_get_preview_post_link_for_global_post" class="Tests_Link_GetPreviewPostLink" file="/Users/msaari/wordpress-develop/tests/phpunit/tests/link/getPreviewPostLink.php" line="62" assertions="1" time="0.010628"/>
      <testcase name="test_get_preview_post_link_should_return_empty_string_for_non_viewable_post_type" class="Tests_Link_GetPreviewPostLink" file="/Users/msaari/wordpress-develop/tests/phpunit/tests/link/getPreviewPostLink.php" line="70" assertions="1" time="0.004908"/>
    </testsuite>
    <testsuite name="Tests_Link_GetPreviousCommentsLink" file="/Users/msaari/wordpress-develop/tests/phpunit/tests/link/getPreviousCommentsLink.php" tests="2" assertions="2" failures="0" errors="0" time="0.025706">
      <testcase name="test_page_should_respect_value_of_cpage_query_var" class="Tests_Link_GetPreviousCommentsLink" file="/Users/msaari/wordpress-develop/tests/phpunit/tests/link/getPreviousCommentsLink.php" line="10" assertions="1" time="0.013194"/>
      <testcase name="test_page_should_default_to_1_when_no_cpage_query_var_is_found" class="Tests_Link_GetPreviousCommentsLink" file="/Users/msaari/wordpress-develop/tests/phpunit/tests/link/getPreviousCommentsLink.php" line="24" assertions="1" time="0.012512"/>
    </testsuite>
    <testsuite name="Tests_Link_GetThePrivacyPolicyLink" file="/Users/msaari/wordpress-develop/tests/phpunit/tests/link/getThePrivacyPolicyLink.php" tests="6" assertions="11" failures="0" errors="0" time="0.029965">
      <testcase name="test_get_the_privacy_policy_link_should_return_valid_link_when_privacy_page_set" class="Tests_Link_GetThePrivacyPolicyLink" file="/Users/msaari/wordpress-develop/tests/phpunit/tests/link/getThePrivacyPolicyLink.php" line="77" assertions="3" time="0.002452"/>
      <testcase name="test_get_the_privacy_policy_link_should_prepend_and_append_supplied_markup_when_privacy_page_set" class="Tests_Link_GetThePrivacyPolicyLink" file="/Users/msaari/wordpress-develop/tests/phpunit/tests/link/getThePrivacyPolicyLink.php" line="91" assertions="3" time="0.002458"/>
      <testcase name="test_get_the_privacy_policy_link_should_not_prepend_and_append_supplied_markup_when_privacy_page_not_set" class="Tests_Link_GetThePrivacyPolicyLink" file="/Users/msaari/wordpress-develop/tests/phpunit/tests/link/getThePrivacyPolicyLink.php" line="105" assertions="1" time="0.001880"/>
      <testcase name="test_function_should_return_empty_string_when_privacy_page_title_empty" class="Tests_Link_GetThePrivacyPolicyLink" file="/Users/msaari/wordpress-develop/tests/phpunit/tests/link/getThePrivacyPolicyLink.php" line="117" assertions="1" time="0.017606"/>
      <testcase name="test_get_the_privacy_policy_link_should_return_empty_string_when_privacy_page_not_set" class="Tests_Link_GetThePrivacyPolicyLink" file="/Users/msaari/wordpress-develop/tests/phpunit/tests/link/getThePrivacyPolicyLink.php" line="133" assertions="1" time="0.002423"/>
      <testcase name="test_get_the_privacy_policy_link_should_be_filterable" class="Tests_Link_GetThePrivacyPolicyLink" file="/Users/msaari/wordpress-develop/tests/phpunit/tests/link/getThePrivacyPolicyLink.php" line="140" assertions="2" time="0.003146"/>
    </testsuite>
    <testsuite name="Test_Theme_File" file="/Users/msaari/wordpress-develop/tests/phpunit/tests/link/themeFile.php" tests="24" assertions="48" failures="0" errors="0" time="0.101547">
      <testsuite name="Test_Theme_File::test_theme_file_uri_with_parent_theme" tests="4" assertions="8" failures="0" errors="0" time="0.023239">
        <testcase name="test_theme_file_uri_with_parent_theme with data set #0" assertions="2" time="0.007041"/>
        <testcase name="test_theme_file_uri_with_parent_theme with data set #1" assertions="2" time="0.005711"/>
        <testcase name="test_theme_file_uri_with_parent_theme with data set #2" assertions="2" time="0.005275"/>
        <testcase name="test_theme_file_uri_with_parent_theme with data set #3" assertions="2" time="0.005212"/>
      </testsuite>
      <testsuite name="Test_Theme_File::test_theme_file_uri_with_child_theme" tests="4" assertions="8" failures="0" errors="0" time="0.021165">
        <testcase name="test_theme_file_uri_with_child_theme with data set #0" assertions="2" time="0.005321"/>
        <testcase name="test_theme_file_uri_with_child_theme with data set #1" assertions="2" time="0.005424"/>
        <testcase name="test_theme_file_uri_with_child_theme with data set #2" assertions="2" time="0.005178"/>
        <testcase name="test_theme_file_uri_with_child_theme with data set #3" assertions="2" time="0.005242"/>
      </testsuite>
      <testsuite name="Test_Theme_File::test_theme_file_path_with_parent_theme" tests="4" assertions="8" failures="0" errors="0" time="0.021380">
        <testcase name="test_theme_file_path_with_parent_theme with data set #0" assertions="2" time="0.005361"/>
        <testcase name="test_theme_file_path_with_parent_theme with data set #1" assertions="2" time="0.005027"/>
        <testcase name="test_theme_file_path_with_parent_theme with data set #2" assertions="2" time="0.005291"/>
        <testcase name="test_theme_file_path_with_parent_theme with data set #3" assertions="2" time="0.005701"/>
      </testsuite>
      <testsuite name="Test_Theme_File::test_theme_file_path_with_child_theme" tests="4" assertions="8" failures="0" errors="0" time="0.021477">
        <testcase name="test_theme_file_path_with_child_theme with data set #0" assertions="2" time="0.005202"/>
        <testcase name="test_theme_file_path_with_child_theme with data set #1" assertions="2" time="0.005506"/>
        <testcase name="test_theme_file_path_with_child_theme with data set #2" assertions="2" time="0.005443"/>
        <testcase name="test_theme_file_path_with_child_theme with data set #3" assertions="2" time="0.005326"/>
      </testsuite>
      <testsuite name="Test_Theme_File::test_theme_file_existance" tests="4" assertions="8" failures="0" errors="0" time="0.006370">
        <testcase name="test_theme_file_existance with data set #0" assertions="2" time="0.001614"/>
        <testcase name="test_theme_file_existance with data set #1" assertions="2" time="0.001397"/>
        <testcase name="test_theme_file_existance with data set #2" assertions="2" time="0.001572"/>
        <testcase name="test_theme_file_existance with data set #3" assertions="2" time="0.001787"/>
      </testsuite>
      <testsuite name="Test_Theme_File::test_theme_file_uri_returns_valid_uri" tests="4" assertions="8" failures="0" errors="0" time="0.007915">
        <testcase name="test_theme_file_uri_returns_valid_uri with data set #0" assertions="2" time="0.002238"/>
        <testcase name="test_theme_file_uri_returns_valid_uri with data set #1" assertions="2" time="0.001908"/>
        <testcase name="test_theme_file_uri_returns_valid_uri with data set #2" assertions="2" time="0.001933"/>
        <testcase name="test_theme_file_uri_returns_valid_uri with data set #3" assertions="2" time="0.001836"/>
      </testsuite>
    </testsuite>
    <testsuite name="Tests_WpGetCanonicalURL" file="/Users/msaari/wordpress-develop/tests/phpunit/tests/link/wpGetCanonicalURL.php" tests="8" assertions="8" failures="0" errors="0" time="0.035950">
      <testcase name="test_non_existing_post" class="Tests_WpGetCanonicalURL" file="/Users/msaari/wordpress-develop/tests/phpunit/tests/link/wpGetCanonicalURL.php" line="22" assertions="1" time="0.001551"/>
      <testcase name="test_post_status" class="Tests_WpGetCanonicalURL" file="/Users/msaari/wordpress-develop/tests/phpunit/tests/link/wpGetCanonicalURL.php" line="29" assertions="1" time="0.010654"/>
      <testcase name="test_non_current_page" class="Tests_WpGetCanonicalURL" file="/Users/msaari/wordpress-develop/tests/phpunit/tests/link/wpGetCanonicalURL.php" line="42" assertions="1" time="0.001911"/>
      <testcase name="test_paged_with_plain_permalink_structure" class="Tests_WpGetCanonicalURL" file="/Users/msaari/wordpress-develop/tests/phpunit/tests/link/wpGetCanonicalURL.php" line="49" assertions="1" time="0.004570"/>
      <testcase name="test_paged_with_custom_permalink_structure" class="Tests_WpGetCanonicalURL" file="/Users/msaari/wordpress-develop/tests/phpunit/tests/link/wpGetCanonicalURL.php" line="73" assertions="1" time="0.006095"/>
      <testcase name="test_comments_paged_with_plain_permalink_structure" class="Tests_WpGetCanonicalURL" file="/Users/msaari/wordpress-develop/tests/phpunit/tests/link/wpGetCanonicalURL.php" line="95" assertions="1" time="0.003404"/>
      <testcase name="test_comments_paged_with_pretty_permalink_structure" class="Tests_WpGetCanonicalURL" file="/Users/msaari/wordpress-develop/tests/phpunit/tests/link/wpGetCanonicalURL.php" line="121" assertions="1" time="0.005782"/>
      <testcase name="test_get_canonical_url_filter" class="Tests_WpGetCanonicalURL" file="/Users/msaari/wordpress-develop/tests/phpunit/tests/link/wpGetCanonicalURL.php" line="145" assertions="1" time="0.001983"/>
    </testsuite>
    <testsuite name="Tests_Functions_Convert_Hr_To_Bytes" file="/Users/msaari/wordpress-develop/tests/phpunit/tests/load/convertHrToBytes.php" tests="15" assertions="15" failures="0" errors="0" time="0.022521">
      <testsuite name="Tests_Functions_Convert_Hr_To_Bytes::test_wp_convert_hr_to_bytes" tests="15" assertions="15" failures="0" errors="0" time="0.022521">
        <testcase name="test_wp_convert_hr_to_bytes with data set #0" assertions="1" time="0.001707"/>
        <testcase name="test_wp_convert_hr_to_bytes with data set #1" assertions="1" time="0.001616"/>
        <testcase name="test_wp_convert_hr_to_bytes with data set #2" assertions="1" time="0.001645"/>
        <testcase name="test_wp_convert_hr_to_bytes with data set #3" assertions="1" time="0.001425"/>
        <testcase name="test_wp_convert_hr_to_bytes with data set #4" assertions="1" time="0.001380"/>
        <testcase name="test_wp_convert_hr_to_bytes with data set #5" assertions="1" time="0.001438"/>
        <testcase name="test_wp_convert_hr_to_bytes with data set #6" assertions="1" time="0.001483"/>
        <testcase name="test_wp_convert_hr_to_bytes with data set #7" assertions="1" time="0.001467"/>
        <testcase name="test_wp_convert_hr_to_bytes with data set #8" assertions="1" time="0.001521"/>
        <testcase name="test_wp_convert_hr_to_bytes with data set #9" assertions="1" time="0.001400"/>
        <testcase name="test_wp_convert_hr_to_bytes with data set #10" assertions="1" time="0.001379"/>
        <testcase name="test_wp_convert_hr_to_bytes with data set #11" assertions="1" time="0.001400"/>
        <testcase name="test_wp_convert_hr_to_bytes with data set #12" assertions="1" time="0.001466"/>
        <testcase name="test_wp_convert_hr_to_bytes with data set #13" assertions="1" time="0.001682"/>
        <testcase name="test_wp_convert_hr_to_bytes with data set #14" assertions="1" time="0.001512"/>
      </testsuite>
    </testsuite>
    <testsuite name="Tests_Functions_Is_Ini_Value_Changeable" file="/Users/msaari/wordpress-develop/tests/phpunit/tests/load/isIniValueChangeable.php" tests="5" assertions="5" failures="0" errors="0" time="0.006937">
      <testsuite name="Tests_Functions_Is_Ini_Value_Changeable::test_wp_is_ini_value_changeable" tests="5" assertions="5" failures="0" errors="0" time="0.006937">
        <testcase name="test_wp_is_ini_value_changeable with data set #0" assertions="1" time="0.001377"/>
        <testcase name="test_wp_is_ini_value_changeable with data set #1" assertions="1" time="0.001449"/>
        <testcase name="test_wp_is_ini_value_changeable with data set #2" assertions="1" time="0.001402"/>
        <testcase name="test_wp_is_ini_value_changeable with data set #3" assertions="1" time="0.001361"/>
        <testcase name="test_wp_is_ini_value_changeable with data set #4" assertions="1" time="0.001348"/>
      </testsuite>
    </testsuite>
    <testsuite name="Tests_Locale" file="/Users/msaari/wordpress-develop/tests/phpunit/tests/locale.php" tests="10" assertions="64" failures="0" errors="0" time="0.002322">
      <testcase name="test_rtl_src_admin_notice" class="Tests_Locale" file="/Users/msaari/wordpress-develop/tests/phpunit/tests/locale.php" line="17" assertions="1" time="0.000306"/>
      <testcase name="test_get_weekday" class="Tests_Locale" file="/Users/msaari/wordpress-develop/tests/phpunit/tests/locale.php" line="22" assertions="7" time="0.000240"/>
      <testcase name="test_get_weekday_undefined_index" class="Tests_Locale" file="/Users/msaari/wordpress-develop/tests/phpunit/tests/locale.php" line="35" assertions="1" time="0.000262"/>
      <testcase name="test_get_weekday_initial" class="Tests_Locale" file="/Users/msaari/wordpress-develop/tests/phpunit/tests/locale.php" line="39" assertions="7" time="0.000227"/>
      <testcase name="test_get_weekday_abbrev" class="Tests_Locale" file="/Users/msaari/wordpress-develop/tests/phpunit/tests/locale.php" line="49" assertions="7" time="0.000223"/>
      <testcase name="test_get_month" class="Tests_Locale" file="/Users/msaari/wordpress-develop/tests/phpunit/tests/locale.php" line="59" assertions="12" time="0.000223"/>
      <testcase name="test_get_month_leading_zero" class="Tests_Locale" file="/Users/msaari/wordpress-develop/tests/phpunit/tests/locale.php" line="74" assertions="9" time="0.000212"/>
      <testcase name="test_get_month_abbrev" class="Tests_Locale" file="/Users/msaari/wordpress-develop/tests/phpunit/tests/locale.php" line="86" assertions="12" time="0.000222"/>
      <testcase name="test_get_meridiem" class="Tests_Locale" file="/Users/msaari/wordpress-develop/tests/phpunit/tests/locale.php" line="101" assertions="4" time="0.000205"/>
      <testcase name="test_is_rtl" class="Tests_Locale" file="/Users/msaari/wordpress-develop/tests/phpunit/tests/locale.php" line="108" assertions="4" time="0.000202"/>
    </testsuite>
    <testsuite name="Tests_Mail" file="/Users/msaari/wordpress-develop/tests/phpunit/tests/mail.php" tests="17" assertions="40" failures="0" errors="0" time="0.030842">
      <testcase name="test_wp_mail_break_it" class="Tests_Mail" file="/Users/msaari/wordpress-develop/tests/phpunit/tests/mail.php" line="25" assertions="1" time="0.001657"/>
      <testcase name="test_wp_mail_custom_boundaries" class="Tests_Mail" file="/Users/msaari/wordpress-develop/tests/phpunit/tests/mail.php" line="30" assertions="3" time="0.001721"/>
      <testcase name="test_wp_mail_rfc2822_addresses" class="Tests_Mail" file="/Users/msaari/wordpress-develop/tests/phpunit/tests/mail.php" line="91" assertions="7" time="0.001735"/>
      <testcase name="test_wp_mail_multiple_rfc2822_to_addresses" class="Tests_Mail" file="/Users/msaari/wordpress-develop/tests/phpunit/tests/mail.php" line="121" assertions="5" time="0.001651"/>
      <testcase name="test_wp_mail_multiple_to_addresses" class="Tests_Mail" file="/Users/msaari/wordpress-develop/tests/phpunit/tests/mail.php" line="138" assertions="3" time="0.001755"/>
      <testcase name="test_wp_mail_to_address_no_name" class="Tests_Mail" file="/Users/msaari/wordpress-develop/tests/phpunit/tests/mail.php" line="154" assertions="2" time="0.001711"/>
      <testcase name="test_wp_mail_return_value" class="Tests_Mail" file="/Users/msaari/wordpress-develop/tests/phpunit/tests/mail.php" line="169" assertions="3" time="0.002564"/>
      <testcase name="test_wp_mail_with_valid_from_header" class="Tests_Mail" file="/Users/msaari/wordpress-develop/tests/phpunit/tests/mail.php" line="183" assertions="1" time="0.001705"/>
      <testcase name="test_wp_mail_with_empty_from_header" class="Tests_Mail" file="/Users/msaari/wordpress-develop/tests/phpunit/tests/mail.php" line="199" assertions="1" time="0.001659"/>
      <testcase name="test_wp_mail_with_empty_from_name_for_the_from_header" class="Tests_Mail" file="/Users/msaari/wordpress-develop/tests/phpunit/tests/mail.php" line="215" assertions="1" time="0.001644"/>
      <testcase name="test_wp_mail_with_valid_content_type_header" class="Tests_Mail" file="/Users/msaari/wordpress-develop/tests/phpunit/tests/mail.php" line="231" assertions="1" time="0.001582"/>
      <testcase name="test_wp_mail_with_empty_content_type_header" class="Tests_Mail" file="/Users/msaari/wordpress-develop/tests/phpunit/tests/mail.php" line="247" assertions="1" time="0.001550"/>
      <testcase name="test_wp_mail_with_empty_charset_for_the_content_type_header" class="Tests_Mail" file="/Users/msaari/wordpress-develop/tests/phpunit/tests/mail.php" line="263" assertions="1" time="0.001563"/>
      <testcase name="test_wp_mail_content_transfer_encoding_in_quoted_printable_multipart" class="Tests_Mail" file="/Users/msaari/wordpress-develop/tests/phpunit/tests/mail.php" line="296" assertions="1" time="0.001884"/>
      <testcase name="test_wp_mail_addresses_arent_encoded" class="Tests_Mail" file="/Users/msaari/wordpress-develop/tests/phpunit/tests/mail.php" line="313" assertions="5" time="0.002130"/>
      <testcase name="test_wp_mail_sender_not_set" class="Tests_Mail" file="/Users/msaari/wordpress-develop/tests/phpunit/tests/mail.php" line="355" assertions="1" time="0.002406"/>
      <testcase name="test_phpmailer_exception_thrown" class="Tests_Mail" file="/Users/msaari/wordpress-develop/tests/phpunit/tests/mail.php" line="366" assertions="3" time="0.001925"/>
    </testsuite>
    <testsuite name="Tests_Media" file="/Users/msaari/wordpress-develop/tests/phpunit/tests/media.php" tests="105" assertions="213" failures="0" errors="0" time="2.910295">
      <testcase name="test_img_caption_shortcode_added" class="Tests_Media" file="/Users/msaari/wordpress-develop/tests/phpunit/tests/media.php" line="48" assertions="2" time="0.001476"/>
      <testcase name="test_img_caption_shortcode_with_empty_params" class="Tests_Media" file="/Users/msaari/wordpress-develop/tests/phpunit/tests/media.php" line="54" assertions="1" time="0.001544"/>
      <testcase name="test_img_caption_shortcode_with_empty_params_but_content" class="Tests_Media" file="/Users/msaari/wordpress-develop/tests/phpunit/tests/media.php" line="62" assertions="1" time="0.001513"/>
      <testcase name="test_img_caption_shortcode_short_circuit_filter" class="Tests_Media" file="/Users/msaari/wordpress-develop/tests/phpunit/tests/media.php" line="70" assertions="1" time="0.001482"/>
      <testcase name="test_img_caption_shortcode_empty_width" class="Tests_Media" file="/Users/msaari/wordpress-develop/tests/phpunit/tests/media.php" line="87" assertions="1" time="0.001406"/>
      <testcase name="test_img_caption_shortcode_empty_caption" class="Tests_Media" file="/Users/msaari/wordpress-develop/tests/phpunit/tests/media.php" line="100" assertions="1" time="0.001505"/>
      <testcase name="test_img_caption_shortcode_empty_caption_and_content" class="Tests_Media" file="/Users/msaari/wordpress-develop/tests/phpunit/tests/media.php" line="112" assertions="1" time="0.001498"/>
      <testcase name="test_img_caption_shortcode_with_old_format" class="Tests_Media" file="/Users/msaari/wordpress-develop/tests/phpunit/tests/media.php" line="122" assertions="4" time="0.001530"/>
      <testcase name="test_img_caption_shortcode_with_old_format_id_and_align" class="Tests_Media" file="/Users/msaari/wordpress-develop/tests/phpunit/tests/media.php" line="141" assertions="3" time="0.001548"/>
      <testcase name="test_img_caption_shortcode_with_old_format_and_class" class="Tests_Media" file="/Users/msaari/wordpress-develop/tests/phpunit/tests/media.php" line="155" assertions="1" time="0.001407"/>
      <testcase name="test_new_img_caption_shortcode_with_html_caption" class="Tests_Media" file="/Users/msaari/wordpress-develop/tests/phpunit/tests/media.php" line="167" assertions="1" time="0.001511"/>
      <testcase name="test_new_img_caption_shortcode_new_format" class="Tests_Media" file="/Users/msaari/wordpress-develop/tests/phpunit/tests/media.php" line="179" assertions="2" time="0.001429"/>
      <testcase name="test_new_img_caption_shortcode_new_format_and_linked_image" class="Tests_Media" file="/Users/msaari/wordpress-develop/tests/phpunit/tests/media.php" line="191" assertions="2" time="0.001656"/>
      <testcase name="test_new_img_caption_shortcode_new_format_and_linked_image_with_newline" class="Tests_Media" file="/Users/msaari/wordpress-develop/tests/phpunit/tests/media.php" line="204" assertions="2" time="0.001561"/>
      <testcase name="test_img_caption_shortcode_has_aria_describedby" class="Tests_Media" file="/Users/msaari/wordpress-develop/tests/phpunit/tests/media.php" line="220" assertions="1" time="0.001457"/>
      <testcase name="test_add_remove_oembed_provider" class="Tests_Media" file="/Users/msaari/wordpress-develop/tests/phpunit/tests/media.php" line="232" assertions="2" time="0.001427"/>
      <testcase name="test_autoembed_empty" class="Tests_Media" file="/Users/msaari/wordpress-develop/tests/phpunit/tests/media.php" line="241" assertions="1" time="0.001514"/>
      <testcase name="test_autoembed_no_paragraphs_around_urls" class="Tests_Media" file="/Users/msaari/wordpress-develop/tests/phpunit/tests/media.php" line="253" assertions="1" time="0.533652"/>
      <testsuite name="Tests_Media::test_autoembed" tests="10" assertions="10" failures="0" errors="0" time="0.015525">
        <testcase name="test_autoembed with data set #0" assertions="1" time="0.001878"/>
        <testcase name="test_autoembed with data set #1" assertions="1" time="0.001691"/>
        <testcase name="test_autoembed with data set #2" assertions="1" time="0.001559"/>
        <testcase name="test_autoembed with data set #3" assertions="1" time="0.001511"/>
        <testcase name="test_autoembed with data set #4" assertions="1" time="0.001486"/>
        <testcase name="test_autoembed with data set #5" assertions="1" time="0.001499"/>
        <testcase name="test_autoembed with data set #6" assertions="1" time="0.001512"/>
        <testcase name="test_autoembed with data set #7" assertions="1" time="0.001484"/>
        <testcase name="test_autoembed with data set #8" assertions="1" time="0.001470"/>
        <testcase name="test_autoembed with data set #9" assertions="1" time="0.001435"/>
      </testsuite>
      <testcase name="test_wp_prepare_attachment_for_js" class="Tests_Media" file="/Users/msaari/wordpress-develop/tests/phpunit/tests/media.php" line="338" assertions="15" time="0.019490"/>
      <testcase name="test_wp_prepare_attachment_for_js_without_image_sizes" class="Tests_Media" file="/Users/msaari/wordpress-develop/tests/phpunit/tests/media.php" line="392" assertions="1" time="0.005046"/>
      <testcase name="test_wp_convert_bytes_to_hr" class="Tests_Media" file="/Users/msaari/wordpress-develop/tests/phpunit/tests/media.php" line="423" assertions="15" time="0.001915"/>
      <testcase name="test_get_attached_images" class="Tests_Media" file="/Users/msaari/wordpress-develop/tests/phpunit/tests/media.php" line="461" assertions="1" time="0.017342"/>
      <testcase name="test_post_galleries_images" class="Tests_Media" file="/Users/msaari/wordpress-develop/tests/phpunit/tests/media.php" line="479" assertions="1" time="0.034362"/>
      <testcase name="test_post_galleries_images_without_global_post" class="Tests_Media" file="/Users/msaari/wordpress-develop/tests/phpunit/tests/media.php" line="530" assertions="1" time="0.014970"/>
      <testcase name="test_post_galleries_ignores_global_post" class="Tests_Media" file="/Users/msaari/wordpress-develop/tests/phpunit/tests/media.php" line="555" assertions="2" time="0.029292"/>
      <testcase name="test_post_galleries_respects_id_attrs" class="Tests_Media" file="/Users/msaari/wordpress-develop/tests/phpunit/tests/media.php" line="590" assertions="3" time="0.025512"/>
      <testcase name="test_post_gallery_images" class="Tests_Media" file="/Users/msaari/wordpress-develop/tests/phpunit/tests/media.php" line="629" assertions="1" time="0.034972"/>
      <testcase name="test_get_media_embedded_in_content" class="Tests_Media" file="/Users/msaari/wordpress-develop/tests/phpunit/tests/media.php" line="677" assertions="6" time="0.001880"/>
      <testcase name="test_get_media_embedded_in_content_order" class="Tests_Media" file="/Users/msaari/wordpress-develop/tests/phpunit/tests/media.php" line="741" assertions="2" time="0.002023"/>
      <testcase name="test_wp_audio_shortcode_with_empty_params" class="Tests_Media" file="/Users/msaari/wordpress-develop/tests/phpunit/tests/media.php" line="765" assertions="1" time="0.001766"/>
      <testcase name="test_wp_audio_shortcode_with_bad_attr" class="Tests_Media" file="/Users/msaari/wordpress-develop/tests/phpunit/tests/media.php" line="772" assertions="1" time="0.001632"/>
      <testcase name="test_wp_audio_shortcode_attributes" class="Tests_Media" file="/Users/msaari/wordpress-develop/tests/phpunit/tests/media.php" line="786" assertions="12" time="0.002210"/>
      <testcase name="test_video_shortcode_body" class="Tests_Media" file="/Users/msaari/wordpress-develop/tests/phpunit/tests/media.php" line="822" assertions="1" time="0.001930"/>
      <testcase name="test_wp_video_shortcode_with_empty_params" class="Tests_Media" file="/Users/msaari/wordpress-develop/tests/phpunit/tests/media.php" line="868" assertions="1" time="0.001577"/>
      <testcase name="test_wp_video_shortcode_with_bad_attr" class="Tests_Media" file="/Users/msaari/wordpress-develop/tests/phpunit/tests/media.php" line="876" assertions="1" time="0.001609"/>
      <testcase name="test_wp_video_shortcode_attributes" class="Tests_Media" file="/Users/msaari/wordpress-develop/tests/phpunit/tests/media.php" line="891" assertions="15" time="0.002152"/>
      <testcase name="test_wp_video_shortcode_youtube_remove_feature" class="Tests_Media" file="/Users/msaari/wordpress-develop/tests/phpunit/tests/media.php" line="933" assertions="1" time="0.001826"/>
      <testcase name="test_wp_video_shortcode_youtube_force_ssl" class="Tests_Media" file="/Users/msaari/wordpress-develop/tests/phpunit/tests/media.php" line="947" assertions="1" time="0.001819"/>
      <testcase name="test_wp_video_shortcode_vimeo_force_ssl_remove_query_args" class="Tests_Media" file="/Users/msaari/wordpress-develop/tests/phpunit/tests/media.php" line="961" assertions="2" time="0.001691"/>
      <testcase name="test_wp_video_shortcode_vimeo_adds_loop" class="Tests_Media" file="/Users/msaari/wordpress-develop/tests/phpunit/tests/media.php" line="976" assertions="1" time="0.001706"/>
      <testcase name="test_wp_video_shortcode_vimeo_force_adds_loop_true" class="Tests_Media" file="/Users/msaari/wordpress-develop/tests/phpunit/tests/media.php" line="990" assertions="1" time="0.002043"/>
      <testcase name="test_add_image_size" class="Tests_Media" file="/Users/msaari/wordpress-develop/tests/phpunit/tests/media.php" line="1004" assertions="4" time="0.001547"/>
      <testcase name="test_remove_image_size" class="Tests_Media" file="/Users/msaari/wordpress-develop/tests/phpunit/tests/media.php" line="1025" assertions="2" time="0.001513"/>
      <testcase name="test_has_image_size" class="Tests_Media" file="/Users/msaari/wordpress-develop/tests/phpunit/tests/media.php" line="1035" assertions="1" time="0.001466"/>
      <testcase name="test_attachment_url_to_postid" class="Tests_Media" file="/Users/msaari/wordpress-develop/tests/phpunit/tests/media.php" line="1046" assertions="1" time="0.005388"/>
      <testcase name="test_attachment_url_to_postid_schemes" class="Tests_Media" file="/Users/msaari/wordpress-develop/tests/phpunit/tests/media.php" line="1061" assertions="1" time="0.005754"/>
      <testcase name="test_attachment_url_to_postid_filtered" class="Tests_Media" file="/Users/msaari/wordpress-develop/tests/phpunit/tests/media.php" line="1079" assertions="1" time="0.005762"/>
      <testcase name="test_attachment_url_to_postid_with_empty_url" class="Tests_Media" file="/Users/msaari/wordpress-develop/tests/phpunit/tests/media.php" line="1104" assertions="2" time="0.002152"/>
      <testcase name="test_media_handle_upload_sets_post_excerpt" class="Tests_Media" file="/Users/msaari/wordpress-develop/tests/phpunit/tests/media.php" line="1113" assertions="1" time="0.014776"/>
      <testcase name="test_media_handle_upload_expected_titles" class="Tests_Media" file="/Users/msaari/wordpress-develop/tests/phpunit/tests/media.php" line="1152" assertions="1" time="0.014215"/>
      <testcase name="test_multiline_cdata" class="Tests_Media" file="/Users/msaari/wordpress-develop/tests/phpunit/tests/media.php" line="1191" assertions="1" time="0.001689"/>
      <testcase name="test_multiline_comment" class="Tests_Media" file="/Users/msaari/wordpress-develop/tests/phpunit/tests/media.php" line="1208" assertions="1" time="0.001541"/>
      <testcase name="test_multiline_comment_with_embeds" class="Tests_Media" file="/Users/msaari/wordpress-develop/tests/phpunit/tests/media.php" line="1225" assertions="1" time="0.851449"/>
      <testcase name="test_oembed_explicit_media_link" class="Tests_Media" file="/Users/msaari/wordpress-develop/tests/phpunit/tests/media.php" line="1268" assertions="2" time="0.511670"/>
      <testcase name="test_wp_get_attachment_image_defaults" class="Tests_Media" file="/Users/msaari/wordpress-develop/tests/phpunit/tests/media.php" line="1305" assertions="1" time="0.002466"/>
      <testcase name="test_wp_get_attachment_image_with_alt" class="Tests_Media" file="/Users/msaari/wordpress-develop/tests/phpunit/tests/media.php" line="1317" assertions="1" time="0.004024"/>
      <testcase name="test_wp_get_attachment_image_url" class="Tests_Media" file="/Users/msaari/wordpress-develop/tests/phpunit/tests/media.php" line="1333" assertions="2" time="0.015244"/>
      <testcase name="test_wp_get_attachment_caption" class="Tests_Media" file="/Users/msaari/wordpress-develop/tests/phpunit/tests/media.php" line="1354" assertions="3" time="0.014867"/>
      <testcase name="test_wp_get_attachment_caption_empty" class="Tests_Media" file="/Users/msaari/wordpress-develop/tests/phpunit/tests/media.php" line="1378" assertions="1" time="0.106402"/>
      <testcase name="test_wp_calculate_image_srcset" class="Tests_Media" file="/Users/msaari/wordpress-develop/tests/phpunit/tests/media.php" line="1428" assertions="4" time="0.002904"/>
      <testcase name="test_wp_calculate_image_srcset_no_date_uploads" class="Tests_Media" file="/Users/msaari/wordpress-develop/tests/phpunit/tests/media.php" line="1468" assertions="4" time="0.219768"/>
      <testcase name="test_wp_calculate_image_srcset_with_edits" class="Tests_Media" file="/Users/msaari/wordpress-develop/tests/phpunit/tests/media.php" line="1517" assertions="4" time="0.002535"/>
      <testcase name="test_wp_calculate_image_srcset_with_absolute_path_in_meta" class="Tests_Media" file="/Users/msaari/wordpress-develop/tests/phpunit/tests/media.php" line="1550" assertions="4" time="0.002267"/>
      <testcase name="test_wp_calculate_image_srcset_false" class="Tests_Media" file="/Users/msaari/wordpress-develop/tests/phpunit/tests/media.php" line="1593" assertions="1" time="0.001488"/>
      <testcase name="test_wp_calculate_image_srcset_no_width" class="Tests_Media" file="/Users/msaari/wordpress-develop/tests/phpunit/tests/media.php" line="1603" assertions="1" time="0.206206"/>
      <testcase name="test_wp_calculate_image_srcset_ratio_variance" class="Tests_Media" file="/Users/msaari/wordpress-develop/tests/phpunit/tests/media.php" line="1620" assertions="1" time="0.002137"/>
      <testcase name="test_wp_calculate_image_srcset_include_src" class="Tests_Media" file="/Users/msaari/wordpress-develop/tests/phpunit/tests/media.php" line="1665" assertions="1" time="0.001842"/>
      <testcase name="test_wp_calculate_image_srcset_corrupted_image_meta" class="Tests_Media" file="/Users/msaari/wordpress-develop/tests/phpunit/tests/media.php" line="1709" assertions="5" time="0.001857"/>
      <testcase name="test_wp_calculate_image_srcset_with_spaces_in_filenames" class="Tests_Media" file="/Users/msaari/wordpress-develop/tests/phpunit/tests/media.php" line="1783" assertions="1" time="0.001727"/>
      <testcase name="test_wp_get_attachment_image_srcset" class="Tests_Media" file="/Users/msaari/wordpress-develop/tests/phpunit/tests/media.php" line="1826" assertions="1" time="0.002133"/>
      <testcase name="test_wp_get_attachment_image_srcset_single_srcset" class="Tests_Media" file="/Users/msaari/wordpress-develop/tests/phpunit/tests/media.php" line="1865" assertions="1" time="0.002120"/>
      <testcase name="test_wp_get_attachment_image_srcset_invalidsize" class="Tests_Media" file="/Users/msaari/wordpress-develop/tests/phpunit/tests/media.php" line="1880" assertions="1" time="0.002434"/>
      <testcase name="test_wp_get_attachment_image_sizes" class="Tests_Media" file="/Users/msaari/wordpress-develop/tests/phpunit/tests/media.php" line="1896" assertions="4" time="0.002469"/>
      <testcase name="test_wp_calculate_image_sizes" class="Tests_Media" file="/Users/msaari/wordpress-develop/tests/phpunit/tests/media.php" line="1916" assertions="4" time="0.001990"/>
      <testcase name="test_wp_make_content_images_responsive" class="Tests_Media" file="/Users/msaari/wordpress-develop/tests/phpunit/tests/media.php" line="1939" assertions="1" time="0.002367"/>
      <testcase name="test_wp_make_content_images_responsive_wrong" class="Tests_Media" file="/Users/msaari/wordpress-develop/tests/phpunit/tests/media.php" line="2003" assertions="1" time="0.001810"/>
      <testcase name="test_wp_make_content_images_responsive_with_preexisting_srcset" class="Tests_Media" file="/Users/msaari/wordpress-develop/tests/phpunit/tests/media.php" line="2015" assertions="1" time="0.001747"/>
      <testcase name="test_wp_calculate_image_srcset_animated_gifs" class="Tests_Media" file="/Users/msaari/wordpress-develop/tests/phpunit/tests/media.php" line="2028" assertions="2" time="0.001502"/>
      <testcase name="test_wp_make_content_images_responsive_schemes" class="Tests_Media" file="/Users/msaari/wordpress-develop/tests/phpunit/tests/media.php" line="2072" assertions="1" time="0.002079"/>
      <testcase name="test_wp_get_attachment_image_with_https_on" class="Tests_Media" file="/Users/msaari/wordpress-develop/tests/phpunit/tests/media.php" line="2110" assertions="1" time="0.001407"/>
      <testcase name="test_get_image_send_to_editor_defaults" class="Tests_Media" file="/Users/msaari/wordpress-develop/tests/phpunit/tests/media.php" line="2150" assertions="2" time="0.001906"/>
      <testcase name="test_get_image_send_to_editor_defaults_with_optional_params" class="Tests_Media" file="/Users/msaari/wordpress-develop/tests/phpunit/tests/media.php" line="2170" assertions="1" time="0.001959"/>
      <testcase name="test_get_image_send_to_editor_defaults_no_caption_no_rel" class="Tests_Media" file="/Users/msaari/wordpress-develop/tests/phpunit/tests/media.php" line="2194" assertions="1" time="0.002175"/>
      <testcase name="test_wp_get_attachment_image_should_use_wp_get_attachment_metadata" class="Tests_Media" file="/Users/msaari/wordpress-develop/tests/phpunit/tests/media.php" line="2225" assertions="1" time="0.001988"/>
      <testcase name="test_return_type_when_inserting_attachment_with_error_in_data" class="Tests_Media" file="/Users/msaari/wordpress-develop/tests/phpunit/tests/media.php" line="2258" assertions="3" time="0.001613"/>
      <testcase name="test_wp_get_media_creation_timestamp_video_asf" class="Tests_Media" file="/Users/msaari/wordpress-develop/tests/phpunit/tests/media.php" line="2277" assertions="1" time="0.001459"/>
      <testcase name="test_wp_get_media_creation_timestamp_video_matroska" class="Tests_Media" file="/Users/msaari/wordpress-develop/tests/phpunit/tests/media.php" line="2293" assertions="1" time="0.001431"/>
      <testcase name="test_wp_get_media_creation_timestamp_video_quicktime" class="Tests_Media" file="/Users/msaari/wordpress-develop/tests/phpunit/tests/media.php" line="2311" assertions="1" time="0.001399"/>
      <testcase name="test_wp_get_media_creation_timestamp_video_webm" class="Tests_Media" file="/Users/msaari/wordpress-develop/tests/phpunit/tests/media.php" line="2331" assertions="1" time="0.001422"/>
      <testcase name="test_wp_read_video_metadata_adds_creation_date_with_quicktime" class="Tests_Media" file="/Users/msaari/wordpress-develop/tests/phpunit/tests/media.php" line="2349" assertions="1" time="0.012015"/>
      <testcase name="test_wp_read_video_metadata_adds_creation_date_with_mp4" class="Tests_Media" file="/Users/msaari/wordpress-develop/tests/phpunit/tests/media.php" line="2359" assertions="1" time="0.002575"/>
      <testcase name="test_wp_read_video_metadata_adds_creation_date_with_mkv" class="Tests_Media" file="/Users/msaari/wordpress-develop/tests/phpunit/tests/media.php" line="2369" assertions="1" time="0.006975"/>
      <testcase name="test_wp_read_video_metadata_adds_creation_date_with_webm" class="Tests_Media" file="/Users/msaari/wordpress-develop/tests/phpunit/tests/media.php" line="2379" assertions="1" time="0.003949"/>
      <testcase name="test_media_handle_upload_uses_post_parent_for_directory_date" class="Tests_Media" file="/Users/msaari/wordpress-develop/tests/phpunit/tests/media.php" line="2389" assertions="1" time="0.036917"/>
      <testcase name="test_media_handle_upload_ignores_page_parent_for_directory_date" class="Tests_Media" file="/Users/msaari/wordpress-develop/tests/phpunit/tests/media.php" line="2435" assertions="1" time="0.022392"/>
    </testsuite>
    <testsuite name="Tests_Media_GetAttachmentTaxonomies" file="/Users/msaari/wordpress-develop/tests/phpunit/tests/media/getAttachmentTaxonomies.php" tests="7" assertions="11" failures="0" errors="0" time="0.037343">
      <testcase name="test_should_return_attachment_taxonomy" class="Tests_Media_GetAttachmentTaxonomies" file="/Users/msaari/wordpress-develop/tests/phpunit/tests/media/getAttachmentTaxonomies.php" line="8" assertions="1" time="0.005041"/>
      <testcase name="test_should_return_taxonomy_registered_for_specific_attachment_type" class="Tests_Media_GetAttachmentTaxonomies" file="/Users/msaari/wordpress-develop/tests/phpunit/tests/media/getAttachmentTaxonomies.php" line="27" assertions="1" time="0.005651"/>
      <testcase name="test_should_return_taxonomy_registered_for_specific_attachment_mimetype" class="Tests_Media_GetAttachmentTaxonomies" file="/Users/msaari/wordpress-develop/tests/phpunit/tests/media/getAttachmentTaxonomies.php" line="46" assertions="1" time="0.005417"/>
      <testcase name="test_should_return_taxonomy_registered_for_specific_file_extension" class="Tests_Media_GetAttachmentTaxonomies" file="/Users/msaari/wordpress-develop/tests/phpunit/tests/media/getAttachmentTaxonomies.php" line="65" assertions="1" time="0.005180"/>
      <testcase name="test_should_not_return_duplicate_taxonomies" class="Tests_Media_GetAttachmentTaxonomies" file="/Users/msaari/wordpress-develop/tests/phpunit/tests/media/getAttachmentTaxonomies.php" line="84" assertions="1" time="0.005082"/>
      <testcase name="test_should_respect_output_objects" class="Tests_Media_GetAttachmentTaxonomies" file="/Users/msaari/wordpress-develop/tests/phpunit/tests/media/getAttachmentTaxonomies.php" line="106" assertions="3" time="0.005737"/>
      <testcase name="test_should_return_unique_taxonomies_for_output_objects" class="Tests_Media_GetAttachmentTaxonomies" file="/Users/msaari/wordpress-develop/tests/phpunit/tests/media/getAttachmentTaxonomies.php" line="130" assertions="3" time="0.005234"/>
    </testsuite>
    <testsuite name="Tests_Nav_Menu_Theme_Change" file="/Users/msaari/wordpress-develop/tests/phpunit/tests/menu/nav-menu.php" tests="8" assertions="8" failures="0" errors="0" time="0.011593">
      <testcase name="test_one_location_each" class="Tests_Nav_Menu_Theme_Change" file="/Users/msaari/wordpress-develop/tests/phpunit/tests/menu/nav-menu.php" line="36" assertions="1" time="0.001362"/>
      <testcase name="test_filter_registered_locations" class="Tests_Nav_Menu_Theme_Change" file="/Users/msaari/wordpress-develop/tests/phpunit/tests/menu/nav-menu.php" line="55" assertions="1" time="0.001676"/>
      <testcase name="test_locations_with_same_slug" class="Tests_Nav_Menu_Theme_Change" file="/Users/msaari/wordpress-develop/tests/phpunit/tests/menu/nav-menu.php" line="76" assertions="1" time="0.001548"/>
      <testcase name="test_new_theme_previously_active" class="Tests_Nav_Menu_Theme_Change" file="/Users/msaari/wordpress-develop/tests/phpunit/tests/menu/nav-menu.php" line="95" assertions="1" time="0.001502"/>
      <testcase name="test_location_guessing" class="Tests_Nav_Menu_Theme_Change" file="/Users/msaari/wordpress-develop/tests/phpunit/tests/menu/nav-menu.php" line="119" assertions="1" time="0.001417"/>
      <testcase name="test_location_guessing_one_menu_per_group" class="Tests_Nav_Menu_Theme_Change" file="/Users/msaari/wordpress-develop/tests/phpunit/tests/menu/nav-menu.php" line="142" assertions="1" time="0.001351"/>
      <testcase name="test_location_guessing_one_menu_per_location" class="Tests_Nav_Menu_Theme_Change" file="/Users/msaari/wordpress-develop/tests/phpunit/tests/menu/nav-menu.php" line="163" assertions="1" time="0.001368"/>
      <testcase name="test_numerical_locations" class="Tests_Nav_Menu_Theme_Change" file="/Users/msaari/wordpress-develop/tests/phpunit/tests/menu/nav-menu.php" line="186" assertions="1" time="0.001369"/>
    </testsuite>
    <testsuite name="Tests_Walker_Nav_Menu_Edit" file="/Users/msaari/wordpress-develop/tests/phpunit/tests/menu/walker-nav-menu-edit.php" tests="1" assertions="1" failures="0" errors="0" time="0.013097">
      <testcase name="test_original_title_prefix_should_not_be_shown_if_empty" class="Tests_Walker_Nav_Menu_Edit" file="/Users/msaari/wordpress-develop/tests/phpunit/tests/menu/walker-nav-menu-edit.php" line="34" assertions="1" time="0.013097"/>
    </testsuite>
    <testsuite name="Tests_Menu_WpAjaxMenuQuickSeach" file="/Users/msaari/wordpress-develop/tests/phpunit/tests/menu/wpAjaxMenuQuickSearch.php" tests="2" assertions="4" failures="0" errors="0" time="0.050644">
      <testcase name="test_search_returns_results_for_pages" class="Tests_Menu_WpAjaxMenuQuickSeach" file="/Users/msaari/wordpress-develop/tests/phpunit/tests/menu/wpAjaxMenuQuickSearch.php" line="38" assertions="2" time="0.013001"/>
      <testcase name="test_search_returns_results_for_published_posts" class="Tests_Menu_WpAjaxMenuQuickSeach" file="/Users/msaari/wordpress-develop/tests/phpunit/tests/menu/wpAjaxMenuQuickSearch.php" line="73" assertions="2" time="0.037643"/>
    </testsuite>
    <testsuite name="Tests_Menu_WpExpandNavMenuPostData" file="/Users/msaari/wordpress-develop/tests/phpunit/tests/menu/wpExpandNavMenuPostData.php" tests="3" assertions="3" failures="0" errors="0" time="0.006187">
      <testcase name="test_unnested_data_should_expand" class="Tests_Menu_WpExpandNavMenuPostData" file="/Users/msaari/wordpress-develop/tests/phpunit/tests/menu/wpExpandNavMenuPostData.php" line="8" assertions="1" time="0.002375"/>
      <testcase name="test_multidimensional_nested_array_should_expand" class="Tests_Menu_WpExpandNavMenuPostData" file="/Users/msaari/wordpress-develop/tests/phpunit/tests/menu/wpExpandNavMenuPostData.php" line="31" assertions="1" time="0.001966"/>
      <testcase name="test_multidimensional_nested_array_should_expand_and_merge" class="Tests_Menu_WpExpandNavMenuPostData" file="/Users/msaari/wordpress-develop/tests/phpunit/tests/menu/wpExpandNavMenuPostData.php" line="61" assertions="1" time="0.001846"/>
    </testsuite>
    <testsuite name="Tests_Meta" file="/Users/msaari/wordpress-develop/tests/phpunit/tests/meta.php" tests="18" assertions="94" failures="0" errors="0" time="0.368338">
      <testcase name="test_sanitize_meta" class="Tests_Meta" file="/Users/msaari/wordpress-develop/tests/phpunit/tests/meta.php" line="20" assertions="2" time="0.016103"/>
      <testcase name="test_delete_metadata_by_mid" class="Tests_Meta" file="/Users/msaari/wordpress-develop/tests/phpunit/tests/meta.php" line="29" assertions="5" time="0.017838"/>
      <testcase name="test_update_metadata_by_mid" class="Tests_Meta" file="/Users/msaari/wordpress-develop/tests/phpunit/tests/meta.php" line="44" assertions="13" time="0.020807"/>
      <testcase name="test_update_metadata_hooks_for_multiple_updated_rows" class="Tests_Meta" file="/Users/msaari/wordpress-develop/tests/phpunit/tests/meta.php" line="84" assertions="4" time="0.024470"/>
      <testcase name="test_metadata_exists" class="Tests_Meta" file="/Users/msaari/wordpress-develop/tests/phpunit/tests/meta.php" line="107" assertions="4" time="0.016937"/>
      <testcase name="test_metadata_exists_with_filter" class="Tests_Meta" file="/Users/msaari/wordpress-develop/tests/phpunit/tests/meta.php" line="117" assertions="2" time="0.024196"/>
      <testcase name="test_user_metadata_not_exists" class="Tests_Meta" file="/Users/msaari/wordpress-develop/tests/phpunit/tests/meta.php" line="128" assertions="5" time="0.021241"/>
      <testcase name="test_metadata_slashes" class="Tests_Meta" file="/Users/msaari/wordpress-develop/tests/phpunit/tests/meta.php" line="201" assertions="20" time="0.022434"/>
      <testcase name="test_meta_type_cast" class="Tests_Meta" file="/Users/msaari/wordpress-develop/tests/phpunit/tests/meta.php" line="234" assertions="6" time="0.041322"/>
      <testcase name="test_meta_cache_order_asc" class="Tests_Meta" file="/Users/msaari/wordpress-develop/tests/phpunit/tests/meta.php" line="304" assertions="10" time="0.027527"/>
      <testcase name="test_non_numeric_object_id" class="Tests_Meta" file="/Users/msaari/wordpress-develop/tests/phpunit/tests/meta.php" line="324" assertions="5" time="0.016696"/>
      <testcase name="test_non_numeric_meta_id" class="Tests_Meta" file="/Users/msaari/wordpress-develop/tests/phpunit/tests/meta.php" line="335" assertions="3" time="0.016193"/>
      <testcase name="test_negative_meta_id" class="Tests_Meta" file="/Users/msaari/wordpress-develop/tests/phpunit/tests/meta.php" line="344" assertions="4" time="0.016569"/>
      <testcase name="test_floating_meta_id" class="Tests_Meta" file="/Users/msaari/wordpress-develop/tests/phpunit/tests/meta.php" line="356" assertions="4" time="0.016232"/>
      <testcase name="test_string_point_zero_meta_id" class="Tests_Meta" file="/Users/msaari/wordpress-develop/tests/phpunit/tests/meta.php" line="368" assertions="4" time="0.018654"/>
      <testcase name="test_get_metadata_with_empty_key_array_value" class="Tests_Meta" file="/Users/msaari/wordpress-develop/tests/phpunit/tests/meta.php" line="382" assertions="1" time="0.017470"/>
      <testcase name="test_get_metadata_with_empty_key_object_value" class="Tests_Meta" file="/Users/msaari/wordpress-develop/tests/phpunit/tests/meta.php" line="394" assertions="1" time="0.016756"/>
      <testcase name="test_get_metadata_with_empty_key_nested_array_value" class="Tests_Meta" file="/Users/msaari/wordpress-develop/tests/phpunit/tests/meta.php" line="407" assertions="1" time="0.016893"/>
    </testsuite>
    <testsuite name="Tests_Meta_DeleteMetadata" file="/Users/msaari/wordpress-develop/tests/phpunit/tests/meta/deleteMetadata.php" tests="8" assertions="16" failures="0" errors="0" time="0.031966">
      <testcase name="test_all_metas_for_key_should_be_deleted_when_no_meta_value_is_provided" class="Tests_Meta_DeleteMetadata" file="/Users/msaari/wordpress-develop/tests/phpunit/tests/meta/deleteMetadata.php" line="7" assertions="2" time="0.003802"/>
      <testcase name="test_with_meta_value" class="Tests_Meta_DeleteMetadata" file="/Users/msaari/wordpress-develop/tests/phpunit/tests/meta/deleteMetadata.php" line="20" assertions="2" time="0.003722"/>
      <testcase name="test_with_falsey_meta_value_should_not_delete_all_meta" class="Tests_Meta_DeleteMetadata" file="/Users/msaari/wordpress-develop/tests/phpunit/tests/meta/deleteMetadata.php" line="38" assertions="2" time="0.003544"/>
      <testcase name="test_meta_value_should_be_ignored_when_empty_string" class="Tests_Meta_DeleteMetadata" file="/Users/msaari/wordpress-develop/tests/phpunit/tests/meta/deleteMetadata.php" line="58" assertions="2" time="0.004731"/>
      <testcase name="test_meta_value_should_be_ignored_when_null" class="Tests_Meta_DeleteMetadata" file="/Users/msaari/wordpress-develop/tests/phpunit/tests/meta/deleteMetadata.php" line="74" assertions="2" time="0.005266"/>
      <testcase name="test_meta_value_should_be_ignored_when_false" class="Tests_Meta_DeleteMetadata" file="/Users/msaari/wordpress-develop/tests/phpunit/tests/meta/deleteMetadata.php" line="90" assertions="2" time="0.004157"/>
      <testcase name="test_delete_all_should_only_invalidate_cache_for_objects_matching_meta_value" class="Tests_Meta_DeleteMetadata" file="/Users/msaari/wordpress-develop/tests/phpunit/tests/meta/deleteMetadata.php" line="106" assertions="2" time="0.003601"/>
      <testcase name="test_delete_all_should_invalidate_cache_for_all_objects_with_meta_key_when_meta_value_is_not_provided" class="Tests_Meta_DeleteMetadata" file="/Users/msaari/wordpress-develop/tests/phpunit/tests/meta/deleteMetadata.php" line="129" assertions="2" time="0.003143"/>
    </testsuite>
    <testsuite name="Tests_Meta_Query" file="/Users/msaari/wordpress-develop/tests/phpunit/tests/meta/query.php" tests="36" assertions="75" failures="0" errors="0" time="0.053922">
      <testcase name="test_empty_meta_query_param" class="Tests_Meta_Query" file="/Users/msaari/wordpress-develop/tests/phpunit/tests/meta/query.php" line="11" assertions="1" time="0.001401"/>
      <testcase name="test_default_relation" class="Tests_Meta_Query" file="/Users/msaari/wordpress-develop/tests/phpunit/tests/meta/query.php" line="16" assertions="1" time="0.001478"/>
      <testcase name="test_set_relation" class="Tests_Meta_Query" file="/Users/msaari/wordpress-develop/tests/phpunit/tests/meta/query.php" line="21" assertions="2" time="0.001436"/>
      <testcase name="test_invalid_query_clauses" class="Tests_Meta_Query" file="/Users/msaari/wordpress-develop/tests/phpunit/tests/meta/query.php" line="45" assertions="1" time="0.001410"/>
      <testcase name="test_single_inner_join_for_keys_only" class="Tests_Meta_Query" file="/Users/msaari/wordpress-develop/tests/phpunit/tests/meta/query.php" line="63" assertions="2" time="0.001486"/>
      <testcase name="test_parse_query_vars_simple_query_index_0" class="Tests_Meta_Query" file="/Users/msaari/wordpress-develop/tests/phpunit/tests/meta/query.php" line="101" assertions="2" time="0.001404"/>
      <testcase name="test_parse_query_vars_with_no_meta_value" class="Tests_Meta_Query" file="/Users/msaari/wordpress-develop/tests/phpunit/tests/meta/query.php" line="139" assertions="1" time="0.001346"/>
      <testcase name="test_parse_query_vars_with_default_meta_compare" class="Tests_Meta_Query" file="/Users/msaari/wordpress-develop/tests/phpunit/tests/meta/query.php" line="155" assertions="1" time="0.001383"/>
      <testcase name="test_parse_query_vars" class="Tests_Meta_Query" file="/Users/msaari/wordpress-develop/tests/phpunit/tests/meta/query.php" line="173" assertions="3" time="0.001584"/>
      <testcase name="test_get_cast_for_type" class="Tests_Meta_Query" file="/Users/msaari/wordpress-develop/tests/phpunit/tests/meta/query.php" line="227" assertions="26" time="0.001549"/>
      <testcase name="test_sanitize_query_single_query" class="Tests_Meta_Query" file="/Users/msaari/wordpress-develop/tests/phpunit/tests/meta/query.php" line="258" assertions="1" time="0.001550"/>
      <testcase name="test_sanitize_query_multiple_first_order_queries_relation_default" class="Tests_Meta_Query" file="/Users/msaari/wordpress-develop/tests/phpunit/tests/meta/query.php" line="280" assertions="1" time="0.001773"/>
      <testcase name="test_sanitize_query_multiple_first_order_queries_relation_or" class="Tests_Meta_Query" file="/Users/msaari/wordpress-develop/tests/phpunit/tests/meta/query.php" line="310" assertions="1" time="0.001494"/>
      <testcase name="test_sanitize_query_multiple_first_order_queries_relation_or_lowercase" class="Tests_Meta_Query" file="/Users/msaari/wordpress-develop/tests/phpunit/tests/meta/query.php" line="341" assertions="1" time="0.001478"/>
      <testcase name="test_sanitize_query_multiple_first_order_queries_invalid_relation" class="Tests_Meta_Query" file="/Users/msaari/wordpress-develop/tests/phpunit/tests/meta/query.php" line="372" assertions="1" time="0.001445"/>
      <testcase name="test_sanitize_query_single_query_which_is_a_nested_query" class="Tests_Meta_Query" file="/Users/msaari/wordpress-develop/tests/phpunit/tests/meta/query.php" line="403" assertions="1" time="0.001401"/>
      <testcase name="test_sanitize_query_multiple_nested_queries" class="Tests_Meta_Query" file="/Users/msaari/wordpress-develop/tests/phpunit/tests/meta/query.php" line="438" assertions="1" time="0.001452"/>
      <testcase name="test_get_sql_invalid_type" class="Tests_Meta_Query" file="/Users/msaari/wordpress-develop/tests/phpunit/tests/meta/query.php" line="498" assertions="1" time="0.001352"/>
      <testcase name="test_empty_value_sql" class="Tests_Meta_Query" file="/Users/msaari/wordpress-develop/tests/phpunit/tests/meta/query.php" line="506" assertions="1" time="0.001435"/>
      <testcase name="test_null_value_sql" class="Tests_Meta_Query" file="/Users/msaari/wordpress-develop/tests/phpunit/tests/meta/query.php" line="537" assertions="1" time="0.001428"/>
      <testcase name="test_get_sql_key_only_queries" class="Tests_Meta_Query" file="/Users/msaari/wordpress-develop/tests/phpunit/tests/meta/query.php" line="558" assertions="5" time="0.001831"/>
      <testcase name="test_get_sql_trim_key" class="Tests_Meta_Query" file="/Users/msaari/wordpress-develop/tests/phpunit/tests/meta/query.php" line="632" assertions="2" time="0.001812"/>
      <testcase name="test_convert_null_value_to_empty_string" class="Tests_Meta_Query" file="/Users/msaari/wordpress-develop/tests/phpunit/tests/meta/query.php" line="653" assertions="1" time="0.001701"/>
      <testcase name="test_get_sql_convert_lowercase_compare_to_uppercase" class="Tests_Meta_Query" file="/Users/msaari/wordpress-develop/tests/phpunit/tests/meta/query.php" line="670" assertions="1" time="0.001475"/>
      <testcase name="test_get_sql_empty_meta_compare_with_array_value" class="Tests_Meta_Query" file="/Users/msaari/wordpress-develop/tests/phpunit/tests/meta/query.php" line="688" assertions="1" time="0.001394"/>
      <testcase name="test_get_sql_empty_meta_compare_with_non_array_value" class="Tests_Meta_Query" file="/Users/msaari/wordpress-develop/tests/phpunit/tests/meta/query.php" line="705" assertions="1" time="0.001430"/>
      <testcase name="test_get_sql_invalid_meta_compare" class="Tests_Meta_Query" file="/Users/msaari/wordpress-develop/tests/phpunit/tests/meta/query.php" line="722" assertions="1" time="0.001454"/>
      <testcase name="test_get_sql_null_value_and_empty_key_should_not_have_table_join" class="Tests_Meta_Query" file="/Users/msaari/wordpress-develop/tests/phpunit/tests/meta/query.php" line="743" assertions="1" time="0.001403"/>
      <testcase name="test_get_sql_compare_array_comma_separated_values" class="Tests_Meta_Query" file="/Users/msaari/wordpress-develop/tests/phpunit/tests/meta/query.php" line="762" assertions="3" time="0.001471"/>
      <testcase name="test_get_sql_compare_array" class="Tests_Meta_Query" file="/Users/msaari/wordpress-develop/tests/phpunit/tests/meta/query.php" line="811" assertions="1" time="0.001442"/>
      <testcase name="test_get_sql_trim_string_value" class="Tests_Meta_Query" file="/Users/msaari/wordpress-develop/tests/phpunit/tests/meta/query.php" line="832" assertions="1" time="0.001671"/>
      <testcase name="test_not_exists" class="Tests_Meta_Query" file="/Users/msaari/wordpress-develop/tests/phpunit/tests/meta/query.php" line="849" assertions="2" time="0.001779"/>
      <testcase name="test_empty_compare" class="Tests_Meta_Query" file="/Users/msaari/wordpress-develop/tests/phpunit/tests/meta/query.php" line="872" assertions="2" time="0.001630"/>
      <testcase name="test_has_or_relation_should_return_false" class="Tests_Meta_Query" file="/Users/msaari/wordpress-develop/tests/phpunit/tests/meta/query.php" line="900" assertions="1" time="0.001402"/>
      <testcase name="test_has_or_relation_should_return_true_for_top_level_or" class="Tests_Meta_Query" file="/Users/msaari/wordpress-develop/tests/phpunit/tests/meta/query.php" line="928" assertions="1" time="0.001366"/>
      <testcase name="test_has_or_relation_should_return_true_for_nested_or" class="Tests_Meta_Query" file="/Users/msaari/wordpress-develop/tests/phpunit/tests/meta/query.php" line="956" assertions="1" time="0.001377"/>
    </testsuite>
    <testsuite name="Tests_Meta_Register_Meta" file="/Users/msaari/wordpress-develop/tests/phpunit/tests/meta/registerMeta.php" tests="50" assertions="80" failures="0" errors="0" time="0.115562">
      <testcase name="test_register_meta_back_compat_with_auth_callback_and_no_sanitize_callback_has_old_style_auth_filter" class="Tests_Meta_Register_Meta" file="/Users/msaari/wordpress-develop/tests/phpunit/tests/meta/registerMeta.php" line="42" assertions="1" time="0.002206"/>
      <testcase name="test_register_meta_back_compat_with_sanitize_callback_and_no_auth_callback_has_old_style_sanitize_filter" class="Tests_Meta_Register_Meta" file="/Users/msaari/wordpress-develop/tests/phpunit/tests/meta/registerMeta.php" line="51" assertions="1" time="0.002176"/>
      <testcase name="test_register_meta_back_compat_with_auth_and_sanitize_callback_has_old_style_filters" class="Tests_Meta_Register_Meta" file="/Users/msaari/wordpress-develop/tests/phpunit/tests/meta/registerMeta.php" line="59" assertions="1" time="0.001779"/>
      <testcase name="test_register_meta_with_post_object_type_returns_true" class="Tests_Meta_Register_Meta" file="/Users/msaari/wordpress-develop/tests/phpunit/tests/meta/registerMeta.php" line="76" assertions="1" time="0.001614"/>
      <testcase name="test_register_meta_with_post_object_type_populates_wp_meta_keys" class="Tests_Meta_Register_Meta" file="/Users/msaari/wordpress-develop/tests/phpunit/tests/meta/registerMeta.php" line="83" assertions="1" time="0.001622"/>
      <testcase name="test_register_meta_with_term_object_type_populates_wp_meta_keys" class="Tests_Meta_Register_Meta" file="/Users/msaari/wordpress-develop/tests/phpunit/tests/meta/registerMeta.php" line="108" assertions="1" time="0.002002"/>
      <testcase name="test_register_meta_with_deprecated_sanitize_callback_does_not_populate_wp_meta_keys" class="Tests_Meta_Register_Meta" file="/Users/msaari/wordpress-develop/tests/phpunit/tests/meta/registerMeta.php" line="132" assertions="1" time="0.002415"/>
      <testcase name="test_register_meta_with_deprecated_sanitize_callback_param_returns_false" class="Tests_Meta_Register_Meta" file="/Users/msaari/wordpress-develop/tests/phpunit/tests/meta/registerMeta.php" line="143" assertions="1" time="0.001701"/>
      <testcase name="test_register_meta_with_deprecated_sanitize_callback_parameter_passes_through_filter" class="Tests_Meta_Register_Meta" file="/Users/msaari/wordpress-develop/tests/phpunit/tests/meta/registerMeta.php" line="152" assertions="1" time="0.001471"/>
      <testcase name="test_register_meta_with_current_sanitize_callback_populates_wp_meta_keys" class="Tests_Meta_Register_Meta" file="/Users/msaari/wordpress-develop/tests/phpunit/tests/meta/registerMeta.php" line="162" assertions="1" time="0.001439"/>
      <testcase name="test_register_meta_with_current_sanitize_callback_returns_true" class="Tests_Meta_Register_Meta" file="/Users/msaari/wordpress-develop/tests/phpunit/tests/meta/registerMeta.php" line="185" assertions="1" time="0.001384"/>
      <testcase name="test_register_meta_with_new_sanitize_callback_parameter" class="Tests_Meta_Register_Meta" file="/Users/msaari/wordpress-develop/tests/phpunit/tests/meta/registerMeta.php" line="192" assertions="1" time="0.001403"/>
      <testcase name="test_register_meta_unregistered_meta_key_removes_sanitize_filter" class="Tests_Meta_Register_Meta" file="/Users/msaari/wordpress-develop/tests/phpunit/tests/meta/registerMeta.php" line="201" assertions="1" time="0.001404"/>
      <testcase name="test_register_meta_unregistered_meta_key_removes_auth_filter" class="Tests_Meta_Register_Meta" file="/Users/msaari/wordpress-develop/tests/phpunit/tests/meta/registerMeta.php" line="210" assertions="1" time="0.001369"/>
      <testcase name="test_unregister_meta_key_clears_key_from_wp_meta_keys" class="Tests_Meta_Register_Meta" file="/Users/msaari/wordpress-develop/tests/phpunit/tests/meta/registerMeta.php" line="219" assertions="1" time="0.001460"/>
      <testcase name="test_unregister_meta_key_with_invalid_key_returns_false" class="Tests_Meta_Register_Meta" file="/Users/msaari/wordpress-develop/tests/phpunit/tests/meta/registerMeta.php" line="227" assertions="1" time="0.001475"/>
      <testcase name="test_get_registered_meta_keys" class="Tests_Meta_Register_Meta" file="/Users/msaari/wordpress-develop/tests/phpunit/tests/meta/registerMeta.php" line="231" assertions="2" time="0.001825"/>
      <testcase name="test_get_registered_meta_keys_with_invalid_type_is_empty" class="Tests_Meta_Register_Meta" file="/Users/msaari/wordpress-develop/tests/phpunit/tests/meta/registerMeta.php" line="244" assertions="1" time="0.001712"/>
      <testcase name="test_get_registered_meta_keys_description_arg" class="Tests_Meta_Register_Meta" file="/Users/msaari/wordpress-develop/tests/phpunit/tests/meta/registerMeta.php" line="256" assertions="1" time="0.001570"/>
      <testcase name="test_get_registered_meta_keys_invalid_arg" class="Tests_Meta_Register_Meta" file="/Users/msaari/wordpress-develop/tests/phpunit/tests/meta/registerMeta.php" line="266" assertions="1" time="0.001468"/>
      <testcase name="test_get_registered_metadata" class="Tests_Meta_Register_Meta" file="/Users/msaari/wordpress-develop/tests/phpunit/tests/meta/registerMeta.php" line="276" assertions="1" time="0.002925"/>
      <testcase name="test_get_registered_metadata_by_key" class="Tests_Meta_Register_Meta" file="/Users/msaari/wordpress-develop/tests/phpunit/tests/meta/registerMeta.php" line="287" assertions="1" time="0.002696"/>
      <testcase name="test_get_registered_metadata_by_key_single" class="Tests_Meta_Register_Meta" file="/Users/msaari/wordpress-develop/tests/phpunit/tests/meta/registerMeta.php" line="298" assertions="1" time="0.002599"/>
      <testcase name="test_get_registered_metadata_by_invalid_key" class="Tests_Meta_Register_Meta" file="/Users/msaari/wordpress-develop/tests/phpunit/tests/meta/registerMeta.php" line="309" assertions="1" time="0.002502"/>
      <testcase name="test_get_registered_metadata_invalid_object_type_returns_empty_array" class="Tests_Meta_Register_Meta" file="/Users/msaari/wordpress-develop/tests/phpunit/tests/meta/registerMeta.php" line="320" assertions="1" time="0.002334"/>
      <testsuite name="Tests_Meta_Register_Meta::test_register_meta_with_subtype_populates_wp_meta_keys" tests="4" assertions="4" failures="0" errors="0" time="0.007181">
        <testcase name="test_register_meta_with_subtype_populates_wp_meta_keys with data set #0" assertions="1" time="0.001994"/>
        <testcase name="test_register_meta_with_subtype_populates_wp_meta_keys with data set #1" assertions="1" time="0.001813"/>
        <testcase name="test_register_meta_with_subtype_populates_wp_meta_keys with data set #2" assertions="1" time="0.001823"/>
        <testcase name="test_register_meta_with_subtype_populates_wp_meta_keys with data set #3" assertions="1" time="0.001551"/>
      </testsuite>
      <testsuite name="Tests_Meta_Register_Meta::test_unregister_meta_with_subtype_unpopulates_wp_meta_keys" tests="4" assertions="4" failures="0" errors="0" time="0.005913">
        <testcase name="test_unregister_meta_with_subtype_unpopulates_wp_meta_keys with data set #0" assertions="1" time="0.001436"/>
        <testcase name="test_unregister_meta_with_subtype_unpopulates_wp_meta_keys with data set #1" assertions="1" time="0.001429"/>
        <testcase name="test_unregister_meta_with_subtype_unpopulates_wp_meta_keys with data set #2" assertions="1" time="0.001427"/>
        <testcase name="test_unregister_meta_with_subtype_unpopulates_wp_meta_keys with data set #3" assertions="1" time="0.001621"/>
      </testsuite>
      <testsuite name="Tests_Meta_Register_Meta::test_unregister_meta_without_subtype_keeps_subtype_meta_key" tests="4" assertions="4" failures="0" errors="0" time="0.006785">
        <testcase name="test_unregister_meta_without_subtype_keeps_subtype_meta_key with data set #0" assertions="1" time="0.002084"/>
        <testcase name="test_unregister_meta_without_subtype_keeps_subtype_meta_key with data set #1" assertions="1" time="0.001657"/>
        <testcase name="test_unregister_meta_without_subtype_keeps_subtype_meta_key with data set #2" assertions="1" time="0.001531"/>
        <testcase name="test_unregister_meta_without_subtype_keeps_subtype_meta_key with data set #3" assertions="1" time="0.001513"/>
      </testsuite>
      <testsuite name="Tests_Meta_Register_Meta::test_get_registered_meta_keys_with_subtype" tests="4" assertions="12" failures="0" errors="0" time="0.006024">
        <testcase name="test_get_registered_meta_keys_with_subtype with data set #0" assertions="3" time="0.001530"/>
        <testcase name="test_get_registered_meta_keys_with_subtype with data set #1" assertions="3" time="0.001546"/>
        <testcase name="test_get_registered_meta_keys_with_subtype with data set #2" assertions="3" time="0.001518"/>
        <testcase name="test_get_registered_meta_keys_with_subtype with data set #3" assertions="3" time="0.001430"/>
      </testsuite>
      <testsuite name="Tests_Meta_Register_Meta::test_get_registered_metadata_with_subtype" tests="4" assertions="24" failures="0" errors="0" time="0.033893">
        <testcase name="test_get_registered_metadata_with_subtype with data set #0" assertions="6" time="0.003230"/>
        <testcase name="test_get_registered_metadata_with_subtype with data set #1" assertions="6" time="0.023144"/>
        <testcase name="test_get_registered_metadata_with_subtype with data set #2" assertions="6" time="0.003397"/>
        <testcase name="test_get_registered_metadata_with_subtype with data set #3" assertions="6" time="0.004122"/>
      </testsuite>
      <testsuite name="Tests_Meta_Register_Meta::test_get_object_subtype" tests="4" assertions="4" failures="0" errors="0" time="0.007830">
        <testcase name="test_get_object_subtype with data set #0" assertions="1" time="0.002065"/>
        <testcase name="test_get_object_subtype with data set #1" assertions="1" time="0.002121"/>
        <testcase name="test_get_object_subtype with data set #2" assertions="1" time="0.001731"/>
        <testcase name="test_get_object_subtype with data set #3" assertions="1" time="0.001913"/>
      </testsuite>
      <testcase name="test_get_object_subtype_custom" class="Tests_Meta_Register_Meta" file="/Users/msaari/wordpress-develop/tests/phpunit/tests/meta/registerMeta.php" line="497" assertions="2" time="0.001385"/>
    </testsuite>
    <testsuite name="Tests_Meta_Slashes" file="/Users/msaari/wordpress-develop/tests/phpunit/tests/meta/slashes.php" tests="7" assertions="37" failures="0" errors="0" time="0.124953">
      <testcase name="test_edit_post" class="Tests_Meta_Slashes" file="/Users/msaari/wordpress-develop/tests/phpunit/tests/meta/slashes.php" line="36" assertions="7" time="0.045547"/>
      <testcase name="test_add_post_meta" class="Tests_Meta_Slashes" file="/Users/msaari/wordpress-develop/tests/phpunit/tests/meta/slashes.php" line="110" assertions="3" time="0.011732"/>
      <testcase name="test_update_post_meta" class="Tests_Meta_Slashes" file="/Users/msaari/wordpress-develop/tests/phpunit/tests/meta/slashes.php" line="124" assertions="3" time="0.014752"/>
      <testcase name="test_add_comment_meta" class="Tests_Meta_Slashes" file="/Users/msaari/wordpress-develop/tests/phpunit/tests/meta/slashes.php" line="138" assertions="6" time="0.004504"/>
      <testcase name="test_update_comment_meta" class="Tests_Meta_Slashes" file="/Users/msaari/wordpress-develop/tests/phpunit/tests/meta/slashes.php" line="161" assertions="6" time="0.007843"/>
      <testcase name="test_add_user_meta" class="Tests_Meta_Slashes" file="/Users/msaari/wordpress-develop/tests/phpunit/tests/meta/slashes.php" line="188" assertions="6" time="0.018242"/>
      <testcase name="test_update_user_meta" class="Tests_Meta_Slashes" file="/Users/msaari/wordpress-develop/tests/phpunit/tests/meta/slashes.php" line="211" assertions="6" time="0.022333"/>
    </testsuite>
    <testsuite name="Tests_Meta_UpdateMetadata" file="/Users/msaari/wordpress-develop/tests/phpunit/tests/meta/updateMetadata.php" tests="2" assertions="2" failures="0" errors="0" time="0.005769">
      <testcase name="test_slashed_key_for_new_metadata" class="Tests_Meta_UpdateMetadata" file="/Users/msaari/wordpress-develop/tests/phpunit/tests/meta/updateMetadata.php" line="11" assertions="1" time="0.002794"/>
      <testcase name="test_slashed_key_for_existing_metadata" class="Tests_Meta_UpdateMetadata" file="/Users/msaari/wordpress-develop/tests/phpunit/tests/meta/updateMetadata.php" line="21" assertions="1" time="0.002975"/>
    </testsuite>
    <testsuite name="Tests_WP_Embed" file="/Users/msaari/wordpress-develop/tests/phpunit/tests/oembed/WpEmbed.php" tests="24" assertions="42" failures="0" errors="0" time="0.620144">
      <testcase name="test_maybe_run_ajax_cache_should_return_nothing_if_there_is_no_post" class="Tests_WP_Embed" file="/Users/msaari/wordpress-develop/tests/phpunit/tests/oembed/WpEmbed.php" line="24" assertions="1" time="0.000228"/>
      <testcase name="test_maybe_run_ajax_cache_should_return_nothing_if_there_is_no_message" class="Tests_WP_Embed" file="/Users/msaari/wordpress-develop/tests/phpunit/tests/oembed/WpEmbed.php" line="29" assertions="1" time="0.009576"/>
      <testcase name="test_maybe_run_ajax_cache_should_return_javascript" class="Tests_WP_Embed" file="/Users/msaari/wordpress-develop/tests/phpunit/tests/oembed/WpEmbed.php" line="42" assertions="1" time="0.009825"/>
      <testcase name="test_wp_maybe_load_embeds" class="Tests_WP_Embed" file="/Users/msaari/wordpress-develop/tests/phpunit/tests/oembed/WpEmbed.php" line="59" assertions="3" time="0.000205"/>
      <testcase name="test_wp_embed_register_handler" class="Tests_WP_Embed" file="/Users/msaari/wordpress-develop/tests/phpunit/tests/oembed/WpEmbed.php" line="76" assertions="1" time="0.000194"/>
      <testcase name="test_wp_embed_unregister_handler" class="Tests_WP_Embed" file="/Users/msaari/wordpress-develop/tests/phpunit/tests/oembed/WpEmbed.php" line="94" assertions="2" time="0.000196"/>
      <testcase name="test_autoembed_should_do_nothing_without_matching_handler" class="Tests_WP_Embed" file="/Users/msaari/wordpress-develop/tests/phpunit/tests/oembed/WpEmbed.php" line="107" assertions="1" time="0.252377"/>
      <testcase name="test_autoembed_should_return_modified_content" class="Tests_WP_Embed" file="/Users/msaari/wordpress-develop/tests/phpunit/tests/oembed/WpEmbed.php" line="114" assertions="1" time="0.000272"/>
      <testcase name="test_delete_oembed_caches" class="Tests_WP_Embed" file="/Users/msaari/wordpress-develop/tests/phpunit/tests/oembed/WpEmbed.php" line="129" assertions="2" time="0.014849"/>
      <testcase name="test_cache_oembed_invalid_post_type" class="Tests_WP_Embed" file="/Users/msaari/wordpress-develop/tests/phpunit/tests/oembed/WpEmbed.php" line="142" assertions="1" time="0.004740"/>
      <testcase name="test_cache_oembed_empty_content" class="Tests_WP_Embed" file="/Users/msaari/wordpress-develop/tests/phpunit/tests/oembed/WpEmbed.php" line="149" assertions="1" time="0.010605"/>
      <testcase name="test_cache_oembed_for_post" class="Tests_WP_Embed" file="/Users/msaari/wordpress-develop/tests/phpunit/tests/oembed/WpEmbed.php" line="156" assertions="3" time="0.014753"/>
      <testcase name="test_shortcode_should_get_cached_data_from_post_meta_for_known_post" class="Tests_WP_Embed" file="/Users/msaari/wordpress-develop/tests/phpunit/tests/oembed/WpEmbed.php" line="174" assertions="3" time="0.012469"/>
      <testcase name="test_shortcode_should_get_cached_failure_from_post_meta_for_known_post" class="Tests_WP_Embed" file="/Users/msaari/wordpress-develop/tests/phpunit/tests/oembed/WpEmbed.php" line="201" assertions="4" time="0.012256"/>
      <testcase name="test_shortcode_should_cache_data_in_custom_post" class="Tests_WP_Embed" file="/Users/msaari/wordpress-develop/tests/phpunit/tests/oembed/WpEmbed.php" line="236" assertions="4" time="0.007954"/>
      <testcase name="test_shortcode_should_cache_failure_in_custom_post" class="Tests_WP_Embed" file="/Users/msaari/wordpress-develop/tests/phpunit/tests/oembed/WpEmbed.php" line="262" assertions="4" time="0.008249"/>
      <testcase name="test_shortcode_should_update_custom_post" class="Tests_WP_Embed" file="/Users/msaari/wordpress-develop/tests/phpunit/tests/oembed/WpEmbed.php" line="290" assertions="2" time="0.007516"/>
      <testcase name="test_shortcode_should_get_url_from_src_attribute" class="Tests_WP_Embed" file="/Users/msaari/wordpress-develop/tests/phpunit/tests/oembed/WpEmbed.php" line="319" assertions="1" time="0.251746"/>
      <testcase name="test_shortcode_should_return_empty_string_for_missing_url" class="Tests_WP_Embed" file="/Users/msaari/wordpress-develop/tests/phpunit/tests/oembed/WpEmbed.php" line="326" assertions="1" time="0.000231"/>
      <testcase name="test_shortcode_should_make_link_for_unknown_url" class="Tests_WP_Embed" file="/Users/msaari/wordpress-develop/tests/phpunit/tests/oembed/WpEmbed.php" line="330" assertions="1" time="0.000954"/>
      <testcase name="test_run_shortcode_url_only" class="Tests_WP_Embed" file="/Users/msaari/wordpress-develop/tests/phpunit/tests/oembed/WpEmbed.php" line="337" assertions="1" time="0.000297"/>
      <testcase name="test_maybe_make_link" class="Tests_WP_Embed" file="/Users/msaari/wordpress-develop/tests/phpunit/tests/oembed/WpEmbed.php" line="343" assertions="1" time="0.000236"/>
      <testcase name="test_maybe_make_link_return_false_on_fail" class="Tests_WP_Embed" file="/Users/msaari/wordpress-develop/tests/phpunit/tests/oembed/WpEmbed.php" line="350" assertions="1" time="0.000203"/>
      <testcase name="test_maybe_make_link_do_not_link_if_unknown" class="Tests_WP_Embed" file="/Users/msaari/wordpress-develop/tests/phpunit/tests/oembed/WpEmbed.php" line="355" assertions="1" time="0.000213"/>
    </testsuite>
    <testsuite name="Test_oEmbed_Controller" file="/Users/msaari/wordpress-develop/tests/phpunit/tests/oembed/controller.php" tests="22" assertions="114" failures="0" errors="0" time="0.272628">
      <testcase name="test_wp_oembed_ensure_format" class="Test_oEmbed_Controller" file="/Users/msaari/wordpress-develop/tests/phpunit/tests/oembed/controller.php" line="118" assertions="5" time="0.004012"/>
      <testcase name="test_oembed_create_xml" class="Test_oEmbed_Controller" file="/Users/msaari/wordpress-develop/tests/phpunit/tests/oembed/controller.php" line="126" assertions="4" time="0.015789"/>
      <testcase name="test_route_availability" class="Test_oEmbed_Controller" file="/Users/msaari/wordpress-develop/tests/phpunit/tests/oembed/controller.php" line="183" assertions="11" time="0.004314"/>
      <testcase name="test_request_with_wrong_method" class="Test_oEmbed_Controller" file="/Users/msaari/wordpress-develop/tests/phpunit/tests/oembed/controller.php" line="203" assertions="1" time="0.004675"/>
      <testcase name="test_request_without_url_param" class="Test_oEmbed_Controller" file="/Users/msaari/wordpress-develop/tests/phpunit/tests/oembed/controller.php" line="212" assertions="2" time="0.004119"/>
      <testcase name="test_request_with_bad_url" class="Test_oEmbed_Controller" file="/Users/msaari/wordpress-develop/tests/phpunit/tests/oembed/controller.php" line="222" assertions="1" time="0.003986"/>
      <testcase name="test_request_invalid_format" class="Test_oEmbed_Controller" file="/Users/msaari/wordpress-develop/tests/phpunit/tests/oembed/controller.php" line="232" assertions="2" time="0.016645"/>
      <testcase name="test_request_json" class="Test_oEmbed_Controller" file="/Users/msaari/wordpress-develop/tests/phpunit/tests/oembed/controller.php" line="246" assertions="18" time="0.028315"/>
      <testcase name="test_request_static_front_page" class="Test_oEmbed_Controller" file="/Users/msaari/wordpress-develop/tests/phpunit/tests/oembed/controller.php" line="291" assertions="18" time="0.009594"/>
      <testcase name="test_request_xml" class="Test_oEmbed_Controller" file="/Users/msaari/wordpress-develop/tests/phpunit/tests/oembed/controller.php" line="333" assertions="18" time="0.029895"/>
      <testcase name="test_rest_pre_serve_request" class="Test_oEmbed_Controller" file="/Users/msaari/wordpress-develop/tests/phpunit/tests/oembed/controller.php" line="403" assertions="1" time="0.028266"/>
      <testcase name="test_rest_pre_serve_request_wrong_format" class="Test_oEmbed_Controller" file="/Users/msaari/wordpress-develop/tests/phpunit/tests/oembed/controller.php" line="427" assertions="1" time="0.014324"/>
      <testcase name="test_rest_pre_serve_request_wrong_method" class="Test_oEmbed_Controller" file="/Users/msaari/wordpress-develop/tests/phpunit/tests/oembed/controller.php" line="439" assertions="1" time="0.025886"/>
      <testcase name="test_get_oembed_endpoint_url" class="Test_oEmbed_Controller" file="/Users/msaari/wordpress-develop/tests/phpunit/tests/oembed/controller.php" line="451" assertions="5" time="0.030365"/>
      <testcase name="test_get_oembed_endpoint_url_pretty_permalinks" class="Test_oEmbed_Controller" file="/Users/msaari/wordpress-develop/tests/phpunit/tests/oembed/controller.php" line="464" assertions="4" time="0.014891"/>
      <testcase name="test_proxy_without_permission" class="Test_oEmbed_Controller" file="/Users/msaari/wordpress-develop/tests/phpunit/tests/oembed/controller.php" line="480" assertions="3" time="0.005137"/>
      <testcase name="test_proxy_with_invalid_oembed_provider" class="Test_oEmbed_Controller" file="/Users/msaari/wordpress-develop/tests/phpunit/tests/oembed/controller.php" line="498" assertions="2" time="0.006044"/>
      <testcase name="test_proxy_with_invalid_type" class="Test_oEmbed_Controller" file="/Users/msaari/wordpress-develop/tests/phpunit/tests/oembed/controller.php" line="508" assertions="1" time="0.004391"/>
      <testcase name="test_proxy_with_valid_oembed_provider" class="Test_oEmbed_Controller" file="/Users/msaari/wordpress-develop/tests/phpunit/tests/oembed/controller.php" line="517" assertions="10" time="0.007234"/>
      <testcase name="test_proxy_with_invalid_oembed_provider_no_discovery" class="Test_oEmbed_Controller" file="/Users/msaari/wordpress-develop/tests/phpunit/tests/oembed/controller.php" line="553" assertions="2" time="0.005277"/>
      <testcase name="test_proxy_with_invalid_oembed_provider_with_default_discover_param" class="Test_oEmbed_Controller" file="/Users/msaari/wordpress-develop/tests/phpunit/tests/oembed/controller.php" line="565" assertions="2" time="0.004953"/>
      <testcase name="test_proxy_with_invalid_discover_param" class="Test_oEmbed_Controller" file="/Users/msaari/wordpress-develop/tests/phpunit/tests/oembed/controller.php" line="576" assertions="2" time="0.004516"/>
    </testsuite>
    <testsuite name="Tests_oEmbed_Discovery" file="/Users/msaari/wordpress-develop/tests/phpunit/tests/oembed/discovery.php" tests="6" assertions="17" failures="0" errors="0" time="0.045554">
      <testcase name="test_add_oembed_discovery_links_non_singular" class="Tests_oEmbed_Discovery" file="/Users/msaari/wordpress-develop/tests/phpunit/tests/oembed/discovery.php" line="7" assertions="1" time="0.001843"/>
      <testcase name="test_add_oembed_discovery_links_front_page" class="Tests_oEmbed_Discovery" file="/Users/msaari/wordpress-develop/tests/phpunit/tests/oembed/discovery.php" line="11" assertions="2" time="0.002696"/>
      <testcase name="test_add_oembed_discovery_links_static_front_page" class="Tests_oEmbed_Discovery" file="/Users/msaari/wordpress-develop/tests/phpunit/tests/oembed/discovery.php" line="20" assertions="4" time="0.007340"/>
      <testcase name="test_add_oembed_discovery_links_to_post" class="Tests_oEmbed_Discovery" file="/Users/msaari/wordpress-develop/tests/phpunit/tests/oembed/discovery.php" line="43" assertions="3" time="0.012961"/>
      <testcase name="test_add_oembed_discovery_links_to_page" class="Tests_oEmbed_Discovery" file="/Users/msaari/wordpress-develop/tests/phpunit/tests/oembed/discovery.php" line="54" assertions="3" time="0.005977"/>
      <testcase name="test_add_oembed_discovery_links_to_attachment" class="Tests_oEmbed_Discovery" file="/Users/msaari/wordpress-develop/tests/phpunit/tests/oembed/discovery.php" line="69" assertions="4" time="0.014737"/>
    </testsuite>
    <testsuite name="Tests_Filter_oEmbed_Result" file="/Users/msaari/wordpress-develop/tests/phpunit/tests/oembed/filterResult.php" tests="11" assertions="17" failures="0" errors="0" time="0.017486">
      <testcase name="test_filter_oembed_result_trusted_malicious_iframe" class="Tests_Filter_oEmbed_Result" file="/Users/msaari/wordpress-develop/tests/phpunit/tests/oembed/filterResult.php" line="7" assertions="1" time="0.001877"/>
      <testcase name="test_filter_oembed_result_with_untrusted_provider" class="Tests_Filter_oEmbed_Result" file="/Users/msaari/wordpress-develop/tests/phpunit/tests/oembed/filterResult.php" line="15" assertions="3" time="0.001644"/>
      <testcase name="test_filter_oembed_result_only_one_iframe_is_allowed" class="Tests_Filter_oEmbed_Result" file="/Users/msaari/wordpress-develop/tests/phpunit/tests/oembed/filterResult.php" line="27" assertions="1" time="0.001466"/>
      <testcase name="test_filter_oembed_result_with_newlines" class="Tests_Filter_oEmbed_Result" file="/Users/msaari/wordpress-develop/tests/phpunit/tests/oembed/filterResult.php" line="34" assertions="1" time="0.001467"/>
      <testcase name="test_filter_oembed_result_without_iframe" class="Tests_Filter_oEmbed_Result" file="/Users/msaari/wordpress-develop/tests/phpunit/tests/oembed/filterResult.php" line="47" assertions="2" time="0.001546"/>
      <testcase name="test_filter_oembed_result_secret_param_available" class="Tests_Filter_oEmbed_Result" file="/Users/msaari/wordpress-develop/tests/phpunit/tests/oembed/filterResult.php" line="59" assertions="3" time="0.001530"/>
      <testcase name="test_filter_oembed_result_wrong_type_provided" class="Tests_Filter_oEmbed_Result" file="/Users/msaari/wordpress-develop/tests/phpunit/tests/oembed/filterResult.php" line="71" assertions="1" time="0.001364"/>
      <testcase name="test_filter_oembed_result_invalid_result" class="Tests_Filter_oEmbed_Result" file="/Users/msaari/wordpress-develop/tests/phpunit/tests/oembed/filterResult.php" line="77" assertions="2" time="0.001502"/>
      <testcase name="test_filter_oembed_result_blockquote_adds_style_to_iframe" class="Tests_Filter_oEmbed_Result" file="/Users/msaari/wordpress-develop/tests/phpunit/tests/oembed/filterResult.php" line="82" assertions="1" time="0.001744"/>
      <testcase name="test_filter_oembed_result_allowed_html" class="Tests_Filter_oEmbed_Result" file="/Users/msaari/wordpress-develop/tests/phpunit/tests/oembed/filterResult.php" line="89" assertions="1" time="0.001782"/>
      <testcase name="test_filter_feed_content" class="Tests_Filter_oEmbed_Result" file="/Users/msaari/wordpress-develop/tests/phpunit/tests/oembed/filterResult.php" line="99" assertions="1" time="0.001564"/>
    </testsuite>
    <testsuite name="Tests_oEmbed_Response_Data" file="/Users/msaari/wordpress-develop/tests/phpunit/tests/oembed/getResponseData.php" tests="12" assertions="23" failures="0" errors="0" time="0.147550">
      <testcase name="test_get_oembed_response_data_non_existent_post" class="Tests_oEmbed_Response_Data" file="/Users/msaari/wordpress-develop/tests/phpunit/tests/oembed/getResponseData.php" line="7" assertions="1" time="0.001347"/>
      <testcase name="test_get_oembed_response_data" class="Tests_oEmbed_Response_Data" file="/Users/msaari/wordpress-develop/tests/phpunit/tests/oembed/getResponseData.php" line="11" assertions="1" time="0.011411"/>
      <testcase name="test_get_oembed_response_data_author" class="Tests_oEmbed_Response_Data" file="/Users/msaari/wordpress-develop/tests/phpunit/tests/oembed/getResponseData.php" line="40" assertions="1" time="0.025160"/>
      <testcase name="test_get_oembed_response_link" class="Tests_oEmbed_Response_Data" file="/Users/msaari/wordpress-develop/tests/phpunit/tests/oembed/getResponseData.php" line="73" assertions="1" time="0.011822"/>
      <testcase name="test_get_oembed_response_data_with_draft_post" class="Tests_oEmbed_Response_Data" file="/Users/msaari/wordpress-develop/tests/phpunit/tests/oembed/getResponseData.php" line="100" assertions="1" time="0.009411"/>
      <testcase name="test_get_oembed_response_data_with_scheduled_post" class="Tests_oEmbed_Response_Data" file="/Users/msaari/wordpress-develop/tests/phpunit/tests/oembed/getResponseData.php" line="110" assertions="1" time="0.010551"/>
      <testcase name="test_get_oembed_response_data_with_private_post" class="Tests_oEmbed_Response_Data" file="/Users/msaari/wordpress-develop/tests/phpunit/tests/oembed/getResponseData.php" line="121" assertions="1" time="0.011523"/>
      <testcase name="test_get_oembed_response_data_maxwidth_too_high" class="Tests_oEmbed_Response_Data" file="/Users/msaari/wordpress-develop/tests/phpunit/tests/oembed/getResponseData.php" line="131" assertions="2" time="0.011592"/>
      <testcase name="test_get_oembed_response_data_maxwidth_too_low" class="Tests_oEmbed_Response_Data" file="/Users/msaari/wordpress-develop/tests/phpunit/tests/oembed/getResponseData.php" line="140" assertions="2" time="0.010996"/>
      <testcase name="test_get_oembed_response_data_maxwidth_invalid" class="Tests_oEmbed_Response_Data" file="/Users/msaari/wordpress-develop/tests/phpunit/tests/oembed/getResponseData.php" line="149" assertions="4" time="0.012015"/>
      <testcase name="test_get_oembed_response_data_with_thumbnail" class="Tests_oEmbed_Response_Data" file="/Users/msaari/wordpress-develop/tests/phpunit/tests/oembed/getResponseData.php" line="163" assertions="4" time="0.016151"/>
      <testcase name="test_get_oembed_response_data_for_attachment" class="Tests_oEmbed_Response_Data" file="/Users/msaari/wordpress-develop/tests/phpunit/tests/oembed/getResponseData.php" line="183" assertions="4" time="0.015571"/>
    </testsuite>
    <testsuite name="Tests_Post_Embed_URL" file="/Users/msaari/wordpress-develop/tests/phpunit/tests/oembed/postEmbedUrl.php" tests="7" assertions="9" failures="0" errors="0" time="0.071950">
      <testcase name="test_non_existent_post" class="Tests_Post_Embed_URL" file="/Users/msaari/wordpress-develop/tests/phpunit/tests/oembed/postEmbedUrl.php" line="7" assertions="1" time="0.001708"/>
      <testcase name="test_with_pretty_permalinks" class="Tests_Post_Embed_URL" file="/Users/msaari/wordpress-develop/tests/phpunit/tests/oembed/postEmbedUrl.php" line="12" assertions="1" time="0.014065"/>
      <testcase name="test_with_ugly_permalinks" class="Tests_Post_Embed_URL" file="/Users/msaari/wordpress-develop/tests/phpunit/tests/oembed/postEmbedUrl.php" line="22" assertions="1" time="0.012135"/>
      <testcase name="test_static_front_page" class="Tests_Post_Embed_URL" file="/Users/msaari/wordpress-develop/tests/phpunit/tests/oembed/postEmbedUrl.php" line="33" assertions="1" time="0.009315"/>
      <testcase name="test_static_front_page_with_ugly_permalinks" class="Tests_Post_Embed_URL" file="/Users/msaari/wordpress-develop/tests/phpunit/tests/oembed/postEmbedUrl.php" line="51" assertions="1" time="0.006673"/>
      <testcase name="test_page_conflicts_with_embed_slug" class="Tests_Post_Embed_URL" file="/Users/msaari/wordpress-develop/tests/phpunit/tests/oembed/postEmbedUrl.php" line="67" assertions="2" time="0.009448"/>
      <testcase name="test_static_front_page_conflicts_with_embed_slug" class="Tests_Post_Embed_URL" file="/Users/msaari/wordpress-develop/tests/phpunit/tests/oembed/postEmbedUrl.php" line="89" assertions="2" time="0.018606"/>
    </testsuite>
    <testsuite name="Tests_Embed_Template" file="/Users/msaari/wordpress-develop/tests/phpunit/tests/oembed/template.php" tests="18" assertions="57" failures="0" errors="0" time="0.206954">
      <testcase name="test_oembed_output_post" class="Tests_Embed_Template" file="/Users/msaari/wordpress-develop/tests/phpunit/tests/oembed/template.php" line="7" assertions="6" time="0.032897"/>
      <testcase name="test_oembed_output_post_with_thumbnail" class="Tests_Embed_Template" file="/Users/msaari/wordpress-develop/tests/phpunit/tests/oembed/template.php" line="36" assertions="7" time="0.020165"/>
      <testcase name="test_oembed_output_404" class="Tests_Embed_Template" file="/Users/msaari/wordpress-develop/tests/phpunit/tests/oembed/template.php" line="69" assertions="4" time="0.002633"/>
      <testcase name="test_oembed_output_attachment" class="Tests_Embed_Template" file="/Users/msaari/wordpress-develop/tests/phpunit/tests/oembed/template.php" line="84" assertions="8" time="0.016361"/>
      <testcase name="test_oembed_output_draft_post" class="Tests_Embed_Template" file="/Users/msaari/wordpress-develop/tests/phpunit/tests/oembed/template.php" line="113" assertions="4" time="0.012136"/>
      <testcase name="test_oembed_output_scheduled_post" class="Tests_Embed_Template" file="/Users/msaari/wordpress-develop/tests/phpunit/tests/oembed/template.php" line="136" assertions="4" time="0.012750"/>
      <testcase name="test_oembed_output_private_post" class="Tests_Embed_Template" file="/Users/msaari/wordpress-develop/tests/phpunit/tests/oembed/template.php" line="160" assertions="4" time="0.012655"/>
      <testcase name="test_oembed_output_private_post_with_permissions" class="Tests_Embed_Template" file="/Users/msaari/wordpress-develop/tests/phpunit/tests/oembed/template.php" line="183" assertions="6" time="0.029002"/>
      <testcase name="test_wp_embed_excerpt_more_no_embed" class="Tests_Embed_Template" file="/Users/msaari/wordpress-develop/tests/phpunit/tests/oembed/template.php" line="211" assertions="1" time="0.001615"/>
      <testcase name="test_wp_embed_excerpt_more" class="Tests_Embed_Template" file="/Users/msaari/wordpress-develop/tests/phpunit/tests/oembed/template.php" line="217" assertions="2" time="0.014024"/>
      <testcase name="test_is_embed_post" class="Tests_Embed_Template" file="/Users/msaari/wordpress-develop/tests/phpunit/tests/oembed/template.php" line="239" assertions="2" time="0.013267"/>
      <testcase name="test_is_embed_attachment" class="Tests_Embed_Template" file="/Users/msaari/wordpress-develop/tests/phpunit/tests/oembed/template.php" line="247" assertions="1" time="0.017478"/>
      <testcase name="test_is_embed_404" class="Tests_Embed_Template" file="/Users/msaari/wordpress-develop/tests/phpunit/tests/oembed/template.php" line="261" assertions="1" time="0.003056"/>
      <testcase name="test_get_post_embed_html_non_existent_post" class="Tests_Embed_Template" file="/Users/msaari/wordpress-develop/tests/phpunit/tests/oembed/template.php" line="266" assertions="2" time="0.001649"/>
      <testcase name="test_get_post_embed_html" class="Tests_Embed_Template" file="/Users/msaari/wordpress-develop/tests/phpunit/tests/oembed/template.php" line="271" assertions="1" time="0.012280"/>
      <testcase name="test_add_host_js" class="Tests_Embed_Template" file="/Users/msaari/wordpress-develop/tests/phpunit/tests/oembed/template.php" line="286" assertions="1" time="0.001645"/>
      <testcase name="test_js_no_ampersands" class="Tests_Embed_Template" file="/Users/msaari/wordpress-develop/tests/phpunit/tests/oembed/template.php" line="295" assertions="1" time="0.001528"/>
      <testcase name="test_js_no_ampersands_in_compiled" class="Tests_Embed_Template" file="/Users/msaari/wordpress-develop/tests/phpunit/tests/oembed/template.php" line="325" assertions="2" time="0.001813"/>
    </testsuite>
    <testsuite name="Tests_WP_oEmbed" file="/Users/msaari/wordpress-develop/tests/phpunit/tests/oembed/wpOembed.php" tests="3" assertions="10" failures="0" errors="0" time="0.041534">
      <testcase name="test_wp_filter_pre_oembed_result_prevents_http_request_for_internal_permalinks" class="Tests_WP_oEmbed" file="/Users/msaari/wordpress-develop/tests/phpunit/tests/oembed/wpOembed.php" line="31" assertions="2" time="0.011821"/>
      <testcase name="test_wp_filter_pre_oembed_result_prevents_http_request_when_viewing_the_post" class="Tests_WP_oEmbed" file="/Users/msaari/wordpress-develop/tests/phpunit/tests/oembed/wpOembed.php" line="43" assertions="4" time="0.015183"/>
      <testcase name="test_wp_filter_pre_oembed_result_non_existent_post" class="Tests_WP_oEmbed" file="/Users/msaari/wordpress-develop/tests/phpunit/tests/oembed/wpOembed.php" line="58" assertions="4" time="0.014530"/>
    </testsuite>
    <testsuite name="Tests_Option_NetworkOption" file="/Users/msaari/wordpress-develop/tests/phpunit/tests/option/networkOption.php" tests="20" assertions="20" failures="0" errors="0" time="0.041223">
      <testcase name="test_add_network_option_is_not_stored_as_autoload_option" class="Tests_Option_NetworkOption" file="/Users/msaari/wordpress-develop/tests/phpunit/tests/option/networkOption.php" line="57" assertions="1" time="0.002104"/>
      <testcase name="test_update_network_option_is_not_stored_as_autoload_option" class="Tests_Option_NetworkOption" file="/Users/msaari/wordpress-develop/tests/phpunit/tests/option/networkOption.php" line="71" assertions="1" time="0.002161"/>
      <testsuite name="Tests_Option_NetworkOption::test_add_network_option_network_id_parameter" tests="9" assertions="9" failures="0" errors="0" time="0.020461">
        <testcase name="test_add_network_option_network_id_parameter with data set #0" assertions="1" time="0.002144"/>
        <testcase name="test_add_network_option_network_id_parameter with data set #1" assertions="1" time="0.002240"/>
        <testcase name="test_add_network_option_network_id_parameter with data set #2" assertions="1" time="0.003094"/>
        <testcase name="test_add_network_option_network_id_parameter with data set #3" assertions="1" time="0.003134"/>
        <testcase name="test_add_network_option_network_id_parameter with data set #4" assertions="1" time="0.002297"/>
        <testcase name="test_add_network_option_network_id_parameter with data set #5" assertions="1" time="0.002215"/>
        <testcase name="test_add_network_option_network_id_parameter with data set #6" assertions="1" time="0.002276"/>
        <testcase name="test_add_network_option_network_id_parameter with data set #7" assertions="1" time="0.001613"/>
        <testcase name="test_add_network_option_network_id_parameter with data set #8" assertions="1" time="0.001448"/>
      </testsuite>
      <testsuite name="Tests_Option_NetworkOption::test_get_network_option_network_id_parameter" tests="9" assertions="9" failures="0" errors="0" time="0.016497">
        <testcase name="test_get_network_option_network_id_parameter with data set #0" assertions="1" time="0.001684"/>
        <testcase name="test_get_network_option_network_id_parameter with data set #1" assertions="1" time="0.001828"/>
        <testcase name="test_get_network_option_network_id_parameter with data set #2" assertions="1" time="0.002057"/>
        <testcase name="test_get_network_option_network_id_parameter with data set #3" assertions="1" time="0.001954"/>
        <testcase name="test_get_network_option_network_id_parameter with data set #4" assertions="1" time="0.001900"/>
        <testcase name="test_get_network_option_network_id_parameter with data set #5" assertions="1" time="0.001959"/>
        <testcase name="test_get_network_option_network_id_parameter with data set #6" assertions="1" time="0.001844"/>
        <testcase name="test_get_network_option_network_id_parameter with data set #7" assertions="1" time="0.001637"/>
        <testcase name="test_get_network_option_network_id_parameter with data set #8" assertions="1" time="0.001634"/>
      </testsuite>
    </testsuite>
    <testsuite name="Tests_Option_Option" file="/Users/msaari/wordpress-develop/tests/phpunit/tests/option/option.php" tests="14" assertions="70" failures="0" errors="0" time="0.035248">
      <testcase name="test_the_basics" class="Tests_Option_Option" file="/Users/msaari/wordpress-develop/tests/phpunit/tests/option/option.php" line="12" assertions="16" time="0.004816"/>
      <testcase name="test_default_filter" class="Tests_Option_Option" file="/Users/msaari/wordpress-develop/tests/phpunit/tests/option/option.php" line="37" assertions="7" time="0.002942"/>
      <testcase name="test_add_option_should_respect_default_option_filter" class="Tests_Option_Option" file="/Users/msaari/wordpress-develop/tests/phpunit/tests/option/option.php" line="65" assertions="2" time="0.002210"/>
      <testcase name="test_serialized_data" class="Tests_Option_Option" file="/Users/msaari/wordpress-develop/tests/phpunit/tests/option/option.php" line="74" assertions="5" time="0.002869"/>
      <testcase name="test_bad_option_names" class="Tests_Option_Option" file="/Users/msaari/wordpress-develop/tests/phpunit/tests/option/option.php" line="93" assertions="24" time="0.001567"/>
      <testcase name="test_special_option_name_alloption" class="Tests_Option_Option" file="/Users/msaari/wordpress-develop/tests/phpunit/tests/option/option.php" line="106" assertions="1" time="0.001701"/>
      <testcase name="test_special_option_name_notoptions" class="Tests_Option_Option" file="/Users/msaari/wordpress-develop/tests/phpunit/tests/option/option.php" line="114" assertions="1" time="0.001645"/>
      <testsuite name="Tests_Option_Option::test_option_autoloading" tests="7" assertions="14" failures="0" errors="0" time="0.017498">
        <testcase name="test_option_autoloading with data set #0" assertions="2" time="0.002346"/>
        <testcase name="test_option_autoloading with data set #1" assertions="2" time="0.002482"/>
        <testcase name="test_option_autoloading with data set #2" assertions="2" time="0.002307"/>
        <testcase name="test_option_autoloading with data set #3" assertions="2" time="0.002191"/>
        <testcase name="test_option_autoloading with data set #4" assertions="2" time="0.002490"/>
        <testcase name="test_option_autoloading with data set #5" assertions="2" time="0.002769"/>
        <testcase name="test_option_autoloading with data set #6" assertions="2" time="0.002913"/>
      </testsuite>
    </testsuite>
    <testsuite name="Tests_Option_Registration" file="/Users/msaari/wordpress-develop/tests/phpunit/tests/option/registration.php" tests="9" assertions="14" failures="0" errors="0" time="0.016288">
      <testcase name="test_register" class="Tests_Option_Registration" file="/Users/msaari/wordpress-develop/tests/phpunit/tests/option/registration.php" line="7" assertions="5" time="0.001793"/>
      <testcase name="test_register_with_callback" class="Tests_Option_Registration" file="/Users/msaari/wordpress-develop/tests/phpunit/tests/option/registration.php" line="22" assertions="1" time="0.001772"/>
      <testcase name="test_register_with_array" class="Tests_Option_Registration" file="/Users/msaari/wordpress-develop/tests/phpunit/tests/option/registration.php" line="29" assertions="1" time="0.001638"/>
      <testcase name="test_register_with_default" class="Tests_Option_Registration" file="/Users/msaari/wordpress-develop/tests/phpunit/tests/option/registration.php" line="49" assertions="1" time="0.001981"/>
      <testcase name="test_register_with_default_override" class="Tests_Option_Registration" file="/Users/msaari/wordpress-develop/tests/phpunit/tests/option/registration.php" line="64" assertions="1" time="0.001955"/>
      <testcase name="test_add_option_with_no_options_cache" class="Tests_Option_Registration" file="/Users/msaari/wordpress-develop/tests/phpunit/tests/option/registration.php" line="81" assertions="2" time="0.002487"/>
      <testcase name="test_register_deprecated_group_misc" class="Tests_Option_Registration" file="/Users/msaari/wordpress-develop/tests/phpunit/tests/option/registration.php" line="97" assertions="1" time="0.001778"/>
      <testcase name="test_register_deprecated_group_privacy" class="Tests_Option_Registration" file="/Users/msaari/wordpress-develop/tests/phpunit/tests/option/registration.php" line="104" assertions="1" time="0.001501"/>
      <testcase name="test_unregister_setting_removes_default" class="Tests_Option_Registration" file="/Users/msaari/wordpress-develop/tests/phpunit/tests/option/registration.php" line="111" assertions="1" time="0.001382"/>
    </testsuite>
    <testsuite name="Tests_Sanitize_Option" file="/Users/msaari/wordpress-develop/tests/phpunit/tests/option/sanitize-option.php" tests="61" assertions="76" failures="0" errors="0" time="0.105908">
      <testsuite name="Tests_Sanitize_Option::test_sanitize_option" tests="46" assertions="46" failures="0" errors="0" time="0.078828">
        <testcase name="test_sanitize_option with data set #0" assertions="1" time="0.001604"/>
        <testcase name="test_sanitize_option with data set #1" assertions="1" time="0.001409"/>
        <testcase name="test_sanitize_option with data set #2" assertions="1" time="0.001368"/>
        <testcase name="test_sanitize_option with data set #3" assertions="1" time="0.001435"/>
        <testcase name="test_sanitize_option with data set #4" assertions="1" time="0.001712"/>
        <testcase name="test_sanitize_option with data set #5" assertions="1" time="0.001665"/>
        <testcase name="test_sanitize_option with data set #6" assertions="1" time="0.001519"/>
        <testcase name="test_sanitize_option with data set #7" assertions="1" time="0.001396"/>
        <testcase name="test_sanitize_option with data set #8" assertions="1" time="0.001427"/>
        <testcase name="test_sanitize_option with data set #9" assertions="1" time="0.001415"/>
        <testcase name="test_sanitize_option with data set #10" assertions="1" time="0.001415"/>
        <testcase name="test_sanitize_option with data set #11" assertions="1" time="0.001398"/>
        <testcase name="test_sanitize_option with data set #12" assertions="1" time="0.001388"/>
        <testcase name="test_sanitize_option with data set #13" assertions="1" time="0.001378"/>
        <testcase name="test_sanitize_option with data set #14" assertions="1" time="0.001474"/>
        <testcase name="test_sanitize_option with data set #15" assertions="1" time="0.001493"/>
        <testcase name="test_sanitize_option with data set #16" assertions="1" time="0.002158"/>
        <testcase name="test_sanitize_option with data set #17" assertions="1" time="0.001612"/>
        <testcase name="test_sanitize_option with data set #18" assertions="1" time="0.001418"/>
        <testcase name="test_sanitize_option with data set #19" assertions="1" time="0.001436"/>
        <testcase name="test_sanitize_option with data set #20" assertions="1" time="0.001592"/>
        <testcase name="test_sanitize_option with data set #21" assertions="1" time="0.001498"/>
        <testcase name="test_sanitize_option with data set #22" assertions="1" time="0.001371"/>
        <testcase name="test_sanitize_option with data set #23" assertions="1" time="0.001418"/>
        <testcase name="test_sanitize_option with data set #24" assertions="1" time="0.001602"/>
        <testcase name="test_sanitize_option with data set #25" assertions="1" time="0.001819"/>
        <testcase name="test_sanitize_option with data set #26" assertions="1" time="0.002674"/>
        <testcase name="test_sanitize_option with data set #27" assertions="1" time="0.002406"/>
        <testcase name="test_sanitize_option with data set #28" assertions="1" time="0.002171"/>
        <testcase name="test_sanitize_option with data set #29" assertions="1" time="0.002230"/>
        <testcase name="test_sanitize_option with data set #30" assertions="1" time="0.001937"/>
        <testcase name="test_sanitize_option with data set #31" assertions="1" time="0.001775"/>
        <testcase name="test_sanitize_option with data set #32" assertions="1" time="0.001708"/>
        <testcase name="test_sanitize_option with data set #33" assertions="1" time="0.002502"/>
        <testcase name="test_sanitize_option with data set #34" assertions="1" time="0.002310"/>
        <testcase name="test_sanitize_option with data set #35" assertions="1" time="0.001968"/>
        <testcase name="test_sanitize_option with data set #36" assertions="1" time="0.001846"/>
        <testcase name="test_sanitize_option with data set #37" assertions="1" time="0.001846"/>
        <testcase name="test_sanitize_option with data set #38" assertions="1" time="0.001936"/>
        <testcase name="test_sanitize_option with data set #39" assertions="1" time="0.002059"/>
        <testcase name="test_sanitize_option with data set #40" assertions="1" time="0.001611"/>
        <testcase name="test_sanitize_option with data set #41" assertions="1" time="0.001770"/>
        <testcase name="test_sanitize_option with data set #42" assertions="1" time="0.001963"/>
        <testcase name="test_sanitize_option with data set #43" assertions="1" time="0.001717"/>
        <testcase name="test_sanitize_option with data set #44" assertions="1" time="0.001475"/>
        <testcase name="test_sanitize_option with data set #45" assertions="1" time="0.001503"/>
      </testsuite>
      <testsuite name="Tests_Sanitize_Option::test_sanitize_option_upload_path" tests="4" assertions="4" failures="0" errors="0" time="0.005928">
        <testcase name="test_sanitize_option_upload_path with data set #0" assertions="1" time="0.001486"/>
        <testcase name="test_sanitize_option_upload_path with data set #1" assertions="1" time="0.001496"/>
        <testcase name="test_sanitize_option_upload_path with data set #2" assertions="1" time="0.001472"/>
        <testcase name="test_sanitize_option_upload_path with data set #3" assertions="1" time="0.001474"/>
      </testsuite>
      <testcase name="test_emoji_in_blogname_and_description" class="Tests_Sanitize_Option" file="/Users/msaari/wordpress-develop/tests/phpunit/tests/option/sanitize-option.php" line="108" assertions="2" time="0.001494"/>
      <testsuite name="Tests_Sanitize_Option::test_sanitize_permalink_structure" tests="9" assertions="21" failures="0" errors="0" time="0.014057">
        <testcase name="test_sanitize_permalink_structure with data set #0" assertions="2" time="0.001631"/>
        <testcase name="test_sanitize_permalink_structure with data set #1" assertions="3" time="0.001941"/>
        <testcase name="test_sanitize_permalink_structure with data set #2" assertions="3" time="0.001657"/>
        <testcase name="test_sanitize_permalink_structure with data set #3" assertions="3" time="0.001502"/>
        <testcase name="test_sanitize_permalink_structure with data set #4" assertions="2" time="0.001450"/>
        <testcase name="test_sanitize_permalink_structure with data set #5" assertions="2" time="0.001430"/>
        <testcase name="test_sanitize_permalink_structure with data set #6" assertions="2" time="0.001501"/>
        <testcase name="test_sanitize_permalink_structure with data set #7" assertions="2" time="0.001475"/>
        <testcase name="test_sanitize_permalink_structure with data set #8" assertions="2" time="0.001470"/>
      </testsuite>
      <testcase name="test_get_settings_errors_sources" class="Tests_Sanitize_Option" file="/Users/msaari/wordpress-develop/tests/phpunit/tests/option/sanitize-option.php" line="168" assertions="3" time="0.005601"/>
    </testsuite>
    <testsuite name="Tests_Option_SiteOption" file="/Users/msaari/wordpress-develop/tests/phpunit/tests/option/siteOption.php" tests="19" assertions="21" failures="0" errors="0" time="0.043819">
      <testcase name="test_get_site_option_returns_false_if_option_does_not_exist" class="Tests_Option_SiteOption" file="/Users/msaari/wordpress-develop/tests/phpunit/tests/option/siteOption.php" line="11" assertions="1" time="0.001882"/>
      <testcase name="test_get_site_option_returns_false_after_deletion" class="Tests_Option_SiteOption" file="/Users/msaari/wordpress-develop/tests/phpunit/tests/option/siteOption.php" line="15" assertions="1" time="0.002647"/>
      <testcase name="test_get_site_option_returns_value" class="Tests_Option_SiteOption" file="/Users/msaari/wordpress-develop/tests/phpunit/tests/option/siteOption.php" line="23" assertions="1" time="0.002383"/>
      <testcase name="test_get_site_option_returns_updated_value" class="Tests_Option_SiteOption" file="/Users/msaari/wordpress-develop/tests/phpunit/tests/option/siteOption.php" line="30" assertions="1" time="0.002645"/>
      <testcase name="test_get_site_option_does_not_exist_returns_filtered_default_with_no_default_provided" class="Tests_Option_SiteOption" file="/Users/msaari/wordpress-develop/tests/phpunit/tests/option/siteOption.php" line="39" assertions="1" time="0.001720"/>
      <testcase name="test_get_site_option_does_not_exist_returns_filtered_default_with_default_provided" class="Tests_Option_SiteOption" file="/Users/msaari/wordpress-develop/tests/phpunit/tests/option/siteOption.php" line="46" assertions="1" time="0.001754"/>
      <testcase name="test_get_site_option_does_not_exist_returns_provided_default" class="Tests_Option_SiteOption" file="/Users/msaari/wordpress-develop/tests/phpunit/tests/option/siteOption.php" line="53" assertions="1" time="0.002121"/>
      <testcase name="test_get_site_option_exists_does_not_return_provided_default" class="Tests_Option_SiteOption" file="/Users/msaari/wordpress-develop/tests/phpunit/tests/option/siteOption.php" line="57" assertions="1" time="0.002100"/>
      <testcase name="test_get_site_option_exists_does_not_return_filtered_default" class="Tests_Option_SiteOption" file="/Users/msaari/wordpress-develop/tests/phpunit/tests/option/siteOption.php" line="64" assertions="1" time="0.002196"/>
      <testcase name="test_add_site_option_returns_true_for_new_option" class="Tests_Option_SiteOption" file="/Users/msaari/wordpress-develop/tests/phpunit/tests/option/siteOption.php" line="74" assertions="1" time="0.002090"/>
      <testcase name="test_add_site_option_returns_false_for_existing_option" class="Tests_Option_SiteOption" file="/Users/msaari/wordpress-develop/tests/phpunit/tests/option/siteOption.php" line="80" assertions="1" time="0.002101"/>
      <testcase name="test_update_site_option_returns_false_for_same_value" class="Tests_Option_SiteOption" file="/Users/msaari/wordpress-develop/tests/phpunit/tests/option/siteOption.php" line="87" assertions="1" time="0.002057"/>
      <testcase name="test_update_site_option_returns_true_for_new_value" class="Tests_Option_SiteOption" file="/Users/msaari/wordpress-develop/tests/phpunit/tests/option/siteOption.php" line="94" assertions="1" time="0.002393"/>
      <testcase name="test_delete_site_option_returns_true_if_option_exists" class="Tests_Option_SiteOption" file="/Users/msaari/wordpress-develop/tests/phpunit/tests/option/siteOption.php" line="102" assertions="1" time="0.003220"/>
      <testcase name="test_delete_site_option_returns_false_if_option_does_not_exist" class="Tests_Option_SiteOption" file="/Users/msaari/wordpress-develop/tests/phpunit/tests/option/siteOption.php" line="109" assertions="1" time="0.003276"/>
      <testcase name="test_site_option_add_and_get_serialized_array" class="Tests_Option_SiteOption" file="/Users/msaari/wordpress-develop/tests/phpunit/tests/option/siteOption.php" line="117" assertions="1" time="0.002238"/>
      <testcase name="test_site_option_add_and_get_serialized_object" class="Tests_Option_SiteOption" file="/Users/msaari/wordpress-develop/tests/phpunit/tests/option/siteOption.php" line="127" assertions="1" time="0.002206"/>
      <testcase name="test_update_adds_falsey_value" class="Tests_Option_SiteOption" file="/Users/msaari/wordpress-develop/tests/phpunit/tests/option/siteOption.php" line="137" assertions="2" time="0.002992"/>
      <testcase name="test_get_doesnt_cache_default_value" class="Tests_Option_SiteOption" file="/Users/msaari/wordpress-develop/tests/phpunit/tests/option/siteOption.php" line="148" assertions="2" time="0.001798"/>
    </testsuite>
    <testsuite name="Tests_Option_SiteTransient" file="/Users/msaari/wordpress-develop/tests/phpunit/tests/option/siteTransient.php" tests="3" assertions="15" failures="0" errors="0" time="0.010639">
      <testcase name="test_the_basics" class="Tests_Option_SiteTransient" file="/Users/msaari/wordpress-develop/tests/phpunit/tests/option/siteTransient.php" line="16" assertions="9" time="0.004393"/>
      <testcase name="test_serialized_data" class="Tests_Option_SiteTransient" file="/Users/msaari/wordpress-develop/tests/phpunit/tests/option/siteTransient.php" line="32" assertions="5" time="0.003847"/>
      <testcase name="test_set_site_transient_is_not_stored_as_autoload_option" class="Tests_Option_SiteTransient" file="/Users/msaari/wordpress-develop/tests/phpunit/tests/option/siteTransient.php" line="52" assertions="1" time="0.002399"/>
    </testsuite>
    <testsuite name="Tests_Option_Slashes" file="/Users/msaari/wordpress-develop/tests/phpunit/tests/option/slashes.php" tests="2" assertions="8" failures="0" errors="0" time="0.007113">
      <testcase name="test_add_option" class="Tests_Option_Slashes" file="/Users/msaari/wordpress-develop/tests/phpunit/tests/option/slashes.php" line="25" assertions="4" time="0.003958"/>
      <testcase name="test_update_option" class="Tests_Option_Slashes" file="/Users/msaari/wordpress-develop/tests/phpunit/tests/option/slashes.php" line="40" assertions="4" time="0.003155"/>
    </testsuite>
    <testsuite name="Tests_Option_Theme_Mods" file="/Users/msaari/wordpress-develop/tests/phpunit/tests/option/themeMods.php" tests="5" assertions="5" failures="0" errors="0" time="0.016102">
      <testcase name="test_theme_mod_default" class="Tests_Option_Theme_Mods" file="/Users/msaari/wordpress-develop/tests/phpunit/tests/option/themeMods.php" line="8" assertions="1" time="0.002807"/>
      <testcase name="test_theme_mod_defined_default" class="Tests_Option_Theme_Mods" file="/Users/msaari/wordpress-develop/tests/phpunit/tests/option/themeMods.php" line="12" assertions="1" time="0.002321"/>
      <testcase name="test_theme_mod_set" class="Tests_Option_Theme_Mods" file="/Users/msaari/wordpress-develop/tests/phpunit/tests/option/themeMods.php" line="16" assertions="1" time="0.003037"/>
      <testcase name="test_theme_mod_update" class="Tests_Option_Theme_Mods" file="/Users/msaari/wordpress-develop/tests/phpunit/tests/option/themeMods.php" line="22" assertions="1" time="0.003974"/>
      <testcase name="test_theme_mod_remove" class="Tests_Option_Theme_Mods" file="/Users/msaari/wordpress-develop/tests/phpunit/tests/option/themeMods.php" line="29" assertions="1" time="0.003963"/>
    </testsuite>
    <testsuite name="Tests_Option_Transient" file="/Users/msaari/wordpress-develop/tests/phpunit/tests/option/transient.php" tests="6" assertions="33" failures="0" errors="0" time="0.022925">
      <testcase name="test_the_basics" class="Tests_Option_Transient" file="/Users/msaari/wordpress-develop/tests/phpunit/tests/option/transient.php" line="16" assertions="9" time="0.003937"/>
      <testcase name="test_serialized_data" class="Tests_Option_Transient" file="/Users/msaari/wordpress-develop/tests/phpunit/tests/option/transient.php" line="32" assertions="5" time="0.003428"/>
      <testcase name="test_transient_data_with_timeout" class="Tests_Option_Transient" file="/Users/msaari/wordpress-develop/tests/phpunit/tests/option/transient.php" line="51" assertions="7" time="0.003658"/>
      <testcase name="test_transient_add_timeout" class="Tests_Option_Transient" file="/Users/msaari/wordpress-develop/tests/phpunit/tests/option/transient.php" line="72" assertions="7" time="0.004528"/>
      <testcase name="test_nonexistent_key_dont_delete_if_false" class="Tests_Option_Transient" file="/Users/msaari/wordpress-develop/tests/phpunit/tests/option/transient.php" line="95" assertions="2" time="0.002901"/>
      <testcase name="test_nonexistent_key_old_timeout" class="Tests_Option_Transient" file="/Users/msaari/wordpress-develop/tests/phpunit/tests/option/transient.php" line="123" assertions="3" time="0.004473"/>
    </testsuite>
    <testsuite name="Tests_Option_UpdateOption" file="/Users/msaari/wordpress-develop/tests/phpunit/tests/option/updateOption.php" tests="9" assertions="21" failures="0" errors="0" time="0.024730">
      <testcase name="test_should_respect_default_option_filter_when_option_does_not_yet_exist_in_database" class="Tests_Option_UpdateOption" file="/Users/msaari/wordpress-develop/tests/phpunit/tests/option/updateOption.php" line="10" assertions="2" time="0.002419"/>
      <testcase name="test_should_set_autoload_yes_for_nonexistent_option_when_autoload_param_is_missing" class="Tests_Option_UpdateOption" file="/Users/msaari/wordpress-develop/tests/phpunit/tests/option/updateOption.php" line="22" assertions="2" time="0.002720"/>
      <testcase name="test_should_set_autoload_yes_for_nonexistent_option_when_autoload_param_is_yes" class="Tests_Option_UpdateOption" file="/Users/msaari/wordpress-develop/tests/phpunit/tests/option/updateOption.php" line="42" assertions="2" time="0.002622"/>
      <testcase name="test_should_set_autoload_no_for_nonexistent_option_when_autoload_param_is_no" class="Tests_Option_UpdateOption" file="/Users/msaari/wordpress-develop/tests/phpunit/tests/option/updateOption.php" line="62" assertions="2" time="0.002917"/>
      <testcase name="test_should_set_autoload_no_for_nonexistent_option_when_autoload_param_is_false" class="Tests_Option_UpdateOption" file="/Users/msaari/wordpress-develop/tests/phpunit/tests/option/updateOption.php" line="83" assertions="2" time="0.003519"/>
      <testcase name="test_autoload_should_be_updated_for_existing_option_when_value_is_changed" class="Tests_Option_UpdateOption" file="/Users/msaari/wordpress-develop/tests/phpunit/tests/option/updateOption.php" line="104" assertions="3" time="0.003285"/>
      <testcase name="test_autoload_should_not_be_updated_for_existing_option_when_value_is_unchanged" class="Tests_Option_UpdateOption" file="/Users/msaari/wordpress-develop/tests/phpunit/tests/option/updateOption.php" line="125" assertions="3" time="0.002450"/>
      <testcase name="test_autoload_should_not_be_updated_for_existing_option_when_value_is_changed_but_no_value_of_autoload_is_provided" class="Tests_Option_UpdateOption" file="/Users/msaari/wordpress-develop/tests/phpunit/tests/option/updateOption.php" line="147" assertions="3" time="0.002720"/>
      <testcase name="test_update_option_array_with_object" class="Tests_Option_UpdateOption" file="/Users/msaari/wordpress-develop/tests/phpunit/tests/option/updateOption.php" line="171" assertions="2" time="0.002078"/>
    </testsuite>
    <testsuite name="Tests_User_Settings" file="/Users/msaari/wordpress-develop/tests/phpunit/tests/option/userSettings.php" tests="3" assertions="6" failures="0" errors="0" time="0.051485">
      <testcase name="test_set_user_setting" class="Tests_User_Settings" file="/Users/msaari/wordpress-develop/tests/phpunit/tests/option/userSettings.php" line="23" assertions="2" time="0.017987"/>
      <testcase name="test_set_user_setting_dashes" class="Tests_User_Settings" file="/Users/msaari/wordpress-develop/tests/phpunit/tests/option/userSettings.php" line="33" assertions="2" time="0.016956"/>
      <testcase name="test_set_user_setting_strip_asterisks" class="Tests_User_Settings" file="/Users/msaari/wordpress-develop/tests/phpunit/tests/option/userSettings.php" line="43" assertions="2" time="0.016542"/>
    </testsuite>
    <testsuite name="Tests_Option_WP_Load_Alloptions" file="/Users/msaari/wordpress-develop/tests/phpunit/tests/option/wpLoadAllOptions.php" tests="6" assertions="6" failures="0" errors="0" time="0.010231">
      <testcase name="test_if_alloptions_is_cached" class="Tests_Option_WP_Load_Alloptions" file="/Users/msaari/wordpress-develop/tests/phpunit/tests/option/wpLoadAllOptions.php" line="15" assertions="1" time="0.001324"/>
      <testcase name="test_if_cached_alloptions_is_deleted" class="Tests_Option_WP_Load_Alloptions" file="/Users/msaari/wordpress-develop/tests/phpunit/tests/option/wpLoadAllOptions.php" line="22" assertions="1" time="0.001581"/>
      <testcase name="test_if_alloptions_are_retrieved_from_cache" class="Tests_Option_WP_Load_Alloptions" file="/Users/msaari/wordpress-develop/tests/phpunit/tests/option/wpLoadAllOptions.php" line="29" assertions="1" time="0.001569"/>
      <testcase name="test_if_alloptions_are_retrieved_from_database" class="Tests_Option_WP_Load_Alloptions" file="/Users/msaari/wordpress-develop/tests/phpunit/tests/option/wpLoadAllOptions.php" line="42" assertions="1" time="0.001679"/>
      <testcase name="test_filter_pre_cache_alloptions_is_called" class="Tests_Option_WP_Load_Alloptions" file="/Users/msaari/wordpress-develop/tests/phpunit/tests/option/wpLoadAllOptions.php" line="59" assertions="1" time="0.002338"/>
      <testcase name="test_filter_pre_cache_alloptions_is_not_called" class="Tests_Option_WP_Load_Alloptions" file="/Users/msaari/wordpress-develop/tests/phpunit/tests/option/wpLoadAllOptions.php" line="85" assertions="1" time="0.001739"/>
    </testsuite>
    <testsuite name="Tests_Pluggable" file="/Users/msaari/wordpress-develop/tests/phpunit/tests/pluggable.php" tests="59" assertions="569" failures="0" errors="0" time="0.092784">
      <testsuite name="Tests_Pluggable::testPluggableFunctionSignaturesMatch" tests="58" assertions="453" failures="0" errors="0" time="0.090720">
        <testcase name="testPluggableFunctionSignaturesMatch with data set #0" assertions="3" time="0.001363"/>
        <testcase name="testPluggableFunctionSignaturesMatch with data set #1" assertions="20" time="0.001445"/>
        <testcase name="testPluggableFunctionSignaturesMatch with data set #2" assertions="5" time="0.001374"/>
        <testcase name="testPluggableFunctionSignaturesMatch with data set #3" assertions="11" time="0.001406"/>
        <testcase name="testPluggableFunctionSignaturesMatch with data set #4" assertions="3" time="0.001463"/>
        <testcase name="testPluggableFunctionSignaturesMatch with data set #5" assertions="3" time="0.001770"/>
        <testcase name="testPluggableFunctionSignaturesMatch with data set #6" assertions="8" time="0.001544"/>
        <testcase name="testPluggableFunctionSignaturesMatch with data set #7" assertions="3" time="0.001483"/>
        <testcase name="testPluggableFunctionSignaturesMatch with data set #8" assertions="5" time="0.001403"/>
        <testcase name="testPluggableFunctionSignaturesMatch with data set #9" assertions="7" time="0.001445"/>
        <testcase name="testPluggableFunctionSignaturesMatch with data set #10" assertions="5" time="0.001388"/>
        <testcase name="testPluggableFunctionSignaturesMatch with data set #11" assertions="15" time="0.001357"/>
        <testcase name="testPluggableFunctionSignaturesMatch with data set #12" assertions="7" time="0.001406"/>
        <testcase name="testPluggableFunctionSignaturesMatch with data set #13" assertions="3" time="0.001400"/>
        <testcase name="testPluggableFunctionSignaturesMatch with data set #14" assertions="9" time="0.001398"/>
        <testcase name="testPluggableFunctionSignaturesMatch with data set #15" assertions="13" time="0.001372"/>
        <testcase name="testPluggableFunctionSignaturesMatch with data set #16" assertions="9" time="0.001763"/>
        <testcase name="testPluggableFunctionSignaturesMatch with data set #17" assertions="14" time="0.001718"/>
        <testcase name="testPluggableFunctionSignaturesMatch with data set #18" assertions="3" time="0.001437"/>
        <testcase name="testPluggableFunctionSignaturesMatch with data set #19" assertions="3" time="0.001458"/>
        <testcase name="testPluggableFunctionSignaturesMatch with data set #20" assertions="3" time="0.001360"/>
        <testcase name="testPluggableFunctionSignaturesMatch with data set #21" assertions="9" time="0.001337"/>
        <testcase name="testPluggableFunctionSignaturesMatch with data set #22" assertions="12" time="0.001394"/>
        <testcase name="testPluggableFunctionSignaturesMatch with data set #23" assertions="11" time="0.001354"/>
        <testcase name="testPluggableFunctionSignaturesMatch with data set #24" assertions="5" time="0.001400"/>
        <testcase name="testPluggableFunctionSignaturesMatch with data set #25" assertions="5" time="0.001500"/>
        <testcase name="testPluggableFunctionSignaturesMatch with data set #26" assertions="11" time="0.001539"/>
        <testcase name="testPluggableFunctionSignaturesMatch with data set #27" assertions="8" time="0.002144"/>
        <testcase name="testPluggableFunctionSignaturesMatch with data set #28" assertions="8" time="0.001806"/>
        <testcase name="testPluggableFunctionSignaturesMatch with data set #29" assertions="5" time="0.001465"/>
        <testcase name="testPluggableFunctionSignaturesMatch with data set #30" assertions="5" time="0.001458"/>
        <testcase name="testPluggableFunctionSignaturesMatch with data set #31" assertions="11" time="0.001422"/>
        <testcase name="testPluggableFunctionSignaturesMatch with data set #32" assertions="3" time="0.001385"/>
        <testcase name="testPluggableFunctionSignaturesMatch with data set #33" assertions="8" time="0.001382"/>
        <testcase name="testPluggableFunctionSignaturesMatch with data set #34" assertions="6" time="0.001440"/>
        <testcase name="testPluggableFunctionSignaturesMatch with data set #35" assertions="6" time="0.001647"/>
        <testcase name="testPluggableFunctionSignaturesMatch with data set #36" assertions="8" time="0.001672"/>
        <testcase name="testPluggableFunctionSignaturesMatch with data set #37" assertions="5" time="0.002121"/>
        <testcase name="testPluggableFunctionSignaturesMatch with data set #38" assertions="10" time="0.001879"/>
        <testcase name="testPluggableFunctionSignaturesMatch with data set #39" assertions="12" time="0.001871"/>
        <testcase name="testPluggableFunctionSignaturesMatch with data set #40" assertions="9" time="0.001811"/>
        <testcase name="testPluggableFunctionSignaturesMatch with data set #41" assertions="7" time="0.001524"/>
        <testcase name="testPluggableFunctionSignaturesMatch with data set #42" assertions="17" time="0.001468"/>
        <testcase name="testPluggableFunctionSignaturesMatch with data set #43" assertions="10" time="0.001419"/>
        <testcase name="testPluggableFunctionSignaturesMatch with data set #44" assertions="13" time="0.001461"/>
        <testcase name="testPluggableFunctionSignaturesMatch with data set #45" assertions="3" time="0.001491"/>
        <testcase name="testPluggableFunctionSignaturesMatch with data set #46" assertions="11" time="0.001456"/>
        <testcase name="testPluggableFunctionSignaturesMatch with data set #47" assertions="8" time="0.001854"/>
        <testcase name="testPluggableFunctionSignaturesMatch with data set #48" assertions="3" time="0.002243"/>
        <testcase name="testPluggableFunctionSignaturesMatch with data set #49" assertions="14" time="0.001894"/>
        <testcase name="testPluggableFunctionSignaturesMatch with data set #50" assertions="11" time="0.001807"/>
        <testcase name="testPluggableFunctionSignaturesMatch with data set #51" assertions="3" time="0.001784"/>
        <testcase name="testPluggableFunctionSignaturesMatch with data set #52" assertions="13" time="0.001640"/>
        <testcase name="testPluggableFunctionSignaturesMatch with data set #53" assertions="13" time="0.001470"/>
        <testcase name="testPluggableFunctionSignaturesMatch with data set #54" assertions="5" time="0.001442"/>
        <testcase name="testPluggableFunctionSignaturesMatch with data set #55" assertions="5" time="0.001462"/>
        <testcase name="testPluggableFunctionSignaturesMatch with data set #56" assertions="5" time="0.001595"/>
        <testcase name="testPluggableFunctionSignaturesMatch with data set #57" assertions="3" time="0.001931"/>
      </testsuite>
      <testcase name="testAllPluggableFunctionsExist" class="Tests_Pluggable" file="/Users/msaari/wordpress-develop/tests/phpunit/tests/pluggable.php" line="57" assertions="116" time="0.002064"/>
    </testsuite>
    <testsuite name="Tests_POMO_MO" file="/Users/msaari/wordpress-develop/tests/phpunit/tests/pomo/mo.php" tests="8" assertions="36" failures="0" errors="0" time="0.014226">
      <testcase name="test_mo_simple" class="Tests_POMO_MO" file="/Users/msaari/wordpress-develop/tests/phpunit/tests/pomo/mo.php" line="8" assertions="4" time="0.001456"/>
      <testcase name="test_mo_plural" class="Tests_POMO_MO" file="/Users/msaari/wordpress-develop/tests/phpunit/tests/pomo/mo.php" line="23" assertions="14" time="0.001605"/>
      <testcase name="test_mo_context" class="Tests_POMO_MO" file="/Users/msaari/wordpress-develop/tests/phpunit/tests/pomo/mo.php" line="49" assertions="5" time="0.001516"/>
      <testcase name="test_translations_merge" class="Tests_POMO_MO" file="/Users/msaari/wordpress-develop/tests/phpunit/tests/pomo/mo.php" line="76" assertions="2" time="0.001406"/>
      <testcase name="test_export_mo_file" class="Tests_POMO_MO" file="/Users/msaari/wordpress-develop/tests/phpunit/tests/pomo/mo.php" line="88" assertions="6" time="0.002583"/>
      <testcase name="test_export_should_not_include_empty_translations" class="Tests_POMO_MO" file="/Users/msaari/wordpress-develop/tests/phpunit/tests/pomo/mo.php" line="146" assertions="1" time="0.002417"/>
      <testcase name="test_nplurals_with_backslashn" class="Tests_POMO_MO" file="/Users/msaari/wordpress-develop/tests/phpunit/tests/pomo/mo.php" line="165" assertions="3" time="0.001726"/>
      <testcase name="test_load_pot_file" class="Tests_POMO_MO" file="/Users/msaari/wordpress-develop/tests/phpunit/tests/pomo/mo.php" line="190" assertions="1" time="0.001517"/>
    </testsuite>
    <testsuite name="Tests_POMO_NOOPTranslations" file="/Users/msaari/wordpress-develop/tests/phpunit/tests/pomo/noopTranslations.php" tests="6" assertions="8" failures="0" errors="0" time="0.009054">
      <testcase name="test_get_header" class="Tests_POMO_NOOPTranslations" file="/Users/msaari/wordpress-develop/tests/phpunit/tests/pomo/noopTranslations.php" line="20" assertions="1" time="0.001327"/>
      <testcase name="test_add_entry" class="Tests_POMO_NOOPTranslations" file="/Users/msaari/wordpress-develop/tests/phpunit/tests/pomo/noopTranslations.php" line="24" assertions="1" time="0.001556"/>
      <testcase name="test_set_header" class="Tests_POMO_NOOPTranslations" file="/Users/msaari/wordpress-develop/tests/phpunit/tests/pomo/noopTranslations.php" line="29" assertions="1" time="0.001413"/>
      <testcase name="test_translate_entry" class="Tests_POMO_NOOPTranslations" file="/Users/msaari/wordpress-develop/tests/phpunit/tests/pomo/noopTranslations.php" line="34" assertions="1" time="0.001786"/>
      <testcase name="test_translate" class="Tests_POMO_NOOPTranslations" file="/Users/msaari/wordpress-develop/tests/phpunit/tests/pomo/noopTranslations.php" line="39" assertions="1" time="0.001557"/>
      <testcase name="test_plural" class="Tests_POMO_NOOPTranslations" file="/Users/msaari/wordpress-develop/tests/phpunit/tests/pomo/noopTranslations.php" line="44" assertions="3" time="0.001415"/>
    </testsuite>
    <testsuite name="PluralFormsTest" file="/Users/msaari/wordpress-develop/tests/phpunit/tests/pomo/pluralForms.php" tests="12" assertions="13" failures="0" errors="0" time="0.018076">
      <testsuite name="PluralFormsTest::test_simple" tests="4" assertions="4" failures="0" errors="0" time="0.005435">
        <testcase name="test_simple with data set #0" assertions="1" time="0.001271"/>
        <testcase name="test_simple with data set #1" assertions="1" time="0.001400"/>
        <testcase name="test_simple with data set #2" assertions="1" time="0.001373"/>
        <testcase name="test_simple with data set #3" assertions="1" time="0.001391"/>
      </testsuite>
      <testsuite name="PluralFormsTest::test_exceptions" tests="7" assertions="7" failures="0" errors="0" time="0.010908">
        <testcase name="test_exceptions with data set #0" assertions="1" time="0.001457"/>
        <testcase name="test_exceptions with data set #1" assertions="1" time="0.001573"/>
        <testcase name="test_exceptions with data set #2" assertions="1" time="0.001899"/>
        <testcase name="test_exceptions with data set #3" assertions="1" time="0.001669"/>
        <testcase name="test_exceptions with data set #4" assertions="1" time="0.001491"/>
        <testcase name="test_exceptions with data set #5" assertions="1" time="0.001451"/>
        <testcase name="test_exceptions with data set #6" assertions="1" time="0.001368"/>
      </testsuite>
      <testcase name="test_cache" class="PluralFormsTest" file="/Users/msaari/wordpress-develop/tests/phpunit/tests/pomo/pluralForms.php" line="230" assertions="2" time="0.001733"/>
    </testsuite>
    <testsuite name="Tests_POMO_PO" file="/Users/msaari/wordpress-develop/tests/phpunit/tests/pomo/po.php" tests="11" assertions="43" failures="0" errors="0" time="0.004360">
      <testcase name="test_prepend_each_line" class="Tests_POMO_PO" file="/Users/msaari/wordpress-develop/tests/phpunit/tests/pomo/po.php" line="42" assertions="3" time="0.000640"/>
      <testcase name="test_poify" class="Tests_POMO_PO" file="/Users/msaari/wordpress-develop/tests/phpunit/tests/pomo/po.php" line="49" assertions="7" time="0.000201"/>
      <testcase name="test_unpoify" class="Tests_POMO_PO" file="/Users/msaari/wordpress-develop/tests/phpunit/tests/pomo/po.php" line="68" assertions="6" time="0.000274"/>
      <testcase name="test_export_entry" class="Tests_POMO_PO" file="/Users/msaari/wordpress-develop/tests/phpunit/tests/pomo/po.php" line="79" assertions="10" time="0.000238"/>
      <testcase name="test_export_entries" class="Tests_POMO_PO" file="/Users/msaari/wordpress-develop/tests/phpunit/tests/pomo/po.php" line="204" assertions="1" time="0.000183"/>
      <testcase name="test_export_headers" class="Tests_POMO_PO" file="/Users/msaari/wordpress-develop/tests/phpunit/tests/pomo/po.php" line="213" assertions="1" time="0.000179"/>
      <testcase name="test_export" class="Tests_POMO_PO" file="/Users/msaari/wordpress-develop/tests/phpunit/tests/pomo/po.php" line="220" assertions="2" time="0.000241"/>
      <testcase name="test_export_to_file" class="Tests_POMO_PO" file="/Users/msaari/wordpress-develop/tests/phpunit/tests/pomo/po.php" line="233" assertions="2" time="0.000767"/>
      <testcase name="test_import_from_file" class="Tests_POMO_PO" file="/Users/msaari/wordpress-develop/tests/phpunit/tests/pomo/po.php" line="251" assertions="8" time="0.000875"/>
      <testcase name="test_import_from_entry_file_should_give_false" class="Tests_POMO_PO" file="/Users/msaari/wordpress-develop/tests/phpunit/tests/pomo/po.php" line="310" assertions="1" time="0.000327"/>
      <testcase name="test_import_from_file_with_windows_line_endings_should_work_as_with_unix_line_endings" class="Tests_POMO_PO" file="/Users/msaari/wordpress-develop/tests/phpunit/tests/pomo/po.php" line="315" assertions="2" time="0.000435"/>
    </testsuite>
    <testsuite name="Tests_POMO_TranslationEntry" file="/Users/msaari/wordpress-develop/tests/phpunit/tests/pomo/translationEntry.php" tests="2" assertions="13" failures="0" errors="0" time="0.002860">
      <testcase name="test_create_entry" class="Tests_POMO_TranslationEntry" file="/Users/msaari/wordpress-develop/tests/phpunit/tests/pomo/translationEntry.php" line="8" assertions="9" time="0.001364"/>
      <testcase name="test_key" class="Tests_POMO_TranslationEntry" file="/Users/msaari/wordpress-develop/tests/phpunit/tests/pomo/translationEntry.php" line="32" assertions="4" time="0.001496"/>
    </testsuite>
    <testsuite name="Tests_POMO_Translations" file="/Users/msaari/wordpress-develop/tests/phpunit/tests/pomo/translations.php" tests="4" assertions="22" failures="0" errors="0" time="0.005510">
      <testcase name="test_add_entry" class="Tests_POMO_Translations" file="/Users/msaari/wordpress-develop/tests/phpunit/tests/pomo/translations.php" line="8" assertions="6" time="0.001329"/>
      <testcase name="test_translate" class="Tests_POMO_Translations" file="/Users/msaari/wordpress-develop/tests/phpunit/tests/pomo/translations.php" line="45" assertions="4" time="0.001421"/>
      <testcase name="test_translate_plural" class="Tests_POMO_Translations" file="/Users/msaari/wordpress-develop/tests/phpunit/tests/pomo/translations.php" line="68" assertions="10" time="0.001387"/>
      <testcase name="test_digit_and_merge" class="Tests_POMO_Translations" file="/Users/msaari/wordpress-develop/tests/phpunit/tests/pomo/translations.php" line="108" assertions="2" time="0.001373"/>
    </testsuite>
    <testsuite name="Tests_Post" file="/Users/msaari/wordpress-develop/tests/phpunit/tests/post.php" tests="57" assertions="256" failures="0" errors="0" time="1.006899">
      <testcase name="test_vb_insert_get_delete" class="Tests_Post" file="/Users/msaari/wordpress-develop/tests/phpunit/tests/post.php" line="55" assertions="29" time="0.059665"/>
      <testcase name="test_vb_insert_future" class="Tests_Post" file="/Users/msaari/wordpress-develop/tests/phpunit/tests/post.php" line="113" assertions="8" time="0.011480"/>
      <testcase name="test_vb_insert_future_over_dst" class="Tests_Post" file="/Users/msaari/wordpress-develop/tests/phpunit/tests/post.php" line="145" assertions="6" time="0.024134"/>
      <testcase name="test_vb_insert_future_edit_bug" class="Tests_Post" file="/Users/msaari/wordpress-develop/tests/phpunit/tests/post.php" line="187" assertions="6" time="0.025835"/>
      <testcase name="test_vb_insert_future_draft" class="Tests_Post" file="/Users/msaari/wordpress-develop/tests/phpunit/tests/post.php" line="229" assertions="8" time="0.010872"/>
      <testcase name="test_vb_insert_future_change_to_draft" class="Tests_Post" file="/Users/msaari/wordpress-develop/tests/phpunit/tests/post.php" line="262" assertions="6" time="0.025081"/>
      <testcase name="test_vb_insert_future_change_status" class="Tests_Post" file="/Users/msaari/wordpress-develop/tests/phpunit/tests/post.php" line="300" assertions="36" time="0.135603"/>
      <testcase name="test_vb_insert_future_private" class="Tests_Post" file="/Users/msaari/wordpress-develop/tests/phpunit/tests/post.php" line="342" assertions="8" time="0.010491"/>
      <testcase name="test_vb_insert_invalid_date" class="Tests_Post" file="/Users/msaari/wordpress-develop/tests/phpunit/tests/post.php" line="377" assertions="3" time="0.002747"/>
      <testcase name="test_vb_insert_future_change_to_private" class="Tests_Post" file="/Users/msaari/wordpress-develop/tests/phpunit/tests/post.php" line="397" assertions="6" time="0.024989"/>
      <testcase name="test_wp_insert_post_should_not_allow_a_bare_numeric_slug_that_might_conflict_with_a_date_archive_when_generating_from_an_empty_post_title" class="Tests_Post" file="/Users/msaari/wordpress-develop/tests/phpunit/tests/post.php" line="438" assertions="1" time="0.014463"/>
      <testcase name="test_wp_insert_post_should_invalidate_post_cache_before_generating_guid_when_post_name_is_empty_and_is_generated_from_the_post_ID" class="Tests_Post" file="/Users/msaari/wordpress-develop/tests/phpunit/tests/post.php" line="461" assertions="1" time="0.006219"/>
      <testcase name="test_wp_insert_post_with_meta_input" class="Tests_Post" file="/Users/msaari/wordpress-develop/tests/phpunit/tests/post.php" line="480" assertions="2" time="0.013302"/>
      <testcase name="test_delete_future_post_cron" class="Tests_Post" file="/Users/msaari/wordpress-develop/tests/phpunit/tests/post.php" line="501" assertions="2" time="0.027843"/>
      <testcase name="test_permalink_without_title" class="Tests_Post" file="/Users/msaari/wordpress-develop/tests/phpunit/tests/post.php" line="528" assertions="1" time="0.013706"/>
      <testcase name="test_get_page_by_path_priority" class="Tests_Post" file="/Users/msaari/wordpress-develop/tests/phpunit/tests/post.php" line="554" assertions="4" time="0.011767"/>
      <testcase name="test_wp_publish_post" class="Tests_Post" file="/Users/msaari/wordpress-develop/tests/phpunit/tests/post.php" line="591" assertions="2" time="0.015577"/>
      <testcase name="test_wp_insert_post_and_wp_publish_post_with_future_date" class="Tests_Post" file="/Users/msaari/wordpress-develop/tests/phpunit/tests/post.php" line="606" assertions="4" time="0.018257"/>
      <testcase name="test_publish_post_with_content_filtering" class="Tests_Post" file="/Users/msaari/wordpress-develop/tests/phpunit/tests/post.php" line="629" assertions="3" time="0.029031"/>
      <testcase name="test_wp_publish_post_and_avoid_content_filtering" class="Tests_Post" file="/Users/msaari/wordpress-develop/tests/phpunit/tests/post.php" line="654" assertions="3" time="0.016608"/>
      <testcase name="test_get_post_ancestors_within_loop" class="Tests_Post" file="/Users/msaari/wordpress-develop/tests/phpunit/tests/post.php" line="674" assertions="1" time="0.040440"/>
      <testcase name="test_update_invalid_post_id" class="Tests_Post" file="/Users/msaari/wordpress-develop/tests/phpunit/tests/post.php" line="684" assertions="4" time="0.015157"/>
      <testcase name="test_parse_post_content_single_page" class="Tests_Post" file="/Users/msaari/wordpress-develop/tests/phpunit/tests/post.php" line="698" assertions="4" time="0.011456"/>
      <testcase name="test_parse_post_content_multi_page" class="Tests_Post" file="/Users/msaari/wordpress-develop/tests/phpunit/tests/post.php" line="709" assertions="4" time="0.011845"/>
      <testcase name="test_parse_post_content_remaining_single_page" class="Tests_Post" file="/Users/msaari/wordpress-develop/tests/phpunit/tests/post.php" line="720" assertions="4" time="0.012159"/>
      <testcase name="test_parse_post_content_remaining_multi_page" class="Tests_Post" file="/Users/msaari/wordpress-develop/tests/phpunit/tests/post.php" line="731" assertions="4" time="0.012266"/>
      <testcase name="test_parse_post_content_starting_with_nextpage" class="Tests_Post" file="/Users/msaari/wordpress-develop/tests/phpunit/tests/post.php" line="745" assertions="4" time="0.011619"/>
      <testcase name="test_parse_post_content_starting_with_nextpage_multi" class="Tests_Post" file="/Users/msaari/wordpress-develop/tests/phpunit/tests/post.php" line="759" assertions="4" time="0.011549"/>
      <testcase name="test_insert_programmatic_sanitized" class="Tests_Post" file="/Users/msaari/wordpress-develop/tests/phpunit/tests/post.php" line="773" assertions="3" time="0.013025"/>
      <testcase name="test_wp_count_posts" class="Tests_Post" file="/Users/msaari/wordpress-develop/tests/phpunit/tests/post.php" line="799" assertions="2" time="0.005872"/>
      <testcase name="test_wp_count_posts_filtered" class="Tests_Post" file="/Users/msaari/wordpress-develop/tests/phpunit/tests/post.php" line="814" assertions="2" time="0.009721"/>
      <testcase name="test_wp_count_posts_insert_invalidation" class="Tests_Post" file="/Users/msaari/wordpress-develop/tests/phpunit/tests/post.php" line="839" assertions="5" time="0.039927"/>
      <testcase name="test_wp_count_posts_trash_invalidation" class="Tests_Post" file="/Users/msaari/wordpress-develop/tests/phpunit/tests/post.php" line="857" assertions="5" time="0.043013"/>
      <testcase name="test_get_the_date_with_id_returns_correct_time" class="Tests_Post" file="/Users/msaari/wordpress-develop/tests/phpunit/tests/post.php" line="878" assertions="1" time="0.011696"/>
      <testcase name="test_get_the_date_returns_false_with_null_or_non_existing_post" class="Tests_Post" file="/Users/msaari/wordpress-develop/tests/phpunit/tests/post.php" line="886" assertions="4" time="0.003112"/>
      <testcase name="test_get_the_time_with_id_returns_correct_time" class="Tests_Post" file="/Users/msaari/wordpress-develop/tests/phpunit/tests/post.php" line="896" assertions="1" time="0.011298"/>
      <testcase name="test_get_the_time_returns_false_with_null_or_non_existing_post" class="Tests_Post" file="/Users/msaari/wordpress-develop/tests/phpunit/tests/post.php" line="904" assertions="4" time="0.002819"/>
      <testcase name="test_get_post_time_with_id_returns_correct_time" class="Tests_Post" file="/Users/msaari/wordpress-develop/tests/phpunit/tests/post.php" line="914" assertions="1" time="0.010578"/>
      <testcase name="test_get_post_time_returns_false_with_null_or_non_existing_post" class="Tests_Post" file="/Users/msaari/wordpress-develop/tests/phpunit/tests/post.php" line="922" assertions="4" time="0.003718"/>
      <testcase name="test_get_post_modified_time_with_id_returns_correct_time" class="Tests_Post" file="/Users/msaari/wordpress-develop/tests/phpunit/tests/post.php" line="932" assertions="1" time="0.010169"/>
      <testcase name="test_get_post_modified_time_returns_false_with_null_or_non_existing_post" class="Tests_Post" file="/Users/msaari/wordpress-develop/tests/phpunit/tests/post.php" line="940" assertions="4" time="0.003075"/>
      <testcase name="test_mysql2date_returns_false_with_no_date" class="Tests_Post" file="/Users/msaari/wordpress-develop/tests/phpunit/tests/post.php" line="950" assertions="1" time="0.002827"/>
      <testcase name="test_mysql2date_returns_gmt_or_unix_timestamp" class="Tests_Post" file="/Users/msaari/wordpress-develop/tests/phpunit/tests/post.php" line="957" assertions="2" time="0.002625"/>
      <testcase name="test_wp_tag_cloud_link_with_post_type" class="Tests_Post" file="/Users/msaari/wordpress-develop/tests/phpunit/tests/post.php" line="965" assertions="3" time="0.013801"/>
      <testcase name="test_wp_insert_post_default_comment_ping_status_open" class="Tests_Post" file="/Users/msaari/wordpress-develop/tests/phpunit/tests/post.php" line="1035" assertions="2" time="0.011983"/>
      <testcase name="test_wp_insert_post_page_default_comment_ping_status_closed" class="Tests_Post" file="/Users/msaari/wordpress-develop/tests/phpunit/tests/post.php" line="1053" assertions="2" time="0.005336"/>
      <testcase name="test_wp_insert_post_cpt_default_comment_ping_status_open" class="Tests_Post" file="/Users/msaari/wordpress-develop/tests/phpunit/tests/post.php" line="1072" assertions="2" time="0.005221"/>
      <testcase name="test_wp_insert_post_cpt_default_comment_ping_status_closed" class="Tests_Post" file="/Users/msaari/wordpress-develop/tests/phpunit/tests/post.php" line="1094" assertions="2" time="0.005370"/>
      <testcase name="test_user_without_publish_cannot_affect_sticky" class="Tests_Post" file="/Users/msaari/wordpress-develop/tests/phpunit/tests/post.php" line="1119" assertions="7" time="0.024080"/>
      <testcase name="test_user_without_publish_cannot_affect_sticky_with_edit_post" class="Tests_Post" file="/Users/msaari/wordpress-develop/tests/phpunit/tests/post.php" line="1157" assertions="7" time="0.029896"/>
      <testcase name="test_hooks_fire_when_post_gets_stuck_and_unstuck" class="Tests_Post" file="/Users/msaari/wordpress-develop/tests/phpunit/tests/post.php" line="1197" assertions="5" time="0.011875"/>
      <testcase name="test_post_updates_without_slug_provided" class="Tests_Post" file="/Users/msaari/wordpress-develop/tests/phpunit/tests/post.php" line="1225" assertions="1" time="0.020770"/>
      <testcase name="test_wp_insert_post_author_zero" class="Tests_Post" file="/Users/msaari/wordpress-develop/tests/phpunit/tests/post.php" line="1248" assertions="1" time="0.010957"/>
      <testcase name="test_wp_insert_post_author_null" class="Tests_Post" file="/Users/msaari/wordpress-develop/tests/phpunit/tests/post.php" line="1257" assertions="1" time="0.010774"/>
      <testcase name="test_wp_insert_post_should_respect_post_date_gmt" class="Tests_Post" file="/Users/msaari/wordpress-develop/tests/phpunit/tests/post.php" line="1266" assertions="5" time="0.011442"/>
      <testcase name="test_wp_delete_post_reassign_hierarchical_post_type" class="Tests_Post" file="/Users/msaari/wordpress-develop/tests/phpunit/tests/post.php" line="1287" assertions="3" time="0.019168"/>
      <testcase name="test_wp_insert_post_for_customize_changeset_should_not_drop_post_name" class="Tests_Post" file="/Users/msaari/wordpress-develop/tests/phpunit/tests/post.php" line="1314" assertions="7" time="0.028590"/>
    </testsuite>
    <testsuite name="Tests_Post_Attachments" file="/Users/msaari/wordpress-develop/tests/phpunit/tests/post/attachments.php" tests="19" assertions="95" failures="0" errors="0" time="0.337660">
      <testcase name="test_insert_bogus_image" class="Tests_Post_Attachments" file="/Users/msaari/wordpress-develop/tests/phpunit/tests/post/attachments.php" line="16" assertions="1" time="0.002222"/>
      <testcase name="test_insert_image_no_thumb" class="Tests_Post_Attachments" file="/Users/msaari/wordpress-develop/tests/phpunit/tests/post/attachments.php" line="24" assertions="13" time="0.007018"/>
      <testcase name="test_insert_image_thumb_only" class="Tests_Post_Attachments" file="/Users/msaari/wordpress-develop/tests/phpunit/tests/post/attachments.php" line="58" assertions="18" time="0.011414"/>
      <testcase name="test_insert_image_medium_sizes" class="Tests_Post_Attachments" file="/Users/msaari/wordpress-develop/tests/phpunit/tests/post/attachments.php" line="111" assertions="20" time="0.107470"/>
      <testcase name="test_insert_image_delete" class="Tests_Post_Attachments" file="/Users/msaari/wordpress-develop/tests/phpunit/tests/post/attachments.php" line="170" assertions="12" time="0.110474"/>
      <testcase name="test_insert_image_without_guid" class="Tests_Post_Attachments" file="/Users/msaari/wordpress-develop/tests/phpunit/tests/post/attachments.php" line="222" assertions="2" time="0.007904"/>
      <testcase name="test_update_attachment_fields" class="Tests_Post_Attachments" file="/Users/msaari/wordpress-develop/tests/phpunit/tests/post/attachments.php" line="240" assertions="2" time="0.009596"/>
      <testcase name="test_update_orphan_attachment_parent" class="Tests_Post_Attachments" file="/Users/msaari/wordpress-develop/tests/phpunit/tests/post/attachments.php" line="266" assertions="3" time="0.017158"/>
      <testcase name="test_wp_get_attachment_url_should_not_force_https_when_current_page_is_non_ssl_and_siteurl_is_non_ssl" class="Tests_Post_Attachments" file="/Users/msaari/wordpress-develop/tests/phpunit/tests/post/attachments.php" line="295" assertions="2" time="0.007122"/>
      <testcase name="test_wp_get_attachment_url_should_not_force_https_when_current_page_is_non_ssl_and_siteurl_is_ssl" class="Tests_Post_Attachments" file="/Users/msaari/wordpress-develop/tests/phpunit/tests/post/attachments.php" line="320" assertions="2" time="0.007698"/>
      <testcase name="test_wp_get_attachment_url_should_force_https_with_https_on_same_host_when_siteurl_is_non_ssl_but_ssl_is_available" class="Tests_Post_Attachments" file="/Users/msaari/wordpress-develop/tests/phpunit/tests/post/attachments.php" line="345" assertions="2" time="0.007889"/>
      <testcase name="test_wp_get_attachment_url_with_https_on_same_host_when_siteurl_is_https" class="Tests_Post_Attachments" file="/Users/msaari/wordpress-develop/tests/phpunit/tests/post/attachments.php" line="373" assertions="2" time="0.007461"/>
      <testcase name="test_wp_get_attachment_url_should_not_force_https_when_administering_over_https_but_siteurl_is_not_https" class="Tests_Post_Attachments" file="/Users/msaari/wordpress-develop/tests/phpunit/tests/post/attachments.php" line="401" assertions="2" time="0.007827"/>
      <testcase name="test_wp_get_attachment_url_should_force_https_when_administering_over_https_and_siteurl_is_https" class="Tests_Post_Attachments" file="/Users/msaari/wordpress-develop/tests/phpunit/tests/post/attachments.php" line="428" assertions="2" time="0.006818"/>
      <testcase name="test_wp_attachment_is" class="Tests_Post_Attachments" file="/Users/msaari/wordpress-develop/tests/phpunit/tests/post/attachments.php" line="453" assertions="4" time="0.007380"/>
      <testcase name="test_wp_attachment_is_default" class="Tests_Post_Attachments" file="/Users/msaari/wordpress-develop/tests/phpunit/tests/post/attachments.php" line="466" assertions="4" time="0.005694"/>
      <testcase name="test_upload_mimes_filter_is_applied" class="Tests_Post_Attachments" file="/Users/msaari/wordpress-develop/tests/phpunit/tests/post/attachments.php" line="488" assertions="2" time="0.002510"/>
      <testcase name="test_wp_mime_type_icon" class="Tests_Post_Attachments" file="/Users/msaari/wordpress-develop/tests/phpunit/tests/post/attachments.php" line="518" assertions="1" time="0.002042"/>
      <testcase name="test_wp_mime_type_icon_video" class="Tests_Post_Attachments" file="/Users/msaari/wordpress-develop/tests/phpunit/tests/post/attachments.php" line="527" assertions="1" time="0.001963"/>
    </testsuite>
    <testsuite name="Tests_Post_Filtering" file="/Users/msaari/wordpress-develop/tests/phpunit/tests/post/filtering.php" tests="5" assertions="5" failures="0" errors="0" time="0.059952">
      <testcase name="test_post_content_unknown_tag" class="Tests_Post_Filtering" file="/Users/msaari/wordpress-develop/tests/phpunit/tests/post/filtering.php" line="24" assertions="1" time="0.012461"/>
      <testcase name="test_post_content_unbalanced_tag" class="Tests_Post_Filtering" file="/Users/msaari/wordpress-develop/tests/phpunit/tests/post/filtering.php" line="41" assertions="1" time="0.010790"/>
      <testcase name="test_post_content_disallowed_attr" class="Tests_Post_Filtering" file="/Users/msaari/wordpress-develop/tests/phpunit/tests/post/filtering.php" line="58" assertions="1" time="0.012692"/>
      <testcase name="test_post_content_xhtml_empty_elem" class="Tests_Post_Filtering" file="/Users/msaari/wordpress-develop/tests/phpunit/tests/post/filtering.php" line="79" assertions="1" time="0.012512"/>
      <testcase name="test_post_content_nobalance_nextpage_more" class="Tests_Post_Filtering" file="/Users/msaari/wordpress-develop/tests/phpunit/tests/post/filtering.php" line="95" assertions="1" time="0.011497"/>
    </testsuite>
    <testsuite name="Tests_Post_Formats" file="/Users/msaari/wordpress-develop/tests/phpunit/tests/post/formats.php" tests="4" assertions="47" failures="0" errors="0" time="0.128338">
      <testcase name="test_set_get_post_format_for_post" class="Tests_Post_Formats" file="/Users/msaari/wordpress-develop/tests/phpunit/tests/post/formats.php" line="11" assertions="11" time="0.020975"/>
      <testcase name="test_set_get_post_format_for_page" class="Tests_Post_Formats" file="/Users/msaari/wordpress-develop/tests/phpunit/tests/post/formats.php" line="39" assertions="12" time="0.012590"/>
      <testcase name="test_has_format" class="Tests_Post_Formats" file="/Users/msaari/wordpress-develop/tests/phpunit/tests/post/formats.php" line="71" assertions="12" time="0.021047"/>
      <testcase name="test_get_url_in_content" class="Tests_Post_Formats" file="/Users/msaari/wordpress-develop/tests/phpunit/tests/post/formats.php" line="100" assertions="12" time="0.073726"/>
    </testsuite>
    <testsuite name="Tests_Post_GetBodyClass" file="/Users/msaari/wordpress-develop/tests/phpunit/tests/post/getBodyClass.php" tests="9" assertions="29" failures="0" errors="0" time="0.266228">
      <testcase name="test_with_utf8_category_slugs" class="Tests_Post_GetBodyClass" file="/Users/msaari/wordpress-develop/tests/phpunit/tests/post/getBodyClass.php" line="18" assertions="3" time="0.038357"/>
      <testcase name="test_with_utf8_tag_slugs" class="Tests_Post_GetBodyClass" file="/Users/msaari/wordpress-develop/tests/phpunit/tests/post/getBodyClass.php" line="37" assertions="3" time="0.035553"/>
      <testcase name="test_with_utf8_term_slugs" class="Tests_Post_GetBodyClass" file="/Users/msaari/wordpress-develop/tests/phpunit/tests/post/getBodyClass.php" line="60" assertions="3" time="0.034718"/>
      <testcase name="test_singular_body_classes" class="Tests_Post_GetBodyClass" file="/Users/msaari/wordpress-develop/tests/phpunit/tests/post/getBodyClass.php" line="100" assertions="3" time="0.022039"/>
      <testcase name="test_page_template_body_classes_no_template" class="Tests_Post_GetBodyClass" file="/Users/msaari/wordpress-develop/tests/phpunit/tests/post/getBodyClass.php" line="110" assertions="2" time="0.015585"/>
      <testcase name="test_page_template_body_classes" class="Tests_Post_GetBodyClass" file="/Users/msaari/wordpress-develop/tests/phpunit/tests/post/getBodyClass.php" line="124" assertions="4" time="0.015324"/>
      <testcase name="test_page_template_body_classes_attachment" class="Tests_Post_GetBodyClass" file="/Users/msaari/wordpress-develop/tests/phpunit/tests/post/getBodyClass.php" line="146" assertions="4" time="0.015146"/>
      <testcase name="test_page_template_body_classes_post" class="Tests_Post_GetBodyClass" file="/Users/msaari/wordpress-develop/tests/phpunit/tests/post/getBodyClass.php" line="168" assertions="4" time="0.048011"/>
      <testcase name="test_attachment_body_classes" class="Tests_Post_GetBodyClass" file="/Users/msaari/wordpress-develop/tests/phpunit/tests/post/getBodyClass.php" line="186" assertions="3" time="0.041495"/>
    </testsuite>
    <testsuite name="Tests_Post_GetPageByPath" file="/Users/msaari/wordpress-develop/tests/phpunit/tests/post/getPageByPath.php" tests="12" assertions="32" failures="0" errors="0" time="0.089222">
      <testcase name="test_get_page_by_path_priority" class="Tests_Post_GetPageByPath" file="/Users/msaari/wordpress-develop/tests/phpunit/tests/post/getPageByPath.php" line="10" assertions="4" time="0.010238"/>
      <testcase name="test_should_match_top_level_page" class="Tests_Post_GetPageByPath" file="/Users/msaari/wordpress-develop/tests/phpunit/tests/post/getPageByPath.php" line="47" assertions="1" time="0.004256"/>
      <testcase name="test_should_obey_post_type" class="Tests_Post_GetPageByPath" file="/Users/msaari/wordpress-develop/tests/phpunit/tests/post/getPageByPath.php" line="60" assertions="2" time="0.005232"/>
      <testcase name="test_should_match_nested_page" class="Tests_Post_GetPageByPath" file="/Users/msaari/wordpress-develop/tests/phpunit/tests/post/getPageByPath.php" line="77" assertions="1" time="0.009167"/>
      <testcase name="test_should_not_make_partial_match" class="Tests_Post_GetPageByPath" file="/Users/msaari/wordpress-develop/tests/phpunit/tests/post/getPageByPath.php" line="106" assertions="1" time="0.011318"/>
      <testcase name="test_should_not_match_parts_out_of_order" class="Tests_Post_GetPageByPath" file="/Users/msaari/wordpress-develop/tests/phpunit/tests/post/getPageByPath.php" line="135" assertions="1" time="0.009432"/>
      <testcase name="test_should_hit_cache" class="Tests_Post_GetPageByPath" file="/Users/msaari/wordpress-develop/tests/phpunit/tests/post/getPageByPath.php" line="167" assertions="3" time="0.004984"/>
      <testcase name="test_bad_path_should_be_cached" class="Tests_Post_GetPageByPath" file="/Users/msaari/wordpress-develop/tests/phpunit/tests/post/getPageByPath.php" line="191" assertions="3" time="0.001759"/>
      <testcase name="test_bad_path_served_from_cache_should_not_fall_back_on_current_post" class="Tests_Post_GetPageByPath" file="/Users/msaari/wordpress-develop/tests/phpunit/tests/post/getPageByPath.php" line="208" assertions="3" time="0.009956"/>
      <testcase name="test_cache_should_not_match_post_in_different_post_type_with_same_path" class="Tests_Post_GetPageByPath" file="/Users/msaari/wordpress-develop/tests/phpunit/tests/post/getPageByPath.php" line="230" assertions="3" time="0.007913"/>
      <testcase name="test_cache_should_be_invalidated_when_post_name_is_edited" class="Tests_Post_GetPageByPath" file="/Users/msaari/wordpress-develop/tests/phpunit/tests/post/getPageByPath.php" line="264" assertions="3" time="0.009822"/>
      <testcase name="test_output_param_should_be_obeyed_for_cached_value" class="Tests_Post_GetPageByPath" file="/Users/msaari/wordpress-develop/tests/phpunit/tests/post/getPageByPath.php" line="296" assertions="7" time="0.005145"/>
    </testsuite>
    <testsuite name="Tests_Post_GetPageChildren" file="/Users/msaari/wordpress-develop/tests/phpunit/tests/post/getPageChildren.php" tests="5" assertions="5" failures="0" errors="0" time="0.007238">
      <testcase name="test_page_id_0_should_return_all_pages_in_tree_and_exclude_pages_not_in_tree" class="Tests_Post_GetPageChildren" file="/Users/msaari/wordpress-develop/tests/phpunit/tests/post/getPageChildren.php" line="68" assertions="1" time="0.001441"/>
      <testcase name="test_hierarchical_order_should_be_respected_in_results" class="Tests_Post_GetPageChildren" file="/Users/msaari/wordpress-develop/tests/phpunit/tests/post/getPageChildren.php" line="74" assertions="1" time="0.001490"/>
      <testcase name="test_not_all_pages_should_be_returned_when_page_id_is_in_the_middle_of_the_tree" class="Tests_Post_GetPageChildren" file="/Users/msaari/wordpress-develop/tests/phpunit/tests/post/getPageChildren.php" line="80" assertions="1" time="0.001365"/>
      <testcase name="test_page_id_that_is_a_leaf_should_return_empty_array" class="Tests_Post_GetPageChildren" file="/Users/msaari/wordpress-develop/tests/phpunit/tests/post/getPageChildren.php" line="86" assertions="1" time="0.001401"/>
      <testcase name="test_nonzero_page_id_not_matching_any_actual_post_id_should_return_empty_array" class="Tests_Post_GetPageChildren" file="/Users/msaari/wordpress-develop/tests/phpunit/tests/post/getPageChildren.php" line="91" assertions="1" time="0.001541"/>
    </testsuite>
    <testsuite name="Tests_Post_getPageUri" file="/Users/msaari/wordpress-develop/tests/phpunit/tests/post/getPageUri.php" tests="5" assertions="7" failures="0" errors="0" time="0.086360">
      <testcase name="test_get_page_uri_with_stdclass_post_object" class="Tests_Post_getPageUri" file="/Users/msaari/wordpress-develop/tests/phpunit/tests/post/getPageUri.php" line="11" assertions="1" time="0.012395"/>
      <testcase name="test_get_page_uri_with_nonexistent_post" class="Tests_Post_getPageUri" file="/Users/msaari/wordpress-develop/tests/phpunit/tests/post/getPageUri.php" line="25" assertions="1" time="0.002254"/>
      <testcase name="test_get_post_uri_check_orphan" class="Tests_Post_getPageUri" file="/Users/msaari/wordpress-develop/tests/phpunit/tests/post/getPageUri.php" line="34" assertions="3" time="0.024275"/>
      <testcase name="test_get_page_uri_with_a_draft_parent_with_empty_slug" class="Tests_Post_getPageUri" file="/Users/msaari/wordpress-develop/tests/phpunit/tests/post/getPageUri.php" line="57" assertions="1" time="0.033237"/>
      <testcase name="test_get_page_uri_without_argument" class="Tests_Post_getPageUri" file="/Users/msaari/wordpress-develop/tests/phpunit/tests/post/getPageUri.php" line="80" assertions="1" time="0.014199"/>
    </testsuite>
    <testsuite name="Tests_Post_getPages" file="/Users/msaari/wordpress-develop/tests/phpunit/tests/post/getPages.php" tests="17" assertions="81" failures="0" errors="0" time="0.311314">
      <testcase name="test_get_pages_cache" class="Tests_Post_getPages" file="/Users/msaari/wordpress-develop/tests/phpunit/tests/post/getPages.php" line="15" assertions="40" time="0.016432"/>
      <testcase name="test_cache_should_be_invalidated_by_add_post_meta" class="Tests_Post_getPages" file="/Users/msaari/wordpress-develop/tests/phpunit/tests/post/getPages.php" line="108" assertions="2" time="0.010556"/>
      <testcase name="test_cache_should_be_invalidated_by_update_post_meta" class="Tests_Post_getPages" file="/Users/msaari/wordpress-develop/tests/phpunit/tests/post/getPages.php" line="144" assertions="2" time="0.010975"/>
      <testcase name="test_cache_should_be_invalidated_by_delete_post_meta" class="Tests_Post_getPages" file="/Users/msaari/wordpress-develop/tests/phpunit/tests/post/getPages.php" line="181" assertions="2" time="0.011502"/>
      <testcase name="test_cache_should_be_invalidated_by_delete_post_meta_by_key" class="Tests_Post_getPages" file="/Users/msaari/wordpress-develop/tests/phpunit/tests/post/getPages.php" line="218" assertions="2" time="0.010773"/>
      <testcase name="test_get_pages_meta" class="Tests_Post_getPages" file="/Users/msaari/wordpress-develop/tests/phpunit/tests/post/getPages.php" line="255" assertions="3" time="0.014712"/>
      <testcase name="test_get_pages_include_exclude" class="Tests_Post_getPages" file="/Users/msaari/wordpress-develop/tests/phpunit/tests/post/getPages.php" line="289" assertions="2" time="0.049882"/>
      <testcase name="test_get_pages_parent" class="Tests_Post_getPages" file="/Users/msaari/wordpress-develop/tests/phpunit/tests/post/getPages.php" line="315" assertions="6" time="0.013747"/>
      <testcase name="test_wp_dropdown_pages" class="Tests_Post_getPages" file="/Users/msaari/wordpress-develop/tests/phpunit/tests/post/getPages.php" line="373" assertions="1" time="0.014501"/>
      <testcase name="test_get_chidren_fields_ids" class="Tests_Post_getPages" file="/Users/msaari/wordpress-develop/tests/phpunit/tests/post/getPages.php" line="384" assertions="1" time="0.054552"/>
      <testcase name="test_get_pages_hierarchical_and_no_parent" class="Tests_Post_getPages" file="/Users/msaari/wordpress-develop/tests/phpunit/tests/post/getPages.php" line="400" assertions="2" time="0.013075"/>
      <testcase name="test_get_pages_hierarchical_empty_child_of" class="Tests_Post_getPages" file="/Users/msaari/wordpress-develop/tests/phpunit/tests/post/getPages.php" line="450" assertions="2" time="0.013062"/>
      <testcase name="test_get_pages_non_hierarchical_empty_child_of" class="Tests_Post_getPages" file="/Users/msaari/wordpress-develop/tests/phpunit/tests/post/getPages.php" line="496" assertions="1" time="0.013421"/>
      <testcase name="test_get_pages_hierarchical_non_empty_child_of" class="Tests_Post_getPages" file="/Users/msaari/wordpress-develop/tests/phpunit/tests/post/getPages.php" line="532" assertions="1" time="0.014989"/>
      <testcase name="test_get_pages_non_hierarchical_non_empty_child_of" class="Tests_Post_getPages" file="/Users/msaari/wordpress-develop/tests/phpunit/tests/post/getPages.php" line="575" assertions="2" time="0.014658"/>
      <testcase name="test_wp_list_pages_classes" class="Tests_Post_getPages" file="/Users/msaari/wordpress-develop/tests/phpunit/tests/post/getPages.php" line="624" assertions="5" time="0.012386"/>
      <testcase name="test_exclude_tree" class="Tests_Post_getPages" file="/Users/msaari/wordpress-develop/tests/phpunit/tests/post/getPages.php" line="657" assertions="7" time="0.022091"/>
    </testsuite>
    <testsuite name="Tests_Post_GetPostClass" file="/Users/msaari/wordpress-develop/tests/phpunit/tests/post/getPostClass.php" tests="8" assertions="19" failures="0" errors="0" time="0.199288">
      <testcase name="test_with_tags" class="Tests_Post_GetPostClass" file="/Users/msaari/wordpress-develop/tests/phpunit/tests/post/getPostClass.php" line="15" assertions="2" time="0.023404"/>
      <testcase name="test_with_categories" class="Tests_Post_GetPostClass" file="/Users/msaari/wordpress-develop/tests/phpunit/tests/post/getPostClass.php" line="24" assertions="2" time="0.025561"/>
      <testcase name="test_with_custom_taxonomy" class="Tests_Post_GetPostClass" file="/Users/msaari/wordpress-develop/tests/phpunit/tests/post/getPostClass.php" line="37" assertions="2" time="0.023227"/>
      <testcase name="test_with_custom_classes_and_no_post" class="Tests_Post_GetPostClass" file="/Users/msaari/wordpress-develop/tests/phpunit/tests/post/getPostClass.php" line="50" assertions="3" time="0.011928"/>
      <testcase name="test_with_utf8_category_slugs" class="Tests_Post_GetPostClass" file="/Users/msaari/wordpress-develop/tests/phpunit/tests/post/getPostClass.php" line="59" assertions="3" time="0.030531"/>
      <testcase name="test_with_utf8_tag_slugs" class="Tests_Post_GetPostClass" file="/Users/msaari/wordpress-develop/tests/phpunit/tests/post/getPostClass.php" line="75" assertions="3" time="0.028488"/>
      <testcase name="test_with_utf8_term_slugs" class="Tests_Post_GetPostClass" file="/Users/msaari/wordpress-develop/tests/phpunit/tests/post/getPostClass.php" line="91" assertions="3" time="0.026566"/>
      <testcase name="test_taxonomy_classes_hit_cache" class="Tests_Post_GetPostClass" file="/Users/msaari/wordpress-develop/tests/phpunit/tests/post/getPostClass.php" line="123" assertions="1" time="0.029583"/>
    </testsuite>
    <testsuite name="Tests_Get_Post_Type_Labels" file="/Users/msaari/wordpress-develop/tests/phpunit/tests/post/getPostTypeLabels.php" tests="9" assertions="12" failures="0" errors="0" time="0.014747">
      <testcase name="test_returns_an_object" class="Tests_Get_Post_Type_Labels" file="/Users/msaari/wordpress-develop/tests/phpunit/tests/post/getPostTypeLabels.php" line="7" assertions="1" time="0.001908"/>
      <testcase name="test_returns_hierachical_labels" class="Tests_Get_Post_Type_Labels" file="/Users/msaari/wordpress-develop/tests/phpunit/tests/post/getPostTypeLabels.php" line="20" assertions="1" time="0.001535"/>
      <testcase name="test_existing_labels_are_not_overridden" class="Tests_Get_Post_Type_Labels" file="/Users/msaari/wordpress-develop/tests/phpunit/tests/post/getPostTypeLabels.php" line="32" assertions="1" time="0.001761"/>
      <testcase name="test_name_admin_bar_label_should_fall_back_to_singular_name" class="Tests_Get_Post_Type_Labels" file="/Users/msaari/wordpress-develop/tests/phpunit/tests/post/getPostTypeLabels.php" line="46" assertions="1" time="0.001905"/>
      <testcase name="test_name_admin_bar_label_should_fall_back_to_post_type_name" class="Tests_Get_Post_Type_Labels" file="/Users/msaari/wordpress-develop/tests/phpunit/tests/post/getPostTypeLabels.php" line="61" assertions="1" time="0.001656"/>
      <testcase name="test_menu_name_should_fall_back_to_name" class="Tests_Get_Post_Type_Labels" file="/Users/msaari/wordpress-develop/tests/phpunit/tests/post/getPostTypeLabels.php" line="73" assertions="1" time="0.001483"/>
      <testcase name="test_labels_should_be_added_when_registering_a_post_type" class="Tests_Get_Post_Type_Labels" file="/Users/msaari/wordpress-develop/tests/phpunit/tests/post/getPostTypeLabels.php" line="87" assertions="3" time="0.001526"/>
      <testcase name="test_label_should_be_derived_from_labels_when_registering_a_post_type" class="Tests_Get_Post_Type_Labels" file="/Users/msaari/wordpress-develop/tests/phpunit/tests/post/getPostTypeLabels.php" line="104" assertions="1" time="0.001486"/>
      <testcase name="test_should_fall_back_on_defaults_when_filtered_labels_do_not_contain_the_keys" class="Tests_Get_Post_Type_Labels" file="/Users/msaari/wordpress-develop/tests/phpunit/tests/post/getPostTypeLabels.php" line="122" assertions="2" time="0.001488"/>
    </testsuite>
    <testsuite name="Tests_Post_GetPosts" file="/Users/msaari/wordpress-develop/tests/phpunit/tests/post/getPosts.php" tests="6" assertions="6" failures="0" errors="0" time="0.133744">
      <testcase name="test_offset_should_be_null_by_default" class="Tests_Post_GetPosts" file="/Users/msaari/wordpress-develop/tests/phpunit/tests/post/getPosts.php" line="8" assertions="1" time="0.020144"/>
      <testcase name="test_offset_0_should_be_respected" class="Tests_Post_GetPosts" file="/Users/msaari/wordpress-develop/tests/phpunit/tests/post/getPosts.php" line="32" assertions="1" time="0.021511"/>
      <testcase name="test_offset_non_0_should_be_respected" class="Tests_Post_GetPosts" file="/Users/msaari/wordpress-develop/tests/phpunit/tests/post/getPosts.php" line="57" assertions="1" time="0.021032"/>
      <testcase name="test_paged_should_not_be_overridden_by_default_offset" class="Tests_Post_GetPosts" file="/Users/msaari/wordpress-develop/tests/phpunit/tests/post/getPosts.php" line="85" assertions="1" time="0.021636"/>
      <testcase name="test_explicit_offset_0_should_override_paged" class="Tests_Post_GetPosts" file="/Users/msaari/wordpress-develop/tests/phpunit/tests/post/getPosts.php" line="110" assertions="1" time="0.020715"/>
      <testcase name="test_explicit_offset_non_0_should_override_paged" class="Tests_Post_GetPosts" file="/Users/msaari/wordpress-develop/tests/phpunit/tests/post/getPosts.php" line="136" assertions="1" time="0.028706"/>
    </testsuite>
    <testsuite name="Tests_Post_GetPostsByAuthorSql" file="/Users/msaari/wordpress-develop/tests/phpunit/tests/post/getPostsByAuthorSql.php" tests="16" assertions="21" failures="0" errors="0" time="0.139280">
      <testcase name="test_post_type_post" class="Tests_Post_GetPostsByAuthorSql" file="/Users/msaari/wordpress-develop/tests/phpunit/tests/post/getPostsByAuthorSql.php" line="8" assertions="1" time="0.001502"/>
      <testcase name="test_post_type_page" class="Tests_Post_GetPostsByAuthorSql" file="/Users/msaari/wordpress-develop/tests/phpunit/tests/post/getPostsByAuthorSql.php" line="13" assertions="1" time="0.001538"/>
      <testcase name="test_non_existent_post_type" class="Tests_Post_GetPostsByAuthorSql" file="/Users/msaari/wordpress-develop/tests/phpunit/tests/post/getPostsByAuthorSql.php" line="18" assertions="1" time="0.001430"/>
      <testcase name="test_multiple_post_types" class="Tests_Post_GetPostsByAuthorSql" file="/Users/msaari/wordpress-develop/tests/phpunit/tests/post/getPostsByAuthorSql.php" line="23" assertions="2" time="0.001495"/>
      <testcase name="test_full_true" class="Tests_Post_GetPostsByAuthorSql" file="/Users/msaari/wordpress-develop/tests/phpunit/tests/post/getPostsByAuthorSql.php" line="35" assertions="1" time="0.001394"/>
      <testcase name="test_full_false" class="Tests_Post_GetPostsByAuthorSql" file="/Users/msaari/wordpress-develop/tests/phpunit/tests/post/getPostsByAuthorSql.php" line="40" assertions="1" time="0.001384"/>
      <testcase name="test_post_type_clause_should_be_included_when_full_is_true" class="Tests_Post_GetPostsByAuthorSql" file="/Users/msaari/wordpress-develop/tests/phpunit/tests/post/getPostsByAuthorSql.php" line="45" assertions="1" time="0.001383"/>
      <testcase name="test_post_type_clause_should_be_included_when_full_is_false" class="Tests_Post_GetPostsByAuthorSql" file="/Users/msaari/wordpress-develop/tests/phpunit/tests/post/getPostsByAuthorSql.php" line="50" assertions="1" time="0.001364"/>
      <testcase name="test_post_author_should_create_post_author_clause" class="Tests_Post_GetPostsByAuthorSql" file="/Users/msaari/wordpress-develop/tests/phpunit/tests/post/getPostsByAuthorSql.php" line="55" assertions="1" time="0.001527"/>
      <testcase name="test_public_only_true_should_not_allow_any_private_posts_for_loggedin_user" class="Tests_Post_GetPostsByAuthorSql" file="/Users/msaari/wordpress-develop/tests/phpunit/tests/post/getPostsByAuthorSql.php" line="60" assertions="1" time="0.016999"/>
      <testcase name="test_public_only_should_default_to_false" class="Tests_Post_GetPostsByAuthorSql" file="/Users/msaari/wordpress-develop/tests/phpunit/tests/post/getPostsByAuthorSql.php" line="71" assertions="1" time="0.015755"/>
      <testcase name="test_public_only_false_should_allow_current_user_access_to_own_private_posts_when_current_user_matches_post_author" class="Tests_Post_GetPostsByAuthorSql" file="/Users/msaari/wordpress-develop/tests/phpunit/tests/post/getPostsByAuthorSql.php" line="81" assertions="1" time="0.016199"/>
      <testcase name="test_public_only_false_should_not_allow_access_to_private_posts_if_current_user_is_not_post_author" class="Tests_Post_GetPostsByAuthorSql" file="/Users/msaari/wordpress-develop/tests/phpunit/tests/post/getPostsByAuthorSql.php" line="92" assertions="1" time="0.028939"/>
      <testcase name="test_public_only_false_should_allow_current_user_access_to_own_private_posts_when_post_author_is_not_provided" class="Tests_Post_GetPostsByAuthorSql" file="/Users/msaari/wordpress-develop/tests/phpunit/tests/post/getPostsByAuthorSql.php" line="104" assertions="2" time="0.015448"/>
      <testcase name="test_administrator_should_have_access_to_private_posts_when_public_only_is_false" class="Tests_Post_GetPostsByAuthorSql" file="/Users/msaari/wordpress-develop/tests/phpunit/tests/post/getPostsByAuthorSql.php" line="116" assertions="2" time="0.015306"/>
      <testcase name="test_user_has_access_only_to_private_posts_for_certain_post_types" class="Tests_Post_GetPostsByAuthorSql" file="/Users/msaari/wordpress-develop/tests/phpunit/tests/post/getPostsByAuthorSql.php" line="128" assertions="3" time="0.017617"/>
    </testsuite>
    <testsuite name="Tests_Post_GetTheExcerpt" file="/Users/msaari/wordpress-develop/tests/phpunit/tests/post/getTheExcerpt.php" tests="5" assertions="10" failures="0" errors="0" time="0.046330">
      <testcase name="test_the_excerpt_invalid_post" class="Tests_Post_GetTheExcerpt" file="/Users/msaari/wordpress-develop/tests/phpunit/tests/post/getTheExcerpt.php" line="12" assertions="2" time="0.001706"/>
      <testcase name="test_the_excerpt_deprecated" class="Tests_Post_GetTheExcerpt" file="/Users/msaari/wordpress-develop/tests/phpunit/tests/post/getTheExcerpt.php" line="21" assertions="3" time="0.001790"/>
      <testcase name="test_the_excerpt" class="Tests_Post_GetTheExcerpt" file="/Users/msaari/wordpress-develop/tests/phpunit/tests/post/getTheExcerpt.php" line="29" assertions="2" time="0.010813"/>
      <testcase name="test_the_excerpt_password_protected_post" class="Tests_Post_GetTheExcerpt" file="/Users/msaari/wordpress-develop/tests/phpunit/tests/post/getTheExcerpt.php" line="39" assertions="2" time="0.011374"/>
      <testcase name="test_the_excerpt_specific_post" class="Tests_Post_GetTheExcerpt" file="/Users/msaari/wordpress-develop/tests/phpunit/tests/post/getTheExcerpt.php" line="55" assertions="1" time="0.020647"/>
    </testsuite>
    <testsuite name="Tests_Post_IsPostTypeViewable" file="/Users/msaari/wordpress-develop/tests/phpunit/tests/post/isPostTypeViewable.php" tests="8" assertions="9" failures="0" errors="0" time="0.014168">
      <testcase name="test_should_return_false_for_non_publicly_queryable_types" class="Tests_Post_IsPostTypeViewable" file="/Users/msaari/wordpress-develop/tests/phpunit/tests/post/isPostTypeViewable.php" line="7" assertions="1" time="0.001588"/>
      <testcase name="test_should_return_true_for_publicly_queryable_types" class="Tests_Post_IsPostTypeViewable" file="/Users/msaari/wordpress-develop/tests/phpunit/tests/post/isPostTypeViewable.php" line="22" assertions="1" time="0.001778"/>
      <testcase name="test_should_return_false_for_builtin_nonpublic_types" class="Tests_Post_IsPostTypeViewable" file="/Users/msaari/wordpress-develop/tests/phpunit/tests/post/isPostTypeViewable.php" line="37" assertions="1" time="0.001777"/>
      <testcase name="test_should_return_false_for_nonbuiltin_public_types" class="Tests_Post_IsPostTypeViewable" file="/Users/msaari/wordpress-develop/tests/phpunit/tests/post/isPostTypeViewable.php" line="52" assertions="1" time="0.002396"/>
      <testcase name="test_should_return_true_for_builtin_public_types" class="Tests_Post_IsPostTypeViewable" file="/Users/msaari/wordpress-develop/tests/phpunit/tests/post/isPostTypeViewable.php" line="67" assertions="1" time="0.001948"/>
      <testcase name="test_postpage_should_be_viewable" class="Tests_Post_IsPostTypeViewable" file="/Users/msaari/wordpress-develop/tests/phpunit/tests/post/isPostTypeViewable.php" line="82" assertions="2" time="0.001605"/>
      <testcase name="test_should_accept_post_type_name" class="Tests_Post_IsPostTypeViewable" file="/Users/msaari/wordpress-develop/tests/phpunit/tests/post/isPostTypeViewable.php" line="93" assertions="1" time="0.001560"/>
      <testcase name="test_should_return_false_for_bad_post_type_name" class="Tests_Post_IsPostTypeViewable" file="/Users/msaari/wordpress-develop/tests/phpunit/tests/post/isPostTypeViewable.php" line="109" assertions="1" time="0.001515"/>
    </testsuite>
    <testsuite name="Tests_List_Pages" file="/Users/msaari/wordpress-develop/tests/phpunit/tests/post/listPages.php" tests="16" assertions="16" failures="0" errors="0" time="0.050669">
      <testcase name="test_wp_list_pages_default" class="Tests_List_Pages" file="/Users/msaari/wordpress-develop/tests/phpunit/tests/post/listPages.php" line="109" assertions="1" time="0.005518"/>
      <testcase name="test_wp_list_pages_depth" class="Tests_List_Pages" file="/Users/msaari/wordpress-develop/tests/phpunit/tests/post/listPages.php" line="140" assertions="1" time="0.002450"/>
      <testcase name="test_wp_list_pages_show_date" class="Tests_List_Pages" file="/Users/msaari/wordpress-develop/tests/phpunit/tests/post/listPages.php" line="154" assertions="1" time="0.002443"/>
      <testcase name="test_wp_list_pages_date_format" class="Tests_List_Pages" file="/Users/msaari/wordpress-develop/tests/phpunit/tests/post/listPages.php" line="170" assertions="1" time="0.004123"/>
      <testcase name="test_wp_list_pages_child_of" class="Tests_List_Pages" file="/Users/msaari/wordpress-develop/tests/phpunit/tests/post/listPages.php" line="204" assertions="1" time="0.002237"/>
      <testcase name="test_wp_list_pages_exclude" class="Tests_List_Pages" file="/Users/msaari/wordpress-develop/tests/phpunit/tests/post/listPages.php" line="218" assertions="1" time="0.004218"/>
      <testcase name="test_wp_list_pages_title_li" class="Tests_List_Pages" file="/Users/msaari/wordpress-develop/tests/phpunit/tests/post/listPages.php" line="246" assertions="1" time="0.002366"/>
      <testcase name="test_wp_list_pages_echo" class="Tests_List_Pages" file="/Users/msaari/wordpress-develop/tests/phpunit/tests/post/listPages.php" line="261" assertions="1" time="0.002268"/>
      <testcase name="test_wp_list_pages_authors" class="Tests_List_Pages" file="/Users/msaari/wordpress-develop/tests/phpunit/tests/post/listPages.php" line="275" assertions="1" time="0.002086"/>
      <testcase name="test_wp_list_pages_number" class="Tests_List_Pages" file="/Users/msaari/wordpress-develop/tests/phpunit/tests/post/listPages.php" line="287" assertions="1" time="0.002037"/>
      <testcase name="test_wp_list_pages_sort_column" class="Tests_List_Pages" file="/Users/msaari/wordpress-develop/tests/phpunit/tests/post/listPages.php" line="299" assertions="1" time="0.004216"/>
      <testcase name="test_wp_list_pages_link_before" class="Tests_List_Pages" file="/Users/msaari/wordpress-develop/tests/phpunit/tests/post/listPages.php" line="332" assertions="1" time="0.004472"/>
      <testcase name="test_wp_list_pages_link_after" class="Tests_List_Pages" file="/Users/msaari/wordpress-develop/tests/phpunit/tests/post/listPages.php" line="364" assertions="1" time="0.003946"/>
      <testcase name="test_wp_list_pages_include" class="Tests_List_Pages" file="/Users/msaari/wordpress-develop/tests/phpunit/tests/post/listPages.php" line="397" assertions="1" time="0.002221"/>
      <testcase name="test_wp_list_pages_exclude_tree" class="Tests_List_Pages" file="/Users/msaari/wordpress-develop/tests/phpunit/tests/post/listPages.php" line="410" assertions="1" time="0.002352"/>
      <testcase name="test_wp_list_pages_discarded_whitespace" class="Tests_List_Pages" file="/Users/msaari/wordpress-develop/tests/phpunit/tests/post/listPages.php" line="428" assertions="1" time="0.003716"/>
    </testsuite>
    <testsuite name="Tests_Post_Meta" file="/Users/msaari/wordpress-develop/tests/phpunit/tests/post/meta.php" tests="15" assertions="85" failures="0" errors="0" time="0.045288">
      <testcase name="test_unique_postmeta" class="Tests_Post_Meta" file="/Users/msaari/wordpress-develop/tests/phpunit/tests/post/meta.php" line="47" assertions="8" time="0.003812"/>
      <testcase name="test_nonunique_postmeta" class="Tests_Post_Meta" file="/Users/msaari/wordpress-develop/tests/phpunit/tests/post/meta.php" line="70" assertions="12" time="0.004707"/>
      <testcase name="test_update_post_meta" class="Tests_Post_Meta" file="/Users/msaari/wordpress-develop/tests/phpunit/tests/post/meta.php" line="107" assertions="14" time="0.005057"/>
      <testcase name="test_delete_post_meta" class="Tests_Post_Meta" file="/Users/msaari/wordpress-develop/tests/phpunit/tests/post/meta.php" line="134" assertions="6" time="0.003818"/>
      <testcase name="test_delete_post_meta_by_key" class="Tests_Post_Meta" file="/Users/msaari/wordpress-develop/tests/phpunit/tests/post/meta.php" line="151" assertions="7" time="0.004026"/>
      <testcase name="test_get_post_meta_by_id" class="Tests_Post_Meta" file="/Users/msaari/wordpress-develop/tests/phpunit/tests/post/meta.php" line="168" assertions="4" time="0.003943"/>
      <testcase name="test_delete_meta" class="Tests_Post_Meta" file="/Users/msaari/wordpress-develop/tests/phpunit/tests/post/meta.php" line="188" assertions="4" time="0.003317"/>
      <testcase name="test_update_meta" class="Tests_Post_Meta" file="/Users/msaari/wordpress-develop/tests/phpunit/tests/post/meta.php" line="198" assertions="16" time="0.005069"/>
      <testcase name="test_funky_post_meta" class="Tests_Post_Meta" file="/Users/msaari/wordpress-develop/tests/phpunit/tests/post/meta.php" line="233" assertions="2" time="0.002574"/>
      <testsuite name="Tests_Post_Meta::test_register_post_meta" tests="3" assertions="9" failures="0" errors="0" time="0.004267">
        <testcase name="test_register_post_meta with data set #0" assertions="3" time="0.001432"/>
        <testcase name="test_register_post_meta with data set #1" assertions="3" time="0.001372"/>
        <testcase name="test_register_post_meta with data set #2" assertions="3" time="0.001463"/>
      </testsuite>
      <testsuite name="Tests_Post_Meta::test_unregister_post_meta" tests="3" assertions="3" failures="0" errors="0" time="0.004698">
        <testcase name="test_unregister_post_meta with data set #0" assertions="1" time="0.001674"/>
        <testcase name="test_unregister_post_meta with data set #1" assertions="1" time="0.001553"/>
        <testcase name="test_unregister_post_meta with data set #2" assertions="1" time="0.001471"/>
      </testsuite>
    </testsuite>
    <testsuite name="Test_Nav_Menus" file="/Users/msaari/wordpress-develop/tests/phpunit/tests/post/nav-menu.php" tests="24" assertions="64" failures="0" errors="0" time="0.830052">
      <testcase name="test_wp_nav_menu_empty_container" class="Test_Nav_Menus" file="/Users/msaari/wordpress-develop/tests/phpunit/tests/post/nav-menu.php" line="21" assertions="1" time="0.018622"/>
      <testcase name="test_wp_get_associated_nav_menu_items" class="Test_Nav_Menus" file="/Users/msaari/wordpress-develop/tests/phpunit/tests/post/nav-menu.php" line="46" assertions="10" time="0.177266"/>
      <testcase name="test_orphan_nav_menu_item" class="Test_Nav_Menus" file="/Users/msaari/wordpress-develop/tests/phpunit/tests/post/nav-menu.php" line="143" assertions="2" time="0.027573"/>
      <testcase name="test_wp_get_nav_menu_items_with_taxonomy_term" class="Test_Nav_Menus" file="/Users/msaari/wordpress-develop/tests/phpunit/tests/post/nav-menu.php" line="176" assertions="2" time="0.027590"/>
      <testcase name="test_wp_get_nav_menu_name" class="Test_Nav_Menus" file="/Users/msaari/wordpress-develop/tests/phpunit/tests/post/nav-menu.php" line="208" assertions="1" time="0.008494"/>
      <testcase name="test_orderby_name_by_default" class="Test_Nav_Menus" file="/Users/msaari/wordpress-develop/tests/phpunit/tests/post/nav-menu.php" line="227" assertions="1" time="0.032462"/>
      <testcase name="test_wp_setup_nav_menu_item_for_post_type_archive" class="Test_Nav_Menus" file="/Users/msaari/wordpress-develop/tests/phpunit/tests/post/nav-menu.php" line="256" assertions="2" time="0.017513"/>
      <testcase name="test_wp_setup_nav_menu_item_for_post_type_archive_no_description" class="Test_Nav_Menus" file="/Users/msaari/wordpress-develop/tests/phpunit/tests/post/nav-menu.php" line="289" assertions="2" time="0.016065"/>
      <testcase name="test_wp_setup_nav_menu_item_for_post_type_archive_custom_description" class="Test_Nav_Menus" file="/Users/msaari/wordpress-develop/tests/phpunit/tests/post/nav-menu.php" line="320" assertions="2" time="0.016093"/>
      <testcase name="test_wp_setup_nav_menu_item_for_unknown_post_type_archive_no_description" class="Test_Nav_Menus" file="/Users/msaari/wordpress-develop/tests/phpunit/tests/post/nav-menu.php" line="355" assertions="1" time="0.015591"/>
      <testcase name="test_wp_setup_nav_menu_item_for_trashed_post" class="Test_Nav_Menus" file="/Users/msaari/wordpress-develop/tests/phpunit/tests/post/nav-menu.php" line="376" assertions="1" time="0.023549"/>
      <testcase name="test_wp_nav_menu_whitespace_options" class="Test_Nav_Menus" file="/Users/msaari/wordpress-develop/tests/phpunit/tests/post/nav-menu.php" line="402" assertions="4" time="0.108261"/>
      <testcase name="test_wp_nav_menu_filters_are_passed_args_object" class="Test_Nav_Menus" file="/Users/msaari/wordpress-develop/tests/phpunit/tests/post/nav-menu.php" line="489" assertions="9" time="0.032040"/>
      <testcase name="test_no_front_page_class_applied" class="Test_Nav_Menus" file="/Users/msaari/wordpress-develop/tests/phpunit/tests/post/nav-menu.php" line="577" assertions="1" time="0.020590"/>
      <testcase name="test_class_applied_to_front_page_item" class="Test_Nav_Menus" file="/Users/msaari/wordpress-develop/tests/phpunit/tests/post/nav-menu.php" line="608" assertions="1" time="0.022159"/>
      <testcase name="test_class_not_applied_to_taxonomies_with_same_id_as_front_page_item" class="Test_Nav_Menus" file="/Users/msaari/wordpress-develop/tests/phpunit/tests/post/nav-menu.php" line="641" assertions="1" time="0.025319"/>
      <testcase name="test_wp_delete_customize_changeset_dependent_auto_drafts" class="Test_Nav_Menus" file="/Users/msaari/wordpress-develop/tests/phpunit/tests/post/nav-menu.php" line="684" assertions="6" time="0.071060"/>
      <testcase name="test_parent_ancestor_for_post_archive" class="Test_Nav_Menus" file="/Users/msaari/wordpress-develop/tests/phpunit/tests/post/nav-menu.php" line="738" assertions="11" time="0.053229"/>
      <testsuite name="Test_Nav_Menus::test_iri_current_menu_item" tests="6" assertions="6" failures="0" errors="0" time="0.116577">
        <testcase name="test_iri_current_menu_item with data set #0" assertions="1" time="0.020305"/>
        <testcase name="test_iri_current_menu_item with data set #1" assertions="1" time="0.018822"/>
        <testcase name="test_iri_current_menu_item with data set #2" assertions="1" time="0.020056"/>
        <testcase name="test_iri_current_menu_item with data set #3" assertions="1" time="0.019382"/>
        <testcase name="test_iri_current_menu_item with data set #4" assertions="1" time="0.019437"/>
        <testcase name="test_iri_current_menu_item with data set #5" assertions="1" time="0.018575"/>
      </testsuite>
    </testsuite>
    <testsuite name="Tests_Post_Objects" file="/Users/msaari/wordpress-develop/tests/phpunit/tests/post/objects.php" tests="10" assertions="83" failures="0" errors="0" time="0.189800">
      <testcase name="test_get_post" class="Tests_Post_Objects" file="/Users/msaari/wordpress-develop/tests/phpunit/tests/post/objects.php" line="8" assertions="26" time="0.015491"/>
      <testcase name="test_get_post_ancestors" class="Tests_Post_Objects" file="/Users/msaari/wordpress-develop/tests/phpunit/tests/post/objects.php" line="69" assertions="11" time="0.055035"/>
      <testcase name="test_get_post_ancestors_with_falsey_values" class="Tests_Post_Objects" file="/Users/msaari/wordpress-develop/tests/phpunit/tests/post/objects.php" line="104" assertions="10" time="0.002023"/>
      <testcase name="test_get_post_category_property" class="Tests_Post_Objects" file="/Users/msaari/wordpress-develop/tests/phpunit/tests/post/objects.php" line="111" assertions="7" time="0.030939"/>
      <testcase name="test_get_tags_input_property" class="Tests_Post_Objects" file="/Users/msaari/wordpress-develop/tests/phpunit/tests/post/objects.php" line="130" assertions="8" time="0.026605"/>
      <testcase name="test_get_page_template_property" class="Tests_Post_Objects" file="/Users/msaari/wordpress-develop/tests/phpunit/tests/post/objects.php" line="147" assertions="5" time="0.011879"/>
      <testcase name="test_get_post_filter" class="Tests_Post_Objects" file="/Users/msaari/wordpress-develop/tests/phpunit/tests/post/objects.php" line="161" assertions="8" time="0.010889"/>
      <testcase name="test_get_post_identity" class="Tests_Post_Objects" file="/Users/msaari/wordpress-develop/tests/phpunit/tests/post/objects.php" line="188" assertions="2" time="0.011600"/>
      <testcase name="test_get_post_array" class="Tests_Post_Objects" file="/Users/msaari/wordpress-develop/tests/phpunit/tests/post/objects.php" line="197" assertions="3" time="0.013764"/>
      <testcase name="test_get_post_cache" class="Tests_Post_Objects" file="/Users/msaari/wordpress-develop/tests/phpunit/tests/post/objects.php" line="210" assertions="3" time="0.011575"/>
    </testsuite>
    <testsuite name="Tests_Post_Output" file="/Users/msaari/wordpress-develop/tests/phpunit/tests/post/output.php" tests="5" assertions="20" failures="0" errors="0" time="0.071701">
      <testcase name="test_the_content" class="Tests_Post_Output" file="/Users/msaari/wordpress-develop/tests/phpunit/tests/post/output.php" line="43" assertions="4" time="0.013385"/>
      <testcase name="test_the_content_shortcode" class="Tests_Post_Output" file="/Users/msaari/wordpress-develop/tests/phpunit/tests/post/output.php" line="66" assertions="4" time="0.014442"/>
      <testcase name="test_the_content_shortcode_paragraph" class="Tests_Post_Output" file="/Users/msaari/wordpress-develop/tests/phpunit/tests/post/output.php" line="94" assertions="4" time="0.014442"/>
      <testcase name="test_the_content_attribute_filtering" class="Tests_Post_Output" file="/Users/msaari/wordpress-develop/tests/phpunit/tests/post/output.php" line="132" assertions="4" time="0.014711"/>
      <testcase name="test_the_content_attribute_value_with_colon" class="Tests_Post_Output" file="/Users/msaari/wordpress-develop/tests/phpunit/tests/post/output.php" line="156" assertions="4" time="0.014721"/>
    </testsuite>
    <testsuite name="Tests_Ping_and_Trackback_Sending" file="/Users/msaari/wordpress-develop/tests/phpunit/tests/post/pings.php" tests="7" assertions="7" failures="0" errors="0" time="0.081863">
      <testcase name="test_returns_to_ping_sites_from_post_id" class="Tests_Ping_and_Trackback_Sending" file="/Users/msaari/wordpress-develop/tests/phpunit/tests/post/pings.php" line="9" assertions="1" time="0.009654"/>
      <testcase name="test_returns_to_ping_sites_from_post_object" class="Tests_Ping_and_Trackback_Sending" file="/Users/msaari/wordpress-develop/tests/phpunit/tests/post/pings.php" line="19" assertions="1" time="0.010704"/>
      <testcase name="test_returns_pinged_sites_from_post_id" class="Tests_Ping_and_Trackback_Sending" file="/Users/msaari/wordpress-develop/tests/phpunit/tests/post/pings.php" line="30" assertions="1" time="0.011941"/>
      <testcase name="test_returns_pinged_sites_from_post_object" class="Tests_Ping_and_Trackback_Sending" file="/Users/msaari/wordpress-develop/tests/phpunit/tests/post/pings.php" line="35" assertions="1" time="0.011289"/>
      <testcase name="test_add_ping_with_post_id" class="Tests_Ping_and_Trackback_Sending" file="/Users/msaari/wordpress-develop/tests/phpunit/tests/post/pings.php" line="41" assertions="1" time="0.014278"/>
      <testcase name="test_add_ping_array_with_post_id" class="Tests_Ping_and_Trackback_Sending" file="/Users/msaari/wordpress-develop/tests/phpunit/tests/post/pings.php" line="49" assertions="1" time="0.012340"/>
      <testcase name="test_add_ping_with_post_object" class="Tests_Ping_and_Trackback_Sending" file="/Users/msaari/wordpress-develop/tests/phpunit/tests/post/pings.php" line="55" assertions="1" time="0.011657"/>
    </testsuite>
    <testsuite name="Tests_Post_Query" file="/Users/msaari/wordpress-develop/tests/phpunit/tests/post/query.php" tests="24" assertions="84" failures="0" errors="0" time="0.254896">
      <testcase name="test_category__and_var" class="Tests_Post_Query" file="/Users/msaari/wordpress-develop/tests/phpunit/tests/post/query.php" line="11" assertions="11" time="0.022569"/>
      <testcase name="test_empty_category__in" class="Tests_Post_Query" file="/Users/msaari/wordpress-develop/tests/phpunit/tests/post/query.php" line="53" assertions="6" time="0.028174"/>
      <testcase name="test_the_posts_filter" class="Tests_Post_Query" file="/Users/msaari/wordpress-develop/tests/phpunit/tests/post/query.php" line="82" assertions="14" time="0.040851"/>
      <testcase name="test_post__in_ordering" class="Tests_Post_Query" file="/Users/msaari/wordpress-develop/tests/phpunit/tests/post/query.php" line="131" assertions="1" time="0.015525"/>
      <testcase name="test_post__in_attachment_ordering" class="Tests_Post_Query" file="/Users/msaari/wordpress-develop/tests/phpunit/tests/post/query.php" line="177" assertions="1" time="0.027381"/>
      <testcase name="test_post_name__in_ordering" class="Tests_Post_Query" file="/Users/msaari/wordpress-develop/tests/phpunit/tests/post/query.php" line="241" assertions="1" time="0.010806"/>
      <testcase name="test_post_status" class="Tests_Post_Query" file="/Users/msaari/wordpress-develop/tests/phpunit/tests/post/query.php" line="275" assertions="6" time="0.002599"/>
      <testcase name="test_orderby_array" class="Tests_Post_Query" file="/Users/msaari/wordpress-develop/tests/phpunit/tests/post/query.php" line="298" assertions="5" time="0.003338"/>
      <testcase name="test_order" class="Tests_Post_Query" file="/Users/msaari/wordpress-develop/tests/phpunit/tests/post/query.php" line="334" assertions="3" time="0.002910"/>
      <testcase name="test_orderby" class="Tests_Post_Query" file="/Users/msaari/wordpress-develop/tests/phpunit/tests/post/query.php" line="374" assertions="15" time="0.002977"/>
      <testcase name="test_orderby_rand_with_seed" class="Tests_Post_Query" file="/Users/msaari/wordpress-develop/tests/phpunit/tests/post/query.php" line="409" assertions="1" time="0.001993"/>
      <testcase name="test_orderby_rand_should_ignore_invalid_seed" class="Tests_Post_Query" file="/Users/msaari/wordpress-develop/tests/phpunit/tests/post/query.php" line="422" assertions="1" time="0.001755"/>
      <testcase name="test_orderby_rand_with_seed_should_be_case_insensitive" class="Tests_Post_Query" file="/Users/msaari/wordpress-develop/tests/phpunit/tests/post/query.php" line="435" assertions="1" time="0.001764"/>
      <testcase name="test_post_name__in" class="Tests_Post_Query" file="/Users/msaari/wordpress-develop/tests/phpunit/tests/post/query.php" line="450" assertions="2" time="0.038145"/>
      <testcase name="test_posts_pre_query_filter_should_bypass_database_query" class="Tests_Post_Query" file="/Users/msaari/wordpress-develop/tests/phpunit/tests/post/query.php" line="502" assertions="2" time="0.001786"/>
      <testcase name="test_posts_pre_query_filter_should_respect_set_found_posts" class="Tests_Post_Query" file="/Users/msaari/wordpress-develop/tests/phpunit/tests/post/query.php" line="528" assertions="2" time="0.012433"/>
      <testcase name="test_set_found_posts_fields_ids" class="Tests_Post_Query" file="/Users/msaari/wordpress-develop/tests/phpunit/tests/post/query.php" line="563" assertions="2" time="0.007544"/>
      <testcase name="test_set_found_posts_fields_idparent" class="Tests_Post_Query" file="/Users/msaari/wordpress-develop/tests/phpunit/tests/post/query.php" line="587" assertions="2" time="0.007456"/>
      <testcase name="test_set_found_posts_fields_split_the_query" class="Tests_Post_Query" file="/Users/msaari/wordpress-develop/tests/phpunit/tests/post/query.php" line="610" assertions="2" time="0.007721"/>
      <testcase name="test_set_found_posts_fields_not_split_the_query" class="Tests_Post_Query" file="/Users/msaari/wordpress-develop/tests/phpunit/tests/post/query.php" line="634" assertions="2" time="0.008478"/>
      <testsuite name="Tests_Post_Query::test_set_found_posts_not_posts_as_an_array" tests="4" assertions="4" failures="0" errors="0" time="0.008691">
        <testcase name="test_set_found_posts_not_posts_as_an_array with data set #0" assertions="1" time="0.002017"/>
        <testcase name="test_set_found_posts_not_posts_as_an_array with data set #1" assertions="1" time="0.002112"/>
        <testcase name="test_set_found_posts_not_posts_as_an_array with data set #2" assertions="1" time="0.002310"/>
        <testcase name="test_set_found_posts_not_posts_as_an_array with data set #3" assertions="1" time="0.002252"/>
      </testsuite>
    </testsuite>
    <testsuite name="Tests_Post_Revisions" file="/Users/msaari/wordpress-develop/tests/phpunit/tests/post/revisions.php" tests="12" assertions="52" failures="0" errors="0" time="0.421526">
      <testcase name="test_revision_restore_updates_edit_last_post_meta" class="Tests_Post_Revisions" file="/Users/msaari/wordpress-develop/tests/phpunit/tests/post/revisions.php" line="34" assertions="4" time="0.050328"/>
      <testcase name="test_revision_dont_save_revision_if_unchanged" class="Tests_Post_Revisions" file="/Users/msaari/wordpress-develop/tests/phpunit/tests/post/revisions.php" line="77" assertions="7" time="0.103259"/>
      <testcase name="test_revision_force_save_revision_even_if_unchanged" class="Tests_Post_Revisions" file="/Users/msaari/wordpress-develop/tests/phpunit/tests/post/revisions.php" line="147" assertions="7" time="0.088617"/>
      <testcase name="test_revision_view_caps_post" class="Tests_Post_Revisions" file="/Users/msaari/wordpress-develop/tests/phpunit/tests/post/revisions.php" line="221" assertions="4" time="0.025204"/>
      <testcase name="test_revision_restore_caps_post" class="Tests_Post_Revisions" file="/Users/msaari/wordpress-develop/tests/phpunit/tests/post/revisions.php" line="254" assertions="3" time="0.025125"/>
      <testcase name="test_revision_diff_caps_post" class="Tests_Post_Revisions" file="/Users/msaari/wordpress-develop/tests/phpunit/tests/post/revisions.php" line="285" assertions="5" time="0.043175"/>
      <testcase name="test_revision_view_caps_cpt" class="Tests_Post_Revisions" file="/Users/msaari/wordpress-develop/tests/phpunit/tests/post/revisions.php" line="323" assertions="4" time="0.010692"/>
      <testcase name="test_revision_restore_caps_cpt" class="Tests_Post_Revisions" file="/Users/msaari/wordpress-develop/tests/phpunit/tests/post/revisions.php" line="365" assertions="3" time="0.011804"/>
      <testcase name="test_revision_restore_caps_before_publish" class="Tests_Post_Revisions" file="/Users/msaari/wordpress-develop/tests/phpunit/tests/post/revisions.php" line="411" assertions="8" time="0.015853"/>
      <testcase name="test_revision_diff_caps_cpt" class="Tests_Post_Revisions" file="/Users/msaari/wordpress-develop/tests/phpunit/tests/post/revisions.php" line="471" assertions="5" time="0.015614"/>
      <testcase name="test_wp_get_post_revisions_should_order_by_post_date" class="Tests_Post_Revisions" file="/Users/msaari/wordpress-develop/tests/phpunit/tests/post/revisions.php" line="516" assertions="1" time="0.014642"/>
      <testcase name="test_wp_get_post_revisions_should_order_by_ID_when_post_date_matches" class="Tests_Post_Revisions" file="/Users/msaari/wordpress-develop/tests/phpunit/tests/post/revisions.php" line="552" assertions="1" time="0.017213"/>
    </testsuite>
    <testsuite name="Tests_Post_Slashes" file="/Users/msaari/wordpress-develop/tests/phpunit/tests/post/slashes.php" tests="4" assertions="26" failures="0" errors="0" time="0.194957">
      <testcase name="test_edit_post" class="Tests_Post_Slashes" file="/Users/msaari/wordpress-develop/tests/phpunit/tests/post/slashes.php" line="29" assertions="6" time="0.057979"/>
      <testcase name="test_wp_insert_post" class="Tests_Post_Slashes" file="/Users/msaari/wordpress-develop/tests/phpunit/tests/post/slashes.php" line="64" assertions="6" time="0.033290"/>
      <testcase name="test_wp_update_post" class="Tests_Post_Slashes" file="/Users/msaari/wordpress-develop/tests/phpunit/tests/post/slashes.php" line="100" assertions="6" time="0.050876"/>
      <testcase name="test_wp_trash_untrash" class="Tests_Post_Slashes" file="/Users/msaari/wordpress-develop/tests/phpunit/tests/post/slashes.php" line="135" assertions="8" time="0.052811"/>
    </testsuite>
    <testsuite name="Tests_Post_Template" file="/Users/msaari/wordpress-develop/tests/phpunit/tests/post/template.php" tests="13" assertions="35" failures="0" errors="0" time="0.106205">
      <testcase name="test_wp_link_pages" class="Tests_Post_Template" file="/Users/msaari/wordpress-develop/tests/phpunit/tests/post/template.php" line="8" assertions="9" time="0.013015"/>
      <testcase name="test_wp_dropdown_pages" class="Tests_Post_Template" file="/Users/msaari/wordpress-develop/tests/phpunit/tests/post/template.php" line="134" assertions="5" time="0.010300"/>
      <testcase name="test_wp_dropdown_pages_value_field_should_default_to_ID" class="Tests_Post_Template" file="/Users/msaari/wordpress-develop/tests/phpunit/tests/post/template.php" line="225" assertions="1" time="0.004993"/>
      <testcase name="test_wp_dropdown_pages_value_field_ID" class="Tests_Post_Template" file="/Users/msaari/wordpress-develop/tests/phpunit/tests/post/template.php" line="245" assertions="1" time="0.004971"/>
      <testcase name="test_wp_dropdown_pages_value_field_post_name" class="Tests_Post_Template" file="/Users/msaari/wordpress-develop/tests/phpunit/tests/post/template.php" line="265" assertions="1" time="0.005343"/>
      <testcase name="test_wp_dropdown_pages_value_field_should_fall_back_on_ID_when_an_invalid_value_is_provided" class="Tests_Post_Template" file="/Users/msaari/wordpress-develop/tests/phpunit/tests/post/template.php" line="286" assertions="1" time="0.004638"/>
      <testcase name="test_wp_dropdown_pages_should_not_contain_class_attribute_when_no_class_is_passed" class="Tests_Post_Template" file="/Users/msaari/wordpress-develop/tests/phpunit/tests/post/template.php" line="307" assertions="1" time="0.004426"/>
      <testcase name="test_wp_dropdown_pages_should_obey_class_parameter" class="Tests_Post_Template" file="/Users/msaari/wordpress-develop/tests/phpunit/tests/post/template.php" line="327" assertions="1" time="0.004935"/>
      <testcase name="test_get_page_template_slug_by_id" class="Tests_Post_Template" file="/Users/msaari/wordpress-develop/tests/phpunit/tests/post/template.php" line="348" assertions="3" time="0.006192"/>
      <testcase name="test_get_page_template_slug_from_loop" class="Tests_Post_Template" file="/Users/msaari/wordpress-develop/tests/phpunit/tests/post/template.php" line="367" assertions="1" time="0.005851"/>
      <testcase name="test_get_page_template_slug_non_page" class="Tests_Post_Template" file="/Users/msaari/wordpress-develop/tests/phpunit/tests/post/template.php" line="384" assertions="3" time="0.013356"/>
      <testcase name="test_get_page_template_slug_non_page_from_loop" class="Tests_Post_Template" file="/Users/msaari/wordpress-develop/tests/phpunit/tests/post/template.php" line="400" assertions="1" time="0.015313"/>
      <testcase name="test_wp_page_menu_wp_nav_menu_fallback" class="Tests_Post_Template" file="/Users/msaari/wordpress-develop/tests/phpunit/tests/post/template.php" line="414" assertions="7" time="0.012872"/>
    </testsuite>
    <testsuite name="Tests_Post_Thumbnail_Template" file="/Users/msaari/wordpress-develop/tests/phpunit/tests/post/thumbnails.php" tests="18" assertions="44" failures="0" errors="0" time="0.137825">
      <testcase name="test_has_post_thumbnail" class="Tests_Post_Thumbnail_Template" file="/Users/msaari/wordpress-develop/tests/phpunit/tests/post/thumbnails.php" line="34" assertions="8" time="0.003724"/>
      <testcase name="test_get_post_thumbnail_id" class="Tests_Post_Thumbnail_Template" file="/Users/msaari/wordpress-develop/tests/phpunit/tests/post/thumbnails.php" line="56" assertions="6" time="0.003718"/>
      <testcase name="test_update_post_thumbnail_cache" class="Tests_Post_Thumbnail_Template" file="/Users/msaari/wordpress-develop/tests/phpunit/tests/post/thumbnails.php" line="71" assertions="2" time="0.006210"/>
      <testcase name="test_get_the_post_thumbnail_caption" class="Tests_Post_Thumbnail_Template" file="/Users/msaari/wordpress-develop/tests/phpunit/tests/post/thumbnails.php" line="92" assertions="2" time="0.015868"/>
      <testcase name="test_get_the_post_thumbnail_caption_empty" class="Tests_Post_Thumbnail_Template" file="/Users/msaari/wordpress-develop/tests/phpunit/tests/post/thumbnails.php" line="116" assertions="1" time="0.015330"/>
      <testcase name="test_the_post_thumbnail_caption" class="Tests_Post_Thumbnail_Template" file="/Users/msaari/wordpress-develop/tests/phpunit/tests/post/thumbnails.php" line="136" assertions="1" time="0.015748"/>
      <testcase name="test_get_the_post_thumbnail" class="Tests_Post_Thumbnail_Template" file="/Users/msaari/wordpress-develop/tests/phpunit/tests/post/thumbnails.php" line="156" assertions="4" time="0.004639"/>
      <testcase name="test_the_post_thumbnail" class="Tests_Post_Thumbnail_Template" file="/Users/msaari/wordpress-develop/tests/phpunit/tests/post/thumbnails.php" line="177" assertions="1" time="0.003716"/>
      <testcase name="test_get_the_post_thumbnail_url" class="Tests_Post_Thumbnail_Template" file="/Users/msaari/wordpress-develop/tests/phpunit/tests/post/thumbnails.php" line="205" assertions="6" time="0.003626"/>
      <testcase name="test_get_the_post_thumbnail_url_with_invalid_post" class="Tests_Post_Thumbnail_Template" file="/Users/msaari/wordpress-develop/tests/phpunit/tests/post/thumbnails.php" line="223" assertions="3" time="0.009738"/>
      <testcase name="test_the_post_thumbnail_url" class="Tests_Post_Thumbnail_Template" file="/Users/msaari/wordpress-develop/tests/phpunit/tests/post/thumbnails.php" line="237" assertions="1" time="0.003525"/>
      <testcase name="test__wp_preview_post_thumbnail_filter" class="Tests_Post_Thumbnail_Template" file="/Users/msaari/wordpress-develop/tests/phpunit/tests/post/thumbnails.php" line="252" assertions="1" time="0.001482"/>
      <testcase name="test__wp_preview_post_thumbnail_filter_secondary_post" class="Tests_Post_Thumbnail_Template" file="/Users/msaari/wordpress-develop/tests/phpunit/tests/post/thumbnails.php" line="272" assertions="1" time="0.010304"/>
      <testcase name="test_insert_post_with_post_thumbnail" class="Tests_Post_Thumbnail_Template" file="/Users/msaari/wordpress-develop/tests/phpunit/tests/post/thumbnails.php" line="298" assertions="2" time="0.024775"/>
      <testcase name="test_insert_attachment_with_post_thumbnail" class="Tests_Post_Thumbnail_Template" file="/Users/msaari/wordpress-develop/tests/phpunit/tests/post/thumbnails.php" line="329" assertions="2" time="0.010467"/>
      <testcase name="test_post_thumbnail_size_filter_simple" class="Tests_Post_Thumbnail_Template" file="/Users/msaari/wordpress-develop/tests/phpunit/tests/post/thumbnails.php" line="368" assertions="1" time="0.001755"/>
      <testsuite name="Tests_Post_Thumbnail_Template::test_post_thumbnail_size_filter_complex" tests="2" assertions="2" failures="0" errors="0" time="0.003200">
        <testcase name="test_post_thumbnail_size_filter_complex with data set #0" assertions="1" time="0.001539"/>
        <testcase name="test_post_thumbnail_size_filter_complex with data set #1" assertions="1" time="0.001661"/>
      </testsuite>
    </testsuite>
    <testsuite name="Tests_Post_Types" file="/Users/msaari/wordpress-develop/tests/phpunit/tests/post/types.php" tests="36" assertions="109" failures="0" errors="0" time="0.062190">
      <testcase name="test_register_post_type" class="Tests_Post_Types" file="/Users/msaari/wordpress-develop/tests/phpunit/tests/post/types.php" line="27" assertions="5" time="0.001456"/>
      <testcase name="test_register_post_type_with_too_long_name" class="Tests_Post_Types" file="/Users/msaari/wordpress-develop/tests/phpunit/tests/post/types.php" line="47" assertions="2" time="0.001514"/>
      <testcase name="test_register_post_type_with_empty_name" class="Tests_Post_Types" file="/Users/msaari/wordpress-develop/tests/phpunit/tests/post/types.php" line="57" assertions="2" time="0.001443"/>
      <testcase name="test_register_post_type_exclude_from_search_should_default_to_opposite_value_of_public" class="Tests_Post_Types" file="/Users/msaari/wordpress-develop/tests/phpunit/tests/post/types.php" line="66" assertions="1" time="0.001492"/>
      <testcase name="test_register_post_type_publicly_queryable_should_default_to_value_of_public" class="Tests_Post_Types" file="/Users/msaari/wordpress-develop/tests/phpunit/tests/post/types.php" line="80" assertions="1" time="0.001960"/>
      <testcase name="test_register_post_type_show_ui_should_default_to_value_of_public" class="Tests_Post_Types" file="/Users/msaari/wordpress-develop/tests/phpunit/tests/post/types.php" line="94" assertions="1" time="0.001519"/>
      <testcase name="test_register_post_type_show_in_menu_should_default_to_value_of_show_ui" class="Tests_Post_Types" file="/Users/msaari/wordpress-develop/tests/phpunit/tests/post/types.php" line="108" assertions="2" time="0.001752"/>
      <testcase name="test_register_post_type_show_in_nav_menus_should_default_to_value_of_public" class="Tests_Post_Types" file="/Users/msaari/wordpress-develop/tests/phpunit/tests/post/types.php" line="127" assertions="1" time="0.001630"/>
      <testcase name="test_register_post_type_show_in_admin_bar_should_default_to_value_of_show_in_menu" class="Tests_Post_Types" file="/Users/msaari/wordpress-develop/tests/phpunit/tests/post/types.php" line="141" assertions="3" time="0.001528"/>
      <testcase name="test_register_taxonomy_for_object_type" class="Tests_Post_Types" file="/Users/msaari/wordpress-develop/tests/phpunit/tests/post/types.php" line="159" assertions="6" time="0.001522"/>
      <testcase name="test_post_type_exists" class="Tests_Post_Types" file="/Users/msaari/wordpress-develop/tests/phpunit/tests/post/types.php" line="181" assertions="2" time="0.001416"/>
      <testcase name="test_post_type_supports" class="Tests_Post_Types" file="/Users/msaari/wordpress-develop/tests/phpunit/tests/post/types.php" line="186" assertions="5" time="0.001405"/>
      <testcase name="test_post_type_with_no_support" class="Tests_Post_Types" file="/Users/msaari/wordpress-develop/tests/phpunit/tests/post/types.php" line="197" assertions="4" time="0.001522"/>
      <testcase name="test_post_type_with_no_feed" class="Tests_Post_Types" file="/Users/msaari/wordpress-develop/tests/phpunit/tests/post/types.php" line="212" assertions="1" time="0.002448"/>
      <testcase name="test_get_post_type_object_with_non_scalar_values" class="Tests_Post_Types" file="/Users/msaari/wordpress-develop/tests/phpunit/tests/post/types.php" line="225" assertions="7" time="0.001753"/>
      <testcase name="test_get_post_type_object_casting" class="Tests_Post_Types" file="/Users/msaari/wordpress-develop/tests/phpunit/tests/post/types.php" line="245" assertions="1" time="0.001675"/>
      <testcase name="test_unregister_post_type" class="Tests_Post_Types" file="/Users/msaari/wordpress-develop/tests/phpunit/tests/post/types.php" line="262" assertions="1" time="0.001813"/>
      <testcase name="test_unregister_post_type_unknown_post_type" class="Tests_Post_Types" file="/Users/msaari/wordpress-develop/tests/phpunit/tests/post/types.php" line="270" assertions="1" time="0.001663"/>
      <testcase name="test_unregister_post_type_twice" class="Tests_Post_Types" file="/Users/msaari/wordpress-develop/tests/phpunit/tests/post/types.php" line="277" assertions="2" time="0.001492"/>
      <testcase name="test_unregister_post_type_disallow_builtin_post_type" class="Tests_Post_Types" file="/Users/msaari/wordpress-develop/tests/phpunit/tests/post/types.php" line="286" assertions="5" time="0.001467"/>
      <testcase name="test_unregister_post_type_removes_query_vars" class="Tests_Post_Types" file="/Users/msaari/wordpress-develop/tests/phpunit/tests/post/types.php" line="297" assertions="3" time="0.001511"/>
      <testcase name="test_unregister_post_type_removes_rewrite_tags" class="Tests_Post_Types" file="/Users/msaari/wordpress-develop/tests/phpunit/tests/post/types.php" line="316" assertions="6" time="0.003442"/>
      <testcase name="test_unregister_post_type_removes_rewrite_rules" class="Tests_Post_Types" file="/Users/msaari/wordpress-develop/tests/phpunit/tests/post/types.php" line="342" assertions="3" time="0.003682"/>
      <testcase name="test_unregister_post_type_removes_custom_meta_capabilities" class="Tests_Post_Types" file="/Users/msaari/wordpress-develop/tests/phpunit/tests/post/types.php" line="363" assertions="7" time="0.002081"/>
      <testcase name="test_unregister_post_type_removes_post_type_supports" class="Tests_Post_Types" file="/Users/msaari/wordpress-develop/tests/phpunit/tests/post/types.php" line="389" assertions="3" time="0.001818"/>
      <testcase name="test_unregister_post_type_removes_post_type_from_taxonomies" class="Tests_Post_Types" file="/Users/msaari/wordpress-develop/tests/phpunit/tests/post/types.php" line="415" assertions="6" time="0.001680"/>
      <testcase name="test_unregister_post_type_removes_the_future_post_hooks" class="Tests_Post_Types" file="/Users/msaari/wordpress-develop/tests/phpunit/tests/post/types.php" line="437" assertions="4" time="0.001570"/>
      <testcase name="test_unregister_post_type_removes_meta_box_callback" class="Tests_Post_Types" file="/Users/msaari/wordpress-develop/tests/phpunit/tests/post/types.php" line="456" assertions="4" time="0.001743"/>
      <testcase name="test_unregister_post_type_removes_post_type_from_global" class="Tests_Post_Types" file="/Users/msaari/wordpress-develop/tests/phpunit/tests/post/types.php" line="476" assertions="5" time="0.001574"/>
      <testcase name="test_post_type_does_not_exist_after_unregister_post_type" class="Tests_Post_Types" file="/Users/msaari/wordpress-develop/tests/phpunit/tests/post/types.php" line="498" assertions="2" time="0.001518"/>
      <testcase name="test_get_post_types_by_support_single_feature" class="Tests_Post_Types" file="/Users/msaari/wordpress-develop/tests/phpunit/tests/post/types.php" line="514" assertions="4" time="0.001470"/>
      <testcase name="test_get_post_types_by_support_multiple_features" class="Tests_Post_Types" file="/Users/msaari/wordpress-develop/tests/phpunit/tests/post/types.php" line="524" assertions="2" time="0.001440"/>
      <testcase name="test_get_post_types_by_support_or_operator" class="Tests_Post_Types" file="/Users/msaari/wordpress-develop/tests/phpunit/tests/post/types.php" line="532" assertions="2" time="0.001524"/>
      <testcase name="test_get_post_types_by_support_not_operator" class="Tests_Post_Types" file="/Users/msaari/wordpress-develop/tests/phpunit/tests/post/types.php" line="540" assertions="3" time="0.001690"/>
      <testcase name="test_get_post_types_by_support_excluding_features" class="Tests_Post_Types" file="/Users/msaari/wordpress-develop/tests/phpunit/tests/post/types.php" line="549" assertions="1" time="0.001517"/>
      <testcase name="test_get_post_types_by_support_non_existant_feature" class="Tests_Post_Types" file="/Users/msaari/wordpress-develop/tests/phpunit/tests/post/types.php" line="556" assertions="1" time="0.001460"/>
    </testsuite>
    <testsuite name="Tests_Post_WpGetPostParentId" file="/Users/msaari/wordpress-develop/tests/phpunit/tests/post/wpGetPostParentId.php" tests="5" assertions="6" failures="0" errors="0" time="0.008694">
      <testcase name="test_wp_get_post_parent_id_with_post_object" class="Tests_Post_WpGetPostParentId" file="/Users/msaari/wordpress-develop/tests/phpunit/tests/post/wpGetPostParentId.php" line="26" assertions="2" time="0.001622"/>
      <testcase name="test_wp_get_post_parent_id_with_post_id" class="Tests_Post_WpGetPostParentId" file="/Users/msaari/wordpress-develop/tests/phpunit/tests/post/wpGetPostParentId.php" line="32" assertions="1" time="0.001721"/>
      <testcase name="test_wp_get_post_parent_id_with_non_existing_id_default_to_global_post_id" class="Tests_Post_WpGetPostParentId" file="/Users/msaari/wordpress-develop/tests/phpunit/tests/post/wpGetPostParentId.php" line="36" assertions="1" time="0.001701"/>
      <testcase name="test_wp_get_post_parent_id_with_boolean_default_to_global_post_id" class="Tests_Post_WpGetPostParentId" file="/Users/msaari/wordpress-develop/tests/phpunit/tests/post/wpGetPostParentId.php" line="41" assertions="1" time="0.001976"/>
      <testcase name="test_wp_get_post_parent_id_with_string_default_to_false" class="Tests_Post_WpGetPostParentId" file="/Users/msaari/wordpress-develop/tests/phpunit/tests/post/wpGetPostParentId.php" line="46" assertions="1" time="0.001674"/>
    </testsuite>
    <testsuite name="Tests_WPInsertPost" file="/Users/msaari/wordpress-develop/tests/phpunit/tests/post/wpInsertPost.php" tests="12" assertions="21" failures="0" errors="0" time="0.137651">
      <testcase name="test_trashing_a_post_should_add_trashed_suffix_to_post_name" class="Tests_WPInsertPost" file="/Users/msaari/wordpress-develop/tests/phpunit/tests/post/wpInsertPost.php" line="71" assertions="1" time="0.010124"/>
      <testcase name="test_trashed_suffix_should_be_added_to_post_with__trashed_in_slug" class="Tests_WPInsertPost" file="/Users/msaari/wordpress-develop/tests/phpunit/tests/post/wpInsertPost.php" line="86" assertions="1" time="0.009772"/>
      <testcase name="test_trashed_posts_original_post_name_should_be_reassigned_after_untrashing" class="Tests_WPInsertPost" file="/Users/msaari/wordpress-develop/tests/phpunit/tests/post/wpInsertPost.php" line="102" assertions="1" time="0.014492"/>
      <testcase name="test_creating_a_new_post_should_add_trashed_suffix_to_post_name_of_trashed_posts_with_the_desired_slug" class="Tests_WPInsertPost" file="/Users/msaari/wordpress-develop/tests/phpunit/tests/post/wpInsertPost.php" line="119" assertions="2" time="0.007138"/>
      <testcase name="test_untrashing_a_post_with_a_stored_desired_post_name_should_get_its_post_name_suffixed_if_another_post_has_taken_the_desired_post_name" class="Tests_WPInsertPost" file="/Users/msaari/wordpress-develop/tests/phpunit/tests/post/wpInsertPost.php" line="143" assertions="2" time="0.016589"/>
      <testsuite name="Tests_WPInsertPost::test_contributor_cannot_set_post_slug" tests="3" assertions="6" failures="0" errors="0" time="0.033986">
        <testcase name="test_contributor_cannot_set_post_slug with data set #0" assertions="2" time="0.005911"/>
        <testcase name="test_contributor_cannot_set_post_slug with data set #1" assertions="2" time="0.005113"/>
        <testcase name="test_contributor_cannot_set_post_slug with data set #2" assertions="2" time="0.022962"/>
      </testsuite>
      <testsuite name="Tests_WPInsertPost::test_administrator_can_set_post_slug" tests="3" assertions="6" failures="0" errors="0" time="0.038749">
        <testcase name="test_administrator_can_set_post_slug with data set #0" assertions="2" time="0.007210"/>
        <testcase name="test_administrator_can_set_post_slug with data set #1" assertions="2" time="0.006403"/>
        <testcase name="test_administrator_can_set_post_slug with data set #2" assertions="2" time="0.025136"/>
      </testsuite>
      <testcase name="test_administrator_cannot_set_post_slug_on_post_type_they_cannot_publish" class="Tests_WPInsertPost" file="/Users/msaari/wordpress-develop/tests/phpunit/tests/post/wpInsertPost.php" line="272" assertions="2" time="0.006802"/>
    </testsuite>
    <testsuite name="Tests_Post_WpPost" file="/Users/msaari/wordpress-develop/tests/phpunit/tests/post/wpPost.php" tests="4" assertions="4" failures="0" errors="0" time="0.006821">
      <testcase name="test_get_instance_should_work_for_numeric_string" class="Tests_Post_WpPost" file="/Users/msaari/wordpress-develop/tests/phpunit/tests/post/wpPost.php" line="29" assertions="1" time="0.001711"/>
      <testcase name="test_get_instance_should_fail_for_negative_number" class="Tests_Post_WpPost" file="/Users/msaari/wordpress-develop/tests/phpunit/tests/post/wpPost.php" line="38" assertions="1" time="0.001799"/>
      <testcase name="test_get_instance_should_fail_for_non_numeric_string" class="Tests_Post_WpPost" file="/Users/msaari/wordpress-develop/tests/phpunit/tests/post/wpPost.php" line="47" assertions="1" time="0.001423"/>
      <testcase name="test_get_instance_should_succeed_for_float_that_is_equal_to_post_id" class="Tests_Post_WpPost" file="/Users/msaari/wordpress-develop/tests/phpunit/tests/post/wpPost.php" line="56" assertions="1" time="0.001888"/>
    </testsuite>
    <testsuite name="Tests_WP_Post_Type" file="/Users/msaari/wordpress-develop/tests/phpunit/tests/post/wpPostType.php" tests="9" assertions="24" failures="0" errors="0" time="0.020904">
      <testcase name="test_instances" class="Tests_WP_Post_Type" file="/Users/msaari/wordpress-develop/tests/phpunit/tests/post/wpPostType.php" line="7" assertions="9" time="0.001270"/>
      <testcase name="test_add_supports_defaults" class="Tests_WP_Post_Type" file="/Users/msaari/wordpress-develop/tests/phpunit/tests/post/wpPostType.php" line="15" assertions="2" time="0.001473"/>
      <testcase name="test_add_supports_custom" class="Tests_WP_Post_Type" file="/Users/msaari/wordpress-develop/tests/phpunit/tests/post/wpPostType.php" line="35" assertions="2" time="0.001420"/>
      <testcase name="test_does_not_add_query_var_if_not_public" class="Tests_WP_Post_Type" file="/Users/msaari/wordpress-develop/tests/phpunit/tests/post/wpPostType.php" line="65" assertions="1" time="0.003424"/>
      <testcase name="test_adds_query_var_if_public" class="Tests_WP_Post_Type" file="/Users/msaari/wordpress-develop/tests/phpunit/tests/post/wpPostType.php" line="84" assertions="2" time="0.003992"/>
      <testcase name="test_adds_rewrite_rules" class="Tests_WP_Post_Type" file="/Users/msaari/wordpress-develop/tests/phpunit/tests/post/wpPostType.php" line="110" assertions="2" time="0.004059"/>
      <testcase name="test_register_meta_boxes" class="Tests_WP_Post_Type" file="/Users/msaari/wordpress-develop/tests/phpunit/tests/post/wpPostType.php" line="135" assertions="2" time="0.001953"/>
      <testcase name="test_adds_future_post_hook" class="Tests_WP_Post_Type" file="/Users/msaari/wordpress-develop/tests/phpunit/tests/post/wpPostType.php" line="148" assertions="2" time="0.001718"/>
      <testcase name="test_register_taxonomies" class="Tests_WP_Post_Type" file="/Users/msaari/wordpress-develop/tests/phpunit/tests/post/wpPostType.php" line="160" assertions="2" time="0.001595"/>
    </testsuite>
    <testsuite name="Tests_Post_WpUniquePostSlug" file="/Users/msaari/wordpress-develop/tests/phpunit/tests/post/wpUniquePostSlug.php" tests="20" assertions="29" failures="0" errors="0" time="0.350026">
      <testcase name="test_non_latin_slugs" class="Tests_Post_WpUniquePostSlug" file="/Users/msaari/wordpress-develop/tests/phpunit/tests/post/wpUniquePostSlug.php" line="12" assertions="2" time="0.050995"/>
      <testcase name="test_with_multiple_hierarchies" class="Tests_Post_WpUniquePostSlug" file="/Users/msaari/wordpress-develop/tests/phpunit/tests/post/wpUniquePostSlug.php" line="45" assertions="4" time="0.007717"/>
      <testcase name="test_with_hierarchy" class="Tests_Post_WpUniquePostSlug" file="/Users/msaari/wordpress-develop/tests/phpunit/tests/post/wpUniquePostSlug.php" line="71" assertions="3" time="0.008089"/>
      <testcase name="test_wp_unique_post_slug_with_hierarchy_and_attachments" class="Tests_Post_WpUniquePostSlug" file="/Users/msaari/wordpress-develop/tests/phpunit/tests/post/wpUniquePostSlug.php" line="94" assertions="4" time="0.011214"/>
      <testsuite name="Tests_Post_WpUniquePostSlug::test_whitelisted_post_statuses_should_not_be_forced_to_be_unique" tests="3" assertions="3" failures="0" errors="0" time="0.061336">
        <testcase name="test_whitelisted_post_statuses_should_not_be_forced_to_be_unique with data set #0" assertions="1" time="0.020591"/>
        <testcase name="test_whitelisted_post_statuses_should_not_be_forced_to_be_unique with data set #1" assertions="1" time="0.019602"/>
        <testcase name="test_whitelisted_post_statuses_should_not_be_forced_to_be_unique with data set #2" assertions="1" time="0.021143"/>
      </testsuite>
      <testcase name="test_revisions_should_not_be_forced_to_be_unique" class="Tests_Post_WpUniquePostSlug" file="/Users/msaari/wordpress-develop/tests/phpunit/tests/post/wpUniquePostSlug.php" line="159" assertions="1" time="0.018537"/>
      <testcase name="test_slugs_resulting_in_permalinks_that_resemble_year_archives_should_be_suffixed" class="Tests_Post_WpUniquePostSlug" file="/Users/msaari/wordpress-develop/tests/phpunit/tests/post/wpUniquePostSlug.php" line="181" assertions="1" time="0.018299"/>
      <testcase name="test_slugs_resulting_in_permalinks_that_resemble_year_archives_should_not_be_suffixed_for_already_published_posts" class="Tests_Post_WpUniquePostSlug" file="/Users/msaari/wordpress-develop/tests/phpunit/tests/post/wpUniquePostSlug.php" line="198" assertions="1" time="0.049101"/>
      <testcase name="test_yearlike_slugs_should_not_be_suffixed_if_permalink_structure_does_not_result_in_a_clash_with_year_archives" class="Tests_Post_WpUniquePostSlug" file="/Users/msaari/wordpress-develop/tests/phpunit/tests/post/wpUniquePostSlug.php" line="216" assertions="1" time="0.013730"/>
      <testcase name="test_slugs_resulting_in_permalinks_that_resemble_month_archives_should_be_suffixed" class="Tests_Post_WpUniquePostSlug" file="/Users/msaari/wordpress-develop/tests/phpunit/tests/post/wpUniquePostSlug.php" line="233" assertions="1" time="0.013726"/>
      <testcase name="test_monthlike_slugs_should_not_be_suffixed_if_permalink_structure_does_not_result_in_a_clash_with_month_archives" class="Tests_Post_WpUniquePostSlug" file="/Users/msaari/wordpress-develop/tests/phpunit/tests/post/wpUniquePostSlug.php" line="250" assertions="1" time="0.014300"/>
      <testcase name="test_monthlike_slugs_should_not_be_suffixed_for_invalid_month_numbers" class="Tests_Post_WpUniquePostSlug" file="/Users/msaari/wordpress-develop/tests/phpunit/tests/post/wpUniquePostSlug.php" line="267" assertions="1" time="0.013492"/>
      <testcase name="test_slugs_resulting_in_permalinks_that_resemble_day_archives_should_be_suffixed" class="Tests_Post_WpUniquePostSlug" file="/Users/msaari/wordpress-develop/tests/phpunit/tests/post/wpUniquePostSlug.php" line="284" assertions="1" time="0.013787"/>
      <testcase name="test_daylike_slugs_should_not_be_suffixed_if_permalink_structure_does_not_result_in_a_clash_with_day_archives" class="Tests_Post_WpUniquePostSlug" file="/Users/msaari/wordpress-develop/tests/phpunit/tests/post/wpUniquePostSlug.php" line="301" assertions="1" time="0.013348"/>
      <testcase name="test_daylike_slugs_should_not_be_suffixed_for_invalid_day_numbers" class="Tests_Post_WpUniquePostSlug" file="/Users/msaari/wordpress-develop/tests/phpunit/tests/post/wpUniquePostSlug.php" line="318" assertions="1" time="0.013714"/>
      <testcase name="test_embed_slug_should_be_suffixed_for_posts" class="Tests_Post_WpUniquePostSlug" file="/Users/msaari/wordpress-develop/tests/phpunit/tests/post/wpUniquePostSlug.php" line="335" assertions="1" time="0.014522"/>
      <testcase name="test_embed_slug_should_be_suffixed_for_pages" class="Tests_Post_WpUniquePostSlug" file="/Users/msaari/wordpress-develop/tests/phpunit/tests/post/wpUniquePostSlug.php" line="352" assertions="1" time="0.007157"/>
      <testcase name="test_embed_slug_should_be_suffixed_for_attachments" class="Tests_Post_WpUniquePostSlug" file="/Users/msaari/wordpress-develop/tests/phpunit/tests/post/wpUniquePostSlug.php" line="369" assertions="1" time="0.006962"/>
    </testsuite>
    <testsuite name="Tests_WpPrivacyCompletedRequest" file="/Users/msaari/wordpress-develop/tests/phpunit/tests/privacy/wpPrivacyCompletedRequest.php" tests="3" assertions="10" failures="0" errors="0" time="0.012549">
      <testcase name="test_wp_privacy_completed_request_should_return_error_for_invalid_request_id" class="Tests_WpPrivacyCompletedRequest" file="/Users/msaari/wordpress-develop/tests/phpunit/tests/privacy/wpPrivacyCompletedRequest.php" line="42" assertions="4" time="0.001572"/>
      <testcase name="test_wp_privacy_completed_request_should_mark_request_completed" class="Tests_WpPrivacyCompletedRequest" file="/Users/msaari/wordpress-develop/tests/phpunit/tests/privacy/wpPrivacyCompletedRequest.php" line="57" assertions="3" time="0.004996"/>
      <testcase name="test_wp_privacy_completed_request_should_log_request_timestamp" class="Tests_WpPrivacyCompletedRequest" file="/Users/msaari/wordpress-develop/tests/phpunit/tests/privacy/wpPrivacyCompletedRequest.php" line="68" assertions="3" time="0.005981"/>
    </testsuite>
    <testsuite name="Tests_Privacy_WpPrivacyDeleteOldExportFiles" file="/Users/msaari/wordpress-develop/tests/phpunit/tests/privacy/wpPrivacyDeleteOldExportFiles.php" tests="5" assertions="6" failures="0" errors="0" time="0.008717">
      <testcase name="test_non_existent_folders_should_not_cause_errors" class="Tests_Privacy_WpPrivacyDeleteOldExportFiles" file="/Users/msaari/wordpress-develop/tests/phpunit/tests/privacy/wpPrivacyDeleteOldExportFiles.php" line="87" assertions="1" time="0.001526"/>
      <testcase name="test_expired_files_should_be_deleted" class="Tests_Privacy_WpPrivacyDeleteOldExportFiles" file="/Users/msaari/wordpress-develop/tests/phpunit/tests/privacy/wpPrivacyDeleteOldExportFiles.php" line="119" assertions="1" time="0.001548"/>
      <testcase name="test_unexpired_files_should_not_be_deleted" class="Tests_Privacy_WpPrivacyDeleteOldExportFiles" file="/Users/msaari/wordpress-develop/tests/phpunit/tests/privacy/wpPrivacyDeleteOldExportFiles.php" line="130" assertions="1" time="0.001859"/>
      <testcase name="test_index_file_should_never_be_deleted" class="Tests_Privacy_WpPrivacyDeleteOldExportFiles" file="/Users/msaari/wordpress-develop/tests/phpunit/tests/privacy/wpPrivacyDeleteOldExportFiles.php" line="141" assertions="1" time="0.001882"/>
      <testcase name="test_filtered_expiration_time" class="Tests_Privacy_WpPrivacyDeleteOldExportFiles" file="/Users/msaari/wordpress-develop/tests/phpunit/tests/privacy/wpPrivacyDeleteOldExportFiles.php" line="152" assertions="2" time="0.001902"/>
    </testsuite>
    <testsuite name="Tests_Privacy_WpPrivacySendPersonalDataExportEmail" file="/Users/msaari/wordpress-develop/tests/phpunit/tests/privacy/wpPrivacySendPersonalDataExportEmail.php" tests="5" assertions="14" failures="0" errors="0" time="0.011880">
      <testcase name="test_function_should_send_export_link_to_requester" class="Tests_Privacy_WpPrivacySendPersonalDataExportEmail" file="/Users/msaari/wordpress-develop/tests/phpunit/tests/privacy/wpPrivacySendPersonalDataExportEmail.php" line="74" assertions="6" time="0.003659"/>
      <testcase name="test_function_should_error_when_request_id_invalid" class="Tests_Privacy_WpPrivacySendPersonalDataExportEmail" file="/Users/msaari/wordpress-develop/tests/phpunit/tests/privacy/wpPrivacySendPersonalDataExportEmail.php" line="94" assertions="4" time="0.001946"/>
      <testcase name="test_return_wp_error_when_send_fails" class="Tests_Privacy_WpPrivacySendPersonalDataExportEmail" file="/Users/msaari/wordpress-develop/tests/phpunit/tests/privacy/wpPrivacySendPersonalDataExportEmail.php" line="111" assertions="2" time="0.002278"/>
      <testcase name="test_export_expiration_should_be_filterable" class="Tests_Privacy_WpPrivacySendPersonalDataExportEmail" file="/Users/msaari/wordpress-develop/tests/phpunit/tests/privacy/wpPrivacySendPersonalDataExportEmail.php" line="124" assertions="1" time="0.002084"/>
      <testcase name="test_email_content_should_be_filterable" class="Tests_Privacy_WpPrivacySendPersonalDataExportEmail" file="/Users/msaari/wordpress-develop/tests/phpunit/tests/privacy/wpPrivacySendPersonalDataExportEmail.php" line="150" assertions="1" time="0.001913"/>
    </testsuite>
    <testsuite name="Tests_User_WpPrivacySendRequestConfirmationNotification" file="/Users/msaari/wordpress-develop/tests/phpunit/tests/privacy/wpPrivacySendRequestConfirmationNotification.php" tests="7" assertions="17" failures="0" errors="0" time="0.050257">
      <testcase name="test_function_should_not_send_email_when_not_a_valid_request_id" class="Tests_User_WpPrivacySendRequestConfirmationNotification" file="/Users/msaari/wordpress-develop/tests/phpunit/tests/privacy/wpPrivacySendRequestConfirmationNotification.php" line="43" assertions="1" time="0.001515"/>
      <testcase name="test_function_should_not_send_email_when_not_a_wp_user_request" class="Tests_User_WpPrivacySendRequestConfirmationNotification" file="/Users/msaari/wordpress-develop/tests/phpunit/tests/privacy/wpPrivacySendRequestConfirmationNotification.php" line="55" assertions="1" time="0.010967"/>
      <testcase name="test_function_should_send_email_to_site_admin_when_user_request_confirmed" class="Tests_User_WpPrivacySendRequestConfirmationNotification" file="/Users/msaari/wordpress-develop/tests/phpunit/tests/privacy/wpPrivacySendRequestConfirmationNotification.php" line="73" assertions="7" time="0.008244"/>
      <testcase name="test_function_should_only_send_email_to_site_admin_when_user_request_is_confirmed" class="Tests_User_WpPrivacySendRequestConfirmationNotification" file="/Users/msaari/wordpress-develop/tests/phpunit/tests/privacy/wpPrivacySendRequestConfirmationNotification.php" line="96" assertions="3" time="0.004968"/>
      <testcase name="test_function_should_only_send_email_once_to_admin_when_user_request_is_confirmed" class="Tests_User_WpPrivacySendRequestConfirmationNotification" file="/Users/msaari/wordpress-develop/tests/phpunit/tests/privacy/wpPrivacySendRequestConfirmationNotification.php" line="116" assertions="3" time="0.008018"/>
      <testcase name="test_email_address_should_be_filterable" class="Tests_User_WpPrivacySendRequestConfirmationNotification" file="/Users/msaari/wordpress-develop/tests/phpunit/tests/privacy/wpPrivacySendRequestConfirmationNotification.php" line="140" assertions="1" time="0.008242"/>
      <testcase name="test_email_content_should_be_filterable" class="Tests_User_WpPrivacySendRequestConfirmationNotification" file="/Users/msaari/wordpress-develop/tests/phpunit/tests/privacy/wpPrivacySendRequestConfirmationNotification.php" line="173" assertions="1" time="0.008303"/>
    </testsuite>
    <testsuite name="Tests_Query" file="/Users/msaari/wordpress-develop/tests/phpunit/tests/query.php" tests="25" assertions="43" failures="0" errors="0" time="0.830988">
      <testcase name="test_nested_loop_reset_postdata" class="Tests_Query" file="/Users/msaari/wordpress-develop/tests/phpunit/tests/query.php" line="15" assertions="2" time="0.026523"/>
      <testcase name="test_default_query_var" class="Tests_Query" file="/Users/msaari/wordpress-develop/tests/phpunit/tests/query.php" line="35" assertions="3" time="0.004494"/>
      <testcase name="test_pre_posts_per_page" class="Tests_Query" file="/Users/msaari/wordpress-develop/tests/phpunit/tests/query.php" line="45" assertions="1" time="0.100481"/>
      <testcase name="test_tag_queried_object" class="Tests_Query" file="/Users/msaari/wordpress-develop/tests/phpunit/tests/query.php" line="62" assertions="12" time="0.009829"/>
      <testcase name="test_get_queried_object_should_return_null_when_is_tax_is_true_but_the_taxonomy_args_have_been_removed_in_a_parse_query_callback" class="Tests_Query" file="/Users/msaari/wordpress-develop/tests/phpunit/tests/query.php" line="93" assertions="1" time="0.032611"/>
      <testcase name="test_get_queried_object_should_return_null_for_not_exists_tax_query" class="Tests_Query" file="/Users/msaari/wordpress-develop/tests/phpunit/tests/query.php" line="129" assertions="1" time="0.005009"/>
      <testcase name="test_orderby_space_separated" class="Tests_Query" file="/Users/msaari/wordpress-develop/tests/phpunit/tests/query.php" line="147" assertions="1" time="0.004583"/>
      <testcase name="test_cat_querystring_single_term" class="Tests_Query" file="/Users/msaari/wordpress-develop/tests/phpunit/tests/query.php" line="160" assertions="1" time="0.051658"/>
      <testcase name="test_category_querystring_multiple_terms_comma_separated" class="Tests_Query" file="/Users/msaari/wordpress-develop/tests/phpunit/tests/query.php" line="196" assertions="1" time="0.064245"/>
      <testcase name="test_category_querystring_multiple_terms_formatted_as_array" class="Tests_Query" file="/Users/msaari/wordpress-develop/tests/phpunit/tests/query.php" line="243" assertions="1" time="0.061820"/>
      <testcase name="test_tag_querystring_single_term" class="Tests_Query" file="/Users/msaari/wordpress-develop/tests/phpunit/tests/query.php" line="288" assertions="1" time="0.044596"/>
      <testcase name="test_tag_querystring_multiple_terms_comma_separated" class="Tests_Query" file="/Users/msaari/wordpress-develop/tests/phpunit/tests/query.php" line="324" assertions="1" time="0.056263"/>
      <testcase name="test_tag_querystring_multiple_terms_formatted_as_array" class="Tests_Query" file="/Users/msaari/wordpress-develop/tests/phpunit/tests/query.php" line="371" assertions="1" time="0.059953"/>
      <testcase name="test_custom_taxonomy_querystring_single_term" class="Tests_Query" file="/Users/msaari/wordpress-develop/tests/phpunit/tests/query.php" line="415" assertions="1" time="0.048705"/>
      <testcase name="test_custom_taxonomy_querystring_multiple_terms_comma_separated" class="Tests_Query" file="/Users/msaari/wordpress-develop/tests/phpunit/tests/query.php" line="442" assertions="1" time="0.061530"/>
      <testcase name="test_custom_taxonomy_querystring_multiple_terms_formatted_as_array" class="Tests_Query" file="/Users/msaari/wordpress-develop/tests/phpunit/tests/query.php" line="474" assertions="1" time="0.064635"/>
      <testcase name="test_pages_dont_404_when_queried_post_id_is_modified" class="Tests_Query" file="/Users/msaari/wordpress-develop/tests/phpunit/tests/query.php" line="506" assertions="2" time="0.008933"/>
      <testcase name="test_custom_hierarchical_post_types_404_when_queried_post_id_is_modified" class="Tests_Query" file="/Users/msaari/wordpress-develop/tests/phpunit/tests/query.php" line="528" assertions="2" time="0.010164"/>
      <testcase name="test_offset_0_should_override_page" class="Tests_Query" file="/Users/msaari/wordpress-develop/tests/phpunit/tests/query.php" line="565" assertions="1" time="0.004691"/>
      <testcase name="test_offset_should_be_ignored_when_not_set" class="Tests_Query" file="/Users/msaari/wordpress-develop/tests/phpunit/tests/query.php" line="580" assertions="1" time="0.004827"/>
      <testcase name="test_offset_should_be_ignored_when_passed_a_non_numeric_value" class="Tests_Query" file="/Users/msaari/wordpress-develop/tests/phpunit/tests/query.php" line="594" assertions="1" time="0.004502"/>
      <testcase name="test_comment_status" class="Tests_Query" file="/Users/msaari/wordpress-develop/tests/phpunit/tests/query.php" line="609" assertions="1" time="0.022952"/>
      <testcase name="test_ping_status" class="Tests_Query" file="/Users/msaari/wordpress-develop/tests/phpunit/tests/query.php" line="626" assertions="1" time="0.022162"/>
      <testcase name="test_get_queried_object_should_return_first_of_multiple_terms" class="Tests_Query" file="/Users/msaari/wordpress-develop/tests/phpunit/tests/query.php" line="643" assertions="2" time="0.027999"/>
      <testcase name="test_query_vars_should_match_first_of_multiple_terms" class="Tests_Query" file="/Users/msaari/wordpress-develop/tests/phpunit/tests/query.php" line="673" assertions="2" time="0.027823"/>
    </testsuite>
    <testsuite name="Tests_Query_CommentCount" file="/Users/msaari/wordpress-develop/tests/phpunit/tests/query/commentCount.php" tests="15" assertions="15" failures="0" errors="0" time="0.030495">
      <testcase name="test_operator_equals" class="Tests_Query_CommentCount" file="/Users/msaari/wordpress-develop/tests/phpunit/tests/query/commentCount.php" line="69" assertions="1" time="0.002231"/>
      <testcase name="test_operator_greater_than" class="Tests_Query_CommentCount" file="/Users/msaari/wordpress-develop/tests/phpunit/tests/query/commentCount.php" line="87" assertions="1" time="0.002187"/>
      <testcase name="test_operator_greater_than_no_results" class="Tests_Query_CommentCount" file="/Users/msaari/wordpress-develop/tests/phpunit/tests/query/commentCount.php" line="105" assertions="1" time="0.001822"/>
      <testcase name="test_operator_less_than" class="Tests_Query_CommentCount" file="/Users/msaari/wordpress-develop/tests/phpunit/tests/query/commentCount.php" line="122" assertions="1" time="0.002167"/>
      <testcase name="test_operator_less_than_no_results" class="Tests_Query_CommentCount" file="/Users/msaari/wordpress-develop/tests/phpunit/tests/query/commentCount.php" line="149" assertions="1" time="0.002006"/>
      <testcase name="test_operator_not_equal" class="Tests_Query_CommentCount" file="/Users/msaari/wordpress-develop/tests/phpunit/tests/query/commentCount.php" line="168" assertions="1" time="0.002268"/>
      <testcase name="test_operator_equal_or_greater_than" class="Tests_Query_CommentCount" file="/Users/msaari/wordpress-develop/tests/phpunit/tests/query/commentCount.php" line="195" assertions="1" time="0.002346"/>
      <testcase name="test_operator_equal_or_greater_than_no_results" class="Tests_Query_CommentCount" file="/Users/msaari/wordpress-develop/tests/phpunit/tests/query/commentCount.php" line="219" assertions="1" time="0.001880"/>
      <testcase name="test_operator_equal_or_less_than" class="Tests_Query_CommentCount" file="/Users/msaari/wordpress-develop/tests/phpunit/tests/query/commentCount.php" line="237" assertions="1" time="0.002079"/>
      <testcase name="test_operator_equal_or_less_than_no_results" class="Tests_Query_CommentCount" file="/Users/msaari/wordpress-develop/tests/phpunit/tests/query/commentCount.php" line="261" assertions="1" time="0.001844"/>
      <testcase name="test_invalid_operator_should_fall_back_on_equals" class="Tests_Query_CommentCount" file="/Users/msaari/wordpress-develop/tests/phpunit/tests/query/commentCount.php" line="279" assertions="1" time="0.002010"/>
      <testcase name="test_wrong_count_no_results" class="Tests_Query_CommentCount" file="/Users/msaari/wordpress-develop/tests/phpunit/tests/query/commentCount.php" line="300" assertions="1" time="0.001773"/>
      <testcase name="test_no_operator_no_results" class="Tests_Query_CommentCount" file="/Users/msaari/wordpress-develop/tests/phpunit/tests/query/commentCount.php" line="318" assertions="1" time="0.001802"/>
      <testcase name="test_empty_non_numeric_string_should_be_ignored" class="Tests_Query_CommentCount" file="/Users/msaari/wordpress-develop/tests/phpunit/tests/query/commentCount.php" line="335" assertions="1" time="0.002110"/>
      <testcase name="test_simple_count" class="Tests_Query_CommentCount" file="/Users/msaari/wordpress-develop/tests/phpunit/tests/query/commentCount.php" line="359" assertions="1" time="0.001970"/>
    </testsuite>
    <testsuite name="Tests_Query_Conditionals" file="/Users/msaari/wordpress-develop/tests/phpunit/tests/query/conditionals.php" tests="83" assertions="605" failures="0" errors="0" time="1.843057">
      <testcase name="test_home" class="Tests_Query_Conditionals" file="/Users/msaari/wordpress-develop/tests/phpunit/tests/query/conditionals.php" line="30" assertions="2" time="0.005044"/>
      <testcase name="test_page_on_front" class="Tests_Query_Conditionals" file="/Users/msaari/wordpress-develop/tests/phpunit/tests/query/conditionals.php" line="35" assertions="5" time="0.017941"/>
      <testcase name="test_404" class="Tests_Query_Conditionals" file="/Users/msaari/wordpress-develop/tests/phpunit/tests/query/conditionals.php" line="61" assertions="1" time="0.006937"/>
      <testcase name="test_permalink" class="Tests_Query_Conditionals" file="/Users/msaari/wordpress-develop/tests/phpunit/tests/query/conditionals.php" line="66" assertions="2" time="0.016726"/>
      <testcase name="test_post_comments_feed" class="Tests_Query_Conditionals" file="/Users/msaari/wordpress-develop/tests/phpunit/tests/query/conditionals.php" line="72" assertions="4" time="0.020750"/>
      <testcase name="test_post_comments_feed_with_no_comments" class="Tests_Query_Conditionals" file="/Users/msaari/wordpress-develop/tests/phpunit/tests/query/conditionals.php" line="80" assertions="4" time="0.022166"/>
      <testcase name="test_attachment_comments_feed" class="Tests_Query_Conditionals" file="/Users/msaari/wordpress-develop/tests/phpunit/tests/query/conditionals.php" line="86" assertions="5" time="0.069933"/>
      <testcase name="test_page" class="Tests_Query_Conditionals" file="/Users/msaari/wordpress-develop/tests/phpunit/tests/query/conditionals.php" line="93" assertions="2" time="0.011202"/>
      <testcase name="test_parent_page" class="Tests_Query_Conditionals" file="/Users/msaari/wordpress-develop/tests/phpunit/tests/query/conditionals.php" line="104" assertions="2" time="0.009724"/>
      <testcase name="test_child_page_1" class="Tests_Query_Conditionals" file="/Users/msaari/wordpress-develop/tests/phpunit/tests/query/conditionals.php" line="116" assertions="2" time="0.011768"/>
      <testcase name="test_child_page_2" class="Tests_Query_Conditionals" file="/Users/msaari/wordpress-develop/tests/phpunit/tests/query/conditionals.php" line="135" assertions="2" time="0.014100"/>
      <testcase name="test_page_trackback" class="Tests_Query_Conditionals" file="/Users/msaari/wordpress-develop/tests/phpunit/tests/query/conditionals.php" line="162" assertions="12" time="0.020519"/>
      <testcase name="test_page_feed" class="Tests_Query_Conditionals" file="/Users/msaari/wordpress-develop/tests/phpunit/tests/query/conditionals.php" line="198" assertions="15" time="0.027236"/>
      <testcase name="test_page_feed_with_no_comments" class="Tests_Query_Conditionals" file="/Users/msaari/wordpress-develop/tests/phpunit/tests/query/conditionals.php" line="234" assertions="15" time="0.019857"/>
      <testcase name="test_page_feed_atom" class="Tests_Query_Conditionals" file="/Users/msaari/wordpress-develop/tests/phpunit/tests/query/conditionals.php" line="270" assertions="15" time="0.027673"/>
      <testcase name="test_page_page_2" class="Tests_Query_Conditionals" file="/Users/msaari/wordpress-develop/tests/phpunit/tests/query/conditionals.php" line="308" assertions="4" time="0.008984"/>
      <testcase name="test_page_page_2_no_slash" class="Tests_Query_Conditionals" file="/Users/msaari/wordpress-develop/tests/phpunit/tests/query/conditionals.php" line="327" assertions="4" time="0.009519"/>
      <testcase name="test_pagination_of_posts_page" class="Tests_Query_Conditionals" file="/Users/msaari/wordpress-develop/tests/phpunit/tests/query/conditionals.php" line="346" assertions="3" time="0.010200"/>
      <testcase name="test_main_feed_2" class="Tests_Query_Conditionals" file="/Users/msaari/wordpress-develop/tests/phpunit/tests/query/conditionals.php" line="377" assertions="10" time="0.054008"/>
      <testcase name="test_main_feed" class="Tests_Query_Conditionals" file="/Users/msaari/wordpress-develop/tests/phpunit/tests/query/conditionals.php" line="395" assertions="3" time="0.025452"/>
      <testcase name="test_paged" class="Tests_Query_Conditionals" file="/Users/msaari/wordpress-develop/tests/phpunit/tests/query/conditionals.php" line="405" assertions="6" time="0.057157"/>
      <testcase name="test_main_comments_feed" class="Tests_Query_Conditionals" file="/Users/msaari/wordpress-develop/tests/phpunit/tests/query/conditionals.php" line="416" assertions="24" time="0.058084"/>
      <testcase name="test_search_feed" class="Tests_Query_Conditionals" file="/Users/msaari/wordpress-develop/tests/phpunit/tests/query/conditionals.php" line="442" assertions="20" time="0.016617"/>
      <testcase name="test_search_paged" class="Tests_Query_Conditionals" file="/Users/msaari/wordpress-develop/tests/phpunit/tests/query/conditionals.php" line="459" assertions="2" time="0.034040"/>
      <testcase name="test_search" class="Tests_Query_Conditionals" file="/Users/msaari/wordpress-develop/tests/phpunit/tests/query/conditionals.php" line="467" assertions="1" time="0.005769"/>
      <testcase name="test_search_encoded_chars" class="Tests_Query_Conditionals" file="/Users/msaari/wordpress-develop/tests/phpunit/tests/query/conditionals.php" line="475" assertions="1" time="0.005915"/>
      <testcase name="test_category_feed" class="Tests_Query_Conditionals" file="/Users/msaari/wordpress-develop/tests/phpunit/tests/query/conditionals.php" line="482" assertions="30" time="0.030038"/>
      <testcase name="test_category_paged" class="Tests_Query_Conditionals" file="/Users/msaari/wordpress-develop/tests/phpunit/tests/query/conditionals.php" line="506" assertions="3" time="0.034519"/>
      <testcase name="test_category" class="Tests_Query_Conditionals" file="/Users/msaari/wordpress-develop/tests/phpunit/tests/query/conditionals.php" line="514" assertions="2" time="0.010357"/>
      <testcase name="test_tag_feed" class="Tests_Query_Conditionals" file="/Users/msaari/wordpress-develop/tests/phpunit/tests/query/conditionals.php" line="527" assertions="30" time="0.025387"/>
      <testcase name="test_tag_paged" class="Tests_Query_Conditionals" file="/Users/msaari/wordpress-develop/tests/phpunit/tests/query/conditionals.php" line="550" assertions="3" time="0.041495"/>
      <testcase name="test_tag" class="Tests_Query_Conditionals" file="/Users/msaari/wordpress-develop/tests/phpunit/tests/query/conditionals.php" line="561" assertions="10" time="0.008463"/>
      <testcase name="test_author_feed" class="Tests_Query_Conditionals" file="/Users/msaari/wordpress-develop/tests/phpunit/tests/query/conditionals.php" line="586" assertions="30" time="0.034971"/>
      <testcase name="test_author_paged" class="Tests_Query_Conditionals" file="/Users/msaari/wordpress-develop/tests/phpunit/tests/query/conditionals.php" line="604" assertions="3" time="0.046002"/>
      <testcase name="test_author" class="Tests_Query_Conditionals" file="/Users/msaari/wordpress-develop/tests/phpunit/tests/query/conditionals.php" line="613" assertions="2" time="0.030994"/>
      <testcase name="test_author_with_no_posts" class="Tests_Query_Conditionals" file="/Users/msaari/wordpress-develop/tests/phpunit/tests/query/conditionals.php" line="620" assertions="2" time="0.019410"/>
      <testcase name="test_ymd_feed" class="Tests_Query_Conditionals" file="/Users/msaari/wordpress-develop/tests/phpunit/tests/query/conditionals.php" line="628" assertions="40" time="0.052720"/>
      <testcase name="test_ymd_paged" class="Tests_Query_Conditionals" file="/Users/msaari/wordpress-develop/tests/phpunit/tests/query/conditionals.php" line="646" assertions="4" time="0.035314"/>
      <testcase name="test_ymd" class="Tests_Query_Conditionals" file="/Users/msaari/wordpress-develop/tests/phpunit/tests/query/conditionals.php" line="654" assertions="3" time="0.016946"/>
      <testcase name="test_ym_feed" class="Tests_Query_Conditionals" file="/Users/msaari/wordpress-develop/tests/phpunit/tests/query/conditionals.php" line="662" assertions="40" time="0.051710"/>
      <testcase name="test_ym_paged" class="Tests_Query_Conditionals" file="/Users/msaari/wordpress-develop/tests/phpunit/tests/query/conditionals.php" line="680" assertions="4" time="0.032419"/>
      <testcase name="test_ym" class="Tests_Query_Conditionals" file="/Users/msaari/wordpress-develop/tests/phpunit/tests/query/conditionals.php" line="688" assertions="3" time="0.017287"/>
      <testcase name="test_y_feed" class="Tests_Query_Conditionals" file="/Users/msaari/wordpress-develop/tests/phpunit/tests/query/conditionals.php" line="696" assertions="40" time="0.051976"/>
      <testcase name="test_y_paged" class="Tests_Query_Conditionals" file="/Users/msaari/wordpress-develop/tests/phpunit/tests/query/conditionals.php" line="714" assertions="4" time="0.033169"/>
      <testcase name="test_y" class="Tests_Query_Conditionals" file="/Users/msaari/wordpress-develop/tests/phpunit/tests/query/conditionals.php" line="722" assertions="3" time="0.018301"/>
      <testcase name="test_post_trackback" class="Tests_Query_Conditionals" file="/Users/msaari/wordpress-develop/tests/phpunit/tests/query/conditionals.php" line="729" assertions="3" time="0.017778"/>
      <testcase name="test_post_comment_feed" class="Tests_Query_Conditionals" file="/Users/msaari/wordpress-develop/tests/phpunit/tests/query/conditionals.php" line="738" assertions="40" time="0.045126"/>
      <testcase name="test_post_paged_short" class="Tests_Query_Conditionals" file="/Users/msaari/wordpress-develop/tests/phpunit/tests/query/conditionals.php" line="757" assertions="2" time="0.017311"/>
      <testcase name="test_post_attachment" class="Tests_Query_Conditionals" file="/Users/msaari/wordpress-develop/tests/phpunit/tests/query/conditionals.php" line="772" assertions="3" time="0.008426"/>
      <testcase name="test_bad_dates" class="Tests_Query_Conditionals" file="/Users/msaari/wordpress-develop/tests/phpunit/tests/query/conditionals.php" line="790" assertions="3" time="0.006316"/>
      <testcase name="test_post_type_archive_with_tax_query" class="Tests_Query_Conditionals" file="/Users/msaari/wordpress-develop/tests/phpunit/tests/query/conditionals.php" line="798" assertions="6" time="0.022669"/>
      <testcase name="test_post_type_array" class="Tests_Query_Conditionals" file="/Users/msaari/wordpress-develop/tests/phpunit/tests/query/conditionals.php" line="843" assertions="6" time="0.019243"/>
      <testcase name="test_is_single" class="Tests_Query_Conditionals" file="/Users/msaari/wordpress-develop/tests/phpunit/tests/query/conditionals.php" line="875" assertions="8" time="0.016934"/>
      <testcase name="test_is_single_with_parent" class="Tests_Query_Conditionals" file="/Users/msaari/wordpress-develop/tests/phpunit/tests/query/conditionals.php" line="895" assertions="13" time="0.012366"/>
      <testcase name="test_is_single_with_slug_that_begins_with_a_number_that_clashes_with_another_post_id" class="Tests_Query_Conditionals" file="/Users/msaari/wordpress-develop/tests/phpunit/tests/query/conditionals.php" line="949" assertions="4" time="0.025346"/>
      <testcase name="test_is_single_with_slug_that_clashes_with_attachment" class="Tests_Query_Conditionals" file="/Users/msaari/wordpress-develop/tests/phpunit/tests/query/conditionals.php" line="972" assertions="4" time="0.022429"/>
      <testcase name="test_is_single_with_attachment" class="Tests_Query_Conditionals" file="/Users/msaari/wordpress-develop/tests/phpunit/tests/query/conditionals.php" line="1002" assertions="3" time="0.019366"/>
      <testcase name="test_is_page" class="Tests_Query_Conditionals" file="/Users/msaari/wordpress-develop/tests/phpunit/tests/query/conditionals.php" line="1022" assertions="8" time="0.009044"/>
      <testcase name="test_is_page_with_parent" class="Tests_Query_Conditionals" file="/Users/msaari/wordpress-develop/tests/phpunit/tests/query/conditionals.php" line="1042" assertions="13" time="0.012334"/>
      <testcase name="test_is_attachment" class="Tests_Query_Conditionals" file="/Users/msaari/wordpress-develop/tests/phpunit/tests/query/conditionals.php" line="1076" assertions="9" time="0.008256"/>
      <testcase name="test_is_attachment_with_slug_that_begins_with_a_number_that_clashes_with_a_page_ID" class="Tests_Query_Conditionals" file="/Users/msaari/wordpress-develop/tests/phpunit/tests/query/conditionals.php" line="1097" assertions="4" time="0.011662"/>
      <testcase name="test_is_author_with_nicename_that_begins_with_a_number_that_clashes_with_another_author_id" class="Tests_Query_Conditionals" file="/Users/msaari/wordpress-develop/tests/phpunit/tests/query/conditionals.php" line="1121" assertions="4" time="0.033165"/>
      <testcase name="test_is_category_with_slug_that_begins_with_a_number_that_clashes_with_another_category_id" class="Tests_Query_Conditionals" file="/Users/msaari/wordpress-develop/tests/phpunit/tests/query/conditionals.php" line="1144" assertions="4" time="0.013150"/>
      <testcase name="test_is_tag_with_slug_that_begins_with_a_number_that_clashes_with_another_tag_id" class="Tests_Query_Conditionals" file="/Users/msaari/wordpress-develop/tests/phpunit/tests/query/conditionals.php" line="1167" assertions="4" time="0.012371"/>
      <testcase name="test_is_page_with_page_id_zero_and_random_page_slug" class="Tests_Query_Conditionals" file="/Users/msaari/wordpress-develop/tests/phpunit/tests/query/conditionals.php" line="1190" assertions="3" time="0.009151"/>
      <testcase name="test_is_page_with_page_slug_that_begins_with_a_number_that_clashes_with_a_page_ID" class="Tests_Query_Conditionals" file="/Users/msaari/wordpress-develop/tests/phpunit/tests/query/conditionals.php" line="1212" assertions="4" time="0.012089"/>
      <testcase name="test_is_page_template" class="Tests_Query_Conditionals" file="/Users/msaari/wordpress-develop/tests/phpunit/tests/query/conditionals.php" line="1233" assertions="1" time="0.010173"/>
      <testcase name="test_is_page_template_default" class="Tests_Query_Conditionals" file="/Users/msaari/wordpress-develop/tests/phpunit/tests/query/conditionals.php" line="1243" assertions="2" time="0.008445"/>
      <testcase name="test_is_page_template_array" class="Tests_Query_Conditionals" file="/Users/msaari/wordpress-develop/tests/phpunit/tests/query/conditionals.php" line="1253" assertions="2" time="0.009917"/>
      <testcase name="test_is_page_template_other_post_type" class="Tests_Query_Conditionals" file="/Users/msaari/wordpress-develop/tests/phpunit/tests/query/conditionals.php" line="1264" assertions="2" time="0.016796"/>
      <testcase name="test_is_page_template_not_singular" class="Tests_Query_Conditionals" file="/Users/msaari/wordpress-develop/tests/phpunit/tests/query/conditionals.php" line="1275" assertions="4" time="0.031970"/>
      <testcase name="test_is_attachment_should_not_match_numeric_id_to_post_title_beginning_with_id" class="Tests_Query_Conditionals" file="/Users/msaari/wordpress-develop/tests/phpunit/tests/query/conditionals.php" line="1301" assertions="2" time="0.010343"/>
      <testcase name="test_is_attachment_should_not_match_numeric_id_to_post_name_beginning_with_id" class="Tests_Query_Conditionals" file="/Users/msaari/wordpress-develop/tests/phpunit/tests/query/conditionals.php" line="1326" assertions="2" time="0.010627"/>
      <testcase name="test_is_author_should_not_match_numeric_id_to_nickname_beginning_with_id" class="Tests_Query_Conditionals" file="/Users/msaari/wordpress-develop/tests/phpunit/tests/query/conditionals.php" line="1351" assertions="2" time="0.031962"/>
      <testcase name="test_is_author_should_not_match_numeric_id_to_user_nicename_beginning_with_id" class="Tests_Query_Conditionals" file="/Users/msaari/wordpress-develop/tests/phpunit/tests/query/conditionals.php" line="1374" assertions="2" time="0.034329"/>
      <testcase name="test_is_category_should_not_match_numeric_id_to_name_beginning_with_id" class="Tests_Query_Conditionals" file="/Users/msaari/wordpress-develop/tests/phpunit/tests/query/conditionals.php" line="1397" assertions="2" time="0.013087"/>
      <testcase name="test_is_category_should_not_match_numeric_id_to_slug_beginning_with_id" class="Tests_Query_Conditionals" file="/Users/msaari/wordpress-develop/tests/phpunit/tests/query/conditionals.php" line="1422" assertions="2" time="0.013219"/>
      <testcase name="test_is_tag_should_not_match_numeric_id_to_name_beginning_with_id" class="Tests_Query_Conditionals" file="/Users/msaari/wordpress-develop/tests/phpunit/tests/query/conditionals.php" line="1447" assertions="2" time="0.011470"/>
      <testcase name="test_is_tag_should_not_match_numeric_id_to_slug_beginning_with_id" class="Tests_Query_Conditionals" file="/Users/msaari/wordpress-develop/tests/phpunit/tests/query/conditionals.php" line="1472" assertions="2" time="0.011211"/>
      <testcase name="test_is_page_should_not_match_numeric_id_to_post_title_beginning_with_id" class="Tests_Query_Conditionals" file="/Users/msaari/wordpress-develop/tests/phpunit/tests/query/conditionals.php" line="1497" assertions="2" time="0.011198"/>
      <testcase name="test_is_page_should_not_match_numeric_id_to_post_name_beginning_with_id" class="Tests_Query_Conditionals" file="/Users/msaari/wordpress-develop/tests/phpunit/tests/query/conditionals.php" line="1522" assertions="2" time="0.010995"/>
      <testcase name="test_is_single_should_not_match_numeric_id_to_post_title_beginning_with_id" class="Tests_Query_Conditionals" file="/Users/msaari/wordpress-develop/tests/phpunit/tests/query/conditionals.php" line="1547" assertions="2" time="0.030005"/>
      <testcase name="test_is_single_should_not_match_numeric_id_to_post_name_beginning_with_id" class="Tests_Query_Conditionals" file="/Users/msaari/wordpress-develop/tests/phpunit/tests/query/conditionals.php" line="1572" assertions="2" time="0.043980"/>
    </testsuite>
    <testsuite name="Tests_Query_Date" file="/Users/msaari/wordpress-develop/tests/phpunit/tests/query/date.php" tests="29" assertions="29" failures="0" errors="0" time="0.095952">
      <testcase name="test_simple_year_expecting_results" class="Tests_Query_Date" file="/Users/msaari/wordpress-develop/tests/phpunit/tests/query/date.php" line="68" assertions="1" time="0.004746"/>
      <testcase name="test_simple_year_expecting_noresults" class="Tests_Query_Date" file="/Users/msaari/wordpress-develop/tests/phpunit/tests/query/date.php" line="84" assertions="1" time="0.002231"/>
      <testcase name="test_simple_m_with_year_expecting_results" class="Tests_Query_Date" file="/Users/msaari/wordpress-develop/tests/phpunit/tests/query/date.php" line="94" assertions="1" time="0.003964"/>
      <testcase name="test_simple_m_with_year_expecting_noresults" class="Tests_Query_Date" file="/Users/msaari/wordpress-develop/tests/phpunit/tests/query/date.php" line="110" assertions="1" time="0.002059"/>
      <testcase name="test_simple_m_with_yearmonth_expecting_results" class="Tests_Query_Date" file="/Users/msaari/wordpress-develop/tests/phpunit/tests/query/date.php" line="120" assertions="1" time="0.003747"/>
      <testcase name="test_simple_m_with_yearmonth_expecting_noresults" class="Tests_Query_Date" file="/Users/msaari/wordpress-develop/tests/phpunit/tests/query/date.php" line="135" assertions="1" time="0.002174"/>
      <testcase name="test_simple_m_with_yearmonthday_expecting_results" class="Tests_Query_Date" file="/Users/msaari/wordpress-develop/tests/phpunit/tests/query/date.php" line="145" assertions="1" time="0.002607"/>
      <testcase name="test_simple_m_with_yearmonthday_expecting_noresults" class="Tests_Query_Date" file="/Users/msaari/wordpress-develop/tests/phpunit/tests/query/date.php" line="160" assertions="1" time="0.002315"/>
      <testcase name="test_simple_m_with_yearmonthdayhour_expecting_results" class="Tests_Query_Date" file="/Users/msaari/wordpress-develop/tests/phpunit/tests/query/date.php" line="170" assertions="1" time="0.002465"/>
      <testcase name="test_simple_m_with_yearmonthdayhour_expecting_noresults" class="Tests_Query_Date" file="/Users/msaari/wordpress-develop/tests/phpunit/tests/query/date.php" line="185" assertions="1" time="0.002156"/>
      <testcase name="test_simple_m_with_yearmonthdayhourminute_expecting_results" class="Tests_Query_Date" file="/Users/msaari/wordpress-develop/tests/phpunit/tests/query/date.php" line="198" assertions="1" time="0.002678"/>
      <testcase name="test_simple_m_with_yearmonthdayhourminute_expecting_noresults" class="Tests_Query_Date" file="/Users/msaari/wordpress-develop/tests/phpunit/tests/query/date.php" line="216" assertions="1" time="0.002509"/>
      <testcase name="test_simple_m_with_yearmonthdayhourminutesecond_expecting_results" class="Tests_Query_Date" file="/Users/msaari/wordpress-develop/tests/phpunit/tests/query/date.php" line="229" assertions="1" time="0.004172"/>
      <testcase name="test_simple_m_with_yearmonthdayhourminutesecond_expecting_noresults" class="Tests_Query_Date" file="/Users/msaari/wordpress-develop/tests/phpunit/tests/query/date.php" line="246" assertions="1" time="0.002400"/>
      <testcase name="test_simple_m_with_yearmonthdayhourminutesecond_and_dashes_expecting_results" class="Tests_Query_Date" file="/Users/msaari/wordpress-develop/tests/phpunit/tests/query/date.php" line="259" assertions="1" time="0.003975"/>
      <testcase name="test_simple_m_with_yearmonthdayhourminutesecond_and_dashesletters_expecting_results" class="Tests_Query_Date" file="/Users/msaari/wordpress-develop/tests/phpunit/tests/query/date.php" line="276" assertions="1" time="0.002552"/>
      <testcase name="test_non_scalar_m_should_be_discarded" class="Tests_Query_Date" file="/Users/msaari/wordpress-develop/tests/phpunit/tests/query/date.php" line="293" assertions="1" time="0.009594"/>
      <testcase name="test_simple_monthnum_expecting_results" class="Tests_Query_Date" file="/Users/msaari/wordpress-develop/tests/phpunit/tests/query/date.php" line="304" assertions="1" time="0.004349"/>
      <testcase name="test_simple_monthnum_expecting_noresults" class="Tests_Query_Date" file="/Users/msaari/wordpress-develop/tests/phpunit/tests/query/date.php" line="322" assertions="1" time="0.002115"/>
      <testcase name="test_simple_w_as_in_week_expecting_results" class="Tests_Query_Date" file="/Users/msaari/wordpress-develop/tests/phpunit/tests/query/date.php" line="332" assertions="1" time="0.003846"/>
      <testcase name="test_simple_w_as_in_week_expecting_noresults" class="Tests_Query_Date" file="/Users/msaari/wordpress-develop/tests/phpunit/tests/query/date.php" line="348" assertions="1" time="0.002097"/>
      <testcase name="test_simple_day_expecting_results" class="Tests_Query_Date" file="/Users/msaari/wordpress-develop/tests/phpunit/tests/query/date.php" line="358" assertions="1" time="0.004862"/>
      <testcase name="test_simple_day_expecting_noresults" class="Tests_Query_Date" file="/Users/msaari/wordpress-develop/tests/phpunit/tests/query/date.php" line="373" assertions="1" time="0.002233"/>
      <testcase name="test_simple_hour_expecting_results" class="Tests_Query_Date" file="/Users/msaari/wordpress-develop/tests/phpunit/tests/query/date.php" line="383" assertions="1" time="0.003941"/>
      <testcase name="test_simple_hour_expecting_noresults" class="Tests_Query_Date" file="/Users/msaari/wordpress-develop/tests/phpunit/tests/query/date.php" line="397" assertions="1" time="0.002426"/>
      <testcase name="test_simple_minute_expecting_results" class="Tests_Query_Date" file="/Users/msaari/wordpress-develop/tests/phpunit/tests/query/date.php" line="407" assertions="1" time="0.004261"/>
      <testcase name="test_simple_minute_expecting_noresults" class="Tests_Query_Date" file="/Users/msaari/wordpress-develop/tests/phpunit/tests/query/date.php" line="422" assertions="1" time="0.002542"/>
      <testcase name="test_simple_second_expecting_results" class="Tests_Query_Date" file="/Users/msaari/wordpress-develop/tests/phpunit/tests/query/date.php" line="432" assertions="1" time="0.004431"/>
      <testcase name="test_simple_second_expecting_noresults" class="Tests_Query_Date" file="/Users/msaari/wordpress-develop/tests/phpunit/tests/query/date.php" line="446" assertions="1" time="0.002505"/>
    </testsuite>
    <testsuite name="Tests_Query_DateQuery" file="/Users/msaari/wordpress-develop/tests/phpunit/tests/query/dateQuery.php" tests="38" assertions="52" failures="0" errors="0" time="1.017486">
      <testcase name="test_date_query_before_array" class="Tests_Query_DateQuery" file="/Users/msaari/wordpress-develop/tests/phpunit/tests/query/dateQuery.php" line="38" assertions="1" time="0.037176"/>
      <testcase name="test_date_query_before_array_test_defaulting" class="Tests_Query_DateQuery" file="/Users/msaari/wordpress-develop/tests/phpunit/tests/query/dateQuery.php" line="64" assertions="1" time="0.021825"/>
      <testcase name="test_date_query_before_string" class="Tests_Query_DateQuery" file="/Users/msaari/wordpress-develop/tests/phpunit/tests/query/dateQuery.php" line="83" assertions="1" time="0.039961"/>
      <testcase name="test_date_query_after_array" class="Tests_Query_DateQuery" file="/Users/msaari/wordpress-develop/tests/phpunit/tests/query/dateQuery.php" line="102" assertions="1" time="0.028778"/>
      <testcase name="test_date_query_after_array_test_defaulting" class="Tests_Query_DateQuery" file="/Users/msaari/wordpress-develop/tests/phpunit/tests/query/dateQuery.php" line="128" assertions="1" time="0.019598"/>
      <testcase name="test_date_query_after_string" class="Tests_Query_DateQuery" file="/Users/msaari/wordpress-develop/tests/phpunit/tests/query/dateQuery.php" line="147" assertions="1" time="0.029733"/>
      <testcase name="test_date_query_after_string_inclusive" class="Tests_Query_DateQuery" file="/Users/msaari/wordpress-develop/tests/phpunit/tests/query/dateQuery.php" line="165" assertions="1" time="0.029542"/>
      <testcase name="test_date_query_inclusive_between_dates" class="Tests_Query_DateQuery" file="/Users/msaari/wordpress-develop/tests/phpunit/tests/query/dateQuery.php" line="187" assertions="1" time="0.045895"/>
      <testcase name="test_beforeafter_with_date_string_Y" class="Tests_Query_DateQuery" file="/Users/msaari/wordpress-develop/tests/phpunit/tests/query/dateQuery.php" line="216" assertions="2" time="0.021020"/>
      <testcase name="test_beforeafter_with_date_string_Y_inclusive" class="Tests_Query_DateQuery" file="/Users/msaari/wordpress-develop/tests/phpunit/tests/query/dateQuery.php" line="257" assertions="2" time="0.020627"/>
      <testcase name="test_beforeafter_with_date_string_Ym" class="Tests_Query_DateQuery" file="/Users/msaari/wordpress-develop/tests/phpunit/tests/query/dateQuery.php" line="300" assertions="2" time="0.020975"/>
      <testcase name="test_beforeafter_with_date_string_Ym_inclusive" class="Tests_Query_DateQuery" file="/Users/msaari/wordpress-develop/tests/phpunit/tests/query/dateQuery.php" line="341" assertions="2" time="0.021400"/>
      <testcase name="test_beforeafter_with_date_string_Ymd" class="Tests_Query_DateQuery" file="/Users/msaari/wordpress-develop/tests/phpunit/tests/query/dateQuery.php" line="384" assertions="2" time="0.022180"/>
      <testcase name="test_beforeafter_with_date_string_Ymd_inclusive" class="Tests_Query_DateQuery" file="/Users/msaari/wordpress-develop/tests/phpunit/tests/query/dateQuery.php" line="425" assertions="2" time="0.021219"/>
      <testcase name="test_beforeafter_with_date_string_YmdHi" class="Tests_Query_DateQuery" file="/Users/msaari/wordpress-develop/tests/phpunit/tests/query/dateQuery.php" line="468" assertions="2" time="0.021160"/>
      <testcase name="test_beforeafter_with_date_string_YmdHi_inclusive" class="Tests_Query_DateQuery" file="/Users/msaari/wordpress-develop/tests/phpunit/tests/query/dateQuery.php" line="509" assertions="2" time="0.020962"/>
      <testcase name="test_beforeafter_with_date_string_YmdHis" class="Tests_Query_DateQuery" file="/Users/msaari/wordpress-develop/tests/phpunit/tests/query/dateQuery.php" line="552" assertions="2" time="0.020200"/>
      <testcase name="test_beforeafter_with_date_string_YmdHis_inclusive" class="Tests_Query_DateQuery" file="/Users/msaari/wordpress-develop/tests/phpunit/tests/query/dateQuery.php" line="593" assertions="2" time="0.020253"/>
      <testcase name="test_beforeafter_with_date_string_non_parseable" class="Tests_Query_DateQuery" file="/Users/msaari/wordpress-develop/tests/phpunit/tests/query/dateQuery.php" line="636" assertions="1" time="0.019915"/>
      <testcase name="test_date_query_year" class="Tests_Query_DateQuery" file="/Users/msaari/wordpress-develop/tests/phpunit/tests/query/dateQuery.php" line="673" assertions="1" time="0.023999"/>
      <testcase name="test_date_query_month" class="Tests_Query_DateQuery" file="/Users/msaari/wordpress-develop/tests/phpunit/tests/query/dateQuery.php" line="689" assertions="1" time="0.036324"/>
      <testcase name="test_date_query_week" class="Tests_Query_DateQuery" file="/Users/msaari/wordpress-develop/tests/phpunit/tests/query/dateQuery.php" line="705" assertions="1" time="0.021554"/>
      <testcase name="test_date_query_day" class="Tests_Query_DateQuery" file="/Users/msaari/wordpress-develop/tests/phpunit/tests/query/dateQuery.php" line="721" assertions="1" time="0.020980"/>
      <testcase name="test_date_query_dayofweek" class="Tests_Query_DateQuery" file="/Users/msaari/wordpress-develop/tests/phpunit/tests/query/dateQuery.php" line="738" assertions="1" time="0.019581"/>
      <testcase name="test_date_query_dayofweek_iso" class="Tests_Query_DateQuery" file="/Users/msaari/wordpress-develop/tests/phpunit/tests/query/dateQuery.php" line="758" assertions="1" time="0.020271"/>
      <testcase name="test_date_query_hour" class="Tests_Query_DateQuery" file="/Users/msaari/wordpress-develop/tests/phpunit/tests/query/dateQuery.php" line="775" assertions="1" time="0.020595"/>
      <testcase name="test_date_query_hour_should_not_ignore_0" class="Tests_Query_DateQuery" file="/Users/msaari/wordpress-develop/tests/phpunit/tests/query/dateQuery.php" line="795" assertions="1" time="0.019969"/>
      <testcase name="test_date_query_minute" class="Tests_Query_DateQuery" file="/Users/msaari/wordpress-develop/tests/phpunit/tests/query/dateQuery.php" line="812" assertions="1" time="0.019928"/>
      <testcase name="test_date_query_second" class="Tests_Query_DateQuery" file="/Users/msaari/wordpress-develop/tests/phpunit/tests/query/dateQuery.php" line="829" assertions="1" time="0.020179"/>
      <testcase name="test_date_query_between_two_times" class="Tests_Query_DateQuery" file="/Users/msaari/wordpress-develop/tests/phpunit/tests/query/dateQuery.php" line="846" assertions="1" time="0.045914"/>
      <testcase name="test_date_query_relation_or" class="Tests_Query_DateQuery" file="/Users/msaari/wordpress-develop/tests/phpunit/tests/query/dateQuery.php" line="873" assertions="1" time="0.028064"/>
      <testcase name="test_date_query_compare_greater_than_or_equal_to" class="Tests_Query_DateQuery" file="/Users/msaari/wordpress-develop/tests/phpunit/tests/query/dateQuery.php" line="895" assertions="1" time="0.036988"/>
      <testcase name="test_date_params_monthnum_m_duplicate" class="Tests_Query_DateQuery" file="/Users/msaari/wordpress-develop/tests/phpunit/tests/query/dateQuery.php" line="916" assertions="3" time="0.030082"/>
      <testcase name="test_date_params_week_w_duplicate" class="Tests_Query_DateQuery" file="/Users/msaari/wordpress-develop/tests/phpunit/tests/query/dateQuery.php" line="938" assertions="3" time="0.026602"/>
      <testcase name="test_date_query_with_taxonomy_join" class="Tests_Query_DateQuery" file="/Users/msaari/wordpress-develop/tests/phpunit/tests/query/dateQuery.php" line="963" assertions="1" time="0.024716"/>
      <testcase name="test_date_query_one_nested_query" class="Tests_Query_DateQuery" file="/Users/msaari/wordpress-develop/tests/phpunit/tests/query/dateQuery.php" line="1001" assertions="1" time="0.038114"/>
      <testcase name="test_date_query_one_nested_query_multiple_columns_relation_and" class="Tests_Query_DateQuery" file="/Users/msaari/wordpress-develop/tests/phpunit/tests/query/dateQuery.php" line="1032" assertions="1" time="0.036527"/>
      <testcase name="test_date_query_nested_query_multiple_columns_mixed_relations" class="Tests_Query_DateQuery" file="/Users/msaari/wordpress-develop/tests/phpunit/tests/query/dateQuery.php" line="1093" assertions="1" time="0.044680"/>
    </testsuite>
    <testsuite name="Tests_Query_IsTerm" file="/Users/msaari/wordpress-develop/tests/phpunit/tests/query/isTerm.php" tests="11" assertions="71" failures="0" errors="0" time="0.387267">
      <testcase name="test_tag_action_tax" class="Tests_Query_IsTerm" file="/Users/msaari/wordpress-develop/tests/phpunit/tests/query/isTerm.php" line="79" assertions="7" time="0.033710"/>
      <testcase name="test_tag_query_cat_action_tax" class="Tests_Query_IsTerm" file="/Users/msaari/wordpress-develop/tests/phpunit/tests/query/isTerm.php" line="90" assertions="9" time="0.035643"/>
      <testcase name="test_tag_query_cat_query_tax_action_tax" class="Tests_Query_IsTerm" file="/Users/msaari/wordpress-develop/tests/phpunit/tests/query/isTerm.php" line="102" assertions="11" time="0.035762"/>
      <testcase name="test_cat_action_tax" class="Tests_Query_IsTerm" file="/Users/msaari/wordpress-develop/tests/phpunit/tests/query/isTerm.php" line="115" assertions="7" time="0.037118"/>
      <testcase name="test_cat_uncat_action_tax" class="Tests_Query_IsTerm" file="/Users/msaari/wordpress-develop/tests/phpunit/tests/query/isTerm.php" line="129" assertions="12" time="0.033496"/>
      <testcase name="test_tax_action_tax" class="Tests_Query_IsTerm" file="/Users/msaari/wordpress-develop/tests/phpunit/tests/query/isTerm.php" line="155" assertions="6" time="0.036818"/>
      <testcase name="test_tax_query_tag_action_tax" class="Tests_Query_IsTerm" file="/Users/msaari/wordpress-develop/tests/phpunit/tests/query/isTerm.php" line="165" assertions="8" time="0.033982"/>
      <testcase name="test_tax_query_cat_action_tax" class="Tests_Query_IsTerm" file="/Users/msaari/wordpress-develop/tests/phpunit/tests/query/isTerm.php" line="176" assertions="8" time="0.037250"/>
      <testcase name="test_get_queried_object_with_custom_taxonomy_tax_query_and_field_term_id_should_return_term_object" class="Tests_Query_IsTerm" file="/Users/msaari/wordpress-develop/tests/phpunit/tests/query/isTerm.php" line="203" assertions="1" time="0.034062"/>
      <testcase name="test_get_queried_object_with_custom_taxonomy_tax_query_and_field_slug_should_return_term_object" class="Tests_Query_IsTerm" file="/Users/msaari/wordpress-develop/tests/phpunit/tests/query/isTerm.php" line="231" assertions="1" time="0.034569"/>
      <testcase name="test_get_queried_object_with_custom_taxonomy_tax_query_with_multiple_clauses_should_return_term_object_corresponding_to_the_first_queried_tax" class="Tests_Query_IsTerm" file="/Users/msaari/wordpress-develop/tests/phpunit/tests/query/isTerm.php" line="260" assertions="1" time="0.034857"/>
    </testsuite>
    <testsuite name="Tests_Query_MetaQuery" file="/Users/msaari/wordpress-develop/tests/phpunit/tests/query/metaQuery.php" tests="47" assertions="131" failures="0" errors="0" time="1.663732">
      <testcase name="test_meta_query_no_key" class="Tests_Query_MetaQuery" file="/Users/msaari/wordpress-develop/tests/phpunit/tests/query/metaQuery.php" line="8" assertions="1" time="0.028807"/>
      <testcase name="test_meta_query_no_value" class="Tests_Query_MetaQuery" file="/Users/msaari/wordpress-develop/tests/phpunit/tests/query/metaQuery.php" line="34" assertions="1" time="0.030157"/>
      <testcase name="test_meta_query_single_query_compare_default" class="Tests_Query_MetaQuery" file="/Users/msaari/wordpress-develop/tests/phpunit/tests/query/metaQuery.php" line="60" assertions="1" time="0.027563"/>
      <testcase name="test_meta_query_single_query_compare_equals" class="Tests_Query_MetaQuery" file="/Users/msaari/wordpress-develop/tests/phpunit/tests/query/metaQuery.php" line="84" assertions="1" time="0.033200"/>
      <testcase name="test_meta_query_single_query_compare_not_equals" class="Tests_Query_MetaQuery" file="/Users/msaari/wordpress-develop/tests/phpunit/tests/query/metaQuery.php" line="109" assertions="1" time="0.027711"/>
      <testcase name="test_meta_query_single_query_compare_arithmetic_comparisons" class="Tests_Query_MetaQuery" file="/Users/msaari/wordpress-develop/tests/phpunit/tests/query/metaQuery.php" line="136" assertions="4" time="0.032855"/>
      <testcase name="test_meta_query_single_query_compare_like" class="Tests_Query_MetaQuery" file="/Users/msaari/wordpress-develop/tests/phpunit/tests/query/metaQuery.php" line="222" assertions="1" time="0.020242"/>
      <testcase name="test_meta_query_single_query_compare_not_like" class="Tests_Query_MetaQuery" file="/Users/msaari/wordpress-develop/tests/phpunit/tests/query/metaQuery.php" line="247" assertions="1" time="0.026707"/>
      <testcase name="test_meta_query_single_query_compare_between_not_between" class="Tests_Query_MetaQuery" file="/Users/msaari/wordpress-develop/tests/phpunit/tests/query/metaQuery.php" line="274" assertions="2" time="0.028782"/>
      <testcase name="test_meta_query_single_query_compare_regexp_rlike" class="Tests_Query_MetaQuery" file="/Users/msaari/wordpress-develop/tests/phpunit/tests/query/metaQuery.php" line="322" assertions="2" time="0.021267"/>
      <testcase name="test_meta_query_single_query_compare_not_regexp" class="Tests_Query_MetaQuery" file="/Users/msaari/wordpress-develop/tests/phpunit/tests/query/metaQuery.php" line="367" assertions="1" time="0.021012"/>
      <testcase name="test_meta_query_relation_default" class="Tests_Query_MetaQuery" file="/Users/msaari/wordpress-develop/tests/phpunit/tests/query/metaQuery.php" line="393" assertions="1" time="0.029695"/>
      <testcase name="test_meta_query_relation_or" class="Tests_Query_MetaQuery" file="/Users/msaari/wordpress-develop/tests/phpunit/tests/query/metaQuery.php" line="425" assertions="1" time="0.058404"/>
      <testcase name="test_meta_query_relation_and" class="Tests_Query_MetaQuery" file="/Users/msaari/wordpress-develop/tests/phpunit/tests/query/metaQuery.php" line="473" assertions="2" time="0.065306"/>
      <testcase name="test_meta_query_compare_exists" class="Tests_Query_MetaQuery" file="/Users/msaari/wordpress-develop/tests/phpunit/tests/query/metaQuery.php" line="552" assertions="1" time="0.030824"/>
      <testcase name="test_meta_query_compare_exists_with_value_should_convert_to_equals" class="Tests_Query_MetaQuery" file="/Users/msaari/wordpress-develop/tests/phpunit/tests/query/metaQuery.php" line="575" assertions="1" time="0.029419"/>
      <testcase name="test_meta_query_compare_not_exists_should_ignore_value" class="Tests_Query_MetaQuery" file="/Users/msaari/wordpress-develop/tests/phpunit/tests/query/metaQuery.php" line="599" assertions="1" time="0.028946"/>
      <testcase name="test_meta_query_compare_not_exists" class="Tests_Query_MetaQuery" file="/Users/msaari/wordpress-develop/tests/phpunit/tests/query/metaQuery.php" line="623" assertions="3" time="0.048077"/>
      <testcase name="test_meta_query_compare_not_exists_with_another_condition_relation_or" class="Tests_Query_MetaQuery" file="/Users/msaari/wordpress-develop/tests/phpunit/tests/query/metaQuery.php" line="705" assertions="1" time="0.039784"/>
      <testcase name="test_meta_query_relation_or_compare_equals" class="Tests_Query_MetaQuery" file="/Users/msaari/wordpress-develop/tests/phpunit/tests/query/metaQuery.php" line="743" assertions="1" time="0.060531"/>
      <testcase name="test_meta_query_relation_or_compare_equals_different_keys" class="Tests_Query_MetaQuery" file="/Users/msaari/wordpress-develop/tests/phpunit/tests/query/metaQuery.php" line="778" assertions="1" time="0.039427"/>
      <testcase name="test_meta_query_relation_or_compare_equals_and_in" class="Tests_Query_MetaQuery" file="/Users/msaari/wordpress-develop/tests/phpunit/tests/query/metaQuery.php" line="813" assertions="1" time="0.039189"/>
      <testcase name="test_meta_query_relation_or_compare_equals_and_like" class="Tests_Query_MetaQuery" file="/Users/msaari/wordpress-develop/tests/phpunit/tests/query/metaQuery.php" line="848" assertions="1" time="0.037659"/>
      <testcase name="test_meta_query_relation_or_compare_equals_and_between" class="Tests_Query_MetaQuery" file="/Users/msaari/wordpress-develop/tests/phpunit/tests/query/metaQuery.php" line="883" assertions="1" time="0.037818"/>
      <testcase name="test_meta_query_relation_and_compare_in_same_keys" class="Tests_Query_MetaQuery" file="/Users/msaari/wordpress-develop/tests/phpunit/tests/query/metaQuery.php" line="919" assertions="1" time="0.039645"/>
      <testcase name="test_meta_query_relation_and_compare_in_different_keys" class="Tests_Query_MetaQuery" file="/Users/msaari/wordpress-develop/tests/phpunit/tests/query/metaQuery.php" line="956" assertions="1" time="0.060770"/>
      <testcase name="test_meta_query_relation_and_compare_not_equals" class="Tests_Query_MetaQuery" file="/Users/msaari/wordpress-develop/tests/phpunit/tests/query/metaQuery.php" line="993" assertions="1" time="0.036571"/>
      <testcase name="test_meta_query_relation_and_compare_not_equals_different_keys" class="Tests_Query_MetaQuery" file="/Users/msaari/wordpress-develop/tests/phpunit/tests/query/metaQuery.php" line="1029" assertions="1" time="0.037681"/>
      <testcase name="test_meta_query_relation_and_compare_not_equals_not_in" class="Tests_Query_MetaQuery" file="/Users/msaari/wordpress-develop/tests/phpunit/tests/query/metaQuery.php" line="1072" assertions="1" time="0.039000"/>
      <testcase name="test_meta_query_relation_and_compare_not_equals_and_not_like" class="Tests_Query_MetaQuery" file="/Users/msaari/wordpress-develop/tests/phpunit/tests/query/metaQuery.php" line="1108" assertions="1" time="0.038584"/>
      <testcase name="test_meta_query_decimal_results" class="Tests_Query_MetaQuery" file="/Users/msaari/wordpress-develop/tests/phpunit/tests/query/metaQuery.php" line="1144" assertions="10" time="0.046121"/>
      <testcase name="test_meta_vars_should_be_converted_to_meta_query" class="Tests_Query_MetaQuery" file="/Users/msaari/wordpress-develop/tests/phpunit/tests/query/metaQuery.php" line="1322" assertions="4" time="0.002204"/>
      <testcase name="test_meta_query_with_orderby_meta_value_relation_or" class="Tests_Query_MetaQuery" file="/Users/msaari/wordpress-develop/tests/phpunit/tests/query/metaQuery.php" line="1341" assertions="1" time="0.040453"/>
      <testcase name="test_meta_query_with_orderby_meta_value_relation_and" class="Tests_Query_MetaQuery" file="/Users/msaari/wordpress-develop/tests/phpunit/tests/query/metaQuery.php" line="1382" assertions="1" time="0.046076"/>
      <testcase name="test_meta_query_nested" class="Tests_Query_MetaQuery" file="/Users/msaari/wordpress-develop/tests/phpunit/tests/query/metaQuery.php" line="1427" assertions="1" time="0.029711"/>
      <testcase name="test_meta_query_nested_two_levels_deep" class="Tests_Query_MetaQuery" file="/Users/msaari/wordpress-develop/tests/phpunit/tests/query/metaQuery.php" line="1470" assertions="1" time="0.030638"/>
      <testcase name="test_meta_between_not_between" class="Tests_Query_MetaQuery" file="/Users/msaari/wordpress-develop/tests/phpunit/tests/query/metaQuery.php" line="1517" assertions="14" time="0.050046"/>
      <testcase name="test_meta_default_compare" class="Tests_Query_MetaQuery" file="/Users/msaari/wordpress-develop/tests/phpunit/tests/query/metaQuery.php" line="1565" assertions="8" time="0.047058"/>
      <testcase name="test_duplicate_posts_when_no_key" class="Tests_Query_MetaQuery" file="/Users/msaari/wordpress-develop/tests/phpunit/tests/query/metaQuery.php" line="1609" assertions="6" time="0.031431"/>
      <testcase name="test_empty_meta_value" class="Tests_Query_MetaQuery" file="/Users/msaari/wordpress-develop/tests/phpunit/tests/query/metaQuery.php" line="1640" assertions="40" time="0.065603"/>
      <testcase name="test_orderby_clause_key" class="Tests_Query_MetaQuery" file="/Users/msaari/wordpress-develop/tests/phpunit/tests/query/metaQuery.php" line="1719" assertions="1" time="0.030414"/>
      <testcase name="test_orderby_clause_key_as_secondary_sort" class="Tests_Query_MetaQuery" file="/Users/msaari/wordpress-develop/tests/phpunit/tests/query/metaQuery.php" line="1745" assertions="1" time="0.028800"/>
      <testcase name="test_orderby_more_than_one_clause_key" class="Tests_Query_MetaQuery" file="/Users/msaari/wordpress-develop/tests/phpunit/tests/query/metaQuery.php" line="1788" assertions="1" time="0.031179"/>
      <testcase name="test_duplicate_clause_keys_should_be_made_unique" class="Tests_Query_MetaQuery" file="/Users/msaari/wordpress-develop/tests/phpunit/tests/query/metaQuery.php" line="1824" assertions="1" time="0.002268"/>
      <testcase name="test_compare_key_like" class="Tests_Query_MetaQuery" file="/Users/msaari/wordpress-develop/tests/phpunit/tests/query/metaQuery.php" line="1855" assertions="1" time="0.029167"/>
      <testcase name="test_meta_compare_key_like" class="Tests_Query_MetaQuery" file="/Users/msaari/wordpress-develop/tests/phpunit/tests/query/metaQuery.php" line="1880" assertions="1" time="0.028666"/>
      <testcase name="test_compare_key_like_with_not_exists_compare" class="Tests_Query_MetaQuery" file="/Users/msaari/wordpress-develop/tests/phpunit/tests/query/metaQuery.php" line="1901" assertions="1" time="0.028264"/>
    </testsuite>
    <testsuite name="Tests_Query_NoFoundRows" file="/Users/msaari/wordpress-develop/tests/phpunit/tests/query/noFoundRows.php" tests="8" assertions="10" failures="0" errors="0" time="0.058861">
      <testcase name="test_no_found_rows_default" class="Tests_Query_NoFoundRows" file="/Users/msaari/wordpress-develop/tests/phpunit/tests/query/noFoundRows.php" line="7" assertions="1" time="0.001775"/>
      <testcase name="test_no_found_rows_false" class="Tests_Query_NoFoundRows" file="/Users/msaari/wordpress-develop/tests/phpunit/tests/query/noFoundRows.php" line="17" assertions="1" time="0.001808"/>
      <testcase name="test_no_found_rows_0" class="Tests_Query_NoFoundRows" file="/Users/msaari/wordpress-develop/tests/phpunit/tests/query/noFoundRows.php" line="28" assertions="1" time="0.001677"/>
      <testcase name="test_no_found_rows_empty_string" class="Tests_Query_NoFoundRows" file="/Users/msaari/wordpress-develop/tests/phpunit/tests/query/noFoundRows.php" line="39" assertions="1" time="0.001613"/>
      <testcase name="test_no_found_rows_true" class="Tests_Query_NoFoundRows" file="/Users/msaari/wordpress-develop/tests/phpunit/tests/query/noFoundRows.php" line="50" assertions="1" time="0.001718"/>
      <testcase name="test_no_found_rows_non_bool_cast_to_true" class="Tests_Query_NoFoundRows" file="/Users/msaari/wordpress-develop/tests/phpunit/tests/query/noFoundRows.php" line="61" assertions="1" time="0.001608"/>
      <testcase name="test_no_found_rows_default_with_nopaging_true" class="Tests_Query_NoFoundRows" file="/Users/msaari/wordpress-develop/tests/phpunit/tests/query/noFoundRows.php" line="75" assertions="2" time="0.020455"/>
      <testcase name="test_no_found_rows_default_with_postsperpage_minus1" class="Tests_Query_NoFoundRows" file="/Users/msaari/wordpress-develop/tests/phpunit/tests/query/noFoundRows.php" line="92" assertions="2" time="0.028207"/>
    </testsuite>
    <testsuite name="Tests_Query_ParseQuery" file="/Users/msaari/wordpress-develop/tests/phpunit/tests/query/parseQuery.php" tests="8" assertions="8" failures="0" errors="0" time="0.011986">
      <testcase name="test_parse_query_s_array" class="Tests_Query_ParseQuery" file="/Users/msaari/wordpress-develop/tests/phpunit/tests/query/parseQuery.php" line="10" assertions="1" time="0.001492"/>
      <testcase name="test_parse_query_s_string" class="Tests_Query_ParseQuery" file="/Users/msaari/wordpress-develop/tests/phpunit/tests/query/parseQuery.php" line="21" assertions="1" time="0.001615"/>
      <testcase name="test_parse_query_s_float" class="Tests_Query_ParseQuery" file="/Users/msaari/wordpress-develop/tests/phpunit/tests/query/parseQuery.php" line="32" assertions="1" time="0.001466"/>
      <testcase name="test_parse_query_s_int" class="Tests_Query_ParseQuery" file="/Users/msaari/wordpress-develop/tests/phpunit/tests/query/parseQuery.php" line="43" assertions="1" time="0.001505"/>
      <testcase name="test_parse_query_s_bool" class="Tests_Query_ParseQuery" file="/Users/msaari/wordpress-develop/tests/phpunit/tests/query/parseQuery.php" line="54" assertions="1" time="0.001578"/>
      <testcase name="test_parse_query_p_negative_int" class="Tests_Query_ParseQuery" file="/Users/msaari/wordpress-develop/tests/phpunit/tests/query/parseQuery.php" line="68" assertions="1" time="0.001468"/>
      <testcase name="test_parse_query_p_array" class="Tests_Query_ParseQuery" file="/Users/msaari/wordpress-develop/tests/phpunit/tests/query/parseQuery.php" line="82" assertions="1" time="0.001448"/>
      <testcase name="test_parse_query_p_object" class="Tests_Query_ParseQuery" file="/Users/msaari/wordpress-develop/tests/phpunit/tests/query/parseQuery.php" line="96" assertions="1" time="0.001413"/>
    </testsuite>
    <testsuite name="Tests_Query_PostStatus" file="/Users/msaari/wordpress-develop/tests/phpunit/tests/query/postStatus.php" tests="20" assertions="23" failures="0" errors="0" time="0.134807">
      <testcase name="test_any_should_not_include_statuses_where_exclude_from_search_is_true" class="Tests_Query_PostStatus" file="/Users/msaari/wordpress-develop/tests/phpunit/tests/query/postStatus.php" line="48" assertions="1" time="0.004143"/>
      <testcase name="test_any_should_include_statuses_where_exclude_from_search_is_false" class="Tests_Query_PostStatus" file="/Users/msaari/wordpress-develop/tests/phpunit/tests/query/postStatus.php" line="60" assertions="1" time="0.002854"/>
      <testcase name="test_private_should_be_included_if_perm_is_false" class="Tests_Query_PostStatus" file="/Users/msaari/wordpress-develop/tests/phpunit/tests/query/postStatus.php" line="72" assertions="1" time="0.004476"/>
      <testcase name="test_private_should_not_be_included_for_non_author_if_perm_is_not_false" class="Tests_Query_PostStatus" file="/Users/msaari/wordpress-develop/tests/phpunit/tests/query/postStatus.php" line="88" assertions="1" time="0.002365"/>
      <testcase name="test_private_should_be_included_only_for_current_user_if_perm_is_readable_and_user_cannot_read_others_posts" class="Tests_Query_PostStatus" file="/Users/msaari/wordpress-develop/tests/phpunit/tests/query/postStatus.php" line="101" assertions="1" time="0.005019"/>
      <testcase name="test_private_should_be_included_for_all_users_if_perm_is_readable_and_user_can_read_others_posts" class="Tests_Query_PostStatus" file="/Users/msaari/wordpress-develop/tests/phpunit/tests/query/postStatus.php" line="118" assertions="1" time="0.003312"/>
      <testcase name="test_private_should_be_included_only_for_current_user_if_perm_is_editable_and_user_cannot_read_others_posts" class="Tests_Query_PostStatus" file="/Users/msaari/wordpress-develop/tests/phpunit/tests/query/postStatus.php" line="136" assertions="1" time="0.002675"/>
      <testcase name="test_private_should_be_included_for_all_users_if_perm_is_editable_and_user_can_read_others_posts" class="Tests_Query_PostStatus" file="/Users/msaari/wordpress-develop/tests/phpunit/tests/query/postStatus.php" line="153" assertions="1" time="0.002631"/>
      <testcase name="test_all_public_post_stati_should_be_included_when_no_post_status_is_provided" class="Tests_Query_PostStatus" file="/Users/msaari/wordpress-develop/tests/phpunit/tests/query/postStatus.php" line="171" assertions="2" time="0.001897"/>
      <testcase name="test_protected_should_not_be_included_when_not_in_the_admin" class="Tests_Query_PostStatus" file="/Users/msaari/wordpress-develop/tests/phpunit/tests/query/postStatus.php" line="185" assertions="1" time="0.001852"/>
      <testcase name="test_protected_should_be_included_when_in_the_admin" class="Tests_Query_PostStatus" file="/Users/msaari/wordpress-develop/tests/phpunit/tests/query/postStatus.php" line="197" assertions="1" time="0.001848"/>
      <testcase name="test_private_statuses_should_be_included_when_current_user_can_read_private_posts" class="Tests_Query_PostStatus" file="/Users/msaari/wordpress-develop/tests/phpunit/tests/query/postStatus.php" line="217" assertions="2" time="0.002578"/>
      <testcase name="test_private_statuses_should_not_be_included_when_current_user_cannot_read_private_posts" class="Tests_Query_PostStatus" file="/Users/msaari/wordpress-develop/tests/phpunit/tests/query/postStatus.php" line="232" assertions="2" time="0.004184"/>
      <testcase name="test_single_post_with_nonpublic_status_should_not_be_shown_to_logged_out_users" class="Tests_Query_PostStatus" file="/Users/msaari/wordpress-develop/tests/phpunit/tests/query/postStatus.php" line="251" assertions="1" time="0.011554"/>
      <testcase name="test_single_post_with_nonpublic_and_protected_status_should_not_be_shown_for_user_who_cannot_edit_others_posts" class="Tests_Query_PostStatus" file="/Users/msaari/wordpress-develop/tests/phpunit/tests/query/postStatus.php" line="265" assertions="1" time="0.011727"/>
      <testcase name="test_single_post_with_nonpublic_and_protected_status_should_be_shown_for_user_who_can_edit_others_posts" class="Tests_Query_PostStatus" file="/Users/msaari/wordpress-develop/tests/phpunit/tests/query/postStatus.php" line="292" assertions="1" time="0.013286"/>
      <testcase name="test_single_post_with_nonpublic_and_private_status_should_not_be_shown_for_user_who_cannot_edit_others_posts" class="Tests_Query_PostStatus" file="/Users/msaari/wordpress-develop/tests/phpunit/tests/query/postStatus.php" line="319" assertions="1" time="0.011723"/>
      <testcase name="test_single_post_with_nonpublic_and_private_status_should_be_shown_for_user_who_can_edit_others_posts" class="Tests_Query_PostStatus" file="/Users/msaari/wordpress-develop/tests/phpunit/tests/query/postStatus.php" line="346" assertions="1" time="0.014017"/>
      <testcase name="test_single_post_with_nonpublic_and_protected_status_should_not_be_shown_for_any_user" class="Tests_Query_PostStatus" file="/Users/msaari/wordpress-develop/tests/phpunit/tests/query/postStatus.php" line="373" assertions="1" time="0.010956"/>
      <testcase name="test_specific_post_should_be_returned_if_trash_is_one_of_the_requested_post_statuses" class="Tests_Query_PostStatus" file="/Users/msaari/wordpress-develop/tests/phpunit/tests/query/postStatus.php" line="397" assertions="1" time="0.021710"/>
    </testsuite>
    <testsuite name="Tests_Query_Results" file="/Users/msaari/wordpress-develop/tests/phpunit/tests/query/results.php" tests="35" assertions="134" failures="0" errors="0" time="0.307471">
      <testcase name="test_query_default" class="Tests_Query_Results" file="/Users/msaari/wordpress-develop/tests/phpunit/tests/query/results.php" line="290" assertions="1" time="0.004886"/>
      <testcase name="test_query_tag_a" class="Tests_Query_Results" file="/Users/msaari/wordpress-develop/tests/phpunit/tests/query/results.php" line="310" assertions="5" time="0.005655"/>
      <testcase name="test_query_tag_b" class="Tests_Query_Results" file="/Users/msaari/wordpress-develop/tests/phpunit/tests/query/results.php" line="321" assertions="5" time="0.006225"/>
      <testcase name="test_query_tag_nun" class="Tests_Query_Results" file="/Users/msaari/wordpress-develop/tests/phpunit/tests/query/results.php" line="335" assertions="2" time="0.005199"/>
      <testcase name="test_query_tag_id" class="Tests_Query_Results" file="/Users/msaari/wordpress-develop/tests/phpunit/tests/query/results.php" line="343" assertions="5" time="0.003685"/>
      <testcase name="test_query_tag_slug__in" class="Tests_Query_Results" file="/Users/msaari/wordpress-develop/tests/phpunit/tests/query/results.php" line="355" assertions="7" time="0.005880"/>
      <testcase name="test_query_tag__in" class="Tests_Query_Results" file="/Users/msaari/wordpress-develop/tests/phpunit/tests/query/results.php" line="369" assertions="7" time="0.006426"/>
      <testcase name="test_query_tag__not_in" class="Tests_Query_Results" file="/Users/msaari/wordpress-develop/tests/phpunit/tests/query/results.php" line="384" assertions="1" time="0.005381"/>
      <testcase name="test_query_tag__in_but__not_in" class="Tests_Query_Results" file="/Users/msaari/wordpress-develop/tests/phpunit/tests/query/results.php" line="406" assertions="3" time="0.005531"/>
      <testcase name="test_query_category_name" class="Tests_Query_Results" file="/Users/msaari/wordpress-develop/tests/phpunit/tests/query/results.php" line="419" assertions="5" time="0.005525"/>
      <testcase name="test_query_cat" class="Tests_Query_Results" file="/Users/msaari/wordpress-develop/tests/phpunit/tests/query/results.php" line="430" assertions="5" time="0.006324"/>
      <testcase name="test_query_posts_per_page" class="Tests_Query_Results" file="/Users/msaari/wordpress-develop/tests/phpunit/tests/query/results.php" line="442" assertions="2" time="0.004641"/>
      <testcase name="test_query_offset" class="Tests_Query_Results" file="/Users/msaari/wordpress-develop/tests/phpunit/tests/query/results.php" line="457" assertions="2" time="0.005219"/>
      <testcase name="test_query_paged" class="Tests_Query_Results" file="/Users/msaari/wordpress-develop/tests/phpunit/tests/query/results.php" line="477" assertions="3" time="0.005265"/>
      <testcase name="test_query_paged_and_posts_per_page" class="Tests_Query_Results" file="/Users/msaari/wordpress-develop/tests/phpunit/tests/query/results.php" line="498" assertions="3" time="0.005123"/>
      <testcase name="test_query_post_parent__in" class="Tests_Query_Results" file="/Users/msaari/wordpress-develop/tests/phpunit/tests/query/results.php" line="516" assertions="4" time="0.007680"/>
      <testcase name="test_query_orderby_post_parent__in" class="Tests_Query_Results" file="/Users/msaari/wordpress-develop/tests/phpunit/tests/query/results.php" line="583" assertions="1" time="0.004611"/>
      <testcase name="test_query_orderby_post_parent__in_with_order_desc" class="Tests_Query_Results" file="/Users/msaari/wordpress-develop/tests/phpunit/tests/query/results.php" line="606" assertions="1" time="0.002578"/>
      <testcase name="test_query_orderby_post__in_with_no_order_specified" class="Tests_Query_Results" file="/Users/msaari/wordpress-develop/tests/phpunit/tests/query/results.php" line="625" assertions="1" time="0.002058"/>
      <testcase name="test_query_orderby_post__in_with_order_asc" class="Tests_Query_Results" file="/Users/msaari/wordpress-develop/tests/phpunit/tests/query/results.php" line="644" assertions="1" time="0.001705"/>
      <testcase name="test_query_orderby_post__in_with_order_desc" class="Tests_Query_Results" file="/Users/msaari/wordpress-develop/tests/phpunit/tests/query/results.php" line="664" assertions="1" time="0.001875"/>
      <testcase name="test_query_orderby_post_name__in_with_order_asc" class="Tests_Query_Results" file="/Users/msaari/wordpress-develop/tests/phpunit/tests/query/results.php" line="685" assertions="1" time="0.004210"/>
      <testcase name="test_query_orderby_post_name__in_with_order_desc" class="Tests_Query_Results" file="/Users/msaari/wordpress-develop/tests/phpunit/tests/query/results.php" line="702" assertions="1" time="0.002467"/>
      <testcase name="test_query_fields_integers" class="Tests_Query_Results" file="/Users/msaari/wordpress-develop/tests/phpunit/tests/query/results.php" line="721" assertions="7" time="0.002343"/>
      <testcase name="test_empty_post__in" class="Tests_Query_Results" file="/Users/msaari/wordpress-develop/tests/phpunit/tests/query/results.php" line="763" assertions="3" time="0.003918"/>
      <testcase name="test_exclude_from_search_empty" class="Tests_Query_Results" file="/Users/msaari/wordpress-develop/tests/phpunit/tests/query/results.php" line="775" assertions="4" time="0.003186"/>
      <testcase name="test_query_author_vars" class="Tests_Query_Results" file="/Users/msaari/wordpress-develop/tests/phpunit/tests/query/results.php" line="799" assertions="13" time="0.101768"/>
      <testcase name="test_query_is_date" class="Tests_Query_Results" file="/Users/msaari/wordpress-develop/tests/phpunit/tests/query/results.php" line="971" assertions="12" time="0.006823"/>
      <testcase name="test_query_is_date_with_bad_date" class="Tests_Query_Results" file="/Users/msaari/wordpress-develop/tests/phpunit/tests/query/results.php" line="1013" assertions="6" time="0.002412"/>
      <testcase name="test_perm_with_status_array" class="Tests_Query_Results" file="/Users/msaari/wordpress-develop/tests/phpunit/tests/query/results.php" line="1029" assertions="3" time="0.005066"/>
      <testcase name="test_post_password" class="Tests_Query_Results" file="/Users/msaari/wordpress-develop/tests/phpunit/tests/query/results.php" line="1048" assertions="11" time="0.035579"/>
      <testcase name="test_duplicate_slug_in_hierarchical_post_type" class="Tests_Query_Results" file="/Users/msaari/wordpress-develop/tests/phpunit/tests/query/results.php" line="1139" assertions="1" time="0.010773"/>
      <testcase name="test_child_post_in_hierarchical_post_type_with_default_permalinks" class="Tests_Query_Results" file="/Users/msaari/wordpress-develop/tests/phpunit/tests/query/results.php" line="1174" assertions="2" time="0.008124"/>
      <testcase name="test_title" class="Tests_Query_Results" file="/Users/msaari/wordpress-develop/tests/phpunit/tests/query/results.php" line="1202" assertions="3" time="0.012442"/>
      <testcase name="test_main_comments_feed_includes_attachment_comments" class="Tests_Query_Results" file="/Users/msaari/wordpress-develop/tests/phpunit/tests/query/results.php" line="1233" assertions="2" time="0.006889"/>
    </testsuite>
    <testsuite name="Tests_Query_Search" file="/Users/msaari/wordpress-develop/tests/phpunit/tests/query/search.php" tests="21" assertions="27" failures="0" errors="0" time="0.306493">
      <testcase name="test_search_order_title_relevance" class="Tests_Query_Search" file="/Users/msaari/wordpress-develop/tests/phpunit/tests/query/search.php" line="36" assertions="1" time="0.020509"/>
      <testcase name="test_search_terms_query_var" class="Tests_Query_Search" file="/Users/msaari/wordpress-develop/tests/phpunit/tests/query/search.php" line="56" assertions="2" time="0.002387"/>
      <testcase name="test_filter_stopwords" class="Tests_Query_Search" file="/Users/msaari/wordpress-develop/tests/phpunit/tests/query/search.php" line="63" assertions="2" time="0.002654"/>
      <testcase name="test_disable_search_exclusion_prefix" class="Tests_Query_Search" file="/Users/msaari/wordpress-develop/tests/phpunit/tests/query/search.php" line="80" assertions="2" time="0.005717"/>
      <testcase name="test_change_search_exclusion_prefix" class="Tests_Query_Search" file="/Users/msaari/wordpress-develop/tests/phpunit/tests/query/search.php" line="105" assertions="2" time="0.005729"/>
      <testcase name="test_s_should_exclude_term_prefixed_with_dash" class="Tests_Query_Search" file="/Users/msaari/wordpress-develop/tests/phpunit/tests/query/search.php" line="135" assertions="1" time="0.019924"/>
      <testcase name="test_s_should_exclude_first_term_if_prefixed_with_dash" class="Tests_Query_Search" file="/Users/msaari/wordpress-develop/tests/phpunit/tests/query/search.php" line="162" assertions="1" time="0.021626"/>
      <testcase name="test_s_should_not_exclude_for_dashes_in_the_middle_of_words" class="Tests_Query_Search" file="/Users/msaari/wordpress-develop/tests/phpunit/tests/query/search.php" line="189" assertions="1" time="0.029166"/>
      <testcase name="test_s_should_not_exclude_for_dashes_between_words" class="Tests_Query_Search" file="/Users/msaari/wordpress-develop/tests/phpunit/tests/query/search.php" line="222" assertions="1" time="0.029618"/>
      <testcase name="test_search_orderby_should_be_empty_when_search_string_is_longer_than_6_words_and_exclusion_operator_is_used" class="Tests_Query_Search" file="/Users/msaari/wordpress-develop/tests/phpunit/tests/query/search.php" line="255" assertions="1" time="0.002595"/>
      <testcase name="test_s_zero" class="Tests_Query_Search" file="/Users/msaari/wordpress-develop/tests/phpunit/tests/query/search.php" line="269" assertions="1" time="0.021305"/>
      <testcase name="test_search_should_respect_suppress_filters" class="Tests_Query_Search" file="/Users/msaari/wordpress-develop/tests/phpunit/tests/query/search.php" line="301" assertions="1" time="0.002404"/>
      <testcase name="test_search_post_excerpt" class="Tests_Query_Search" file="/Users/msaari/wordpress-develop/tests/phpunit/tests/query/search.php" line="319" assertions="3" time="0.072811"/>
      <testcase name="test_search_order_title_before_excerpt_and_content" class="Tests_Query_Search" file="/Users/msaari/wordpress-develop/tests/phpunit/tests/query/search.php" line="372" assertions="1" time="0.030850"/>
      <testcase name="test_exclude_file_names_in_attachment_search_by_default" class="Tests_Query_Search" file="/Users/msaari/wordpress-develop/tests/phpunit/tests/query/search.php" line="417" assertions="1" time="0.005072"/>
      <testcase name="test_include_file_names_in_attachment_search_as_string" class="Tests_Query_Search" file="/Users/msaari/wordpress-develop/tests/phpunit/tests/query/search.php" line="446" assertions="1" time="0.005547"/>
      <testcase name="test_include_file_names_in_attachment_search_as_array" class="Tests_Query_Search" file="/Users/msaari/wordpress-develop/tests/phpunit/tests/query/search.php" line="476" assertions="1" time="0.005884"/>
      <testcase name="test_exclude_attachment_file_names_in_general_searches" class="Tests_Query_Search" file="/Users/msaari/wordpress-develop/tests/phpunit/tests/query/search.php" line="506" assertions="1" time="0.004821"/>
      <testcase name="test_include_file_names_in_attachment_search_with_meta_query" class="Tests_Query_Search" file="/Users/msaari/wordpress-develop/tests/phpunit/tests/query/search.php" line="534" assertions="1" time="0.006095"/>
      <testcase name="test_include_file_names_in_attachment_search_with_tax_query" class="Tests_Query_Search" file="/Users/msaari/wordpress-develop/tests/phpunit/tests/query/search.php" line="572" assertions="1" time="0.010076"/>
      <testcase name="test_filter_query_attachment_filenames_unhooks_itself" class="Tests_Query_Search" file="/Users/msaari/wordpress-develop/tests/phpunit/tests/query/search.php" line="612" assertions="1" time="0.001703"/>
    </testsuite>
    <testsuite name="Tests_Query_SetupPostdata" file="/Users/msaari/wordpress-develop/tests/phpunit/tests/query/setupPostdata.php" tests="22" assertions="56" failures="0" errors="0" time="0.398840">
      <testcase name="test_id" class="Tests_Query_SetupPostdata" file="/Users/msaari/wordpress-develop/tests/phpunit/tests/query/setupPostdata.php" line="26" assertions="2" time="0.009877"/>
      <testcase name="test_setup_by_id" class="Tests_Query_SetupPostdata" file="/Users/msaari/wordpress-develop/tests/phpunit/tests/query/setupPostdata.php" line="37" assertions="1" time="0.011286"/>
      <testcase name="test_setup_by_fake_post" class="Tests_Query_SetupPostdata" file="/Users/msaari/wordpress-develop/tests/phpunit/tests/query/setupPostdata.php" line="47" assertions="1" time="0.002003"/>
      <testcase name="test_setup_by_postish_object" class="Tests_Query_SetupPostdata" file="/Users/msaari/wordpress-develop/tests/phpunit/tests/query/setupPostdata.php" line="59" assertions="1" time="0.010160"/>
      <testcase name="test_authordata" class="Tests_Query_SetupPostdata" file="/Users/msaari/wordpress-develop/tests/phpunit/tests/query/setupPostdata.php" line="69" assertions="2" time="0.024005"/>
      <testcase name="test_currentday" class="Tests_Query_SetupPostdata" file="/Users/msaari/wordpress-develop/tests/phpunit/tests/query/setupPostdata.php" line="82" assertions="1" time="0.011404"/>
      <testcase name="test_currentmonth" class="Tests_Query_SetupPostdata" file="/Users/msaari/wordpress-develop/tests/phpunit/tests/query/setupPostdata.php" line="93" assertions="1" time="0.011075"/>
      <testcase name="test_secondary_query_post_vars" class="Tests_Query_SetupPostdata" file="/Users/msaari/wordpress-develop/tests/phpunit/tests/query/setupPostdata.php" line="104" assertions="12" time="0.051213"/>
      <testcase name="test_single_page" class="Tests_Query_SetupPostdata" file="/Users/msaari/wordpress-develop/tests/phpunit/tests/query/setupPostdata.php" line="156" assertions="3" time="0.011167"/>
      <testcase name="test_multi_page" class="Tests_Query_SetupPostdata" file="/Users/msaari/wordpress-develop/tests/phpunit/tests/query/setupPostdata.php" line="169" assertions="3" time="0.010515"/>
      <testcase name="test_nextpage_at_start_of_content" class="Tests_Query_SetupPostdata" file="/Users/msaari/wordpress-develop/tests/phpunit/tests/query/setupPostdata.php" line="185" assertions="3" time="0.010019"/>
      <testcase name="test_trim_nextpage_linebreaks" class="Tests_Query_SetupPostdata" file="/Users/msaari/wordpress-develop/tests/phpunit/tests/query/setupPostdata.php" line="198" assertions="1" time="0.010403"/>
      <testcase name="test_secondary_query_nextpage" class="Tests_Query_SetupPostdata" file="/Users/msaari/wordpress-develop/tests/phpunit/tests/query/setupPostdata.php" line="212" assertions="3" time="0.024654"/>
      <testcase name="test_page_from_wp_query" class="Tests_Query_SetupPostdata" file="/Users/msaari/wordpress-develop/tests/phpunit/tests/query/setupPostdata.php" line="250" assertions="1" time="0.005720"/>
      <testcase name="test_page_when_on_page" class="Tests_Query_SetupPostdata" file="/Users/msaari/wordpress-develop/tests/phpunit/tests/query/setupPostdata.php" line="265" assertions="1" time="0.005354"/>
      <testcase name="test_secondary_query_page" class="Tests_Query_SetupPostdata" file="/Users/msaari/wordpress-develop/tests/phpunit/tests/query/setupPostdata.php" line="280" assertions="3" time="0.059015"/>
      <testcase name="test_more_when_on_setup_post" class="Tests_Query_SetupPostdata" file="/Users/msaari/wordpress-develop/tests/phpunit/tests/query/setupPostdata.php" line="313" assertions="1" time="0.013230"/>
      <testcase name="test_more_when_on_single" class="Tests_Query_SetupPostdata" file="/Users/msaari/wordpress-develop/tests/phpunit/tests/query/setupPostdata.php" line="326" assertions="1" time="0.022336"/>
      <testcase name="test_more_when_on_page" class="Tests_Query_SetupPostdata" file="/Users/msaari/wordpress-develop/tests/phpunit/tests/query/setupPostdata.php" line="340" assertions="1" time="0.014202"/>
      <testcase name="test_more_when_on_feed" class="Tests_Query_SetupPostdata" file="/Users/msaari/wordpress-develop/tests/phpunit/tests/query/setupPostdata.php" line="356" assertions="1" time="0.014521"/>
      <testcase name="test_secondary_query_more" class="Tests_Query_SetupPostdata" file="/Users/msaari/wordpress-develop/tests/phpunit/tests/query/setupPostdata.php" line="368" assertions="3" time="0.014452"/>
      <testcase name="test_setup_postdata_loop" class="Tests_Query_SetupPostdata" file="/Users/msaari/wordpress-develop/tests/phpunit/tests/query/setupPostdata.php" line="402" assertions="10" time="0.052229"/>
    </testsuite>
    <testsuite name="Tests_Query_Stickies" file="/Users/msaari/wordpress-develop/tests/phpunit/tests/query/stickies.php" tests="5" assertions="9" failures="0" errors="0" time="0.023511">
      <testcase name="test_stickies_should_be_ignored_when_is_home_is_false" class="Tests_Query_Stickies" file="/Users/msaari/wordpress-develop/tests/phpunit/tests/query/stickies.php" line="28" assertions="1" time="0.002702"/>
      <testcase name="test_stickies_should_be_included_when_is_home_is_true" class="Tests_Query_Stickies" file="/Users/msaari/wordpress-develop/tests/phpunit/tests/query/stickies.php" line="46" assertions="3" time="0.007125"/>
      <testcase name="test_stickies_should_not_be_included_on_pages_other_than_1" class="Tests_Query_Stickies" file="/Users/msaari/wordpress-develop/tests/phpunit/tests/query/stickies.php" line="56" assertions="1" time="0.004993"/>
      <testcase name="test_stickies_should_not_be_included_when_ignore_sticky_posts_is_true" class="Tests_Query_Stickies" file="/Users/msaari/wordpress-develop/tests/phpunit/tests/query/stickies.php" line="65" assertions="1" time="0.002938"/>
      <testcase name="test_stickies_should_obey_post__not_in" class="Tests_Query_Stickies" file="/Users/msaari/wordpress-develop/tests/phpunit/tests/query/stickies.php" line="88" assertions="3" time="0.005753"/>
    </testsuite>
    <testsuite name="Tests_Query_TaxQuery" file="/Users/msaari/wordpress-develop/tests/phpunit/tests/query/taxQuery.php" tests="36" assertions="45" failures="0" errors="0" time="1.202456">
      <testcase name="test_tax_query_single_query_single_term_field_slug" class="Tests_Query_TaxQuery" file="/Users/msaari/wordpress-develop/tests/phpunit/tests/query/taxQuery.php" line="8" assertions="1" time="0.027891"/>
      <testcase name="test_tax_query_single_query_single_term_field_name" class="Tests_Query_TaxQuery" file="/Users/msaari/wordpress-develop/tests/phpunit/tests/query/taxQuery.php" line="39" assertions="1" time="0.028963"/>
      <testcase name="test_field_name_should_work_for_names_with_spaces" class="Tests_Query_TaxQuery" file="/Users/msaari/wordpress-develop/tests/phpunit/tests/query/taxQuery.php" line="73" assertions="1" time="0.026714"/>
      <testcase name="test_tax_query_single_query_single_term_field_term_taxonomy_id" class="Tests_Query_TaxQuery" file="/Users/msaari/wordpress-develop/tests/phpunit/tests/query/taxQuery.php" line="104" assertions="1" time="0.028198"/>
      <testcase name="test_tax_query_single_query_single_term_field_term_id" class="Tests_Query_TaxQuery" file="/Users/msaari/wordpress-develop/tests/phpunit/tests/query/taxQuery.php" line="135" assertions="1" time="0.025046"/>
      <testcase name="test_tax_query_single_query_single_term_operator_in" class="Tests_Query_TaxQuery" file="/Users/msaari/wordpress-develop/tests/phpunit/tests/query/taxQuery.php" line="166" assertions="1" time="0.032704"/>
      <testcase name="test_tax_query_single_query_single_term_operator_not_in" class="Tests_Query_TaxQuery" file="/Users/msaari/wordpress-develop/tests/phpunit/tests/query/taxQuery.php" line="198" assertions="1" time="0.044196"/>
      <testcase name="test_tax_query_single_query_single_term_operator_and" class="Tests_Query_TaxQuery" file="/Users/msaari/wordpress-develop/tests/phpunit/tests/query/taxQuery.php" line="230" assertions="1" time="0.027391"/>
      <testcase name="test_tax_query_single_query_multiple_terms_operator_in" class="Tests_Query_TaxQuery" file="/Users/msaari/wordpress-develop/tests/phpunit/tests/query/taxQuery.php" line="262" assertions="1" time="0.041691"/>
      <testcase name="test_tax_query_single_query_multiple_terms_operator_not_in" class="Tests_Query_TaxQuery" file="/Users/msaari/wordpress-develop/tests/phpunit/tests/query/taxQuery.php" line="303" assertions="1" time="0.041092"/>
      <testcase name="test_tax_query_single_query_multiple_queries_operator_not_in" class="Tests_Query_TaxQuery" file="/Users/msaari/wordpress-develop/tests/phpunit/tests/query/taxQuery.php" line="347" assertions="1" time="0.039055"/>
      <testcase name="test_tax_query_single_query_multiple_terms_operator_and" class="Tests_Query_TaxQuery" file="/Users/msaari/wordpress-develop/tests/phpunit/tests/query/taxQuery.php" line="395" assertions="1" time="0.041807"/>
      <testcase name="test_tax_query_operator_not_exists" class="Tests_Query_TaxQuery" file="/Users/msaari/wordpress-develop/tests/phpunit/tests/query/taxQuery.php" line="439" assertions="1" time="0.043501"/>
      <testcase name="test_tax_query_operator_not_exists_combined" class="Tests_Query_TaxQuery" file="/Users/msaari/wordpress-develop/tests/phpunit/tests/query/taxQuery.php" line="473" assertions="1" time="0.033421"/>
      <testcase name="test_tax_query_operator_exists" class="Tests_Query_TaxQuery" file="/Users/msaari/wordpress-develop/tests/phpunit/tests/query/taxQuery.php" line="520" assertions="1" time="0.042128"/>
      <testcase name="test_tax_query_operator_exists_should_ignore_terms" class="Tests_Query_TaxQuery" file="/Users/msaari/wordpress-develop/tests/phpunit/tests/query/taxQuery.php" line="554" assertions="1" time="0.043120"/>
      <testcase name="test_tax_query_operator_exists_with_no_taxonomy" class="Tests_Query_TaxQuery" file="/Users/msaari/wordpress-develop/tests/phpunit/tests/query/taxQuery.php" line="589" assertions="1" time="0.041957"/>
      <testcase name="test_tax_query_multiple_queries_relation_and" class="Tests_Query_TaxQuery" file="/Users/msaari/wordpress-develop/tests/phpunit/tests/query/taxQuery.php" line="619" assertions="1" time="0.041839"/>
      <testcase name="test_tax_query_multiple_queries_relation_or" class="Tests_Query_TaxQuery" file="/Users/msaari/wordpress-develop/tests/phpunit/tests/query/taxQuery.php" line="665" assertions="1" time="0.045193"/>
      <testcase name="test_tax_query_multiple_queries_different_taxonomies" class="Tests_Query_TaxQuery" file="/Users/msaari/wordpress-develop/tests/phpunit/tests/query/taxQuery.php" line="711" assertions="1" time="0.039072"/>
      <testcase name="test_tax_query_two_nested_queries" class="Tests_Query_TaxQuery" file="/Users/msaari/wordpress-develop/tests/phpunit/tests/query/taxQuery.php" line="760" assertions="1" time="0.055834"/>
      <testcase name="test_tax_query_one_nested_query_one_first_order_query" class="Tests_Query_TaxQuery" file="/Users/msaari/wordpress-develop/tests/phpunit/tests/query/taxQuery.php" line="842" assertions="1" time="0.062475"/>
      <testcase name="test_tax_query_one_double_nested_query_one_first_order_query" class="Tests_Query_TaxQuery" file="/Users/msaari/wordpress-develop/tests/phpunit/tests/query/taxQuery.php" line="916" assertions="1" time="0.064092"/>
      <testcase name="test_tax_query_relation_or_both_clauses_empty_terms" class="Tests_Query_TaxQuery" file="/Users/msaari/wordpress-develop/tests/phpunit/tests/query/taxQuery.php" line="999" assertions="1" time="0.019547"/>
      <testcase name="test_tax_query_relation_or_one_clause_empty_terms" class="Tests_Query_TaxQuery" file="/Users/msaari/wordpress-develop/tests/phpunit/tests/query/taxQuery.php" line="1034" assertions="1" time="0.019836"/>
      <testcase name="test_tax_query_include_children" class="Tests_Query_TaxQuery" file="/Users/msaari/wordpress-develop/tests/phpunit/tests/query/taxQuery.php" line="1066" assertions="6" time="0.049798"/>
      <testcase name="test_tax_query_taxonomy_with_attachments" class="Tests_Query_TaxQuery" file="/Users/msaari/wordpress-develop/tests/phpunit/tests/query/taxQuery.php" line="1206" assertions="1" time="0.010008"/>
      <testcase name="test_tax_query_no_taxonomy" class="Tests_Query_TaxQuery" file="/Users/msaari/wordpress-develop/tests/phpunit/tests/query/taxQuery.php" line="1246" assertions="3" time="0.014796"/>
      <testcase name="test_term_taxonomy_id_field_no_taxonomy" class="Tests_Query_TaxQuery" file="/Users/msaari/wordpress-develop/tests/phpunit/tests/query/taxQuery.php" line="1296" assertions="2" time="0.116867"/>
      <testcase name="test_populate_taxonomy_query_var_from_tax_query" class="Tests_Query_TaxQuery" file="/Users/msaari/wordpress-develop/tests/phpunit/tests/query/taxQuery.php" line="1380" assertions="1" time="0.009108"/>
      <testcase name="test_populate_taxonomy_query_var_from_tax_query_taxonomy_already_set" class="Tests_Query_TaxQuery" file="/Users/msaari/wordpress-develop/tests/phpunit/tests/query/taxQuery.php" line="1421" assertions="1" time="0.005074"/>
      <testcase name="test_populate_term_query_var_from_tax_query" class="Tests_Query_TaxQuery" file="/Users/msaari/wordpress-develop/tests/phpunit/tests/query/taxQuery.php" line="1448" assertions="1" time="0.004812"/>
      <testcase name="test_populate_term_id_query_var_from_tax_query" class="Tests_Query_TaxQuery" file="/Users/msaari/wordpress-develop/tests/phpunit/tests/query/taxQuery.php" line="1474" assertions="1" time="0.004535"/>
      <testcase name="test_populate_cat_category_name_query_var_from_tax_query" class="Tests_Query_TaxQuery" file="/Users/msaari/wordpress-develop/tests/phpunit/tests/query/taxQuery.php" line="1503" assertions="2" time="0.007631"/>
      <testcase name="test_populate_tag_id_query_var_from_tax_query" class="Tests_Query_TaxQuery" file="/Users/msaari/wordpress-develop/tests/phpunit/tests/query/taxQuery.php" line="1550" assertions="1" time="0.006793"/>
      <testcase name="test_tax_terms_should_not_be_double_escaped" class="Tests_Query_TaxQuery" file="/Users/msaari/wordpress-develop/tests/phpunit/tests/query/taxQuery.php" line="1596" assertions="1" time="0.016271"/>
    </testsuite>
    <testsuite name="Tests_Query_Vars" file="/Users/msaari/wordpress-develop/tests/phpunit/tests/query/vars.php" tests="1" assertions="1" failures="0" errors="0" time="0.003747">
      <testcase name="testPublicQueryVarsAreAsExpected" class="Tests_Query_Vars" file="/Users/msaari/wordpress-develop/tests/phpunit/tests/query/vars.php" line="13" assertions="1" time="0.003747"/>
    </testsuite>
    <testsuite name="Tests_Query_VerbosePageRules" file="/Users/msaari/wordpress-develop/tests/phpunit/tests/query/verboseRewriteRules.php" tests="83" assertions="605" failures="0" errors="0" time="2.161262">
      <testcase name="test_home" class="Tests_Query_VerbosePageRules" file="/Users/msaari/wordpress-develop/tests/phpunit/tests/query/verboseRewriteRules.php" line="30" assertions="2" time="0.008737"/>
      <testcase name="test_page_on_front" class="Tests_Query_VerbosePageRules" file="/Users/msaari/wordpress-develop/tests/phpunit/tests/query/verboseRewriteRules.php" line="35" assertions="5" time="0.020712"/>
      <testcase name="test_404" class="Tests_Query_VerbosePageRules" file="/Users/msaari/wordpress-develop/tests/phpunit/tests/query/verboseRewriteRules.php" line="61" assertions="1" time="0.009774"/>
      <testcase name="test_permalink" class="Tests_Query_VerbosePageRules" file="/Users/msaari/wordpress-develop/tests/phpunit/tests/query/verboseRewriteRules.php" line="66" assertions="2" time="0.023349"/>
      <testcase name="test_post_comments_feed" class="Tests_Query_VerbosePageRules" file="/Users/msaari/wordpress-develop/tests/phpunit/tests/query/verboseRewriteRules.php" line="72" assertions="4" time="0.027247"/>
      <testcase name="test_post_comments_feed_with_no_comments" class="Tests_Query_VerbosePageRules" file="/Users/msaari/wordpress-develop/tests/phpunit/tests/query/verboseRewriteRules.php" line="80" assertions="4" time="0.023524"/>
      <testcase name="test_attachment_comments_feed" class="Tests_Query_VerbosePageRules" file="/Users/msaari/wordpress-develop/tests/phpunit/tests/query/verboseRewriteRules.php" line="86" assertions="5" time="0.014932"/>
      <testcase name="test_page" class="Tests_Query_VerbosePageRules" file="/Users/msaari/wordpress-develop/tests/phpunit/tests/query/verboseRewriteRules.php" line="93" assertions="2" time="0.012659"/>
      <testcase name="test_parent_page" class="Tests_Query_VerbosePageRules" file="/Users/msaari/wordpress-develop/tests/phpunit/tests/query/verboseRewriteRules.php" line="104" assertions="2" time="0.012253"/>
      <testcase name="test_child_page_1" class="Tests_Query_VerbosePageRules" file="/Users/msaari/wordpress-develop/tests/phpunit/tests/query/verboseRewriteRules.php" line="116" assertions="2" time="0.015695"/>
      <testcase name="test_child_page_2" class="Tests_Query_VerbosePageRules" file="/Users/msaari/wordpress-develop/tests/phpunit/tests/query/verboseRewriteRules.php" line="135" assertions="2" time="0.018901"/>
      <testcase name="test_page_trackback" class="Tests_Query_VerbosePageRules" file="/Users/msaari/wordpress-develop/tests/phpunit/tests/query/verboseRewriteRules.php" line="162" assertions="12" time="0.024599"/>
      <testcase name="test_page_feed" class="Tests_Query_VerbosePageRules" file="/Users/msaari/wordpress-develop/tests/phpunit/tests/query/verboseRewriteRules.php" line="198" assertions="15" time="0.033845"/>
      <testcase name="test_page_feed_with_no_comments" class="Tests_Query_VerbosePageRules" file="/Users/msaari/wordpress-develop/tests/phpunit/tests/query/verboseRewriteRules.php" line="234" assertions="15" time="0.026048"/>
      <testcase name="test_page_feed_atom" class="Tests_Query_VerbosePageRules" file="/Users/msaari/wordpress-develop/tests/phpunit/tests/query/verboseRewriteRules.php" line="270" assertions="15" time="0.033324"/>
      <testcase name="test_page_page_2" class="Tests_Query_VerbosePageRules" file="/Users/msaari/wordpress-develop/tests/phpunit/tests/query/verboseRewriteRules.php" line="308" assertions="4" time="0.012678"/>
      <testcase name="test_page_page_2_no_slash" class="Tests_Query_VerbosePageRules" file="/Users/msaari/wordpress-develop/tests/phpunit/tests/query/verboseRewriteRules.php" line="327" assertions="4" time="0.013406"/>
      <testcase name="test_pagination_of_posts_page" class="Tests_Query_VerbosePageRules" file="/Users/msaari/wordpress-develop/tests/phpunit/tests/query/verboseRewriteRules.php" line="346" assertions="3" time="0.015088"/>
      <testcase name="test_main_feed_2" class="Tests_Query_VerbosePageRules" file="/Users/msaari/wordpress-develop/tests/phpunit/tests/query/verboseRewriteRules.php" line="377" assertions="10" time="0.060389"/>
      <testcase name="test_main_feed" class="Tests_Query_VerbosePageRules" file="/Users/msaari/wordpress-develop/tests/phpunit/tests/query/verboseRewriteRules.php" line="395" assertions="3" time="0.030170"/>
      <testcase name="test_paged" class="Tests_Query_VerbosePageRules" file="/Users/msaari/wordpress-develop/tests/phpunit/tests/query/verboseRewriteRules.php" line="405" assertions="6" time="0.065769"/>
      <testcase name="test_main_comments_feed" class="Tests_Query_VerbosePageRules" file="/Users/msaari/wordpress-develop/tests/phpunit/tests/query/verboseRewriteRules.php" line="416" assertions="24" time="0.064180"/>
      <testcase name="test_search_feed" class="Tests_Query_VerbosePageRules" file="/Users/msaari/wordpress-develop/tests/phpunit/tests/query/verboseRewriteRules.php" line="442" assertions="20" time="0.020218"/>
      <testcase name="test_search_paged" class="Tests_Query_VerbosePageRules" file="/Users/msaari/wordpress-develop/tests/phpunit/tests/query/verboseRewriteRules.php" line="459" assertions="2" time="0.043946"/>
      <testcase name="test_search" class="Tests_Query_VerbosePageRules" file="/Users/msaari/wordpress-develop/tests/phpunit/tests/query/verboseRewriteRules.php" line="467" assertions="1" time="0.008988"/>
      <testcase name="test_search_encoded_chars" class="Tests_Query_VerbosePageRules" file="/Users/msaari/wordpress-develop/tests/phpunit/tests/query/verboseRewriteRules.php" line="475" assertions="1" time="0.009482"/>
      <testcase name="test_category_feed" class="Tests_Query_VerbosePageRules" file="/Users/msaari/wordpress-develop/tests/phpunit/tests/query/verboseRewriteRules.php" line="482" assertions="30" time="0.031882"/>
      <testcase name="test_category_paged" class="Tests_Query_VerbosePageRules" file="/Users/msaari/wordpress-develop/tests/phpunit/tests/query/verboseRewriteRules.php" line="506" assertions="3" time="0.042720"/>
      <testcase name="test_category" class="Tests_Query_VerbosePageRules" file="/Users/msaari/wordpress-develop/tests/phpunit/tests/query/verboseRewriteRules.php" line="514" assertions="2" time="0.013564"/>
      <testcase name="test_tag_feed" class="Tests_Query_VerbosePageRules" file="/Users/msaari/wordpress-develop/tests/phpunit/tests/query/verboseRewriteRules.php" line="527" assertions="30" time="0.028592"/>
      <testcase name="test_tag_paged" class="Tests_Query_VerbosePageRules" file="/Users/msaari/wordpress-develop/tests/phpunit/tests/query/verboseRewriteRules.php" line="550" assertions="3" time="0.049527"/>
      <testcase name="test_tag" class="Tests_Query_VerbosePageRules" file="/Users/msaari/wordpress-develop/tests/phpunit/tests/query/verboseRewriteRules.php" line="561" assertions="10" time="0.011727"/>
      <testcase name="test_author_feed" class="Tests_Query_VerbosePageRules" file="/Users/msaari/wordpress-develop/tests/phpunit/tests/query/verboseRewriteRules.php" line="586" assertions="30" time="0.036343"/>
      <testcase name="test_author_paged" class="Tests_Query_VerbosePageRules" file="/Users/msaari/wordpress-develop/tests/phpunit/tests/query/verboseRewriteRules.php" line="604" assertions="3" time="0.055240"/>
      <testcase name="test_author" class="Tests_Query_VerbosePageRules" file="/Users/msaari/wordpress-develop/tests/phpunit/tests/query/verboseRewriteRules.php" line="613" assertions="2" time="0.036322"/>
      <testcase name="test_author_with_no_posts" class="Tests_Query_VerbosePageRules" file="/Users/msaari/wordpress-develop/tests/phpunit/tests/query/verboseRewriteRules.php" line="620" assertions="2" time="0.021851"/>
      <testcase name="test_ymd_feed" class="Tests_Query_VerbosePageRules" file="/Users/msaari/wordpress-develop/tests/phpunit/tests/query/verboseRewriteRules.php" line="628" assertions="40" time="0.058213"/>
      <testcase name="test_ymd_paged" class="Tests_Query_VerbosePageRules" file="/Users/msaari/wordpress-develop/tests/phpunit/tests/query/verboseRewriteRules.php" line="646" assertions="4" time="0.042166"/>
      <testcase name="test_ymd" class="Tests_Query_VerbosePageRules" file="/Users/msaari/wordpress-develop/tests/phpunit/tests/query/verboseRewriteRules.php" line="654" assertions="3" time="0.022747"/>
      <testcase name="test_ym_feed" class="Tests_Query_VerbosePageRules" file="/Users/msaari/wordpress-develop/tests/phpunit/tests/query/verboseRewriteRules.php" line="662" assertions="40" time="0.057811"/>
      <testcase name="test_ym_paged" class="Tests_Query_VerbosePageRules" file="/Users/msaari/wordpress-develop/tests/phpunit/tests/query/verboseRewriteRules.php" line="680" assertions="4" time="0.043982"/>
      <testcase name="test_ym" class="Tests_Query_VerbosePageRules" file="/Users/msaari/wordpress-develop/tests/phpunit/tests/query/verboseRewriteRules.php" line="688" assertions="3" time="0.021043"/>
      <testcase name="test_y_feed" class="Tests_Query_VerbosePageRules" file="/Users/msaari/wordpress-develop/tests/phpunit/tests/query/verboseRewriteRules.php" line="696" assertions="40" time="0.055876"/>
      <testcase name="test_y_paged" class="Tests_Query_VerbosePageRules" file="/Users/msaari/wordpress-develop/tests/phpunit/tests/query/verboseRewriteRules.php" line="714" assertions="4" time="0.063553"/>
      <testcase name="test_y" class="Tests_Query_VerbosePageRules" file="/Users/msaari/wordpress-develop/tests/phpunit/tests/query/verboseRewriteRules.php" line="722" assertions="3" time="0.021988"/>
      <testcase name="test_post_trackback" class="Tests_Query_VerbosePageRules" file="/Users/msaari/wordpress-develop/tests/phpunit/tests/query/verboseRewriteRules.php" line="729" assertions="3" time="0.023766"/>
      <testcase name="test_post_comment_feed" class="Tests_Query_VerbosePageRules" file="/Users/msaari/wordpress-develop/tests/phpunit/tests/query/verboseRewriteRules.php" line="738" assertions="40" time="0.060110"/>
      <testcase name="test_post_paged_short" class="Tests_Query_VerbosePageRules" file="/Users/msaari/wordpress-develop/tests/phpunit/tests/query/verboseRewriteRules.php" line="757" assertions="2" time="0.022508"/>
      <testcase name="test_post_attachment" class="Tests_Query_VerbosePageRules" file="/Users/msaari/wordpress-develop/tests/phpunit/tests/query/verboseRewriteRules.php" line="772" assertions="3" time="0.011716"/>
      <testcase name="test_bad_dates" class="Tests_Query_VerbosePageRules" file="/Users/msaari/wordpress-develop/tests/phpunit/tests/query/verboseRewriteRules.php" line="790" assertions="3" time="0.018534"/>
      <testcase name="test_post_type_archive_with_tax_query" class="Tests_Query_VerbosePageRules" file="/Users/msaari/wordpress-develop/tests/phpunit/tests/query/verboseRewriteRules.php" line="798" assertions="6" time="0.035578"/>
      <testcase name="test_post_type_array" class="Tests_Query_VerbosePageRules" file="/Users/msaari/wordpress-develop/tests/phpunit/tests/query/verboseRewriteRules.php" line="843" assertions="6" time="0.022721"/>
      <testcase name="test_is_single" class="Tests_Query_VerbosePageRules" file="/Users/msaari/wordpress-develop/tests/phpunit/tests/query/verboseRewriteRules.php" line="875" assertions="8" time="0.021061"/>
      <testcase name="test_is_single_with_parent" class="Tests_Query_VerbosePageRules" file="/Users/msaari/wordpress-develop/tests/phpunit/tests/query/verboseRewriteRules.php" line="895" assertions="13" time="0.015363"/>
      <testcase name="test_is_single_with_slug_that_begins_with_a_number_that_clashes_with_another_post_id" class="Tests_Query_VerbosePageRules" file="/Users/msaari/wordpress-develop/tests/phpunit/tests/query/verboseRewriteRules.php" line="949" assertions="4" time="0.030809"/>
      <testcase name="test_is_single_with_slug_that_clashes_with_attachment" class="Tests_Query_VerbosePageRules" file="/Users/msaari/wordpress-develop/tests/phpunit/tests/query/verboseRewriteRules.php" line="972" assertions="4" time="0.025546"/>
      <testcase name="test_is_single_with_attachment" class="Tests_Query_VerbosePageRules" file="/Users/msaari/wordpress-develop/tests/phpunit/tests/query/verboseRewriteRules.php" line="1002" assertions="3" time="0.023826"/>
      <testcase name="test_is_page" class="Tests_Query_VerbosePageRules" file="/Users/msaari/wordpress-develop/tests/phpunit/tests/query/verboseRewriteRules.php" line="1022" assertions="8" time="0.011720"/>
      <testcase name="test_is_page_with_parent" class="Tests_Query_VerbosePageRules" file="/Users/msaari/wordpress-develop/tests/phpunit/tests/query/verboseRewriteRules.php" line="1042" assertions="13" time="0.015531"/>
      <testcase name="test_is_attachment" class="Tests_Query_VerbosePageRules" file="/Users/msaari/wordpress-develop/tests/phpunit/tests/query/verboseRewriteRules.php" line="1076" assertions="9" time="0.011288"/>
      <testcase name="test_is_attachment_with_slug_that_begins_with_a_number_that_clashes_with_a_page_ID" class="Tests_Query_VerbosePageRules" file="/Users/msaari/wordpress-develop/tests/phpunit/tests/query/verboseRewriteRules.php" line="1097" assertions="4" time="0.012914"/>
      <testcase name="test_is_author_with_nicename_that_begins_with_a_number_that_clashes_with_another_author_id" class="Tests_Query_VerbosePageRules" file="/Users/msaari/wordpress-develop/tests/phpunit/tests/query/verboseRewriteRules.php" line="1121" assertions="4" time="0.036464"/>
      <testcase name="test_is_category_with_slug_that_begins_with_a_number_that_clashes_with_another_category_id" class="Tests_Query_VerbosePageRules" file="/Users/msaari/wordpress-develop/tests/phpunit/tests/query/verboseRewriteRules.php" line="1144" assertions="4" time="0.014884"/>
      <testcase name="test_is_tag_with_slug_that_begins_with_a_number_that_clashes_with_another_tag_id" class="Tests_Query_VerbosePageRules" file="/Users/msaari/wordpress-develop/tests/phpunit/tests/query/verboseRewriteRules.php" line="1167" assertions="4" time="0.013321"/>
      <testcase name="test_is_page_with_page_id_zero_and_random_page_slug" class="Tests_Query_VerbosePageRules" file="/Users/msaari/wordpress-develop/tests/phpunit/tests/query/verboseRewriteRules.php" line="1190" assertions="3" time="0.010930"/>
      <testcase name="test_is_page_with_page_slug_that_begins_with_a_number_that_clashes_with_a_page_ID" class="Tests_Query_VerbosePageRules" file="/Users/msaari/wordpress-develop/tests/phpunit/tests/query/verboseRewriteRules.php" line="1212" assertions="4" time="0.013855"/>
      <testcase name="test_is_page_template" class="Tests_Query_VerbosePageRules" file="/Users/msaari/wordpress-develop/tests/phpunit/tests/query/verboseRewriteRules.php" line="1233" assertions="1" time="0.012110"/>
      <testcase name="test_is_page_template_default" class="Tests_Query_VerbosePageRules" file="/Users/msaari/wordpress-develop/tests/phpunit/tests/query/verboseRewriteRules.php" line="1243" assertions="2" time="0.011129"/>
      <testcase name="test_is_page_template_array" class="Tests_Query_VerbosePageRules" file="/Users/msaari/wordpress-develop/tests/phpunit/tests/query/verboseRewriteRules.php" line="1253" assertions="2" time="0.012009"/>
      <testcase name="test_is_page_template_other_post_type" class="Tests_Query_VerbosePageRules" file="/Users/msaari/wordpress-develop/tests/phpunit/tests/query/verboseRewriteRules.php" line="1264" assertions="2" time="0.021583"/>
      <testcase name="test_is_page_template_not_singular" class="Tests_Query_VerbosePageRules" file="/Users/msaari/wordpress-develop/tests/phpunit/tests/query/verboseRewriteRules.php" line="1275" assertions="4" time="0.034745"/>
      <testcase name="test_is_attachment_should_not_match_numeric_id_to_post_title_beginning_with_id" class="Tests_Query_VerbosePageRules" file="/Users/msaari/wordpress-develop/tests/phpunit/tests/query/verboseRewriteRules.php" line="1301" assertions="2" time="0.013123"/>
      <testcase name="test_is_attachment_should_not_match_numeric_id_to_post_name_beginning_with_id" class="Tests_Query_VerbosePageRules" file="/Users/msaari/wordpress-develop/tests/phpunit/tests/query/verboseRewriteRules.php" line="1326" assertions="2" time="0.013774"/>
      <testcase name="test_is_author_should_not_match_numeric_id_to_nickname_beginning_with_id" class="Tests_Query_VerbosePageRules" file="/Users/msaari/wordpress-develop/tests/phpunit/tests/query/verboseRewriteRules.php" line="1351" assertions="2" time="0.036471"/>
      <testcase name="test_is_author_should_not_match_numeric_id_to_user_nicename_beginning_with_id" class="Tests_Query_VerbosePageRules" file="/Users/msaari/wordpress-develop/tests/phpunit/tests/query/verboseRewriteRules.php" line="1374" assertions="2" time="0.034664"/>
      <testcase name="test_is_category_should_not_match_numeric_id_to_name_beginning_with_id" class="Tests_Query_VerbosePageRules" file="/Users/msaari/wordpress-develop/tests/phpunit/tests/query/verboseRewriteRules.php" line="1397" assertions="2" time="0.016047"/>
      <testcase name="test_is_category_should_not_match_numeric_id_to_slug_beginning_with_id" class="Tests_Query_VerbosePageRules" file="/Users/msaari/wordpress-develop/tests/phpunit/tests/query/verboseRewriteRules.php" line="1422" assertions="2" time="0.016029"/>
      <testcase name="test_is_tag_should_not_match_numeric_id_to_name_beginning_with_id" class="Tests_Query_VerbosePageRules" file="/Users/msaari/wordpress-develop/tests/phpunit/tests/query/verboseRewriteRules.php" line="1447" assertions="2" time="0.014216"/>
      <testcase name="test_is_tag_should_not_match_numeric_id_to_slug_beginning_with_id" class="Tests_Query_VerbosePageRules" file="/Users/msaari/wordpress-develop/tests/phpunit/tests/query/verboseRewriteRules.php" line="1472" assertions="2" time="0.014681"/>
      <testcase name="test_is_page_should_not_match_numeric_id_to_post_title_beginning_with_id" class="Tests_Query_VerbosePageRules" file="/Users/msaari/wordpress-develop/tests/phpunit/tests/query/verboseRewriteRules.php" line="1497" assertions="2" time="0.014236"/>
      <testcase name="test_is_page_should_not_match_numeric_id_to_post_name_beginning_with_id" class="Tests_Query_VerbosePageRules" file="/Users/msaari/wordpress-develop/tests/phpunit/tests/query/verboseRewriteRules.php" line="1522" assertions="2" time="0.014773"/>
      <testcase name="test_is_single_should_not_match_numeric_id_to_post_title_beginning_with_id" class="Tests_Query_VerbosePageRules" file="/Users/msaari/wordpress-develop/tests/phpunit/tests/query/verboseRewriteRules.php" line="1547" assertions="2" time="0.032099"/>
      <testcase name="test_is_single_should_not_match_numeric_id_to_post_name_beginning_with_id" class="Tests_Query_VerbosePageRules" file="/Users/msaari/wordpress-develop/tests/phpunit/tests/query/verboseRewriteRules.php" line="1572" assertions="2" time="0.032069"/>
    </testsuite>
    <testsuite name="Tests_REST_API" file="/Users/msaari/wordpress-develop/tests/phpunit/tests/rest-api.php" tests="66" assertions="114" failures="0" errors="0" time="0.109421">
      <testcase name="test_rest_api_active" class="Tests_REST_API" file="/Users/msaari/wordpress-develop/tests/phpunit/tests/rest-api.php" line="30" assertions="4" time="0.001894"/>
      <testcase name="test_init_action_added" class="Tests_REST_API" file="/Users/msaari/wordpress-develop/tests/phpunit/tests/rest-api.php" line="41" assertions="1" time="0.001531"/>
      <testcase name="test_add_extra_api_taxonomy_arguments" class="Tests_REST_API" file="/Users/msaari/wordpress-develop/tests/phpunit/tests/rest-api.php" line="45" assertions="6" time="0.001394"/>
      <testcase name="test_add_extra_api_post_type_arguments" class="Tests_REST_API" file="/Users/msaari/wordpress-develop/tests/phpunit/tests/rest-api.php" line="57" assertions="9" time="0.001427"/>
      <testcase name="test_route_canonicalized" class="Tests_REST_API" file="/Users/msaari/wordpress-develop/tests/phpunit/tests/rest-api.php" line="79" assertions="9" time="0.001645"/>
      <testcase name="test_route_canonicalized_multiple" class="Tests_REST_API" file="/Users/msaari/wordpress-develop/tests/phpunit/tests/rest-api.php" line="114" assertions="11" time="0.001480"/>
      <testcase name="test_route_merge" class="Tests_REST_API" file="/Users/msaari/wordpress-develop/tests/phpunit/tests/rest-api.php" line="155" assertions="1" time="0.001469"/>
      <testcase name="test_route_override" class="Tests_REST_API" file="/Users/msaari/wordpress-develop/tests/phpunit/tests/rest-api.php" line="182" assertions="3" time="0.001376"/>
      <testcase name="test_route_reject_empty_namespace" class="Tests_REST_API" file="/Users/msaari/wordpress-develop/tests/phpunit/tests/rest-api.php" line="218" assertions="2" time="0.001441"/>
      <testcase name="test_route_reject_empty_route" class="Tests_REST_API" file="/Users/msaari/wordpress-develop/tests/phpunit/tests/rest-api.php" line="237" assertions="2" time="0.001384"/>
      <testcase name="test_rest_route_query_var" class="Tests_REST_API" file="/Users/msaari/wordpress-develop/tests/phpunit/tests/rest-api.php" line="254" assertions="1" time="0.001433"/>
      <testcase name="test_route_method" class="Tests_REST_API" file="/Users/msaari/wordpress-develop/tests/phpunit/tests/rest-api.php" line="259" assertions="1" time="0.001409"/>
      <testcase name="test_route_method_string" class="Tests_REST_API" file="/Users/msaari/wordpress-develop/tests/phpunit/tests/rest-api.php" line="277" assertions="1" time="0.001454"/>
      <testcase name="test_route_method_array" class="Tests_REST_API" file="/Users/msaari/wordpress-develop/tests/phpunit/tests/rest-api.php" line="295" assertions="1" time="0.001385"/>
      <testcase name="test_route_method_comma_seperated" class="Tests_REST_API" file="/Users/msaari/wordpress-develop/tests/phpunit/tests/rest-api.php" line="319" assertions="1" time="0.001407"/>
      <testcase name="test_options_request" class="Tests_REST_API" file="/Users/msaari/wordpress-develop/tests/phpunit/tests/rest-api.php" line="340" assertions="2" time="0.001717"/>
      <testcase name="test_options_request_not_options" class="Tests_REST_API" file="/Users/msaari/wordpress-develop/tests/phpunit/tests/rest-api.php" line="362" assertions="1" time="0.001483"/>
      <testcase name="test_rest_filter_response_fields_no_request_filter" class="Tests_REST_API" file="/Users/msaari/wordpress-develop/tests/phpunit/tests/rest-api.php" line="381" assertions="1" time="0.001400"/>
      <testcase name="test_rest_filter_response_fields_single_field_filter" class="Tests_REST_API" file="/Users/msaari/wordpress-develop/tests/phpunit/tests/rest-api.php" line="393" assertions="1" time="0.001403"/>
      <testcase name="test_rest_filter_response_fields_multi_field_filter" class="Tests_REST_API" file="/Users/msaari/wordpress-develop/tests/phpunit/tests/rest-api.php" line="413" assertions="1" time="0.001376"/>
      <testcase name="test_rest_filter_response_fields_multi_field_filter_array" class="Tests_REST_API" file="/Users/msaari/wordpress-develop/tests/phpunit/tests/rest-api.php" line="444" assertions="1" time="0.001370"/>
      <testcase name="test_rest_filter_response_fields_numeric_array" class="Tests_REST_API" file="/Users/msaari/wordpress-develop/tests/phpunit/tests/rest-api.php" line="475" assertions="1" time="0.001423"/>
      <testcase name="test_rest_url_generation" class="Tests_REST_API" file="/Users/msaari/wordpress-develop/tests/phpunit/tests/rest-api.php" line="524" assertions="3" time="0.008702"/>
      <testcase name="test_rest_url_scheme" class="Tests_REST_API" file="/Users/msaari/wordpress-develop/tests/phpunit/tests/rest-api.php" line="541" assertions="6" time="0.003244"/>
      <testcase name="test_always_prepend_path_with_slash_in_rest_url_filter" class="Tests_REST_API" file="/Users/msaari/wordpress-develop/tests/phpunit/tests/rest-api.php" line="582" assertions="3" time="0.001745"/>
      <testsuite name="Tests_REST_API::test_jsonp_callback_check" tests="10" assertions="10" failures="0" errors="0" time="0.015528">
        <testcase name="test_jsonp_callback_check with data set #0" assertions="1" time="0.001615"/>
        <testcase name="test_jsonp_callback_check with data set #1" assertions="1" time="0.001613"/>
        <testcase name="test_jsonp_callback_check with data set #2" assertions="1" time="0.001549"/>
        <testcase name="test_jsonp_callback_check with data set #3" assertions="1" time="0.001490"/>
        <testcase name="test_jsonp_callback_check with data set #4" assertions="1" time="0.001493"/>
        <testcase name="test_jsonp_callback_check with data set #5" assertions="1" time="0.001601"/>
        <testcase name="test_jsonp_callback_check with data set #6" assertions="1" time="0.001795"/>
        <testcase name="test_jsonp_callback_check with data set #7" assertions="1" time="0.001513"/>
        <testcase name="test_jsonp_callback_check with data set #8" assertions="1" time="0.001463"/>
        <testcase name="test_jsonp_callback_check with data set #9" assertions="1" time="0.001397"/>
      </testsuite>
      <testsuite name="Tests_REST_API::test_rest_parse_date" tests="15" assertions="15" failures="0" errors="0" time="0.021757">
        <testcase name="test_rest_parse_date with data set #0" assertions="1" time="0.001427"/>
        <testcase name="test_rest_parse_date with data set #1" assertions="1" time="0.001433"/>
        <testcase name="test_rest_parse_date with data set #2" assertions="1" time="0.001526"/>
        <testcase name="test_rest_parse_date with data set #3" assertions="1" time="0.001467"/>
        <testcase name="test_rest_parse_date with data set #4" assertions="1" time="0.001373"/>
        <testcase name="test_rest_parse_date with data set #5" assertions="1" time="0.001425"/>
        <testcase name="test_rest_parse_date with data set #6" assertions="1" time="0.001629"/>
        <testcase name="test_rest_parse_date with data set #7" assertions="1" time="0.001497"/>
        <testcase name="test_rest_parse_date with data set #8" assertions="1" time="0.001430"/>
        <testcase name="test_rest_parse_date with data set #9" assertions="1" time="0.001433"/>
        <testcase name="test_rest_parse_date with data set #10" assertions="1" time="0.001354"/>
        <testcase name="test_rest_parse_date with data set #11" assertions="1" time="0.001417"/>
        <testcase name="test_rest_parse_date with data set #12" assertions="1" time="0.001393"/>
        <testcase name="test_rest_parse_date with data set #13" assertions="1" time="0.001493"/>
        <testcase name="test_rest_parse_date with data set #14" assertions="1" time="0.001460"/>
      </testsuite>
      <testsuite name="Tests_REST_API::test_rest_parse_date_force_utc" tests="15" assertions="15" failures="0" errors="0" time="0.022277">
        <testcase name="test_rest_parse_date_force_utc with data set #0" assertions="1" time="0.001442"/>
        <testcase name="test_rest_parse_date_force_utc with data set #1" assertions="1" time="0.001377"/>
        <testcase name="test_rest_parse_date_force_utc with data set #2" assertions="1" time="0.001456"/>
        <testcase name="test_rest_parse_date_force_utc with data set #3" assertions="1" time="0.001600"/>
        <testcase name="test_rest_parse_date_force_utc with data set #4" assertions="1" time="0.001455"/>
        <testcase name="test_rest_parse_date_force_utc with data set #5" assertions="1" time="0.001428"/>
        <testcase name="test_rest_parse_date_force_utc with data set #6" assertions="1" time="0.001362"/>
        <testcase name="test_rest_parse_date_force_utc with data set #7" assertions="1" time="0.001422"/>
        <testcase name="test_rest_parse_date_force_utc with data set #8" assertions="1" time="0.001593"/>
        <testcase name="test_rest_parse_date_force_utc with data set #9" assertions="1" time="0.001761"/>
        <testcase name="test_rest_parse_date_force_utc with data set #10" assertions="1" time="0.001486"/>
        <testcase name="test_rest_parse_date_force_utc with data set #11" assertions="1" time="0.001411"/>
        <testcase name="test_rest_parse_date_force_utc with data set #12" assertions="1" time="0.001375"/>
        <testcase name="test_rest_parse_date_force_utc with data set #13" assertions="1" time="0.001634"/>
        <testcase name="test_rest_parse_date_force_utc with data set #14" assertions="1" time="0.001475"/>
      </testsuite>
      <testcase name="test_register_rest_route_without_server" class="Tests_REST_API" file="/Users/msaari/wordpress-develop/tests/phpunit/tests/rest-api.php" line="699" assertions="1" time="0.003865"/>
    </testsuite>
    <testsuite name="WP_Test_REST_Attachments_Controller" file="/Users/msaari/wordpress-develop/tests/phpunit/tests/rest-api/rest-attachments-controller.php" tests="78" assertions="2691" failures="0" errors="0" time="1.555347">
      <testcase name="test_register_routes" class="WP_Test_REST_Attachments_Controller" file="/Users/msaari/wordpress-develop/tests/phpunit/tests/rest-api/rest-attachments-controller.php" line="78" assertions="23" time="0.010655"/>
      <testsuite name="WP_Test_REST_Attachments_Controller::test_parse_disposition" tests="20" assertions="400" failures="0" errors="0" time="0.192491">
        <testcase name="test_parse_disposition with data set #0" assertions="20" time="0.010484"/>
        <testcase name="test_parse_disposition with data set #1" assertions="20" time="0.009201"/>
        <testcase name="test_parse_disposition with data set #2" assertions="20" time="0.008962"/>
        <testcase name="test_parse_disposition with data set #3" assertions="20" time="0.009163"/>
        <testcase name="test_parse_disposition with data set #4" assertions="20" time="0.009860"/>
        <testcase name="test_parse_disposition with data set #5" assertions="20" time="0.010334"/>
        <testcase name="test_parse_disposition with data set #6" assertions="20" time="0.008441"/>
        <testcase name="test_parse_disposition with data set #7" assertions="20" time="0.010063"/>
        <testcase name="test_parse_disposition with data set #8" assertions="20" time="0.007922"/>
        <testcase name="test_parse_disposition with data set #9" assertions="20" time="0.008380"/>
        <testcase name="test_parse_disposition with data set #10" assertions="20" time="0.026340"/>
        <testcase name="test_parse_disposition with data set #11" assertions="20" time="0.008772"/>
        <testcase name="test_parse_disposition with data set #12" assertions="20" time="0.007996"/>
        <testcase name="test_parse_disposition with data set #13" assertions="20" time="0.007966"/>
        <testcase name="test_parse_disposition with data set #14" assertions="20" time="0.008339"/>
        <testcase name="test_parse_disposition with data set #15" assertions="20" time="0.007233"/>
        <testcase name="test_parse_disposition with data set #16" assertions="20" time="0.007872"/>
        <testcase name="test_parse_disposition with data set #17" assertions="20" time="0.008409"/>
        <testcase name="test_parse_disposition with data set #18" assertions="20" time="0.008178"/>
        <testcase name="test_parse_disposition with data set #19" assertions="20" time="0.008576"/>
      </testsuite>
      <testcase name="test_context_param" class="WP_Test_REST_Attachments_Controller" file="/Users/msaari/wordpress-develop/tests/phpunit/tests/rest-api/rest-attachments-controller.php" line="127" assertions="27" time="0.016750"/>
      <testcase name="test_registered_query_params" class="WP_Test_REST_Attachments_Controller" file="/Users/msaari/wordpress-develop/tests/phpunit/tests/rest-api/rest-attachments-controller.php" line="150" assertions="24" time="0.010422"/>
      <testcase name="test_registered_get_item_params" class="WP_Test_REST_Attachments_Controller" file="/Users/msaari/wordpress-develop/tests/phpunit/tests/rest-api/rest-attachments-controller.php" line="192" assertions="21" time="0.031103"/>
      <testcase name="test_get_items" class="WP_Test_REST_Attachments_Controller" file="/Users/msaari/wordpress-develop/tests/phpunit/tests/rest-api/rest-attachments-controller.php" line="209" assertions="119" time="0.045042"/>
      <testcase name="test_get_items_logged_in_editor" class="WP_Test_REST_Attachments_Controller" file="/Users/msaari/wordpress-develop/tests/phpunit/tests/rest-api/rest-attachments-controller.php" line="249" assertions="55" time="0.056532"/>
      <testcase name="test_get_items_media_type" class="WP_Test_REST_Attachments_Controller" file="/Users/msaari/wordpress-develop/tests/phpunit/tests/rest-api/rest-attachments-controller.php" line="288" assertions="46" time="0.021801"/>
      <testcase name="test_get_items_mime_type" class="WP_Test_REST_Attachments_Controller" file="/Users/msaari/wordpress-develop/tests/phpunit/tests/rest-api/rest-attachments-controller.php" line="311" assertions="46" time="0.021004"/>
      <testcase name="test_get_items_parent" class="WP_Test_REST_Attachments_Controller" file="/Users/msaari/wordpress-develop/tests/phpunit/tests/rest-api/rest-attachments-controller.php" line="334" assertions="69" time="0.038823"/>
      <testcase name="test_get_items_invalid_status_param_is_error_response" class="WP_Test_REST_Attachments_Controller" file="/Users/msaari/wordpress-develop/tests/phpunit/tests/rest-api/rest-attachments-controller.php" line="378" assertions="21" time="0.016428"/>
      <testcase name="test_get_items_private_status" class="WP_Test_REST_Attachments_Controller" file="/Users/msaari/wordpress-develop/tests/phpunit/tests/rest-api/rest-attachments-controller.php" line="397" assertions="36" time="0.015916"/>
      <testcase name="test_get_items_multiple_statuses" class="WP_Test_REST_Attachments_Controller" file="/Users/msaari/wordpress-develop/tests/phpunit/tests/rest-api/rest-attachments-controller.php" line="421" assertions="46" time="0.022445"/>
      <testcase name="test_get_items_invalid_date" class="WP_Test_REST_Attachments_Controller" file="/Users/msaari/wordpress-develop/tests/phpunit/tests/rest-api/rest-attachments-controller.php" line="460" assertions="23" time="0.007244"/>
      <testcase name="test_get_items_valid_date" class="WP_Test_REST_Attachments_Controller" file="/Users/msaari/wordpress-develop/tests/phpunit/tests/rest-api/rest-attachments-controller.php" line="468" assertions="32" time="0.035609"/>
      <testcase name="test_get_item" class="WP_Test_REST_Attachments_Controller" file="/Users/msaari/wordpress-develop/tests/phpunit/tests/rest-api/rest-attachments-controller.php" line="505" assertions="67" time="0.014942"/>
      <testcase name="test_get_item_sizes" class="WP_Test_REST_Attachments_Controller" file="/Users/msaari/wordpress-develop/tests/phpunit/tests/rest-api/rest-attachments-controller.php" line="522" assertions="32" time="0.035715"/>
      <testcase name="test_get_item_sizes_with_no_url" class="WP_Test_REST_Attachments_Controller" file="/Users/msaari/wordpress-develop/tests/phpunit/tests/rest-api/rest-attachments-controller.php" line="549" assertions="29" time="0.040373"/>
      <testcase name="test_get_item_private_post_not_authenticated" class="WP_Test_REST_Attachments_Controller" file="/Users/msaari/wordpress-develop/tests/phpunit/tests/rest-api/rest-attachments-controller.php" line="574" assertions="20" time="0.026226"/>
      <testcase name="test_get_item_inherit_status_with_invalid_parent" class="WP_Test_REST_Attachments_Controller" file="/Users/msaari/wordpress-develop/tests/phpunit/tests/rest-api/rest-attachments-controller.php" line="590" assertions="30" time="0.014033"/>
      <testcase name="test_get_item_auto_status_with_invalid_parent_not_authenticated_returns_error" class="WP_Test_REST_Attachments_Controller" file="/Users/msaari/wordpress-develop/tests/phpunit/tests/rest-api/rest-attachments-controller.php" line="607" assertions="23" time="0.009563"/>
      <testcase name="test_create_item" class="WP_Test_REST_Attachments_Controller" file="/Users/msaari/wordpress-develop/tests/phpunit/tests/rest-api/rest-attachments-controller.php" line="623" assertions="42" time="0.035899"/>
      <testcase name="test_create_item_default_filename_title" class="WP_Test_REST_Attachments_Controller" file="/Users/msaari/wordpress-develop/tests/phpunit/tests/rest-api/rest-attachments-controller.php" line="652" assertions="34" time="0.016862"/>
      <testcase name="test_create_item_with_files" class="WP_Test_REST_Attachments_Controller" file="/Users/msaari/wordpress-develop/tests/phpunit/tests/rest-api/rest-attachments-controller.php" line="672" assertions="33" time="0.037284"/>
      <testcase name="test_create_item_with_upload_files_role" class="WP_Test_REST_Attachments_Controller" file="/Users/msaari/wordpress-develop/tests/phpunit/tests/rest-api/rest-attachments-controller.php" line="690" assertions="33" time="0.068399"/>
      <testcase name="test_create_item_empty_body" class="WP_Test_REST_Attachments_Controller" file="/Users/msaari/wordpress-develop/tests/phpunit/tests/rest-api/rest-attachments-controller.php" line="708" assertions="23" time="0.021029"/>
      <testcase name="test_create_item_missing_content_type" class="WP_Test_REST_Attachments_Controller" file="/Users/msaari/wordpress-develop/tests/phpunit/tests/rest-api/rest-attachments-controller.php" line="715" assertions="23" time="0.007842"/>
      <testcase name="test_create_item_missing_content_disposition" class="WP_Test_REST_Attachments_Controller" file="/Users/msaari/wordpress-develop/tests/phpunit/tests/rest-api/rest-attachments-controller.php" line="723" assertions="23" time="0.007964"/>
      <testcase name="test_create_item_bad_md5_header" class="WP_Test_REST_Attachments_Controller" file="/Users/msaari/wordpress-develop/tests/phpunit/tests/rest-api/rest-attachments-controller.php" line="732" assertions="23" time="0.008194"/>
      <testcase name="test_create_item_with_files_bad_md5_header" class="WP_Test_REST_Attachments_Controller" file="/Users/msaari/wordpress-develop/tests/phpunit/tests/rest-api/rest-attachments-controller.php" line="743" assertions="23" time="0.007846"/>
      <testcase name="test_create_item_invalid_upload_files_capability" class="WP_Test_REST_Attachments_Controller" file="/Users/msaari/wordpress-develop/tests/phpunit/tests/rest-api/rest-attachments-controller.php" line="761" assertions="23" time="0.007562"/>
      <testcase name="test_create_item_invalid_edit_permissions" class="WP_Test_REST_Attachments_Controller" file="/Users/msaari/wordpress-develop/tests/phpunit/tests/rest-api/rest-attachments-controller.php" line="768" assertions="23" time="0.016642"/>
      <testcase name="test_create_item_invalid_upload_permissions" class="WP_Test_REST_Attachments_Controller" file="/Users/msaari/wordpress-develop/tests/phpunit/tests/rest-api/rest-attachments-controller.php" line="777" assertions="23" time="0.017408"/>
      <testcase name="test_create_item_invalid_post_type" class="WP_Test_REST_Attachments_Controller" file="/Users/msaari/wordpress-develop/tests/phpunit/tests/rest-api/rest-attachments-controller.php" line="786" assertions="23" time="0.009902"/>
      <testcase name="test_create_item_alt_text" class="WP_Test_REST_Attachments_Controller" file="/Users/msaari/wordpress-develop/tests/phpunit/tests/rest-api/rest-attachments-controller.php" line="804" assertions="33" time="0.032939"/>
      <testcase name="test_create_item_unsafe_alt_text" class="WP_Test_REST_Attachments_Controller" file="/Users/msaari/wordpress-develop/tests/phpunit/tests/rest-api/rest-attachments-controller.php" line="817" assertions="33" time="0.056945"/>
      <testcase name="test_create_item_ensure_relative_path" class="WP_Test_REST_Attachments_Controller" file="/Users/msaari/wordpress-develop/tests/phpunit/tests/rest-api/rest-attachments-controller.php" line="832" assertions="33" time="0.043155"/>
      <testcase name="test_update_item" class="WP_Test_REST_Attachments_Controller" file="/Users/msaari/wordpress-develop/tests/phpunit/tests/rest-api/rest-attachments-controller.php" line="843" assertions="51" time="0.019363"/>
      <testcase name="test_update_item_parent" class="WP_Test_REST_Attachments_Controller" file="/Users/msaari/wordpress-develop/tests/phpunit/tests/rest-api/rest-attachments-controller.php" line="872" assertions="45" time="0.035103"/>
      <testcase name="test_update_item_invalid_permissions" class="WP_Test_REST_Attachments_Controller" file="/Users/msaari/wordpress-develop/tests/phpunit/tests/rest-api/rest-attachments-controller.php" line="897" assertions="23" time="0.010933"/>
      <testcase name="test_update_item_invalid_post_type" class="WP_Test_REST_Attachments_Controller" file="/Users/msaari/wordpress-develop/tests/phpunit/tests/rest-api/rest-attachments-controller.php" line="914" assertions="23" time="0.012339"/>
      <testsuite name="WP_Test_REST_Attachments_Controller::test_post_roundtrip_as_author" tests="4" assertions="308" failures="0" errors="0" time="0.159406">
        <testcase name="test_post_roundtrip_as_author with data set #0" assertions="77" time="0.040193"/>
        <testcase name="test_post_roundtrip_as_author with data set #1" assertions="77" time="0.040780"/>
        <testcase name="test_post_roundtrip_as_author with data set #2" assertions="77" time="0.040493"/>
        <testcase name="test_post_roundtrip_as_author with data set #3" assertions="77" time="0.037940"/>
      </testsuite>
      <testcase name="test_attachment_roundtrip_as_editor_unfiltered_html" class="WP_Test_REST_Attachments_Controller" file="/Users/msaari/wordpress-develop/tests/phpunit/tests/rest-api/rest-attachments-controller.php" line="1114" assertions="77" time="0.037213"/>
      <testcase name="test_attachment_roundtrip_as_superadmin_unfiltered_html" class="WP_Test_REST_Attachments_Controller" file="/Users/msaari/wordpress-develop/tests/phpunit/tests/rest-api/rest-attachments-controller.php" line="1165" assertions="77" time="0.049404"/>
      <testcase name="test_delete_item" class="WP_Test_REST_Attachments_Controller" file="/Users/msaari/wordpress-develop/tests/phpunit/tests/rest-api/rest-attachments-controller.php" line="1191" assertions="30" time="0.018620"/>
      <testcase name="test_delete_item_no_trash" class="WP_Test_REST_Attachments_Controller" file="/Users/msaari/wordpress-develop/tests/phpunit/tests/rest-api/rest-attachments-controller.php" line="1207" assertions="28" time="0.011003"/>
      <testcase name="test_delete_item_invalid_delete_permissions" class="WP_Test_REST_Attachments_Controller" file="/Users/msaari/wordpress-develop/tests/phpunit/tests/rest-api/rest-attachments-controller.php" line="1232" assertions="23" time="0.010790"/>
      <testcase name="test_prepare_item" class="WP_Test_REST_Attachments_Controller" file="/Users/msaari/wordpress-develop/tests/phpunit/tests/rest-api/rest-attachments-controller.php" line="1248" assertions="105" time="0.011772"/>
      <testcase name="test_prepare_item_limit_fields" class="WP_Test_REST_Attachments_Controller" file="/Users/msaari/wordpress-develop/tests/phpunit/tests/rest-api/rest-attachments-controller.php" line="1267" assertions="30" time="0.011903"/>
      <testcase name="test_get_item_schema" class="WP_Test_REST_Attachments_Controller" file="/Users/msaari/wordpress-develop/tests/phpunit/tests/rest-api/rest-attachments-controller.php" line="1293" assertions="53" time="0.006651"/>
      <testcase name="test_get_additional_field_registration" class="WP_Test_REST_Attachments_Controller" file="/Users/msaari/wordpress-develop/tests/phpunit/tests/rest-api/rest-attachments-controller.php" line="1331" assertions="35" time="0.012051"/>
      <testcase name="test_additional_field_update_errors" class="WP_Test_REST_Attachments_Controller" file="/Users/msaari/wordpress-develop/tests/phpunit/tests/rest-api/rest-attachments-controller.php" line="1374" assertions="27" time="0.013140"/>
      <testcase name="test_search_item_by_filename" class="WP_Test_REST_Attachments_Controller" file="/Users/msaari/wordpress-develop/tests/phpunit/tests/rest-api/rest-attachments-controller.php" line="1418" assertions="33" time="0.015251"/>
      <testcase name="test_links_exist" class="WP_Test_REST_Attachments_Controller" file="/Users/msaari/wordpress-develop/tests/phpunit/tests/rest-api/rest-attachments-controller.php" line="1456" assertions="31" time="0.023502"/>
      <testcase name="test_publish_action_ldo_not_registered" class="WP_Test_REST_Attachments_Controller" file="/Users/msaari/wordpress-develop/tests/phpunit/tests/rest-api/rest-attachments-controller.php" line="1472" assertions="24" time="0.006547"/>
      <testcase name="test_publish_action_link_does_not_exists" class="WP_Test_REST_Attachments_Controller" file="/Users/msaari/wordpress-develop/tests/phpunit/tests/rest-api/rest-attachments-controller.php" line="1484" assertions="31" time="0.011366"/>
    </testsuite>
    <testsuite name="WP_Test_REST_Categories_Controller" file="/Users/msaari/wordpress-develop/tests/phpunit/tests/rest-api/rest-categories-controller.php" tests="59" assertions="1890" failures="0" errors="0" time="0.990629">
      <testcase name="test_register_routes" class="WP_Test_REST_Categories_Controller" file="/Users/msaari/wordpress-develop/tests/phpunit/tests/rest-api/rest-categories-controller.php" line="91" assertions="21" time="0.006089"/>
      <testcase name="test_context_param" class="WP_Test_REST_Categories_Controller" file="/Users/msaari/wordpress-develop/tests/phpunit/tests/rest-api/rest-categories-controller.php" line="97" assertions="25" time="0.010998"/>
      <testcase name="test_registered_query_params" class="WP_Test_REST_Categories_Controller" file="/Users/msaari/wordpress-develop/tests/phpunit/tests/rest-api/rest-categories-controller.php" line="113" assertions="22" time="0.007148"/>
      <testcase name="test_get_items" class="WP_Test_REST_Categories_Controller" file="/Users/msaari/wordpress-develop/tests/phpunit/tests/rest-api/rest-categories-controller.php" line="138" assertions="32" time="0.008752"/>
      <testcase name="test_get_items_invalid_permission_for_context" class="WP_Test_REST_Categories_Controller" file="/Users/msaari/wordpress-develop/tests/phpunit/tests/rest-api/rest-categories-controller.php" line="144" assertions="23" time="0.004987"/>
      <testcase name="test_get_items_hide_empty_arg" class="WP_Test_REST_Categories_Controller" file="/Users/msaari/wordpress-develop/tests/phpunit/tests/rest-api/rest-categories-controller.php" line="152" assertions="45" time="0.032920"/>
      <testcase name="test_get_items_parent_zero_arg" class="WP_Test_REST_Categories_Controller" file="/Users/msaari/wordpress-develop/tests/phpunit/tests/rest-api/rest-categories-controller.php" line="172" assertions="34" time="0.022685"/>
      <testcase name="test_get_items_parent_zero_arg_string" class="WP_Test_REST_Categories_Controller" file="/Users/msaari/wordpress-develop/tests/phpunit/tests/rest-api/rest-categories-controller.php" line="202" assertions="34" time="0.036517"/>
      <testcase name="test_get_items_by_parent_non_found" class="WP_Test_REST_Categories_Controller" file="/Users/msaari/wordpress-develop/tests/phpunit/tests/rest-api/rest-categories-controller.php" line="232" assertions="22" time="0.009000"/>
      <testcase name="test_get_items_invalid_page" class="WP_Test_REST_Categories_Controller" file="/Users/msaari/wordpress-develop/tests/phpunit/tests/rest-api/rest-categories-controller.php" line="245" assertions="24" time="0.004854"/>
      <testcase name="test_get_items_include_query" class="WP_Test_REST_Categories_Controller" file="/Users/msaari/wordpress-develop/tests/phpunit/tests/rest-api/rest-categories-controller.php" line="255" assertions="41" time="0.018891"/>
      <testcase name="test_get_items_exclude_query" class="WP_Test_REST_Categories_Controller" file="/Users/msaari/wordpress-develop/tests/phpunit/tests/rest-api/rest-categories-controller.php" line="274" assertions="45" time="0.016545"/>
      <testcase name="test_get_items_orderby_args" class="WP_Test_REST_Categories_Controller" file="/Users/msaari/wordpress-develop/tests/phpunit/tests/rest-api/rest-categories-controller.php" line="289" assertions="39" time="0.017288"/>
      <testcase name="test_get_items_orderby_id" class="WP_Test_REST_Categories_Controller" file="/Users/msaari/wordpress-develop/tests/phpunit/tests/rest-api/rest-categories-controller.php" line="318" assertions="84" time="0.022121"/>
      <testcase name="test_get_items_orderby_slugs" class="WP_Test_REST_Categories_Controller" file="/Users/msaari/wordpress-develop/tests/phpunit/tests/rest-api/rest-categories-controller.php" line="353" assertions="36" time="0.017995"/>
      <testcase name="test_get_items_post_args" class="WP_Test_REST_Categories_Controller" file="/Users/msaari/wordpress-develop/tests/phpunit/tests/rest-api/rest-categories-controller.php" line="394" assertions="35" time="0.031044"/>
      <testcase name="test_get_items_post_ordered_by_description" class="WP_Test_REST_Categories_Controller" file="/Users/msaari/wordpress-develop/tests/phpunit/tests/rest-api/rest-categories-controller.php" line="410" assertions="51" time="0.032442"/>
      <testcase name="test_get_items_post_ordered_by_id" class="WP_Test_REST_Categories_Controller" file="/Users/msaari/wordpress-develop/tests/phpunit/tests/rest-api/rest-categories-controller.php" line="436" assertions="35" time="0.030074"/>
      <testcase name="test_get_items_custom_tax_post_args" class="WP_Test_REST_Categories_Controller" file="/Users/msaari/wordpress-develop/tests/phpunit/tests/rest-api/rest-categories-controller.php" line="451" assertions="31" time="0.040572"/>
      <testcase name="test_get_items_search_args" class="WP_Test_REST_Categories_Controller" file="/Users/msaari/wordpress-develop/tests/phpunit/tests/rest-api/rest-categories-controller.php" line="486" assertions="30" time="0.015775"/>
      <testcase name="test_get_items_slug_arg" class="WP_Test_REST_Categories_Controller" file="/Users/msaari/wordpress-develop/tests/phpunit/tests/rest-api/rest-categories-controller.php" line="508" assertions="27" time="0.013526"/>
      <testcase name="test_get_terms_parent_arg" class="WP_Test_REST_Categories_Controller" file="/Users/msaari/wordpress-develop/tests/phpunit/tests/rest-api/rest-categories-controller.php" line="520" assertions="27" time="0.013915"/>
      <testcase name="test_get_terms_invalid_parent_arg" class="WP_Test_REST_Categories_Controller" file="/Users/msaari/wordpress-develop/tests/phpunit/tests/rest-api/rest-categories-controller.php" line="536" assertions="23" time="0.010984"/>
      <testcase name="test_get_terms_private_taxonomy" class="WP_Test_REST_Categories_Controller" file="/Users/msaari/wordpress-develop/tests/phpunit/tests/rest-api/rest-categories-controller.php" line="550" assertions="23" time="0.009012"/>
      <testcase name="test_get_terms_invalid_taxonomy" class="WP_Test_REST_Categories_Controller" file="/Users/msaari/wordpress-develop/tests/phpunit/tests/rest-api/rest-categories-controller.php" line="570" assertions="23" time="0.004369"/>
      <testcase name="test_get_terms_pagination_headers" class="WP_Test_REST_Categories_Controller" file="/Users/msaari/wordpress-develop/tests/phpunit/tests/rest-api/rest-categories-controller.php" line="576" assertions="132" time="0.193865"/>
      <testcase name="test_get_items_per_page_exceeds_number_of_items" class="WP_Test_REST_Categories_Controller" file="/Users/msaari/wordpress-develop/tests/phpunit/tests/rest-api/rest-categories-controller.php" line="660" assertions="99" time="0.066290"/>
      <testcase name="test_get_item" class="WP_Test_REST_Categories_Controller" file="/Users/msaari/wordpress-develop/tests/phpunit/tests/rest-api/rest-categories-controller.php" line="687" assertions="35" time="0.005789"/>
      <testcase name="test_get_item_meta" class="WP_Test_REST_Categories_Controller" file="/Users/msaari/wordpress-develop/tests/phpunit/tests/rest-api/rest-categories-controller.php" line="693" assertions="32" time="0.018076"/>
      <testcase name="test_get_item_meta_registered_for_different_taxonomy" class="WP_Test_REST_Categories_Controller" file="/Users/msaari/wordpress-develop/tests/phpunit/tests/rest-api/rest-categories-controller.php" line="710" assertions="26" time="0.004956"/>
      <testcase name="test_get_term_invalid_taxonomy" class="WP_Test_REST_Categories_Controller" file="/Users/msaari/wordpress-develop/tests/phpunit/tests/rest-api/rest-categories-controller.php" line="721" assertions="23" time="0.004584"/>
      <testcase name="test_get_term_invalid_term" class="WP_Test_REST_Categories_Controller" file="/Users/msaari/wordpress-develop/tests/phpunit/tests/rest-api/rest-categories-controller.php" line="727" assertions="23" time="0.006138"/>
      <testcase name="test_get_item_invalid_permission_for_context" class="WP_Test_REST_Categories_Controller" file="/Users/msaari/wordpress-develop/tests/phpunit/tests/rest-api/rest-categories-controller.php" line="733" assertions="23" time="0.005070"/>
      <testcase name="test_get_term_private_taxonomy" class="WP_Test_REST_Categories_Controller" file="/Users/msaari/wordpress-develop/tests/phpunit/tests/rest-api/rest-categories-controller.php" line="741" assertions="23" time="0.007233"/>
      <testcase name="test_get_item_incorrect_taxonomy" class="WP_Test_REST_Categories_Controller" file="/Users/msaari/wordpress-develop/tests/phpunit/tests/rest-api/rest-categories-controller.php" line="755" assertions="23" time="0.007714"/>
      <testcase name="test_create_item" class="WP_Test_REST_Categories_Controller" file="/Users/msaari/wordpress-develop/tests/phpunit/tests/rest-api/rest-categories-controller.php" line="768" assertions="29" time="0.009532"/>
      <testcase name="test_create_item_term_already_exists" class="WP_Test_REST_Categories_Controller" file="/Users/msaari/wordpress-develop/tests/phpunit/tests/rest-api/rest-categories-controller.php" line="787" assertions="22" time="0.016630"/>
      <testcase name="test_create_item_invalid_taxonomy" class="WP_Test_REST_Categories_Controller" file="/Users/msaari/wordpress-develop/tests/phpunit/tests/rest-api/rest-categories-controller.php" line="803" assertions="23" time="0.005072"/>
      <testcase name="test_create_item_incorrect_permissions" class="WP_Test_REST_Categories_Controller" file="/Users/msaari/wordpress-develop/tests/phpunit/tests/rest-api/rest-categories-controller.php" line="811" assertions="23" time="0.017369"/>
      <testcase name="test_create_item_incorrect_permissions_contributor" class="WP_Test_REST_Categories_Controller" file="/Users/msaari/wordpress-develop/tests/phpunit/tests/rest-api/rest-categories-controller.php" line="819" assertions="23" time="0.005067"/>
      <testcase name="test_create_item_missing_arguments" class="WP_Test_REST_Categories_Controller" file="/Users/msaari/wordpress-develop/tests/phpunit/tests/rest-api/rest-categories-controller.php" line="827" assertions="23" time="0.004711"/>
      <testcase name="test_create_item_with_parent" class="WP_Test_REST_Categories_Controller" file="/Users/msaari/wordpress-develop/tests/phpunit/tests/rest-api/rest-categories-controller.php" line="834" assertions="27" time="0.015297"/>
      <testcase name="test_create_item_invalid_parent" class="WP_Test_REST_Categories_Controller" file="/Users/msaari/wordpress-develop/tests/phpunit/tests/rest-api/rest-categories-controller.php" line="846" assertions="23" time="0.009778"/>
      <testcase name="test_update_item" class="WP_Test_REST_Categories_Controller" file="/Users/msaari/wordpress-develop/tests/phpunit/tests/rest-api/rest-categories-controller.php" line="857" assertions="30" time="0.014127"/>
      <testcase name="test_update_item_invalid_taxonomy" class="WP_Test_REST_Categories_Controller" file="/Users/msaari/wordpress-develop/tests/phpunit/tests/rest-api/rest-categories-controller.php" line="888" assertions="23" time="0.004739"/>
      <testcase name="test_update_item_invalid_term" class="WP_Test_REST_Categories_Controller" file="/Users/msaari/wordpress-develop/tests/phpunit/tests/rest-api/rest-categories-controller.php" line="896" assertions="23" time="0.005144"/>
      <testcase name="test_update_item_incorrect_permissions" class="WP_Test_REST_Categories_Controller" file="/Users/msaari/wordpress-develop/tests/phpunit/tests/rest-api/rest-categories-controller.php" line="904" assertions="23" time="0.008973"/>
      <testcase name="test_update_item_parent" class="WP_Test_REST_Categories_Controller" file="/Users/msaari/wordpress-develop/tests/phpunit/tests/rest-api/rest-categories-controller.php" line="913" assertions="26" time="0.016196"/>
      <testcase name="test_update_item_invalid_parent" class="WP_Test_REST_Categories_Controller" file="/Users/msaari/wordpress-develop/tests/phpunit/tests/rest-api/rest-categories-controller.php" line="927" assertions="23" time="0.008891"/>
      <testcase name="test_delete_item" class="WP_Test_REST_Categories_Controller" file="/Users/msaari/wordpress-develop/tests/phpunit/tests/rest-api/rest-categories-controller.php" line="937" assertions="26" time="0.028617"/>
      <testcase name="test_delete_item_no_trash" class="WP_Test_REST_Categories_Controller" file="/Users/msaari/wordpress-develop/tests/phpunit/tests/rest-api/rest-categories-controller.php" line="949" assertions="27" time="0.009714"/>
      <testcase name="test_delete_item_invalid_taxonomy" class="WP_Test_REST_Categories_Controller" file="/Users/msaari/wordpress-develop/tests/phpunit/tests/rest-api/rest-categories-controller.php" line="962" assertions="23" time="0.004908"/>
      <testcase name="test_delete_item_invalid_term" class="WP_Test_REST_Categories_Controller" file="/Users/msaari/wordpress-develop/tests/phpunit/tests/rest-api/rest-categories-controller.php" line="969" assertions="23" time="0.004880"/>
      <testcase name="test_delete_item_incorrect_permissions" class="WP_Test_REST_Categories_Controller" file="/Users/msaari/wordpress-develop/tests/phpunit/tests/rest-api/rest-categories-controller.php" line="976" assertions="23" time="0.009276"/>
      <testcase name="test_prepare_item" class="WP_Test_REST_Categories_Controller" file="/Users/msaari/wordpress-develop/tests/phpunit/tests/rest-api/rest-categories-controller.php" line="984" assertions="34" time="0.005485"/>
      <testcase name="test_prepare_item_limit_fields" class="WP_Test_REST_Categories_Controller" file="/Users/msaari/wordpress-develop/tests/phpunit/tests/rest-api/rest-categories-controller.php" line="994" assertions="24" time="0.004809"/>
      <testcase name="test_prepare_taxonomy_term_child" class="WP_Test_REST_Categories_Controller" file="/Users/msaari/wordpress-develop/tests/phpunit/tests/rest-api/rest-categories-controller.php" line="1009" assertions="38" time="0.009305"/>
      <testcase name="test_get_item_schema" class="WP_Test_REST_Categories_Controller" file="/Users/msaari/wordpress-develop/tests/phpunit/tests/rest-api/rest-categories-controller.php" line="1029" assertions="32" time="0.004395"/>
      <testcase name="test_get_additional_field_registration" class="WP_Test_REST_Categories_Controller" file="/Users/msaari/wordpress-develop/tests/phpunit/tests/rest-api/rest-categories-controller.php" line="1047" assertions="28" time="0.009496"/>
    </testsuite>
    <testsuite name="WP_Test_REST_Comments_Controller" file="/Users/msaari/wordpress-develop/tests/phpunit/tests/rest-api/rest-comments-controller.php" tests="136" assertions="3852" failures="0" errors="0" time="1.509183">
      <testcase name="test_register_routes" class="WP_Test_REST_Comments_Controller" file="/Users/msaari/wordpress-develop/tests/phpunit/tests/rest-api/rest-comments-controller.php" line="124" assertions="23" time="0.015930"/>
      <testcase name="test_context_param" class="WP_Test_REST_Comments_Controller" file="/Users/msaari/wordpress-develop/tests/phpunit/tests/rest-api/rest-comments-controller.php" line="133" assertions="25" time="0.004629"/>
      <testcase name="test_registered_query_params" class="WP_Test_REST_Comments_Controller" file="/Users/msaari/wordpress-develop/tests/phpunit/tests/rest-api/rest-comments-controller.php" line="148" assertions="22" time="0.004144"/>
      <testcase name="test_get_items" class="WP_Test_REST_Comments_Controller" file="/Users/msaari/wordpress-develop/tests/phpunit/tests/rest-api/rest-comments-controller.php" line="181" assertions="43" time="0.020971"/>
      <testcase name="test_get_items_with_password" class="WP_Test_REST_Comments_Controller" file="/Users/msaari/wordpress-develop/tests/phpunit/tests/rest-api/rest-comments-controller.php" line="197" assertions="25" time="0.008489"/>
      <testcase name="test_get_items_with_password_without_post" class="WP_Test_REST_Comments_Controller" file="/Users/msaari/wordpress-develop/tests/phpunit/tests/rest-api/rest-comments-controller.php" line="220" assertions="25" time="0.008211"/>
      <testcase name="test_get_items_with_password_with_multiple_post" class="WP_Test_REST_Comments_Controller" file="/Users/msaari/wordpress-develop/tests/phpunit/tests/rest-api/rest-comments-controller.php" line="241" assertions="23" time="0.007059"/>
      <testcase name="test_get_password_items_without_edit_post_permission" class="WP_Test_REST_Comments_Controller" file="/Users/msaari/wordpress-develop/tests/phpunit/tests/rest-api/rest-comments-controller.php" line="257" assertions="25" time="0.008213"/>
      <testcase name="test_get_password_items_with_edit_post_permission" class="WP_Test_REST_Comments_Controller" file="/Users/msaari/wordpress-develop/tests/phpunit/tests/rest-api/rest-comments-controller.php" line="275" assertions="28" time="0.009966"/>
      <testcase name="test_get_items_without_private_post_permission" class="WP_Test_REST_Comments_Controller" file="/Users/msaari/wordpress-develop/tests/phpunit/tests/rest-api/rest-comments-controller.php" line="293" assertions="25" time="0.008043"/>
      <testcase name="test_get_items_with_private_post_permission" class="WP_Test_REST_Comments_Controller" file="/Users/msaari/wordpress-develop/tests/phpunit/tests/rest-api/rest-comments-controller.php" line="311" assertions="28" time="0.024595"/>
      <testcase name="test_get_items_with_invalid_post" class="WP_Test_REST_Comments_Controller" file="/Users/msaari/wordpress-develop/tests/phpunit/tests/rest-api/rest-comments-controller.php" line="329" assertions="25" time="0.009628"/>
      <testcase name="test_get_items_with_invalid_post_permission" class="WP_Test_REST_Comments_Controller" file="/Users/msaari/wordpress-develop/tests/phpunit/tests/rest-api/rest-comments-controller.php" line="350" assertions="27" time="0.011722"/>
      <testcase name="test_get_items_no_permission_for_context" class="WP_Test_REST_Comments_Controller" file="/Users/msaari/wordpress-develop/tests/phpunit/tests/rest-api/rest-comments-controller.php" line="371" assertions="23" time="0.004521"/>
      <testcase name="test_get_items_no_post" class="WP_Test_REST_Comments_Controller" file="/Users/msaari/wordpress-develop/tests/phpunit/tests/rest-api/rest-comments-controller.php" line="379" assertions="26" time="0.009480"/>
      <testcase name="test_get_items_no_permission_for_no_post" class="WP_Test_REST_Comments_Controller" file="/Users/msaari/wordpress-develop/tests/phpunit/tests/rest-api/rest-comments-controller.php" line="390" assertions="23" time="0.004814"/>
      <testcase name="test_get_items_edit_context" class="WP_Test_REST_Comments_Controller" file="/Users/msaari/wordpress-develop/tests/phpunit/tests/rest-api/rest-comments-controller.php" line="398" assertions="24" time="0.007893"/>
      <testcase name="test_get_items_for_post" class="WP_Test_REST_Comments_Controller" file="/Users/msaari/wordpress-develop/tests/phpunit/tests/rest-api/rest-comments-controller.php" line="406" assertions="28" time="0.020519"/>
      <testcase name="test_get_items_include_query" class="WP_Test_REST_Comments_Controller" file="/Users/msaari/wordpress-develop/tests/phpunit/tests/rest-api/rest-comments-controller.php" line="424" assertions="45" time="0.015499"/>
      <testcase name="test_get_items_exclude_query" class="WP_Test_REST_Comments_Controller" file="/Users/msaari/wordpress-develop/tests/phpunit/tests/rest-api/rest-comments-controller.php" line="458" assertions="44" time="0.014535"/>
      <testcase name="test_get_items_offset_query" class="WP_Test_REST_Comments_Controller" file="/Users/msaari/wordpress-develop/tests/phpunit/tests/rest-api/rest-comments-controller.php" line="483" assertions="50" time="0.030526"/>
      <testcase name="test_get_items_order_query" class="WP_Test_REST_Comments_Controller" file="/Users/msaari/wordpress-develop/tests/phpunit/tests/rest-api/rest-comments-controller.php" line="510" assertions="51" time="0.016884"/>
      <testcase name="test_get_items_private_post_no_permissions" class="WP_Test_REST_Comments_Controller" file="/Users/msaari/wordpress-develop/tests/phpunit/tests/rest-api/rest-comments-controller.php" line="535" assertions="23" time="0.014755"/>
      <testcase name="test_get_items_author_arg" class="WP_Test_REST_Comments_Controller" file="/Users/msaari/wordpress-develop/tests/phpunit/tests/rest-api/rest-comments-controller.php" line="544" assertions="45" time="0.014335"/>
      <testcase name="test_get_items_author_exclude_arg" class="WP_Test_REST_Comments_Controller" file="/Users/msaari/wordpress-develop/tests/phpunit/tests/rest-api/rest-comments-controller.php" line="582" assertions="65" time="0.018119"/>
      <testcase name="test_get_items_parent_arg" class="WP_Test_REST_Comments_Controller" file="/Users/msaari/wordpress-develop/tests/phpunit/tests/rest-api/rest-comments-controller.php" line="627" assertions="60" time="0.019091"/>
      <testcase name="test_get_items_parent_exclude_arg" class="WP_Test_REST_Comments_Controller" file="/Users/msaari/wordpress-develop/tests/phpunit/tests/rest-api/rest-comments-controller.php" line="656" assertions="74" time="0.019862"/>
      <testcase name="test_get_items_search_query" class="WP_Test_REST_Comments_Controller" file="/Users/msaari/wordpress-develop/tests/phpunit/tests/rest-api/rest-comments-controller.php" line="685" assertions="39" time="0.015936"/>
      <testcase name="test_get_comments_pagination_headers" class="WP_Test_REST_Comments_Controller" file="/Users/msaari/wordpress-develop/tests/phpunit/tests/rest-api/rest-comments-controller.php" line="710" assertions="107" time="0.090466"/>
      <testcase name="test_get_comments_invalid_date" class="WP_Test_REST_Comments_Controller" file="/Users/msaari/wordpress-develop/tests/phpunit/tests/rest-api/rest-comments-controller.php" line="793" assertions="23" time="0.004739"/>
      <testcase name="test_get_comments_valid_date" class="WP_Test_REST_Comments_Controller" file="/Users/msaari/wordpress-develop/tests/phpunit/tests/rest-api/rest-comments-controller.php" line="801" assertions="25" time="0.024195"/>
      <testcase name="test_get_item" class="WP_Test_REST_Comments_Controller" file="/Users/msaari/wordpress-develop/tests/phpunit/tests/rest-api/rest-comments-controller.php" line="830" assertions="39" time="0.006873"/>
      <testcase name="test_prepare_item" class="WP_Test_REST_Comments_Controller" file="/Users/msaari/wordpress-develop/tests/phpunit/tests/rest-api/rest-comments-controller.php" line="840" assertions="39" time="0.008485"/>
      <testcase name="test_prepare_item_limit_fields" class="WP_Test_REST_Comments_Controller" file="/Users/msaari/wordpress-develop/tests/phpunit/tests/rest-api/rest-comments-controller.php" line="856" assertions="23" time="0.005448"/>
      <testcase name="test_get_comment_author_avatar_urls" class="WP_Test_REST_Comments_Controller" file="/Users/msaari/wordpress-develop/tests/phpunit/tests/rest-api/rest-comments-controller.php" line="873" assertions="26" time="0.005818"/>
      <testcase name="test_get_comment_invalid_id" class="WP_Test_REST_Comments_Controller" file="/Users/msaari/wordpress-develop/tests/phpunit/tests/rest-api/rest-comments-controller.php" line="891" assertions="23" time="0.004950"/>
      <testcase name="test_get_comment_invalid_context" class="WP_Test_REST_Comments_Controller" file="/Users/msaari/wordpress-develop/tests/phpunit/tests/rest-api/rest-comments-controller.php" line="898" assertions="23" time="0.005009"/>
      <testcase name="test_get_comment_invalid_post_id" class="WP_Test_REST_Comments_Controller" file="/Users/msaari/wordpress-develop/tests/phpunit/tests/rest-api/rest-comments-controller.php" line="906" assertions="23" time="0.008285"/>
      <testcase name="test_get_comment_invalid_post_id_as_admin" class="WP_Test_REST_Comments_Controller" file="/Users/msaari/wordpress-develop/tests/phpunit/tests/rest-api/rest-comments-controller.php" line="920" assertions="23" time="0.006327"/>
      <testcase name="test_get_comment_not_approved" class="WP_Test_REST_Comments_Controller" file="/Users/msaari/wordpress-develop/tests/phpunit/tests/rest-api/rest-comments-controller.php" line="934" assertions="23" time="0.005076"/>
      <testcase name="test_get_comment_not_approved_same_user" class="WP_Test_REST_Comments_Controller" file="/Users/msaari/wordpress-develop/tests/phpunit/tests/rest-api/rest-comments-controller.php" line="943" assertions="24" time="0.006461"/>
      <testcase name="test_get_comment_with_children_link" class="WP_Test_REST_Comments_Controller" file="/Users/msaari/wordpress-develop/tests/phpunit/tests/rest-api/rest-comments-controller.php" line="952" assertions="26" time="0.022574"/>
      <testcase name="test_get_comment_without_children_link" class="WP_Test_REST_Comments_Controller" file="/Users/msaari/wordpress-develop/tests/phpunit/tests/rest-api/rest-comments-controller.php" line="976" assertions="25" time="0.007740"/>
      <testcase name="test_get_comment_with_password_without_edit_post_permission" class="WP_Test_REST_Comments_Controller" file="/Users/msaari/wordpress-develop/tests/phpunit/tests/rest-api/rest-comments-controller.php" line="991" assertions="23" time="0.007618"/>
      <testcase name="test_get_comment_with_password_with_valid_password" class="WP_Test_REST_Comments_Controller" file="/Users/msaari/wordpress-develop/tests/phpunit/tests/rest-api/rest-comments-controller.php" line="1006" assertions="23" time="0.007589"/>
      <testcase name="test_create_item" class="WP_Test_REST_Comments_Controller" file="/Users/msaari/wordpress-develop/tests/phpunit/tests/rest-api/rest-comments-controller.php" line="1022" assertions="43" time="0.009085"/>
      <testsuite name="WP_Test_REST_Comments_Controller::test_create_comment_date" tests="4" assertions="116" failures="0" errors="0" time="0.039428">
        <testcase name="test_create_comment_date with data set &quot;set date without timezone&quot;" assertions="29" time="0.009812"/>
        <testcase name="test_create_comment_date with data set &quot;set date_gmt without timezone&quot;" assertions="29" time="0.010196"/>
        <testcase name="test_create_comment_date with data set &quot;set date with timezone&quot;" assertions="29" time="0.009787"/>
        <testcase name="test_create_comment_date with data set &quot;set date_gmt with timezone&quot;" assertions="29" time="0.009633"/>
      </testsuite>
      <testcase name="test_create_item_using_accepted_content_raw_value" class="WP_Test_REST_Comments_Controller" file="/Users/msaari/wordpress-develop/tests/phpunit/tests/rest-api/rest-comments-controller.php" line="1126" assertions="25" time="0.009345"/>
      <testcase name="test_create_item_error_from_filter" class="WP_Test_REST_Comments_Controller" file="/Users/msaari/wordpress-develop/tests/phpunit/tests/rest-api/rest-comments-controller.php" line="1151" assertions="23" time="0.020022"/>
      <testcase name="test_create_comment_missing_required_author_name" class="WP_Test_REST_Comments_Controller" file="/Users/msaari/wordpress-develop/tests/phpunit/tests/rest-api/rest-comments-controller.php" line="1177" assertions="23" time="0.006201"/>
      <testcase name="test_create_comment_empty_required_author_name" class="WP_Test_REST_Comments_Controller" file="/Users/msaari/wordpress-develop/tests/phpunit/tests/rest-api/rest-comments-controller.php" line="1196" assertions="23" time="0.005658"/>
      <testcase name="test_create_comment_missing_required_author_email" class="WP_Test_REST_Comments_Controller" file="/Users/msaari/wordpress-develop/tests/phpunit/tests/rest-api/rest-comments-controller.php" line="1216" assertions="23" time="0.006086"/>
      <testcase name="test_create_comment_empty_required_author_email" class="WP_Test_REST_Comments_Controller" file="/Users/msaari/wordpress-develop/tests/phpunit/tests/rest-api/rest-comments-controller.php" line="1234" assertions="23" time="0.005938"/>
      <testcase name="test_create_comment_author_email_too_short" class="WP_Test_REST_Comments_Controller" file="/Users/msaari/wordpress-develop/tests/phpunit/tests/rest-api/rest-comments-controller.php" line="1253" assertions="24" time="0.005215"/>
      <testcase name="test_create_item_invalid_no_content" class="WP_Test_REST_Comments_Controller" file="/Users/msaari/wordpress-develop/tests/phpunit/tests/rest-api/rest-comments-controller.php" line="1274" assertions="27" time="0.005301"/>
      <testcase name="test_create_item_invalid_date" class="WP_Test_REST_Comments_Controller" file="/Users/msaari/wordpress-develop/tests/phpunit/tests/rest-api/rest-comments-controller.php" line="1297" assertions="23" time="0.005275"/>
      <testcase name="test_create_item_assign_different_user" class="WP_Test_REST_Comments_Controller" file="/Users/msaari/wordpress-develop/tests/phpunit/tests/rest-api/rest-comments-controller.php" line="1318" assertions="27" time="0.022707"/>
      <testcase name="test_create_comment_without_type" class="WP_Test_REST_Comments_Controller" file="/Users/msaari/wordpress-develop/tests/phpunit/tests/rest-api/rest-comments-controller.php" line="1347" assertions="32" time="0.019514"/>
      <testcase name="test_create_comment_with_invalid_type" class="WP_Test_REST_Comments_Controller" file="/Users/msaari/wordpress-develop/tests/phpunit/tests/rest-api/rest-comments-controller.php" line="1384" assertions="23" time="0.028285"/>
      <testcase name="test_create_comment_invalid_email" class="WP_Test_REST_Comments_Controller" file="/Users/msaari/wordpress-develop/tests/phpunit/tests/rest-api/rest-comments-controller.php" line="1407" assertions="23" time="0.014530"/>
      <testcase name="test_create_item_current_user" class="WP_Test_REST_Comments_Controller" file="/Users/msaari/wordpress-develop/tests/phpunit/tests/rest-api/rest-comments-controller.php" line="1429" assertions="29" time="0.022257"/>
      <testcase name="test_create_comment_other_user" class="WP_Test_REST_Comments_Controller" file="/Users/msaari/wordpress-develop/tests/phpunit/tests/rest-api/rest-comments-controller.php" line="1465" assertions="29" time="0.009393"/>
      <testcase name="test_create_comment_other_user_without_permission" class="WP_Test_REST_Comments_Controller" file="/Users/msaari/wordpress-develop/tests/phpunit/tests/rest-api/rest-comments-controller.php" line="1490" assertions="23" time="0.005022"/>
      <testcase name="test_create_comment_invalid_post" class="WP_Test_REST_Comments_Controller" file="/Users/msaari/wordpress-develop/tests/phpunit/tests/rest-api/rest-comments-controller.php" line="1510" assertions="23" time="0.004603"/>
      <testcase name="test_create_comment_status_without_permission" class="WP_Test_REST_Comments_Controller" file="/Users/msaari/wordpress-develop/tests/phpunit/tests/rest-api/rest-comments-controller.php" line="1530" assertions="23" time="0.005197"/>
      <testcase name="test_create_comment_with_status_IP_and_user_agent" class="WP_Test_REST_Comments_Controller" file="/Users/msaari/wordpress-develop/tests/phpunit/tests/rest-api/rest-comments-controller.php" line="1551" assertions="27" time="0.019143"/>
      <testcase name="test_create_comment_user_agent_header" class="WP_Test_REST_Comments_Controller" file="/Users/msaari/wordpress-develop/tests/phpunit/tests/rest-api/rest-comments-controller.php" line="1579" assertions="25" time="0.008492"/>
      <testcase name="test_create_comment_author_ip" class="WP_Test_REST_Comments_Controller" file="/Users/msaari/wordpress-develop/tests/phpunit/tests/rest-api/rest-comments-controller.php" line="1604" assertions="24" time="0.009995"/>
      <testcase name="test_create_comment_invalid_author_IP" class="WP_Test_REST_Comments_Controller" file="/Users/msaari/wordpress-develop/tests/phpunit/tests/rest-api/rest-comments-controller.php" line="1625" assertions="23" time="0.005004"/>
      <testcase name="test_create_comment_author_ip_no_permission" class="WP_Test_REST_Comments_Controller" file="/Users/msaari/wordpress-develop/tests/phpunit/tests/rest-api/rest-comments-controller.php" line="1645" assertions="23" time="0.017536"/>
      <testcase name="test_create_comment_author_ip_defaults_to_remote_addr" class="WP_Test_REST_Comments_Controller" file="/Users/msaari/wordpress-develop/tests/phpunit/tests/rest-api/rest-comments-controller.php" line="1662" assertions="24" time="0.008792"/>
      <testcase name="test_create_comment_no_post_id" class="WP_Test_REST_Comments_Controller" file="/Users/msaari/wordpress-develop/tests/phpunit/tests/rest-api/rest-comments-controller.php" line="1681" assertions="23" time="0.005126"/>
      <testcase name="test_create_comment_no_post_id_no_permission" class="WP_Test_REST_Comments_Controller" file="/Users/msaari/wordpress-develop/tests/phpunit/tests/rest-api/rest-comments-controller.php" line="1700" assertions="23" time="0.005297"/>
      <testcase name="test_create_comment_invalid_post_id" class="WP_Test_REST_Comments_Controller" file="/Users/msaari/wordpress-develop/tests/phpunit/tests/rest-api/rest-comments-controller.php" line="1718" assertions="23" time="0.006633"/>
      <testcase name="test_create_comment_draft_post" class="WP_Test_REST_Comments_Controller" file="/Users/msaari/wordpress-develop/tests/phpunit/tests/rest-api/rest-comments-controller.php" line="1738" assertions="23" time="0.005534"/>
      <testcase name="test_create_comment_trash_post" class="WP_Test_REST_Comments_Controller" file="/Users/msaari/wordpress-develop/tests/phpunit/tests/rest-api/rest-comments-controller.php" line="1758" assertions="23" time="0.005638"/>
      <testcase name="test_create_comment_private_post_invalid_permission" class="WP_Test_REST_Comments_Controller" file="/Users/msaari/wordpress-develop/tests/phpunit/tests/rest-api/rest-comments-controller.php" line="1778" assertions="23" time="0.006248"/>
      <testcase name="test_create_comment_password_post_invalid_permission" class="WP_Test_REST_Comments_Controller" file="/Users/msaari/wordpress-develop/tests/phpunit/tests/rest-api/rest-comments-controller.php" line="1798" assertions="23" time="0.005014"/>
      <testcase name="test_create_item_duplicate" class="WP_Test_REST_Comments_Controller" file="/Users/msaari/wordpress-develop/tests/phpunit/tests/rest-api/rest-comments-controller.php" line="1817" assertions="20" time="0.009363"/>
      <testcase name="test_create_comment_closed" class="WP_Test_REST_Comments_Controller" file="/Users/msaari/wordpress-develop/tests/phpunit/tests/rest-api/rest-comments-controller.php" line="1843" assertions="20" time="0.027081"/>
      <testcase name="test_create_comment_require_login" class="WP_Test_REST_Comments_Controller" file="/Users/msaari/wordpress-develop/tests/phpunit/tests/rest-api/rest-comments-controller.php" line="1863" assertions="21" time="0.005604"/>
      <testcase name="test_create_item_invalid_author" class="WP_Test_REST_Comments_Controller" file="/Users/msaari/wordpress-develop/tests/phpunit/tests/rest-api/rest-comments-controller.php" line="1875" assertions="23" time="0.005615"/>
      <testcase name="test_create_item_pull_author_info" class="WP_Test_REST_Comments_Controller" file="/Users/msaari/wordpress-develop/tests/phpunit/tests/rest-api/rest-comments-controller.php" line="1892" assertions="28" time="0.008802"/>
      <testcase name="test_create_comment_two_times" class="WP_Test_REST_Comments_Controller" file="/Users/msaari/wordpress-develop/tests/phpunit/tests/rest-api/rest-comments-controller.php" line="1915" assertions="25" time="0.009239"/>
      <testcase name="test_allow_anonymous_comments_null" class="WP_Test_REST_Comments_Controller" file="/Users/msaari/wordpress-develop/tests/phpunit/tests/rest-api/rest-comments-controller.php" line="1954" assertions="23" time="0.004661"/>
      <testcase name="test_create_comment_author_name_too_long" class="WP_Test_REST_Comments_Controller" file="/Users/msaari/wordpress-develop/tests/phpunit/tests/rest-api/rest-comments-controller.php" line="1979" assertions="23" time="0.005802"/>
      <testcase name="test_create_comment_author_email_too_long" class="WP_Test_REST_Comments_Controller" file="/Users/msaari/wordpress-develop/tests/phpunit/tests/rest-api/rest-comments-controller.php" line="2002" assertions="23" time="0.005079"/>
      <testcase name="test_create_comment_author_url_too_long" class="WP_Test_REST_Comments_Controller" file="/Users/msaari/wordpress-develop/tests/phpunit/tests/rest-api/rest-comments-controller.php" line="2025" assertions="23" time="0.005031"/>
      <testcase name="test_create_comment_content_too_long" class="WP_Test_REST_Comments_Controller" file="/Users/msaari/wordpress-develop/tests/phpunit/tests/rest-api/rest-comments-controller.php" line="2048" assertions="23" time="0.013238"/>
      <testcase name="test_create_comment_without_password" class="WP_Test_REST_Comments_Controller" file="/Users/msaari/wordpress-develop/tests/phpunit/tests/rest-api/rest-comments-controller.php" line="2068" assertions="23" time="0.017642"/>
      <testcase name="test_create_comment_with_password" class="WP_Test_REST_Comments_Controller" file="/Users/msaari/wordpress-develop/tests/phpunit/tests/rest-api/rest-comments-controller.php" line="2087" assertions="24" time="0.010609"/>
      <testcase name="test_update_item" class="WP_Test_REST_Comments_Controller" file="/Users/msaari/wordpress-develop/tests/phpunit/tests/rest-api/rest-comments-controller.php" line="2106" assertions="33" time="0.017616"/>
      <testsuite name="WP_Test_REST_Comments_Controller::test_update_comment_date" tests="4" assertions="104" failures="0" errors="0" time="0.035480">
        <testcase name="test_update_comment_date with data set &quot;set date without timezone&quot;" assertions="26" time="0.008648"/>
        <testcase name="test_update_comment_date with data set &quot;set date_gmt without timezone&quot;" assertions="26" time="0.009111"/>
        <testcase name="test_update_comment_date with data set &quot;set date with timezone&quot;" assertions="26" time="0.008291"/>
        <testcase name="test_update_comment_date with data set &quot;set date_gmt with timezone&quot;" assertions="26" time="0.009430"/>
      </testsuite>
      <testcase name="test_update_item_no_content" class="WP_Test_REST_Comments_Controller" file="/Users/msaari/wordpress-develop/tests/phpunit/tests/rest-api/rest-comments-controller.php" line="2175" assertions="27" time="0.018388"/>
      <testcase name="test_update_item_no_change" class="WP_Test_REST_Comments_Controller" file="/Users/msaari/wordpress-develop/tests/phpunit/tests/rest-api/rest-comments-controller.php" line="2194" assertions="27" time="0.011218"/>
      <testcase name="test_update_comment_status" class="WP_Test_REST_Comments_Controller" file="/Users/msaari/wordpress-develop/tests/phpunit/tests/rest-api/rest-comments-controller.php" line="2210" assertions="25" time="0.009700"/>
      <testcase name="test_update_comment_field_does_not_use_default_values" class="WP_Test_REST_Comments_Controller" file="/Users/msaari/wordpress-develop/tests/phpunit/tests/rest-api/rest-comments-controller.php" line="2236" assertions="26" time="0.010584"/>
      <testcase name="test_update_comment_date_gmt" class="WP_Test_REST_Comments_Controller" file="/Users/msaari/wordpress-develop/tests/phpunit/tests/rest-api/rest-comments-controller.php" line="2264" assertions="25" time="0.020916"/>
      <testcase name="test_update_comment_author_email_only" class="WP_Test_REST_Comments_Controller" file="/Users/msaari/wordpress-develop/tests/phpunit/tests/rest-api/rest-comments-controller.php" line="2284" assertions="23" time="0.008879"/>
      <testcase name="test_update_comment_empty_author_name" class="WP_Test_REST_Comments_Controller" file="/Users/msaari/wordpress-develop/tests/phpunit/tests/rest-api/rest-comments-controller.php" line="2302" assertions="23" time="0.008156"/>
      <testcase name="test_update_comment_author_name_only" class="WP_Test_REST_Comments_Controller" file="/Users/msaari/wordpress-develop/tests/phpunit/tests/rest-api/rest-comments-controller.php" line="2321" assertions="23" time="0.008993"/>
      <testcase name="test_update_comment_empty_author_email" class="WP_Test_REST_Comments_Controller" file="/Users/msaari/wordpress-develop/tests/phpunit/tests/rest-api/rest-comments-controller.php" line="2339" assertions="23" time="0.008245"/>
      <testcase name="test_update_comment_author_email_too_short" class="WP_Test_REST_Comments_Controller" file="/Users/msaari/wordpress-develop/tests/phpunit/tests/rest-api/rest-comments-controller.php" line="2358" assertions="24" time="0.005295"/>
      <testcase name="test_update_comment_invalid_type" class="WP_Test_REST_Comments_Controller" file="/Users/msaari/wordpress-develop/tests/phpunit/tests/rest-api/rest-comments-controller.php" line="2378" assertions="23" time="0.005229"/>
      <testcase name="test_update_comment_with_raw_property" class="WP_Test_REST_Comments_Controller" file="/Users/msaari/wordpress-develop/tests/phpunit/tests/rest-api/rest-comments-controller.php" line="2392" assertions="24" time="0.007771"/>
      <testcase name="test_update_item_invalid_date" class="WP_Test_REST_Comments_Controller" file="/Users/msaari/wordpress-develop/tests/phpunit/tests/rest-api/rest-comments-controller.php" line="2413" assertions="23" time="0.005277"/>
      <testcase name="test_update_item_invalid_date_gmt" class="WP_Test_REST_Comments_Controller" file="/Users/msaari/wordpress-develop/tests/phpunit/tests/rest-api/rest-comments-controller.php" line="2429" assertions="23" time="0.004728"/>
      <testcase name="test_update_comment_invalid_id" class="WP_Test_REST_Comments_Controller" file="/Users/msaari/wordpress-develop/tests/phpunit/tests/rest-api/rest-comments-controller.php" line="2445" assertions="23" time="0.017367"/>
      <testcase name="test_update_comment_invalid_post_id" class="WP_Test_REST_Comments_Controller" file="/Users/msaari/wordpress-develop/tests/phpunit/tests/rest-api/rest-comments-controller.php" line="2459" assertions="23" time="0.005965"/>
      <testcase name="test_update_comment_invalid_permission" class="WP_Test_REST_Comments_Controller" file="/Users/msaari/wordpress-develop/tests/phpunit/tests/rest-api/rest-comments-controller.php" line="2469" assertions="23" time="0.005146"/>
      <testcase name="test_update_comment_private_post_invalid_permission" class="WP_Test_REST_Comments_Controller" file="/Users/msaari/wordpress-develop/tests/phpunit/tests/rest-api/rest-comments-controller.php" line="2483" assertions="23" time="0.008388"/>
      <testcase name="test_update_comment_with_children_link" class="WP_Test_REST_Comments_Controller" file="/Users/msaari/wordpress-develop/tests/phpunit/tests/rest-api/rest-comments-controller.php" line="2505" assertions="38" time="0.013414"/>
      <testcase name="test_update_comment_author_name_too_long" class="WP_Test_REST_Comments_Controller" file="/Users/msaari/wordpress-develop/tests/phpunit/tests/rest-api/rest-comments-controller.php" line="2546" assertions="23" time="0.006093"/>
      <testcase name="test_update_comment_author_email_too_long" class="WP_Test_REST_Comments_Controller" file="/Users/msaari/wordpress-develop/tests/phpunit/tests/rest-api/rest-comments-controller.php" line="2565" assertions="23" time="0.005402"/>
      <testcase name="test_update_comment_author_url_too_long" class="WP_Test_REST_Comments_Controller" file="/Users/msaari/wordpress-develop/tests/phpunit/tests/rest-api/rest-comments-controller.php" line="2584" assertions="23" time="0.005098"/>
      <testcase name="test_update_comment_content_too_long" class="WP_Test_REST_Comments_Controller" file="/Users/msaari/wordpress-develop/tests/phpunit/tests/rest-api/rest-comments-controller.php" line="2603" assertions="23" time="0.013194"/>
      <testcase name="test_comment_roundtrip_as_editor" class="WP_Test_REST_Comments_Controller" file="/Users/msaari/wordpress-develop/tests/phpunit/tests/rest-api/rest-comments-controller.php" line="2669" assertions="45" time="0.013509"/>
      <testcase name="test_comment_roundtrip_as_editor_unfiltered_html" class="WP_Test_REST_Comments_Controller" file="/Users/msaari/wordpress-develop/tests/phpunit/tests/rest-api/rest-comments-controller.php" line="2689" assertions="45" time="0.024834"/>
      <testcase name="test_comment_roundtrip_as_superadmin" class="WP_Test_REST_Comments_Controller" file="/Users/msaari/wordpress-develop/tests/phpunit/tests/rest-api/rest-comments-controller.php" line="2728" assertions="45" time="0.011987"/>
      <testcase name="test_comment_roundtrip_as_superadmin_unfiltered_html" class="WP_Test_REST_Comments_Controller" file="/Users/msaari/wordpress-develop/tests/phpunit/tests/rest-api/rest-comments-controller.php" line="2748" assertions="45" time="0.011040"/>
      <testcase name="test_delete_item" class="WP_Test_REST_Comments_Controller" file="/Users/msaari/wordpress-develop/tests/phpunit/tests/rest-api/rest-comments-controller.php" line="2768" assertions="25" time="0.010198"/>
      <testcase name="test_delete_item_skip_trash" class="WP_Test_REST_Comments_Controller" file="/Users/msaari/wordpress-develop/tests/phpunit/tests/rest-api/rest-comments-controller.php" line="2788" assertions="26" time="0.009727"/>
      <testcase name="test_delete_item_already_trashed" class="WP_Test_REST_Comments_Controller" file="/Users/msaari/wordpress-develop/tests/phpunit/tests/rest-api/rest-comments-controller.php" line="2808" assertions="28" time="0.010293"/>
      <testcase name="test_delete_comment_invalid_id" class="WP_Test_REST_Comments_Controller" file="/Users/msaari/wordpress-develop/tests/phpunit/tests/rest-api/rest-comments-controller.php" line="2826" assertions="23" time="0.005428"/>
      <testcase name="test_delete_comment_without_permission" class="WP_Test_REST_Comments_Controller" file="/Users/msaari/wordpress-develop/tests/phpunit/tests/rest-api/rest-comments-controller.php" line="2835" assertions="23" time="0.005266"/>
      <testcase name="test_delete_child_comment_link" class="WP_Test_REST_Comments_Controller" file="/Users/msaari/wordpress-develop/tests/phpunit/tests/rest-api/rest-comments-controller.php" line="2844" assertions="31" time="0.012229"/>
      <testcase name="test_get_item_schema" class="WP_Test_REST_Comments_Controller" file="/Users/msaari/wordpress-develop/tests/phpunit/tests/rest-api/rest-comments-controller.php" line="2874" assertions="43" time="0.004338"/>
      <testcase name="test_get_item_schema_show_avatar" class="WP_Test_REST_Comments_Controller" file="/Users/msaari/wordpress-develop/tests/phpunit/tests/rest-api/rest-comments-controller.php" line="2905" assertions="22" time="0.006255"/>
      <testcase name="test_get_additional_field_registration" class="WP_Test_REST_Comments_Controller" file="/Users/msaari/wordpress-develop/tests/phpunit/tests/rest-api/rest-comments-controller.php" line="2915" assertions="37" time="0.028303"/>
      <testcase name="test_additional_field_update_errors" class="WP_Test_REST_Comments_Controller" file="/Users/msaari/wordpress-develop/tests/phpunit/tests/rest-api/rest-comments-controller.php" line="2977" assertions="23" time="0.007932"/>
    </testsuite>
    <testsuite name="WP_Test_REST_Controller" file="/Users/msaari/wordpress-develop/tests/phpunit/tests/rest-api/rest-controller.php" tests="10" assertions="42" failures="0" errors="0" time="0.027265">
      <testcase name="test_validate_schema_type_integer" class="WP_Test_REST_Controller" file="/Users/msaari/wordpress-develop/tests/phpunit/tests/rest-api/rest-controller.php" line="47" assertions="3" time="0.002152"/>
      <testcase name="test_validate_schema_type_boolean" class="WP_Test_REST_Controller" file="/Users/msaari/wordpress-develop/tests/phpunit/tests/rest-api/rest-controller.php" line="59" assertions="20" time="0.003029"/>
      <testcase name="test_validate_schema_type_string" class="WP_Test_REST_Controller" file="/Users/msaari/wordpress-develop/tests/phpunit/tests/rest-api/rest-controller.php" line="133" assertions="3" time="0.003439"/>
      <testcase name="test_validate_schema_enum" class="WP_Test_REST_Controller" file="/Users/msaari/wordpress-develop/tests/phpunit/tests/rest-api/rest-controller.php" line="145" assertions="3" time="0.003045"/>
      <testcase name="test_validate_schema_format_email" class="WP_Test_REST_Controller" file="/Users/msaari/wordpress-develop/tests/phpunit/tests/rest-api/rest-controller.php" line="157" assertions="3" time="0.002551"/>
      <testcase name="test_validate_schema_format_date_time" class="WP_Test_REST_Controller" file="/Users/msaari/wordpress-develop/tests/phpunit/tests/rest-api/rest-controller.php" line="169" assertions="3" time="0.002550"/>
      <testcase name="test_get_endpoint_args_for_item_schema_description" class="WP_Test_REST_Controller" file="/Users/msaari/wordpress-develop/tests/phpunit/tests/rest-api/rest-controller.php" line="181" assertions="2" time="0.002531"/>
      <testcase name="test_get_endpoint_args_for_item_schema_arg_options" class="WP_Test_REST_Controller" file="/Users/msaari/wordpress-develop/tests/phpunit/tests/rest-api/rest-controller.php" line="188" assertions="2" time="0.002891"/>
      <testcase name="test_get_endpoint_args_for_item_schema_default_value" class="WP_Test_REST_Controller" file="/Users/msaari/wordpress-develop/tests/phpunit/tests/rest-api/rest-controller.php" line="197" assertions="1" time="0.002744"/>
      <testcase name="test_get_fields_for_response" class="WP_Test_REST_Controller" file="/Users/msaari/wordpress-develop/tests/phpunit/tests/rest-api/rest-controller.php" line="206" assertions="2" time="0.002333"/>
    </testsuite>
    <testsuite name="WP_Test_REST_Pages_Controller" file="/Users/msaari/wordpress-develop/tests/phpunit/tests/rest-api/rest-pages-controller.php" tests="32" assertions="1319" failures="0" errors="0" time="0.424859">
      <testcase name="test_register_routes" class="WP_Test_REST_Pages_Controller" file="/Users/msaari/wordpress-develop/tests/phpunit/tests/rest-api/rest-pages-controller.php" line="39" assertions="28" time="0.004822"/>
      <testcase name="test_context_param" class="WP_Test_REST_Pages_Controller" file="/Users/msaari/wordpress-develop/tests/phpunit/tests/rest-api/rest-pages-controller.php" line="47" assertions="32" time="0.008648"/>
      <testcase name="test_registered_query_params" class="WP_Test_REST_Pages_Controller" file="/Users/msaari/wordpress-develop/tests/phpunit/tests/rest-api/rest-pages-controller.php" line="63" assertions="28" time="0.005883"/>
      <testcase name="test_get_items" class="WP_Test_REST_Pages_Controller" file="/Users/msaari/wordpress-develop/tests/phpunit/tests/rest-api/rest-pages-controller.php" line="94" assertions="37" time="0.012280"/>
      <testcase name="test_get_items_parent_query" class="WP_Test_REST_Pages_Controller" file="/Users/msaari/wordpress-develop/tests/phpunit/tests/rest-api/rest-pages-controller.php" line="114" assertions="64" time="0.015352"/>
      <testcase name="test_get_items_parents_query" class="WP_Test_REST_Pages_Controller" file="/Users/msaari/wordpress-develop/tests/phpunit/tests/rest-api/rest-pages-controller.php" line="145" assertions="89" time="0.023841"/>
      <testcase name="test_get_items_parent_exclude_query" class="WP_Test_REST_Pages_Controller" file="/Users/msaari/wordpress-develop/tests/phpunit/tests/rest-api/rest-pages-controller.php" line="185" assertions="63" time="0.016013"/>
      <testcase name="test_get_items_menu_order_query" class="WP_Test_REST_Pages_Controller" file="/Users/msaari/wordpress-develop/tests/phpunit/tests/rest-api/rest-pages-controller.php" line="216" assertions="121" time="0.027720"/>
      <testcase name="test_get_items_min_max_pages_query" class="WP_Test_REST_Pages_Controller" file="/Users/msaari/wordpress-develop/tests/phpunit/tests/rest-api/rest-pages-controller.php" line="271" assertions="34" time="0.017610"/>
      <testcase name="test_get_items_private_filter_query_var" class="WP_Test_REST_Pages_Controller" file="/Users/msaari/wordpress-develop/tests/phpunit/tests/rest-api/rest-pages-controller.php" line="288" assertions="41" time="0.013214"/>
      <testcase name="test_get_items_invalid_date" class="WP_Test_REST_Pages_Controller" file="/Users/msaari/wordpress-develop/tests/phpunit/tests/rest-api/rest-pages-controller.php" line="316" assertions="28" time="0.005699"/>
      <testcase name="test_get_items_valid_date" class="WP_Test_REST_Pages_Controller" file="/Users/msaari/wordpress-develop/tests/phpunit/tests/rest-api/rest-pages-controller.php" line="324" assertions="37" time="0.015365"/>
      <testcase name="test_get_item" class="WP_Test_REST_Pages_Controller" file="/Users/msaari/wordpress-develop/tests/phpunit/tests/rest-api/rest-pages-controller.php" line="352" assertions="24" time="0.005048"/>
      <testcase name="test_get_item_invalid_post_type" class="WP_Test_REST_Pages_Controller" file="/Users/msaari/wordpress-develop/tests/phpunit/tests/rest-api/rest-pages-controller.php" line="356" assertions="25" time="0.015532"/>
      <testcase name="test_create_item" class="WP_Test_REST_Pages_Controller" file="/Users/msaari/wordpress-develop/tests/phpunit/tests/rest-api/rest-pages-controller.php" line="363" assertions="24" time="0.005289"/>
      <testcase name="test_create_item_with_template" class="WP_Test_REST_Pages_Controller" file="/Users/msaari/wordpress-develop/tests/phpunit/tests/rest-api/rest-pages-controller.php" line="367" assertions="40" time="0.012666"/>
      <testcase name="test_create_page_with_parent" class="WP_Test_REST_Pages_Controller" file="/Users/msaari/wordpress-develop/tests/phpunit/tests/rest-api/rest-pages-controller.php" line="385" assertions="43" time="0.018978"/>
      <testcase name="test_create_page_with_invalid_parent" class="WP_Test_REST_Pages_Controller" file="/Users/msaari/wordpress-develop/tests/phpunit/tests/rest-api/rest-pages-controller.php" line="413" assertions="29" time="0.005705"/>
      <testcase name="test_update_item" class="WP_Test_REST_Pages_Controller" file="/Users/msaari/wordpress-develop/tests/phpunit/tests/rest-api/rest-pages-controller.php" line="428" assertions="24" time="0.018836"/>
      <testcase name="test_delete_item" class="WP_Test_REST_Pages_Controller" file="/Users/msaari/wordpress-develop/tests/phpunit/tests/rest-api/rest-pages-controller.php" line="432" assertions="37" time="0.017242"/>
      <testcase name="test_prepare_item" class="WP_Test_REST_Pages_Controller" file="/Users/msaari/wordpress-develop/tests/phpunit/tests/rest-api/rest-pages-controller.php" line="451" assertions="24" time="0.004648"/>
      <testcase name="test_prepare_item_limit_fields" class="WP_Test_REST_Pages_Controller" file="/Users/msaari/wordpress-develop/tests/phpunit/tests/rest-api/rest-pages-controller.php" line="455" assertions="35" time="0.008635"/>
      <testcase name="test_get_pages_params" class="WP_Test_REST_Pages_Controller" file="/Users/msaari/wordpress-develop/tests/phpunit/tests/rest-api/rest-pages-controller.php" line="478" assertions="70" time="0.028666"/>
      <testcase name="test_update_page_menu_order" class="WP_Test_REST_Pages_Controller" file="/Users/msaari/wordpress-develop/tests/phpunit/tests/rest-api/rest-pages-controller.php" line="508" assertions="38" time="0.015058"/>
      <testcase name="test_update_page_menu_order_to_zero" class="WP_Test_REST_Pages_Controller" file="/Users/msaari/wordpress-develop/tests/phpunit/tests/rest-api/rest-pages-controller.php" line="531" assertions="38" time="0.014883"/>
      <testcase name="test_update_page_parent_non_zero" class="WP_Test_REST_Pages_Controller" file="/Users/msaari/wordpress-develop/tests/phpunit/tests/rest-api/rest-pages-controller.php" line="555" assertions="39" time="0.016973"/>
      <testcase name="test_update_page_parent_zero" class="WP_Test_REST_Pages_Controller" file="/Users/msaari/wordpress-develop/tests/phpunit/tests/rest-api/rest-pages-controller.php" line="578" assertions="38" time="0.017269"/>
      <testcase name="test_get_page_with_password" class="WP_Test_REST_Pages_Controller" file="/Users/msaari/wordpress-develop/tests/phpunit/tests/rest-api/rest-pages-controller.php" line="602" assertions="37" time="0.009053"/>
      <testcase name="test_get_page_with_password_using_password" class="WP_Test_REST_Pages_Controller" file="/Users/msaari/wordpress-develop/tests/phpunit/tests/rest-api/rest-pages-controller.php" line="620" assertions="37" time="0.009363"/>
      <testcase name="test_get_page_with_password_using_incorrect_password" class="WP_Test_REST_Pages_Controller" file="/Users/msaari/wordpress-develop/tests/phpunit/tests/rest-api/rest-pages-controller.php" line="642" assertions="28" time="0.020370"/>
      <testcase name="test_get_page_with_password_without_permission" class="WP_Test_REST_Pages_Controller" file="/Users/msaari/wordpress-develop/tests/phpunit/tests/rest-api/rest-pages-controller.php" line="658" assertions="37" time="0.009394"/>
      <testcase name="test_get_item_schema" class="WP_Test_REST_Pages_Controller" file="/Users/msaari/wordpress-develop/tests/phpunit/tests/rest-api/rest-pages-controller.php" line="676" assertions="50" time="0.004805"/>
    </testsuite>
    <testsuite name="WP_Test_REST_Post_Meta_Fields" file="/Users/msaari/wordpress-develop/tests/phpunit/tests/rest-api/rest-post-meta-fields.php" tests="50" assertions="262" failures="0" errors="0" time="1.341415">
      <testcase name="test_get_value" class="WP_Test_REST_Post_Meta_Fields" file="/Users/msaari/wordpress-develop/tests/phpunit/tests/rest-api/rest-post-meta-fields.php" line="211" assertions="4" time="0.012225"/>
      <testcase name="test_get_multi_value" class="WP_Test_REST_Post_Meta_Fields" file="/Users/msaari/wordpress-develop/tests/phpunit/tests/rest-api/rest-post-meta-fields.php" line="230" assertions="7" time="0.011120"/>
      <testcase name="test_get_unregistered" class="WP_Test_REST_Post_Meta_Fields" file="/Users/msaari/wordpress-develop/tests/phpunit/tests/rest-api/rest-post-meta-fields.php" line="257" assertions="2" time="0.008755"/>
      <testcase name="test_get_registered_no_api_access" class="WP_Test_REST_Post_Meta_Fields" file="/Users/msaari/wordpress-develop/tests/phpunit/tests/rest-api/rest-post-meta-fields.php" line="272" assertions="2" time="0.008826"/>
      <testcase name="test_get_registered_api_disabled" class="WP_Test_REST_Post_Meta_Fields" file="/Users/msaari/wordpress-develop/tests/phpunit/tests/rest-api/rest-post-meta-fields.php" line="287" assertions="2" time="0.009082"/>
      <testcase name="test_get_value_types" class="WP_Test_REST_Post_Meta_Fields" file="/Users/msaari/wordpress-develop/tests/phpunit/tests/rest-api/rest-post-meta-fields.php" line="299" assertions="10" time="0.025048"/>
      <testcase name="test_get_value_custom_name" class="WP_Test_REST_Post_Meta_Fields" file="/Users/msaari/wordpress-develop/tests/phpunit/tests/rest-api/rest-post-meta-fields.php" line="357" assertions="4" time="0.012349"/>
      <testcase name="test_set_value" class="WP_Test_REST_Post_Meta_Fields" file="/Users/msaari/wordpress-develop/tests/phpunit/tests/rest-api/rest-post-meta-fields.php" line="376" assertions="7" time="0.041042"/>
      <testcase name="test_set_duplicate_single_value" class="WP_Test_REST_Post_Meta_Fields" file="/Users/msaari/wordpress-develop/tests/phpunit/tests/rest-api/rest-post-meta-fields.php" line="408" assertions="6" time="0.041463"/>
      <testcase name="test_set_value_unauthenticated" class="WP_Test_REST_Post_Meta_Fields" file="/Users/msaari/wordpress-develop/tests/phpunit/tests/rest-api/rest-post-meta-fields.php" line="439" assertions="5" time="0.007082"/>
      <testcase name="test_set_value_blocked" class="WP_Test_REST_Post_Meta_Fields" file="/Users/msaari/wordpress-develop/tests/phpunit/tests/rest-api/rest-post-meta-fields.php" line="461" assertions="5" time="0.029538"/>
      <testcase name="test_set_value_db_error" class="WP_Test_REST_Post_Meta_Fields" file="/Users/msaari/wordpress-develop/tests/phpunit/tests/rest-api/rest-post-meta-fields.php" line="481" assertions="4" time="0.028696"/>
      <testcase name="test_set_value_invalid_type" class="WP_Test_REST_Post_Meta_Fields" file="/Users/msaari/wordpress-develop/tests/phpunit/tests/rest-api/rest-post-meta-fields.php" line="508" assertions="2" time="0.033720"/>
      <testcase name="test_set_value_multiple" class="WP_Test_REST_Post_Meta_Fields" file="/Users/msaari/wordpress-develop/tests/phpunit/tests/rest-api/rest-post-meta-fields.php" line="526" assertions="10" time="0.066144"/>
      <testcase name="test_set_value_remove_one" class="WP_Test_REST_Post_Meta_Fields" file="/Users/msaari/wordpress-develop/tests/phpunit/tests/rest-api/rest-post-meta-fields.php" line="570" assertions="5" time="0.034857"/>
      <testcase name="test_set_value_multiple_unauthenticated" class="WP_Test_REST_Post_Meta_Fields" file="/Users/msaari/wordpress-develop/tests/phpunit/tests/rest-api/rest-post-meta-fields.php" line="598" assertions="6" time="0.006049"/>
      <testcase name="test_set_value_invalid_value" class="WP_Test_REST_Post_Meta_Fields" file="/Users/msaari/wordpress-develop/tests/phpunit/tests/rest-api/rest-post-meta-fields.php" line="620" assertions="4" time="0.028422"/>
      <testcase name="test_set_value_invalid_value_multiple" class="WP_Test_REST_Post_Meta_Fields" file="/Users/msaari/wordpress-develop/tests/phpunit/tests/rest-api/rest-post-meta-fields.php" line="645" assertions="4" time="0.028710"/>
      <testcase name="test_set_value_sanitized" class="WP_Test_REST_Post_Meta_Fields" file="/Users/msaari/wordpress-develop/tests/phpunit/tests/rest-api/rest-post-meta-fields.php" line="670" assertions="1" time="0.036588"/>
      <testcase name="test_set_value_csv" class="WP_Test_REST_Post_Meta_Fields" file="/Users/msaari/wordpress-develop/tests/phpunit/tests/rest-api/rest-post-meta-fields.php" line="696" assertions="1" time="0.035834"/>
      <testcase name="test_set_value_multiple_blocked" class="WP_Test_REST_Post_Meta_Fields" file="/Users/msaari/wordpress-develop/tests/phpunit/tests/rest-api/rest-post-meta-fields.php" line="725" assertions="5" time="0.029367"/>
      <testcase name="test_add_multi_value_db_error" class="WP_Test_REST_Post_Meta_Fields" file="/Users/msaari/wordpress-develop/tests/phpunit/tests/rest-api/rest-post-meta-fields.php" line="742" assertions="5" time="0.028423"/>
      <testcase name="test_set_value_single_custom_schema" class="WP_Test_REST_Post_Meta_Fields" file="/Users/msaari/wordpress-develop/tests/phpunit/tests/rest-api/rest-post-meta-fields.php" line="775" assertions="7" time="0.050083"/>
      <testcase name="test_set_value_multiple_custom_schema" class="WP_Test_REST_Post_Meta_Fields" file="/Users/msaari/wordpress-develop/tests/phpunit/tests/rest-api/rest-post-meta-fields.php" line="804" assertions="10" time="0.053335"/>
      <testcase name="test_set_value_custom_name" class="WP_Test_REST_Post_Meta_Fields" file="/Users/msaari/wordpress-develop/tests/phpunit/tests/rest-api/rest-post-meta-fields.php" line="848" assertions="7" time="0.036259"/>
      <testcase name="test_set_value_custom_name_multiple" class="WP_Test_REST_Post_Meta_Fields" file="/Users/msaari/wordpress-develop/tests/phpunit/tests/rest-api/rest-post-meta-fields.php" line="877" assertions="10" time="0.052157"/>
      <testcase name="test_set_value_invalid_meta_string_request_type" class="WP_Test_REST_Post_Meta_Fields" file="/Users/msaari/wordpress-develop/tests/phpunit/tests/rest-api/rest-post-meta-fields.php" line="921" assertions="6" time="0.021364"/>
      <testcase name="test_set_value_invalid_meta_float_request_type" class="WP_Test_REST_Post_Meta_Fields" file="/Users/msaari/wordpress-develop/tests/phpunit/tests/rest-api/rest-post-meta-fields.php" line="951" assertions="6" time="0.021027"/>
      <testcase name="test_remove_multi_value_db_error" class="WP_Test_REST_Post_Meta_Fields" file="/Users/msaari/wordpress-develop/tests/phpunit/tests/rest-api/rest-post-meta-fields.php" line="977" assertions="5" time="0.080389"/>
      <testcase name="test_delete_value" class="WP_Test_REST_Post_Meta_Fields" file="/Users/msaari/wordpress-develop/tests/phpunit/tests/rest-api/rest-post-meta-fields.php" line="1008" assertions="3" time="0.037818"/>
      <testcase name="test_delete_value_blocked" class="WP_Test_REST_Post_Meta_Fields" file="/Users/msaari/wordpress-develop/tests/phpunit/tests/rest-api/rest-post-meta-fields.php" line="1033" assertions="6" time="0.041741"/>
      <testcase name="test_delete_value_db_error" class="WP_Test_REST_Post_Meta_Fields" file="/Users/msaari/wordpress-develop/tests/phpunit/tests/rest-api/rest-post-meta-fields.php" line="1058" assertions="5" time="0.029417"/>
      <testcase name="test_delete_value_custom_name" class="WP_Test_REST_Post_Meta_Fields" file="/Users/msaari/wordpress-develop/tests/phpunit/tests/rest-api/rest-post-meta-fields.php" line="1087" assertions="3" time="0.034222"/>
      <testcase name="test_get_schema" class="WP_Test_REST_Post_Meta_Fields" file="/Users/msaari/wordpress-develop/tests/phpunit/tests/rest-api/rest-post-meta-fields.php" line="1109" assertions="13" time="0.005356"/>
      <testsuite name="WP_Test_REST_Post_Meta_Fields::test_get_subtype_meta_value" tests="8" assertions="38" failures="0" errors="0" time="0.072903">
        <testcase name="test_get_subtype_meta_value with data set #0" assertions="5" time="0.006552"/>
        <testcase name="test_get_subtype_meta_value with data set #1" assertions="5" time="0.007091"/>
        <testcase name="test_get_subtype_meta_value with data set #2" assertions="5" time="0.006654"/>
        <testcase name="test_get_subtype_meta_value with data set #3" assertions="5" time="0.006904"/>
        <testcase name="test_get_subtype_meta_value with data set #4" assertions="4" time="0.021206"/>
        <testcase name="test_get_subtype_meta_value with data set #5" assertions="4" time="0.007826"/>
        <testcase name="test_get_subtype_meta_value with data set #6" assertions="5" time="0.008284"/>
        <testcase name="test_get_subtype_meta_value with data set #7" assertions="5" time="0.008386"/>
      </testsuite>
      <testsuite name="WP_Test_REST_Post_Meta_Fields::test_set_subtype_meta_value" tests="8" assertions="42" failures="0" errors="0" time="0.242005">
        <testcase name="test_set_subtype_meta_value with data set #0" assertions="6" time="0.023037"/>
        <testcase name="test_set_subtype_meta_value with data set #1" assertions="6" time="0.022453"/>
        <testcase name="test_set_subtype_meta_value with data set #2" assertions="2" time="0.022025"/>
        <testcase name="test_set_subtype_meta_value with data set #3" assertions="6" time="0.023480"/>
        <testcase name="test_set_subtype_meta_value with data set #4" assertions="5" time="0.033983"/>
        <testcase name="test_set_subtype_meta_value with data set #5" assertions="5" time="0.048741"/>
        <testcase name="test_set_subtype_meta_value with data set #6" assertions="6" time="0.034303"/>
        <testcase name="test_set_subtype_meta_value with data set #7" assertions="6" time="0.033983"/>
      </testsuite>
    </testsuite>
    <testsuite name="WP_Test_REST_Post_Statuses_Controller" file="/Users/msaari/wordpress-develop/tests/phpunit/tests/rest-api/rest-post-statuses-controller.php" tests="16" assertions="376" failures="0" errors="0" time="0.131655">
      <testcase name="test_register_routes" class="WP_Test_REST_Post_Statuses_Controller" file="/Users/msaari/wordpress-develop/tests/phpunit/tests/rest-api/rest-post-statuses-controller.php" line="14" assertions="21" time="0.004339"/>
      <testcase name="test_context_param" class="WP_Test_REST_Post_Statuses_Controller" file="/Users/msaari/wordpress-develop/tests/phpunit/tests/rest-api/rest-post-statuses-controller.php" line="20" assertions="24" time="0.004889"/>
      <testcase name="test_get_items" class="WP_Test_REST_Post_Statuses_Controller" file="/Users/msaari/wordpress-develop/tests/phpunit/tests/rest-api/rest-post-statuses-controller.php" line="35" assertions="22" time="0.004563"/>
      <testcase name="test_get_items_logged_in" class="WP_Test_REST_Post_Statuses_Controller" file="/Users/msaari/wordpress-develop/tests/phpunit/tests/rest-api/rest-post-statuses-controller.php" line="45" assertions="27" time="0.019664"/>
      <testcase name="test_get_items_unauthorized_context" class="WP_Test_REST_Post_Statuses_Controller" file="/Users/msaari/wordpress-develop/tests/phpunit/tests/rest-api/rest-post-statuses-controller.php" line="67" assertions="23" time="0.004510"/>
      <testcase name="test_get_item" class="WP_Test_REST_Post_Statuses_Controller" file="/Users/msaari/wordpress-develop/tests/phpunit/tests/rest-api/rest-post-statuses-controller.php" line="74" assertions="29" time="0.018809"/>
      <testcase name="test_get_item_invalid_status" class="WP_Test_REST_Post_Statuses_Controller" file="/Users/msaari/wordpress-develop/tests/phpunit/tests/rest-api/rest-post-statuses-controller.php" line="83" assertions="23" time="0.018383"/>
      <testcase name="test_get_item_invalid_access" class="WP_Test_REST_Post_Statuses_Controller" file="/Users/msaari/wordpress-develop/tests/phpunit/tests/rest-api/rest-post-statuses-controller.php" line="89" assertions="23" time="0.004469"/>
      <testcase name="test_get_item_invalid_internal" class="WP_Test_REST_Post_Statuses_Controller" file="/Users/msaari/wordpress-develop/tests/phpunit/tests/rest-api/rest-post-statuses-controller.php" line="96" assertions="23" time="0.020087"/>
      <testcase name="test_create_item" class="WP_Test_REST_Post_Statuses_Controller" file="/Users/msaari/wordpress-develop/tests/phpunit/tests/rest-api/rest-post-statuses-controller.php" line="105" assertions="20" time="0.004334"/>
      <testcase name="test_update_item" class="WP_Test_REST_Post_Statuses_Controller" file="/Users/msaari/wordpress-develop/tests/phpunit/tests/rest-api/rest-post-statuses-controller.php" line="112" assertions="20" time="0.004687"/>
      <testcase name="test_delete_item" class="WP_Test_REST_Post_Statuses_Controller" file="/Users/msaari/wordpress-develop/tests/phpunit/tests/rest-api/rest-post-statuses-controller.php" line="119" assertions="20" time="0.004353"/>
      <testcase name="test_prepare_item" class="WP_Test_REST_Post_Statuses_Controller" file="/Users/msaari/wordpress-develop/tests/phpunit/tests/rest-api/rest-post-statuses-controller.php" line="126" assertions="28" time="0.004552"/>
      <testcase name="test_prepare_item_limit_fields" class="WP_Test_REST_Post_Statuses_Controller" file="/Users/msaari/wordpress-develop/tests/phpunit/tests/rest-api/rest-post-statuses-controller.php" line="135" assertions="21" time="0.004353"/>
      <testcase name="test_get_item_schema" class="WP_Test_REST_Post_Statuses_Controller" file="/Users/msaari/wordpress-develop/tests/phpunit/tests/rest-api/rest-post-statuses-controller.php" line="151" assertions="28" time="0.004815"/>
      <testcase name="test_get_additional_field_registration" class="WP_Test_REST_Post_Statuses_Controller" file="/Users/msaari/wordpress-develop/tests/phpunit/tests/rest-api/rest-post-statuses-controller.php" line="166" assertions="24" time="0.004848"/>
    </testsuite>
    <testsuite name="WP_Test_REST_Post_Types_Controller" file="/Users/msaari/wordpress-develop/tests/phpunit/tests/rest-api/rest-post-types-controller.php" tests="16" assertions="441" failures="0" errors="0" time="0.117972">
      <testcase name="test_register_routes" class="WP_Test_REST_Post_Types_Controller" file="/Users/msaari/wordpress-develop/tests/phpunit/tests/rest-api/rest-post-types-controller.php" line="14" assertions="21" time="0.004050"/>
      <testcase name="test_context_param" class="WP_Test_REST_Post_Types_Controller" file="/Users/msaari/wordpress-develop/tests/phpunit/tests/rest-api/rest-post-types-controller.php" line="20" assertions="24" time="0.017983"/>
      <testcase name="test_get_items" class="WP_Test_REST_Post_Types_Controller" file="/Users/msaari/wordpress-develop/tests/phpunit/tests/rest-api/rest-post-types-controller.php" line="35" assertions="53" time="0.005306"/>
      <testcase name="test_get_items_invalid_permission_for_context" class="WP_Test_REST_Post_Types_Controller" file="/Users/msaari/wordpress-develop/tests/phpunit/tests/rest-api/rest-post-types-controller.php" line="49" assertions="23" time="0.004426"/>
      <testcase name="test_get_item" class="WP_Test_REST_Post_Types_Controller" file="/Users/msaari/wordpress-develop/tests/phpunit/tests/rest-api/rest-post-types-controller.php" line="57" assertions="35" time="0.004423"/>
      <testcase name="test_get_item_page" class="WP_Test_REST_Post_Types_Controller" file="/Users/msaari/wordpress-develop/tests/phpunit/tests/rest-api/rest-post-types-controller.php" line="65" assertions="35" time="0.005260"/>
      <testcase name="test_get_item_invalid_type" class="WP_Test_REST_Post_Types_Controller" file="/Users/msaari/wordpress-develop/tests/phpunit/tests/rest-api/rest-post-types-controller.php" line="73" assertions="23" time="0.004431"/>
      <testcase name="test_get_item_edit_context" class="WP_Test_REST_Post_Types_Controller" file="/Users/msaari/wordpress-develop/tests/phpunit/tests/rest-api/rest-post-types-controller.php" line="79" assertions="34" time="0.021282"/>
      <testcase name="test_get_item_invalid_permission_for_context" class="WP_Test_REST_Post_Types_Controller" file="/Users/msaari/wordpress-develop/tests/phpunit/tests/rest-api/rest-post-types-controller.php" line="88" assertions="23" time="0.004943"/>
      <testcase name="test_create_item" class="WP_Test_REST_Post_Types_Controller" file="/Users/msaari/wordpress-develop/tests/phpunit/tests/rest-api/rest-post-types-controller.php" line="96" assertions="20" time="0.004411"/>
      <testcase name="test_update_item" class="WP_Test_REST_Post_Types_Controller" file="/Users/msaari/wordpress-develop/tests/phpunit/tests/rest-api/rest-post-types-controller.php" line="103" assertions="20" time="0.004191"/>
      <testcase name="test_delete_item" class="WP_Test_REST_Post_Types_Controller" file="/Users/msaari/wordpress-develop/tests/phpunit/tests/rest-api/rest-post-types-controller.php" line="110" assertions="20" time="0.004273"/>
      <testcase name="test_prepare_item" class="WP_Test_REST_Post_Types_Controller" file="/Users/msaari/wordpress-develop/tests/phpunit/tests/rest-api/rest-post-types-controller.php" line="117" assertions="33" time="0.017160"/>
      <testcase name="test_prepare_item_limit_fields" class="WP_Test_REST_Post_Types_Controller" file="/Users/msaari/wordpress-develop/tests/phpunit/tests/rest-api/rest-post-types-controller.php" line="126" assertions="22" time="0.004764"/>
      <testcase name="test_get_item_schema" class="WP_Test_REST_Post_Types_Controller" file="/Users/msaari/wordpress-develop/tests/phpunit/tests/rest-api/rest-post-types-controller.php" line="142" assertions="31" time="0.006065"/>
      <testcase name="test_get_additional_field_registration" class="WP_Test_REST_Post_Types_Controller" file="/Users/msaari/wordpress-develop/tests/phpunit/tests/rest-api/rest-post-types-controller.php" line="160" assertions="24" time="0.005004"/>
    </testsuite>
    <testsuite name="WP_Test_REST_Posts_Controller" file="/Users/msaari/wordpress-develop/tests/phpunit/tests/rest-api/rest-posts-controller.php" tests="206" assertions="8984" failures="0" errors="0" time="5.226022">
      <testcase name="test_register_routes" class="WP_Test_REST_Posts_Controller" file="/Users/msaari/wordpress-develop/tests/phpunit/tests/rest-api/rest-posts-controller.php" line="113" assertions="23" time="0.004044"/>
      <testcase name="test_context_param" class="WP_Test_REST_Posts_Controller" file="/Users/msaari/wordpress-develop/tests/phpunit/tests/rest-api/rest-posts-controller.php" line="122" assertions="27" time="0.004544"/>
      <testcase name="test_registered_query_params" class="WP_Test_REST_Posts_Controller" file="/Users/msaari/wordpress-develop/tests/phpunit/tests/rest-api/rest-posts-controller.php" line="137" assertions="23" time="0.004735"/>
      <testcase name="test_registered_get_item_params" class="WP_Test_REST_Posts_Controller" file="/Users/msaari/wordpress-develop/tests/phpunit/tests/rest-api/rest-posts-controller.php" line="170" assertions="21" time="0.004814"/>
      <testcase name="test_get_items" class="WP_Test_REST_Posts_Controller" file="/Users/msaari/wordpress-develop/tests/phpunit/tests/rest-api/rest-posts-controller.php" line="179" assertions="81" time="0.010050"/>
      <testcase name="test_get_items_empty_query" class="WP_Test_REST_Posts_Controller" file="/Users/msaari/wordpress-develop/tests/phpunit/tests/rest-api/rest-posts-controller.php" line="191" assertions="23" time="0.006207"/>
      <testcase name="test_get_items_author_query" class="WP_Test_REST_Posts_Controller" file="/Users/msaari/wordpress-develop/tests/phpunit/tests/rest-api/rest-posts-controller.php" line="204" assertions="104" time="0.050460"/>
      <testcase name="test_get_items_author_exclude_query" class="WP_Test_REST_Posts_Controller" file="/Users/msaari/wordpress-develop/tests/phpunit/tests/rest-api/rest-posts-controller.php" line="230" assertions="108" time="0.037797"/>
      <testcase name="test_get_items_include_query" class="WP_Test_REST_Posts_Controller" file="/Users/msaari/wordpress-develop/tests/phpunit/tests/rest-api/rest-posts-controller.php" line="263" assertions="79" time="0.041690"/>
      <testcase name="test_get_items_orderby_author_query" class="WP_Test_REST_Posts_Controller" file="/Users/msaari/wordpress-develop/tests/phpunit/tests/rest-api/rest-posts-controller.php" line="289" assertions="63" time="0.039915"/>
      <testcase name="test_get_items_orderby_modified_query" class="WP_Test_REST_Posts_Controller" file="/Users/msaari/wordpress-develop/tests/phpunit/tests/rest-api/rest-posts-controller.php" line="324" assertions="60" time="0.039842"/>
      <testcase name="test_get_items_orderby_parent_query" class="WP_Test_REST_Posts_Controller" file="/Users/msaari/wordpress-develop/tests/phpunit/tests/rest-api/rest-posts-controller.php" line="348" assertions="56" time="0.018347"/>
      <testcase name="test_get_items_exclude_query" class="WP_Test_REST_Posts_Controller" file="/Users/msaari/wordpress-develop/tests/phpunit/tests/rest-api/rest-posts-controller.php" line="386" assertions="112" time="0.042888"/>
      <testcase name="test_get_items_search_query" class="WP_Test_REST_Posts_Controller" file="/Users/msaari/wordpress-develop/tests/phpunit/tests/rest-api/rest-posts-controller.php" line="412" assertions="114" time="0.074887"/>
      <testcase name="test_get_items_slug_query" class="WP_Test_REST_Posts_Controller" file="/Users/msaari/wordpress-develop/tests/phpunit/tests/rest-api/rest-posts-controller.php" line="433" assertions="35" time="0.027955"/>
      <testcase name="test_get_items_multiple_slugs_array_query" class="WP_Test_REST_Posts_Controller" file="/Users/msaari/wordpress-develop/tests/phpunit/tests/rest-api/rest-posts-controller.php" line="455" assertions="46" time="0.036721"/>
      <testcase name="test_get_items_multiple_slugs_string_query" class="WP_Test_REST_Posts_Controller" file="/Users/msaari/wordpress-develop/tests/phpunit/tests/rest-api/rest-posts-controller.php" line="488" assertions="46" time="0.049019"/>
      <testcase name="test_get_items_status_query" class="WP_Test_REST_Posts_Controller" file="/Users/msaari/wordpress-develop/tests/phpunit/tests/rest-api/rest-posts-controller.php" line="521" assertions="53" time="0.022509"/>
      <testcase name="test_get_items_multiple_statuses_string_query" class="WP_Test_REST_Posts_Controller" file="/Users/msaari/wordpress-develop/tests/phpunit/tests/rest-api/rest-posts-controller.php" line="541" assertions="48" time="0.036265"/>
      <testcase name="test_get_items_multiple_statuses_array_query" class="WP_Test_REST_Posts_Controller" file="/Users/msaari/wordpress-develop/tests/phpunit/tests/rest-api/rest-posts-controller.php" line="564" assertions="48" time="0.036494"/>
      <testcase name="test_get_items_multiple_statuses_one_invalid_query" class="WP_Test_REST_Posts_Controller" file="/Users/msaari/wordpress-develop/tests/phpunit/tests/rest-api/rest-posts-controller.php" line="587" assertions="23" time="0.004809"/>
      <testcase name="test_get_items_invalid_status_query" class="WP_Test_REST_Posts_Controller" file="/Users/msaari/wordpress-develop/tests/phpunit/tests/rest-api/rest-posts-controller.php" line="595" assertions="23" time="0.005329"/>
      <testcase name="test_get_items_status_without_permissions" class="WP_Test_REST_Posts_Controller" file="/Users/msaari/wordpress-develop/tests/phpunit/tests/rest-api/rest-posts-controller.php" line="603" assertions="34" time="0.019083"/>
      <testcase name="test_get_items_order_and_orderby" class="WP_Test_REST_Posts_Controller" file="/Users/msaari/wordpress-develop/tests/phpunit/tests/rest-api/rest-posts-controller.php" line="622" assertions="125" time="0.055345"/>
      <testcase name="test_get_items_with_orderby_include_without_include_param" class="WP_Test_REST_Posts_Controller" file="/Users/msaari/wordpress-develop/tests/phpunit/tests/rest-api/rest-posts-controller.php" line="672" assertions="23" time="0.015355"/>
      <testcase name="test_get_items_with_orderby_id" class="WP_Test_REST_Posts_Controller" file="/Users/msaari/wordpress-develop/tests/phpunit/tests/rest-api/rest-posts-controller.php" line="682" assertions="59" time="0.039509"/>
      <testcase name="test_get_items_with_orderby_slug" class="WP_Test_REST_Posts_Controller" file="/Users/msaari/wordpress-develop/tests/phpunit/tests/rest-api/rest-posts-controller.php" line="716" assertions="47" time="0.041003"/>
      <testcase name="test_get_items_with_orderby_slugs" class="WP_Test_REST_Posts_Controller" file="/Users/msaari/wordpress-develop/tests/phpunit/tests/rest-api/rest-posts-controller.php" line="745" assertions="57" time="0.039705"/>
      <testcase name="test_get_items_with_orderby_relevance" class="WP_Test_REST_Posts_Controller" file="/Users/msaari/wordpress-develop/tests/phpunit/tests/rest-api/rest-posts-controller.php" line="769" assertions="49" time="0.029177"/>
      <testcase name="test_get_items_with_orderby_relevance_two_terms" class="WP_Test_REST_Posts_Controller" file="/Users/msaari/wordpress-develop/tests/phpunit/tests/rest-api/rest-posts-controller.php" line="796" assertions="49" time="0.027562"/>
      <testcase name="test_get_items_with_orderby_relevance_missing_search" class="WP_Test_REST_Posts_Controller" file="/Users/msaari/wordpress-develop/tests/phpunit/tests/rest-api/rest-posts-controller.php" line="823" assertions="23" time="0.004753"/>
      <testcase name="test_get_items_offset_query" class="WP_Test_REST_Posts_Controller" file="/Users/msaari/wordpress-develop/tests/phpunit/tests/rest-api/rest-posts-controller.php" line="830" assertions="109" time="0.061180"/>
      <testcase name="test_get_items_tags_query" class="WP_Test_REST_Posts_Controller" file="/Users/msaari/wordpress-develop/tests/phpunit/tests/rest-api/rest-posts-controller.php" line="853" assertions="34" time="0.040606"/>
      <testcase name="test_get_items_tags_exclude_query" class="WP_Test_REST_Posts_Controller" file="/Users/msaari/wordpress-develop/tests/phpunit/tests/rest-api/rest-posts-controller.php" line="870" assertions="58" time="0.043539"/>
      <testcase name="test_get_items_tags_and_categories_query" class="WP_Test_REST_Posts_Controller" file="/Users/msaari/wordpress-develop/tests/phpunit/tests/rest-api/rest-posts-controller.php" line="889" assertions="37" time="0.047762"/>
      <testcase name="test_get_items_tags_and_categories_exclude_query" class="WP_Test_REST_Posts_Controller" file="/Users/msaari/wordpress-develop/tests/phpunit/tests/rest-api/rest-posts-controller.php" line="913" assertions="38" time="0.048408"/>
      <testcase name="test_get_items_sticky" class="WP_Test_REST_Posts_Controller" file="/Users/msaari/wordpress-develop/tests/phpunit/tests/rest-api/rest-posts-controller.php" line="939" assertions="38" time="0.030930"/>
      <testcase name="test_get_items_sticky_with_include" class="WP_Test_REST_Posts_Controller" file="/Users/msaari/wordpress-develop/tests/phpunit/tests/rest-api/rest-posts-controller.php" line="960" assertions="42" time="0.028303"/>
      <testcase name="test_get_items_sticky_no_sticky_posts" class="WP_Test_REST_Posts_Controller" file="/Users/msaari/wordpress-develop/tests/phpunit/tests/rest-api/rest-posts-controller.php" line="997" assertions="25" time="0.006539"/>
      <testcase name="test_get_items_sticky_with_include_no_sticky_posts" class="WP_Test_REST_Posts_Controller" file="/Users/msaari/wordpress-develop/tests/phpunit/tests/rest-api/rest-posts-controller.php" line="1015" assertions="25" time="0.006636"/>
      <testcase name="test_get_items_not_sticky" class="WP_Test_REST_Posts_Controller" file="/Users/msaari/wordpress-develop/tests/phpunit/tests/rest-api/rest-posts-controller.php" line="1034" assertions="36" time="0.017897"/>
      <testcase name="test_get_items_not_sticky_with_exclude" class="WP_Test_REST_Posts_Controller" file="/Users/msaari/wordpress-develop/tests/phpunit/tests/rest-api/rest-posts-controller.php" line="1053" assertions="36" time="0.026668"/>
      <testcase name="test_get_items_not_sticky_with_exclude_no_sticky_posts" class="WP_Test_REST_Posts_Controller" file="/Users/msaari/wordpress-develop/tests/phpunit/tests/rest-api/rest-posts-controller.php" line="1074" assertions="47" time="0.027660"/>
      <testcase name="test_get_items_pagination_headers" class="WP_Test_REST_Posts_Controller" file="/Users/msaari/wordpress-develop/tests/phpunit/tests/rest-api/rest-posts-controller.php" line="1096" assertions="340" time="0.512718"/>
      <testcase name="test_get_items_private_status_query_var" class="WP_Test_REST_Posts_Controller" file="/Users/msaari/wordpress-develop/tests/phpunit/tests/rest-api/rest-posts-controller.php" line="1197" assertions="38" time="0.020370"/>
      <testcase name="test_get_items_invalid_per_page" class="WP_Test_REST_Posts_Controller" file="/Users/msaari/wordpress-develop/tests/phpunit/tests/rest-api/rest-posts-controller.php" line="1214" assertions="23" time="0.005242"/>
      <testcase name="test_get_items_invalid_max_pages" class="WP_Test_REST_Posts_Controller" file="/Users/msaari/wordpress-develop/tests/phpunit/tests/rest-api/rest-posts-controller.php" line="1224" assertions="24" time="0.022016"/>
      <testcase name="test_get_items_invalid_context" class="WP_Test_REST_Posts_Controller" file="/Users/msaari/wordpress-develop/tests/phpunit/tests/rest-api/rest-posts-controller.php" line="1232" assertions="23" time="0.005613"/>
      <testcase name="test_get_items_invalid_date" class="WP_Test_REST_Posts_Controller" file="/Users/msaari/wordpress-develop/tests/phpunit/tests/rest-api/rest-posts-controller.php" line="1239" assertions="23" time="0.005269"/>
      <testcase name="test_get_items_valid_date" class="WP_Test_REST_Posts_Controller" file="/Users/msaari/wordpress-develop/tests/phpunit/tests/rest-api/rest-posts-controller.php" line="1247" assertions="34" time="0.035596"/>
      <testcase name="test_get_items_all_post_formats" class="WP_Test_REST_Posts_Controller" file="/Users/msaari/wordpress-develop/tests/phpunit/tests/rest-api/rest-posts-controller.php" line="1261" assertions="23" time="0.004982"/>
      <testcase name="test_get_item" class="WP_Test_REST_Posts_Controller" file="/Users/msaari/wordpress-develop/tests/phpunit/tests/rest-api/rest-posts-controller.php" line="1271" assertions="77" time="0.012111"/>
      <testcase name="test_get_item_links" class="WP_Test_REST_Posts_Controller" file="/Users/msaari/wordpress-develop/tests/phpunit/tests/rest-api/rest-posts-controller.php" line="1278" assertions="51" time="0.007147"/>
      <testcase name="test_get_item_links_predecessor" class="WP_Test_REST_Posts_Controller" file="/Users/msaari/wordpress-develop/tests/phpunit/tests/rest-api/rest-posts-controller.php" line="1323" assertions="37" time="0.021336"/>
      <testcase name="test_get_item_links_no_author" class="WP_Test_REST_Posts_Controller" file="/Users/msaari/wordpress-develop/tests/phpunit/tests/rest-api/rest-posts-controller.php" line="1345" assertions="46" time="0.020227"/>
      <testcase name="test_get_post_draft_status_not_authenicated" class="WP_Test_REST_Posts_Controller" file="/Users/msaari/wordpress-develop/tests/phpunit/tests/rest-api/rest-posts-controller.php" line="1362" assertions="23" time="0.012964"/>
      <testcase name="test_get_post_invalid_id" class="WP_Test_REST_Posts_Controller" file="/Users/msaari/wordpress-develop/tests/phpunit/tests/rest-api/rest-posts-controller.php" line="1376" assertions="23" time="0.018071"/>
      <testcase name="test_get_post_list_context_with_permission" class="WP_Test_REST_Posts_Controller" file="/Users/msaari/wordpress-develop/tests/phpunit/tests/rest-api/rest-posts-controller.php" line="1383" assertions="83" time="0.010806"/>
      <testcase name="test_get_post_list_context_without_permission" class="WP_Test_REST_Posts_Controller" file="/Users/msaari/wordpress-develop/tests/phpunit/tests/rest-api/rest-posts-controller.php" line="1398" assertions="23" time="0.005026"/>
      <testcase name="test_get_post_context_without_permission" class="WP_Test_REST_Posts_Controller" file="/Users/msaari/wordpress-develop/tests/phpunit/tests/rest-api/rest-posts-controller.php" line="1411" assertions="23" time="0.005017"/>
      <testcase name="test_get_post_with_password" class="WP_Test_REST_Posts_Controller" file="/Users/msaari/wordpress-develop/tests/phpunit/tests/rest-api/rest-posts-controller.php" line="1424" assertions="79" time="0.020256"/>
      <testcase name="test_get_post_with_password_using_password" class="WP_Test_REST_Posts_Controller" file="/Users/msaari/wordpress-develop/tests/phpunit/tests/rest-api/rest-posts-controller.php" line="1443" assertions="79" time="0.019905"/>
      <testcase name="test_get_post_with_password_using_incorrect_password" class="WP_Test_REST_Posts_Controller" file="/Users/msaari/wordpress-develop/tests/phpunit/tests/rest-api/rest-posts-controller.php" line="1466" assertions="23" time="0.014325"/>
      <testcase name="test_get_post_with_password_without_permission" class="WP_Test_REST_Posts_Controller" file="/Users/msaari/wordpress-develop/tests/phpunit/tests/rest-api/rest-posts-controller.php" line="1481" assertions="79" time="0.020353"/>
      <testcase name="test_get_item_read_permission_custom_post_status_not_authenticated" class="WP_Test_REST_Posts_Controller" file="/Users/msaari/wordpress-develop/tests/phpunit/tests/rest-api/rest-posts-controller.php" line="1499" assertions="33" time="0.033719"/>
      <testcase name="test_prepare_item" class="WP_Test_REST_Posts_Controller" file="/Users/msaari/wordpress-develop/tests/phpunit/tests/rest-api/rest-posts-controller.php" line="1524" assertions="79" time="0.011919"/>
      <testcase name="test_prepare_item_limit_fields" class="WP_Test_REST_Posts_Controller" file="/Users/msaari/wordpress-develop/tests/phpunit/tests/rest-api/rest-posts-controller.php" line="1534" assertions="31" time="0.005822"/>
      <testcase name="test_create_item" class="WP_Test_REST_Posts_Controller" file="/Users/msaari/wordpress-develop/tests/phpunit/tests/rest-api/rest-posts-controller.php" line="1551" assertions="87" time="0.033637"/>
      <testsuite name="WP_Test_REST_Posts_Controller::test_create_post_date" tests="14" assertions="560" failures="0" errors="0" time="0.352055">
        <testcase name="test_create_post_date with data set &quot;set date without timezone, status=draft&quot;" assertions="40" time="0.019471"/>
        <testcase name="test_create_post_date with data set &quot;set date without timezone, status=publish&quot;" assertions="40" time="0.020731"/>
        <testcase name="test_create_post_date with data set &quot;set date without timezone, status=future&quot;" assertions="40" time="0.071478"/>
        <testcase name="test_create_post_date with data set &quot;set date without timezone, status=pending&quot;" assertions="40" time="0.019885"/>
        <testcase name="test_create_post_date with data set &quot;set date without timezone, status=private&quot;" assertions="40" time="0.020281"/>
        <testcase name="test_create_post_date with data set &quot;set date_gmt without timezone, status=draft&quot;" assertions="40" time="0.020336"/>
        <testcase name="test_create_post_date with data set &quot;set date_gmt without timezone, status=publish&quot;" assertions="40" time="0.019955"/>
        <testcase name="test_create_post_date with data set &quot;set date_gmt without timezone, status=future&quot;" assertions="40" time="0.021227"/>
        <testcase name="test_create_post_date with data set &quot;set date_gmt without timezone, status=pending&quot;" assertions="40" time="0.020743"/>
        <testcase name="test_create_post_date with data set &quot;set date_gmt without timezone, status=private&quot;" assertions="40" time="0.034848"/>
        <testcase name="test_create_post_date with data set &quot;set date with timezone, status=draft&quot;" assertions="40" time="0.021153"/>
        <testcase name="test_create_post_date with data set &quot;set date with timezone, status=publish&quot;" assertions="40" time="0.021281"/>
        <testcase name="test_create_post_date with data set &quot;set date_gmt with timezone, status=draft&quot;" assertions="40" time="0.020941"/>
        <testcase name="test_create_post_date with data set &quot;set date_gmt with timezone, status=publish&quot;" assertions="40" time="0.019725"/>
      </testsuite>
      <testcase name="test_create_item_with_template" class="WP_Test_REST_Posts_Controller" file="/Users/msaari/wordpress-develop/tests/phpunit/tests/rest-api/rest-posts-controller.php" line="1669" assertions="42" time="0.021832"/>
      <testcase name="test_create_item_with_template_none_available" class="WP_Test_REST_Posts_Controller" file="/Users/msaari/wordpress-develop/tests/phpunit/tests/rest-api/rest-posts-controller.php" line="1700" assertions="23" time="0.005666"/>
      <testcase name="test_create_item_with_template_none" class="WP_Test_REST_Posts_Controller" file="/Users/msaari/wordpress-develop/tests/phpunit/tests/rest-api/rest-posts-controller.php" line="1718" assertions="37" time="0.025848"/>
      <testcase name="test_rest_create_item" class="WP_Test_REST_Posts_Controller" file="/Users/msaari/wordpress-develop/tests/phpunit/tests/rest-api/rest-posts-controller.php" line="1739" assertions="87" time="0.020481"/>
      <testcase name="test_create_post_invalid_id" class="WP_Test_REST_Posts_Controller" file="/Users/msaari/wordpress-develop/tests/phpunit/tests/rest-api/rest-posts-controller.php" line="1751" assertions="23" time="0.004930"/>
      <testcase name="test_create_post_as_contributor" class="WP_Test_REST_Posts_Controller" file="/Users/msaari/wordpress-develop/tests/phpunit/tests/rest-api/rest-posts-controller.php" line="1766" assertions="90" time="0.033691"/>
      <testcase name="test_create_post_sticky" class="WP_Test_REST_Posts_Controller" file="/Users/msaari/wordpress-develop/tests/phpunit/tests/rest-api/rest-posts-controller.php" line="1793" assertions="37" time="0.023169"/>
      <testcase name="test_create_post_sticky_as_contributor" class="WP_Test_REST_Posts_Controller" file="/Users/msaari/wordpress-develop/tests/phpunit/tests/rest-api/rest-posts-controller.php" line="1811" assertions="23" time="0.004890"/>
      <testcase name="test_create_post_other_author_without_permission" class="WP_Test_REST_Posts_Controller" file="/Users/msaari/wordpress-develop/tests/phpunit/tests/rest-api/rest-posts-controller.php" line="1827" assertions="23" time="0.005324"/>
      <testcase name="test_create_post_without_permission" class="WP_Test_REST_Posts_Controller" file="/Users/msaari/wordpress-develop/tests/phpunit/tests/rest-api/rest-posts-controller.php" line="1842" assertions="23" time="0.004466"/>
      <testcase name="test_create_post_draft" class="WP_Test_REST_Posts_Controller" file="/Users/msaari/wordpress-develop/tests/phpunit/tests/rest-api/rest-posts-controller.php" line="1857" assertions="39" time="0.018900"/>
      <testcase name="test_create_post_private" class="WP_Test_REST_Posts_Controller" file="/Users/msaari/wordpress-develop/tests/phpunit/tests/rest-api/rest-posts-controller.php" line="1881" assertions="37" time="0.020300"/>
      <testcase name="test_create_post_private_without_permission" class="WP_Test_REST_Posts_Controller" file="/Users/msaari/wordpress-develop/tests/phpunit/tests/rest-api/rest-posts-controller.php" line="1899" assertions="24" time="0.007705"/>
      <testcase name="test_create_post_publish_without_permission" class="WP_Test_REST_Posts_Controller" file="/Users/msaari/wordpress-develop/tests/phpunit/tests/rest-api/rest-posts-controller.php" line="1920" assertions="24" time="0.007823"/>
      <testcase name="test_create_post_invalid_status" class="WP_Test_REST_Posts_Controller" file="/Users/msaari/wordpress-develop/tests/phpunit/tests/rest-api/rest-posts-controller.php" line="1940" assertions="23" time="0.005036"/>
      <testcase name="test_create_post_with_format" class="WP_Test_REST_Posts_Controller" file="/Users/msaari/wordpress-develop/tests/phpunit/tests/rest-api/rest-posts-controller.php" line="1955" assertions="37" time="0.037857"/>
      <testcase name="test_create_post_with_standard_format" class="WP_Test_REST_Posts_Controller" file="/Users/msaari/wordpress-develop/tests/phpunit/tests/rest-api/rest-posts-controller.php" line="1973" assertions="37" time="0.019915"/>
      <testcase name="test_create_post_with_invalid_format" class="WP_Test_REST_Posts_Controller" file="/Users/msaari/wordpress-develop/tests/phpunit/tests/rest-api/rest-posts-controller.php" line="1991" assertions="23" time="0.004842"/>
      <testcase name="test_create_post_with_unsupported_format" class="WP_Test_REST_Posts_Controller" file="/Users/msaari/wordpress-develop/tests/phpunit/tests/rest-api/rest-posts-controller.php" line="2011" assertions="37" time="0.024924"/>
      <testcase name="test_create_update_post_with_featured_media" class="WP_Test_REST_Posts_Controller" file="/Users/msaari/wordpress-develop/tests/phpunit/tests/rest-api/rest-posts-controller.php" line="2028" assertions="56" time="0.040185"/>
      <testcase name="test_create_post_invalid_author" class="WP_Test_REST_Posts_Controller" file="/Users/msaari/wordpress-develop/tests/phpunit/tests/rest-api/rest-posts-controller.php" line="2068" assertions="24" time="0.004816"/>
      <testcase name="test_create_post_invalid_author_without_permission" class="WP_Test_REST_Posts_Controller" file="/Users/msaari/wordpress-develop/tests/phpunit/tests/rest-api/rest-posts-controller.php" line="2083" assertions="23" time="0.005389"/>
      <testcase name="test_create_post_with_password" class="WP_Test_REST_Posts_Controller" file="/Users/msaari/wordpress-develop/tests/phpunit/tests/rest-api/rest-posts-controller.php" line="2098" assertions="36" time="0.041875"/>
      <testcase name="test_create_post_with_falsy_password" class="WP_Test_REST_Posts_Controller" file="/Users/msaari/wordpress-develop/tests/phpunit/tests/rest-api/rest-posts-controller.php" line="2114" assertions="36" time="0.020160"/>
      <testcase name="test_create_post_with_empty_string_password_and_sticky" class="WP_Test_REST_Posts_Controller" file="/Users/msaari/wordpress-develop/tests/phpunit/tests/rest-api/rest-posts-controller.php" line="2131" assertions="37" time="0.019898"/>
      <testcase name="test_create_post_with_password_and_sticky_fails" class="WP_Test_REST_Posts_Controller" file="/Users/msaari/wordpress-develop/tests/phpunit/tests/rest-api/rest-posts-controller.php" line="2149" assertions="24" time="0.005204"/>
      <testcase name="test_create_post_custom_date" class="WP_Test_REST_Posts_Controller" file="/Users/msaari/wordpress-develop/tests/phpunit/tests/rest-api/rest-posts-controller.php" line="2165" assertions="37" time="0.033415"/>
      <testcase name="test_create_post_custom_date_with_timezone" class="WP_Test_REST_Posts_Controller" file="/Users/msaari/wordpress-develop/tests/phpunit/tests/rest-api/rest-posts-controller.php" line="2184" assertions="39" time="0.019981"/>
      <testcase name="test_create_post_with_db_error" class="WP_Test_REST_Posts_Controller" file="/Users/msaari/wordpress-develop/tests/phpunit/tests/rest-api/rest-posts-controller.php" line="2207" assertions="24" time="0.006263"/>
      <testcase name="test_create_post_with_invalid_date" class="WP_Test_REST_Posts_Controller" file="/Users/msaari/wordpress-develop/tests/phpunit/tests/rest-api/rest-posts-controller.php" line="2229" assertions="23" time="0.004714"/>
      <testcase name="test_create_post_with_invalid_date_gmt" class="WP_Test_REST_Posts_Controller" file="/Users/msaari/wordpress-develop/tests/phpunit/tests/rest-api/rest-posts-controller.php" line="2244" assertions="23" time="0.004623"/>
      <testcase name="test_create_post_with_quotes_in_title" class="WP_Test_REST_Posts_Controller" file="/Users/msaari/wordpress-develop/tests/phpunit/tests/rest-api/rest-posts-controller.php" line="2259" assertions="36" time="0.020042"/>
      <testcase name="test_create_post_with_categories" class="WP_Test_REST_Posts_Controller" file="/Users/msaari/wordpress-develop/tests/phpunit/tests/rest-api/rest-posts-controller.php" line="2274" assertions="36" time="0.025573"/>
      <testcase name="test_create_post_with_categories_as_csv" class="WP_Test_REST_Posts_Controller" file="/Users/msaari/wordpress-develop/tests/phpunit/tests/rest-api/rest-posts-controller.php" line="2293" assertions="36" time="0.029607"/>
      <testcase name="test_create_post_with_invalid_categories" class="WP_Test_REST_Posts_Controller" file="/Users/msaari/wordpress-develop/tests/phpunit/tests/rest-api/rest-posts-controller.php" line="2310" assertions="36" time="0.023970"/>
      <testcase name="test_create_post_with_categories_that_cannot_be_assigned_by_current_user" class="WP_Test_REST_Posts_Controller" file="/Users/msaari/wordpress-develop/tests/phpunit/tests/rest-api/rest-posts-controller.php" line="2331" assertions="23" time="0.012357"/>
      <testcase name="test_update_item" class="WP_Test_REST_Posts_Controller" file="/Users/msaari/wordpress-develop/tests/phpunit/tests/rest-api/rest-posts-controller.php" line="2359" assertions="94" time="0.037215"/>
      <testcase name="test_update_item_no_change" class="WP_Test_REST_Posts_Controller" file="/Users/msaari/wordpress-develop/tests/phpunit/tests/rest-api/rest-posts-controller.php" line="2380" assertions="149" time="0.035978"/>
      <testcase name="test_rest_update_post" class="WP_Test_REST_Posts_Controller" file="/Users/msaari/wordpress-develop/tests/phpunit/tests/rest-api/rest-posts-controller.php" line="2396" assertions="94" time="0.020859"/>
      <testcase name="test_rest_update_post_raw" class="WP_Test_REST_Posts_Controller" file="/Users/msaari/wordpress-develop/tests/phpunit/tests/rest-api/rest-posts-controller.php" line="2417" assertions="94" time="0.021657"/>
      <testcase name="test_update_post_without_extra_params" class="WP_Test_REST_Posts_Controller" file="/Users/msaari/wordpress-develop/tests/phpunit/tests/rest-api/rest-posts-controller.php" line="2438" assertions="84" time="0.021591"/>
      <testcase name="test_update_post_without_permission" class="WP_Test_REST_Posts_Controller" file="/Users/msaari/wordpress-develop/tests/phpunit/tests/rest-api/rest-posts-controller.php" line="2453" assertions="23" time="0.008024"/>
      <testcase name="test_update_post_sticky_as_contributor" class="WP_Test_REST_Posts_Controller" file="/Users/msaari/wordpress-develop/tests/phpunit/tests/rest-api/rest-posts-controller.php" line="2469" assertions="23" time="0.005220"/>
      <testcase name="test_update_post_invalid_id" class="WP_Test_REST_Posts_Controller" file="/Users/msaari/wordpress-develop/tests/phpunit/tests/rest-api/rest-posts-controller.php" line="2485" assertions="23" time="0.005147"/>
      <testcase name="test_update_post_invalid_route" class="WP_Test_REST_Posts_Controller" file="/Users/msaari/wordpress-develop/tests/phpunit/tests/rest-api/rest-posts-controller.php" line="2494" assertions="23" time="0.004869"/>
      <testcase name="test_update_post_with_format" class="WP_Test_REST_Posts_Controller" file="/Users/msaari/wordpress-develop/tests/phpunit/tests/rest-api/rest-posts-controller.php" line="2503" assertions="37" time="0.024787"/>
      <testcase name="test_update_post_with_standard_format" class="WP_Test_REST_Posts_Controller" file="/Users/msaari/wordpress-develop/tests/phpunit/tests/rest-api/rest-posts-controller.php" line="2521" assertions="37" time="0.035366"/>
      <testcase name="test_update_post_with_invalid_format" class="WP_Test_REST_Posts_Controller" file="/Users/msaari/wordpress-develop/tests/phpunit/tests/rest-api/rest-posts-controller.php" line="2539" assertions="23" time="0.004722"/>
      <testcase name="test_update_post_with_unsupported_format" class="WP_Test_REST_Posts_Controller" file="/Users/msaari/wordpress-develop/tests/phpunit/tests/rest-api/rest-posts-controller.php" line="2559" assertions="37" time="0.025713"/>
      <testcase name="test_update_post_ignore_readonly" class="WP_Test_REST_Posts_Controller" file="/Users/msaari/wordpress-develop/tests/phpunit/tests/rest-api/rest-posts-controller.php" line="2576" assertions="39" time="0.022955"/>
      <testsuite name="WP_Test_REST_Posts_Controller::test_update_post_date" tests="14" assertions="560" failures="0" errors="0" time="0.522646">
        <testcase name="test_update_post_date with data set &quot;set date without timezone, status=draft&quot;" assertions="40" time="0.032115"/>
        <testcase name="test_update_post_date with data set &quot;set date without timezone, status=publish&quot;" assertions="40" time="0.032676"/>
        <testcase name="test_update_post_date with data set &quot;set date without timezone, status=future&quot;" assertions="40" time="0.035359"/>
        <testcase name="test_update_post_date with data set &quot;set date without timezone, status=pending&quot;" assertions="40" time="0.033684"/>
        <testcase name="test_update_post_date with data set &quot;set date without timezone, status=private&quot;" assertions="40" time="0.033017"/>
        <testcase name="test_update_post_date with data set &quot;set date_gmt without timezone, status=draft&quot;" assertions="40" time="0.032295"/>
        <testcase name="test_update_post_date with data set &quot;set date_gmt without timezone, status=publish&quot;" assertions="40" time="0.048288"/>
        <testcase name="test_update_post_date with data set &quot;set date_gmt without timezone, status=future&quot;" assertions="40" time="0.033525"/>
        <testcase name="test_update_post_date with data set &quot;set date_gmt without timezone, status=pending&quot;" assertions="40" time="0.030882"/>
        <testcase name="test_update_post_date with data set &quot;set date_gmt without timezone, status=private&quot;" assertions="40" time="0.050486"/>
        <testcase name="test_update_post_date with data set &quot;set date with timezone, status=draft&quot;" assertions="40" time="0.040584"/>
        <testcase name="test_update_post_date with data set &quot;set date with timezone, status=publish&quot;" assertions="40" time="0.052496"/>
        <testcase name="test_update_post_date with data set &quot;set date_gmt with timezone, status=draft&quot;" assertions="40" time="0.033298"/>
        <testcase name="test_update_post_date with data set &quot;set date_gmt with timezone, status=publish&quot;" assertions="40" time="0.033941"/>
      </testsuite>
      <testcase name="test_update_post_with_invalid_date" class="WP_Test_REST_Posts_Controller" file="/Users/msaari/wordpress-develop/tests/phpunit/tests/rest-api/rest-posts-controller.php" line="2637" assertions="23" time="0.005491"/>
      <testcase name="test_update_post_with_invalid_date_gmt" class="WP_Test_REST_Posts_Controller" file="/Users/msaari/wordpress-develop/tests/phpunit/tests/rest-api/rest-posts-controller.php" line="2652" assertions="23" time="0.005827"/>
      <testcase name="test_empty_post_date_gmt_shimmed_using_post_date" class="WP_Test_REST_Posts_Controller" file="/Users/msaari/wordpress-develop/tests/phpunit/tests/rest-api/rest-posts-controller.php" line="2667" assertions="57" time="0.036353"/>
      <testcase name="test_update_post_slug" class="WP_Test_REST_Posts_Controller" file="/Users/msaari/wordpress-develop/tests/phpunit/tests/rest-api/rest-posts-controller.php" line="2718" assertions="37" time="0.036497"/>
      <testcase name="test_update_post_slug_accented_chars" class="WP_Test_REST_Posts_Controller" file="/Users/msaari/wordpress-develop/tests/phpunit/tests/rest-api/rest-posts-controller.php" line="2736" assertions="37" time="0.020917"/>
      <testcase name="test_update_post_sticky" class="WP_Test_REST_Posts_Controller" file="/Users/msaari/wordpress-develop/tests/phpunit/tests/rest-api/rest-posts-controller.php" line="2754" assertions="55" time="0.035755"/>
      <testcase name="test_update_post_excerpt" class="WP_Test_REST_Posts_Controller" file="/Users/msaari/wordpress-develop/tests/phpunit/tests/rest-api/rest-posts-controller.php" line="2787" assertions="35" time="0.019672"/>
      <testcase name="test_update_post_empty_excerpt" class="WP_Test_REST_Posts_Controller" file="/Users/msaari/wordpress-develop/tests/phpunit/tests/rest-api/rest-posts-controller.php" line="2802" assertions="35" time="0.019509"/>
      <testcase name="test_update_post_content" class="WP_Test_REST_Posts_Controller" file="/Users/msaari/wordpress-develop/tests/phpunit/tests/rest-api/rest-posts-controller.php" line="2817" assertions="35" time="0.021462"/>
      <testcase name="test_update_post_empty_content" class="WP_Test_REST_Posts_Controller" file="/Users/msaari/wordpress-develop/tests/phpunit/tests/rest-api/rest-posts-controller.php" line="2832" assertions="35" time="0.019120"/>
      <testcase name="test_update_post_with_empty_password" class="WP_Test_REST_Posts_Controller" file="/Users/msaari/wordpress-develop/tests/phpunit/tests/rest-api/rest-posts-controller.php" line="2847" assertions="36" time="0.032317"/>
      <testcase name="test_update_post_with_password_and_sticky_fails" class="WP_Test_REST_Posts_Controller" file="/Users/msaari/wordpress-develop/tests/phpunit/tests/rest-api/rest-posts-controller.php" line="2868" assertions="24" time="0.005526"/>
      <testcase name="test_update_stick_post_with_password_fails" class="WP_Test_REST_Posts_Controller" file="/Users/msaari/wordpress-develop/tests/phpunit/tests/rest-api/rest-posts-controller.php" line="2884" assertions="24" time="0.006070"/>
      <testcase name="test_update_password_protected_post_with_sticky_fails" class="WP_Test_REST_Posts_Controller" file="/Users/msaari/wordpress-develop/tests/phpunit/tests/rest-api/rest-posts-controller.php" line="2901" assertions="24" time="0.027440"/>
      <testcase name="test_update_post_with_quotes_in_title" class="WP_Test_REST_Posts_Controller" file="/Users/msaari/wordpress-develop/tests/phpunit/tests/rest-api/rest-posts-controller.php" line="2923" assertions="36" time="0.019313"/>
      <testcase name="test_update_post_with_categories" class="WP_Test_REST_Posts_Controller" file="/Users/msaari/wordpress-develop/tests/phpunit/tests/rest-api/rest-posts-controller.php" line="2938" assertions="43" time="0.037125"/>
      <testcase name="test_update_post_with_empty_categories" class="WP_Test_REST_Posts_Controller" file="/Users/msaari/wordpress-develop/tests/phpunit/tests/rest-api/rest-posts-controller.php" line="2974" assertions="36" time="0.034068"/>
      <testcase name="test_update_post_with_categories_that_cannot_be_assigned_by_current_user" class="WP_Test_REST_Posts_Controller" file="/Users/msaari/wordpress-develop/tests/phpunit/tests/rest-api/rest-posts-controller.php" line="2996" assertions="23" time="0.013110"/>
      <testcase name="test_update_item_with_template" class="WP_Test_REST_Posts_Controller" file="/Users/msaari/wordpress-develop/tests/phpunit/tests/rest-api/rest-posts-controller.php" line="3020" assertions="42" time="0.024534"/>
      <testcase name="test_update_item_with_template_none" class="WP_Test_REST_Posts_Controller" file="/Users/msaari/wordpress-develop/tests/phpunit/tests/rest-api/rest-posts-controller.php" line="3049" assertions="42" time="0.023056"/>
      <testcase name="test_update_item_with_same_template_that_no_longer_exists" class="WP_Test_REST_Posts_Controller" file="/Users/msaari/wordpress-develop/tests/phpunit/tests/rest-api/rest-posts-controller.php" line="3082" assertions="38" time="0.022442"/>
      <testsuite name="WP_Test_REST_Posts_Controller::test_post_roundtrip_as_author" tests="4" assertions="288" failures="0" errors="0" time="0.154172">
        <testcase name="test_post_roundtrip_as_author with data set #0" assertions="72" time="0.035272"/>
        <testcase name="test_post_roundtrip_as_author with data set #1" assertions="72" time="0.034964"/>
        <testcase name="test_post_roundtrip_as_author with data set #2" assertions="72" time="0.047675"/>
        <testcase name="test_post_roundtrip_as_author with data set #3" assertions="72" time="0.036261"/>
      </testsuite>
      <testcase name="test_post_roundtrip_as_editor_unfiltered_html" class="WP_Test_REST_Posts_Controller" file="/Users/msaari/wordpress-develop/tests/phpunit/tests/rest-api/rest-posts-controller.php" line="3260" assertions="72" time="0.034579"/>
      <testcase name="test_post_roundtrip_as_superadmin_unfiltered_html" class="WP_Test_REST_Posts_Controller" file="/Users/msaari/wordpress-develop/tests/phpunit/tests/rest-api/rest-posts-controller.php" line="3311" assertions="72" time="0.034681"/>
      <testcase name="test_delete_item" class="WP_Test_REST_Posts_Controller" file="/Users/msaari/wordpress-develop/tests/phpunit/tests/rest-api/rest-posts-controller.php" line="3337" assertions="34" time="0.040136"/>
      <testcase name="test_delete_item_skip_trash" class="WP_Test_REST_Posts_Controller" file="/Users/msaari/wordpress-develop/tests/phpunit/tests/rest-api/rest-posts-controller.php" line="3351" assertions="33" time="0.042572"/>
      <testcase name="test_delete_item_already_trashed" class="WP_Test_REST_Posts_Controller" file="/Users/msaari/wordpress-develop/tests/phpunit/tests/rest-api/rest-posts-controller.php" line="3365" assertions="36" time="0.045678"/>
      <testcase name="test_delete_post_invalid_id" class="WP_Test_REST_Posts_Controller" file="/Users/msaari/wordpress-develop/tests/phpunit/tests/rest-api/rest-posts-controller.php" line="3375" assertions="23" time="0.007338"/>
      <testcase name="test_delete_post_invalid_post_type" class="WP_Test_REST_Posts_Controller" file="/Users/msaari/wordpress-develop/tests/phpunit/tests/rest-api/rest-posts-controller.php" line="3384" assertions="23" time="0.009904"/>
      <testcase name="test_delete_post_without_permission" class="WP_Test_REST_Posts_Controller" file="/Users/msaari/wordpress-develop/tests/phpunit/tests/rest-api/rest-posts-controller.php" line="3394" assertions="23" time="0.008715"/>
      <testcase name="test_register_post_type_invalid_controller" class="WP_Test_REST_Posts_Controller" file="/Users/msaari/wordpress-develop/tests/phpunit/tests/rest-api/rest-posts-controller.php" line="3403" assertions="44" time="0.025628"/>
      <testcase name="test_get_item_schema" class="WP_Test_REST_Posts_Controller" file="/Users/msaari/wordpress-develop/tests/phpunit/tests/rest-api/rest-posts-controller.php" line="3419" assertions="47" time="0.005322"/>
      <testcase name="test_get_post_view_context_properties" class="WP_Test_REST_Posts_Controller" file="/Users/msaari/wordpress-develop/tests/phpunit/tests/rest-api/rest-posts-controller.php" line="3454" assertions="31" time="0.010637"/>
      <testcase name="test_get_post_edit_context_properties" class="WP_Test_REST_Posts_Controller" file="/Users/msaari/wordpress-develop/tests/phpunit/tests/rest-api/rest-posts-controller.php" line="3490" assertions="31" time="0.007019"/>
      <testcase name="test_get_post_embed_context_properties" class="WP_Test_REST_Posts_Controller" file="/Users/msaari/wordpress-develop/tests/phpunit/tests/rest-api/rest-posts-controller.php" line="3529" assertions="31" time="0.007067"/>
      <testcase name="test_status_array_enum_args" class="WP_Test_REST_Posts_Controller" file="/Users/msaari/wordpress-develop/tests/phpunit/tests/rest-api/rest-posts-controller.php" line="3551" assertions="45" time="0.006841"/>
      <testcase name="test_get_additional_field_registration" class="WP_Test_REST_Posts_Controller" file="/Users/msaari/wordpress-develop/tests/phpunit/tests/rest-api/rest-posts-controller.php" line="3581" assertions="76" time="0.061590"/>
      <testcase name="test_additional_field_update_errors" class="WP_Test_REST_Posts_Controller" file="/Users/msaari/wordpress-develop/tests/phpunit/tests/rest-api/rest-posts-controller.php" line="3643" assertions="27" time="0.022560"/>
      <testcase name="test_publish_action_ldo_registered" class="WP_Test_REST_Posts_Controller" file="/Users/msaari/wordpress-develop/tests/phpunit/tests/rest-api/rest-posts-controller.php" line="3689" assertions="24" time="0.005423"/>
      <testcase name="test_sticky_action_ldo_registered_for_posts" class="WP_Test_REST_Posts_Controller" file="/Users/msaari/wordpress-develop/tests/phpunit/tests/rest-api/rest-posts-controller.php" line="3701" assertions="24" time="0.025812"/>
      <testcase name="test_sticky_action_ldo_not_registered_for_non_posts" class="WP_Test_REST_Posts_Controller" file="/Users/msaari/wordpress-develop/tests/phpunit/tests/rest-api/rest-posts-controller.php" line="3713" assertions="24" time="0.007023"/>
      <testcase name="test_author_action_ldo_registered_for_post_types_with_author_support" class="WP_Test_REST_Posts_Controller" file="/Users/msaari/wordpress-develop/tests/phpunit/tests/rest-api/rest-posts-controller.php" line="3725" assertions="24" time="0.007347"/>
      <testcase name="test_author_action_ldo_not_registered_for_post_types_without_author_support" class="WP_Test_REST_Posts_Controller" file="/Users/msaari/wordpress-develop/tests/phpunit/tests/rest-api/rest-posts-controller.php" line="3737" assertions="24" time="0.006725"/>
      <testcase name="test_term_action_ldos_registered" class="WP_Test_REST_Posts_Controller" file="/Users/msaari/wordpress-develop/tests/phpunit/tests/rest-api/rest-posts-controller.php" line="3751" assertions="31" time="0.006502"/>
      <testcase name="test_action_links_only_available_in_edit_context" class="WP_Test_REST_Posts_Controller" file="/Users/msaari/wordpress-develop/tests/phpunit/tests/rest-api/rest-posts-controller.php" line="3771" assertions="33" time="0.027112"/>
      <testcase name="test_publish_action_link_exists_for_author" class="WP_Test_REST_Posts_Controller" file="/Users/msaari/wordpress-develop/tests/phpunit/tests/rest-api/rest-posts-controller.php" line="3787" assertions="33" time="0.023948"/>
      <testcase name="test_publish_action_link_does_not_exist_for_contributor" class="WP_Test_REST_Posts_Controller" file="/Users/msaari/wordpress-develop/tests/phpunit/tests/rest-api/rest-posts-controller.php" line="3803" assertions="21" time="0.015210"/>
      <testcase name="test_sticky_action_exists_for_editor" class="WP_Test_REST_Posts_Controller" file="/Users/msaari/wordpress-develop/tests/phpunit/tests/rest-api/rest-posts-controller.php" line="3819" assertions="33" time="0.021366"/>
      <testcase name="test_sticky_action_does_not_exist_for_author" class="WP_Test_REST_Posts_Controller" file="/Users/msaari/wordpress-develop/tests/phpunit/tests/rest-api/rest-posts-controller.php" line="3835" assertions="33" time="0.020127"/>
      <testcase name="test_sticky_action_does_not_exist_for_non_post_posts" class="WP_Test_REST_Posts_Controller" file="/Users/msaari/wordpress-develop/tests/phpunit/tests/rest-api/rest-posts-controller.php" line="3851" assertions="21" time="0.008923"/>
      <testcase name="test_assign_author_action_exists_for_editor" class="WP_Test_REST_Posts_Controller" file="/Users/msaari/wordpress-develop/tests/phpunit/tests/rest-api/rest-posts-controller.php" line="3873" assertions="33" time="0.034076"/>
      <testcase name="test_assign_author_action_does_not_exist_for_author" class="WP_Test_REST_Posts_Controller" file="/Users/msaari/wordpress-develop/tests/phpunit/tests/rest-api/rest-posts-controller.php" line="3889" assertions="33" time="0.020430"/>
      <testcase name="test_assign_author_action_does_not_exist_for_post_types_without_author_support" class="WP_Test_REST_Posts_Controller" file="/Users/msaari/wordpress-develop/tests/phpunit/tests/rest-api/rest-posts-controller.php" line="3905" assertions="33" time="0.019880"/>
      <testcase name="test_create_term_action_exists_for_editor" class="WP_Test_REST_Posts_Controller" file="/Users/msaari/wordpress-develop/tests/phpunit/tests/rest-api/rest-posts-controller.php" line="3923" assertions="35" time="0.020331"/>
      <testcase name="test_create_term_action_non_hierarchical_exists_for_author" class="WP_Test_REST_Posts_Controller" file="/Users/msaari/wordpress-develop/tests/phpunit/tests/rest-api/rest-posts-controller.php" line="3941" assertions="33" time="0.019960"/>
      <testcase name="test_create_term_action_hierarchical_does_not_exists_for_author" class="WP_Test_REST_Posts_Controller" file="/Users/msaari/wordpress-develop/tests/phpunit/tests/rest-api/rest-posts-controller.php" line="3957" assertions="33" time="0.020760"/>
      <testcase name="test_assign_term_action_exists_for_contributor" class="WP_Test_REST_Posts_Controller" file="/Users/msaari/wordpress-develop/tests/phpunit/tests/rest-api/rest-posts-controller.php" line="3973" assertions="34" time="0.019159"/>
    </testsuite>
    <testsuite name="WP_Test_REST_Request_Validation" file="/Users/msaari/wordpress-develop/tests/phpunit/tests/rest-api/rest-request-validation.php" tests="8" assertions="32" failures="0" errors="0" time="0.012832">
      <testcase name="test_validate_within_min_max_range_inclusive" class="WP_Test_REST_Request_Validation" file="/Users/msaari/wordpress-develop/tests/phpunit/tests/rest-api/rest-request-validation.php" line="14" assertions="4" time="0.001907"/>
      <testcase name="test_validate_within_min_max_range_min_exclusive" class="WP_Test_REST_Request_Validation" file="/Users/msaari/wordpress-develop/tests/phpunit/tests/rest-api/rest-request-validation.php" line="38" assertions="6" time="0.001473"/>
      <testcase name="test_validate_within_min_max_range_max_exclusive" class="WP_Test_REST_Request_Validation" file="/Users/msaari/wordpress-develop/tests/phpunit/tests/rest-api/rest-request-validation.php" line="67" assertions="6" time="0.001755"/>
      <testcase name="test_validate_within_min_max_range_both_exclusive" class="WP_Test_REST_Request_Validation" file="/Users/msaari/wordpress-develop/tests/phpunit/tests/rest-api/rest-request-validation.php" line="96" assertions="6" time="0.001803"/>
      <testcase name="test_validate_greater_than_min_inclusive" class="WP_Test_REST_Request_Validation" file="/Users/msaari/wordpress-develop/tests/phpunit/tests/rest-api/rest-request-validation.php" line="126" assertions="2" time="0.001482"/>
      <testcase name="test_validate_greater_than_min_exclusive" class="WP_Test_REST_Request_Validation" file="/Users/msaari/wordpress-develop/tests/phpunit/tests/rest-api/rest-request-validation.php" line="145" assertions="3" time="0.001448"/>
      <testcase name="test_validate_less_than_max_inclusive" class="WP_Test_REST_Request_Validation" file="/Users/msaari/wordpress-develop/tests/phpunit/tests/rest-api/rest-request-validation.php" line="167" assertions="2" time="0.001537"/>
      <testcase name="test_validate_less_than_max_exclusive" class="WP_Test_REST_Request_Validation" file="/Users/msaari/wordpress-develop/tests/phpunit/tests/rest-api/rest-request-validation.php" line="186" assertions="3" time="0.001427"/>
    </testsuite>
    <testsuite name="Tests_REST_Request" file="/Users/msaari/wordpress-develop/tests/phpunit/tests/rest-api/rest-request.php" tests="41" assertions="111" failures="0" errors="0" time="0.068255">
      <testcase name="test_header" class="Tests_REST_Request" file="/Users/msaari/wordpress-develop/tests/phpunit/tests/rest-api/rest-request.php" line="21" assertions="1" time="0.001753"/>
      <testcase name="test_header_missing" class="Tests_REST_Request" file="/Users/msaari/wordpress-develop/tests/phpunit/tests/rest-api/rest-request.php" line="29" assertions="2" time="0.001501"/>
      <testcase name="test_remove_header" class="Tests_REST_Request" file="/Users/msaari/wordpress-develop/tests/phpunit/tests/rest-api/rest-request.php" line="34" assertions="2" time="0.001380"/>
      <testcase name="test_header_multiple" class="Tests_REST_Request" file="/Users/msaari/wordpress-develop/tests/phpunit/tests/rest-api/rest-request.php" line="42" assertions="2" time="0.001536"/>
      <testsuite name="Tests_REST_Request::test_header_canonicalization" tests="6" assertions="6" failures="0" errors="0" time="0.008838">
        <testcase name="test_header_canonicalization with data set #0" assertions="1" time="0.001476"/>
        <testcase name="test_header_canonicalization with data set #1" assertions="1" time="0.001448"/>
        <testcase name="test_header_canonicalization with data set #2" assertions="1" time="0.001614"/>
        <testcase name="test_header_canonicalization with data set #3" assertions="1" time="0.001511"/>
        <testcase name="test_header_canonicalization with data set #4" assertions="1" time="0.001382"/>
        <testcase name="test_header_canonicalization with data set #5" assertions="1" time="0.001407"/>
      </testsuite>
      <testsuite name="Tests_REST_Request::test_content_type_parsing" tests="3" assertions="15" failures="0" errors="0" time="0.004754">
        <testcase name="test_content_type_parsing with data set #0" assertions="5" time="0.001626"/>
        <testcase name="test_content_type_parsing with data set #1" assertions="5" time="0.001658"/>
        <testcase name="test_content_type_parsing with data set #2" assertions="5" time="0.001470"/>
      </testsuite>
      <testcase name="test_parameter_order" class="Tests_REST_Request" file="/Users/msaari/wordpress-develop/tests/phpunit/tests/rest-api/rest-request.php" line="141" assertions="6" time="0.001594"/>
      <testcase name="test_parameter_order_post" class="Tests_REST_Request" file="/Users/msaari/wordpress-develop/tests/phpunit/tests/rest-api/rest-request.php" line="160" assertions="6" time="0.001716"/>
      <testcase name="test_parameter_order_json" class="Tests_REST_Request" file="/Users/msaari/wordpress-develop/tests/phpunit/tests/rest-api/rest-request.php" line="181" assertions="6" time="0.001448"/>
      <testcase name="test_parameter_order_json_invalid" class="Tests_REST_Request" file="/Users/msaari/wordpress-develop/tests/phpunit/tests/rest-api/rest-request.php" line="200" assertions="6" time="0.001408"/>
      <testsuite name="Tests_REST_Request::test_non_post_body_parameters" tests="3" assertions="9" failures="0" errors="0" time="0.004239">
        <testcase name="test_non_post_body_parameters with data set #0" assertions="3" time="0.001443"/>
        <testcase name="test_non_post_body_parameters with data set #1" assertions="3" time="0.001394"/>
        <testcase name="test_non_post_body_parameters with data set #2" assertions="3" time="0.001402"/>
      </testsuite>
      <testcase name="test_parameters_for_json_put" class="Tests_REST_Request" file="/Users/msaari/wordpress-develop/tests/phpunit/tests/rest-api/rest-request.php" line="259" assertions="3" time="0.001574"/>
      <testcase name="test_parameters_for_json_post" class="Tests_REST_Request" file="/Users/msaari/wordpress-develop/tests/phpunit/tests/rest-api/rest-request.php" line="281" assertions="3" time="0.001907"/>
      <testcase name="test_parameter_merging" class="Tests_REST_Request" file="/Users/msaari/wordpress-develop/tests/phpunit/tests/rest-api/rest-request.php" line="303" assertions="1" time="0.001516"/>
      <testcase name="test_parameter_merging_with_numeric_keys" class="Tests_REST_Request" file="/Users/msaari/wordpress-develop/tests/phpunit/tests/rest-api/rest-request.php" line="318" assertions="1" time="0.001385"/>
      <testcase name="test_sanitize_params" class="Tests_REST_Request" file="/Users/msaari/wordpress-develop/tests/phpunit/tests/rest-api/rest-request.php" line="332" assertions="2" time="0.001518"/>
      <testcase name="test_sanitize_params_error" class="Tests_REST_Request" file="/Users/msaari/wordpress-develop/tests/phpunit/tests/rest-api/rest-request.php" line="359" assertions="2" time="0.001554"/>
      <testcase name="test_sanitize_params_with_null_callback" class="Tests_REST_Request" file="/Users/msaari/wordpress-develop/tests/phpunit/tests/rest-api/rest-request.php" line="384" assertions="1" time="0.001397"/>
      <testcase name="test_sanitize_params_with_false_callback" class="Tests_REST_Request" file="/Users/msaari/wordpress-develop/tests/phpunit/tests/rest-api/rest-request.php" line="406" assertions="1" time="0.001428"/>
      <testcase name="test_has_valid_params_required_flag" class="Tests_REST_Request" file="/Users/msaari/wordpress-develop/tests/phpunit/tests/rest-api/rest-request.php" line="428" assertions="2" time="0.001714"/>
      <testcase name="test_has_valid_params_required_flag_multiple" class="Tests_REST_Request" file="/Users/msaari/wordpress-develop/tests/phpunit/tests/rest-api/rest-request.php" line="445" assertions="4" time="0.001427"/>
      <testcase name="test_has_valid_params_validate_callback" class="Tests_REST_Request" file="/Users/msaari/wordpress-develop/tests/phpunit/tests/rest-api/rest-request.php" line="470" assertions="2" time="0.001561"/>
      <testcase name="test_has_valid_params_json_error" class="Tests_REST_Request" file="/Users/msaari/wordpress-develop/tests/phpunit/tests/rest-api/rest-request.php" line="493" assertions="3" time="0.001592"/>
      <testcase name="test_has_valid_params_empty_json_no_error" class="Tests_REST_Request" file="/Users/msaari/wordpress-develop/tests/phpunit/tests/rest-api/rest-request.php" line="509" assertions="1" time="0.001435"/>
      <testcase name="test_has_multiple_invalid_params_validate_callback" class="Tests_REST_Request" file="/Users/msaari/wordpress-develop/tests/phpunit/tests/rest-api/rest-request.php" line="521" assertions="4" time="0.001413"/>
      <testcase name="test_invalid_params_error_response_format" class="Tests_REST_Request" file="/Users/msaari/wordpress-develop/tests/phpunit/tests/rest-api/rest-request.php" line="553" assertions="3" time="0.001374"/>
      <testsuite name="Tests_REST_Request::test_from_url" tests="2" assertions="8" failures="0" errors="0" time="0.006619">
        <testcase name="test_from_url with data set #0" assertions="4" time="0.004083"/>
        <testcase name="test_from_url with data set #1" assertions="4" time="0.002536"/>
      </testsuite>
      <testsuite name="Tests_REST_Request::test_from_url_invalid" tests="2" assertions="4" failures="0" errors="0" time="0.005310">
        <testcase name="test_from_url_invalid with data set #0" assertions="2" time="0.002529"/>
        <testcase name="test_from_url_invalid with data set #1" assertions="2" time="0.002781"/>
      </testsuite>
      <testcase name="test_set_param" class="Tests_REST_Request" file="/Users/msaari/wordpress-develop/tests/phpunit/tests/rest-api/rest-request.php" line="631" assertions="1" time="0.001855"/>
      <testcase name="test_set_param_follows_parameter_order" class="Tests_REST_Request" file="/Users/msaari/wordpress-develop/tests/phpunit/tests/rest-api/rest-request.php" line="637" assertions="4" time="0.001509"/>
    </testsuite>
    <testsuite name="WP_Test_REST_Revisions_Controller" file="/Users/msaari/wordpress-develop/tests/phpunit/tests/rest-api/rest-revisions-controller.php" tests="36" assertions="1019" failures="0" errors="0" time="0.296817">
      <testcase name="test_register_routes" class="WP_Test_REST_Revisions_Controller" file="/Users/msaari/wordpress-develop/tests/phpunit/tests/rest-api/rest-revisions-controller.php" line="79" assertions="23" time="0.005508"/>
      <testcase name="test_context_param" class="WP_Test_REST_Revisions_Controller" file="/Users/msaari/wordpress-develop/tests/phpunit/tests/rest-api/rest-revisions-controller.php" line="87" assertions="25" time="0.005629"/>
      <testcase name="test_get_items" class="WP_Test_REST_Revisions_Controller" file="/Users/msaari/wordpress-develop/tests/phpunit/tests/rest-api/rest-revisions-controller.php" line="102" assertions="80" time="0.009028"/>
      <testcase name="test_get_items_no_permission" class="WP_Test_REST_Revisions_Controller" file="/Users/msaari/wordpress-develop/tests/phpunit/tests/rest-api/rest-revisions-controller.php" line="121" assertions="27" time="0.018641"/>
      <testcase name="test_get_items_missing_parent" class="WP_Test_REST_Revisions_Controller" file="/Users/msaari/wordpress-develop/tests/phpunit/tests/rest-api/rest-revisions-controller.php" line="132" assertions="23" time="0.006419"/>
      <testcase name="test_get_items_invalid_parent_post_type" class="WP_Test_REST_Revisions_Controller" file="/Users/msaari/wordpress-develop/tests/phpunit/tests/rest-api/rest-revisions-controller.php" line="139" assertions="23" time="0.006064"/>
      <testcase name="test_get_item" class="WP_Test_REST_Revisions_Controller" file="/Users/msaari/wordpress-develop/tests/phpunit/tests/rest-api/rest-revisions-controller.php" line="146" assertions="39" time="0.006485"/>
      <testcase name="test_get_item_embed_context" class="WP_Test_REST_Revisions_Controller" file="/Users/msaari/wordpress-develop/tests/phpunit/tests/rest-api/rest-revisions-controller.php" line="171" assertions="24" time="0.006078"/>
      <testcase name="test_get_item_no_permission" class="WP_Test_REST_Revisions_Controller" file="/Users/msaari/wordpress-develop/tests/phpunit/tests/rest-api/rest-revisions-controller.php" line="189" assertions="27" time="0.005866"/>
      <testcase name="test_get_item_missing_parent" class="WP_Test_REST_Revisions_Controller" file="/Users/msaari/wordpress-develop/tests/phpunit/tests/rest-api/rest-revisions-controller.php" line="200" assertions="23" time="0.005965"/>
      <testcase name="test_get_item_invalid_parent_post_type" class="WP_Test_REST_Revisions_Controller" file="/Users/msaari/wordpress-develop/tests/phpunit/tests/rest-api/rest-revisions-controller.php" line="207" assertions="23" time="0.005368"/>
      <testcase name="test_delete_item" class="WP_Test_REST_Revisions_Controller" file="/Users/msaari/wordpress-develop/tests/phpunit/tests/rest-api/rest-revisions-controller.php" line="214" assertions="25" time="0.012997"/>
      <testcase name="test_delete_item_no_trash" class="WP_Test_REST_Revisions_Controller" file="/Users/msaari/wordpress-develop/tests/phpunit/tests/rest-api/rest-revisions-controller.php" line="223" assertions="28" time="0.006750"/>
      <testcase name="test_delete_item_no_permission" class="WP_Test_REST_Revisions_Controller" file="/Users/msaari/wordpress-develop/tests/phpunit/tests/rest-api/rest-revisions-controller.php" line="238" assertions="23" time="0.019363"/>
      <testcase name="test_prepare_item" class="WP_Test_REST_Revisions_Controller" file="/Users/msaari/wordpress-develop/tests/phpunit/tests/rest-api/rest-revisions-controller.php" line="245" assertions="37" time="0.006409"/>
      <testcase name="test_prepare_item_limit_fields" class="WP_Test_REST_Revisions_Controller" file="/Users/msaari/wordpress-develop/tests/phpunit/tests/rest-api/rest-revisions-controller.php" line="253" assertions="23" time="0.006128"/>
      <testcase name="test_get_item_schema" class="WP_Test_REST_Revisions_Controller" file="/Users/msaari/wordpress-develop/tests/phpunit/tests/rest-api/rest-revisions-controller.php" line="270" assertions="33" time="0.004900"/>
      <testcase name="test_create_item" class="WP_Test_REST_Revisions_Controller" file="/Users/msaari/wordpress-develop/tests/phpunit/tests/rest-api/rest-revisions-controller.php" line="290" assertions="23" time="0.005526"/>
      <testcase name="test_update_item" class="WP_Test_REST_Revisions_Controller" file="/Users/msaari/wordpress-develop/tests/phpunit/tests/rest-api/rest-revisions-controller.php" line="296" assertions="23" time="0.004961"/>
      <testcase name="test_get_additional_field_registration" class="WP_Test_REST_Revisions_Controller" file="/Users/msaari/wordpress-develop/tests/phpunit/tests/rest-api/rest-revisions-controller.php" line="302" assertions="28" time="0.007504"/>
      <testcase name="test_get_item_sets_up_postdata" class="WP_Test_REST_Revisions_Controller" file="/Users/msaari/wordpress-develop/tests/phpunit/tests/rest-api/rest-revisions-controller.php" line="386" assertions="25" time="0.005829"/>
      <testcase name="test_get_items_pagination_header_of_the_first_page" class="WP_Test_REST_Revisions_Controller" file="/Users/msaari/wordpress-develop/tests/phpunit/tests/rest-api/rest-revisions-controller.php" line="403" assertions="34" time="0.007897"/>
      <testcase name="test_get_items_pagination_header_of_the_last_page" class="WP_Test_REST_Revisions_Controller" file="/Users/msaari/wordpress-develop/tests/phpunit/tests/rest-api/rest-revisions-controller.php" line="438" assertions="29" time="0.007195"/>
      <testcase name="test_get_items_invalid_per_page_should_error" class="WP_Test_REST_Revisions_Controller" file="/Users/msaari/wordpress-develop/tests/phpunit/tests/rest-api/rest-revisions-controller.php" line="472" assertions="23" time="0.005492"/>
      <testcase name="test_get_items_out_of_bounds_page_should_error" class="WP_Test_REST_Revisions_Controller" file="/Users/msaari/wordpress-develop/tests/phpunit/tests/rest-api/rest-revisions-controller.php" line="490" assertions="24" time="0.022861"/>
      <testcase name="test_get_items_invalid_max_pages_should_error" class="WP_Test_REST_Revisions_Controller" file="/Users/msaari/wordpress-develop/tests/phpunit/tests/rest-api/rest-revisions-controller.php" line="515" assertions="24" time="0.007305"/>
      <testcase name="test_get_items_search_query" class="WP_Test_REST_Revisions_Controller" file="/Users/msaari/wordpress-develop/tests/phpunit/tests/rest-api/rest-revisions-controller.php" line="539" assertions="27" time="0.006887"/>
      <testcase name="test_get_items_default_query_should_fetch_all_revisons" class="WP_Test_REST_Revisions_Controller" file="/Users/msaari/wordpress-develop/tests/phpunit/tests/rest-api/rest-revisions-controller.php" line="559" assertions="34" time="0.007454"/>
      <testcase name="test_get_items_offset_should_not_work_without_per_page" class="WP_Test_REST_Revisions_Controller" file="/Users/msaari/wordpress-develop/tests/phpunit/tests/rest-api/rest-revisions-controller.php" line="574" assertions="34" time="0.007898"/>
      <testcase name="test_get_items_offset_should_work_with_per_page" class="WP_Test_REST_Revisions_Controller" file="/Users/msaari/wordpress-develop/tests/phpunit/tests/rest-api/rest-revisions-controller.php" line="591" assertions="30" time="0.007757"/>
      <testcase name="test_get_items_offset_should_take_priority_over_page" class="WP_Test_REST_Revisions_Controller" file="/Users/msaari/wordpress-develop/tests/phpunit/tests/rest-api/rest-revisions-controller.php" line="614" assertions="30" time="0.007408"/>
      <testcase name="test_get_items_total_revisions_offset_should_return_empty_data" class="WP_Test_REST_Revisions_Controller" file="/Users/msaari/wordpress-develop/tests/phpunit/tests/rest-api/rest-revisions-controller.php" line="639" assertions="24" time="0.007468"/>
      <testcase name="test_get_items_out_of_bound_offset_should_error" class="WP_Test_REST_Revisions_Controller" file="/Users/msaari/wordpress-develop/tests/phpunit/tests/rest-api/rest-revisions-controller.php" line="663" assertions="24" time="0.006798"/>
      <testcase name="test_get_items_impossible_high_number_offset_should_error" class="WP_Test_REST_Revisions_Controller" file="/Users/msaari/wordpress-develop/tests/phpunit/tests/rest-api/rest-revisions-controller.php" line="687" assertions="24" time="0.007173"/>
      <testcase name="test_get_items_invalid_offset_should_error" class="WP_Test_REST_Revisions_Controller" file="/Users/msaari/wordpress-develop/tests/phpunit/tests/rest-api/rest-revisions-controller.php" line="711" assertions="23" time="0.018950"/>
      <testcase name="test_get_items_out_of_bounds_page_should_not_error_if_offset" class="WP_Test_REST_Revisions_Controller" file="/Users/msaari/wordpress-develop/tests/phpunit/tests/rest-api/rest-revisions-controller.php" line="736" assertions="30" time="0.006856"/>
    </testsuite>
    <testsuite name="WP_Test_REST_Schema_Sanitization" file="/Users/msaari/wordpress-develop/tests/phpunit/tests/rest-api/rest-schema-sanitization.php" tests="18" assertions="53" failures="0" errors="0" time="0.040147">
      <testcase name="test_type_number" class="WP_Test_REST_Schema_Sanitization" file="/Users/msaari/wordpress-develop/tests/phpunit/tests/rest-api/rest-schema-sanitization.php" line="14" assertions="5" time="0.002265"/>
      <testcase name="test_type_integer" class="WP_Test_REST_Schema_Sanitization" file="/Users/msaari/wordpress-develop/tests/phpunit/tests/rest-api/rest-schema-sanitization.php" line="25" assertions="5" time="0.002592"/>
      <testcase name="test_type_string" class="WP_Test_REST_Schema_Sanitization" file="/Users/msaari/wordpress-develop/tests/phpunit/tests/rest-api/rest-schema-sanitization.php" line="36" assertions="3" time="0.002590"/>
      <testcase name="test_type_boolean" class="WP_Test_REST_Schema_Sanitization" file="/Users/msaari/wordpress-develop/tests/phpunit/tests/rest-api/rest-schema-sanitization.php" line="45" assertions="7" time="0.002968"/>
      <testcase name="test_format_email" class="WP_Test_REST_Schema_Sanitization" file="/Users/msaari/wordpress-develop/tests/phpunit/tests/rest-api/rest-schema-sanitization.php" line="58" assertions="3" time="0.003030"/>
      <testcase name="test_format_ip" class="WP_Test_REST_Schema_Sanitization" file="/Users/msaari/wordpress-develop/tests/phpunit/tests/rest-api/rest-schema-sanitization.php" line="68" assertions="3" time="0.002557"/>
      <testcase name="test_type_array" class="WP_Test_REST_Schema_Sanitization" file="/Users/msaari/wordpress-develop/tests/phpunit/tests/rest-api/rest-schema-sanitization.php" line="79" assertions="2" time="0.002162"/>
      <testcase name="test_type_array_nested" class="WP_Test_REST_Schema_Sanitization" file="/Users/msaari/wordpress-develop/tests/phpunit/tests/rest-api/rest-schema-sanitization.php" line="90" assertions="2" time="0.002250"/>
      <testcase name="test_type_array_as_csv" class="WP_Test_REST_Schema_Sanitization" file="/Users/msaari/wordpress-develop/tests/phpunit/tests/rest-api/rest-schema-sanitization.php" line="104" assertions="2" time="0.002975"/>
      <testcase name="test_type_array_with_enum" class="WP_Test_REST_Schema_Sanitization" file="/Users/msaari/wordpress-develop/tests/phpunit/tests/rest-api/rest-schema-sanitization.php" line="115" assertions="2" time="0.002057"/>
      <testcase name="test_type_array_with_enum_as_csv" class="WP_Test_REST_Schema_Sanitization" file="/Users/msaari/wordpress-develop/tests/phpunit/tests/rest-api/rest-schema-sanitization.php" line="127" assertions="2" time="0.002218"/>
      <testcase name="test_type_array_is_associative" class="WP_Test_REST_Schema_Sanitization" file="/Users/msaari/wordpress-develop/tests/phpunit/tests/rest-api/rest-schema-sanitization.php" line="139" assertions="1" time="0.002150"/>
      <testcase name="test_type_object" class="WP_Test_REST_Schema_Sanitization" file="/Users/msaari/wordpress-develop/tests/phpunit/tests/rest-api/rest-schema-sanitization.php" line="158" assertions="3" time="0.001706"/>
      <testcase name="test_type_object_strips_additional_properties" class="WP_Test_REST_Schema_Sanitization" file="/Users/msaari/wordpress-develop/tests/phpunit/tests/rest-api/rest-schema-sanitization.php" line="184" assertions="3" time="0.001686"/>
      <testcase name="test_type_object_nested" class="WP_Test_REST_Schema_Sanitization" file="/Users/msaari/wordpress-develop/tests/phpunit/tests/rest-api/rest-schema-sanitization.php" line="208" assertions="3" time="0.001743"/>
      <testcase name="test_type_object_stdclass" class="WP_Test_REST_Schema_Sanitization" file="/Users/msaari/wordpress-develop/tests/phpunit/tests/rest-api/rest-schema-sanitization.php" line="263" assertions="1" time="0.001853"/>
      <testcase name="test_type_unknown" class="WP_Test_REST_Schema_Sanitization" file="/Users/msaari/wordpress-develop/tests/phpunit/tests/rest-api/rest-schema-sanitization.php" line="275" assertions="3" time="0.001547"/>
      <testcase name="test_no_type" class="WP_Test_REST_Schema_Sanitization" file="/Users/msaari/wordpress-develop/tests/phpunit/tests/rest-api/rest-schema-sanitization.php" line="284" assertions="3" time="0.001798"/>
    </testsuite>
    <testsuite name="WP_Test_REST_Schema_Initialization" file="/Users/msaari/wordpress-develop/tests/phpunit/tests/rest-api/rest-schema-setup.php" tests="2" assertions="63" failures="0" errors="0" time="0.132317">
      <testcase name="test_expected_routes_in_schema" class="WP_Test_REST_Schema_Initialization" file="/Users/msaari/wordpress-develop/tests/phpunit/tests/rest-api/rest-schema-setup.php" line="74" assertions="3" time="0.004018"/>
      <testcase name="test_build_wp_api_client_fixtures" class="WP_Test_REST_Schema_Initialization" file="/Users/msaari/wordpress-develop/tests/phpunit/tests/rest-api/rest-schema-setup.php" line="127" assertions="60" time="0.128299"/>
    </testsuite>
    <testsuite name="WP_Test_REST_Schema_Validation" file="/Users/msaari/wordpress-develop/tests/phpunit/tests/rest-api/rest-schema-validation.php" tests="18" assertions="70" failures="0" errors="0" time="0.029593">
      <testcase name="test_type_number" class="WP_Test_REST_Schema_Validation" file="/Users/msaari/wordpress-develop/tests/phpunit/tests/rest-api/rest-schema-validation.php" line="14" assertions="5" time="0.001832"/>
      <testcase name="test_type_integer" class="WP_Test_REST_Schema_Validation" file="/Users/msaari/wordpress-develop/tests/phpunit/tests/rest-api/rest-schema-validation.php" line="27" assertions="5" time="0.001554"/>
      <testcase name="test_type_string" class="WP_Test_REST_Schema_Validation" file="/Users/msaari/wordpress-develop/tests/phpunit/tests/rest-api/rest-schema-validation.php" line="40" assertions="4" time="0.001620"/>
      <testcase name="test_type_boolean" class="WP_Test_REST_Schema_Validation" file="/Users/msaari/wordpress-develop/tests/phpunit/tests/rest-api/rest-schema-validation.php" line="50" assertions="9" time="0.001581"/>
      <testcase name="test_format_email" class="WP_Test_REST_Schema_Validation" file="/Users/msaari/wordpress-develop/tests/phpunit/tests/rest-api/rest-schema-validation.php" line="65" assertions="3" time="0.001457"/>
      <testcase name="test_format_date_time" class="WP_Test_REST_Schema_Validation" file="/Users/msaari/wordpress-develop/tests/phpunit/tests/rest-api/rest-schema-validation.php" line="75" assertions="6" time="0.001539"/>
      <testcase name="test_format_ip" class="WP_Test_REST_Schema_Validation" file="/Users/msaari/wordpress-develop/tests/phpunit/tests/rest-api/rest-schema-validation.php" line="88" assertions="15" time="0.001498"/>
      <testcase name="test_type_array" class="WP_Test_REST_Schema_Validation" file="/Users/msaari/wordpress-develop/tests/phpunit/tests/rest-api/rest-schema-validation.php" line="114" assertions="2" time="0.001605"/>
      <testcase name="test_type_array_nested" class="WP_Test_REST_Schema_Validation" file="/Users/msaari/wordpress-develop/tests/phpunit/tests/rest-api/rest-schema-validation.php" line="125" assertions="1" time="0.001916"/>
      <testcase name="test_type_array_as_csv" class="WP_Test_REST_Schema_Validation" file="/Users/msaari/wordpress-develop/tests/phpunit/tests/rest-api/rest-schema-validation.php" line="138" assertions="3" time="0.001747"/>
      <testcase name="test_type_array_with_enum" class="WP_Test_REST_Schema_Validation" file="/Users/msaari/wordpress-develop/tests/phpunit/tests/rest-api/rest-schema-validation.php" line="150" assertions="2" time="0.001771"/>
      <testcase name="test_type_array_with_enum_as_csv" class="WP_Test_REST_Schema_Validation" file="/Users/msaari/wordpress-develop/tests/phpunit/tests/rest-api/rest-schema-validation.php" line="162" assertions="2" time="0.001640"/>
      <testcase name="test_type_array_is_associative" class="WP_Test_REST_Schema_Validation" file="/Users/msaari/wordpress-develop/tests/phpunit/tests/rest-api/rest-schema-validation.php" line="174" assertions="1" time="0.001402"/>
      <testcase name="test_type_object" class="WP_Test_REST_Schema_Validation" file="/Users/msaari/wordpress-develop/tests/phpunit/tests/rest-api/rest-schema-validation.php" line="192" assertions="3" time="0.001383"/>
      <testcase name="test_type_object_additional_properties_false" class="WP_Test_REST_Schema_Validation" file="/Users/msaari/wordpress-develop/tests/phpunit/tests/rest-api/rest-schema-validation.php" line="214" assertions="2" time="0.001541"/>
      <testcase name="test_type_object_nested" class="WP_Test_REST_Schema_Validation" file="/Users/msaari/wordpress-develop/tests/phpunit/tests/rest-api/rest-schema-validation.php" line="236" assertions="3" time="0.001683"/>
      <testcase name="test_type_object_stdclass" class="WP_Test_REST_Schema_Validation" file="/Users/msaari/wordpress-develop/tests/phpunit/tests/rest-api/rest-schema-validation.php" line="274" assertions="1" time="0.001925"/>
      <testcase name="test_type_unknown" class="WP_Test_REST_Schema_Validation" file="/Users/msaari/wordpress-develop/tests/phpunit/tests/rest-api/rest-schema-validation.php" line="286" assertions="3" time="0.001899"/>
    </testsuite>
    <testsuite name="Tests_REST_Server" file="/Users/msaari/wordpress-develop/tests/phpunit/tests/rest-api/rest-server.php" tests="49" assertions="122" failures="0" errors="0" time="0.389783">
      <testcase name="test_envelope" class="Tests_REST_Server" file="/Users/msaari/wordpress-develop/tests/phpunit/tests/rest-api/rest-server.php" line="31" assertions="7" time="0.003939"/>
      <testcase name="test_default_param" class="Tests_REST_Server" file="/Users/msaari/wordpress-develop/tests/phpunit/tests/rest-api/rest-server.php" line="63" assertions="1" time="0.005106"/>
      <testcase name="test_default_param_is_overridden" class="Tests_REST_Server" file="/Users/msaari/wordpress-develop/tests/phpunit/tests/rest-api/rest-server.php" line="85" assertions="1" time="0.004606"/>
      <testcase name="test_optional_param" class="Tests_REST_Server" file="/Users/msaari/wordpress-develop/tests/phpunit/tests/rest-api/rest-server.php" line="108" assertions="3" time="0.004794"/>
      <testcase name="test_no_zero_param" class="Tests_REST_Server" file="/Users/msaari/wordpress-develop/tests/phpunit/tests/rest-api/rest-server.php" line="129" assertions="1" time="0.004441"/>
      <testcase name="test_head_request_handled_by_get" class="Tests_REST_Server" file="/Users/msaari/wordpress-develop/tests/phpunit/tests/rest-api/rest-server.php" line="148" assertions="1" time="0.004350"/>
      <testcase name="test_explicit_head_callback" class="Tests_REST_Server" file="/Users/msaari/wordpress-develop/tests/phpunit/tests/rest-api/rest-server.php" line="168" assertions="1" time="0.017820"/>
      <testcase name="test_url_params_no_numeric_keys" class="Tests_REST_Server" file="/Users/msaari/wordpress-develop/tests/phpunit/tests/rest-api/rest-server.php" line="189" assertions="1" time="0.004795"/>
      <testcase name="test_rest_route_capability_authorization_fails" class="Tests_REST_Server" file="/Users/msaari/wordpress-develop/tests/phpunit/tests/rest-api/rest-server.php" line="214" assertions="1" time="0.004349"/>
      <testcase name="test_rest_route_capability_authorization" class="Tests_REST_Server" file="/Users/msaari/wordpress-develop/tests/phpunit/tests/rest-api/rest-server.php" line="236" assertions="1" time="0.020707"/>
      <testcase name="test_allow_header_sent" class="Tests_REST_Server" file="/Users/msaari/wordpress-develop/tests/phpunit/tests/rest-api/rest-server.php" line="263" assertions="2" time="0.004643"/>
      <testcase name="test_allow_header_sent_with_multiple_methods" class="Tests_REST_Server" file="/Users/msaari/wordpress-develop/tests/phpunit/tests/rest-api/rest-server.php" line="290" assertions="2" time="0.005171"/>
      <testcase name="test_allow_header_send_only_permitted_methods" class="Tests_REST_Server" file="/Users/msaari/wordpress-develop/tests/phpunit/tests/rest-api/rest-server.php" line="328" assertions="2" time="0.004468"/>
      <testcase name="test_allow_header_sent_on_options_request" class="Tests_REST_Server" file="/Users/msaari/wordpress-develop/tests/phpunit/tests/rest-api/rest-server.php" line="362" assertions="1" time="0.004854"/>
      <testcase name="test_error_to_response" class="Tests_REST_Server" file="/Users/msaari/wordpress-develop/tests/phpunit/tests/rest-api/rest-server.php" line="393" assertions="4" time="0.004327"/>
      <testcase name="test_error_to_response_with_status" class="Tests_REST_Server" file="/Users/msaari/wordpress-develop/tests/phpunit/tests/rest-api/rest-server.php" line="410" assertions="4" time="0.004294"/>
      <testcase name="test_error_to_response_to_error" class="Tests_REST_Server" file="/Users/msaari/wordpress-develop/tests/phpunit/tests/rest-api/rest-server.php" line="426" assertions="7" time="0.017209"/>
      <testcase name="test_rest_error" class="Tests_REST_Server" file="/Users/msaari/wordpress-develop/tests/phpunit/tests/rest-api/rest-server.php" line="447" assertions="1" time="0.004420"/>
      <testcase name="test_json_error_with_status" class="Tests_REST_Server" file="/Users/msaari/wordpress-develop/tests/phpunit/tests/rest-api/rest-server.php" line="458" assertions="2" time="0.004872"/>
      <testcase name="test_response_to_data_links" class="Tests_REST_Server" file="/Users/msaari/wordpress-develop/tests/phpunit/tests/rest-api/rest-server.php" line="478" assertions="3" time="0.004330"/>
      <testcase name="test_link_embedding" class="Tests_REST_Server" file="/Users/msaari/wordpress-develop/tests/phpunit/tests/rest-api/rest-server.php" line="498" assertions="7" time="0.004779"/>
      <testcase name="test_link_curies" class="Tests_REST_Server" file="/Users/msaari/wordpress-develop/tests/phpunit/tests/rest-api/rest-server.php" line="531" assertions="2" time="0.004487"/>
      <testcase name="test_custom_curie_link" class="Tests_REST_Server" file="/Users/msaari/wordpress-develop/tests/phpunit/tests/rest-api/rest-server.php" line="542" assertions="2" time="0.004351"/>
      <testcase name="test_link_embedding_self" class="Tests_REST_Server" file="/Users/msaari/wordpress-develop/tests/phpunit/tests/rest-api/rest-server.php" line="573" assertions="1" time="0.004472"/>
      <testcase name="test_link_embedding_params" class="Tests_REST_Server" file="/Users/msaari/wordpress-develop/tests/phpunit/tests/rest-api/rest-server.php" line="596" assertions="3" time="0.004777"/>
      <testcase name="test_link_embedding_error" class="Tests_REST_Server" file="/Users/msaari/wordpress-develop/tests/phpunit/tests/rest-api/rest-server.php" line="624" assertions="6" time="0.005066"/>
      <testcase name="test_link_embedding_without_links" class="Tests_REST_Server" file="/Users/msaari/wordpress-develop/tests/phpunit/tests/rest-api/rest-server.php" line="658" assertions="3" time="0.004693"/>
      <testcase name="test_removing_links" class="Tests_REST_Server" file="/Users/msaari/wordpress-develop/tests/phpunit/tests/rest-api/rest-server.php" line="684" assertions="3" time="0.017408"/>
      <testcase name="test_removing_links_for_href" class="Tests_REST_Server" file="/Users/msaari/wordpress-develop/tests/phpunit/tests/rest-api/rest-server.php" line="703" assertions="3" time="0.004233"/>
      <testcase name="test_get_index" class="Tests_REST_Server" file="/Users/msaari/wordpress-develop/tests/phpunit/tests/rest-api/rest-server.php" line="721" assertions="16" time="0.004401"/>
      <testcase name="test_get_namespace_index" class="Tests_REST_Server" file="/Users/msaari/wordpress-develop/tests/phpunit/tests/rest-api/rest-server.php" line="765" assertions="4" time="0.004258"/>
      <testcase name="test_get_namespaces" class="Tests_REST_Server" file="/Users/msaari/wordpress-develop/tests/phpunit/tests/rest-api/rest-server.php" line="808" assertions="2" time="0.004241"/>
      <testcase name="test_x_robot_tag_header_on_requests" class="Tests_REST_Server" file="/Users/msaari/wordpress-develop/tests/phpunit/tests/rest-api/rest-server.php" line="836" assertions="1" time="0.005377"/>
      <testcase name="test_rest_enable_filter_is_deprecated" class="Tests_REST_Server" file="/Users/msaari/wordpress-develop/tests/phpunit/tests/rest-api/rest-server.php" line="849" assertions="2" time="0.005635"/>
      <testcase name="test_link_header_on_requests" class="Tests_REST_Server" file="/Users/msaari/wordpress-develop/tests/phpunit/tests/rest-api/rest-server.php" line="859" assertions="1" time="0.005488"/>
      <testcase name="test_nocache_headers_on_authenticated_requests" class="Tests_REST_Server" file="/Users/msaari/wordpress-develop/tests/phpunit/tests/rest-api/rest-server.php" line="870" assertions="5" time="0.024395"/>
      <testcase name="test_no_nocache_headers_on_unauthenticated_requests" class="Tests_REST_Server" file="/Users/msaari/wordpress-develop/tests/phpunit/tests/rest-api/rest-server.php" line="891" assertions="3" time="0.032229"/>
      <testcase name="test_serve_request_url_params_are_unslashed" class="Tests_REST_Server" file="/Users/msaari/wordpress-develop/tests/phpunit/tests/rest-api/rest-server.php" line="903" assertions="1" time="0.004492"/>
      <testcase name="test_serve_request_query_params_are_unslashed" class="Tests_REST_Server" file="/Users/msaari/wordpress-develop/tests/phpunit/tests/rest-api/rest-server.php" line="924" assertions="1" time="0.004785"/>
      <testcase name="test_serve_request_body_params_are_unslashed" class="Tests_REST_Server" file="/Users/msaari/wordpress-develop/tests/phpunit/tests/rest-api/rest-server.php" line="952" assertions="1" time="0.004378"/>
      <testcase name="test_serve_request_json_params_are_unslashed" class="Tests_REST_Server" file="/Users/msaari/wordpress-develop/tests/phpunit/tests/rest-api/rest-server.php" line="981" assertions="1" time="0.004643"/>
      <testcase name="test_serve_request_file_params_are_unslashed" class="Tests_REST_Server" file="/Users/msaari/wordpress-develop/tests/phpunit/tests/rest-api/rest-server.php" line="1009" assertions="1" time="0.004444"/>
      <testcase name="test_serve_request_headers_are_unslashed" class="Tests_REST_Server" file="/Users/msaari/wordpress-develop/tests/phpunit/tests/rest-api/rest-server.php" line="1037" assertions="1" time="0.004514"/>
      <testcase name="test_rest_send_refreshed_nonce_invalid_nonce" class="Tests_REST_Server" file="/Users/msaari/wordpress-develop/tests/phpunit/tests/rest-api/rest-server.php" line="1069" assertions="1" time="0.019671"/>
      <testsuite name="Tests_REST_Server::test_rest_send_refreshed_nonce" tests="4" assertions="4" failures="0" errors="0" time="0.064509">
        <testcase name="test_rest_send_refreshed_nonce with data set #0" assertions="1" time="0.019535"/>
        <testcase name="test_rest_send_refreshed_nonce with data set #1" assertions="1" time="0.033340"/>
        <testcase name="test_rest_send_refreshed_nonce with data set #2" assertions="1" time="0.006009"/>
        <testcase name="test_rest_send_refreshed_nonce with data set #3" assertions="1" time="0.005625"/>
      </testsuite>
      <testcase name="test_rest_validate_before_sanitization" class="Tests_REST_Server" file="/Users/msaari/wordpress-develop/tests/phpunit/tests/rest-api/rest-server.php" line="1115" assertions="1" time="0.004563"/>
    </testsuite>
    <testsuite name="WP_Test_REST_Settings_Controller" file="/Users/msaari/wordpress-develop/tests/phpunit/tests/rest-api/rest-settings-controller.php" tests="28" assertions="615" failures="0" errors="0" time="0.204343">
      <testcase name="test_register_routes" class="WP_Test_REST_Settings_Controller" file="/Users/msaari/wordpress-develop/tests/phpunit/tests/rest-api/rest-settings-controller.php" line="41" assertions="20" time="0.004260"/>
      <testcase name="test_get_item" class="WP_Test_REST_Settings_Controller" file="/Users/msaari/wordpress-develop/tests/phpunit/tests/rest-api/rest-settings-controller.php" line="46" assertions="20" time="0.005086"/>
      <testcase name="test_context_param" class="WP_Test_REST_Settings_Controller" file="/Users/msaari/wordpress-develop/tests/phpunit/tests/rest-api/rest-settings-controller.php" line="54" assertions="19" time="0.004621"/>
      <testcase name="test_get_item_is_not_public_not_authenticated" class="WP_Test_REST_Settings_Controller" file="/Users/msaari/wordpress-develop/tests/phpunit/tests/rest-api/rest-settings-controller.php" line="57" assertions="20" time="0.004428"/>
      <testcase name="test_get_item_is_not_public_no_permission" class="WP_Test_REST_Settings_Controller" file="/Users/msaari/wordpress-develop/tests/phpunit/tests/rest-api/rest-settings-controller.php" line="63" assertions="20" time="0.005113"/>
      <testcase name="test_get_items" class="WP_Test_REST_Settings_Controller" file="/Users/msaari/wordpress-develop/tests/phpunit/tests/rest-api/rest-settings-controller.php" line="70" assertions="21" time="0.005235"/>
      <testcase name="test_get_item_value_is_cast_to_type" class="WP_Test_REST_Settings_Controller" file="/Users/msaari/wordpress-develop/tests/phpunit/tests/rest-api/rest-settings-controller.php" line="106" assertions="21" time="0.018662"/>
      <testcase name="test_get_item_with_custom_setting" class="WP_Test_REST_Settings_Controller" file="/Users/msaari/wordpress-develop/tests/phpunit/tests/rest-api/rest-settings-controller.php" line="117" assertions="23" time="0.006293"/>
      <testcase name="test_get_item_with_custom_array_setting" class="WP_Test_REST_Settings_Controller" file="/Users/msaari/wordpress-develop/tests/phpunit/tests/rest-api/rest-settings-controller.php" line="153" assertions="23" time="0.008464"/>
      <testcase name="test_get_item_with_custom_object_setting" class="WP_Test_REST_Settings_Controller" file="/Users/msaari/wordpress-develop/tests/phpunit/tests/rest-api/rest-settings-controller.php" line="203" assertions="22" time="0.007578"/>
      <testcase name="test_get_item_with_filter" class="WP_Test_REST_Settings_Controller" file="/Users/msaari/wordpress-develop/tests/phpunit/tests/rest-api/rest-settings-controller.php" line="266" assertions="24" time="0.006787"/>
      <testcase name="test_get_item_with_invalid_value_array_in_options" class="WP_Test_REST_Settings_Controller" file="/Users/msaari/wordpress-develop/tests/phpunit/tests/rest-api/rest-settings-controller.php" line="312" assertions="20" time="0.006796"/>
      <testcase name="test_get_item_with_invalid_object_array_in_options" class="WP_Test_REST_Settings_Controller" file="/Users/msaari/wordpress-develop/tests/phpunit/tests/rest-api/rest-settings-controller.php" line="338" assertions="20" time="0.006316"/>
      <testcase name="test_create_item" class="WP_Test_REST_Settings_Controller" file="/Users/msaari/wordpress-develop/tests/phpunit/tests/rest-api/rest-settings-controller.php" line="366" assertions="19" time="0.004600"/>
      <testcase name="test_update_item" class="WP_Test_REST_Settings_Controller" file="/Users/msaari/wordpress-develop/tests/phpunit/tests/rest-api/rest-settings-controller.php" line="369" assertions="22" time="0.006100"/>
      <testcase name="test_update_item_with_array" class="WP_Test_REST_Settings_Controller" file="/Users/msaari/wordpress-develop/tests/phpunit/tests/rest-api/rest-settings-controller.php" line="390" assertions="27" time="0.007839"/>
      <testcase name="test_update_item_with_nested_object" class="WP_Test_REST_Settings_Controller" file="/Users/msaari/wordpress-develop/tests/phpunit/tests/rest-api/rest-settings-controller.php" line="436" assertions="23" time="0.018128"/>
      <testcase name="test_update_item_with_object" class="WP_Test_REST_Settings_Controller" file="/Users/msaari/wordpress-develop/tests/phpunit/tests/rest-api/rest-settings-controller.php" line="479" assertions="31" time="0.007388"/>
      <testcase name="test_update_item_with_filter" class="WP_Test_REST_Settings_Controller" file="/Users/msaari/wordpress-develop/tests/phpunit/tests/rest-api/rest-settings-controller.php" line="539" assertions="29" time="0.007980"/>
      <testcase name="test_update_item_with_invalid_type" class="WP_Test_REST_Settings_Controller" file="/Users/msaari/wordpress-develop/tests/phpunit/tests/rest-api/rest-settings-controller.php" line="570" assertions="23" time="0.005196"/>
      <testcase name="test_update_item_with_integer" class="WP_Test_REST_Settings_Controller" file="/Users/msaari/wordpress-develop/tests/phpunit/tests/rest-api/rest-settings-controller.php" line="578" assertions="20" time="0.006253"/>
      <testcase name="test_update_item_with_invalid_float_for_integer" class="WP_Test_REST_Settings_Controller" file="/Users/msaari/wordpress-develop/tests/phpunit/tests/rest-api/rest-settings-controller.php" line="586" assertions="23" time="0.005342"/>
      <testcase name="test_update_item_with_null" class="WP_Test_REST_Settings_Controller" file="/Users/msaari/wordpress-develop/tests/phpunit/tests/rest-api/rest-settings-controller.php" line="597" assertions="21" time="0.006892"/>
      <testcase name="test_update_item_with_invalid_enum" class="WP_Test_REST_Settings_Controller" file="/Users/msaari/wordpress-develop/tests/phpunit/tests/rest-api/rest-settings-controller.php" line="610" assertions="23" time="0.005980"/>
      <testcase name="test_update_item_with_invalid_stored_value_in_options" class="WP_Test_REST_Settings_Controller" file="/Users/msaari/wordpress-develop/tests/phpunit/tests/rest-api/rest-settings-controller.php" line="620" assertions="23" time="0.006013"/>
      <testcase name="test_delete_item" class="WP_Test_REST_Settings_Controller" file="/Users/msaari/wordpress-develop/tests/phpunit/tests/rest-api/rest-settings-controller.php" line="641" assertions="20" time="0.004918"/>
      <testcase name="test_prepare_item" class="WP_Test_REST_Settings_Controller" file="/Users/msaari/wordpress-develop/tests/phpunit/tests/rest-api/rest-settings-controller.php" line="648" assertions="19" time="0.017417"/>
      <testcase name="test_get_item_schema" class="WP_Test_REST_Settings_Controller" file="/Users/msaari/wordpress-develop/tests/phpunit/tests/rest-api/rest-settings-controller.php" line="651" assertions="19" time="0.004657"/>
    </testsuite>
    <testsuite name="WP_Test_REST_Tags_Controller" file="/Users/msaari/wordpress-develop/tests/phpunit/tests/rest-api/rest-tags-controller.php" tests="61" assertions="2055" failures="0" errors="0" time="1.000389">
      <testcase name="test_register_routes" class="WP_Test_REST_Tags_Controller" file="/Users/msaari/wordpress-develop/tests/phpunit/tests/rest-api/rest-tags-controller.php" line="108" assertions="21" time="0.004496"/>
      <testcase name="test_context_param" class="WP_Test_REST_Tags_Controller" file="/Users/msaari/wordpress-develop/tests/phpunit/tests/rest-api/rest-tags-controller.php" line="114" assertions="25" time="0.007803"/>
      <testcase name="test_registered_query_params" class="WP_Test_REST_Tags_Controller" file="/Users/msaari/wordpress-develop/tests/phpunit/tests/rest-api/rest-tags-controller.php" line="130" assertions="22" time="0.005020"/>
      <testcase name="test_get_items" class="WP_Test_REST_Tags_Controller" file="/Users/msaari/wordpress-develop/tests/phpunit/tests/rest-api/rest-tags-controller.php" line="155" assertions="32" time="0.011465"/>
      <testcase name="test_get_items_invalid_permission_for_context" class="WP_Test_REST_Tags_Controller" file="/Users/msaari/wordpress-develop/tests/phpunit/tests/rest-api/rest-tags-controller.php" line="162" assertions="23" time="0.004542"/>
      <testcase name="test_get_items_hide_empty_arg" class="WP_Test_REST_Tags_Controller" file="/Users/msaari/wordpress-develop/tests/phpunit/tests/rest-api/rest-tags-controller.php" line="170" assertions="35" time="0.024866"/>
      <testcase name="test_get_items_include_query" class="WP_Test_REST_Tags_Controller" file="/Users/msaari/wordpress-develop/tests/phpunit/tests/rest-api/rest-tags-controller.php" line="188" assertions="45" time="0.015831"/>
      <testcase name="test_get_items_exclude_query" class="WP_Test_REST_Tags_Controller" file="/Users/msaari/wordpress-develop/tests/phpunit/tests/rest-api/rest-tags-controller.php" line="211" assertions="41" time="0.013778"/>
      <testcase name="test_get_items_offset_query" class="WP_Test_REST_Tags_Controller" file="/Users/msaari/wordpress-develop/tests/phpunit/tests/rest-api/rest-tags-controller.php" line="230" assertions="57" time="0.046504"/>
      <testcase name="test_get_items_orderby_args" class="WP_Test_REST_Tags_Controller" file="/Users/msaari/wordpress-develop/tests/phpunit/tests/rest-api/rest-tags-controller.php" line="254" assertions="43" time="0.015204"/>
      <testcase name="test_get_items_orderby_id" class="WP_Test_REST_Tags_Controller" file="/Users/msaari/wordpress-develop/tests/phpunit/tests/rest-api/rest-tags-controller.php" line="287" assertions="70" time="0.019752"/>
      <testcase name="test_get_items_orderby_slugs" class="WP_Test_REST_Tags_Controller" file="/Users/msaari/wordpress-develop/tests/phpunit/tests/rest-api/rest-tags-controller.php" line="320" assertions="36" time="0.014615"/>
      <testcase name="test_get_items_post_args" class="WP_Test_REST_Tags_Controller" file="/Users/msaari/wordpress-develop/tests/phpunit/tests/rest-api/rest-tags-controller.php" line="336" assertions="35" time="0.025040"/>
      <testcase name="test_get_terms_post_args_paging" class="WP_Test_REST_Tags_Controller" file="/Users/msaari/wordpress-develop/tests/phpunit/tests/rest-api/rest-tags-controller.php" line="359" assertions="171" time="0.112394"/>
      <testcase name="test_get_items_post_empty" class="WP_Test_REST_Tags_Controller" file="/Users/msaari/wordpress-develop/tests/phpunit/tests/rest-api/rest-tags-controller.php" line="400" assertions="22" time="0.016222"/>
      <testcase name="test_get_items_custom_tax_post_args" class="WP_Test_REST_Tags_Controller" file="/Users/msaari/wordpress-develop/tests/phpunit/tests/rest-api/rest-tags-controller.php" line="412" assertions="31" time="0.026282"/>
      <testcase name="test_get_items_search_args" class="WP_Test_REST_Tags_Controller" file="/Users/msaari/wordpress-develop/tests/phpunit/tests/rest-api/rest-tags-controller.php" line="447" assertions="30" time="0.013612"/>
      <testcase name="test_get_items_slug_arg" class="WP_Test_REST_Tags_Controller" file="/Users/msaari/wordpress-develop/tests/phpunit/tests/rest-api/rest-tags-controller.php" line="469" assertions="27" time="0.010913"/>
      <testcase name="test_get_items_slug_array_arg" class="WP_Test_REST_Tags_Controller" file="/Users/msaari/wordpress-develop/tests/phpunit/tests/rest-api/rest-tags-controller.php" line="481" assertions="34" time="0.028904"/>
      <testcase name="test_get_items_slug_csv_arg" class="WP_Test_REST_Tags_Controller" file="/Users/msaari/wordpress-develop/tests/phpunit/tests/rest-api/rest-tags-controller.php" line="503" assertions="34" time="0.016398"/>
      <testcase name="test_get_terms_private_taxonomy" class="WP_Test_REST_Tags_Controller" file="/Users/msaari/wordpress-develop/tests/phpunit/tests/rest-api/rest-tags-controller.php" line="518" assertions="23" time="0.009978"/>
      <testcase name="test_get_terms_pagination_headers" class="WP_Test_REST_Tags_Controller" file="/Users/msaari/wordpress-develop/tests/phpunit/tests/rest-api/rest-tags-controller.php" line="538" assertions="128" time="0.118002"/>
      <testcase name="test_get_items_invalid_context" class="WP_Test_REST_Tags_Controller" file="/Users/msaari/wordpress-develop/tests/phpunit/tests/rest-api/rest-tags-controller.php" line="618" assertions="23" time="0.005127"/>
      <testcase name="test_get_item" class="WP_Test_REST_Tags_Controller" file="/Users/msaari/wordpress-develop/tests/phpunit/tests/rest-api/rest-tags-controller.php" line="625" assertions="35" time="0.008415"/>
      <testcase name="test_get_item_meta" class="WP_Test_REST_Tags_Controller" file="/Users/msaari/wordpress-develop/tests/phpunit/tests/rest-api/rest-tags-controller.php" line="632" assertions="32" time="0.008586"/>
      <testcase name="test_get_item_meta_registered_for_different_taxonomy" class="WP_Test_REST_Tags_Controller" file="/Users/msaari/wordpress-develop/tests/phpunit/tests/rest-api/rest-tags-controller.php" line="650" assertions="25" time="0.010896"/>
      <testcase name="test_get_term_invalid_term" class="WP_Test_REST_Tags_Controller" file="/Users/msaari/wordpress-develop/tests/phpunit/tests/rest-api/rest-tags-controller.php" line="661" assertions="23" time="0.005767"/>
      <testcase name="test_get_item_invalid_permission_for_context" class="WP_Test_REST_Tags_Controller" file="/Users/msaari/wordpress-develop/tests/phpunit/tests/rest-api/rest-tags-controller.php" line="667" assertions="23" time="0.008642"/>
      <testcase name="test_get_term_private_taxonomy" class="WP_Test_REST_Tags_Controller" file="/Users/msaari/wordpress-develop/tests/phpunit/tests/rest-api/rest-tags-controller.php" line="676" assertions="23" time="0.021974"/>
      <testcase name="test_get_item_incorrect_taxonomy" class="WP_Test_REST_Tags_Controller" file="/Users/msaari/wordpress-develop/tests/phpunit/tests/rest-api/rest-tags-controller.php" line="690" assertions="23" time="0.008425"/>
      <testcase name="test_create_item" class="WP_Test_REST_Tags_Controller" file="/Users/msaari/wordpress-develop/tests/phpunit/tests/rest-api/rest-tags-controller.php" line="703" assertions="29" time="0.010628"/>
      <testcase name="test_create_item_contributor" class="WP_Test_REST_Tags_Controller" file="/Users/msaari/wordpress-develop/tests/phpunit/tests/rest-api/rest-tags-controller.php" line="719" assertions="29" time="0.010707"/>
      <testcase name="test_create_item_incorrect_permissions" class="WP_Test_REST_Tags_Controller" file="/Users/msaari/wordpress-develop/tests/phpunit/tests/rest-api/rest-tags-controller.php" line="735" assertions="23" time="0.006104"/>
      <testcase name="test_create_item_missing_arguments" class="WP_Test_REST_Tags_Controller" file="/Users/msaari/wordpress-develop/tests/phpunit/tests/rest-api/rest-tags-controller.php" line="743" assertions="23" time="0.005553"/>
      <testcase name="test_create_item_parent_non_hierarchical_taxonomy" class="WP_Test_REST_Tags_Controller" file="/Users/msaari/wordpress-develop/tests/phpunit/tests/rest-api/rest-tags-controller.php" line="750" assertions="23" time="0.006165"/>
      <testcase name="test_create_item_with_meta" class="WP_Test_REST_Tags_Controller" file="/Users/msaari/wordpress-develop/tests/phpunit/tests/rest-api/rest-tags-controller.php" line="760" assertions="28" time="0.010366"/>
      <testcase name="test_create_item_with_meta_wrong_id" class="WP_Test_REST_Tags_Controller" file="/Users/msaari/wordpress-develop/tests/phpunit/tests/rest-api/rest-tags-controller.php" line="774" assertions="29" time="0.012459"/>
      <testcase name="test_update_item" class="WP_Test_REST_Tags_Controller" file="/Users/msaari/wordpress-develop/tests/phpunit/tests/rest-api/rest-tags-controller.php" line="791" assertions="30" time="0.013581"/>
      <testcase name="test_update_item_no_change" class="WP_Test_REST_Tags_Controller" file="/Users/msaari/wordpress-develop/tests/phpunit/tests/rest-api/rest-tags-controller.php" line="822" assertions="34" time="0.031976"/>
      <testcase name="test_update_item_invalid_term" class="WP_Test_REST_Tags_Controller" file="/Users/msaari/wordpress-develop/tests/phpunit/tests/rest-api/rest-tags-controller.php" line="841" assertions="23" time="0.005545"/>
      <testcase name="test_update_item_incorrect_permissions" class="WP_Test_REST_Tags_Controller" file="/Users/msaari/wordpress-develop/tests/phpunit/tests/rest-api/rest-tags-controller.php" line="849" assertions="23" time="0.008793"/>
      <testcase name="test_update_item_with_edit_term_cap_granted" class="WP_Test_REST_Tags_Controller" file="/Users/msaari/wordpress-develop/tests/phpunit/tests/rest-api/rest-tags-controller.php" line="861" assertions="25" time="0.012204"/>
      <testcase name="test_update_item_with_edit_term_cap_revoked" class="WP_Test_REST_Tags_Controller" file="/Users/msaari/wordpress-develop/tests/phpunit/tests/rest-api/rest-tags-controller.php" line="886" assertions="23" time="0.009186"/>
      <testcase name="test_update_item_parent_non_hierarchical_taxonomy" class="WP_Test_REST_Tags_Controller" file="/Users/msaari/wordpress-develop/tests/phpunit/tests/rest-api/rest-tags-controller.php" line="906" assertions="23" time="0.009196"/>
      <testcase name="test_tag_roundtrip_as_editor" class="WP_Test_REST_Tags_Controller" file="/Users/msaari/wordpress-develop/tests/phpunit/tests/rest-api/rest-tags-controller.php" line="954" assertions="39" time="0.012541"/>
      <testcase name="test_tag_roundtrip_as_editor_html" class="WP_Test_REST_Tags_Controller" file="/Users/msaari/wordpress-develop/tests/phpunit/tests/rest-api/rest-tags-controller.php" line="969" assertions="39" time="0.011471"/>
      <testcase name="test_tag_roundtrip_as_superadmin" class="WP_Test_REST_Tags_Controller" file="/Users/msaari/wordpress-develop/tests/phpunit/tests/rest-api/rest-tags-controller.php" line="998" assertions="39" time="0.012459"/>
      <testcase name="test_tag_roundtrip_as_superadmin_html" class="WP_Test_REST_Tags_Controller" file="/Users/msaari/wordpress-develop/tests/phpunit/tests/rest-api/rest-tags-controller.php" line="1013" assertions="39" time="0.012353"/>
      <testcase name="test_delete_item" class="WP_Test_REST_Tags_Controller" file="/Users/msaari/wordpress-develop/tests/phpunit/tests/rest-api/rest-tags-controller.php" line="1028" assertions="26" time="0.027687"/>
      <testcase name="test_delete_item_no_trash" class="WP_Test_REST_Tags_Controller" file="/Users/msaari/wordpress-develop/tests/phpunit/tests/rest-api/rest-tags-controller.php" line="1040" assertions="27" time="0.009015"/>
      <testcase name="test_delete_item_invalid_term" class="WP_Test_REST_Tags_Controller" file="/Users/msaari/wordpress-develop/tests/phpunit/tests/rest-api/rest-tags-controller.php" line="1053" assertions="23" time="0.005803"/>
      <testcase name="test_delete_item_incorrect_permissions" class="WP_Test_REST_Tags_Controller" file="/Users/msaari/wordpress-develop/tests/phpunit/tests/rest-api/rest-tags-controller.php" line="1060" assertions="23" time="0.008774"/>
      <testcase name="test_delete_item_with_delete_term_cap_granted" class="WP_Test_REST_Tags_Controller" file="/Users/msaari/wordpress-develop/tests/phpunit/tests/rest-api/rest-tags-controller.php" line="1071" assertions="26" time="0.012606"/>
      <testcase name="test_delete_item_with_delete_term_cap_revoked" class="WP_Test_REST_Tags_Controller" file="/Users/msaari/wordpress-develop/tests/phpunit/tests/rest-api/rest-tags-controller.php" line="1097" assertions="23" time="0.008545"/>
      <testcase name="test_prepare_item" class="WP_Test_REST_Tags_Controller" file="/Users/msaari/wordpress-develop/tests/phpunit/tests/rest-api/rest-tags-controller.php" line="1117" assertions="34" time="0.008189"/>
      <testcase name="test_prepare_item_limit_fields" class="WP_Test_REST_Tags_Controller" file="/Users/msaari/wordpress-develop/tests/phpunit/tests/rest-api/rest-tags-controller.php" line="1126" assertions="24" time="0.009437"/>
      <testcase name="test_get_item_schema" class="WP_Test_REST_Tags_Controller" file="/Users/msaari/wordpress-develop/tests/phpunit/tests/rest-api/rest-tags-controller.php" line="1141" assertions="31" time="0.005482"/>
      <testcase name="test_get_item_schema_non_hierarchical" class="WP_Test_REST_Tags_Controller" file="/Users/msaari/wordpress-develop/tests/phpunit/tests/rest-api/rest-tags-controller.php" line="1158" assertions="23" time="0.004856"/>
      <testcase name="test_get_additional_field_registration" class="WP_Test_REST_Tags_Controller" file="/Users/msaari/wordpress-develop/tests/phpunit/tests/rest-api/rest-tags-controller.php" line="1167" assertions="28" time="0.023372"/>
      <testcase name="test_additional_field_update_errors" class="WP_Test_REST_Tags_Controller" file="/Users/msaari/wordpress-develop/tests/phpunit/tests/rest-api/rest-tags-controller.php" line="1202" assertions="23" time="0.010432"/>
      <testcase name="test_object_term_queries_are_cached" class="WP_Test_REST_Tags_Controller" file="/Users/msaari/wordpress-develop/tests/phpunit/tests/rest-api/rest-tags-controller.php" line="1241" assertions="31" time="0.025450"/>
    </testsuite>
    <testsuite name="WP_Test_REST_Taxonomies_Controller" file="/Users/msaari/wordpress-develop/tests/phpunit/tests/rest-api/rest-taxonomies-controller.php" tests="19" assertions="492" failures="0" errors="0" time="0.149673">
      <testcase name="test_register_routes" class="WP_Test_REST_Taxonomies_Controller" file="/Users/msaari/wordpress-develop/tests/phpunit/tests/rest-api/rest-taxonomies-controller.php" line="28" assertions="21" time="0.004405"/>
      <testcase name="test_context_param" class="WP_Test_REST_Taxonomies_Controller" file="/Users/msaari/wordpress-develop/tests/phpunit/tests/rest-api/rest-taxonomies-controller.php" line="35" assertions="24" time="0.005435"/>
      <testcase name="test_get_items" class="WP_Test_REST_Taxonomies_Controller" file="/Users/msaari/wordpress-develop/tests/phpunit/tests/rest-api/rest-taxonomies-controller.php" line="50" assertions="31" time="0.005532"/>
      <testcase name="test_get_items_context_edit" class="WP_Test_REST_Taxonomies_Controller" file="/Users/msaari/wordpress-develop/tests/phpunit/tests/rest-api/rest-taxonomies-controller.php" line="65" assertions="31" time="0.006661"/>
      <testcase name="test_get_items_invalid_permission_for_context" class="WP_Test_REST_Taxonomies_Controller" file="/Users/msaari/wordpress-develop/tests/phpunit/tests/rest-api/rest-taxonomies-controller.php" line="82" assertions="23" time="0.005121"/>
      <testcase name="test_get_taxonomies_for_type" class="WP_Test_REST_Taxonomies_Controller" file="/Users/msaari/wordpress-develop/tests/phpunit/tests/rest-api/rest-taxonomies-controller.php" line="90" assertions="25" time="0.005558"/>
      <testcase name="test_get_taxonomies_for_invalid_type" class="WP_Test_REST_Taxonomies_Controller" file="/Users/msaari/wordpress-develop/tests/phpunit/tests/rest-api/rest-taxonomies-controller.php" line="97" assertions="21" time="0.005552"/>
      <testcase name="test_get_item" class="WP_Test_REST_Taxonomies_Controller" file="/Users/msaari/wordpress-develop/tests/phpunit/tests/rest-api/rest-taxonomies-controller.php" line="106" assertions="34" time="0.021497"/>
      <testcase name="test_get_item_edit_context" class="WP_Test_REST_Taxonomies_Controller" file="/Users/msaari/wordpress-develop/tests/phpunit/tests/rest-api/rest-taxonomies-controller.php" line="112" assertions="39" time="0.022560"/>
      <testcase name="test_get_item_invalid_permission_for_context" class="WP_Test_REST_Taxonomies_Controller" file="/Users/msaari/wordpress-develop/tests/phpunit/tests/rest-api/rest-taxonomies-controller.php" line="121" assertions="23" time="0.005429"/>
      <testcase name="test_get_invalid_taxonomy" class="WP_Test_REST_Taxonomies_Controller" file="/Users/msaari/wordpress-develop/tests/phpunit/tests/rest-api/rest-taxonomies-controller.php" line="129" assertions="23" time="0.005001"/>
      <testcase name="test_get_non_public_taxonomy_not_authenticated" class="WP_Test_REST_Taxonomies_Controller" file="/Users/msaari/wordpress-develop/tests/phpunit/tests/rest-api/rest-taxonomies-controller.php" line="135" assertions="23" time="0.005350"/>
      <testcase name="test_get_non_public_taxonomy_no_permission" class="WP_Test_REST_Taxonomies_Controller" file="/Users/msaari/wordpress-develop/tests/phpunit/tests/rest-api/rest-taxonomies-controller.php" line="143" assertions="23" time="0.005882"/>
      <testcase name="test_create_item" class="WP_Test_REST_Taxonomies_Controller" file="/Users/msaari/wordpress-develop/tests/phpunit/tests/rest-api/rest-taxonomies-controller.php" line="152" assertions="20" time="0.004972"/>
      <testcase name="test_update_item" class="WP_Test_REST_Taxonomies_Controller" file="/Users/msaari/wordpress-develop/tests/phpunit/tests/rest-api/rest-taxonomies-controller.php" line="159" assertions="20" time="0.005230"/>
      <testcase name="test_delete_item" class="WP_Test_REST_Taxonomies_Controller" file="/Users/msaari/wordpress-develop/tests/phpunit/tests/rest-api/rest-taxonomies-controller.php" line="166" assertions="20" time="0.004692"/>
      <testcase name="test_prepare_item" class="WP_Test_REST_Taxonomies_Controller" file="/Users/msaari/wordpress-develop/tests/phpunit/tests/rest-api/rest-taxonomies-controller.php" line="173" assertions="38" time="0.005324"/>
      <testcase name="test_prepare_item_limit_fields" class="WP_Test_REST_Taxonomies_Controller" file="/Users/msaari/wordpress-develop/tests/phpunit/tests/rest-api/rest-taxonomies-controller.php" line="182" assertions="22" time="0.020549"/>
      <testcase name="test_get_item_schema" class="WP_Test_REST_Taxonomies_Controller" file="/Users/msaari/wordpress-develop/tests/phpunit/tests/rest-api/rest-taxonomies-controller.php" line="198" assertions="31" time="0.004923"/>
    </testsuite>
    <testsuite name="WP_Test_REST_Term_Meta_Fields" file="/Users/msaari/wordpress-develop/tests/phpunit/tests/rest-api/rest-term-meta-fields.php" tests="50" assertions="262" failures="0" errors="0" time="0.998622">
      <testcase name="test_get_value" class="WP_Test_REST_Term_Meta_Fields" file="/Users/msaari/wordpress-develop/tests/phpunit/tests/rest-api/rest-term-meta-fields.php" line="211" assertions="4" time="0.006922"/>
      <testcase name="test_get_multi_value" class="WP_Test_REST_Term_Meta_Fields" file="/Users/msaari/wordpress-develop/tests/phpunit/tests/rest-api/rest-term-meta-fields.php" line="230" assertions="7" time="0.008121"/>
      <testcase name="test_get_unregistered" class="WP_Test_REST_Term_Meta_Fields" file="/Users/msaari/wordpress-develop/tests/phpunit/tests/rest-api/rest-term-meta-fields.php" line="257" assertions="2" time="0.007106"/>
      <testcase name="test_get_registered_no_api_access" class="WP_Test_REST_Term_Meta_Fields" file="/Users/msaari/wordpress-develop/tests/phpunit/tests/rest-api/rest-term-meta-fields.php" line="272" assertions="2" time="0.006915"/>
      <testcase name="test_get_registered_api_disabled" class="WP_Test_REST_Term_Meta_Fields" file="/Users/msaari/wordpress-develop/tests/phpunit/tests/rest-api/rest-term-meta-fields.php" line="287" assertions="2" time="0.007296"/>
      <testcase name="test_get_value_types" class="WP_Test_REST_Term_Meta_Fields" file="/Users/msaari/wordpress-develop/tests/phpunit/tests/rest-api/rest-term-meta-fields.php" line="299" assertions="10" time="0.010497"/>
      <testcase name="test_get_value_custom_name" class="WP_Test_REST_Term_Meta_Fields" file="/Users/msaari/wordpress-develop/tests/phpunit/tests/rest-api/rest-term-meta-fields.php" line="357" assertions="4" time="0.021390"/>
      <testcase name="test_set_value" class="WP_Test_REST_Term_Meta_Fields" file="/Users/msaari/wordpress-develop/tests/phpunit/tests/rest-api/rest-term-meta-fields.php" line="376" assertions="7" time="0.026701"/>
      <testcase name="test_set_duplicate_single_value" class="WP_Test_REST_Term_Meta_Fields" file="/Users/msaari/wordpress-develop/tests/phpunit/tests/rest-api/rest-term-meta-fields.php" line="408" assertions="6" time="0.024961"/>
      <testcase name="test_set_value_unauthenticated" class="WP_Test_REST_Term_Meta_Fields" file="/Users/msaari/wordpress-develop/tests/phpunit/tests/rest-api/rest-term-meta-fields.php" line="439" assertions="5" time="0.006145"/>
      <testcase name="test_set_value_blocked" class="WP_Test_REST_Term_Meta_Fields" file="/Users/msaari/wordpress-develop/tests/phpunit/tests/rest-api/rest-term-meta-fields.php" line="461" assertions="5" time="0.024397"/>
      <testcase name="test_set_value_db_error" class="WP_Test_REST_Term_Meta_Fields" file="/Users/msaari/wordpress-develop/tests/phpunit/tests/rest-api/rest-term-meta-fields.php" line="481" assertions="4" time="0.023797"/>
      <testcase name="test_set_value_invalid_type" class="WP_Test_REST_Term_Meta_Fields" file="/Users/msaari/wordpress-develop/tests/phpunit/tests/rest-api/rest-term-meta-fields.php" line="508" assertions="2" time="0.024037"/>
      <testcase name="test_set_value_multiple" class="WP_Test_REST_Term_Meta_Fields" file="/Users/msaari/wordpress-develop/tests/phpunit/tests/rest-api/rest-term-meta-fields.php" line="526" assertions="10" time="0.029750"/>
      <testcase name="test_set_value_remove_one" class="WP_Test_REST_Term_Meta_Fields" file="/Users/msaari/wordpress-develop/tests/phpunit/tests/rest-api/rest-term-meta-fields.php" line="570" assertions="5" time="0.024829"/>
      <testcase name="test_set_value_multiple_unauthenticated" class="WP_Test_REST_Term_Meta_Fields" file="/Users/msaari/wordpress-develop/tests/phpunit/tests/rest-api/rest-term-meta-fields.php" line="598" assertions="6" time="0.020305"/>
      <testcase name="test_set_value_invalid_value" class="WP_Test_REST_Term_Meta_Fields" file="/Users/msaari/wordpress-develop/tests/phpunit/tests/rest-api/rest-term-meta-fields.php" line="620" assertions="4" time="0.024818"/>
      <testcase name="test_set_value_invalid_value_multiple" class="WP_Test_REST_Term_Meta_Fields" file="/Users/msaari/wordpress-develop/tests/phpunit/tests/rest-api/rest-term-meta-fields.php" line="645" assertions="4" time="0.026513"/>
      <testcase name="test_set_value_sanitized" class="WP_Test_REST_Term_Meta_Fields" file="/Users/msaari/wordpress-develop/tests/phpunit/tests/rest-api/rest-term-meta-fields.php" line="670" assertions="1" time="0.026944"/>
      <testcase name="test_set_value_csv" class="WP_Test_REST_Term_Meta_Fields" file="/Users/msaari/wordpress-develop/tests/phpunit/tests/rest-api/rest-term-meta-fields.php" line="696" assertions="1" time="0.026842"/>
      <testcase name="test_set_value_multiple_blocked" class="WP_Test_REST_Term_Meta_Fields" file="/Users/msaari/wordpress-develop/tests/phpunit/tests/rest-api/rest-term-meta-fields.php" line="725" assertions="5" time="0.023501"/>
      <testcase name="test_add_multi_value_db_error" class="WP_Test_REST_Term_Meta_Fields" file="/Users/msaari/wordpress-develop/tests/phpunit/tests/rest-api/rest-term-meta-fields.php" line="742" assertions="5" time="0.024058"/>
      <testcase name="test_set_value_single_custom_schema" class="WP_Test_REST_Term_Meta_Fields" file="/Users/msaari/wordpress-develop/tests/phpunit/tests/rest-api/rest-term-meta-fields.php" line="775" assertions="7" time="0.025023"/>
      <testcase name="test_set_value_multiple_custom_schema" class="WP_Test_REST_Term_Meta_Fields" file="/Users/msaari/wordpress-develop/tests/phpunit/tests/rest-api/rest-term-meta-fields.php" line="804" assertions="10" time="0.042393"/>
      <testcase name="test_set_value_custom_name" class="WP_Test_REST_Term_Meta_Fields" file="/Users/msaari/wordpress-develop/tests/phpunit/tests/rest-api/rest-term-meta-fields.php" line="848" assertions="7" time="0.025648"/>
      <testcase name="test_set_value_custom_name_multiple" class="WP_Test_REST_Term_Meta_Fields" file="/Users/msaari/wordpress-develop/tests/phpunit/tests/rest-api/rest-term-meta-fields.php" line="877" assertions="10" time="0.028518"/>
      <testcase name="test_set_value_invalid_meta_string_request_type" class="WP_Test_REST_Term_Meta_Fields" file="/Users/msaari/wordpress-develop/tests/phpunit/tests/rest-api/rest-term-meta-fields.php" line="921" assertions="6" time="0.022199"/>
      <testcase name="test_set_value_invalid_meta_float_request_type" class="WP_Test_REST_Term_Meta_Fields" file="/Users/msaari/wordpress-develop/tests/phpunit/tests/rest-api/rest-term-meta-fields.php" line="951" assertions="6" time="0.021389"/>
      <testcase name="test_remove_multi_value_db_error" class="WP_Test_REST_Term_Meta_Fields" file="/Users/msaari/wordpress-develop/tests/phpunit/tests/rest-api/rest-term-meta-fields.php" line="977" assertions="5" time="0.023095"/>
      <testcase name="test_delete_value" class="WP_Test_REST_Term_Meta_Fields" file="/Users/msaari/wordpress-develop/tests/phpunit/tests/rest-api/rest-term-meta-fields.php" line="1008" assertions="3" time="0.024183"/>
      <testcase name="test_delete_value_blocked" class="WP_Test_REST_Term_Meta_Fields" file="/Users/msaari/wordpress-develop/tests/phpunit/tests/rest-api/rest-term-meta-fields.php" line="1033" assertions="6" time="0.024412"/>
      <testcase name="test_delete_value_db_error" class="WP_Test_REST_Term_Meta_Fields" file="/Users/msaari/wordpress-develop/tests/phpunit/tests/rest-api/rest-term-meta-fields.php" line="1058" assertions="5" time="0.023656"/>
      <testcase name="test_delete_value_custom_name" class="WP_Test_REST_Term_Meta_Fields" file="/Users/msaari/wordpress-develop/tests/phpunit/tests/rest-api/rest-term-meta-fields.php" line="1087" assertions="3" time="0.038048"/>
      <testcase name="test_get_schema" class="WP_Test_REST_Term_Meta_Fields" file="/Users/msaari/wordpress-develop/tests/phpunit/tests/rest-api/rest-term-meta-fields.php" line="1109" assertions="13" time="0.005100"/>
      <testsuite name="WP_Test_REST_Term_Meta_Fields::test_get_subtype_meta_value" tests="8" assertions="38" failures="0" errors="0" time="0.066159">
        <testcase name="test_get_subtype_meta_value with data set #0" assertions="5" time="0.006850"/>
        <testcase name="test_get_subtype_meta_value with data set #1" assertions="5" time="0.006707"/>
        <testcase name="test_get_subtype_meta_value with data set #2" assertions="5" time="0.006525"/>
        <testcase name="test_get_subtype_meta_value with data set #3" assertions="5" time="0.006674"/>
        <testcase name="test_get_subtype_meta_value with data set #4" assertions="4" time="0.006738"/>
        <testcase name="test_get_subtype_meta_value with data set #5" assertions="4" time="0.006801"/>
        <testcase name="test_get_subtype_meta_value with data set #6" assertions="5" time="0.019440"/>
        <testcase name="test_get_subtype_meta_value with data set #7" assertions="5" time="0.006424"/>
      </testsuite>
      <testsuite name="WP_Test_REST_Term_Meta_Fields::test_set_subtype_meta_value" tests="8" assertions="42" failures="0" errors="0" time="0.202955">
        <testcase name="test_set_subtype_meta_value with data set #0" assertions="6" time="0.023862"/>
        <testcase name="test_set_subtype_meta_value with data set #1" assertions="6" time="0.023344"/>
        <testcase name="test_set_subtype_meta_value with data set #2" assertions="2" time="0.023753"/>
        <testcase name="test_set_subtype_meta_value with data set #3" assertions="6" time="0.022352"/>
        <testcase name="test_set_subtype_meta_value with data set #4" assertions="5" time="0.024347"/>
        <testcase name="test_set_subtype_meta_value with data set #5" assertions="5" time="0.024674"/>
        <testcase name="test_set_subtype_meta_value with data set #6" assertions="6" time="0.024112"/>
        <testcase name="test_set_subtype_meta_value with data set #7" assertions="6" time="0.036511"/>
      </testsuite>
    </testsuite>
    <testsuite name="WP_Test_REST_Users_Controller" file="/Users/msaari/wordpress-develop/tests/phpunit/tests/rest-api/rest-users-controller.php" tests="103" assertions="4209" failures="0" errors="0" time="3.641142">
      <testcase name="test_register_routes" class="WP_Test_REST_Users_Controller" file="/Users/msaari/wordpress-develop/tests/phpunit/tests/rest-api/rest-users-controller.php" line="134" assertions="34" time="0.005303"/>
      <testcase name="test_context_param" class="WP_Test_REST_Users_Controller" file="/Users/msaari/wordpress-develop/tests/phpunit/tests/rest-api/rest-users-controller.php" line="144" assertions="35" time="0.005529"/>
      <testcase name="test_registered_query_params" class="WP_Test_REST_Users_Controller" file="/Users/msaari/wordpress-develop/tests/phpunit/tests/rest-api/rest-users-controller.php" line="159" assertions="32" time="0.005053"/>
      <testcase name="test_get_items" class="WP_Test_REST_Users_Controller" file="/Users/msaari/wordpress-develop/tests/phpunit/tests/rest-api/rest-users-controller.php" line="184" assertions="70" time="0.016850"/>
      <testcase name="test_get_items_with_edit_context" class="WP_Test_REST_Users_Controller" file="/Users/msaari/wordpress-develop/tests/phpunit/tests/rest-api/rest-users-controller.php" line="199" assertions="70" time="0.014139"/>
      <testcase name="test_get_items_with_edit_context_without_permission" class="WP_Test_REST_Users_Controller" file="/Users/msaari/wordpress-develop/tests/phpunit/tests/rest-api/rest-users-controller.php" line="214" assertions="31" time="0.006080"/>
      <testcase name="test_get_items_unauthenticated_includes_authors_of_post_types_shown_in_rest" class="WP_Test_REST_Users_Controller" file="/Users/msaari/wordpress-develop/tests/phpunit/tests/rest-api/rest-users-controller.php" line="231" assertions="73" time="0.010142"/>
      <testcase name="test_get_items_unauthenticated_does_not_include_authors_of_post_types_not_shown_in_rest" class="WP_Test_REST_Users_Controller" file="/Users/msaari/wordpress-develop/tests/phpunit/tests/rest-api/rest-users-controller.php" line="262" assertions="38" time="0.021107"/>
      <testcase name="test_get_items_unauthenticated_does_not_include_users_without_published_posts" class="WP_Test_REST_Users_Controller" file="/Users/msaari/wordpress-develop/tests/phpunit/tests/rest-api/rest-users-controller.php" line="272" assertions="38" time="0.007932"/>
      <testcase name="test_get_items_pagination_headers" class="WP_Test_REST_Users_Controller" file="/Users/msaari/wordpress-develop/tests/phpunit/tests/rest-api/rest-users-controller.php" line="282" assertions="104" time="0.679562"/>
      <testcase name="test_get_items_per_page" class="WP_Test_REST_Users_Controller" file="/Users/msaari/wordpress-develop/tests/phpunit/tests/rest-api/rest-users-controller.php" line="362" assertions="63" time="0.318716"/>
      <testcase name="test_get_items_page" class="WP_Test_REST_Users_Controller" file="/Users/msaari/wordpress-develop/tests/phpunit/tests/rest-api/rest-users-controller.php" line="376" assertions="43" time="0.290323"/>
      <testcase name="test_get_items_orderby_name" class="WP_Test_REST_Users_Controller" file="/Users/msaari/wordpress-develop/tests/phpunit/tests/rest-api/rest-users-controller.php" line="397" assertions="37" time="0.054036"/>
      <testcase name="test_get_items_orderby_url" class="WP_Test_REST_Users_Controller" file="/Users/msaari/wordpress-develop/tests/phpunit/tests/rest-api/rest-users-controller.php" line="418" assertions="37" time="0.037190"/>
      <testcase name="test_get_items_orderby_slug" class="WP_Test_REST_Users_Controller" file="/Users/msaari/wordpress-develop/tests/phpunit/tests/rest-api/rest-users-controller.php" line="444" assertions="37" time="0.038209"/>
      <testcase name="test_get_items_orderby_slugs" class="WP_Test_REST_Users_Controller" file="/Users/msaari/wordpress-develop/tests/phpunit/tests/rest-api/rest-users-controller.php" line="470" assertions="39" time="0.068097"/>
      <testcase name="test_get_items_orderby_email" class="WP_Test_REST_Users_Controller" file="/Users/msaari/wordpress-develop/tests/phpunit/tests/rest-api/rest-users-controller.php" line="488" assertions="37" time="0.038383"/>
      <testcase name="test_get_items_orderby_email_unauthenticated" class="WP_Test_REST_Users_Controller" file="/Users/msaari/wordpress-develop/tests/phpunit/tests/rest-api/rest-users-controller.php" line="513" assertions="33" time="0.005160"/>
      <testcase name="test_get_items_orderby_registered_date_unauthenticated" class="WP_Test_REST_Users_Controller" file="/Users/msaari/wordpress-develop/tests/phpunit/tests/rest-api/rest-users-controller.php" line="521" assertions="33" time="0.005778"/>
      <testcase name="test_get_items_invalid_order" class="WP_Test_REST_Users_Controller" file="/Users/msaari/wordpress-develop/tests/phpunit/tests/rest-api/rest-users-controller.php" line="529" assertions="33" time="0.005515"/>
      <testcase name="test_get_items_invalid_orderby" class="WP_Test_REST_Users_Controller" file="/Users/msaari/wordpress-develop/tests/phpunit/tests/rest-api/rest-users-controller.php" line="536" assertions="33" time="0.005507"/>
      <testcase name="test_get_items_offset" class="WP_Test_REST_Users_Controller" file="/Users/msaari/wordpress-develop/tests/phpunit/tests/rest-api/rest-users-controller.php" line="543" assertions="67" time="0.036135"/>
      <testcase name="test_get_items_include_query" class="WP_Test_REST_Users_Controller" file="/Users/msaari/wordpress-develop/tests/phpunit/tests/rest-api/rest-users-controller.php" line="565" assertions="49" time="0.056956"/>
      <testcase name="test_get_items_exclude_query" class="WP_Test_REST_Users_Controller" file="/Users/msaari/wordpress-develop/tests/phpunit/tests/rest-api/rest-users-controller.php" line="596" assertions="85" time="0.054098"/>
      <testcase name="test_get_items_search" class="WP_Test_REST_Users_Controller" file="/Users/msaari/wordpress-develop/tests/phpunit/tests/rest-api/rest-users-controller.php" line="617" assertions="40" time="0.056576"/>
      <testcase name="test_get_items_slug_query" class="WP_Test_REST_Users_Controller" file="/Users/msaari/wordpress-develop/tests/phpunit/tests/rest-api/rest-users-controller.php" line="643" assertions="34" time="0.037541"/>
      <testcase name="test_get_items_slug_array_query" class="WP_Test_REST_Users_Controller" file="/Users/msaari/wordpress-develop/tests/phpunit/tests/rest-api/rest-users-controller.php" line="665" assertions="38" time="0.067382"/>
      <testcase name="test_get_items_slug_csv_query" class="WP_Test_REST_Users_Controller" file="/Users/msaari/wordpress-develop/tests/phpunit/tests/rest-api/rest-users-controller.php" line="709" assertions="38" time="0.067342"/>
      <testcase name="test_get_items_roles" class="WP_Test_REST_Users_Controller" file="/Users/msaari/wordpress-develop/tests/phpunit/tests/rest-api/rest-users-controller.php" line="747" assertions="52" time="0.044481"/>
      <testcase name="test_get_items_invalid_roles" class="WP_Test_REST_Users_Controller" file="/Users/msaari/wordpress-develop/tests/phpunit/tests/rest-api/rest-users-controller.php" line="783" assertions="37" time="0.024728"/>
      <testcase name="test_get_items_who_author_query" class="WP_Test_REST_Users_Controller" file="/Users/msaari/wordpress-develop/tests/phpunit/tests/rest-api/rest-users-controller.php" line="805" assertions="37" time="0.009827"/>
      <testcase name="test_get_items_who_invalid_query" class="WP_Test_REST_Users_Controller" file="/Users/msaari/wordpress-develop/tests/phpunit/tests/rest-api/rest-users-controller.php" line="822" assertions="33" time="0.006918"/>
      <testcase name="test_get_items_who_unauthorized_query" class="WP_Test_REST_Users_Controller" file="/Users/msaari/wordpress-develop/tests/phpunit/tests/rest-api/rest-users-controller.php" line="834" assertions="33" time="0.020736"/>
      <testcase name="test_get_item" class="WP_Test_REST_Users_Controller" file="/Users/msaari/wordpress-develop/tests/phpunit/tests/rest-api/rest-users-controller.php" line="842" assertions="51" time="0.027479"/>
      <testcase name="test_prepare_item" class="WP_Test_REST_Users_Controller" file="/Users/msaari/wordpress-develop/tests/phpunit/tests/rest-api/rest-users-controller.php" line="852" assertions="51" time="0.008269"/>
      <testcase name="test_prepare_item_limit_fields" class="WP_Test_REST_Users_Controller" file="/Users/msaari/wordpress-develop/tests/phpunit/tests/rest-api/rest-users-controller.php" line="861" assertions="32" time="0.006937"/>
      <testcase name="test_get_user_avatar_urls" class="WP_Test_REST_Users_Controller" file="/Users/msaari/wordpress-develop/tests/phpunit/tests/rest-api/rest-users-controller.php" line="877" assertions="35" time="0.007992"/>
      <testcase name="test_get_user_invalid_id" class="WP_Test_REST_Users_Controller" file="/Users/msaari/wordpress-develop/tests/phpunit/tests/rest-api/rest-users-controller.php" line="897" assertions="33" time="0.006910"/>
      <testcase name="test_get_user_empty_capabilities" class="WP_Test_REST_Users_Controller" file="/Users/msaari/wordpress-develop/tests/phpunit/tests/rest-api/rest-users-controller.php" line="905" assertions="33" time="0.024538"/>
      <testcase name="test_cannot_get_item_without_permission" class="WP_Test_REST_Users_Controller" file="/Users/msaari/wordpress-develop/tests/phpunit/tests/rest-api/rest-users-controller.php" line="931" assertions="33" time="0.007204"/>
      <testcase name="test_can_get_item_author_of_rest_true_public_true_unauthenticated" class="WP_Test_REST_Users_Controller" file="/Users/msaari/wordpress-develop/tests/phpunit/tests/rest-api/rest-users-controller.php" line="938" assertions="32" time="0.007052"/>
      <testcase name="test_can_get_item_author_of_rest_true_public_true_authenticated" class="WP_Test_REST_Users_Controller" file="/Users/msaari/wordpress-develop/tests/phpunit/tests/rest-api/rest-users-controller.php" line="944" assertions="32" time="0.021971"/>
      <testcase name="test_can_get_item_author_of_rest_true_public_false" class="WP_Test_REST_Users_Controller" file="/Users/msaari/wordpress-develop/tests/phpunit/tests/rest-api/rest-users-controller.php" line="951" assertions="32" time="0.007267"/>
      <testcase name="test_cannot_get_item_author_of_rest_false_public_true_unauthenticated" class="WP_Test_REST_Users_Controller" file="/Users/msaari/wordpress-develop/tests/phpunit/tests/rest-api/rest-users-controller.php" line="957" assertions="33" time="0.006887"/>
      <testcase name="test_cannot_get_item_author_of_rest_false_public_true_without_permission" class="WP_Test_REST_Users_Controller" file="/Users/msaari/wordpress-develop/tests/phpunit/tests/rest-api/rest-users-controller.php" line="963" assertions="33" time="0.006938"/>
      <testcase name="test_cannot_get_item_author_of_rest_false_public_false" class="WP_Test_REST_Users_Controller" file="/Users/msaari/wordpress-develop/tests/phpunit/tests/rest-api/rest-users-controller.php" line="970" assertions="33" time="0.006440"/>
      <testcase name="test_can_get_item_author_of_post" class="WP_Test_REST_Users_Controller" file="/Users/msaari/wordpress-develop/tests/phpunit/tests/rest-api/rest-users-controller.php" line="976" assertions="32" time="0.006720"/>
      <testcase name="test_cannot_get_item_author_of_draft" class="WP_Test_REST_Users_Controller" file="/Users/msaari/wordpress-develop/tests/phpunit/tests/rest-api/rest-users-controller.php" line="982" assertions="33" time="0.006957"/>
      <testcase name="test_get_item_published_author_post" class="WP_Test_REST_Users_Controller" file="/Users/msaari/wordpress-develop/tests/phpunit/tests/rest-api/rest-users-controller.php" line="988" assertions="51" time="0.033515"/>
      <testcase name="test_get_item_published_author_pages" class="WP_Test_REST_Users_Controller" file="/Users/msaari/wordpress-develop/tests/phpunit/tests/rest-api/rest-users-controller.php" line="1005" assertions="52" time="0.041680"/>
      <testcase name="test_get_user_with_edit_context" class="WP_Test_REST_Users_Controller" file="/Users/msaari/wordpress-develop/tests/phpunit/tests/rest-api/rest-users-controller.php" line="1025" assertions="51" time="0.022451"/>
      <testcase name="test_get_item_published_author_wrong_context" class="WP_Test_REST_Users_Controller" file="/Users/msaari/wordpress-develop/tests/phpunit/tests/rest-api/rest-users-controller.php" line="1036" assertions="33" time="0.029067"/>
      <testcase name="test_get_current_user" class="WP_Test_REST_Users_Controller" file="/Users/msaari/wordpress-develop/tests/phpunit/tests/rest-api/rest-users-controller.php" line="1054" assertions="55" time="0.007128"/>
      <testcase name="test_get_current_user_without_permission" class="WP_Test_REST_Users_Controller" file="/Users/msaari/wordpress-develop/tests/phpunit/tests/rest-api/rest-users-controller.php" line="1070" assertions="33" time="0.005545"/>
      <testcase name="test_create_item" class="WP_Test_REST_Users_Controller" file="/Users/msaari/wordpress-develop/tests/phpunit/tests/rest-api/rest-users-controller.php" line="1078" assertions="54" time="0.025235"/>
      <testcase name="test_create_item_invalid_username" class="WP_Test_REST_Users_Controller" file="/Users/msaari/wordpress-develop/tests/phpunit/tests/rest-api/rest-users-controller.php" line="1105" assertions="36" time="0.006422"/>
      <testcase name="test_create_item_illegal_username" class="WP_Test_REST_Users_Controller" file="/Users/msaari/wordpress-develop/tests/phpunit/tests/rest-api/rest-users-controller.php" line="1152" assertions="36" time="0.006141"/>
      <testcase name="test_json_create_user" class="WP_Test_REST_Users_Controller" file="/Users/msaari/wordpress-develop/tests/phpunit/tests/rest-api/rest-users-controller.php" line="1319" assertions="52" time="0.022161"/>
      <testcase name="test_create_user_without_permission" class="WP_Test_REST_Users_Controller" file="/Users/msaari/wordpress-develop/tests/phpunit/tests/rest-api/rest-users-controller.php" line="1337" assertions="33" time="0.020492"/>
      <testcase name="test_create_user_invalid_id" class="WP_Test_REST_Users_Controller" file="/Users/msaari/wordpress-develop/tests/phpunit/tests/rest-api/rest-users-controller.php" line="1354" assertions="33" time="0.007638"/>
      <testcase name="test_create_user_invalid_email" class="WP_Test_REST_Users_Controller" file="/Users/msaari/wordpress-develop/tests/phpunit/tests/rest-api/rest-users-controller.php" line="1373" assertions="33" time="0.006792"/>
      <testcase name="test_create_user_invalid_role" class="WP_Test_REST_Users_Controller" file="/Users/msaari/wordpress-develop/tests/phpunit/tests/rest-api/rest-users-controller.php" line="1391" assertions="33" time="0.005952"/>
      <testcase name="test_update_item" class="WP_Test_REST_Users_Controller" file="/Users/msaari/wordpress-develop/tests/phpunit/tests/rest-api/rest-users-controller.php" line="1410" assertions="57" time="0.027425"/>
      <testcase name="test_update_item_no_change" class="WP_Test_REST_Users_Controller" file="/Users/msaari/wordpress-develop/tests/phpunit/tests/rest-api/rest-users-controller.php" line="1455" assertions="35" time="0.012842"/>
      <testcase name="test_update_item_existing_email" class="WP_Test_REST_Users_Controller" file="/Users/msaari/wordpress-develop/tests/phpunit/tests/rest-api/rest-users-controller.php" line="1472" assertions="31" time="0.035729"/>
      <testcase name="test_update_item_invalid_locale" class="WP_Test_REST_Users_Controller" file="/Users/msaari/wordpress-develop/tests/phpunit/tests/rest-api/rest-users-controller.php" line="1495" assertions="31" time="0.021303"/>
      <testcase name="test_update_item_en_US_locale" class="WP_Test_REST_Users_Controller" file="/Users/msaari/wordpress-develop/tests/phpunit/tests/rest-api/rest-users-controller.php" line="1512" assertions="52" time="0.038122"/>
      <testcase name="test_update_item_empty_locale" class="WP_Test_REST_Users_Controller" file="/Users/msaari/wordpress-develop/tests/phpunit/tests/rest-api/rest-users-controller.php" line="1534" assertions="53" time="0.025575"/>
      <testcase name="test_update_item_username_attempt" class="WP_Test_REST_Users_Controller" file="/Users/msaari/wordpress-develop/tests/phpunit/tests/rest-api/rest-users-controller.php" line="1556" assertions="31" time="0.034888"/>
      <testcase name="test_update_item_existing_nicename" class="WP_Test_REST_Users_Controller" file="/Users/msaari/wordpress-develop/tests/phpunit/tests/rest-api/rest-users-controller.php" line="1579" assertions="31" time="0.036105"/>
      <testcase name="test_json_update_user" class="WP_Test_REST_Users_Controller" file="/Users/msaari/wordpress-develop/tests/phpunit/tests/rest-api/rest-users-controller.php" line="1602" assertions="56" time="0.027685"/>
      <testcase name="test_update_user_role" class="WP_Test_REST_Users_Controller" file="/Users/msaari/wordpress-develop/tests/phpunit/tests/rest-api/rest-users-controller.php" line="1645" assertions="35" time="0.030535"/>
      <testcase name="test_update_user_multiple_roles" class="WP_Test_REST_Users_Controller" file="/Users/msaari/wordpress-develop/tests/phpunit/tests/rest-api/rest-users-controller.php" line="1665" assertions="35" time="0.032228"/>
      <testcase name="test_update_user_role_invalid_privilege_escalation" class="WP_Test_REST_Users_Controller" file="/Users/msaari/wordpress-develop/tests/phpunit/tests/rest-api/rest-users-controller.php" line="1685" assertions="41" time="0.006697"/>
      <testcase name="test_update_user_role_invalid_privilege_deescalation" class="WP_Test_REST_Users_Controller" file="/Users/msaari/wordpress-develop/tests/phpunit/tests/rest-api/rest-users-controller.php" line="1710" assertions="41" time="0.038567"/>
      <testcase name="test_update_user_role_invalid_role" class="WP_Test_REST_Users_Controller" file="/Users/msaari/wordpress-develop/tests/phpunit/tests/rest-api/rest-users-controller.php" line="1770" assertions="41" time="0.029742"/>
      <testcase name="test_update_user_without_permission" class="WP_Test_REST_Users_Controller" file="/Users/msaari/wordpress-develop/tests/phpunit/tests/rest-api/rest-users-controller.php" line="1795" assertions="37" time="0.009109"/>
      <testcase name="test_update_user_invalid_id" class="WP_Test_REST_Users_Controller" file="/Users/msaari/wordpress-develop/tests/phpunit/tests/rest-api/rest-users-controller.php" line="1819" assertions="33" time="0.006849"/>
      <testcase name="test_update_item_only_roles_as_editor" class="WP_Test_REST_Users_Controller" file="/Users/msaari/wordpress-develop/tests/phpunit/tests/rest-api/rest-users-controller.php" line="1841" assertions="33" time="0.025592"/>
      <testcase name="test_update_item_only_roles_as_site_administrator" class="WP_Test_REST_Users_Controller" file="/Users/msaari/wordpress-develop/tests/phpunit/tests/rest-api/rest-users-controller.php" line="1858" assertions="33" time="0.029985"/>
      <testcase name="test_update_item_including_roles_and_other_params" class="WP_Test_REST_Users_Controller" file="/Users/msaari/wordpress-develop/tests/phpunit/tests/rest-api/rest-users-controller.php" line="1878" assertions="33" time="0.031300"/>
      <testcase name="test_update_item_invalid_password" class="WP_Test_REST_Users_Controller" file="/Users/msaari/wordpress-develop/tests/phpunit/tests/rest-api/rest-users-controller.php" line="1906" assertions="37" time="0.006629"/>
      <testcase name="test_user_roundtrip_as_editor" class="WP_Test_REST_Users_Controller" file="/Users/msaari/wordpress-develop/tests/phpunit/tests/rest-api/rest-users-controller.php" line="1995" assertions="46" time="0.019614"/>
      <testcase name="test_user_roundtrip_as_editor_html" class="WP_Test_REST_Users_Controller" file="/Users/msaari/wordpress-develop/tests/phpunit/tests/rest-api/rest-users-controller.php" line="2021" assertions="46" time="0.037228"/>
      <testcase name="test_user_roundtrip_as_superadmin" class="WP_Test_REST_Users_Controller" file="/Users/msaari/wordpress-develop/tests/phpunit/tests/rest-api/rest-users-controller.php" line="2072" assertions="67" time="0.037346"/>
      <testcase name="test_user_roundtrip_as_superadmin_html" class="WP_Test_REST_Users_Controller" file="/Users/msaari/wordpress-develop/tests/phpunit/tests/rest-api/rest-users-controller.php" line="2100" assertions="67" time="0.038073"/>
      <testcase name="test_delete_item" class="WP_Test_REST_Users_Controller" file="/Users/msaari/wordpress-develop/tests/phpunit/tests/rest-api/rest-users-controller.php" line="2128" assertions="34" time="0.029934"/>
      <testcase name="test_delete_item_no_trash" class="WP_Test_REST_Users_Controller" file="/Users/msaari/wordpress-develop/tests/phpunit/tests/rest-api/rest-users-controller.php" line="2152" assertions="38" time="0.021815"/>
      <testcase name="test_delete_current_item" class="WP_Test_REST_Users_Controller" file="/Users/msaari/wordpress-develop/tests/phpunit/tests/rest-api/rest-users-controller.php" line="2181" assertions="34" time="0.026956"/>
      <testcase name="test_delete_current_item_no_trash" class="WP_Test_REST_Users_Controller" file="/Users/msaari/wordpress-develop/tests/phpunit/tests/rest-api/rest-users-controller.php" line="2210" assertions="38" time="0.021415"/>
      <testcase name="test_delete_user_without_permission" class="WP_Test_REST_Users_Controller" file="/Users/msaari/wordpress-develop/tests/phpunit/tests/rest-api/rest-users-controller.php" line="2243" assertions="37" time="0.020807"/>
      <testcase name="test_delete_user_invalid_id" class="WP_Test_REST_Users_Controller" file="/Users/msaari/wordpress-develop/tests/phpunit/tests/rest-api/rest-users-controller.php" line="2264" assertions="33" time="0.006270"/>
      <testcase name="test_delete_user_reassign" class="WP_Test_REST_Users_Controller" file="/Users/msaari/wordpress-develop/tests/phpunit/tests/rest-api/rest-users-controller.php" line="2276" assertions="34" time="0.063472"/>
      <testcase name="test_delete_user_invalid_reassign_id" class="WP_Test_REST_Users_Controller" file="/Users/msaari/wordpress-develop/tests/phpunit/tests/rest-api/rest-users-controller.php" line="2312" assertions="33" time="0.020229"/>
      <testcase name="test_delete_user_invalid_reassign_passed_as_string" class="WP_Test_REST_Users_Controller" file="/Users/msaari/wordpress-develop/tests/phpunit/tests/rest-api/rest-users-controller.php" line="2332" assertions="33" time="0.019646"/>
      <testcase name="test_delete_user_reassign_passed_as_boolean_false_trashes_post" class="WP_Test_REST_Users_Controller" file="/Users/msaari/wordpress-develop/tests/phpunit/tests/rest-api/rest-users-controller.php" line="2346" assertions="32" time="0.050433"/>
      <testcase name="test_delete_user_reassign_passed_as_string_false_trashes_post" class="WP_Test_REST_Users_Controller" file="/Users/msaari/wordpress-develop/tests/phpunit/tests/rest-api/rest-users-controller.php" line="2373" assertions="32" time="0.050141"/>
      <testcase name="test_delete_user_reassign_passed_as_empty_string_trashes_post" class="WP_Test_REST_Users_Controller" file="/Users/msaari/wordpress-develop/tests/phpunit/tests/rest-api/rest-users-controller.php" line="2400" assertions="32" time="0.052593"/>
      <testcase name="test_delete_user_reassign_passed_as_0_reassigns_author" class="WP_Test_REST_Users_Controller" file="/Users/msaari/wordpress-develop/tests/phpunit/tests/rest-api/rest-users-controller.php" line="2427" assertions="32" time="0.034922"/>
      <testcase name="test_get_item_schema" class="WP_Test_REST_Users_Controller" file="/Users/msaari/wordpress-develop/tests/phpunit/tests/rest-api/rest-users-controller.php" line="2454" assertions="51" time="0.005163"/>
      <testcase name="test_get_item_schema_show_avatar" class="WP_Test_REST_Users_Controller" file="/Users/msaari/wordpress-develop/tests/phpunit/tests/rest-api/rest-users-controller.php" line="2483" assertions="32" time="0.019427"/>
      <testcase name="test_get_additional_field_registration" class="WP_Test_REST_Users_Controller" file="/Users/msaari/wordpress-develop/tests/phpunit/tests/rest-api/rest-users-controller.php" line="2493" assertions="43" time="0.028367"/>
      <testcase name="test_additional_field_update_errors" class="WP_Test_REST_Users_Controller" file="/Users/msaari/wordpress-develop/tests/phpunit/tests/rest-api/rest-users-controller.php" line="2559" assertions="33" time="0.009273"/>
    </testsuite>
    <testsuite name="Tests_Rewrite" file="/Users/msaari/wordpress-develop/tests/phpunit/tests/rewrite.php" tests="20" assertions="51" failures="0" errors="0" time="0.286411">
      <testcase name="test_add_rule" class="Tests_Rewrite" file="/Users/msaari/wordpress-develop/tests/phpunit/tests/rewrite.php" line="31" assertions="1" time="0.007182"/>
      <testcase name="test_add_rule_redirect_array" class="Tests_Rewrite" file="/Users/msaari/wordpress-develop/tests/phpunit/tests/rewrite.php" line="49" assertions="1" time="0.007174"/>
      <testcase name="test_add_rule_top" class="Tests_Rewrite" file="/Users/msaari/wordpress-develop/tests/phpunit/tests/rewrite.php" line="73" assertions="1" time="0.006593"/>
      <testcase name="test_url_to_postid" class="Tests_Rewrite" file="/Users/msaari/wordpress-develop/tests/phpunit/tests/rewrite.php" line="88" assertions="2" time="0.020406"/>
      <testcase name="test_url_to_postid_set_url_scheme_https_to_http" class="Tests_Rewrite" file="/Users/msaari/wordpress-develop/tests/phpunit/tests/rewrite.php" line="97" assertions="2" time="0.021548"/>
      <testcase name="test_url_to_postid_set_url_scheme_http_to_https" class="Tests_Rewrite" file="/Users/msaari/wordpress-develop/tests/phpunit/tests/rewrite.php" line="107" assertions="2" time="0.019845"/>
      <testcase name="test_url_to_postid_custom_post_type" class="Tests_Rewrite" file="/Users/msaari/wordpress-develop/tests/phpunit/tests/rewrite.php" line="173" assertions="1" time="0.011101"/>
      <testcase name="test_url_to_postid_hierarchical" class="Tests_Rewrite" file="/Users/msaari/wordpress-develop/tests/phpunit/tests/rewrite.php" line="185" assertions="2" time="0.012139"/>
      <testcase name="test_url_to_postid_hierarchical_with_matching_leaves" class="Tests_Rewrite" file="/Users/msaari/wordpress-develop/tests/phpunit/tests/rewrite.php" line="205" assertions="4" time="0.019763"/>
      <testcase name="test_url_to_postid_home_has_path" class="Tests_Rewrite" file="/Users/msaari/wordpress-develop/tests/phpunit/tests/rewrite.php" line="248" assertions="9" time="0.018686"/>
      <testcase name="test_parse_request_home_path" class="Tests_Rewrite" file="/Users/msaari/wordpress-develop/tests/phpunit/tests/rewrite.php" line="274" assertions="2" time="0.012243"/>
      <testcase name="test_parse_request_home_path_with_regex_character" class="Tests_Rewrite" file="/Users/msaari/wordpress-develop/tests/phpunit/tests/rewrite.php" line="294" assertions="4" time="0.013240"/>
      <testcase name="test_parse_request_home_path_non_public_type" class="Tests_Rewrite" file="/Users/msaari/wordpress-develop/tests/phpunit/tests/rewrite.php" line="331" assertions="1" time="0.006300"/>
      <testcase name="test_url_to_postid_dupe_path" class="Tests_Rewrite" file="/Users/msaari/wordpress-develop/tests/phpunit/tests/rewrite.php" line="343" assertions="4" time="0.015049"/>
      <testcase name="test_url_to_postid_home_url_collision" class="Tests_Rewrite" file="/Users/msaari/wordpress-develop/tests/phpunit/tests/rewrite.php" line="363" assertions="1" time="0.013344"/>
      <testcase name="test_url_to_postid_with_post_slug_that_clashes_with_a_trashed_page" class="Tests_Rewrite" file="/Users/msaari/wordpress-develop/tests/phpunit/tests/rewrite.php" line="405" assertions="1" time="0.021674"/>
      <testcase name="test_url_to_postid_static_front_page" class="Tests_Rewrite" file="/Users/msaari/wordpress-develop/tests/phpunit/tests/rewrite.php" line="422" assertions="6" time="0.010739"/>
      <testcase name="test_url_to_postid_should_bail_when_host_does_not_match" class="Tests_Rewrite" file="/Users/msaari/wordpress-develop/tests/phpunit/tests/rewrite.php" line="442" assertions="2" time="0.017760"/>
      <testcase name="test_parse_request_with_post_slug_that_clashes_with_a_trashed_page" class="Tests_Rewrite" file="/Users/msaari/wordpress-develop/tests/phpunit/tests/rewrite.php" line="456" assertions="2" time="0.023068"/>
      <testcase name="test_flush_rules_does_not_delete_option" class="Tests_Rewrite" file="/Users/msaari/wordpress-develop/tests/phpunit/tests/rewrite.php" line="476" assertions="3" time="0.008556"/>
    </testsuite>
    <testsuite name="Tests_Rewrite_AddRewriteEndpoint" file="/Users/msaari/wordpress-develop/tests/phpunit/tests/rewrite/addRewriteEndpoint.php" tests="8" assertions="17" failures="0" errors="0" time="0.057388">
      <testcase name="test_should_register_query_using_name_param_by_default" class="Tests_Rewrite_AddRewriteEndpoint" file="/Users/msaari/wordpress-develop/tests/phpunit/tests/rewrite/addRewriteEndpoint.php" line="33" assertions="1" time="0.004113"/>
      <testcase name="test_should_register_query_using_name_param_if_null_is_passed_as_query_var" class="Tests_Rewrite_AddRewriteEndpoint" file="/Users/msaari/wordpress-develop/tests/phpunit/tests/rewrite/addRewriteEndpoint.php" line="38" assertions="1" time="0.004830"/>
      <testcase name="test_should_register_query_using_query_var_param_if_not_null" class="Tests_Rewrite_AddRewriteEndpoint" file="/Users/msaari/wordpress-develop/tests/phpunit/tests/rewrite/addRewriteEndpoint.php" line="43" assertions="1" time="0.004993"/>
      <testcase name="test_should_register_query_var_using_name_param_if_true_is_passed_as_query_var" class="Tests_Rewrite_AddRewriteEndpoint" file="/Users/msaari/wordpress-develop/tests/phpunit/tests/rewrite/addRewriteEndpoint.php" line="51" assertions="1" time="0.004696"/>
      <testcase name="test_should_not_register_query_var_if_query_var_param_is_false" class="Tests_Rewrite_AddRewriteEndpoint" file="/Users/msaari/wordpress-develop/tests/phpunit/tests/rewrite/addRewriteEndpoint.php" line="59" assertions="1" time="0.004885"/>
      <testcase name="test_is_home_should_be_false_when_visiting_custom_endpoint_without_a_registered_query_var_and_page_on_front_is_set" class="Tests_Rewrite_AddRewriteEndpoint" file="/Users/msaari/wordpress-develop/tests/phpunit/tests/rewrite/addRewriteEndpoint.php" line="68" assertions="4" time="0.011216"/>
      <testcase name="test_permalink_endpoint_only_applies_on_permalink" class="Tests_Rewrite_AddRewriteEndpoint" file="/Users/msaari/wordpress-develop/tests/phpunit/tests/rewrite/addRewriteEndpoint.php" line="82" assertions="4" time="0.012022"/>
      <testcase name="test_page_endpoint_only_applies_on_page" class="Tests_Rewrite_AddRewriteEndpoint" file="/Users/msaari/wordpress-develop/tests/phpunit/tests/rewrite/addRewriteEndpoint.php" line="97" assertions="4" time="0.010633"/>
    </testsuite>
    <testsuite name="Tests_Rewrite_AddRewriteRule" file="/Users/msaari/wordpress-develop/tests/phpunit/tests/rewrite/addRewriteRule.php" tests="2" assertions="2" failures="0" errors="0" time="0.014688">
      <testcase name="test_add_rewrite_rule_redirect" class="Tests_Rewrite_AddRewriteRule" file="/Users/msaari/wordpress-develop/tests/phpunit/tests/rewrite/addRewriteRule.php" line="17" assertions="1" time="0.007780"/>
      <testcase name="test_add_rewrite_rule_redirect_array" class="Tests_Rewrite_AddRewriteRule" file="/Users/msaari/wordpress-develop/tests/phpunit/tests/rewrite/addRewriteRule.php" line="34" assertions="1" time="0.006908"/>
    </testsuite>
    <testsuite name="Tests_Rewrite_NumericSlugs" file="/Users/msaari/wordpress-develop/tests/phpunit/tests/rewrite/numericSlugs.php" tests="23" assertions="34" failures="0" errors="0" time="0.708826">
      <testcase name="test_go_to_year_segment_collision_without_title" class="Tests_Rewrite_NumericSlugs" file="/Users/msaari/wordpress-develop/tests/phpunit/tests/rewrite/numericSlugs.php" line="23" assertions="2" time="0.029807"/>
      <testcase name="test_url_to_postid_year_segment_collision_without_title" class="Tests_Rewrite_NumericSlugs" file="/Users/msaari/wordpress-develop/tests/phpunit/tests/rewrite/numericSlugs.php" line="53" assertions="1" time="0.031379"/>
      <testcase name="test_go_to_year_segment_collision_with_title" class="Tests_Rewrite_NumericSlugs" file="/Users/msaari/wordpress-develop/tests/phpunit/tests/rewrite/numericSlugs.php" line="81" assertions="2" time="0.033056"/>
      <testcase name="test_url_to_postid_year_segment_collision_with_title" class="Tests_Rewrite_NumericSlugs" file="/Users/msaari/wordpress-develop/tests/phpunit/tests/rewrite/numericSlugs.php" line="99" assertions="1" time="0.028387"/>
      <testcase name="test_go_to_month_segment_collision_without_title" class="Tests_Rewrite_NumericSlugs" file="/Users/msaari/wordpress-develop/tests/phpunit/tests/rewrite/numericSlugs.php" line="115" assertions="2" time="0.029265"/>
      <testcase name="test_url_to_postid_month_segment_collision_without_title" class="Tests_Rewrite_NumericSlugs" file="/Users/msaari/wordpress-develop/tests/phpunit/tests/rewrite/numericSlugs.php" line="134" assertions="1" time="0.031651"/>
      <testcase name="test_go_to_month_segment_collision_without_title_no_leading_zero" class="Tests_Rewrite_NumericSlugs" file="/Users/msaari/wordpress-develop/tests/phpunit/tests/rewrite/numericSlugs.php" line="151" assertions="2" time="0.034186"/>
      <testcase name="test_url_to_postid_month_segment_collision_without_title_no_leading_zero" class="Tests_Rewrite_NumericSlugs" file="/Users/msaari/wordpress-develop/tests/phpunit/tests/rewrite/numericSlugs.php" line="170" assertions="1" time="0.029914"/>
      <testcase name="test_go_to_month_segment_collision_with_title" class="Tests_Rewrite_NumericSlugs" file="/Users/msaari/wordpress-develop/tests/phpunit/tests/rewrite/numericSlugs.php" line="187" assertions="2" time="0.029721"/>
      <testcase name="test_url_to_postid_month_segment_collision_with_title" class="Tests_Rewrite_NumericSlugs" file="/Users/msaari/wordpress-develop/tests/phpunit/tests/rewrite/numericSlugs.php" line="205" assertions="1" time="0.029182"/>
      <testcase name="test_go_to_month_segment_collision_with_title_no_leading_zero" class="Tests_Rewrite_NumericSlugs" file="/Users/msaari/wordpress-develop/tests/phpunit/tests/rewrite/numericSlugs.php" line="221" assertions="2" time="0.029444"/>
      <testcase name="test_url_to_postid_month_segment_collision_with_title_no_leading_zero" class="Tests_Rewrite_NumericSlugs" file="/Users/msaari/wordpress-develop/tests/phpunit/tests/rewrite/numericSlugs.php" line="239" assertions="1" time="0.028347"/>
      <testcase name="test_go_to_day_segment_collision_without_title" class="Tests_Rewrite_NumericSlugs" file="/Users/msaari/wordpress-develop/tests/phpunit/tests/rewrite/numericSlugs.php" line="255" assertions="2" time="0.029422"/>
      <testcase name="test_url_to_postid_day_segment_collision_without_title" class="Tests_Rewrite_NumericSlugs" file="/Users/msaari/wordpress-develop/tests/phpunit/tests/rewrite/numericSlugs.php" line="274" assertions="1" time="0.029455"/>
      <testcase name="test_go_to_day_segment_collision_with_title" class="Tests_Rewrite_NumericSlugs" file="/Users/msaari/wordpress-develop/tests/phpunit/tests/rewrite/numericSlugs.php" line="291" assertions="2" time="0.030637"/>
      <testcase name="test_url_to_postid_day_segment_collision_with_title" class="Tests_Rewrite_NumericSlugs" file="/Users/msaari/wordpress-develop/tests/phpunit/tests/rewrite/numericSlugs.php" line="309" assertions="1" time="0.031237"/>
      <testcase name="test_numeric_slug_permalink_conflicts_should_only_be_resolved_for_the_main_query" class="Tests_Rewrite_NumericSlugs" file="/Users/msaari/wordpress-develop/tests/phpunit/tests/rewrite/numericSlugs.php" line="325" assertions="2" time="0.028489"/>
      <testcase name="test_month_slug_collision_should_resolve_to_date_archive_when_year_does_not_match_post_year" class="Tests_Rewrite_NumericSlugs" file="/Users/msaari/wordpress-develop/tests/phpunit/tests/rewrite/numericSlugs.php" line="350" assertions="1" time="0.037288"/>
      <testcase name="test_day_slug_collision_should_resolve_to_date_archive_when_monthnum_does_not_match_post_month" class="Tests_Rewrite_NumericSlugs" file="/Users/msaari/wordpress-develop/tests/phpunit/tests/rewrite/numericSlugs.php" line="382" assertions="1" time="0.039535"/>
      <testcase name="test_date_slug_collision_should_distinguish_valid_pagination_from_date" class="Tests_Rewrite_NumericSlugs" file="/Users/msaari/wordpress-develop/tests/phpunit/tests/rewrite/numericSlugs.php" line="414" assertions="1" time="0.029960"/>
      <testcase name="test_date_slug_collision_should_distinguish_too_high_pagination_from_date" class="Tests_Rewrite_NumericSlugs" file="/Users/msaari/wordpress-develop/tests/phpunit/tests/rewrite/numericSlugs.php" line="432" assertions="1" time="0.029676"/>
      <testcase name="test_date_slug_collision_should_not_require_pagination_query_var" class="Tests_Rewrite_NumericSlugs" file="/Users/msaari/wordpress-develop/tests/phpunit/tests/rewrite/numericSlugs.php" line="450" assertions="3" time="0.029504"/>
      <testcase name="test_date_slug_collision_should_be_ignored_when_pagination_var_is_present_but_post_does_not_have_multiple_pages" class="Tests_Rewrite_NumericSlugs" file="/Users/msaari/wordpress-develop/tests/phpunit/tests/rewrite/numericSlugs.php" line="469" assertions="1" time="0.029284"/>
    </testsuite>
    <testsuite name="Tests_Rewrite_OldDateRedirect" file="/Users/msaari/wordpress-develop/tests/phpunit/tests/rewrite/oldDateRedirect.php" tests="7" assertions="16" failures="0" errors="0" time="0.197912">
      <testcase name="test_old_date_redirect" class="Tests_Rewrite_OldDateRedirect" file="/Users/msaari/wordpress-develop/tests/phpunit/tests/rewrite/oldDateRedirect.php" line="50" assertions="1" time="0.022666"/>
      <testcase name="test_old_date_slug_redirect" class="Tests_Rewrite_OldDateRedirect" file="/Users/msaari/wordpress-develop/tests/phpunit/tests/rewrite/oldDateRedirect.php" line="69" assertions="1" time="0.022787"/>
      <testcase name="test_old_date_redirect_attachment" class="Tests_Rewrite_OldDateRedirect" file="/Users/msaari/wordpress-develop/tests/phpunit/tests/rewrite/oldDateRedirect.php" line="89" assertions="5" time="0.028944"/>
      <testcase name="test_old_date_slug_redirect_attachment" class="Tests_Rewrite_OldDateRedirect" file="/Users/msaari/wordpress-develop/tests/phpunit/tests/rewrite/oldDateRedirect.php" line="122" assertions="5" time="0.023963"/>
      <testcase name="test_old_date_redirect_paged" class="Tests_Rewrite_OldDateRedirect" file="/Users/msaari/wordpress-develop/tests/phpunit/tests/rewrite/oldDateRedirect.php" line="156" assertions="1" time="0.035050"/>
      <testcase name="test_old_date_slug_redirect_paged" class="Tests_Rewrite_OldDateRedirect" file="/Users/msaari/wordpress-develop/tests/phpunit/tests/rewrite/oldDateRedirect.php" line="182" assertions="1" time="0.035207"/>
      <testcase name="test_old_date_slug_doesnt_redirect_when_reused" class="Tests_Rewrite_OldDateRedirect" file="/Users/msaari/wordpress-develop/tests/phpunit/tests/rewrite/oldDateRedirect.php" line="209" assertions="2" time="0.029294"/>
    </testsuite>
    <testsuite name="Tests_Rewrite_OldSlugRedirect" file="/Users/msaari/wordpress-develop/tests/phpunit/tests/rewrite/oldSlugRedirect.php" tests="4" assertions="9" failures="0" errors="0" time="0.160753">
      <testcase name="test_old_slug_redirect" class="Tests_Rewrite_OldSlugRedirect" file="/Users/msaari/wordpress-develop/tests/phpunit/tests/rewrite/oldSlugRedirect.php" line="40" assertions="1" time="0.032985"/>
      <testcase name="test_old_slug_redirect_attachment" class="Tests_Rewrite_OldSlugRedirect" file="/Users/msaari/wordpress-develop/tests/phpunit/tests/rewrite/oldSlugRedirect.php" line="57" assertions="5" time="0.040530"/>
      <testcase name="test_old_slug_redirect_paged" class="Tests_Rewrite_OldSlugRedirect" file="/Users/msaari/wordpress-develop/tests/phpunit/tests/rewrite/oldSlugRedirect.php" line="98" assertions="1" time="0.046481"/>
      <testcase name="test_old_slug_doesnt_redirect_when_reused" class="Tests_Rewrite_OldSlugRedirect" file="/Users/msaari/wordpress-develop/tests/phpunit/tests/rewrite/oldSlugRedirect.php" line="125" assertions="2" time="0.040757"/>
    </testsuite>
    <testsuite name="Tests_Rewrite_Permastructs" file="/Users/msaari/wordpress-develop/tests/phpunit/tests/rewrite/permastructs.php" tests="2" assertions="4" failures="0" errors="0" time="0.008670">
      <testcase name="test_add_permastruct" class="Tests_Rewrite_Permastructs" file="/Users/msaari/wordpress-develop/tests/phpunit/tests/rewrite/permastructs.php" line="14" assertions="1" time="0.004428"/>
      <testcase name="test_remove_permastruct" class="Tests_Rewrite_Permastructs" file="/Users/msaari/wordpress-develop/tests/phpunit/tests/rewrite/permastructs.php" line="33" assertions="3" time="0.004242"/>
    </testsuite>
    <testsuite name="Tests_Rewrite_Tags" file="/Users/msaari/wordpress-develop/tests/phpunit/tests/rewrite/rewriteTags.php" tests="12" assertions="50" failures="0" errors="0" time="0.001597">
      <testsuite name="Tests_Rewrite_Tags::test_add_rewrite_tag_invalid" tests="6" assertions="18" failures="0" errors="0" time="0.001198">
        <testcase name="test_add_rewrite_tag_invalid with data set #0" assertions="3" time="0.000880"/>
        <testcase name="test_add_rewrite_tag_invalid with data set #1" assertions="3" time="0.000071"/>
        <testcase name="test_add_rewrite_tag_invalid with data set #2" assertions="3" time="0.000082"/>
        <testcase name="test_add_rewrite_tag_invalid with data set #3" assertions="3" time="0.000058"/>
        <testcase name="test_add_rewrite_tag_invalid with data set #4" assertions="3" time="0.000054"/>
        <testcase name="test_add_rewrite_tag_invalid with data set #5" assertions="3" time="0.000053"/>
      </testsuite>
      <testcase name="test_add_rewrite_tag_empty_query" class="Tests_Rewrite_Tags" file="/Users/msaari/wordpress-develop/tests/phpunit/tests/rewrite/rewriteTags.php" line="54" assertions="3" time="0.000084"/>
      <testcase name="test_add_rewrite_tag_custom_query" class="Tests_Rewrite_Tags" file="/Users/msaari/wordpress-develop/tests/phpunit/tests/rewrite/rewriteTags.php" line="66" assertions="3" time="0.000061"/>
      <testcase name="test_add_rewrite_tag_updates_existing" class="Tests_Rewrite_Tags" file="/Users/msaari/wordpress-develop/tests/phpunit/tests/rewrite/rewriteTags.php" line="78" assertions="5" time="0.000063"/>
      <testcase name="test_remove_rewrite_tag" class="Tests_Rewrite_Tags" file="/Users/msaari/wordpress-develop/tests/phpunit/tests/rewrite/rewriteTags.php" line="89" assertions="6" time="0.000065"/>
      <testcase name="test_remove_rewrite_tag_internal_tag" class="Tests_Rewrite_Tags" file="/Users/msaari/wordpress-develop/tests/phpunit/tests/rewrite/rewriteTags.php" line="105" assertions="6" time="0.000058"/>
      <testcase name="test_remove_rewrite_tag_only_removes_one_array_value" class="Tests_Rewrite_Tags" file="/Users/msaari/wordpress-develop/tests/phpunit/tests/rewrite/rewriteTags.php" line="119" assertions="9" time="0.000068"/>
    </testsuite>
    <testsuite name="Tests_Shortcode" file="/Users/msaari/wordpress-develop/tests/phpunit/tests/shortcode.php" tests="86" assertions="146" failures="0" errors="0" time="0.131061">
      <testcase name="test_noatts" class="Tests_Shortcode" file="/Users/msaari/wordpress-develop/tests/phpunit/tests/shortcode.php" line="99" assertions="2" time="0.001489"/>
      <testcase name="test_one_att" class="Tests_Shortcode" file="/Users/msaari/wordpress-develop/tests/phpunit/tests/shortcode.php" line="105" assertions="2" time="0.001567"/>
      <testcase name="test_not_a_tag" class="Tests_Shortcode" file="/Users/msaari/wordpress-develop/tests/phpunit/tests/shortcode.php" line="111" assertions="1" time="0.001406"/>
      <testcase name="test_tag_hyphen_not_tag" class="Tests_Shortcode" file="/Users/msaari/wordpress-develop/tests/phpunit/tests/shortcode.php" line="119" assertions="1" time="0.001447"/>
      <testcase name="test_tag_underscore_not_tag" class="Tests_Shortcode" file="/Users/msaari/wordpress-develop/tests/phpunit/tests/shortcode.php" line="124" assertions="1" time="0.001578"/>
      <testcase name="test_tag_not_tag" class="Tests_Shortcode" file="/Users/msaari/wordpress-develop/tests/phpunit/tests/shortcode.php" line="129" assertions="1" time="0.001449"/>
      <testcase name="test_tag_hyphen" class="Tests_Shortcode" file="/Users/msaari/wordpress-develop/tests/phpunit/tests/shortcode.php" line="137" assertions="5" time="0.001464"/>
      <testcase name="test_attr_hyphen" class="Tests_Shortcode" file="/Users/msaari/wordpress-develop/tests/phpunit/tests/shortcode.php" line="148" assertions="1" time="0.001565"/>
      <testcase name="test_two_atts" class="Tests_Shortcode" file="/Users/msaari/wordpress-develop/tests/phpunit/tests/shortcode.php" line="163" assertions="2" time="0.001827"/>
      <testcase name="test_noatts_enclosing" class="Tests_Shortcode" file="/Users/msaari/wordpress-develop/tests/phpunit/tests/shortcode.php" line="175" assertions="3" time="0.001536"/>
      <testcase name="test_one_att_enclosing" class="Tests_Shortcode" file="/Users/msaari/wordpress-develop/tests/phpunit/tests/shortcode.php" line="182" assertions="3" time="0.001447"/>
      <testcase name="test_two_atts_enclosing" class="Tests_Shortcode" file="/Users/msaari/wordpress-develop/tests/phpunit/tests/shortcode.php" line="189" assertions="3" time="0.001421"/>
      <testcase name="test_unclosed" class="Tests_Shortcode" file="/Users/msaari/wordpress-develop/tests/phpunit/tests/shortcode.php" line="202" assertions="3" time="0.001411"/>
      <testcase name="test_positional_atts_num" class="Tests_Shortcode" file="/Users/msaari/wordpress-develop/tests/phpunit/tests/shortcode.php" line="209" assertions="3" time="0.001409"/>
      <testcase name="test_positional_atts_url" class="Tests_Shortcode" file="/Users/msaari/wordpress-develop/tests/phpunit/tests/shortcode.php" line="216" assertions="3" time="0.001516"/>
      <testcase name="test_positional_atts_quotes" class="Tests_Shortcode" file="/Users/msaari/wordpress-develop/tests/phpunit/tests/shortcode.php" line="223" assertions="3" time="0.001588"/>
      <testcase name="test_positional_atts_mixed" class="Tests_Shortcode" file="/Users/msaari/wordpress-develop/tests/phpunit/tests/shortcode.php" line="236" assertions="3" time="0.001468"/>
      <testcase name="test_positional_and_named_atts" class="Tests_Shortcode" file="/Users/msaari/wordpress-develop/tests/phpunit/tests/shortcode.php" line="252" assertions="3" time="0.001519"/>
      <testcase name="test_footag_default" class="Tests_Shortcode" file="/Users/msaari/wordpress-develop/tests/phpunit/tests/shortcode.php" line="267" assertions="1" time="0.001587"/>
      <testcase name="test_footag_val" class="Tests_Shortcode" file="/Users/msaari/wordpress-develop/tests/phpunit/tests/shortcode.php" line="272" assertions="1" time="0.001533"/>
      <testcase name="test_nested_tags" class="Tests_Shortcode" file="/Users/msaari/wordpress-develop/tests/phpunit/tests/shortcode.php" line="278" assertions="1" time="0.001517"/>
      <testcase name="test_tag_escaped" class="Tests_Shortcode" file="/Users/msaari/wordpress-develop/tests/phpunit/tests/shortcode.php" line="287" assertions="4" time="0.001479"/>
      <testcase name="test_tag_not_escaped" class="Tests_Shortcode" file="/Users/msaari/wordpress-develop/tests/phpunit/tests/shortcode.php" line="302" assertions="5" time="0.001502"/>
      <testcase name="test_mixed_tags" class="Tests_Shortcode" file="/Users/msaari/wordpress-develop/tests/phpunit/tests/shortcode.php" line="320" assertions="1" time="0.001601"/>
      <testcase name="test_utf8_whitespace_1" class="Tests_Shortcode" file="/Users/msaari/wordpress-develop/tests/phpunit/tests/shortcode.php" line="360" assertions="2" time="0.001478"/>
      <testcase name="test_utf8_whitespace_2" class="Tests_Shortcode" file="/Users/msaari/wordpress-develop/tests/phpunit/tests/shortcode.php" line="376" assertions="2" time="0.001516"/>
      <testcase name="test_shortcode_unautop" class="Tests_Shortcode" file="/Users/msaari/wordpress-develop/tests/phpunit/tests/shortcode.php" line="392" assertions="1" time="0.001574"/>
      <testsuite name="Tests_Shortcode::test_strip_shortcodes" tests="10" assertions="10" failures="0" errors="0" time="0.014868">
        <testcase name="test_strip_shortcodes with data set #0" assertions="1" time="0.001511"/>
        <testcase name="test_strip_shortcodes with data set #1" assertions="1" time="0.001621"/>
        <testcase name="test_strip_shortcodes with data set #2" assertions="1" time="0.001549"/>
        <testcase name="test_strip_shortcodes with data set #3" assertions="1" time="0.001426"/>
        <testcase name="test_strip_shortcodes with data set #4" assertions="1" time="0.001385"/>
        <testcase name="test_strip_shortcodes with data set #5" assertions="1" time="0.001385"/>
        <testcase name="test_strip_shortcodes with data set #6" assertions="1" time="0.001418"/>
        <testcase name="test_strip_shortcodes with data set #7" assertions="1" time="0.001429"/>
        <testcase name="test_strip_shortcodes with data set #8" assertions="1" time="0.001514"/>
        <testcase name="test_strip_shortcodes with data set #9" assertions="1" time="0.001630"/>
      </testsuite>
      <testcase name="test_strip_shortcodes_filter" class="Tests_Shortcode" file="/Users/msaari/wordpress-develop/tests/phpunit/tests/shortcode.php" line="428" assertions="1" time="0.001583"/>
      <testcase name="test_shortcode_atts_filter_passes_original_arguments" class="Tests_Shortcode" file="/Users/msaari/wordpress-develop/tests/phpunit/tests/shortcode.php" line="462" assertions="3" time="0.001538"/>
      <testcase name="test_shortcode_atts_filtering" class="Tests_Shortcode" file="/Users/msaari/wordpress-develop/tests/phpunit/tests/shortcode.php" line="485" assertions="3" time="0.001619"/>
      <testcase name="test_spaces_around_shortcodes" class="Tests_Shortcode" file="/Users/msaari/wordpress-develop/tests/phpunit/tests/shortcode.php" line="503" assertions="4" time="0.001526"/>
      <testsuite name="Tests_Shortcode::test_escaping" tests="16" assertions="16" failures="0" errors="0" time="0.025645">
        <testcase name="test_escaping with data set #0" assertions="1" time="0.001394"/>
        <testcase name="test_escaping with data set #1" assertions="1" time="0.001471"/>
        <testcase name="test_escaping with data set #2" assertions="1" time="0.001495"/>
        <testcase name="test_escaping with data set #3" assertions="1" time="0.002004"/>
        <testcase name="test_escaping with data set #4" assertions="1" time="0.001628"/>
        <testcase name="test_escaping with data set #5" assertions="1" time="0.002050"/>
        <testcase name="test_escaping with data set #6" assertions="1" time="0.001608"/>
        <testcase name="test_escaping with data set #7" assertions="1" time="0.001548"/>
        <testcase name="test_escaping with data set #8" assertions="1" time="0.001739"/>
        <testcase name="test_escaping with data set #9" assertions="1" time="0.001809"/>
        <testcase name="test_escaping with data set #10" assertions="1" time="0.001550"/>
        <testcase name="test_escaping with data set #11" assertions="1" time="0.001470"/>
        <testcase name="test_escaping with data set #12" assertions="1" time="0.001405"/>
        <testcase name="test_escaping with data set #13" assertions="1" time="0.001422"/>
        <testcase name="test_escaping with data set #14" assertions="1" time="0.001490"/>
        <testcase name="test_escaping with data set #15" assertions="1" time="0.001562"/>
      </testsuite>
      <testsuite name="Tests_Shortcode::test_escaping2" tests="7" assertions="7" failures="0" errors="0" time="0.010317">
        <testcase name="test_escaping2 with data set #0" assertions="1" time="0.001512"/>
        <testcase name="test_escaping2 with data set #1" assertions="1" time="0.001453"/>
        <testcase name="test_escaping2 with data set #2" assertions="1" time="0.001439"/>
        <testcase name="test_escaping2 with data set #3" assertions="1" time="0.001621"/>
        <testcase name="test_escaping2 with data set #4" assertions="1" time="0.001481"/>
        <testcase name="test_escaping2 with data set #5" assertions="1" time="0.001417"/>
        <testcase name="test_escaping2 with data set #6" assertions="1" time="0.001394"/>
      </testsuite>
      <testcase name="test_has_shortcode" class="Tests_Shortcode" file="/Users/msaari/wordpress-develop/tests/phpunit/tests/shortcode.php" line="643" assertions="2" time="0.001410"/>
      <testsuite name="Tests_Shortcode::test_registration_bad" tests="7" assertions="14" failures="0" errors="0" time="0.010566">
        <testcase name="test_registration_bad with data set #0" assertions="2" time="0.001398"/>
        <testcase name="test_registration_bad with data set #1" assertions="2" time="0.001518"/>
        <testcase name="test_registration_bad with data set #2" assertions="2" time="0.001560"/>
        <testcase name="test_registration_bad with data set #3" assertions="2" time="0.001524"/>
        <testcase name="test_registration_bad with data set #4" assertions="2" time="0.001405"/>
        <testcase name="test_registration_bad with data set #5" assertions="2" time="0.001541"/>
        <testcase name="test_registration_bad with data set #6" assertions="2" time="0.001620"/>
      </testsuite>
      <testsuite name="Tests_Shortcode::test_registration_good" tests="3" assertions="3" failures="0" errors="0" time="0.004177">
        <testcase name="test_registration_good with data set #0" assertions="1" time="0.001412"/>
        <testcase name="test_registration_good with data set #1" assertions="1" time="0.001392"/>
        <testcase name="test_registration_good with data set #2" assertions="1" time="0.001373"/>
      </testsuite>
      <testsuite name="Tests_Shortcode::test_pcre_performance" tests="3" assertions="3" failures="0" errors="0" time="0.004321">
        <testcase name="test_pcre_performance with data set #0" assertions="1" time="0.001381"/>
        <testcase name="test_pcre_performance with data set #1" assertions="1" time="0.001413"/>
        <testcase name="test_pcre_performance with data set #2" assertions="1" time="0.001527"/>
      </testsuite>
      <testcase name="test_php_and_js_shortcode_attribute_regexes_match" class="Tests_Shortcode" file="/Users/msaari/wordpress-develop/tests/phpunit/tests/shortcode.php" line="748" assertions="2" time="0.001807"/>
      <testcase name="test_unnamed_attribute" class="Tests_Shortcode" file="/Users/msaari/wordpress-develop/tests/phpunit/tests/shortcode.php" line="766" assertions="1" time="0.001482"/>
      <testcase name="test_smilies_arent_converted" class="Tests_Shortcode" file="/Users/msaari/wordpress-develop/tests/phpunit/tests/shortcode.php" line="775" assertions="1" time="0.001626"/>
      <testcase name="test_pre_do_shortcode_tag" class="Tests_Shortcode" file="/Users/msaari/wordpress-develop/tests/phpunit/tests/shortcode.php" line="784" assertions="4" time="0.001783"/>
      <testcase name="test_do_shortcode_tag_filter" class="Tests_Shortcode" file="/Users/msaari/wordpress-develop/tests/phpunit/tests/shortcode.php" line="854" assertions="4" time="0.001499"/>
      <testcase name="test_empty_single_quote_attribute" class="Tests_Shortcode" file="/Users/msaari/wordpress-develop/tests/phpunit/tests/shortcode.php" line="926" assertions="1" time="0.001425"/>
      <testcase name="test_positional_atts_single_quotes" class="Tests_Shortcode" file="/Users/msaari/wordpress-develop/tests/phpunit/tests/shortcode.php" line="944" assertions="3" time="0.001502"/>
      <testcase name="test_positional_atts_mixed_quotes" class="Tests_Shortcode" file="/Users/msaari/wordpress-develop/tests/phpunit/tests/shortcode.php" line="960" assertions="3" time="0.001474"/>
    </testsuite>
    <testsuite name="Tests_Taxonomy" file="/Users/msaari/wordpress-develop/tests/phpunit/tests/taxonomy.php" tests="54" assertions="145" failures="0" errors="0" time="0.629460">
      <testcase name="test_get_post_taxonomies" class="Tests_Taxonomy" file="/Users/msaari/wordpress-develop/tests/phpunit/tests/taxonomy.php" line="7" assertions="1" time="0.001517"/>
      <testcase name="test_get_link_taxonomies" class="Tests_Taxonomy" file="/Users/msaari/wordpress-develop/tests/phpunit/tests/taxonomy.php" line="11" assertions="1" time="0.001794"/>
      <testcase name="test_get_unknown_taxonomies" class="Tests_Taxonomy" file="/Users/msaari/wordpress-develop/tests/phpunit/tests/taxonomy.php" line="18" assertions="4" time="0.001592"/>
      <testcase name="test_get_post_taxonomy" class="Tests_Taxonomy" file="/Users/msaari/wordpress-develop/tests/phpunit/tests/taxonomy.php" line="26" assertions="9" time="0.001468"/>
      <testcase name="test_get_the_taxonomies" class="Tests_Taxonomy" file="/Users/msaari/wordpress-develop/tests/phpunit/tests/taxonomy.php" line="36" assertions="5" time="0.024337"/>
      <testcase name="test_get_the_taxonomies_term_template" class="Tests_Taxonomy" file="/Users/msaari/wordpress-develop/tests/phpunit/tests/taxonomy.php" line="55" assertions="2" time="0.015808"/>
      <testcase name="test_the_taxonomies" class="Tests_Taxonomy" file="/Users/msaari/wordpress-develop/tests/phpunit/tests/taxonomy.php" line="66" assertions="1" time="0.016313"/>
      <testcase name="test_the_taxonomies_term_template" class="Tests_Taxonomy" file="/Users/msaari/wordpress-develop/tests/phpunit/tests/taxonomy.php" line="81" assertions="2" time="0.013674"/>
      <testcase name="test_get_link_taxonomy" class="Tests_Taxonomy" file="/Users/msaari/wordpress-develop/tests/phpunit/tests/taxonomy.php" line="108" assertions="3" time="0.001715"/>
      <testcase name="test_taxonomy_exists_known" class="Tests_Taxonomy" file="/Users/msaari/wordpress-develop/tests/phpunit/tests/taxonomy.php" line="118" assertions="3" time="0.001749"/>
      <testcase name="test_taxonomy_exists_unknown" class="Tests_Taxonomy" file="/Users/msaari/wordpress-develop/tests/phpunit/tests/taxonomy.php" line="124" assertions="4" time="0.001792"/>
      <testcase name="test_is_taxonomy_hierarchical" class="Tests_Taxonomy" file="/Users/msaari/wordpress-develop/tests/phpunit/tests/taxonomy.php" line="131" assertions="3" time="0.001701"/>
      <testcase name="test_is_taxonomy_hierarchical_unknown" class="Tests_Taxonomy" file="/Users/msaari/wordpress-develop/tests/phpunit/tests/taxonomy.php" line="137" assertions="4" time="0.001720"/>
      <testcase name="test_register_taxonomy" class="Tests_Taxonomy" file="/Users/msaari/wordpress-develop/tests/phpunit/tests/taxonomy.php" line="144" assertions="3" time="0.001503"/>
      <testcase name="test_register_hierarchical_taxonomy" class="Tests_Taxonomy" file="/Users/msaari/wordpress-develop/tests/phpunit/tests/taxonomy.php" line="158" assertions="3" time="0.001535"/>
      <testcase name="test_register_taxonomy_with_too_long_name" class="Tests_Taxonomy" file="/Users/msaari/wordpress-develop/tests/phpunit/tests/taxonomy.php" line="177" assertions="2" time="0.001613"/>
      <testcase name="test_register_taxonomy_with_empty_name" class="Tests_Taxonomy" file="/Users/msaari/wordpress-develop/tests/phpunit/tests/taxonomy.php" line="186" assertions="2" time="0.001482"/>
      <testcase name="test_register_taxonomy_show_in_quick_edit_should_default_to_value_of_show_ui" class="Tests_Taxonomy" file="/Users/msaari/wordpress-develop/tests/phpunit/tests/taxonomy.php" line="193" assertions="2" time="0.001581"/>
      <testcase name="test_registering_taxonomies_to_object_types" class="Tests_Taxonomy" file="/Users/msaari/wordpress-develop/tests/phpunit/tests/taxonomy.php" line="220" assertions="21" time="0.001576"/>
      <testcase name="test_register_taxonomy_for_post_type_for_taxonomy_with_no_object_type_should_filter_out_empty_object_types" class="Tests_Taxonomy" file="/Users/msaari/wordpress-develop/tests/phpunit/tests/taxonomy.php" line="269" assertions="1" time="0.001441"/>
      <testcase name="test_get_objects_in_term_should_return_invalid_taxonomy_error" class="Tests_Taxonomy" file="/Users/msaari/wordpress-develop/tests/phpunit/tests/taxonomy.php" line="278" assertions="2" time="0.001440"/>
      <testcase name="test_get_objects_in_term_should_return_empty_array" class="Tests_Taxonomy" file="/Users/msaari/wordpress-develop/tests/phpunit/tests/taxonomy.php" line="284" assertions="1" time="0.002475"/>
      <testcase name="test_get_objects_in_term_should_return_objects_ids" class="Tests_Taxonomy" file="/Users/msaari/wordpress-develop/tests/phpunit/tests/taxonomy.php" line="288" assertions="4" time="0.093776"/>
      <testcase name="test_term_assignment_should_invalidate_get_objects_in_term_cache" class="Tests_Taxonomy" file="/Users/msaari/wordpress-develop/tests/phpunit/tests/taxonomy.php" line="321" assertions="2" time="0.085934"/>
      <testcase name="test_term_deletion_should_invalidate_get_objects_in_term_cache" class="Tests_Taxonomy" file="/Users/msaari/wordpress-develop/tests/phpunit/tests/taxonomy.php" line="346" assertions="2" time="0.045965"/>
      <testcase name="test_post_deletion_should_invalidate_get_objects_in_term_cache" class="Tests_Taxonomy" file="/Users/msaari/wordpress-develop/tests/phpunit/tests/taxonomy.php" line="371" assertions="2" time="0.032703"/>
      <testcase name="test_in_category" class="Tests_Taxonomy" file="/Users/msaari/wordpress-develop/tests/phpunit/tests/taxonomy.php" line="396" assertions="4" time="0.017220"/>
      <testcase name="test_insert_category_create" class="Tests_Taxonomy" file="/Users/msaari/wordpress-develop/tests/phpunit/tests/taxonomy.php" line="410" assertions="1" time="0.005218"/>
      <testcase name="test_insert_category_update" class="Tests_Taxonomy" file="/Users/msaari/wordpress-develop/tests/phpunit/tests/taxonomy.php" line="419" assertions="1" time="0.005350"/>
      <testcase name="test_insert_category_force_error_handle" class="Tests_Taxonomy" file="/Users/msaari/wordpress-develop/tests/phpunit/tests/taxonomy.php" line="428" assertions="1" time="0.001643"/>
      <testcase name="test_insert_category_force_error_no_handle" class="Tests_Taxonomy" file="/Users/msaari/wordpress-develop/tests/phpunit/tests/taxonomy.php" line="437" assertions="1" time="0.001594"/>
      <testcase name="test_get_ancestors_taxonomy_non_hierarchical" class="Tests_Taxonomy" file="/Users/msaari/wordpress-develop/tests/phpunit/tests/taxonomy.php" line="446" assertions="1" time="0.003894"/>
      <testcase name="test_get_ancestors_taxonomy" class="Tests_Taxonomy" file="/Users/msaari/wordpress-develop/tests/phpunit/tests/taxonomy.php" line="458" assertions="1" time="0.014090"/>
      <testcase name="test_get_ancestors_post_type_non_hierarchical" class="Tests_Taxonomy" file="/Users/msaari/wordpress-develop/tests/phpunit/tests/taxonomy.php" line="494" assertions="1" time="0.010503"/>
      <testcase name="test_get_ancestors_post_type" class="Tests_Taxonomy" file="/Users/msaari/wordpress-develop/tests/phpunit/tests/taxonomy.php" line="505" assertions="1" time="0.011416"/>
      <testcase name="test_get_ancestors_taxonomy_post_type_conflict_resource_type_taxonomy" class="Tests_Taxonomy" file="/Users/msaari/wordpress-develop/tests/phpunit/tests/taxonomy.php" line="543" assertions="3" time="0.013092"/>
      <testcase name="test_nonpublicly_queryable_taxonomy_should_not_be_queryable_using_taxname_query_var" class="Tests_Taxonomy" file="/Users/msaari/wordpress-develop/tests/phpunit/tests/taxonomy.php" line="590" assertions="1" time="0.019652"/>
      <testcase name="test_it_should_be_possible_to_register_a_query_var_that_matches_the_name_of_a_nonpublicly_queryable_taxonomy" class="Tests_Taxonomy" file="/Users/msaari/wordpress-develop/tests/phpunit/tests/taxonomy.php" line="616" assertions="2" time="0.018262"/>
      <testcase name="test_nonpublicly_queryable_taxonomy_should_not_be_queryable_using_taxonomy_and_term_vars" class="Tests_Taxonomy" file="/Users/msaari/wordpress-develop/tests/phpunit/tests/taxonomy.php" line="657" assertions="1" time="0.018257"/>
      <testcase name="test_public_taxonomy_should_be_publicly_queryable" class="Tests_Taxonomy" file="/Users/msaari/wordpress-develop/tests/phpunit/tests/taxonomy.php" line="683" assertions="2" time="0.019106"/>
      <testcase name="test_private_taxonomy_should_not_be_publicly_queryable" class="Tests_Taxonomy" file="/Users/msaari/wordpress-develop/tests/phpunit/tests/taxonomy.php" line="711" assertions="2" time="0.018532"/>
      <testcase name="test_private_taxonomy_should_be_overridden_by_publicly_queryable" class="Tests_Taxonomy" file="/Users/msaari/wordpress-develop/tests/phpunit/tests/taxonomy.php" line="739" assertions="2" time="0.019884"/>
      <testcase name="test_query_var_should_be_forced_to_false_for_non_public_taxonomy" class="Tests_Taxonomy" file="/Users/msaari/wordpress-develop/tests/phpunit/tests/taxonomy.php" line="768" assertions="1" time="0.001902"/>
      <testcase name="test_unregister_taxonomy_unknown_taxonomy" class="Tests_Taxonomy" file="/Users/msaari/wordpress-develop/tests/phpunit/tests/taxonomy.php" line="785" assertions="1" time="0.001532"/>
      <testcase name="test_unregister_taxonomy_twice" class="Tests_Taxonomy" file="/Users/msaari/wordpress-develop/tests/phpunit/tests/taxonomy.php" line="792" assertions="2" time="0.001550"/>
      <testcase name="test_unregister_taxonomy_disallow_builtin_taxonomy" class="Tests_Taxonomy" file="/Users/msaari/wordpress-develop/tests/phpunit/tests/taxonomy.php" line="801" assertions="2" time="0.001511"/>
      <testcase name="test_unregister_taxonomy_removes_query_vars" class="Tests_Taxonomy" file="/Users/msaari/wordpress-develop/tests/phpunit/tests/taxonomy.php" line="809" assertions="3" time="0.001689"/>
      <testcase name="test_unregister_taxonomy_removes_permastruct" class="Tests_Taxonomy" file="/Users/msaari/wordpress-develop/tests/phpunit/tests/taxonomy.php" line="822" assertions="3" time="0.004342"/>
      <testcase name="test_unregister_taxonomy_removes_rewrite_rules" class="Tests_Taxonomy" file="/Users/msaari/wordpress-develop/tests/phpunit/tests/taxonomy.php" line="844" assertions="6" time="0.005027"/>
      <testcase name="test_unregister_taxonomy_removes_taxonomy_from_global" class="Tests_Taxonomy" file="/Users/msaari/wordpress-develop/tests/phpunit/tests/taxonomy.php" line="864" assertions="5" time="0.001889"/>
      <testcase name="test_unregister_taxonomy_removes_meta_box_callback" class="Tests_Taxonomy" file="/Users/msaari/wordpress-develop/tests/phpunit/tests/taxonomy.php" line="881" assertions="4" time="0.001618"/>
      <testcase name="test_taxonomy_does_not_exist_after_unregister_taxonomy" class="Tests_Taxonomy" file="/Users/msaari/wordpress-develop/tests/phpunit/tests/taxonomy.php" line="895" assertions="2" time="0.001599"/>
      <testcase name="test_taxonomy_name_property_should_not_get_overridden_by_passed_args" class="Tests_Taxonomy" file="/Users/msaari/wordpress-develop/tests/phpunit/tests/taxonomy.php" line="905" assertions="1" time="0.001744"/>
      <testcase name="test_edit_post_hierarchical_taxonomy" class="Tests_Taxonomy" file="/Users/msaari/wordpress-develop/tests/phpunit/tests/taxonomy.php" line="917" assertions="1" time="0.049139"/>
    </testsuite>
    <testsuite name="Tests_Taxonomy_GetObjectTaxonomies" file="/Users/msaari/wordpress-develop/tests/phpunit/tests/taxonomy/getObjectTaxonomies.php" tests="7" assertions="11" failures="0" errors="0" time="0.015919">
      <testcase name="test_object_should_accept_string" class="Tests_Taxonomy_GetObjectTaxonomies" file="/Users/msaari/wordpress-develop/tests/phpunit/tests/taxonomy/getObjectTaxonomies.php" line="12" assertions="1" time="0.001128"/>
      <testcase name="test_object_should_accept_array_of_post_type_names" class="Tests_Taxonomy_GetObjectTaxonomies" file="/Users/msaari/wordpress-develop/tests/phpunit/tests/taxonomy/getObjectTaxonomies.php" line="19" assertions="1" time="0.000288"/>
      <testcase name="test_object_should_accept_post_object" class="Tests_Taxonomy_GetObjectTaxonomies" file="/Users/msaari/wordpress-develop/tests/phpunit/tests/taxonomy/getObjectTaxonomies.php" line="26" assertions="1" time="0.005240"/>
      <testcase name="test_should_respect_output_names" class="Tests_Taxonomy_GetObjectTaxonomies" file="/Users/msaari/wordpress-develop/tests/phpunit/tests/taxonomy/getObjectTaxonomies.php" line="34" assertions="3" time="0.000341"/>
      <testcase name="test_any_value_of_output_other_than_names_should_return_objects" class="Tests_Taxonomy_GetObjectTaxonomies" file="/Users/msaari/wordpress-develop/tests/phpunit/tests/taxonomy/getObjectTaxonomies.php" line="42" assertions="1" time="0.000303"/>
      <testcase name="test_should_return_all_attachment_taxonomies_for_attachment_object_type" class="Tests_Taxonomy_GetObjectTaxonomies" file="/Users/msaari/wordpress-develop/tests/phpunit/tests/taxonomy/getObjectTaxonomies.php" line="52" assertions="1" time="0.004185"/>
      <testcase name="test_should_respect_output_objects_when_object_is_attachment" class="Tests_Taxonomy_GetObjectTaxonomies" file="/Users/msaari/wordpress-develop/tests/phpunit/tests/taxonomy/getObjectTaxonomies.php" line="73" assertions="3" time="0.004434"/>
    </testsuite>
    <testsuite name="Tests_Taxonomy_IsTaxonomyViewable" file="/Users/msaari/wordpress-develop/tests/phpunit/tests/taxonomy/isTaxonomyViewable.php" tests="4" assertions="4" failures="0" errors="0" time="0.006324">
      <testcase name="test_is_taxonomy_viewable_for_querable_taxonomy" class="Tests_Taxonomy_IsTaxonomyViewable" file="/Users/msaari/wordpress-develop/tests/phpunit/tests/taxonomy/isTaxonomyViewable.php" line="18" assertions="1" time="0.001622"/>
      <testcase name="test_is_taxonomy_viewable_for_non_querable_taxonomy" class="Tests_Taxonomy_IsTaxonomyViewable" file="/Users/msaari/wordpress-develop/tests/phpunit/tests/taxonomy/isTaxonomyViewable.php" line="25" assertions="1" time="0.001624"/>
      <testcase name="test_is_taxonomy_viewable_for_non_existing_taxonomy" class="Tests_Taxonomy_IsTaxonomyViewable" file="/Users/msaari/wordpress-develop/tests/phpunit/tests/taxonomy/isTaxonomyViewable.php" line="32" assertions="1" time="0.001540"/>
      <testcase name="test_is_taxonomy_viewable_with_object_given" class="Tests_Taxonomy_IsTaxonomyViewable" file="/Users/msaari/wordpress-develop/tests/phpunit/tests/taxonomy/isTaxonomyViewable.php" line="39" assertions="1" time="0.001538"/>
    </testsuite>
    <testsuite name="Tests_Template" file="/Users/msaari/wordpress-develop/tests/phpunit/tests/template.php" tests="20" assertions="21" failures="0" errors="0" time="0.190990">
      <testcase name="test_404_template_hierarchy" class="Tests_Template" file="/Users/msaari/wordpress-develop/tests/phpunit/tests/template.php" line="77" assertions="1" time="0.009036"/>
      <testcase name="test_author_template_hierarchy" class="Tests_Template" file="/Users/msaari/wordpress-develop/tests/phpunit/tests/template.php" line="93" assertions="1" time="0.020750"/>
      <testcase name="test_category_template_hierarchy" class="Tests_Template" file="/Users/msaari/wordpress-develop/tests/phpunit/tests/template.php" line="111" assertions="1" time="0.010600"/>
      <testcase name="test_tag_template_hierarchy" class="Tests_Template" file="/Users/msaari/wordpress-develop/tests/phpunit/tests/template.php" line="131" assertions="1" time="0.009501"/>
      <testcase name="test_taxonomy_template_hierarchy" class="Tests_Template" file="/Users/msaari/wordpress-develop/tests/phpunit/tests/template.php" line="151" assertions="1" time="0.010487"/>
      <testcase name="test_date_template_hierarchy_for_year" class="Tests_Template" file="/Users/msaari/wordpress-develop/tests/phpunit/tests/template.php" line="171" assertions="1" time="0.008916"/>
      <testcase name="test_date_template_hierarchy_for_month" class="Tests_Template" file="/Users/msaari/wordpress-develop/tests/phpunit/tests/template.php" line="181" assertions="1" time="0.006800"/>
      <testcase name="test_date_template_hierarchy_for_day" class="Tests_Template" file="/Users/msaari/wordpress-develop/tests/phpunit/tests/template.php" line="191" assertions="1" time="0.007525"/>
      <testcase name="test_search_template_hierarchy" class="Tests_Template" file="/Users/msaari/wordpress-develop/tests/phpunit/tests/template.php" line="201" assertions="1" time="0.006474"/>
      <testcase name="test_front_page_template_hierarchy_with_posts_on_front" class="Tests_Template" file="/Users/msaari/wordpress-develop/tests/phpunit/tests/template.php" line="217" assertions="2" time="0.008333"/>
      <testcase name="test_front_page_template_hierarchy_with_page_on_front" class="Tests_Template" file="/Users/msaari/wordpress-develop/tests/phpunit/tests/template.php" line="229" assertions="1" time="0.009880"/>
      <testcase name="test_home_template_hierarchy_with_page_on_front" class="Tests_Template" file="/Users/msaari/wordpress-develop/tests/phpunit/tests/template.php" line="247" assertions="1" time="0.011255"/>
      <testcase name="test_page_template_hierarchy" class="Tests_Template" file="/Users/msaari/wordpress-develop/tests/phpunit/tests/template.php" line="261" assertions="1" time="0.007368"/>
      <testcase name="test_single_template_hierarchy_for_post" class="Tests_Template" file="/Users/msaari/wordpress-develop/tests/phpunit/tests/template.php" line="278" assertions="1" time="0.007678"/>
      <testcase name="test_single_template_hierarchy_for_custom_post_type" class="Tests_Template" file="/Users/msaari/wordpress-develop/tests/phpunit/tests/template.php" line="292" assertions="1" time="0.009498"/>
      <testcase name="test_single_template_hierarchy_for_custom_post_type_with_template" class="Tests_Template" file="/Users/msaari/wordpress-develop/tests/phpunit/tests/template.php" line="315" assertions="1" time="0.010177"/>
      <testcase name="test_attachment_template_hierarchy" class="Tests_Template" file="/Users/msaari/wordpress-develop/tests/phpunit/tests/template.php" line="337" assertions="1" time="0.010756"/>
      <testcase name="test_attachment_template_hierarchy_with_template" class="Tests_Template" file="/Users/msaari/wordpress-develop/tests/phpunit/tests/template.php" line="364" assertions="1" time="0.010441"/>
      <testcase name="test_embed_template_hierarchy_for_post" class="Tests_Template" file="/Users/msaari/wordpress-develop/tests/phpunit/tests/template.php" line="391" assertions="1" time="0.008118"/>
      <testcase name="test_embed_template_hierarchy_for_page" class="Tests_Template" file="/Users/msaari/wordpress-develop/tests/phpunit/tests/template.php" line="408" assertions="1" time="0.007397"/>
    </testsuite>
    <testsuite name="Tests_Term" file="/Users/msaari/wordpress-develop/tests/phpunit/tests/term.php" tests="9" assertions="59" failures="0" errors="0" time="0.227126">
      <testcase name="test_wp_delete_term_should_invalidate_cache_for_child_terms" class="Tests_Term" file="/Users/msaari/wordpress-develop/tests/phpunit/tests/term.php" line="17" assertions="2" time="0.013445"/>
      <testcase name="test_is_term_type" class="Tests_Term" file="/Users/msaari/wordpress-develop/tests/phpunit/tests/term.php" line="52" assertions="3" time="0.011831"/>
      <testcase name="test_wp_count_terms" class="Tests_Term" file="/Users/msaari/wordpress-develop/tests/phpunit/tests/term.php" line="67" assertions="1" time="0.002124"/>
      <testcase name="test_wp_add_remove_object_terms" class="Tests_Term" file="/Users/msaari/wordpress-develop/tests/phpunit/tests/term.php" line="76" assertions="19" time="0.107296"/>
      <testcase name="test_term_is_ancestor_of" class="Tests_Term" file="/Users/msaari/wordpress-develop/tests/phpunit/tests/term.php" line="107" assertions="6" time="0.021860"/>
      <testcase name="test_wp_insert_delete_category" class="Tests_Term" file="/Users/msaari/wordpress-develop/tests/phpunit/tests/term.php" line="126" assertions="11" time="0.013617"/>
      <testcase name="test_wp_set_post_categories" class="Tests_Term" file="/Users/msaari/wordpress-develop/tests/phpunit/tests/term.php" line="152" assertions="12" time="0.040694"/>
      <testcase name="test_sanitize_term_field" class="Tests_Term" file="/Users/msaari/wordpress-develop/tests/phpunit/tests/term.php" line="188" assertions="4" time="0.005142"/>
      <testcase name="test_orphan_category" class="Tests_Term" file="/Users/msaari/wordpress-develop/tests/phpunit/tests/term.php" line="212" assertions="1" time="0.011117"/>
    </testsuite>
    <testsuite name="Tests_Term_Cache" file="/Users/msaari/wordpress-develop/tests/phpunit/tests/term/cache.php" tests="15" assertions="76" failures="0" errors="0" time="0.168756">
      <testcase name="test_category_children_cache" class="Tests_Term_Cache" file="/Users/msaari/wordpress-develop/tests/phpunit/tests/term/cache.php" line="16" assertions="2" time="0.013564"/>
      <testcase name="test_category_name_change" class="Tests_Term_Cache" file="/Users/msaari/wordpress-develop/tests/phpunit/tests/term/cache.php" line="41" assertions="2" time="0.021144"/>
      <testcase name="test_hierachy_invalidation" class="Tests_Term_Cache" file="/Users/msaari/wordpress-develop/tests/phpunit/tests/term/cache.php" line="58" assertions="26" time="0.042993"/>
      <testcase name="test_get_term_should_update_term_cache_when_passed_an_object" class="Tests_Term_Cache" file="/Users/msaari/wordpress-develop/tests/phpunit/tests/term/cache.php" line="103" assertions="3" time="0.004704"/>
      <testcase name="test_get_term_should_update_term_cache_when_passed_a_valid_term_identifier" class="Tests_Term_Cache" file="/Users/msaari/wordpress-develop/tests/phpunit/tests/term/cache.php" line="131" assertions="5" time="0.004210"/>
      <testcase name="test_get_term_by_should_update_term_cache_when_passed_a_valid_term_identifier" class="Tests_Term_Cache" file="/Users/msaari/wordpress-develop/tests/phpunit/tests/term/cache.php" line="160" assertions="5" time="0.004335"/>
      <testcase name="test_get_terms_should_update_cache_for_located_terms" class="Tests_Term_Cache" file="/Users/msaari/wordpress-develop/tests/phpunit/tests/term/cache.php" line="192" assertions="1" time="0.012832"/>
      <testcase name="test_term_objects_should_not_be_modified_by_update_term_cache" class="Tests_Term_Cache" file="/Users/msaari/wordpress-develop/tests/phpunit/tests/term/cache.php" line="225" assertions="1" time="0.016436"/>
      <testcase name="test_get_term_by_slug_cache" class="Tests_Term_Cache" file="/Users/msaari/wordpress-develop/tests/phpunit/tests/term/cache.php" line="244" assertions="6" time="0.004600"/>
      <testcase name="test_get_term_by_slug_cache_update" class="Tests_Term_Cache" file="/Users/msaari/wordpress-develop/tests/phpunit/tests/term/cache.php" line="275" assertions="6" time="0.005789"/>
      <testcase name="test_get_term_by_name_cache" class="Tests_Term_Cache" file="/Users/msaari/wordpress-develop/tests/phpunit/tests/term/cache.php" line="313" assertions="4" time="0.004533"/>
      <testcase name="test_get_term_by_name_cache_update" class="Tests_Term_Cache" file="/Users/msaari/wordpress-develop/tests/phpunit/tests/term/cache.php" line="342" assertions="3" time="0.006071"/>
      <testcase name="test_invalidating_term_caches_should_fail_when_invalidation_is_suspended" class="Tests_Term_Cache" file="/Users/msaari/wordpress-develop/tests/phpunit/tests/term/cache.php" line="377" assertions="5" time="0.005805"/>
      <testcase name="test_get_term_by_does_not_prime_term_meta_cache" class="Tests_Term_Cache" file="/Users/msaari/wordpress-develop/tests/phpunit/tests/term/cache.php" line="420" assertions="5" time="0.005253"/>
      <testcase name="test_get_object_term_cache_should_return_error_if_any_term_is_an_error" class="Tests_Term_Cache" file="/Users/msaari/wordpress-develop/tests/phpunit/tests/term/cache.php" line="449" assertions="2" time="0.016487"/>
    </testsuite>
    <testsuite name="Tests_Term_CategoryExists" file="/Users/msaari/wordpress-develop/tests/phpunit/tests/term/categoryExists.php" tests="4" assertions="4" failures="0" errors="0" time="0.047362">
      <testcase name="test_category_exists_should_return_only_top_level_categories_when_parent_is_0" class="Tests_Term_CategoryExists" file="/Users/msaari/wordpress-develop/tests/phpunit/tests/term/categoryExists.php" line="7" assertions="1" time="0.012652"/>
      <testcase name="test_category_exists_should_select_oldest_matching_category_when_no_parent_is_specified_1" class="Tests_Term_CategoryExists" file="/Users/msaari/wordpress-develop/tests/phpunit/tests/term/categoryExists.php" line="29" assertions="1" time="0.011375"/>
      <testcase name="test_category_exists_should_select_oldest_matching_category_when_no_parent_is_specified_2" class="Tests_Term_CategoryExists" file="/Users/msaari/wordpress-develop/tests/phpunit/tests/term/categoryExists.php" line="52" assertions="1" time="0.011851"/>
      <testcase name="test_category_exists_should_respect_nonempty_parent" class="Tests_Term_CategoryExists" file="/Users/msaari/wordpress-develop/tests/phpunit/tests/term/categoryExists.php" line="75" assertions="1" time="0.011484"/>
    </testsuite>
    <testsuite name="Tests_Term_GetEditTermLink" file="/Users/msaari/wordpress-develop/tests/phpunit/tests/term/getEditTermLink.php" tests="6" assertions="6" failures="0" errors="0" time="0.116014">
      <testcase name="test_get_edit_term_link_default" class="Tests_Term_GetEditTermLink" file="/Users/msaari/wordpress-develop/tests/phpunit/tests/term/getEditTermLink.php" line="13" assertions="1" time="0.018093"/>
      <testcase name="test_get_edit_term_link_invalid_id" class="Tests_Term_GetEditTermLink" file="/Users/msaari/wordpress-develop/tests/phpunit/tests/term/getEditTermLink.php" line="29" assertions="1" time="0.017316"/>
      <testcase name="test_get_edit_term_link_empty_id" class="Tests_Term_GetEditTermLink" file="/Users/msaari/wordpress-develop/tests/phpunit/tests/term/getEditTermLink.php" line="44" assertions="1" time="0.015470"/>
      <testcase name="test_get_edit_term_link_bad_tax" class="Tests_Term_GetEditTermLink" file="/Users/msaari/wordpress-develop/tests/phpunit/tests/term/getEditTermLink.php" line="52" assertions="1" time="0.015371"/>
      <testcase name="test_taxonomy_should_not_be_required" class="Tests_Term_GetEditTermLink" file="/Users/msaari/wordpress-develop/tests/phpunit/tests/term/getEditTermLink.php" line="60" assertions="1" time="0.017926"/>
      <testcase name="test_cap_check_should_use_correct_taxonomy_when_taxonomy_is_not_specified" class="Tests_Term_GetEditTermLink" file="/Users/msaari/wordpress-develop/tests/phpunit/tests/term/getEditTermLink.php" line="75" assertions="1" time="0.031838"/>
    </testsuite>
    <testsuite name="Tests_Term_GetTagLink" file="/Users/msaari/wordpress-develop/tests/phpunit/tests/term/getTagLink.php" tests="3" assertions="3" failures="0" errors="0" time="0.013247">
      <testcase name="test_success" class="Tests_Term_GetTagLink" file="/Users/msaari/wordpress-develop/tests/phpunit/tests/term/getTagLink.php" line="8" assertions="1" time="0.004298"/>
      <testcase name="test_should_return_link_for_term_from_another_taxonomy_on_primed_cache" class="Tests_Term_GetTagLink" file="/Users/msaari/wordpress-develop/tests/phpunit/tests/term/getTagLink.php" line="25" assertions="1" time="0.004433"/>
      <testcase name="test_should_return_link_for_term_from_another_taxonomy_on_empty_cache" class="Tests_Term_GetTagLink" file="/Users/msaari/wordpress-develop/tests/phpunit/tests/term/getTagLink.php" line="46" assertions="1" time="0.004516"/>
    </testsuite>
    <testsuite name="Tests_Term_GetTerm" file="/Users/msaari/wordpress-develop/tests/phpunit/tests/term/getTerm.php" tests="18" assertions="44" failures="0" errors="0" time="0.080095">
      <testcase name="test_should_return_error_for_empty_term" class="Tests_Term_GetTerm" file="/Users/msaari/wordpress-develop/tests/phpunit/tests/term/getTerm.php" line="48" assertions="2" time="0.001406"/>
      <testcase name="test_should_return_error_for_invalid_taxonomy" class="Tests_Term_GetTerm" file="/Users/msaari/wordpress-develop/tests/phpunit/tests/term/getTerm.php" line="54" assertions="2" time="0.001522"/>
      <testcase name="test_passing_term_object_should_skip_database_query_when_filter_property_is_empty" class="Tests_Term_GetTerm" file="/Users/msaari/wordpress-develop/tests/phpunit/tests/term/getTerm.php" line="60" assertions="1" time="0.004251"/>
      <testcase name="test_passing_term_string_that_casts_to_int_0_should_return_null" class="Tests_Term_GetTerm" file="/Users/msaari/wordpress-develop/tests/phpunit/tests/term/getTerm.php" line="74" assertions="1" time="0.002057"/>
      <testcase name="test_should_return_null_for_invalid_term_id" class="Tests_Term_GetTerm" file="/Users/msaari/wordpress-develop/tests/phpunit/tests/term/getTerm.php" line="78" assertions="1" time="0.002580"/>
      <testcase name="test_cache_should_be_populated_by_successful_fetch" class="Tests_Term_GetTerm" file="/Users/msaari/wordpress-develop/tests/phpunit/tests/term/getTerm.php" line="82" assertions="2" time="0.004848"/>
      <testcase name="test_output_object" class="Tests_Term_GetTerm" file="/Users/msaari/wordpress-develop/tests/phpunit/tests/term/getTerm.php" line="98" assertions="1" time="0.004436"/>
      <testcase name="test_output_array_a" class="Tests_Term_GetTerm" file="/Users/msaari/wordpress-develop/tests/phpunit/tests/term/getTerm.php" line="103" assertions="2" time="0.004487"/>
      <testcase name="test_output_array_n" class="Tests_Term_GetTerm" file="/Users/msaari/wordpress-develop/tests/phpunit/tests/term/getTerm.php" line="110" assertions="12" time="0.004438"/>
      <testcase name="test_output_should_fall_back_to_object_for_invalid_input" class="Tests_Term_GetTerm" file="/Users/msaari/wordpress-develop/tests/phpunit/tests/term/getTerm.php" line="120" assertions="1" time="0.004042"/>
      <testcase name="test_numeric_properties_should_be_cast_to_ints" class="Tests_Term_GetTerm" file="/Users/msaari/wordpress-develop/tests/phpunit/tests/term/getTerm.php" line="128" assertions="6" time="0.004117"/>
      <testcase name="test_should_return_null_when_provided_taxonomy_does_not_match_actual_term_taxonomy" class="Tests_Term_GetTerm" file="/Users/msaari/wordpress-develop/tests/phpunit/tests/term/getTerm.php" line="149" assertions="1" time="0.004108"/>
      <testcase name="test_should_return_wp_error_when_term_is_shared_and_no_taxonomy_is_specified" class="Tests_Term_GetTerm" file="/Users/msaari/wordpress-develop/tests/phpunit/tests/term/getTerm.php" line="157" assertions="1" time="0.006656"/>
      <testcase name="test_should_return_term_when_term_is_shared_and_correct_taxonomy_is_specified" class="Tests_Term_GetTerm" file="/Users/msaari/wordpress-develop/tests/phpunit/tests/term/getTerm.php" line="168" assertions="2" time="0.006748"/>
      <testcase name="test_should_return_null_when_term_is_shared_and_incorrect_taxonomy_is_specified" class="Tests_Term_GetTerm" file="/Users/msaari/wordpress-develop/tests/phpunit/tests/term/getTerm.php" line="180" assertions="1" time="0.006768"/>
      <testcase name="test_shared_term_in_cache_should_be_ignored_when_specifying_a_different_taxonomy" class="Tests_Term_GetTerm" file="/Users/msaari/wordpress-develop/tests/phpunit/tests/term/getTerm.php" line="191" assertions="3" time="0.006687"/>
      <testcase name="test_should_return_error_when_only_matching_term_is_in_an_invalid_taxonomy" class="Tests_Term_GetTerm" file="/Users/msaari/wordpress-develop/tests/phpunit/tests/term/getTerm.php" line="212" assertions="2" time="0.004308"/>
      <testcase name="test_term_should_be_returned_when_id_is_shared_only_with_invalid_taxonomies" class="Tests_Term_GetTerm" file="/Users/msaari/wordpress-develop/tests/phpunit/tests/term/getTerm.php" line="225" assertions="3" time="0.006637"/>
    </testsuite>
    <testsuite name="Tests_Term_GetTermBy" file="/Users/msaari/wordpress-develop/tests/phpunit/tests/term/getTermBy.php" tests="18" assertions="30" failures="0" errors="0" time="0.079596">
      <testcase name="test_get_term_by_slug" class="Tests_Term_GetTermBy" file="/Users/msaari/wordpress-develop/tests/phpunit/tests/term/getTermBy.php" line="8" assertions="1" time="0.005054"/>
      <testcase name="test_get_term_by_name" class="Tests_Term_GetTermBy" file="/Users/msaari/wordpress-develop/tests/phpunit/tests/term/getTermBy.php" line="14" assertions="1" time="0.005611"/>
      <testcase name="test_get_term_by_id" class="Tests_Term_GetTermBy" file="/Users/msaari/wordpress-develop/tests/phpunit/tests/term/getTermBy.php" line="20" assertions="1" time="0.005307"/>
      <testcase name="test_get_term_by_term_id" class="Tests_Term_GetTermBy" file="/Users/msaari/wordpress-develop/tests/phpunit/tests/term/getTermBy.php" line="29" assertions="1" time="0.005263"/>
      <testcase name="test_get_term_by_tt_id" class="Tests_Term_GetTermBy" file="/Users/msaari/wordpress-develop/tests/phpunit/tests/term/getTermBy.php" line="38" assertions="1" time="0.005378"/>
      <testcase name="test_get_term_by_unknown" class="Tests_Term_GetTermBy" file="/Users/msaari/wordpress-develop/tests/phpunit/tests/term/getTermBy.php" line="44" assertions="1" time="0.004897"/>
      <testcase name="test_get_term_by_with_nonexistent_id_should_return_false" class="Tests_Term_GetTermBy" file="/Users/msaari/wordpress-develop/tests/phpunit/tests/term/getTermBy.php" line="53" assertions="1" time="0.001760"/>
      <testcase name="test_get_term_by_slug_should_match_nonaccented_equivalents" class="Tests_Term_GetTermBy" file="/Users/msaari/wordpress-develop/tests/phpunit/tests/term/getTermBy.php" line="61" assertions="1" time="0.004018"/>
      <testcase name="test_taxonomy_should_be_ignored_if_matching_by_term_taxonomy_id" class="Tests_Term_GetTermBy" file="/Users/msaari/wordpress-develop/tests/phpunit/tests/term/getTermBy.php" line="79" assertions="1" time="0.004849"/>
      <testcase name="test_should_prime_term_cache" class="Tests_Term_GetTermBy" file="/Users/msaari/wordpress-develop/tests/phpunit/tests/term/getTermBy.php" line="102" assertions="5" time="0.004522"/>
      <testcase name="test_should_unslash_name" class="Tests_Term_GetTermBy" file="/Users/msaari/wordpress-develop/tests/phpunit/tests/term/getTermBy.php" line="132" assertions="3" time="0.003958"/>
      <testcase name="test_should_sanitize_slug" class="Tests_Term_GetTermBy" file="/Users/msaari/wordpress-develop/tests/phpunit/tests/term/getTermBy.php" line="153" assertions="4" time="0.006379"/>
      <testcase name="test_query_should_not_contain_order_by_clause" class="Tests_Term_GetTermBy" file="/Users/msaari/wordpress-develop/tests/phpunit/tests/term/getTermBy.php" line="185" assertions="2" time="0.004356"/>
      <testcase name="test_query_should_contain_limit_clause" class="Tests_Term_GetTermBy" file="/Users/msaari/wordpress-develop/tests/phpunit/tests/term/getTermBy.php" line="202" assertions="2" time="0.004227"/>
      <testcase name="test_prevent_recursion_by_get_terms_filter" class="Tests_Term_GetTermBy" file="/Users/msaari/wordpress-develop/tests/phpunit/tests/term/getTermBy.php" line="219" assertions="1" time="0.001844"/>
      <testcase name="test_get_term_by_name_with_string_0" class="Tests_Term_GetTermBy" file="/Users/msaari/wordpress-develop/tests/phpunit/tests/term/getTermBy.php" line="232" assertions="1" time="0.005277"/>
      <testcase name="test_get_term_by_slug_with_string_0" class="Tests_Term_GetTermBy" file="/Users/msaari/wordpress-develop/tests/phpunit/tests/term/getTermBy.php" line="249" assertions="1" time="0.005245"/>
      <testcase name="test_get_term_by_with_empty_string" class="Tests_Term_GetTermBy" file="/Users/msaari/wordpress-develop/tests/phpunit/tests/term/getTermBy.php" line="267" assertions="2" time="0.001650"/>
    </testsuite>
    <testsuite name="Tests_Term_getTermField" file="/Users/msaari/wordpress-develop/tests/phpunit/tests/term/getTermField.php" tests="14" assertions="38" failures="0" errors="0" time="0.058389">
      <testcase name="test_get_term_field_should_not_return_error_for_empty_taxonomy" class="Tests_Term_getTermField" file="/Users/msaari/wordpress-develop/tests/phpunit/tests/term/getTermField.php" line="19" assertions="2" time="0.004223"/>
      <testcase name="test_get_term_field_supplying_a_taxonomy" class="Tests_Term_getTermField" file="/Users/msaari/wordpress-develop/tests/phpunit/tests/term/getTermField.php" line="30" assertions="1" time="0.004314"/>
      <testcase name="test_get_term_field_supplying_no_taxonomy" class="Tests_Term_getTermField" file="/Users/msaari/wordpress-develop/tests/phpunit/tests/term/getTermField.php" line="40" assertions="1" time="0.004593"/>
      <testcase name="test_get_term_field_should_accept_a_WP_Term_id_or_object" class="Tests_Term_getTermField" file="/Users/msaari/wordpress-develop/tests/phpunit/tests/term/getTermField.php" line="50" assertions="4" time="0.004193"/>
      <testcase name="test_get_term_field_invalid_taxonomy_should_return_WP_Error" class="Tests_Term_getTermField" file="/Users/msaari/wordpress-develop/tests/phpunit/tests/term/getTermField.php" line="62" assertions="2" time="0.003993"/>
      <testcase name="test_get_term_field_invalid_term_should_return_WP_Error" class="Tests_Term_getTermField" file="/Users/msaari/wordpress-develop/tests/phpunit/tests/term/getTermField.php" line="73" assertions="4" time="0.001616"/>
      <testcase name="test_get_term_field_term_id" class="Tests_Term_getTermField" file="/Users/msaari/wordpress-develop/tests/phpunit/tests/term/getTermField.php" line="85" assertions="3" time="0.004011"/>
      <testcase name="test_get_term_field_name" class="Tests_Term_getTermField" file="/Users/msaari/wordpress-develop/tests/phpunit/tests/term/getTermField.php" line="93" assertions="3" time="0.004328"/>
      <testcase name="test_get_term_field_slug_when_slug_is_set" class="Tests_Term_getTermField" file="/Users/msaari/wordpress-develop/tests/phpunit/tests/term/getTermField.php" line="108" assertions="3" time="0.004054"/>
      <testcase name="test_get_term_field_slug_when_slug_falls_back_from_name" class="Tests_Term_getTermField" file="/Users/msaari/wordpress-develop/tests/phpunit/tests/term/getTermField.php" line="123" assertions="3" time="0.004266"/>
      <testcase name="test_get_term_field_slug_when_slug_and_name_are_not_set" class="Tests_Term_getTermField" file="/Users/msaari/wordpress-develop/tests/phpunit/tests/term/getTermField.php" line="138" assertions="3" time="0.004464"/>
      <testcase name="test_get_term_field_taxonomy" class="Tests_Term_getTermField" file="/Users/msaari/wordpress-develop/tests/phpunit/tests/term/getTermField.php" line="150" assertions="3" time="0.004182"/>
      <testcase name="test_get_term_field_description" class="Tests_Term_getTermField" file="/Users/msaari/wordpress-develop/tests/phpunit/tests/term/getTermField.php" line="158" assertions="3" time="0.004042"/>
      <testcase name="test_get_term_field_parent" class="Tests_Term_getTermField" file="/Users/msaari/wordpress-develop/tests/phpunit/tests/term/getTermField.php" line="173" assertions="3" time="0.006111"/>
    </testsuite>
    <testsuite name="Tests_Term_GetTermLink" file="/Users/msaari/wordpress-develop/tests/phpunit/tests/term/getTermLink.php" tests="8" assertions="9" failures="0" errors="0" time="0.053501">
      <testcase name="test_integer_should_be_interpreted_as_term_id" class="Tests_Term_GetTermLink" file="/Users/msaari/wordpress-develop/tests/phpunit/tests/term/getTermLink.php" line="14" assertions="1" time="0.005773"/>
      <testcase name="test_numeric_string_should_be_interpreted_as_term_slug" class="Tests_Term_GetTermLink" file="/Users/msaari/wordpress-develop/tests/phpunit/tests/term/getTermLink.php" line="34" assertions="1" time="0.006203"/>
      <testcase name="test_invalid_term_should_return_wp_error" class="Tests_Term_GetTermLink" file="/Users/msaari/wordpress-develop/tests/phpunit/tests/term/getTermLink.php" line="54" assertions="1" time="0.001977"/>
      <testcase name="test_category_should_use_cat_query_var_with_term_id" class="Tests_Term_GetTermLink" file="/Users/msaari/wordpress-develop/tests/phpunit/tests/term/getTermLink.php" line="59" assertions="1" time="0.005076"/>
      <testcase name="test_taxonomy_with_query_var_should_use_that_query_var_with_term_slug" class="Tests_Term_GetTermLink" file="/Users/msaari/wordpress-develop/tests/phpunit/tests/term/getTermLink.php" line="66" assertions="1" time="0.004136"/>
      <testcase name="test_taxonomy_without_query_var_should_use_taxonomy_query_var_and_term_query_var_with_term_slug" class="Tests_Term_GetTermLink" file="/Users/msaari/wordpress-develop/tests/phpunit/tests/term/getTermLink.php" line="86" assertions="2" time="0.004224"/>
      <testcase name="test_taxonomy_permastruct_with_hierarchical_rewrite_should_put_term_ancestors_in_link" class="Tests_Term_GetTermLink" file="/Users/msaari/wordpress-develop/tests/phpunit/tests/term/getTermLink.php" line="107" assertions="1" time="0.013041"/>
      <testcase name="test_taxonomy_permastruct_with_nonhierarchical_rewrite_should_not_put_term_ancestors_in_link" class="Tests_Term_GetTermLink" file="/Users/msaari/wordpress-develop/tests/phpunit/tests/term/getTermLink.php" line="144" assertions="1" time="0.013070"/>
    </testsuite>
    <testsuite name="Tests_Terms_GetTermsParentsList" file="/Users/msaari/wordpress-develop/tests/phpunit/tests/term/getTermParentsList.php" tests="13" assertions="13" failures="0" errors="0" time="0.027858">
      <testcase name="test_should_return_wp_error_for_empty_id" class="Tests_Terms_GetTermsParentsList" file="/Users/msaari/wordpress-develop/tests/phpunit/tests/term/getTermParentsList.php" line="32" assertions="1" time="0.001848"/>
      <testcase name="test_should_return_empty_for_invalid_id" class="Tests_Terms_GetTermsParentsList" file="/Users/msaari/wordpress-develop/tests/phpunit/tests/term/getTermParentsList.php" line="36" assertions="1" time="0.001810"/>
      <testcase name="test_should_return_wp_error_for_invalid_taxonomy" class="Tests_Terms_GetTermsParentsList" file="/Users/msaari/wordpress-develop/tests/phpunit/tests/term/getTermParentsList.php" line="40" assertions="1" time="0.001449"/>
      <testcase name="test_with_default_parameters" class="Tests_Terms_GetTermsParentsList" file="/Users/msaari/wordpress-develop/tests/phpunit/tests/term/getTermParentsList.php" line="44" assertions="1" time="0.002165"/>
      <testcase name="test_array_parameters" class="Tests_Terms_GetTermsParentsList" file="/Users/msaari/wordpress-develop/tests/phpunit/tests/term/getTermParentsList.php" line="50" assertions="1" time="0.001879"/>
      <testcase name="test_link_false" class="Tests_Terms_GetTermsParentsList" file="/Users/msaari/wordpress-develop/tests/phpunit/tests/term/getTermParentsList.php" line="63" assertions="1" time="0.001943"/>
      <testcase name="test_separator" class="Tests_Terms_GetTermsParentsList" file="/Users/msaari/wordpress-develop/tests/phpunit/tests/term/getTermParentsList.php" line="69" assertions="1" time="0.001806"/>
      <testcase name="test_format_name" class="Tests_Terms_GetTermsParentsList" file="/Users/msaari/wordpress-develop/tests/phpunit/tests/term/getTermParentsList.php" line="75" assertions="1" time="0.001891"/>
      <testcase name="test_format_slug" class="Tests_Terms_GetTermsParentsList" file="/Users/msaari/wordpress-develop/tests/phpunit/tests/term/getTermParentsList.php" line="81" assertions="1" time="0.001821"/>
      <testcase name="test_inclusive_false" class="Tests_Terms_GetTermsParentsList" file="/Users/msaari/wordpress-develop/tests/phpunit/tests/term/getTermParentsList.php" line="87" assertions="1" time="0.001765"/>
      <testcase name="test_term_without_parents" class="Tests_Terms_GetTermsParentsList" file="/Users/msaari/wordpress-develop/tests/phpunit/tests/term/getTermParentsList.php" line="93" assertions="1" time="0.001670"/>
      <testcase name="test_order_should_go_from_distant_to_nearest_ancestor" class="Tests_Terms_GetTermsParentsList" file="/Users/msaari/wordpress-develop/tests/phpunit/tests/term/getTermParentsList.php" line="99" assertions="1" time="0.005376"/>
      <testcase name="test_should_accept_term_object" class="Tests_Terms_GetTermsParentsList" file="/Users/msaari/wordpress-develop/tests/phpunit/tests/term/getTermParentsList.php" line="112" assertions="1" time="0.002435"/>
    </testsuite>
    <testsuite name="Tests_Term_getTerms" file="/Users/msaari/wordpress-develop/tests/phpunit/tests/term/getTerms.php" tests="89" assertions="169" failures="0" errors="0" time="2.075590">
      <testcase name="test_meta_query_args_only" class="Tests_Term_getTerms" file="/Users/msaari/wordpress-develop/tests/phpunit/tests/term/getTerms.php" line="17" assertions="1" time="0.022432"/>
      <testcase name="test_should_accept_an_args_array_containing_taxonomy_for_first_parameter" class="Tests_Term_getTerms" file="/Users/msaari/wordpress-develop/tests/phpunit/tests/term/getTerms.php" line="42" assertions="1" time="0.004686"/>
      <testcase name="test_legacy_params_as_query_string_should_be_properly_parsed" class="Tests_Term_getTerms" file="/Users/msaari/wordpress-develop/tests/phpunit/tests/term/getTerms.php" line="62" assertions="1" time="0.004819"/>
      <testcase name="test_new_params_as_query_string_should_be_properly_parsed" class="Tests_Term_getTerms" file="/Users/msaari/wordpress-develop/tests/phpunit/tests/term/getTerms.php" line="75" assertions="1" time="0.004796"/>
      <testcase name="test_excluding_taxonomy_arg_should_return_terms_from_all_taxonomies" class="Tests_Term_getTerms" file="/Users/msaari/wordpress-develop/tests/phpunit/tests/term/getTerms.php" line="87" assertions="2" time="0.005967"/>
      <testcase name="test_get_terms_cache" class="Tests_Term_getTerms" file="/Users/msaari/wordpress-develop/tests/phpunit/tests/term/getTerms.php" line="109" assertions="6" time="0.033754"/>
      <testcase name="test_get_terms_cache_should_be_missed_when_passing_number" class="Tests_Term_getTerms" file="/Users/msaari/wordpress-develop/tests/phpunit/tests/term/getTerms.php" line="135" assertions="6" time="0.042302"/>
      <testcase name="test_wp_delete_term_should_invalidate_cache" class="Tests_Term_getTerms" file="/Users/msaari/wordpress-develop/tests/phpunit/tests/term/getTerms.php" line="163" assertions="7" time="0.048404"/>
      <testcase name="test_get_terms_should_allow_arbitrary_indexed_taxonomies_array" class="Tests_Term_getTerms" file="/Users/msaari/wordpress-develop/tests/phpunit/tests/term/getTerms.php" line="199" assertions="1" time="0.005636"/>
      <testcase name="test_get_terms_fields" class="Tests_Term_getTerms" file="/Users/msaari/wordpress-develop/tests/phpunit/tests/term/getTerms.php" line="208" assertions="5" time="0.007537"/>
      <testcase name="test_get_terms_include_exclude" class="Tests_Term_getTerms" file="/Users/msaari/wordpress-develop/tests/phpunit/tests/term/getTerms.php" line="290" assertions="5" time="0.011681"/>
      <testcase name="test_exclude_with_hierarchical_true_for_non_hierarchical_taxonomy" class="Tests_Term_getTerms" file="/Users/msaari/wordpress-develop/tests/phpunit/tests/term/getTerms.php" line="345" assertions="1" time="0.008465"/>
      <testcase name="test_get_terms_exclude_tree" class="Tests_Term_getTerms" file="/Users/msaari/wordpress-develop/tests/phpunit/tests/term/getTerms.php" line="373" assertions="2" time="0.015136"/>
      <testcase name="test_get_terms_search" class="Tests_Term_getTerms" file="/Users/msaari/wordpress-develop/tests/phpunit/tests/term/getTerms.php" line="408" assertions="1" time="0.008150"/>
      <testcase name="test_get_terms_like" class="Tests_Term_getTerms" file="/Users/msaari/wordpress-develop/tests/phpunit/tests/term/getTerms.php" line="427" assertions="8" time="0.008783"/>
      <testcase name="test_get_terms_parent_zero" class="Tests_Term_getTerms" file="/Users/msaari/wordpress-develop/tests/phpunit/tests/term/getTerms.php" line="525" assertions="6" time="0.083266"/>
      <testcase name="test_get_terms_grandparent_zero" class="Tests_Term_getTerms" file="/Users/msaari/wordpress-develop/tests/phpunit/tests/term/getTerms.php" line="626" assertions="3" time="0.023147"/>
      <testcase name="test_get_terms_seven_levels_deep" class="Tests_Term_getTerms" file="/Users/msaari/wordpress-develop/tests/phpunit/tests/term/getTerms.php" line="671" assertions="3" time="0.037143"/>
      <testcase name="test_get_terms_child_of" class="Tests_Term_getTerms" file="/Users/msaari/wordpress-develop/tests/phpunit/tests/term/getTerms.php" line="707" assertions="1" time="0.010101"/>
      <testcase name="test_child_of_should_skip_query_when_specified_parent_is_not_found_in_hierarchy_cache" class="Tests_Term_getTerms" file="/Users/msaari/wordpress-develop/tests/phpunit/tests/term/getTerms.php" line="724" assertions="2" time="0.011018"/>
      <testcase name="test_child_of_should_respect_multiple_taxonomies" class="Tests_Term_getTerms" file="/Users/msaari/wordpress-develop/tests/phpunit/tests/term/getTerms.php" line="748" assertions="1" time="0.010878"/>
      <testcase name="test_get_term_children_recursion" class="Tests_Term_getTerms" file="/Users/msaari/wordpress-develop/tests/phpunit/tests/term/getTerms.php" line="776" assertions="2" time="0.008233"/>
      <testcase name="test__get_term_children_handles_cycles" class="Tests_Term_getTerms" file="/Users/msaari/wordpress-develop/tests/phpunit/tests/term/getTerms.php" line="795" assertions="1" time="0.016311"/>
      <testcase name="test__get_term_children_handles_cycles_when_terms_argument_contains_objects" class="Tests_Term_getTerms" file="/Users/msaari/wordpress-develop/tests/phpunit/tests/term/getTerms.php" line="814" assertions="1" time="0.014332"/>
      <testcase name="test_get_terms_by_slug" class="Tests_Term_getTerms" file="/Users/msaari/wordpress-develop/tests/phpunit/tests/term/getTerms.php" line="829" assertions="1" time="0.006490"/>
      <testcase name="test_get_terms_by_multiple_slugs" class="Tests_Term_getTerms" file="/Users/msaari/wordpress-develop/tests/phpunit/tests/term/getTerms.php" line="848" assertions="1" time="0.007887"/>
      <testcase name="test_get_terms_by_name" class="Tests_Term_getTerms" file="/Users/msaari/wordpress-develop/tests/phpunit/tests/term/getTerms.php" line="868" assertions="1" time="0.006378"/>
      <testcase name="test_get_terms_by_multiple_names" class="Tests_Term_getTerms" file="/Users/msaari/wordpress-develop/tests/phpunit/tests/term/getTerms.php" line="887" assertions="1" time="0.008026"/>
      <testcase name="test_name_should_match_encoded_html_entities" class="Tests_Term_getTerms" file="/Users/msaari/wordpress-develop/tests/phpunit/tests/term/getTerms.php" line="907" assertions="2" time="0.005118"/>
      <testcase name="test_name_should_not_double_escape_apostrophes" class="Tests_Term_getTerms" file="/Users/msaari/wordpress-develop/tests/phpunit/tests/term/getTerms.php" line="943" assertions="2" time="0.005230"/>
      <testcase name="test_childless_should_return_all_terms_for_flat_hierarchy" class="Tests_Term_getTerms" file="/Users/msaari/wordpress-develop/tests/phpunit/tests/term/getTerms.php" line="974" assertions="1" time="0.008415"/>
      <testcase name="test_childless_hierarchical_taxonomy" class="Tests_Term_getTerms" file="/Users/msaari/wordpress-develop/tests/phpunit/tests/term/getTerms.php" line="1014" assertions="1" time="0.025569"/>
      <testcase name="test_childless_hierarchical_taxonomy_used_with_child_of" class="Tests_Term_getTerms" file="/Users/msaari/wordpress-develop/tests/phpunit/tests/term/getTerms.php" line="1105" assertions="1" time="0.021244"/>
      <testcase name="test_childless_should_enforce_childless_status_for_all_queried_taxonomies" class="Tests_Term_getTerms" file="/Users/msaari/wordpress-develop/tests/phpunit/tests/term/getTerms.php" line="1174" assertions="1" time="0.015519"/>
      <testcase name="test_get_terms_hierarchical_tax_hide_empty_false_fields_ids" class="Tests_Term_getTerms" file="/Users/msaari/wordpress-develop/tests/phpunit/tests/term/getTerms.php" line="1205" assertions="1" time="0.050424"/>
      <testcase name="test_get_terms_hierarchical_tax_hide_empty_true_fields_ids" class="Tests_Term_getTerms" file="/Users/msaari/wordpress-develop/tests/phpunit/tests/term/getTerms.php" line="1233" assertions="1" time="0.030395"/>
      <testcase name="test_get_terms_hierarchical_tax_hide_empty_true_fields_ids_hierarchical_false" class="Tests_Term_getTerms" file="/Users/msaari/wordpress-develop/tests/phpunit/tests/term/getTerms.php" line="1259" assertions="1" time="0.028675"/>
      <testcase name="test_get_terms_hierarchical_tax_hide_empty_false_fields_names" class="Tests_Term_getTerms" file="/Users/msaari/wordpress-develop/tests/phpunit/tests/term/getTerms.php" line="1285" assertions="1" time="0.029000"/>
      <testcase name="test_get_terms_hierarchical_tax_hide_empty_true_fields_names" class="Tests_Term_getTerms" file="/Users/msaari/wordpress-develop/tests/phpunit/tests/term/getTerms.php" line="1313" assertions="1" time="0.028201"/>
      <testcase name="test_get_terms_hierarchical_tax_hide_empty_true_fields_names_hierarchical_false" class="Tests_Term_getTerms" file="/Users/msaari/wordpress-develop/tests/phpunit/tests/term/getTerms.php" line="1339" assertions="1" time="0.028720"/>
      <testcase name="test_get_terms_hierarchical_tax_hide_empty_false_fields_count" class="Tests_Term_getTerms" file="/Users/msaari/wordpress-develop/tests/phpunit/tests/term/getTerms.php" line="1365" assertions="1" time="0.028549"/>
      <testcase name="test_get_terms_hierarchical_tax_hide_empty_true_fields_count" class="Tests_Term_getTerms" file="/Users/msaari/wordpress-develop/tests/phpunit/tests/term/getTerms.php" line="1385" assertions="1" time="0.027814"/>
      <testcase name="test_get_terms_hierarchical_tax_hide_empty_true_fields_count_hierarchical_false" class="Tests_Term_getTerms" file="/Users/msaari/wordpress-develop/tests/phpunit/tests/term/getTerms.php" line="1406" assertions="1" time="0.028416"/>
      <testcase name="test_get_terms_hierarchical_tax_hide_empty_false_fields_idparent" class="Tests_Term_getTerms" file="/Users/msaari/wordpress-develop/tests/phpunit/tests/term/getTerms.php" line="1427" assertions="1" time="0.028466"/>
      <testcase name="test_get_terms_hierarchical_tax_hide_empty_true_fields_idparent" class="Tests_Term_getTerms" file="/Users/msaari/wordpress-develop/tests/phpunit/tests/term/getTerms.php" line="1455" assertions="1" time="0.028542"/>
      <testcase name="test_get_terms_hierarchical_tax_hide_empty_true_fields_idparent_hierarchical_false" class="Tests_Term_getTerms" file="/Users/msaari/wordpress-develop/tests/phpunit/tests/term/getTerms.php" line="1481" assertions="1" time="0.029562"/>
      <testcase name="test_get_terms_hierarchical_tax_hide_empty_false_fields_idslug" class="Tests_Term_getTerms" file="/Users/msaari/wordpress-develop/tests/phpunit/tests/term/getTerms.php" line="1507" assertions="1" time="0.028406"/>
      <testcase name="test_get_terms_hierarchical_tax_hide_empty_true_fields_idslug" class="Tests_Term_getTerms" file="/Users/msaari/wordpress-develop/tests/phpunit/tests/term/getTerms.php" line="1538" assertions="1" time="0.028260"/>
      <testcase name="test_get_terms_hierarchical_tax_hide_empty_true_fields_idslug_hierarchical_false" class="Tests_Term_getTerms" file="/Users/msaari/wordpress-develop/tests/phpunit/tests/term/getTerms.php" line="1564" assertions="1" time="0.029019"/>
      <testcase name="test_get_terms_hierarchical_tax_hide_empty_false_fields_idname" class="Tests_Term_getTerms" file="/Users/msaari/wordpress-develop/tests/phpunit/tests/term/getTerms.php" line="1590" assertions="1" time="0.028529"/>
      <testcase name="test_get_terms_hierarchical_tax_hide_empty_true_fields_idname" class="Tests_Term_getTerms" file="/Users/msaari/wordpress-develop/tests/phpunit/tests/term/getTerms.php" line="1621" assertions="1" time="0.028461"/>
      <testcase name="test_get_terms_hierarchical_tax_hide_empty_true_fields_idname_hierarchical_false" class="Tests_Term_getTerms" file="/Users/msaari/wordpress-develop/tests/phpunit/tests/term/getTerms.php" line="1647" assertions="1" time="0.027707"/>
      <testcase name="test_hierarchical_should_recurse_properly_for_all_taxonomies" class="Tests_Term_getTerms" file="/Users/msaari/wordpress-develop/tests/phpunit/tests/term/getTerms.php" line="1676" assertions="6" time="0.033863"/>
      <testcase name="test_orderby_include" class="Tests_Term_getTerms" file="/Users/msaari/wordpress-develop/tests/phpunit/tests/term/getTerms.php" line="1741" assertions="1" time="0.010871"/>
      <testcase name="test_orderby_description" class="Tests_Term_getTerms" file="/Users/msaari/wordpress-develop/tests/phpunit/tests/term/getTerms.php" line="1768" assertions="1" time="0.010654"/>
      <testcase name="test_orderby_term_id" class="Tests_Term_getTerms" file="/Users/msaari/wordpress-develop/tests/phpunit/tests/term/getTerms.php" line="1814" assertions="1" time="0.008596"/>
      <testcase name="test_orderby_meta_value" class="Tests_Term_getTerms" file="/Users/msaari/wordpress-develop/tests/phpunit/tests/term/getTerms.php" line="1850" assertions="1" time="0.012185"/>
      <testcase name="test_orderby_meta_value_num" class="Tests_Term_getTerms" file="/Users/msaari/wordpress-develop/tests/phpunit/tests/term/getTerms.php" line="1888" assertions="1" time="0.011351"/>
      <testcase name="test_orderby_meta_value_with_meta_key" class="Tests_Term_getTerms" file="/Users/msaari/wordpress-develop/tests/phpunit/tests/term/getTerms.php" line="1926" assertions="4" time="0.017089"/>
      <testcase name="test_orderby_meta_value_num_with_meta_key" class="Tests_Term_getTerms" file="/Users/msaari/wordpress-develop/tests/phpunit/tests/term/getTerms.php" line="2025" assertions="4" time="0.017498"/>
      <testcase name="test_orderby_clause_key" class="Tests_Term_getTerms" file="/Users/msaari/wordpress-develop/tests/phpunit/tests/term/getTerms.php" line="2122" assertions="3" time="0.015319"/>
      <testcase name="test_hierarchical_false_with_parent" class="Tests_Term_getTerms" file="/Users/msaari/wordpress-develop/tests/phpunit/tests/term/getTerms.php" line="2220" assertions="1" time="0.044912"/>
      <testcase name="test_hierarchical_true_with_parent" class="Tests_Term_getTerms" file="/Users/msaari/wordpress-develop/tests/phpunit/tests/term/getTerms.php" line="2239" assertions="1" time="0.092643"/>
      <testcase name="test_hierarchical_false_with_child_of_and_direct_child" class="Tests_Term_getTerms" file="/Users/msaari/wordpress-develop/tests/phpunit/tests/term/getTerms.php" line="2260" assertions="1" time="0.055794"/>
      <testcase name="test_hierarchical_false_with_child_of_should_not_return_grandchildren" class="Tests_Term_getTerms" file="/Users/msaari/wordpress-develop/tests/phpunit/tests/term/getTerms.php" line="2286" assertions="1" time="0.168651"/>
      <testcase name="test_hierarchical_true_with_child_of_should_return_grandchildren" class="Tests_Term_getTerms" file="/Users/msaari/wordpress-develop/tests/phpunit/tests/term/getTerms.php" line="2302" assertions="1" time="0.046616"/>
      <testcase name="test_parent_should_override_child_of" class="Tests_Term_getTerms" file="/Users/msaari/wordpress-develop/tests/phpunit/tests/term/getTerms.php" line="2324" assertions="1" time="0.045993"/>
      <testcase name="test_parent_should_skip_query_when_specified_parent_is_not_found_in_hierarchy_cache" class="Tests_Term_getTerms" file="/Users/msaari/wordpress-develop/tests/phpunit/tests/term/getTerms.php" line="2349" assertions="2" time="0.011998"/>
      <testcase name="test_parent_should_respect_multiple_taxonomies" class="Tests_Term_getTerms" file="/Users/msaari/wordpress-develop/tests/phpunit/tests/term/getTerms.php" line="2373" assertions="1" time="0.010618"/>
      <testcase name="test_hierarchical_false_parent_should_override_child_of" class="Tests_Term_getTerms" file="/Users/msaari/wordpress-develop/tests/phpunit/tests/term/getTerms.php" line="2398" assertions="1" time="0.045563"/>
      <testcase name="test_hierarchical_true_parent_overrides_child_of" class="Tests_Term_getTerms" file="/Users/msaari/wordpress-develop/tests/phpunit/tests/term/getTerms.php" line="2418" assertions="1" time="0.048961"/>
      <testcase name="test_pad_counts" class="Tests_Term_getTerms" file="/Users/msaari/wordpress-develop/tests/phpunit/tests/term/getTerms.php" line="2440" assertions="4" time="0.045084"/>
      <testcase name="test_pad_counts_should_not_recurse_infinitely_when_term_hierarchy_has_a_loop" class="Tests_Term_getTerms" file="/Users/msaari/wordpress-develop/tests/phpunit/tests/term/getTerms.php" line="2490" assertions="4" time="0.047097"/>
      <testcase name="test_pad_counts_should_work_when_first_taxonomy_is_nonhierarchical_and_second_taxonomy_is_hierarchical" class="Tests_Term_getTerms" file="/Users/msaari/wordpress-develop/tests/phpunit/tests/term/getTerms.php" line="2522" assertions="4" time="0.047334"/>
      <testcase name="test_termmeta_cache_should_be_primed_by_default" class="Tests_Term_getTerms" file="/Users/msaari/wordpress-develop/tests/phpunit/tests/term/getTerms.php" line="2563" assertions="4" time="0.011504"/>
      <testcase name="test_termmeta_cache_should_not_be_primed_when_update_term_meta_cache_is_false" class="Tests_Term_getTerms" file="/Users/msaari/wordpress-develop/tests/phpunit/tests/term/getTerms.php" line="2592" assertions="4" time="0.012111"/>
      <testcase name="test_meta_query" class="Tests_Term_getTerms" file="/Users/msaari/wordpress-develop/tests/phpunit/tests/term/getTerms.php" line="2622" assertions="1" time="0.014713"/>
      <testcase name="test_meta_query_should_not_return_duplicates" class="Tests_Term_getTerms" file="/Users/msaari/wordpress-develop/tests/phpunit/tests/term/getTerms.php" line="2650" assertions="1" time="0.005422"/>
      <testcase name="test_should_return_wp_term_objects" class="Tests_Term_getTerms" file="/Users/msaari/wordpress-develop/tests/phpunit/tests/term/getTerms.php" line="2677" assertions="3" time="0.007684"/>
      <testcase name="test_should_return_wp_term_objects_when_pulling_from_the_cache" class="Tests_Term_getTerms" file="/Users/msaari/wordpress-develop/tests/phpunit/tests/term/getTerms.php" line="2700" assertions="4" time="0.007730"/>
      <testcase name="test_should_prime_individual_term_cache_when_fields_is_all" class="Tests_Term_getTerms" file="/Users/msaari/wordpress-develop/tests/phpunit/tests/term/getTerms.php" line="2737" assertions="1" time="0.007552"/>
      <testcase name="test_indexes_should_not_be_reset_when_number_of_matched_terms_is_greater_than_number" class="Tests_Term_getTerms" file="/Users/msaari/wordpress-develop/tests/phpunit/tests/term/getTerms.php" line="2760" assertions="1" time="0.011184"/>
      <testcase name="test_hierarchical_offset_0_with_number_greater_than_total_available_count" class="Tests_Term_getTerms" file="/Users/msaari/wordpress-develop/tests/phpunit/tests/term/getTerms.php" line="2782" assertions="1" time="0.008612"/>
      <testcase name="test_hierarchical_offset_plus_number" class="Tests_Term_getTerms" file="/Users/msaari/wordpress-develop/tests/phpunit/tests/term/getTerms.php" line="2802" assertions="1" time="0.012081"/>
      <testcase name="test_hierarchical_offset_plus_number_exceeds_available_count" class="Tests_Term_getTerms" file="/Users/msaari/wordpress-develop/tests/phpunit/tests/term/getTerms.php" line="2824" assertions="1" time="0.008464"/>
      <testcase name="test_hierarchical_offset_exceeds_available_count" class="Tests_Term_getTerms" file="/Users/msaari/wordpress-develop/tests/phpunit/tests/term/getTerms.php" line="2846" assertions="1" time="0.008552"/>
      <testcase name="test_count_should_not_pass_through_main_get_terms_filter" class="Tests_Term_getTerms" file="/Users/msaari/wordpress-develop/tests/phpunit/tests/term/getTerms.php" line="2869" assertions="1" time="0.001983"/>
      <testcase name="test_with_term_slug_equal_to_string_0" class="Tests_Term_getTerms" file="/Users/msaari/wordpress-develop/tests/phpunit/tests/term/getTerms.php" line="2891" assertions="1" time="0.005732"/>
      <testcase name="test_with_multiple_term_slugs_one_equal_to_string_0" class="Tests_Term_getTerms" file="/Users/msaari/wordpress-develop/tests/phpunit/tests/term/getTerms.php" line="2916" assertions="1" time="0.009578"/>
    </testsuite>
    <testsuite name="Tests_Term_GetTheTerms" file="/Users/msaari/wordpress-develop/tests/phpunit/tests/term/getTheTerms.php" tests="11" assertions="27" failures="0" errors="0" time="0.146849">
      <testcase name="test_object_term_cache" class="Tests_Term_GetTheTerms" file="/Users/msaari/wordpress-develop/tests/phpunit/tests/term/getTheTerms.php" line="17" assertions="6" time="0.026728"/>
      <testcase name="test_object_term_cache_when_term_changes" class="Tests_Term_GetTheTerms" file="/Users/msaari/wordpress-develop/tests/phpunit/tests/term/getTheTerms.php" line="53" assertions="6" time="0.009131"/>
      <testcase name="test_get_the_terms_should_return_wp_term_objects_from_cache" class="Tests_Term_GetTheTerms" file="/Users/msaari/wordpress-develop/tests/phpunit/tests/term/getTheTerms.php" line="88" assertions="3" time="0.008579"/>
      <testcase name="test_get_the_terms_should_return_zero_indexed_array_when_cache_is_empty" class="Tests_Term_GetTheTerms" file="/Users/msaari/wordpress-develop/tests/phpunit/tests/term/getTheTerms.php" line="107" assertions="1" time="0.011069"/>
      <testcase name="test_get_the_terms_should_return_zero_indexed_array_when_cache_is_primed" class="Tests_Term_GetTheTerms" file="/Users/msaari/wordpress-develop/tests/phpunit/tests/term/getTheTerms.php" line="120" assertions="1" time="0.011056"/>
      <testcase name="test_get_the_terms_should_return_results_ordered_by_name_when_pulling_from_cache" class="Tests_Term_GetTheTerms" file="/Users/msaari/wordpress-develop/tests/phpunit/tests/term/getTheTerms.php" line="137" assertions="1" time="0.014066"/>
      <testcase name="test_get_the_terms_should_return_wp_error_when_taxonomy_is_unregistered" class="Tests_Term_GetTheTerms" file="/Users/msaari/wordpress-develop/tests/phpunit/tests/term/getTheTerms.php" line="171" assertions="1" time="0.001787"/>
      <testcase name="test_count_should_not_be_improperly_cached" class="Tests_Term_GetTheTerms" file="/Users/msaari/wordpress-develop/tests/phpunit/tests/term/getTheTerms.php" line="180" assertions="2" time="0.010441"/>
      <testcase name="test_uncached_terms_should_be_primed_with_a_single_query" class="Tests_Term_GetTheTerms" file="/Users/msaari/wordpress-develop/tests/phpunit/tests/term/getTheTerms.php" line="199" assertions="2" time="0.014135"/>
      <testcase name="test_term_cache_should_be_invalidated_on_set_object_terms" class="Tests_Term_GetTheTerms" file="/Users/msaari/wordpress-develop/tests/phpunit/tests/term/getTheTerms.php" line="226" assertions="2" time="0.017637"/>
      <testcase name="test_term_cache_should_be_invalidated_on_remove_object_terms" class="Tests_Term_GetTheTerms" file="/Users/msaari/wordpress-develop/tests/phpunit/tests/term/getTheTerms.php" line="258" assertions="2" time="0.022220"/>
    </testsuite>
    <testsuite name="Tests_IsObjectInTerm" file="/Users/msaari/wordpress-develop/tests/phpunit/tests/term/isObjectInTerm.php" tests="9" assertions="21" failures="0" errors="0" time="0.200715">
      <testcase name="test_terms_are_ints" class="Tests_IsObjectInTerm" file="/Users/msaari/wordpress-develop/tests/phpunit/tests/term/isObjectInTerm.php" line="7" assertions="2" time="0.031335"/>
      <testcase name="test_terms_are_strings_and_match_term_id" class="Tests_IsObjectInTerm" file="/Users/msaari/wordpress-develop/tests/phpunit/tests/term/isObjectInTerm.php" line="22" assertions="2" time="0.031212"/>
      <testcase name="test_terms_are_strings_and_match_term_name" class="Tests_IsObjectInTerm" file="/Users/msaari/wordpress-develop/tests/phpunit/tests/term/isObjectInTerm.php" line="40" assertions="2" time="0.032394"/>
      <testcase name="test_terms_are_strings_and_match_term_slug" class="Tests_IsObjectInTerm" file="/Users/msaari/wordpress-develop/tests/phpunit/tests/term/isObjectInTerm.php" line="65" assertions="2" time="0.029486"/>
      <testcase name="test_terms_contain_strings_and_ints_and_match_term_id_as_int" class="Tests_IsObjectInTerm" file="/Users/msaari/wordpress-develop/tests/phpunit/tests/term/isObjectInTerm.php" line="90" assertions="2" time="0.029207"/>
      <testcase name="test_should_not_return_true_if_term_name_begins_with_existing_term_id" class="Tests_IsObjectInTerm" file="/Users/msaari/wordpress-develop/tests/phpunit/tests/term/isObjectInTerm.php" line="118" assertions="2" time="0.022574"/>
      <testcase name="test_should_populate_and_hit_relationships_cache" class="Tests_IsObjectInTerm" file="/Users/msaari/wordpress-develop/tests/phpunit/tests/term/isObjectInTerm.php" line="137" assertions="4" time="0.009240"/>
      <testcase name="test_should_not_be_fooled_by_a_stale_relationship_cache" class="Tests_IsObjectInTerm" file="/Users/msaari/wordpress-develop/tests/phpunit/tests/term/isObjectInTerm.php" line="158" assertions="4" time="0.013523"/>
      <testcase name="test_invalid_taxonomy_should_return_wp_error_object" class="Tests_IsObjectInTerm" file="/Users/msaari/wordpress-develop/tests/phpunit/tests/term/isObjectInTerm.php" line="183" assertions="1" time="0.001743"/>
    </testsuite>
    <testsuite name="Tests_Term_Meta" file="/Users/msaari/wordpress-develop/tests/phpunit/tests/term/meta.php" tests="27" assertions="58" failures="0" errors="0" time="0.187862">
      <testcase name="test_add" class="Tests_Term_Meta" file="/Users/msaari/wordpress-develop/tests/phpunit/tests/term/meta.php" line="21" assertions="1" time="0.004967"/>
      <testcase name="test_add_unique" class="Tests_Term_Meta" file="/Users/msaari/wordpress-develop/tests/phpunit/tests/term/meta.php" line="27" assertions="2" time="0.004744"/>
      <testcase name="test_delete" class="Tests_Term_Meta" file="/Users/msaari/wordpress-develop/tests/phpunit/tests/term/meta.php" line="34" assertions="1" time="0.004937"/>
      <testcase name="test_delete_with_invalid_meta_key_should_return_false" class="Tests_Term_Meta" file="/Users/msaari/wordpress-develop/tests/phpunit/tests/term/meta.php" line="41" assertions="1" time="0.004493"/>
      <testcase name="test_delete_should_respect_meta_value" class="Tests_Term_Meta" file="/Users/msaari/wordpress-develop/tests/phpunit/tests/term/meta.php" line="47" assertions="2" time="0.005512"/>
      <testcase name="test_get_with_no_key_should_fetch_all_keys" class="Tests_Term_Meta" file="/Users/msaari/wordpress-develop/tests/phpunit/tests/term/meta.php" line="58" assertions="1" time="0.005481"/>
      <testcase name="test_get_with_key_should_fetch_all_for_key" class="Tests_Term_Meta" file="/Users/msaari/wordpress-develop/tests/phpunit/tests/term/meta.php" line="72" assertions="1" time="0.006066"/>
      <testcase name="test_get_should_respect_single_true" class="Tests_Term_Meta" file="/Users/msaari/wordpress-develop/tests/phpunit/tests/term/meta.php" line="84" assertions="1" time="0.005162"/>
      <testcase name="test_update_should_pass_to_add_when_no_value_exists_for_key" class="Tests_Term_Meta" file="/Users/msaari/wordpress-develop/tests/phpunit/tests/term/meta.php" line="93" assertions="3" time="0.005098"/>
      <testcase name="test_update_should_return_true_when_updating_existing_value_for_key" class="Tests_Term_Meta" file="/Users/msaari/wordpress-develop/tests/phpunit/tests/term/meta.php" line="104" assertions="2" time="0.006048"/>
      <testcase name="test_term_meta_should_be_lazy_loaded_for_all_terms_in_wp_query_loop" class="Tests_Term_Meta" file="/Users/msaari/wordpress-develop/tests/phpunit/tests/term/meta.php" line="116" assertions="7" time="0.029749"/>
      <testcase name="test_lazy_load_term_meta_should_fall_back_on_update_post_term_cache" class="Tests_Term_Meta" file="/Users/msaari/wordpress-develop/tests/phpunit/tests/term/meta.php" line="163" assertions="2" time="0.002987"/>
      <testcase name="test_lazy_load_term_meta_false" class="Tests_Term_Meta" file="/Users/msaari/wordpress-develop/tests/phpunit/tests/term/meta.php" line="184" assertions="4" time="0.026428"/>
      <testcase name="test_adding_term_meta_should_bust_get_terms_cache" class="Tests_Term_Meta" file="/Users/msaari/wordpress-develop/tests/phpunit/tests/term/meta.php" line="221" assertions="2" time="0.008685"/>
      <testcase name="test_updating_term_meta_should_bust_get_terms_cache" class="Tests_Term_Meta" file="/Users/msaari/wordpress-develop/tests/phpunit/tests/term/meta.php" line="262" assertions="2" time="0.008903"/>
      <testcase name="test_deleting_term_meta_should_bust_get_terms_cache" class="Tests_Term_Meta" file="/Users/msaari/wordpress-develop/tests/phpunit/tests/term/meta.php" line="304" assertions="2" time="0.009339"/>
      <testcase name="test_add_term_meta_should_return_error_when_term_id_is_shared" class="Tests_Term_Meta" file="/Users/msaari/wordpress-develop/tests/phpunit/tests/term/meta.php" line="349" assertions="2" time="0.009479"/>
      <testcase name="test_update_term_meta_should_return_error_when_term_id_is_shared" class="Tests_Term_Meta" file="/Users/msaari/wordpress-develop/tests/phpunit/tests/term/meta.php" line="387" assertions="2" time="0.010241"/>
      <testcase name="test_term_meta_should_be_deleted_when_term_is_deleted" class="Tests_Term_Meta" file="/Users/msaari/wordpress-develop/tests/phpunit/tests/term/meta.php" line="427" assertions="5" time="0.009645"/>
      <testcase name="test_has_term_meta" class="Tests_Term_Meta" file="/Users/msaari/wordpress-develop/tests/phpunit/tests/term/meta.php" line="445" assertions="2" time="0.005185"/>
      <testcase name="test_has_term_meta_empty_results" class="Tests_Term_Meta" file="/Users/msaari/wordpress-develop/tests/phpunit/tests/term/meta.php" line="468" assertions="1" time="0.004571"/>
      <testsuite name="Tests_Term_Meta::test_register_term_meta" tests="3" assertions="9" failures="0" errors="0" time="0.005244">
        <testcase name="test_register_term_meta with data set #0" assertions="3" time="0.001973"/>
        <testcase name="test_register_term_meta with data set #1" assertions="3" time="0.001580"/>
        <testcase name="test_register_term_meta with data set #2" assertions="3" time="0.001691"/>
      </testsuite>
      <testsuite name="Tests_Term_Meta::test_unregister_term_meta" tests="3" assertions="3" failures="0" errors="0" time="0.004898">
        <testcase name="test_unregister_term_meta with data set #0" assertions="1" time="0.001722"/>
        <testcase name="test_unregister_term_meta with data set #1" assertions="1" time="0.001628"/>
        <testcase name="test_unregister_term_meta with data set #2" assertions="1" time="0.001548"/>
      </testsuite>
    </testsuite>
    <testsuite name="Tests_Term_Query" file="/Users/msaari/wordpress-develop/tests/phpunit/tests/term/query.php" tests="25" assertions="47" failures="0" errors="0" time="0.375606">
      <testcase name="test_taxonomy_should_accept_single_taxonomy_as_string" class="Tests_Term_Query" file="/Users/msaari/wordpress-develop/tests/phpunit/tests/term/query.php" line="10" assertions="1" time="0.006530"/>
      <testcase name="test_taxonomy_should_accept_taxonomy_array" class="Tests_Term_Query" file="/Users/msaari/wordpress-develop/tests/phpunit/tests/term/query.php" line="28" assertions="1" time="0.006531"/>
      <testcase name="test_term_taxonomy_id_single" class="Tests_Term_Query" file="/Users/msaari/wordpress-develop/tests/phpunit/tests/term/query.php" line="49" assertions="1" time="0.007103"/>
      <testcase name="test_term_taxonomy_id_array" class="Tests_Term_Query" file="/Users/msaari/wordpress-develop/tests/phpunit/tests/term/query.php" line="77" assertions="1" time="0.009325"/>
      <testcase name="test_order_by_meta_value_num" class="Tests_Term_Query" file="/Users/msaari/wordpress-develop/tests/phpunit/tests/term/query.php" line="111" assertions="1" time="0.009999"/>
      <testcase name="test_order_by_keyword_should_not_be_duplicated_when_filtered" class="Tests_Term_Query" file="/Users/msaari/wordpress-develop/tests/phpunit/tests/term/query.php" line="137" assertions="2" time="0.002052"/>
      <testcase name="test_order_by_term_order_should_fall_back_on_term_id_when_relationship_table_is_not_being_joined" class="Tests_Term_Query" file="/Users/msaari/wordpress-develop/tests/phpunit/tests/term/query.php" line="161" assertions="1" time="0.007060"/>
      <testcase name="test_terms_is_set" class="Tests_Term_Query" file="/Users/msaari/wordpress-develop/tests/phpunit/tests/term/query.php" line="181" assertions="2" time="0.005511"/>
      <testcase name="test_orderby_include_with_comma_separated_list" class="Tests_Term_Query" file="/Users/msaari/wordpress-develop/tests/phpunit/tests/term/query.php" line="209" assertions="1" time="0.008074"/>
      <testcase name="test_object_ids_single" class="Tests_Term_Query" file="/Users/msaari/wordpress-develop/tests/phpunit/tests/term/query.php" line="230" assertions="1" time="0.017251"/>
      <testcase name="test_object_ids_array" class="Tests_Term_Query" file="/Users/msaari/wordpress-develop/tests/phpunit/tests/term/query.php" line="252" assertions="1" time="0.016356"/>
      <testcase name="test_duplicates_should_be_removed_for_fields_all" class="Tests_Term_Query" file="/Users/msaari/wordpress-develop/tests/phpunit/tests/term/query.php" line="274" assertions="2" time="0.027855"/>
      <testcase name="test_duplicates_should_not_be_removed_for_fields_all_with_object_id" class="Tests_Term_Query" file="/Users/msaari/wordpress-develop/tests/phpunit/tests/term/query.php" line="298" assertions="3" time="0.029189"/>
      <testcase name="test_all_with_object_id_should_return_term_objects" class="Tests_Term_Query" file="/Users/msaari/wordpress-develop/tests/phpunit/tests/term/query.php" line="324" assertions="10" time="0.029865"/>
      <testcase name="test_object_ids_cache_should_be_invalidated_by_term_relationship_change" class="Tests_Term_Query" file="/Users/msaari/wordpress-develop/tests/phpunit/tests/term/query.php" line="360" assertions="2" time="0.020992"/>
      <testcase name="test_count_query_should_be_cached" class="Tests_Term_Query" file="/Users/msaari/wordpress-develop/tests/phpunit/tests/term/query.php" line="397" assertions="3" time="0.006473"/>
      <testcase name="test_count_query_cache_should_be_invalidated_with_incrementor_bump" class="Tests_Term_Query" file="/Users/msaari/wordpress-develop/tests/phpunit/tests/term/query.php" line="432" assertions="2" time="0.009714"/>
      <testcase name="test_get_the_terms_should_respect_taxonomy_orderby" class="Tests_Term_Query" file="/Users/msaari/wordpress-develop/tests/phpunit/tests/term/query.php" line="463" assertions="2" time="0.024607"/>
      <testcase name="test_wp_get_object_terms_should_respect_taxonomy_orderby" class="Tests_Term_Query" file="/Users/msaari/wordpress-develop/tests/phpunit/tests/term/query.php" line="493" assertions="2" time="0.049616"/>
      <testcase name="test_should_allow_same_args_with_the_get_terms" class="Tests_Term_Query" file="/Users/msaari/wordpress-develop/tests/phpunit/tests/term/query.php" line="523" assertions="3" time="0.015975"/>
      <testcase name="test_query_should_return_zero_for_field_count_and_parent_set" class="Tests_Term_Query" file="/Users/msaari/wordpress-develop/tests/phpunit/tests/term/query.php" line="597" assertions="1" time="0.016231"/>
      <testcase name="test_query_should_return_zero_for_field_as_count_and_child_of_set" class="Tests_Term_Query" file="/Users/msaari/wordpress-develop/tests/phpunit/tests/term/query.php" line="622" assertions="1" time="0.015388"/>
      <testcase name="test_terms_property_should_be_empty_array_for_field_not_as_count_and_parent_set" class="Tests_Term_Query" file="/Users/msaari/wordpress-develop/tests/phpunit/tests/term/query.php" line="647" assertions="1" time="0.014314"/>
      <testcase name="test_null_term_object_should_be_discarded" class="Tests_Term_Query" file="/Users/msaari/wordpress-develop/tests/phpunit/tests/term/query.php" line="670" assertions="1" time="0.009465"/>
      <testcase name="test_error_term_object_should_be_discarded" class="Tests_Term_Query" file="/Users/msaari/wordpress-develop/tests/phpunit/tests/term/query.php" line="707" assertions="1" time="0.010129"/>
    </testsuite>
    <testsuite name="Tests_Term_Slashes" file="/Users/msaari/wordpress-develop/tests/phpunit/tests/term/slashes.php" tests="2" assertions="24" failures="0" errors="0" time="0.156050">
      <testcase name="test_wp_insert_term" class="Tests_Term_Slashes" file="/Users/msaari/wordpress-develop/tests/phpunit/tests/term/slashes.php" line="27" assertions="12" time="0.078801"/>
      <testcase name="test_wp_update_term" class="Tests_Term_Slashes" file="/Users/msaari/wordpress-develop/tests/phpunit/tests/term/slashes.php" line="74" assertions="12" time="0.077249"/>
    </testsuite>
    <testsuite name="Tests_Term_SplitSharedTerm" file="/Users/msaari/wordpress-develop/tests/phpunit/tests/term/splitSharedTerm.php" tests="10" assertions="18" failures="0" errors="0" time="0.288287">
      <testcase name="test_should_create_new_term_ids" class="Tests_Term_SplitSharedTerm" file="/Users/msaari/wordpress-develop/tests/phpunit/tests/term/splitSharedTerm.php" line="81" assertions="3" time="0.020460"/>
      <testcase name="test_should_retain_child_terms_when_using_get_terms_parent" class="Tests_Term_SplitSharedTerm" file="/Users/msaari/wordpress-develop/tests/phpunit/tests/term/splitSharedTerm.php" line="94" assertions="1" time="0.023017"/>
      <testcase name="test_should_retain_child_terms_when_using_get_terms_child_of" class="Tests_Term_SplitSharedTerm" file="/Users/msaari/wordpress-develop/tests/phpunit/tests/term/splitSharedTerm.php" line="109" assertions="1" time="0.021151"/>
      <testcase name="test_should_rebuild_split_term_taxonomy_hierarchy" class="Tests_Term_SplitSharedTerm" file="/Users/msaari/wordpress-develop/tests/phpunit/tests/term/splitSharedTerm.php" line="124" assertions="1" time="0.031248"/>
      <testcase name="test_should_update_default_category_on_term_split" class="Tests_Term_SplitSharedTerm" file="/Users/msaari/wordpress-develop/tests/phpunit/tests/term/splitSharedTerm.php" line="165" assertions="3" time="0.028740"/>
      <testcase name="test_should_update_menus_on_term_split" class="Tests_Term_SplitSharedTerm" file="/Users/msaari/wordpress-develop/tests/phpunit/tests/term/splitSharedTerm.php" line="194" assertions="3" time="0.043884"/>
      <testcase name="test_nav_menu_locations_should_be_updated_on_split" class="Tests_Term_SplitSharedTerm" file="/Users/msaari/wordpress-develop/tests/phpunit/tests/term/splitSharedTerm.php" line="233" assertions="1" time="0.030089"/>
      <testcase name="test_nav_menu_term_should_retain_menu_items_on_split" class="Tests_Term_SplitSharedTerm" file="/Users/msaari/wordpress-develop/tests/phpunit/tests/term/splitSharedTerm.php" line="262" assertions="3" time="0.049255"/>
      <testcase name="test_wp_get_split_terms" class="Tests_Term_SplitSharedTerm" file="/Users/msaari/wordpress-develop/tests/phpunit/tests/term/splitSharedTerm.php" line="307" assertions="1" time="0.020405"/>
      <testcase name="test_wp_get_split_term" class="Tests_Term_SplitSharedTerm" file="/Users/msaari/wordpress-develop/tests/phpunit/tests/term/splitSharedTerm.php" line="318" assertions="1" time="0.020038"/>
    </testsuite>
    <testsuite name="Tests_Term_Tax_Query" file="/Users/msaari/wordpress-develop/tests/phpunit/tests/term/taxQuery.php" tests="21" assertions="25" failures="0" errors="0" time="0.135345">
      <testcase name="test_construct_with_relation_default" class="Tests_Term_Tax_Query" file="/Users/msaari/wordpress-develop/tests/phpunit/tests/term/taxQuery.php" line="15" assertions="1" time="0.001686"/>
      <testcase name="test_construct_with_relation_or_lowercase" class="Tests_Term_Tax_Query" file="/Users/msaari/wordpress-develop/tests/phpunit/tests/term/taxQuery.php" line="20" assertions="1" time="0.001491"/>
      <testcase name="test_construct_with_relation_or_uppercase" class="Tests_Term_Tax_Query" file="/Users/msaari/wordpress-develop/tests/phpunit/tests/term/taxQuery.php" line="29" assertions="1" time="0.001666"/>
      <testcase name="test_construct_with_relation_other" class="Tests_Term_Tax_Query" file="/Users/msaari/wordpress-develop/tests/phpunit/tests/term/taxQuery.php" line="38" assertions="1" time="0.001576"/>
      <testcase name="test_construct_fill_missing_query_params" class="Tests_Term_Tax_Query" file="/Users/msaari/wordpress-develop/tests/phpunit/tests/term/taxQuery.php" line="47" assertions="1" time="0.001510"/>
      <testcase name="test_construct_fill_missing_query_params_merge_with_passed_values" class="Tests_Term_Tax_Query" file="/Users/msaari/wordpress-develop/tests/phpunit/tests/term/taxQuery.php" line="65" assertions="1" time="0.001432"/>
      <testcase name="test_construct_cast_terms_to_array" class="Tests_Term_Tax_Query" file="/Users/msaari/wordpress-develop/tests/phpunit/tests/term/taxQuery.php" line="88" assertions="1" time="0.001524"/>
      <testcase name="test_construct_empty_strings_array_members_should_be_discarded" class="Tests_Term_Tax_Query" file="/Users/msaari/wordpress-develop/tests/phpunit/tests/term/taxQuery.php" line="103" assertions="1" time="0.001538"/>
      <testcase name="test_transform_query_terms_empty" class="Tests_Term_Tax_Query" file="/Users/msaari/wordpress-develop/tests/phpunit/tests/term/taxQuery.php" line="117" assertions="1" time="0.001458"/>
      <testcase name="test_transform_query_field_same_as_resulting_field" class="Tests_Term_Tax_Query" file="/Users/msaari/wordpress-develop/tests/phpunit/tests/term/taxQuery.php" line="130" assertions="1" time="0.001388"/>
      <testcase name="test_transform_query_resulting_field_sanitized" class="Tests_Term_Tax_Query" file="/Users/msaari/wordpress-develop/tests/phpunit/tests/term/taxQuery.php" line="145" assertions="1" time="0.019298"/>
      <testcase name="test_transform_query_field_slug" class="Tests_Term_Tax_Query" file="/Users/msaari/wordpress-develop/tests/phpunit/tests/term/taxQuery.php" line="174" assertions="2" time="0.016819"/>
      <testcase name="test_transform_query_field_name" class="Tests_Term_Tax_Query" file="/Users/msaari/wordpress-develop/tests/phpunit/tests/term/taxQuery.php" line="194" assertions="2" time="0.017709"/>
      <testcase name="test_transform_query_field_term_taxonomy_id" class="Tests_Term_Tax_Query" file="/Users/msaari/wordpress-develop/tests/phpunit/tests/term/taxQuery.php" line="219" assertions="2" time="0.016355"/>
      <testcase name="test_transform_query_field_term_taxonomy_default" class="Tests_Term_Tax_Query" file="/Users/msaari/wordpress-develop/tests/phpunit/tests/term/taxQuery.php" line="244" assertions="2" time="0.016997"/>
      <testcase name="test_transform_query_nonexistent_terms" class="Tests_Term_Tax_Query" file="/Users/msaari/wordpress-develop/tests/phpunit/tests/term/taxQuery.php" line="269" assertions="1" time="0.002089"/>
      <testcase name="test_get_sql_relation_or_operator_in" class="Tests_Term_Tax_Query" file="/Users/msaari/wordpress-develop/tests/phpunit/tests/term/taxQuery.php" line="287" assertions="1" time="0.009879"/>
      <testcase name="test_get_sql_relation_and_operator_in" class="Tests_Term_Tax_Query" file="/Users/msaari/wordpress-develop/tests/phpunit/tests/term/taxQuery.php" line="339" assertions="1" time="0.008882"/>
      <testcase name="test_get_sql_nested_relation_or_operator_in" class="Tests_Term_Tax_Query" file="/Users/msaari/wordpress-develop/tests/phpunit/tests/term/taxQuery.php" line="390" assertions="1" time="0.008895"/>
      <testcase name="test_get_sql_operator_not_in_empty_terms" class="Tests_Term_Tax_Query" file="/Users/msaari/wordpress-develop/tests/phpunit/tests/term/taxQuery.php" line="444" assertions="1" time="0.001704"/>
      <testcase name="test_get_sql_operator_and_empty_terms" class="Tests_Term_Tax_Query" file="/Users/msaari/wordpress-develop/tests/phpunit/tests/term/taxQuery.php" line="473" assertions="1" time="0.001449"/>
    </testsuite>
    <testsuite name="Tests_TermExists" file="/Users/msaari/wordpress-develop/tests/phpunit/tests/term/termExists.php" tests="19" assertions="34" failures="0" errors="0" time="0.088950">
      <testcase name="test_term_exists_term_0" class="Tests_TermExists" file="/Users/msaari/wordpress-develop/tests/phpunit/tests/term/termExists.php" line="7" assertions="1" time="0.001785"/>
      <testcase name="test_term_exists_term_int_taxonomy_nonempty_term_exists" class="Tests_TermExists" file="/Users/msaari/wordpress-develop/tests/phpunit/tests/term/termExists.php" line="11" assertions="1" time="0.004116"/>
      <testcase name="test_term_exists_term_int_taxonomy_nonempty_term_does_not_exist" class="Tests_TermExists" file="/Users/msaari/wordpress-develop/tests/phpunit/tests/term/termExists.php" line="22" assertions="1" time="0.001753"/>
      <testcase name="test_term_exists_term_int_taxonomy_nonempty_wrong_taxonomy" class="Tests_TermExists" file="/Users/msaari/wordpress-develop/tests/phpunit/tests/term/termExists.php" line="26" assertions="1" time="0.003899"/>
      <testcase name="test_term_exists_term_int_taxonomy_empty_term_exists" class="Tests_TermExists" file="/Users/msaari/wordpress-develop/tests/phpunit/tests/term/termExists.php" line="36" assertions="1" time="0.003779"/>
      <testcase name="test_term_exists_term_int_taxonomy_empty_term_does_not_exist" class="Tests_TermExists" file="/Users/msaari/wordpress-develop/tests/phpunit/tests/term/termExists.php" line="47" assertions="1" time="0.001786"/>
      <testcase name="test_term_exists_unslash_term" class="Tests_TermExists" file="/Users/msaari/wordpress-develop/tests/phpunit/tests/term/termExists.php" line="51" assertions="1" time="0.004001"/>
      <testcase name="test_term_exists_trim_term" class="Tests_TermExists" file="/Users/msaari/wordpress-develop/tests/phpunit/tests/term/termExists.php" line="63" assertions="1" time="0.003882"/>
      <testcase name="test_term_exists_term_trimmed_to_empty_string" class="Tests_TermExists" file="/Users/msaari/wordpress-develop/tests/phpunit/tests/term/termExists.php" line="75" assertions="1" time="0.002007"/>
      <testcase name="test_term_exists_existing_term_that_sanitizes_to_empty" class="Tests_TermExists" file="/Users/msaari/wordpress-develop/tests/phpunit/tests/term/termExists.php" line="82" assertions="4" time="0.009806"/>
      <testcase name="test_term_exists_taxonomy_nonempty_parent_nonempty_match_slug" class="Tests_TermExists" file="/Users/msaari/wordpress-develop/tests/phpunit/tests/term/termExists.php" line="92" assertions="2" time="0.007773"/>
      <testcase name="test_term_exists_taxonomy_nonempty_parent_0_should_return_false_for_child_term" class="Tests_TermExists" file="/Users/msaari/wordpress-develop/tests/phpunit/tests/term/termExists.php" line="126" assertions="1" time="0.007995"/>
      <testcase name="test_term_exists_taxonomy_nonempty_parent_nonempty_match_name" class="Tests_TermExists" file="/Users/msaari/wordpress-develop/tests/phpunit/tests/term/termExists.php" line="156" assertions="2" time="0.007829"/>
      <testcase name="test_term_exists_taxonomy_nonempty_parent_empty_match_slug" class="Tests_TermExists" file="/Users/msaari/wordpress-develop/tests/phpunit/tests/term/termExists.php" line="187" assertions="2" time="0.004127"/>
      <testcase name="test_term_exists_taxonomy_nonempty_parent_empty_match_name" class="Tests_TermExists" file="/Users/msaari/wordpress-develop/tests/phpunit/tests/term/termExists.php" line="205" assertions="2" time="0.004421"/>
      <testcase name="test_term_exists_taxonomy_empty_parent_empty_match_slug" class="Tests_TermExists" file="/Users/msaari/wordpress-develop/tests/phpunit/tests/term/termExists.php" line="223" assertions="2" time="0.004741"/>
      <testcase name="test_term_exists_taxonomy_empty_parent_empty_match_name" class="Tests_TermExists" file="/Users/msaari/wordpress-develop/tests/phpunit/tests/term/termExists.php" line="241" assertions="2" time="0.003875"/>
      <testcase name="test_term_exists_known" class="Tests_TermExists" file="/Users/msaari/wordpress-develop/tests/phpunit/tests/term/termExists.php" line="259" assertions="4" time="0.008476"/>
      <testcase name="test_term_exists_unknown" class="Tests_TermExists" file="/Users/msaari/wordpress-develop/tests/phpunit/tests/term/termExists.php" line="274" assertions="4" time="0.002899"/>
    </testsuite>
    <testsuite name="Tests_Term_WpDeleteObjectTermRelationships" file="/Users/msaari/wordpress-develop/tests/phpunit/tests/term/wpDeleteObjectTermRelationships.php" tests="2" assertions="4" failures="0" errors="0" time="0.028004">
      <testcase name="test_single_taxonomy" class="Tests_Term_WpDeleteObjectTermRelationships" file="/Users/msaari/wordpress-develop/tests/phpunit/tests/term/wpDeleteObjectTermRelationships.php" line="8" assertions="2" time="0.011464"/>
      <testcase name="test_array_of_taxonomies" class="Tests_Term_WpDeleteObjectTermRelationships" file="/Users/msaari/wordpress-develop/tests/phpunit/tests/term/wpDeleteObjectTermRelationships.php" line="31" assertions="2" time="0.016540"/>
    </testsuite>
    <testsuite name="Tests_Term_WpDeleteTerm" file="/Users/msaari/wordpress-develop/tests/phpunit/tests/term/wpDeleteTerm.php" tests="1" assertions="4" failures="0" errors="0" time="0.026150">
      <testcase name="test_count_property_passed_to_filters_should_reflect_pre_deleted_term" class="Tests_Term_WpDeleteTerm" file="/Users/msaari/wordpress-develop/tests/phpunit/tests/term/wpDeleteTerm.php" line="14" assertions="4" time="0.026150"/>
    </testsuite>
    <testsuite name="Tests_WP_Generate_Tag_Cloud" file="/Users/msaari/wordpress-develop/tests/phpunit/tests/term/wpGenerateTagCloud.php" tests="16" assertions="29" failures="0" errors="0" time="0.185402">
      <testsuite name="Tests_WP_Generate_Tag_Cloud::test_empty_tags_passed" tests="4" assertions="4" failures="0" errors="0" time="0.006580">
        <testcase name="test_empty_tags_passed with data set #0" assertions="1" time="0.002067"/>
        <testcase name="test_empty_tags_passed with data set #1" assertions="1" time="0.001734"/>
        <testcase name="test_empty_tags_passed with data set #2" assertions="1" time="0.001402"/>
        <testcase name="test_empty_tags_passed with data set #3" assertions="1" time="0.001377"/>
      </testsuite>
      <testsuite name="Tests_WP_Generate_Tag_Cloud::test_empty_tags_list_returned" tests="4" assertions="4" failures="0" errors="0" time="0.047242">
        <testcase name="test_empty_tags_list_returned with data set #0" assertions="1" time="0.011723"/>
        <testcase name="test_empty_tags_list_returned with data set #1" assertions="1" time="0.011346"/>
        <testcase name="test_empty_tags_list_returned with data set #2" assertions="1" time="0.011747"/>
        <testcase name="test_empty_tags_list_returned with data set #3" assertions="1" time="0.012426"/>
      </testsuite>
      <testcase name="test_hide_empty_false" class="Tests_WP_Generate_Tag_Cloud" file="/Users/msaari/wordpress-develop/tests/phpunit/tests/term/wpGenerateTagCloud.php" line="74" assertions="1" time="0.005534"/>
      <testcase name="test_hide_empty_false_format_array" class="Tests_WP_Generate_Tag_Cloud" file="/Users/msaari/wordpress-develop/tests/phpunit/tests/term/wpGenerateTagCloud.php" line="95" assertions="2" time="0.006050"/>
      <testcase name="test_hide_empty_false_format_list" class="Tests_WP_Generate_Tag_Cloud" file="/Users/msaari/wordpress-develop/tests/phpunit/tests/term/wpGenerateTagCloud.php" line="119" assertions="3" time="0.005590"/>
      <testcase name="test_hide_empty_false_multi" class="Tests_WP_Generate_Tag_Cloud" file="/Users/msaari/wordpress-develop/tests/phpunit/tests/term/wpGenerateTagCloud.php" line="143" assertions="4" time="0.011968"/>
      <testcase name="test_hide_empty_false_multi_format_list" class="Tests_WP_Generate_Tag_Cloud" file="/Users/msaari/wordpress-develop/tests/phpunit/tests/term/wpGenerateTagCloud.php" line="170" assertions="6" time="0.012049"/>
      <testcase name="test_topic_count_text" class="Tests_WP_Generate_Tag_Cloud" file="/Users/msaari/wordpress-develop/tests/phpunit/tests/term/wpGenerateTagCloud.php" line="201" assertions="2" time="0.034341"/>
      <testcase name="test_topic_count_text_callback" class="Tests_WP_Generate_Tag_Cloud" file="/Users/msaari/wordpress-develop/tests/phpunit/tests/term/wpGenerateTagCloud.php" line="237" assertions="2" time="0.032544"/>
      <testcase name="test_should_include_tag_link_position_class" class="Tests_WP_Generate_Tag_Cloud" file="/Users/msaari/wordpress-develop/tests/phpunit/tests/term/wpGenerateTagCloud.php" line="271" assertions="1" time="0.023504"/>
    </testsuite>
    <testsuite name="Tests_Term_WpGetObjectTerms" file="/Users/msaari/wordpress-develop/tests/phpunit/tests/term/wpGetObjectTerms.php" tests="30" assertions="59" failures="0" errors="0" time="0.737703">
      <testcase name="test_get_object_terms_by_slug" class="Tests_Term_WpGetObjectTerms" file="/Users/msaari/wordpress-develop/tests/phpunit/tests/term/wpGetObjectTerms.php" line="15" assertions="2" time="0.023569"/>
      <testcase name="test_should_not_filter_out_duplicate_terms_associated_with_different_objects" class="Tests_Term_WpGetObjectTerms" file="/Users/msaari/wordpress-develop/tests/phpunit/tests/term/wpGetObjectTerms.php" line="40" assertions="4" time="0.037819"/>
      <testcase name="test_should_return_objects_with_int_properties" class="Tests_Term_WpGetObjectTerms" file="/Users/msaari/wordpress-develop/tests/phpunit/tests/term/wpGetObjectTerms.php" line="67" assertions="7" time="0.019922"/>
      <testcase name="test_references_should_be_reset_after_wp_get_object_terms_filter" class="Tests_Term_WpGetObjectTerms" file="/Users/msaari/wordpress-develop/tests/phpunit/tests/term/wpGetObjectTerms.php" line="87" assertions="3" time="0.024976"/>
      <testcase name="test_taxonomies_passed_to_wp_get_object_terms_filter_should_be_quoted" class="Tests_Term_WpGetObjectTerms" file="/Users/msaari/wordpress-develop/tests/phpunit/tests/term/wpGetObjectTerms.php" line="103" assertions="1" time="0.002983"/>
      <testcase name="test_orderby_name" class="Tests_Term_WpGetObjectTerms" file="/Users/msaari/wordpress-develop/tests/phpunit/tests/term/wpGetObjectTerms.php" line="119" assertions="1" time="0.021526"/>
      <testcase name="test_orderby_count" class="Tests_Term_WpGetObjectTerms" file="/Users/msaari/wordpress-develop/tests/phpunit/tests/term/wpGetObjectTerms.php" line="155" assertions="1" time="0.046250"/>
      <testcase name="test_orderby_slug" class="Tests_Term_WpGetObjectTerms" file="/Users/msaari/wordpress-develop/tests/phpunit/tests/term/wpGetObjectTerms.php" line="193" assertions="1" time="0.023154"/>
      <testcase name="test_orderby_term_group" class="Tests_Term_WpGetObjectTerms" file="/Users/msaari/wordpress-develop/tests/phpunit/tests/term/wpGetObjectTerms.php" line="229" assertions="1" time="0.022194"/>
      <testcase name="test_orderby_term_order" class="Tests_Term_WpGetObjectTerms" file="/Users/msaari/wordpress-develop/tests/phpunit/tests/term/wpGetObjectTerms.php" line="268" assertions="1" time="0.023726"/>
      <testcase name="test_orderby_parent" class="Tests_Term_WpGetObjectTerms" file="/Users/msaari/wordpress-develop/tests/phpunit/tests/term/wpGetObjectTerms.php" line="335" assertions="1" time="0.022308"/>
      <testcase name="test_orderby_taxonomy" class="Tests_Term_WpGetObjectTerms" file="/Users/msaari/wordpress-develop/tests/phpunit/tests/term/wpGetObjectTerms.php" line="380" assertions="1" time="0.024913"/>
      <testcase name="test_orderby_tt_id" class="Tests_Term_WpGetObjectTerms" file="/Users/msaari/wordpress-develop/tests/phpunit/tests/term/wpGetObjectTerms.php" line="421" assertions="1" time="0.023206"/>
      <testcase name="test_order_desc" class="Tests_Term_WpGetObjectTerms" file="/Users/msaari/wordpress-develop/tests/phpunit/tests/term/wpGetObjectTerms.php" line="464" assertions="1" time="0.021636"/>
      <testcase name="test_parent" class="Tests_Term_WpGetObjectTerms" file="/Users/msaari/wordpress-develop/tests/phpunit/tests/term/wpGetObjectTerms.php" line="504" assertions="1" time="0.027741"/>
      <testcase name="test_parent_0" class="Tests_Term_WpGetObjectTerms" file="/Users/msaari/wordpress-develop/tests/phpunit/tests/term/wpGetObjectTerms.php" line="555" assertions="1" time="0.023351"/>
      <testcase name="test_termmeta_cache_should_be_primed_by_default" class="Tests_Term_WpGetObjectTerms" file="/Users/msaari/wordpress-develop/tests/phpunit/tests/term/wpGetObjectTerms.php" line="598" assertions="4" time="0.024144"/>
      <testcase name="test_termmeta_cache_should_not_be_primed_when_update_term_meta_cache_is_false" class="Tests_Term_WpGetObjectTerms" file="/Users/msaari/wordpress-develop/tests/phpunit/tests/term/wpGetObjectTerms.php" line="624" assertions="4" time="0.024988"/>
      <testcase name="test_termmeta_cache_should_be_primed_when_fields_is_all_with_object_id" class="Tests_Term_WpGetObjectTerms" file="/Users/msaari/wordpress-develop/tests/phpunit/tests/term/wpGetObjectTerms.php" line="656" assertions="4" time="0.024774"/>
      <testcase name="test_termmeta_cache_should_be_primed_when_fields_is_ids" class="Tests_Term_WpGetObjectTerms" file="/Users/msaari/wordpress-develop/tests/phpunit/tests/term/wpGetObjectTerms.php" line="689" assertions="4" time="0.023010"/>
      <testcase name="test_meta_query" class="Tests_Term_WpGetObjectTerms" file="/Users/msaari/wordpress-develop/tests/phpunit/tests/term/wpGetObjectTerms.php" line="722" assertions="1" time="0.029992"/>
      <testcase name="test_should_return_wp_term_objects_for_fields_all" class="Tests_Term_WpGetObjectTerms" file="/Users/msaari/wordpress-develop/tests/phpunit/tests/term/wpGetObjectTerms.php" line="752" assertions="2" time="0.018046"/>
      <testcase name="test_should_return_wp_term_objects_for_fields_all_with_object_id" class="Tests_Term_WpGetObjectTerms" file="/Users/msaari/wordpress-develop/tests/phpunit/tests/term/wpGetObjectTerms.php" line="775" assertions="2" time="0.017110"/>
      <testcase name="test_should_prime_cache_for_found_terms" class="Tests_Term_WpGetObjectTerms" file="/Users/msaari/wordpress-develop/tests/phpunit/tests/term/wpGetObjectTerms.php" line="798" assertions="1" time="0.016772"/>
      <testcase name="test_object_id_should_not_be_cached_with_term_object" class="Tests_Term_WpGetObjectTerms" file="/Users/msaari/wordpress-develop/tests/phpunit/tests/term/wpGetObjectTerms.php" line="822" assertions="2" time="0.041027"/>
      <testcase name="test_term_cache_should_be_primed_for_all_taxonomies" class="Tests_Term_WpGetObjectTerms" file="/Users/msaari/wordpress-develop/tests/phpunit/tests/term/wpGetObjectTerms.php" line="847" assertions="2" time="0.025830"/>
      <testcase name="test_object_id_should_be_set_on_objects_that_share_terms" class="Tests_Term_WpGetObjectTerms" file="/Users/msaari/wordpress-develop/tests/phpunit/tests/term/wpGetObjectTerms.php" line="880" assertions="1" time="0.030605"/>
      <testcase name="test_verify_args_parameter_can_be_string" class="Tests_Term_WpGetObjectTerms" file="/Users/msaari/wordpress-develop/tests/phpunit/tests/term/wpGetObjectTerms.php" line="904" assertions="1" time="0.023227"/>
      <testcase name="test_wp_get_object_terms_args_filter" class="Tests_Term_WpGetObjectTerms" file="/Users/msaari/wordpress-develop/tests/phpunit/tests/term/wpGetObjectTerms.php" line="936" assertions="2" time="0.026759"/>
      <testcase name="test_duplicate_terms_should_not_be_returned_when_passed_multiple_taxonomies_registered_with_args_array" class="Tests_Term_WpGetObjectTerms" file="/Users/msaari/wordpress-develop/tests/phpunit/tests/term/wpGetObjectTerms.php" line="964" assertions="1" time="0.022146"/>
    </testsuite>
    <testsuite name="Tests_Term_WpInsertTerm" file="/Users/msaari/wordpress-develop/tests/phpunit/tests/term/wpInsertTerm.php" tests="36" assertions="116" failures="0" errors="0" time="0.516981">
      <testcase name="test_wp_insert_delete_term" class="Tests_Term_WpInsertTerm" file="/Users/msaari/wordpress-develop/tests/phpunit/tests/term/wpInsertTerm.php" line="19" assertions="19" time="0.017504"/>
      <testcase name="test_wp_insert_term_taxonomy_does_not_exist" class="Tests_Term_WpInsertTerm" file="/Users/msaari/wordpress-develop/tests/phpunit/tests/term/wpInsertTerm.php" line="49" assertions="2" time="0.009048"/>
      <testcase name="test_wp_insert_term_pre_insert_term_filter_returns_wp_error" class="Tests_Term_WpInsertTerm" file="/Users/msaari/wordpress-develop/tests/phpunit/tests/term/wpInsertTerm.php" line="56" assertions="2" time="0.008924"/>
      <testcase name="test_wp_insert_term_term_0" class="Tests_Term_WpInsertTerm" file="/Users/msaari/wordpress-develop/tests/phpunit/tests/term/wpInsertTerm.php" line="65" assertions="2" time="0.009097"/>
      <testcase name="test_wp_insert_term_term_trims_to_empty_string" class="Tests_Term_WpInsertTerm" file="/Users/msaari/wordpress-develop/tests/phpunit/tests/term/wpInsertTerm.php" line="72" assertions="2" time="0.009023"/>
      <testcase name="test_wp_insert_term_parent_does_not_exist" class="Tests_Term_WpInsertTerm" file="/Users/msaari/wordpress-develop/tests/phpunit/tests/term/wpInsertTerm.php" line="79" assertions="2" time="0.009412"/>
      <testcase name="test_wp_insert_term_unslash_name" class="Tests_Term_WpInsertTerm" file="/Users/msaari/wordpress-develop/tests/phpunit/tests/term/wpInsertTerm.php" line="92" assertions="1" time="0.011731"/>
      <testcase name="test_wp_insert_term_unslash_description" class="Tests_Term_WpInsertTerm" file="/Users/msaari/wordpress-develop/tests/phpunit/tests/term/wpInsertTerm.php" line="102" assertions="1" time="0.011628"/>
      <testcase name="test_wp_insert_term_parent_string" class="Tests_Term_WpInsertTerm" file="/Users/msaari/wordpress-develop/tests/phpunit/tests/term/wpInsertTerm.php" line="118" assertions="1" time="0.011165"/>
      <testcase name="test_wp_insert_term_slug_empty_string" class="Tests_Term_WpInsertTerm" file="/Users/msaari/wordpress-develop/tests/phpunit/tests/term/wpInsertTerm.php" line="135" assertions="1" time="0.011342"/>
      <testcase name="test_wp_insert_term_slug_whitespace_string" class="Tests_Term_WpInsertTerm" file="/Users/msaari/wordpress-develop/tests/phpunit/tests/term/wpInsertTerm.php" line="152" assertions="1" time="0.011680"/>
      <testcase name="test_wp_insert_term_slug_0" class="Tests_Term_WpInsertTerm" file="/Users/msaari/wordpress-develop/tests/phpunit/tests/term/wpInsertTerm.php" line="168" assertions="1" time="0.011288"/>
      <testcase name="test_wp_insert_term_duplicate_name" class="Tests_Term_WpInsertTerm" file="/Users/msaari/wordpress-develop/tests/phpunit/tests/term/wpInsertTerm.php" line="187" assertions="21" time="0.048903"/>
      <testcase name="test_wp_insert_term_should_not_allow_duplicate_names_when_slug_is_a_duplicate_of_the_same_term_in_non_hierarchical_taxonomy" class="Tests_Term_WpInsertTerm" file="/Users/msaari/wordpress-develop/tests/phpunit/tests/term/wpInsertTerm.php" line="263" assertions="2" time="0.011798"/>
      <testcase name="test_wp_insert_term_should_not_allow_duplicate_names_when_slug_is_a_duplicate_of_a_different_term_in_non_hierarchical_taxonomy" class="Tests_Term_WpInsertTerm" file="/Users/msaari/wordpress-develop/tests/phpunit/tests/term/wpInsertTerm.php" line="288" assertions="2" time="0.014007"/>
      <testcase name="test_wp_insert_term_should_allow_duplicate_names_when_a_unique_slug_has_been_provided_in_non_hierarchical_taxonomy" class="Tests_Term_WpInsertTerm" file="/Users/msaari/wordpress-develop/tests/phpunit/tests/term/wpInsertTerm.php" line="321" assertions="3" time="0.013560"/>
      <testcase name="test_wp_insert_term_should_not_allow_duplicate_names_when_the_slug_is_not_provided_in_non_hierarchical_taxonomy" class="Tests_Term_WpInsertTerm" file="/Users/msaari/wordpress-develop/tests/phpunit/tests/term/wpInsertTerm.php" line="349" assertions="2" time="0.011807"/>
      <testcase name="test_wp_insert_term_should_not_allow_duplicate_names_when_slug_is_a_duplicate_of_the_same_term_in_hierarchical_taxonomy" class="Tests_Term_WpInsertTerm" file="/Users/msaari/wordpress-develop/tests/phpunit/tests/term/wpInsertTerm.php" line="368" assertions="2" time="0.014001"/>
      <testcase name="test_wp_insert_term_should_not_allow_duplicate_names_when_slug_is_a_duplicate_of_a_different_term_at_same_hierarchy_level_in_hierarchical_taxonomy" class="Tests_Term_WpInsertTerm" file="/Users/msaari/wordpress-develop/tests/phpunit/tests/term/wpInsertTerm.php" line="393" assertions="2" time="0.016697"/>
      <testcase name="test_wp_insert_term_should_allow_duplicate_names_when_slug_is_a_duplicate_of_a_term_at_different_hierarchy_level_in_hierarchical_taxonomy" class="Tests_Term_WpInsertTerm" file="/Users/msaari/wordpress-develop/tests/phpunit/tests/term/wpInsertTerm.php" line="426" assertions="3" time="0.021776"/>
      <testcase name="test_duplicate_name_check_should_fail_when_no_slug_is_provided_even_when_slugs_would_not_clash" class="Tests_Term_WpInsertTerm" file="/Users/msaari/wordpress-develop/tests/phpunit/tests/term/wpInsertTerm.php" line="466" assertions="3" time="0.013679"/>
      <testcase name="test_error_should_reference_correct_term_when_rejected_as_duplicate" class="Tests_Term_WpInsertTerm" file="/Users/msaari/wordpress-develop/tests/phpunit/tests/term/wpInsertTerm.php" line="486" assertions="3" time="0.023458"/>
      <testcase name="test_wp_insert_term_should_allow_duplicate_names_when_a_unique_slug_has_been_provided_in_hierarchical_taxonomy" class="Tests_Term_WpInsertTerm" file="/Users/msaari/wordpress-develop/tests/phpunit/tests/term/wpInsertTerm.php" line="536" assertions="3" time="0.015877"/>
      <testcase name="test_wp_insert_term_should_not_allow_duplicate_names_when_the_slug_is_not_provided_in_hierarchical_taxonomy" class="Tests_Term_WpInsertTerm" file="/Users/msaari/wordpress-develop/tests/phpunit/tests/term/wpInsertTerm.php" line="564" assertions="2" time="0.014117"/>
      <testcase name="test_wp_insert_term_duplicate_slug_same_taxonomy" class="Tests_Term_WpInsertTerm" file="/Users/msaari/wordpress-develop/tests/phpunit/tests/term/wpInsertTerm.php" line="582" assertions="1" time="0.014222"/>
      <testcase name="test_wp_insert_term_duplicate_slug_different_taxonomy" class="Tests_Term_WpInsertTerm" file="/Users/msaari/wordpress-develop/tests/phpunit/tests/term/wpInsertTerm.php" line="611" assertions="2" time="0.013628"/>
      <testcase name="test_wp_insert_term_duplicate_slug_different_taxonomy_before_410_schema_change" class="Tests_Term_WpInsertTerm" file="/Users/msaari/wordpress-develop/tests/phpunit/tests/term/wpInsertTerm.php" line="644" assertions="3" time="0.013854"/>
      <testcase name="test_wp_insert_term_alias_of_no_term_group" class="Tests_Term_WpInsertTerm" file="/Users/msaari/wordpress-develop/tests/phpunit/tests/term/wpInsertTerm.php" line="682" assertions="3" time="0.015747"/>
      <testcase name="test_wp_insert_term_alias_of_existing_term_group" class="Tests_Term_WpInsertTerm" file="/Users/msaari/wordpress-develop/tests/phpunit/tests/term/wpInsertTerm.php" line="710" assertions="2" time="0.017786"/>
      <testcase name="test_wp_insert_term_alias_of_nonexistent_term" class="Tests_Term_WpInsertTerm" file="/Users/msaari/wordpress-develop/tests/phpunit/tests/term/wpInsertTerm.php" line="741" assertions="1" time="0.011750"/>
      <testcase name="test_wp_insert_term_should_not_create_shared_term" class="Tests_Term_WpInsertTerm" file="/Users/msaari/wordpress-develop/tests/phpunit/tests/term/wpInsertTerm.php" line="759" assertions="1" time="0.013044"/>
      <testcase name="test_wp_insert_term_should_return_term_id_and_term_taxonomy_id" class="Tests_Term_WpInsertTerm" file="/Users/msaari/wordpress-develop/tests/phpunit/tests/term/wpInsertTerm.php" line="769" assertions="6" time="0.012007"/>
      <testcase name="test_wp_insert_term_should_clean_term_cache" class="Tests_Term_WpInsertTerm" file="/Users/msaari/wordpress-develop/tests/phpunit/tests/term/wpInsertTerm.php" line="787" assertions="4" time="0.014363"/>
      <testcase name="test_wp_insert_term_with_and_without_accents" class="Tests_Term_WpInsertTerm" file="/Users/msaari/wordpress-develop/tests/phpunit/tests/term/wpInsertTerm.php" line="831" assertions="5" time="0.014037"/>
      <testcase name="test_term_whose_slug_matches_existing_term_but_name_does_not_should_get_suffixed_slug" class="Tests_Term_WpInsertTerm" file="/Users/msaari/wordpress-develop/tests/phpunit/tests/term/wpInsertTerm.php" line="860" assertions="3" time="0.013727"/>
      <testcase name="test_wp_insert_term_with_null_description" class="Tests_Term_WpInsertTerm" file="/Users/msaari/wordpress-develop/tests/phpunit/tests/term/wpInsertTerm.php" line="882" assertions="2" time="0.011294"/>
    </testsuite>
    <testsuite name="Tests_Term_WpRemoveObjectTerms" file="/Users/msaari/wordpress-develop/tests/phpunit/tests/term/wpRemoveObjectTerms.php" tests="1" assertions="1" failures="0" errors="0" time="0.020009">
      <testcase name="test_removal_should_delete_object_relationship_cache" class="Tests_Term_WpRemoveObjectTerms" file="/Users/msaari/wordpress-develop/tests/phpunit/tests/term/wpRemoveObjectTerms.php" line="10" assertions="1" time="0.020009"/>
    </testsuite>
    <testsuite name="Tests_Term_WpSetObjectTerms" file="/Users/msaari/wordpress-develop/tests/phpunit/tests/term/wpSetObjectTerms.php" tests="14" assertions="81" failures="0" errors="0" time="0.241452">
      <testcase name="test_set_object_terms" class="Tests_Term_WpSetObjectTerms" file="/Users/msaari/wordpress-develop/tests/phpunit/tests/term/wpSetObjectTerms.php" line="17" assertions="16" time="0.051524"/>
      <testcase name="test_set_object_terms_by_id" class="Tests_Term_WpSetObjectTerms" file="/Users/msaari/wordpress-develop/tests/phpunit/tests/term/wpSetObjectTerms.php" line="102" assertions="14" time="0.035640"/>
      <testcase name="test_set_object_terms_by_name" class="Tests_Term_WpSetObjectTerms" file="/Users/msaari/wordpress-develop/tests/phpunit/tests/term/wpSetObjectTerms.php" line="132" assertions="11" time="0.041832"/>
      <testcase name="test_set_object_terms_invalid" class="Tests_Term_WpSetObjectTerms" file="/Users/msaari/wordpress-develop/tests/phpunit/tests/term/wpSetObjectTerms.php" line="165" assertions="1" time="0.001688"/>
      <testcase name="test_wp_set_object_terms_append_true" class="Tests_Term_WpSetObjectTerms" file="/Users/msaari/wordpress-develop/tests/phpunit/tests/term/wpSetObjectTerms.php" line="171" assertions="4" time="0.010402"/>
      <testcase name="test_wp_set_object_terms_append_false" class="Tests_Term_WpSetObjectTerms" file="/Users/msaari/wordpress-develop/tests/phpunit/tests/term/wpSetObjectTerms.php" line="196" assertions="4" time="0.011938"/>
      <testcase name="test_wp_set_object_terms_append_default_to_false" class="Tests_Term_WpSetObjectTerms" file="/Users/msaari/wordpress-develop/tests/phpunit/tests/term/wpSetObjectTerms.php" line="221" assertions="4" time="0.011731"/>
      <testcase name="test_change_object_terms_by_id" class="Tests_Term_WpSetObjectTerms" file="/Users/msaari/wordpress-develop/tests/phpunit/tests/term/wpSetObjectTerms.php" line="246" assertions="8" time="0.023211"/>
      <testcase name="test_change_object_terms_by_name" class="Tests_Term_WpSetObjectTerms" file="/Users/msaari/wordpress-develop/tests/phpunit/tests/term/wpSetObjectTerms.php" line="303" assertions="5" time="0.024531"/>
      <testcase name="test_should_create_term_that_does_not_exist" class="Tests_Term_WpSetObjectTerms" file="/Users/msaari/wordpress-develop/tests/phpunit/tests/term/wpSetObjectTerms.php" line="346" assertions="4" time="0.006368"/>
      <testcase name="test_should_find_existing_term_by_slug_match" class="Tests_Term_WpSetObjectTerms" file="/Users/msaari/wordpress-develop/tests/phpunit/tests/term/wpSetObjectTerms.php" line="359" assertions="3" time="0.005740"/>
      <testcase name="test_should_find_existing_term_by_name_match" class="Tests_Term_WpSetObjectTerms" file="/Users/msaari/wordpress-develop/tests/phpunit/tests/term/wpSetObjectTerms.php" line="378" assertions="3" time="0.006404"/>
      <testcase name="test_should_give_precedence_to_slug_match_over_name_match" class="Tests_Term_WpSetObjectTerms" file="/Users/msaari/wordpress-develop/tests/phpunit/tests/term/wpSetObjectTerms.php" line="397" assertions="3" time="0.008175"/>
      <testcase name="test_non_existent_integers_should_be_ignored" class="Tests_Term_WpSetObjectTerms" file="/Users/msaari/wordpress-develop/tests/phpunit/tests/term/wpSetObjectTerms.php" line="424" assertions="1" time="0.002268"/>
    </testsuite>
    <testsuite name="Tests_WP_Taxonomy" file="/Users/msaari/wordpress-develop/tests/phpunit/tests/term/wpTaxonomy.php" tests="5" assertions="12" failures="0" errors="0" time="0.016968">
      <testcase name="test_instances" class="Tests_WP_Taxonomy" file="/Users/msaari/wordpress-develop/tests/phpunit/tests/term/wpTaxonomy.php" line="7" assertions="5" time="0.001791"/>
      <testcase name="test_does_not_add_query_var_if_not_public" class="Tests_WP_Taxonomy" file="/Users/msaari/wordpress-develop/tests/phpunit/tests/term/wpTaxonomy.php" line="15" assertions="1" time="0.004232"/>
      <testcase name="test_adds_query_var_if_public" class="Tests_WP_Taxonomy" file="/Users/msaari/wordpress-develop/tests/phpunit/tests/term/wpTaxonomy.php" line="28" assertions="2" time="0.004093"/>
      <testcase name="test_adds_rewrite_rules" class="Tests_WP_Taxonomy" file="/Users/msaari/wordpress-develop/tests/phpunit/tests/term/wpTaxonomy.php" line="55" assertions="2" time="0.004639"/>
      <testcase name="test_adds_ajax_callback" class="Tests_WP_Taxonomy" file="/Users/msaari/wordpress-develop/tests/phpunit/tests/term/wpTaxonomy.php" line="81" assertions="2" time="0.002213"/>
    </testsuite>
    <testsuite name="Tests_Term_WpTerm" file="/Users/msaari/wordpress-develop/tests/phpunit/tests/term/wpTerm.php" tests="5" assertions="5" failures="0" errors="0" time="0.009539">
      <testcase name="test_get_instance_should_work_for_numeric_string" class="Tests_Term_WpTerm" file="/Users/msaari/wordpress-develop/tests/phpunit/tests/term/wpTerm.php" line="45" assertions="1" time="0.001987"/>
      <testcase name="test_get_instance_should_fail_for_negative_number" class="Tests_Term_WpTerm" file="/Users/msaari/wordpress-develop/tests/phpunit/tests/term/wpTerm.php" line="54" assertions="1" time="0.001802"/>
      <testcase name="test_get_instance_should_fail_for_non_numeric_string" class="Tests_Term_WpTerm" file="/Users/msaari/wordpress-develop/tests/phpunit/tests/term/wpTerm.php" line="63" assertions="1" time="0.001681"/>
      <testcase name="test_get_instance_should_succeed_for_float_that_is_equal_to_post_id" class="Tests_Term_WpTerm" file="/Users/msaari/wordpress-develop/tests/phpunit/tests/term/wpTerm.php" line="72" assertions="1" time="0.002045"/>
      <testcase name="test_get_instance_should_respect_taxonomy_when_term_id_is_found_in_cache" class="Tests_Term_WpTerm" file="/Users/msaari/wordpress-develop/tests/phpunit/tests/term/wpTerm.php" line="81" assertions="1" time="0.002024"/>
    </testsuite>
    <testsuite name="Tests_Term_WpUniqueTermSlug" file="/Users/msaari/wordpress-develop/tests/phpunit/tests/term/wpUniqueTermSlug.php" tests="5" assertions="5" failures="0" errors="0" time="0.042462">
      <testcase name="test_unique_slug_should_be_unchanged" class="Tests_Term_WpUniqueTermSlug" file="/Users/msaari/wordpress-develop/tests/phpunit/tests/term/wpUniqueTermSlug.php" line="13" assertions="1" time="0.004438"/>
      <testcase name="test_nonunique_slug_in_different_taxonomy_should_be_unchanged" class="Tests_Term_WpUniqueTermSlug" file="/Users/msaari/wordpress-develop/tests/phpunit/tests/term/wpUniqueTermSlug.php" line="26" assertions="1" time="0.007272"/>
      <testcase name="test_nonunique_slug_in_same_nonhierarchical_taxonomy_should_be_changed" class="Tests_Term_WpUniqueTermSlug" file="/Users/msaari/wordpress-develop/tests/phpunit/tests/term/wpUniqueTermSlug.php" line="48" assertions="1" time="0.007260"/>
      <testcase name="test_nonunique_slug_in_same_hierarchical_taxonomy_with_same_parent_should_be_suffixed_with_parent_slug" class="Tests_Term_WpUniqueTermSlug" file="/Users/msaari/wordpress-develop/tests/phpunit/tests/term/wpUniqueTermSlug.php" line="70" assertions="1" time="0.012118"/>
      <testcase name="test_nonunique_slug_in_same_hierarchical_taxonomy_at_different_level_of_hierarchy_should_be_suffixed_with_number" class="Tests_Term_WpUniqueTermSlug" file="/Users/msaari/wordpress-develop/tests/phpunit/tests/term/wpUniqueTermSlug.php" line="101" assertions="1" time="0.011374"/>
    </testsuite>
    <testsuite name="Tests_Term_WpUpdateTerm" file="/Users/msaari/wordpress-develop/tests/phpunit/tests/term/wpUpdateTerm.php" tests="27" assertions="56" failures="0" errors="0" time="0.239909">
      <testcase name="test_wp_update_term_taxonomy_does_not_exist" class="Tests_Term_WpUpdateTerm" file="/Users/msaari/wordpress-develop/tests/phpunit/tests/term/wpUpdateTerm.php" line="7" assertions="2" time="0.001843"/>
      <testcase name="test_wp_update_term_term_empty_string_should_return_wp_error" class="Tests_Term_WpUpdateTerm" file="/Users/msaari/wordpress-develop/tests/phpunit/tests/term/wpUpdateTerm.php" line="14" assertions="2" time="0.001573"/>
      <testcase name="test_wp_update_term_unslash_name" class="Tests_Term_WpUpdateTerm" file="/Users/msaari/wordpress-develop/tests/phpunit/tests/term/wpUpdateTerm.php" line="21" assertions="1" time="0.005778"/>
      <testcase name="test_wp_update_term_unslash_description" class="Tests_Term_WpUpdateTerm" file="/Users/msaari/wordpress-develop/tests/phpunit/tests/term/wpUpdateTerm.php" line="43" assertions="1" time="0.005774"/>
      <testcase name="test_wp_update_term_name_empty_string" class="Tests_Term_WpUpdateTerm" file="/Users/msaari/wordpress-develop/tests/phpunit/tests/term/wpUpdateTerm.php" line="65" assertions="2" time="0.004276"/>
      <testcase name="test_wp_update_term_parent_does_not_exist" class="Tests_Term_WpUpdateTerm" file="/Users/msaari/wordpress-develop/tests/phpunit/tests/term/wpUpdateTerm.php" line="89" assertions="4" time="0.004571"/>
      <testcase name="test_wp_update_term_slug_empty_string_while_not_updating_name" class="Tests_Term_WpUpdateTerm" file="/Users/msaari/wordpress-develop/tests/phpunit/tests/term/wpUpdateTerm.php" line="122" assertions="1" time="0.005292"/>
      <testcase name="test_wp_update_term_slug_empty_string_while_updating_name" class="Tests_Term_WpUpdateTerm" file="/Users/msaari/wordpress-develop/tests/phpunit/tests/term/wpUpdateTerm.php" line="144" assertions="1" time="0.005983"/>
      <testcase name="test_wp_update_term_slug_set_slug" class="Tests_Term_WpUpdateTerm" file="/Users/msaari/wordpress-develop/tests/phpunit/tests/term/wpUpdateTerm.php" line="166" assertions="1" time="0.005889"/>
      <testcase name="test_wp_update_term_should_not_create_duplicate_slugs_within_the_same_taxonomy" class="Tests_Term_WpUpdateTerm" file="/Users/msaari/wordpress-develop/tests/phpunit/tests/term/wpUpdateTerm.php" line="190" assertions="2" time="0.006306"/>
      <testcase name="test_wp_update_term_should_allow_duplicate_slugs_in_different_taxonomy" class="Tests_Term_WpUpdateTerm" file="/Users/msaari/wordpress-develop/tests/phpunit/tests/term/wpUpdateTerm.php" line="224" assertions="2" time="0.008108"/>
      <testcase name="test_wp_update_term_should_allow_duplicate_names_in_different_taxonomies" class="Tests_Term_WpUpdateTerm" file="/Users/msaari/wordpress-develop/tests/phpunit/tests/term/wpUpdateTerm.php" line="262" assertions="2" time="0.007597"/>
      <testcase name="test_wp_update_term_should_allow_duplicate_names_at_different_levels_of_the_same_taxonomy" class="Tests_Term_WpUpdateTerm" file="/Users/msaari/wordpress-develop/tests/phpunit/tests/term/wpUpdateTerm.php" line="299" assertions="2" time="0.014233"/>
      <testcase name="test_wp_update_term_should_split_shared_term" class="Tests_Term_WpUpdateTerm" file="/Users/msaari/wordpress-develop/tests/phpunit/tests/term/wpUpdateTerm.php" line="351" assertions="2" time="0.044846"/>
      <testcase name="test_wp_update_term_alias_of_no_term_group" class="Tests_Term_WpUpdateTerm" file="/Users/msaari/wordpress-develop/tests/phpunit/tests/term/wpUpdateTerm.php" line="391" assertions="3" time="0.011081"/>
      <testcase name="test_wp_update_term_alias_of_existing_term_group" class="Tests_Term_WpUpdateTerm" file="/Users/msaari/wordpress-develop/tests/phpunit/tests/term/wpUpdateTerm.php" line="418" assertions="2" time="0.012857"/>
      <testcase name="test_wp_update_term_alias_of_nonexistent_term" class="Tests_Term_WpUpdateTerm" file="/Users/msaari/wordpress-develop/tests/phpunit/tests/term/wpUpdateTerm.php" line="450" assertions="1" time="0.006191"/>
      <testcase name="test_wp_update_term_slug_same_as_old_slug" class="Tests_Term_WpUpdateTerm" file="/Users/msaari/wordpress-develop/tests/phpunit/tests/term/wpUpdateTerm.php" line="466" assertions="2" time="0.005803"/>
      <testcase name="test_wp_update_term_duplicate_slug_generated_due_to_empty_slug_param" class="Tests_Term_WpUpdateTerm" file="/Users/msaari/wordpress-develop/tests/phpunit/tests/term/wpUpdateTerm.php" line="490" assertions="2" time="0.008276"/>
      <testcase name="test_wp_update_term_duplicate_slug_with_changed_parent" class="Tests_Term_WpUpdateTerm" file="/Users/msaari/wordpress-develop/tests/phpunit/tests/term/wpUpdateTerm.php" line="521" assertions="2" time="0.014688"/>
      <testcase name="test_wp_update_term_duplicate_slug_failure" class="Tests_Term_WpUpdateTerm" file="/Users/msaari/wordpress-develop/tests/phpunit/tests/term/wpUpdateTerm.php" line="563" assertions="3" time="0.006826"/>
      <testcase name="test_wp_update_term_should_return_term_id_and_term_taxonomy_id" class="Tests_Term_WpUpdateTerm" file="/Users/msaari/wordpress-develop/tests/phpunit/tests/term/wpUpdateTerm.php" line="594" assertions="6" time="0.006286"/>
      <testcase name="test_wp_update_term_should_return_int_values_for_term_id_and_term_taxonomy_id" class="Tests_Term_WpUpdateTerm" file="/Users/msaari/wordpress-develop/tests/phpunit/tests/term/wpUpdateTerm.php" line="626" assertions="2" time="0.005635"/>
      <testcase name="test_wp_update_term_should_clean_term_cache" class="Tests_Term_WpUpdateTerm" file="/Users/msaari/wordpress-develop/tests/phpunit/tests/term/wpUpdateTerm.php" line="645" assertions="4" time="0.010231"/>
      <testcase name="test_wp_update_term_should_assign_new_slug_when_reassigning_parent_as_long_as_there_is_no_other_term_with_the_same_slug" class="Tests_Term_WpUpdateTerm" file="/Users/msaari/wordpress-develop/tests/phpunit/tests/term/wpUpdateTerm.php" line="694" assertions="1" time="0.011061"/>
      <testcase name="test_wp_update_term_should_not_assign_new_slug_when_reassigning_parent_as_long_as_there_is_no_other_slug_conflict_within_the_taxonomy" class="Tests_Term_WpUpdateTerm" file="/Users/msaari/wordpress-develop/tests/phpunit/tests/term/wpUpdateTerm.php" line="742" assertions="1" time="0.013827"/>
      <testcase name="test_wp_update_term_with_null_get_term" class="Tests_Term_WpUpdateTerm" file="/Users/msaari/wordpress-develop/tests/phpunit/tests/term/wpUpdateTerm.php" line="798" assertions="2" time="0.005077"/>
    </testsuite>
    <testsuite name="Tests_Theme" file="/Users/msaari/wordpress-develop/tests/phpunit/tests/theme.php" tests="12" assertions="1369" failures="0" errors="0" time="0.196918">
      <testcase name="test_wp_get_themes_default" class="Tests_Theme" file="/Users/msaari/wordpress-develop/tests/phpunit/tests/theme.php" line="47" assertions="4" time="0.005254"/>
      <testcase name="test_get_themes_default" class="Tests_Theme" file="/Users/msaari/wordpress-develop/tests/phpunit/tests/theme.php" line="61" assertions="6" time="0.004977"/>
      <testcase name="test_get_theme" class="Tests_Theme" file="/Users/msaari/wordpress-develop/tests/phpunit/tests/theme.php" line="75" assertions="25" time="0.005299"/>
      <testcase name="test_wp_get_theme" class="Tests_Theme" file="/Users/msaari/wordpress-develop/tests/phpunit/tests/theme.php" line="86" assertions="32" time="0.006864"/>
      <testcase name="test_get_themes_contents" class="Tests_Theme" file="/Users/msaari/wordpress-develop/tests/phpunit/tests/theme.php" line="101" assertions="705" time="0.019023"/>
      <testcase name="test_wp_get_theme_contents" class="Tests_Theme" file="/Users/msaari/wordpress-develop/tests/phpunit/tests/theme.php" line="170" assertions="13" time="0.005329"/>
      <testcase name="test_default_theme_in_default_theme_list" class="Tests_Theme" file="/Users/msaari/wordpress-develop/tests/phpunit/tests/theme.php" line="195" assertions="1" time="0.004726"/>
      <testcase name="test_default_themes_have_textdomain" class="Tests_Theme" file="/Users/msaari/wordpress-develop/tests/phpunit/tests/theme.php" line="203" assertions="8" time="0.005092"/>
      <testcase name="test_extra_theme_headers" class="Tests_Theme" file="/Users/msaari/wordpress-develop/tests/phpunit/tests/theme.php" line="215" assertions="7" time="0.005222"/>
      <testcase name="test_switch_theme" class="Tests_Theme" file="/Users/msaari/wordpress-develop/tests/phpunit/tests/theme.php" line="235" assertions="553" time="0.052905"/>
      <testcase name="test_switch_theme_bogus" class="Tests_Theme" file="/Users/msaari/wordpress-develop/tests/phpunit/tests/theme.php" line="303" assertions="5" time="0.005926"/>
      <testcase name="test_wp_keep_alive_customize_changeset_dependent_auto_drafts" class="Tests_Theme" file="/Users/msaari/wordpress-develop/tests/phpunit/tests/theme.php" line="325" assertions="10" time="0.076301"/>
    </testsuite>
    <testsuite name="Tests_Theme_WPTheme" file="/Users/msaari/wordpress-develop/tests/phpunit/tests/theme/WPTheme.php" tests="7" assertions="45" failures="0" errors="0" time="0.033729">
      <testcase name="test_new_WP_Theme_top_level" class="Tests_Theme_WPTheme" file="/Users/msaari/wordpress-develop/tests/phpunit/tests/theme/WPTheme.php" line="35" assertions="11" time="0.005949"/>
      <testcase name="test_new_WP_Theme_subdir" class="Tests_Theme_WPTheme" file="/Users/msaari/wordpress-develop/tests/phpunit/tests/theme/WPTheme.php" line="54" assertions="11" time="0.004661"/>
      <testcase name="test_new_WP_Theme_subdir_bad_root" class="Tests_Theme_WPTheme" file="/Users/msaari/wordpress-develop/tests/phpunit/tests/theme/WPTheme.php" line="76" assertions="11" time="0.004507"/>
      <testcase name="test_wp_theme_uris_with_spaces" class="Tests_Theme_WPTheme" file="/Users/msaari/wordpress-develop/tests/phpunit/tests/theme/WPTheme.php" line="99" assertions="4" time="0.004851"/>
      <testcase name="test_theme_uris_with_spaces" class="Tests_Theme_WPTheme" file="/Users/msaari/wordpress-develop/tests/phpunit/tests/theme/WPTheme.php" line="116" assertions="2" time="0.004862"/>
      <testcase name="test_display_method_on_get_method_failure" class="Tests_Theme_WPTheme" file="/Users/msaari/wordpress-develop/tests/phpunit/tests/theme/WPTheme.php" line="135" assertions="4" time="0.004405"/>
      <testcase name="test_child_theme_with_itself_as_parent_should_appear_as_broken" class="Tests_Theme_WPTheme" file="/Users/msaari/wordpress-develop/tests/phpunit/tests/theme/WPTheme.php" line="146" assertions="2" time="0.004494"/>
    </testsuite>
    <testsuite name="Tests_Theme_Custom_Header" file="/Users/msaari/wordpress-develop/tests/phpunit/tests/theme/customHeader.php" tests="23" assertions="42" failures="0" errors="0" time="0.079605">
      <testcase name="test_add_and_remove_theme_support" class="Tests_Theme_Custom_Header" file="/Users/msaari/wordpress-develop/tests/phpunit/tests/theme/customHeader.php" line="45" assertions="2" time="0.002222"/>
      <testcase name="test_get_header_image_without_registered_default" class="Tests_Theme_Custom_Header" file="/Users/msaari/wordpress-develop/tests/phpunit/tests/theme/customHeader.php" line="52" assertions="2" time="0.002300"/>
      <testcase name="test_get_header_image_with_registered_default" class="Tests_Theme_Custom_Header" file="/Users/msaari/wordpress-develop/tests/phpunit/tests/theme/customHeader.php" line="59" assertions="2" time="0.002137"/>
      <testcase name="test_get_header_image_from_theme_mod" class="Tests_Theme_Custom_Header" file="/Users/msaari/wordpress-develop/tests/phpunit/tests/theme/customHeader.php" line="68" assertions="4" time="0.003552"/>
      <testcase name="test_get_header_image_tag_without_registered_default_image" class="Tests_Theme_Custom_Header" file="/Users/msaari/wordpress-develop/tests/phpunit/tests/theme/customHeader.php" line="84" assertions="1" time="0.002543"/>
      <testcase name="test_get_header_image_tag_with_registered_default_image" class="Tests_Theme_Custom_Header" file="/Users/msaari/wordpress-develop/tests/phpunit/tests/theme/customHeader.php" line="90" assertions="2" time="0.002226"/>
      <testcase name="test_get_header_image_tag_with_registered_default_image_and_remove_header_theme_mod" class="Tests_Theme_Custom_Header" file="/Users/msaari/wordpress-develop/tests/phpunit/tests/theme/customHeader.php" line="102" assertions="1" time="0.003667"/>
      <testcase name="test_get_header_image_tag_with_registered_default_image_and_custom_theme_mod" class="Tests_Theme_Custom_Header" file="/Users/msaari/wordpress-develop/tests/phpunit/tests/theme/customHeader.php" line="111" assertions="2" time="0.003965"/>
      <testcase name="test_get_custom_header_markup_without_registered_default_image" class="Tests_Theme_Custom_Header" file="/Users/msaari/wordpress-develop/tests/phpunit/tests/theme/customHeader.php" line="122" assertions="3" time="0.002893"/>
      <testcase name="test_get_custom_header_markup_with_registered_default_image" class="Tests_Theme_Custom_Header" file="/Users/msaari/wordpress-develop/tests/phpunit/tests/theme/customHeader.php" line="139" assertions="3" time="0.002459"/>
      <testcase name="test_get_header_video_url" class="Tests_Theme_Custom_Header" file="/Users/msaari/wordpress-develop/tests/phpunit/tests/theme/customHeader.php" line="148" assertions="3" time="0.004262"/>
      <testcase name="test_get_external_header_video_url" class="Tests_Theme_Custom_Header" file="/Users/msaari/wordpress-develop/tests/phpunit/tests/theme/customHeader.php" line="157" assertions="3" time="0.003864"/>
      <testcase name="test_get_header_video_url_prefers_local_video" class="Tests_Theme_Custom_Header" file="/Users/msaari/wordpress-develop/tests/phpunit/tests/theme/customHeader.php" line="167" assertions="1" time="0.004035"/>
      <testcase name="test_get_custom_header_markup_with_video_and_without_an_image" class="Tests_Theme_Custom_Header" file="/Users/msaari/wordpress-develop/tests/phpunit/tests/theme/customHeader.php" line="176" assertions="3" time="0.003851"/>
      <testcase name="test_header_script_is_not_enqueued_by_the_custom_header_markup_without_video" class="Tests_Theme_Custom_Header" file="/Users/msaari/wordpress-develop/tests/phpunit/tests/theme/customHeader.php" line="192" assertions="2" time="0.004369"/>
      <testcase name="test_header_script_is_not_enqueued_by_the_custom_header_markup_when_active_callback_is_false" class="Tests_Theme_Custom_Header" file="/Users/msaari/wordpress-develop/tests/phpunit/tests/theme/customHeader.php" line="213" assertions="1" time="0.003706"/>
      <testcase name="test_header_script_is_enqueued_by_the_custom_header_markup_without_video_when_previewing_in_customizer" class="Tests_Theme_Custom_Header" file="/Users/msaari/wordpress-develop/tests/phpunit/tests/theme/customHeader.php" line="228" assertions="1" time="0.002948"/>
      <testcase name="test_header_script_is_enqueued_by_the_custom_header_markup_with_video" class="Tests_Theme_Custom_Header" file="/Users/msaari/wordpress-develop/tests/phpunit/tests/theme/customHeader.php" line="248" assertions="1" time="0.003563"/>
      <testcase name="test_video_header_callback_front_page_from_front_page" class="Tests_Theme_Custom_Header" file="/Users/msaari/wordpress-develop/tests/phpunit/tests/theme/customHeader.php" line="266" assertions="1" time="0.006477"/>
      <testcase name="test_video_header_callback_front_page_from_elsewhere" class="Tests_Theme_Custom_Header" file="/Users/msaari/wordpress-develop/tests/phpunit/tests/theme/customHeader.php" line="283" assertions="1" time="0.004016"/>
      <testcase name="test_video_header_callback_globally_from_front_page" class="Tests_Theme_Custom_Header" file="/Users/msaari/wordpress-develop/tests/phpunit/tests/theme/customHeader.php" line="300" assertions="1" time="0.003649"/>
      <testcase name="test_video_header_callback_globally_from_elsewhere" class="Tests_Theme_Custom_Header" file="/Users/msaari/wordpress-develop/tests/phpunit/tests/theme/customHeader.php" line="318" assertions="1" time="0.003420"/>
      <testcase name="test_video_header_callback_globally_with_negative_filter" class="Tests_Theme_Custom_Header" file="/Users/msaari/wordpress-develop/tests/phpunit/tests/theme/customHeader.php" line="336" assertions="1" time="0.003480"/>
    </testsuite>
    <testsuite name="Tests_WP_Theme_Get_Theme_Starter_Content" file="/Users/msaari/wordpress-develop/tests/phpunit/tests/theme/getThemeStarterContent.php" tests="4" assertions="136" failures="0" errors="0" time="0.006614">
      <testcase name="test_add_theme_support_empty" class="Tests_WP_Theme_Get_Theme_Starter_Content" file="/Users/msaari/wordpress-develop/tests/phpunit/tests/theme/getThemeStarterContent.php" line="13" assertions="1" time="0.002042"/>
      <testcase name="test_add_theme_support_single_param" class="Tests_WP_Theme_Get_Theme_Starter_Content" file="/Users/msaari/wordpress-develop/tests/phpunit/tests/theme/getThemeStarterContent.php" line="23" assertions="1" time="0.001563"/>
      <testcase name="test_default_content_sections" class="Tests_WP_Theme_Get_Theme_Starter_Content" file="/Users/msaari/wordpress-develop/tests/phpunit/tests/theme/getThemeStarterContent.php" line="33" assertions="130" time="0.001538"/>
      <testcase name="test_get_theme_starter_content_filter" class="Tests_WP_Theme_Get_Theme_Starter_Content" file="/Users/msaari/wordpress-develop/tests/phpunit/tests/theme/getThemeStarterContent.php" line="175" assertions="4" time="0.001471"/>
    </testsuite>
    <testsuite name="Tests_Theme_Support" file="/Users/msaari/wordpress-develop/tests/phpunit/tests/theme/support.php" tests="11" assertions="63" failures="0" errors="0" time="0.015943">
      <testcase name="test_the_basics" class="Tests_Theme_Support" file="/Users/msaari/wordpress-develop/tests/phpunit/tests/theme/support.php" line="8" assertions="3" time="0.001267"/>
      <testcase name="test_admin_bar" class="Tests_Theme_Support" file="/Users/msaari/wordpress-develop/tests/phpunit/tests/theme/support.php" line="17" assertions="7" time="0.001535"/>
      <testcase name="test_post_thumbnails" class="Tests_Theme_Support" file="/Users/msaari/wordpress-develop/tests/phpunit/tests/theme/support.php" line="37" assertions="3" time="0.001534"/>
      <testcase name="test_post_thumbnails_flat_array_of_post_types" class="Tests_Theme_Support" file="/Users/msaari/wordpress-develop/tests/phpunit/tests/theme/support.php" line="46" assertions="3" time="0.001435"/>
      <testcase name="test_post_thumbnails_mixed_args" class="Tests_Theme_Support" file="/Users/msaari/wordpress-develop/tests/phpunit/tests/theme/support.php" line="59" assertions="5" time="0.001555"/>
      <testcase name="test_post_thumbnails_types_true" class="Tests_Theme_Support" file="/Users/msaari/wordpress-develop/tests/phpunit/tests/theme/support.php" line="77" assertions="3" time="0.001513"/>
      <testcase name="test_supports_html5" class="Tests_Theme_Support" file="/Users/msaari/wordpress-develop/tests/phpunit/tests/theme/support.php" line="89" assertions="8" time="0.001461"/>
      <testcase name="test_supports_html5_subset" class="Tests_Theme_Support" file="/Users/msaari/wordpress-develop/tests/phpunit/tests/theme/support.php" line="106" assertions="16" time="0.001472"/>
      <testcase name="test_supports_html5_invalid" class="Tests_Theme_Support" file="/Users/msaari/wordpress-develop/tests/phpunit/tests/theme/support.php" line="137" assertions="4" time="0.001411"/>
      <testcase name="test_plugin_hook" class="Tests_Theme_Support" file="/Users/msaari/wordpress-develop/tests/phpunit/tests/theme/support.php" line="151" assertions="5" time="0.001382"/>
      <testcase name="test_supports_menus" class="Tests_Theme_Support" file="/Users/msaari/wordpress-develop/tests/phpunit/tests/theme/support.php" line="169" assertions="6" time="0.001378"/>
    </testsuite>
    <testsuite name="Tests_Theme_ThemeDir" file="/Users/msaari/wordpress-develop/tests/phpunit/tests/theme/themeDir.php" tests="10" assertions="93" failures="0" errors="0" time="0.047803">
      <testcase name="test_theme_default" class="Tests_Theme_ThemeDir" file="/Users/msaari/wordpress-develop/tests/phpunit/tests/theme/themeDir.php" line="46" assertions="17" time="0.005226"/>
      <testcase name="test_theme_sandbox" class="Tests_Theme_ThemeDir" file="/Users/msaari/wordpress-develop/tests/phpunit/tests/theme/themeDir.php" line="77" assertions="16" time="0.004751"/>
      <testcase name="test_theme_stylesheet_only" class="Tests_Theme_ThemeDir" file="/Users/msaari/wordpress-develop/tests/phpunit/tests/theme/themeDir.php" line="113" assertions="16" time="0.004770"/>
      <testcase name="test_theme_list" class="Tests_Theme_ThemeDir" file="/Users/msaari/wordpress-develop/tests/phpunit/tests/theme/themeDir.php" line="143" assertions="2" time="0.004934"/>
      <testcase name="test_broken_themes" class="Tests_Theme_ThemeDir" file="/Users/msaari/wordpress-develop/tests/phpunit/tests/theme/themeDir.php" line="178" assertions="2" time="0.004801"/>
      <testcase name="test_wp_get_theme_with_non_default_theme_root" class="Tests_Theme_ThemeDir" file="/Users/msaari/wordpress-develop/tests/phpunit/tests/theme/themeDir.php" line="197" assertions="2" time="0.004655"/>
      <testcase name="test_page_templates" class="Tests_Theme_ThemeDir" file="/Users/msaari/wordpress-develop/tests/phpunit/tests/theme/themeDir.php" line="205" assertions="3" time="0.004927"/>
      <testcase name="test_get_theme_data_top_level" class="Tests_Theme_ThemeDir" file="/Users/msaari/wordpress-develop/tests/phpunit/tests/theme/themeDir.php" line="218" assertions="12" time="0.004833"/>
      <testcase name="test_get_theme_data_subdir" class="Tests_Theme_ThemeDir" file="/Users/msaari/wordpress-develop/tests/phpunit/tests/theme/themeDir.php" line="237" assertions="12" time="0.004435"/>
      <testcase name="test_theme_dir_slashes" class="Tests_Theme_ThemeDir" file="/Users/msaari/wordpress-develop/tests/phpunit/tests/theme/themeDir.php" line="256" assertions="11" time="0.004471"/>
    </testsuite>
    <testsuite name="Tests_Upload" file="/Users/msaari/wordpress-develop/tests/phpunit/tests/upload.php" tests="6" assertions="24" failures="0" errors="0" time="0.018027">
      <testcase name="test_upload_dir_default" class="Tests_Upload" file="/Users/msaari/wordpress-develop/tests/phpunit/tests/upload.php" line="22" assertions="4" time="0.002923"/>
      <testcase name="test_upload_dir_relative" class="Tests_Upload" file="/Users/msaari/wordpress-develop/tests/phpunit/tests/upload.php" line="33" assertions="4" time="0.002854"/>
      <testcase name="test_upload_dir_absolute" class="Tests_Upload" file="/Users/msaari/wordpress-develop/tests/phpunit/tests/upload.php" line="48" assertions="4" time="0.003308"/>
      <testcase name="test_upload_dir_no_yearnum" class="Tests_Upload" file="/Users/msaari/wordpress-develop/tests/phpunit/tests/upload.php" line="68" assertions="4" time="0.002827"/>
      <testcase name="test_upload_path_absolute" class="Tests_Upload" file="/Users/msaari/wordpress-develop/tests/phpunit/tests/upload.php" line="80" assertions="4" time="0.002660"/>
      <testcase name="test_upload_dir_empty" class="Tests_Upload" file="/Users/msaari/wordpress-develop/tests/phpunit/tests/upload.php" line="94" assertions="4" time="0.003455"/>
    </testsuite>
    <testsuite name="Tests_URL" file="/Users/msaari/wordpress-develop/tests/phpunit/tests/url.php" tests="37" assertions="152" failures="0" errors="0" time="0.206509">
      <testsuite name="Tests_URL::test_is_ssl" tests="5" assertions="5" failures="0" errors="0" time="0.007801">
        <testcase name="test_is_ssl with data set #0" assertions="1" time="0.001765"/>
        <testcase name="test_is_ssl with data set #1" assertions="1" time="0.001545"/>
        <testcase name="test_is_ssl with data set #2" assertions="1" time="0.001503"/>
        <testcase name="test_is_ssl with data set #3" assertions="1" time="0.001514"/>
        <testcase name="test_is_ssl with data set #4" assertions="1" time="0.001474"/>
      </testsuite>
      <testcase name="test_is_ssl_by_port" class="Tests_URL" file="/Users/msaari/wordpress-develop/tests/phpunit/tests/url.php" line="49" assertions="1" time="0.001526"/>
      <testcase name="test_is_ssl_with_no_value" class="Tests_URL" file="/Users/msaari/wordpress-develop/tests/phpunit/tests/url.php" line="57" assertions="1" time="0.001637"/>
      <testsuite name="Tests_URL::test_admin_url" tests="11" assertions="22" failures="0" errors="0" time="0.016099">
        <testcase name="test_admin_url with data set #0" assertions="2" time="0.001509"/>
        <testcase name="test_admin_url with data set #1" assertions="2" time="0.001556"/>
        <testcase name="test_admin_url with data set #2" assertions="2" time="0.001526"/>
        <testcase name="test_admin_url with data set #3" assertions="2" time="0.001421"/>
        <testcase name="test_admin_url with data set #4" assertions="2" time="0.001420"/>
        <testcase name="test_admin_url with data set #5" assertions="2" time="0.001431"/>
        <testcase name="test_admin_url with data set #6" assertions="2" time="0.001383"/>
        <testcase name="test_admin_url with data set #7" assertions="2" time="0.001370"/>
        <testcase name="test_admin_url with data set #8" assertions="2" time="0.001366"/>
        <testcase name="test_admin_url with data set #9" assertions="2" time="0.001499"/>
        <testcase name="test_admin_url with data set #10" assertions="2" time="0.001618"/>
      </testsuite>
      <testsuite name="Tests_URL::test_home_url" tests="11" assertions="22" failures="0" errors="0" time="0.018389">
        <testcase name="test_home_url with data set #0" assertions="2" time="0.001533"/>
        <testcase name="test_home_url with data set #1" assertions="2" time="0.001606"/>
        <testcase name="test_home_url with data set #2" assertions="2" time="0.001774"/>
        <testcase name="test_home_url with data set #3" assertions="2" time="0.001635"/>
        <testcase name="test_home_url with data set #4" assertions="2" time="0.001674"/>
        <testcase name="test_home_url with data set #5" assertions="2" time="0.001641"/>
        <testcase name="test_home_url with data set #6" assertions="2" time="0.001538"/>
        <testcase name="test_home_url with data set #7" assertions="2" time="0.001606"/>
        <testcase name="test_home_url with data set #8" assertions="2" time="0.001540"/>
        <testcase name="test_home_url with data set #9" assertions="2" time="0.002037"/>
        <testcase name="test_home_url with data set #10" assertions="2" time="0.001805"/>
      </testsuite>
      <testcase name="test_home_url_from_admin" class="Tests_URL" file="/Users/msaari/wordpress-develop/tests/phpunit/tests/url.php" line="200" assertions="9" time="0.003083"/>
      <testcase name="test_network_home_url_from_admin" class="Tests_URL" file="/Users/msaari/wordpress-develop/tests/phpunit/tests/url.php" line="248" assertions="5" time="0.001702"/>
      <testcase name="test_set_url_scheme" class="Tests_URL" file="/Users/msaari/wordpress-develop/tests/phpunit/tests/url.php" line="273" assertions="52" time="0.001475"/>
      <testcase name="test_get_adjacent_post" class="Tests_URL" file="/Users/msaari/wordpress-develop/tests/phpunit/tests/url.php" line="337" assertions="6" time="0.019490"/>
      <testcase name="test_get_adjacent_post_should_return_private_posts_belonging_to_the_current_user" class="Tests_URL" file="/Users/msaari/wordpress-develop/tests/phpunit/tests/url.php" line="372" assertions="1" time="0.033087"/>
      <testcase name="test_get_adjacent_post_should_return_private_posts_belonging_to_other_users_if_the_current_user_can_read_private_posts" class="Tests_URL" file="/Users/msaari/wordpress-develop/tests/phpunit/tests/url.php" line="409" assertions="1" time="0.046283"/>
      <testcase name="test_get_adjacent_post_should_not_return_private_posts_belonging_to_other_users_if_the_current_user_cannot_read_private_posts" class="Tests_URL" file="/Users/msaari/wordpress-develop/tests/phpunit/tests/url.php" line="447" assertions="1" time="0.054029"/>
      <testcase name="test_url_functions_for_dots_in_paths" class="Tests_URL" file="/Users/msaari/wordpress-develop/tests/phpunit/tests/url.php" line="493" assertions="26" time="0.001908"/>
    </testsuite>
    <testsuite name="Tests_Url_GetPrivacyPolicyUrl" file="/Users/msaari/wordpress-develop/tests/phpunit/tests/url/getPrivacyPolicyUrl.php" tests="5" assertions="5" failures="0" errors="0" time="0.009856">
      <testcase name="test_get_privacy_policy_url_should_return_empty_string_when_policy_page_not_set" class="Tests_Url_GetPrivacyPolicyUrl" file="/Users/msaari/wordpress-develop/tests/phpunit/tests/url/getPrivacyPolicyUrl.php" line="55" assertions="1" time="0.001644"/>
      <testcase name="test_get_privacy_policy_url_should_return_valid_url_when_policy_page_set" class="Tests_Url_GetPrivacyPolicyUrl" file="/Users/msaari/wordpress-develop/tests/phpunit/tests/url/getPrivacyPolicyUrl.php" line="62" assertions="1" time="0.002179"/>
      <testcase name="test_get_privacy_policy_url_should_return_empty_when_privacy_policy_page_not_set" class="Tests_Url_GetPrivacyPolicyUrl" file="/Users/msaari/wordpress-develop/tests/phpunit/tests/url/getPrivacyPolicyUrl.php" line="71" assertions="1" time="0.001692"/>
      <testcase name="test_get_privacy_policy_url_should_return_empty_for_non_existing_page" class="Tests_Url_GetPrivacyPolicyUrl" file="/Users/msaari/wordpress-develop/tests/phpunit/tests/url/getPrivacyPolicyUrl.php" line="78" assertions="1" time="0.002187"/>
      <testcase name="test_get_privacy_policy_url_should_be_filterable" class="Tests_Url_GetPrivacyPolicyUrl" file="/Users/msaari/wordpress-develop/tests/phpunit/tests/url/getPrivacyPolicyUrl.php" line="87" assertions="1" time="0.002154"/>
    </testsuite>
    <testsuite name="Tests_User" file="/Users/msaari/wordpress-develop/tests/phpunit/tests/user.php" tests="72" assertions="249" failures="0" errors="0" time="0.706894">
      <testcase name="test_get_users_of_blog" class="Tests_User" file="/Users/msaari/wordpress-develop/tests/phpunit/tests/user.php" line="63" assertions="1" time="0.003343"/>
      <testcase name="test_user_option" class="Tests_User" file="/Users/msaari/wordpress-develop/tests/phpunit/tests/user.php" line="89" assertions="3" time="0.003824"/>
      <testcase name="test_usermeta" class="Tests_User" file="/Users/msaari/wordpress-develop/tests/phpunit/tests/user.php" line="107" assertions="6" time="0.006026"/>
      <testcase name="test_usermeta_array" class="Tests_User" file="/Users/msaari/wordpress-develop/tests/phpunit/tests/user.php" line="139" assertions="7" time="0.005377"/>
      <testcase name="test_user_properties" class="Tests_User" file="/Users/msaari/wordpress-develop/tests/phpunit/tests/user.php" line="177" assertions="21" time="0.001987"/>
      <testcase name="test_user_unset" class="Tests_User" file="/Users/msaari/wordpress-develop/tests/phpunit/tests/user.php" line="201" assertions="2" time="0.001661"/>
      <testcase name="test_user_unset_lowercase_id" class="Tests_User" file="/Users/msaari/wordpress-develop/tests/phpunit/tests/user.php" line="217" assertions="2" time="0.001965"/>
      <testcase name="test_user_unset_uppercase_id" class="Tests_User" file="/Users/msaari/wordpress-develop/tests/phpunit/tests/user.php" line="229" assertions="2" time="0.002050"/>
      <testcase name="test_user_meta_properties" class="Tests_User" file="/Users/msaari/wordpress-develop/tests/phpunit/tests/user.php" line="237" assertions="2" time="0.003539"/>
      <testcase name="test_id_property_back_compat" class="Tests_User" file="/Users/msaari/wordpress-develop/tests/phpunit/tests/user.php" line="250" assertions="4" time="0.002037"/>
      <testcase name="test_user_level_property_back_compat" class="Tests_User" file="/Users/msaari/wordpress-develop/tests/phpunit/tests/user.php" line="262" assertions="10" time="0.003844"/>
      <testcase name="test_construction" class="Tests_User" file="/Users/msaari/wordpress-develop/tests/phpunit/tests/user.php" line="279" assertions="21" time="0.002019"/>
      <testcase name="test_get" class="Tests_User" file="/Users/msaari/wordpress-develop/tests/phpunit/tests/user.php" line="318" assertions="5" time="0.002752"/>
      <testcase name="test_has_prop" class="Tests_User" file="/Users/msaari/wordpress-develop/tests/phpunit/tests/user.php" line="329" assertions="4" time="0.003192"/>
      <testcase name="test_update_user" class="Tests_User" file="/Users/msaari/wordpress-develop/tests/phpunit/tests/user.php" line="339" assertions="16" time="0.016556"/>
      <testcase name="test_global_userdata" class="Tests_User" file="/Users/msaari/wordpress-develop/tests/phpunit/tests/user.php" line="397" assertions="4" time="0.002054"/>
      <testcase name="test_global_userdata_is_null_when_logged_out" class="Tests_User" file="/Users/msaari/wordpress-develop/tests/phpunit/tests/user.php" line="413" assertions="1" time="0.001391"/>
      <testcase name="test_exists" class="Tests_User" file="/Users/msaari/wordpress-develop/tests/phpunit/tests/user.php" line="419" assertions="3" time="0.002076"/>
      <testcase name="test_global_authordata" class="Tests_User" file="/Users/msaari/wordpress-develop/tests/phpunit/tests/user.php" line="433" assertions="4" time="0.010999"/>
      <testcase name="test_get_userdata" class="Tests_User" file="/Users/msaari/wordpress-develop/tests/phpunit/tests/user.php" line="466" assertions="4" time="0.001606"/>
      <testcase name="test_user_get_data_by_id" class="Tests_User" file="/Users/msaari/wordpress-develop/tests/phpunit/tests/user.php" line="473" assertions="9" time="0.001874"/>
      <testcase name="test_user_get_data_by_ID_should_alias_to_id" class="Tests_User" file="/Users/msaari/wordpress-develop/tests/phpunit/tests/user.php" line="504" assertions="1" time="0.001579"/>
      <testcase name="test_count_many_users_posts" class="Tests_User" file="/Users/msaari/wordpress-develop/tests/phpunit/tests/user.php" line="512" assertions="8" time="0.043636"/>
      <testcase name="test_wp_update_user_on_nonexistent_users" class="Tests_User" file="/Users/msaari/wordpress-develop/tests/phpunit/tests/user.php" line="545" assertions="1" time="0.002735"/>
      <testcase name="test_wp_update_user_should_not_change_password_when_passed_WP_User_instance" class="Tests_User" file="/Users/msaari/wordpress-develop/tests/phpunit/tests/user.php" line="559" assertions="1" time="0.003791"/>
      <testcase name="test_user_meta_error" class="Tests_User" file="/Users/msaari/wordpress-develop/tests/phpunit/tests/user.php" line="573" assertions="2" time="0.030066"/>
      <testcase name="test_user_update_email_error" class="Tests_User" file="/Users/msaari/wordpress-develop/tests/phpunit/tests/user.php" line="604" assertions="3" time="0.032479"/>
      <testsuite name="Tests_User::test_illegal_user_logins_single" tests="2" assertions="6" failures="0" errors="0" time="0.036043">
        <testcase name="test_illegal_user_logins_single with data set #0" assertions="3" time="0.018083"/>
        <testcase name="test_illegal_user_logins_single with data set #1" assertions="3" time="0.017960"/>
      </testsuite>
      <testsuite name="Tests_User::test_illegal_user_logins_single_wp_create_user" tests="2" assertions="6" failures="0" errors="0" time="0.039811">
        <testcase name="test_illegal_user_logins_single_wp_create_user with data set #0" assertions="3" time="0.019394"/>
        <testcase name="test_illegal_user_logins_single_wp_create_user with data set #1" assertions="3" time="0.020417"/>
      </testsuite>
      <testcase name="test_validate_username_string" class="Tests_User" file="/Users/msaari/wordpress-develop/tests/phpunit/tests/user.php" line="731" assertions="2" time="0.001743"/>
      <testcase name="test_validate_username_contains_uppercase_letters" class="Tests_User" file="/Users/msaari/wordpress-develop/tests/phpunit/tests/user.php" line="739" assertions="1" time="0.001691"/>
      <testcase name="test_validate_username_empty" class="Tests_User" file="/Users/msaari/wordpress-develop/tests/phpunit/tests/user.php" line="750" assertions="1" time="0.001631"/>
      <testcase name="test_validate_username_invalid" class="Tests_User" file="/Users/msaari/wordpress-develop/tests/phpunit/tests/user.php" line="757" assertions="1" time="0.001529"/>
      <testcase name="test_wp_insert_user_should_not_wipe_existing_password" class="Tests_User" file="/Users/msaari/wordpress-develop/tests/phpunit/tests/user.php" line="764" assertions="2" time="0.017148"/>
      <testcase name="test_wp_insert_user_should_sanitize_user_nicename_parameter" class="Tests_User" file="/Users/msaari/wordpress-develop/tests/phpunit/tests/user.php" line="786" assertions="1" time="0.003693"/>
      <testcase name="test_wp_insert_user_should_accept_user_login_with_60_characters" class="Tests_User" file="/Users/msaari/wordpress-develop/tests/phpunit/tests/user.php" line="801" assertions="3" time="0.015098"/>
      <testcase name="test_wp_insert_user_should_reject_user_login_over_60_characters" class="Tests_User" file="/Users/msaari/wordpress-develop/tests/phpunit/tests/user.php" line="822" assertions="2" time="0.003654"/>
      <testcase name="test_wp_insert_user_should_reject_user_nicename_over_50_characters" class="Tests_User" file="/Users/msaari/wordpress-develop/tests/phpunit/tests/user.php" line="840" assertions="2" time="0.004247"/>
      <testcase name="test_wp_insert_user_should_not_generate_user_nicename_longer_than_50_chars" class="Tests_User" file="/Users/msaari/wordpress-develop/tests/phpunit/tests/user.php" line="858" assertions="2" time="0.015751"/>
      <testcase name="test_wp_insert_user_should_not_truncate_to_a_duplicate_user_nicename" class="Tests_User" file="/Users/msaari/wordpress-develop/tests/phpunit/tests/user.php" line="877" assertions="3" time="0.028632"/>
      <testcase name="test_wp_insert_user_should_not_truncate_to_a_duplicate_user_nicename_when_suffix_has_more_than_one_character" class="Tests_User" file="/Users/msaari/wordpress-develop/tests/phpunit/tests/user.php" line="907" assertions="6" time="0.071539"/>
      <testcase name="test_wp_insert_user_with_invalid_user_id" class="Tests_User" file="/Users/msaari/wordpress-develop/tests/phpunit/tests/user.php" line="943" assertions="1" time="0.002019"/>
      <testcase name="test_wp_update_user_should_delete_userslugs_cache" class="Tests_User" file="/Users/msaari/wordpress-develop/tests/phpunit/tests/user.php" line="962" assertions="2" time="0.017462"/>
      <testcase name="test_changing_email_invalidates_password_reset_key" class="Tests_User" file="/Users/msaari/wordpress-develop/tests/phpunit/tests/user.php" line="978" assertions="3" time="0.005985"/>
      <testcase name="test_search_users_login" class="Tests_User" file="/Users/msaari/wordpress-develop/tests/phpunit/tests/user.php" line="1010" assertions="1" time="0.001800"/>
      <testcase name="test_search_users_url" class="Tests_User" file="/Users/msaari/wordpress-develop/tests/phpunit/tests/user.php" line="1021" assertions="1" time="0.001842"/>
      <testcase name="test_search_users_email" class="Tests_User" file="/Users/msaari/wordpress-develop/tests/phpunit/tests/user.php" line="1032" assertions="1" time="0.001864"/>
      <testcase name="test_search_users_nicename" class="Tests_User" file="/Users/msaari/wordpress-develop/tests/phpunit/tests/user.php" line="1043" assertions="1" time="0.001744"/>
      <testcase name="test_search_users_display_name" class="Tests_User" file="/Users/msaari/wordpress-develop/tests/phpunit/tests/user.php" line="1054" assertions="1" time="0.002135"/>
      <testcase name="test_email_case" class="Tests_User" file="/Users/msaari/wordpress-develop/tests/phpunit/tests/user.php" line="1068" assertions="1" time="0.004206"/>
      <testcase name="test_email_change" class="Tests_User" file="/Users/msaari/wordpress-develop/tests/phpunit/tests/user.php" line="1082" assertions="2" time="0.003652"/>
      <testsuite name="Tests_User::test_wp_new_user_notification" tests="4" assertions="8" failures="0" errors="0" time="0.014539">
        <testcase name="test_wp_new_user_notification with data set #0" assertions="2" time="0.002217"/>
        <testcase name="test_wp_new_user_notification with data set #1" assertions="2" time="0.002086"/>
        <testcase name="test_wp_new_user_notification with data set #2" assertions="2" time="0.004977"/>
        <testcase name="test_wp_new_user_notification with data set #3" assertions="2" time="0.005259"/>
      </testsuite>
      <testcase name="test_wp_new_user_notification_old_signature_throws_deprecated_warning_but_sends" class="Tests_User" file="/Users/msaari/wordpress-develop/tests/phpunit/tests/user.php" line="1180" assertions="3" time="0.005188"/>
      <testcase name="test_wp_new_user_notification_old_signature_no_password" class="Tests_User" file="/Users/msaari/wordpress-develop/tests/phpunit/tests/user.php" line="1205" assertions="2" time="0.002470"/>
      <testcase name="test_new_admin_email_notification_html_entities_decoded" class="Tests_User" file="/Users/msaari/wordpress-develop/tests/phpunit/tests/user.php" line="1230" assertions="3" time="0.003975"/>
      <testsuite name="Tests_User::test_new_admin_email_confirmation_not_sent_when_email_invalid" tests="2" assertions="2" failures="0" errors="0" time="0.003220">
        <testcase name="test_new_admin_email_confirmation_not_sent_when_email_invalid with data set #0" assertions="1" time="0.001745"/>
        <testcase name="test_new_admin_email_confirmation_not_sent_when_email_invalid with data set #1" assertions="1" time="0.001475"/>
      </testsuite>
      <testsuite name="Tests_User::test_profile_email_confirmation_not_sent_invalid_email" tests="3" assertions="3" failures="0" errors="0" time="0.085817">
        <testcase name="test_profile_email_confirmation_not_sent_invalid_email with data set #0" assertions="1" time="0.029005"/>
        <testcase name="test_profile_email_confirmation_not_sent_invalid_email with data set #1" assertions="1" time="0.028277"/>
        <testcase name="test_profile_email_confirmation_not_sent_invalid_email with data set #2" assertions="1" time="0.028535"/>
      </testsuite>
      <testcase name="test_edit_user_blank_pw" class="Tests_User" file="/Users/msaari/wordpress-develop/tests/phpunit/tests/user.php" line="1369" assertions="12" time="0.021622"/>
      <testcase name="test_send_confirmation_on_profile_email" class="Tests_User" file="/Users/msaari/wordpress-develop/tests/phpunit/tests/user.php" line="1434" assertions="3" time="0.016383"/>
      <testcase name="test_remove_send_confirmation_on_profile_email" class="Tests_User" file="/Users/msaari/wordpress-develop/tests/phpunit/tests/user.php" line="1469" assertions="3" time="0.015245"/>
      <testcase name="test_send_confirmation_on_profile_email_html_entities_decoded" class="Tests_User" file="/Users/msaari/wordpress-develop/tests/phpunit/tests/user.php" line="1509" assertions="3" time="0.016657"/>
      <testcase name="test_edit_user_role_update" class="Tests_User" file="/Users/msaari/wordpress-develop/tests/phpunit/tests/user.php" line="1545" assertions="4" time="0.038709"/>
      <testcase name="test_wp_user_personal_data_exporter_no_user" class="Tests_User" file="/Users/msaari/wordpress-develop/tests/phpunit/tests/user.php" line="1586" assertions="1" time="0.001708"/>
      <testcase name="test_wp_user_personal_data_exporter" class="Tests_User" file="/Users/msaari/wordpress-develop/tests/phpunit/tests/user.php" line="1603" assertions="3" time="0.001984"/>
    </testsuite>
    <testsuite name="Tests_User_Author_Template" file="/Users/msaari/wordpress-develop/tests/phpunit/tests/user/author.php" tests="7" assertions="26" failures="0" errors="0" time="0.052682">
      <testcase name="test_get_the_author" class="Tests_User_Author_Template" file="/Users/msaari/wordpress-develop/tests/phpunit/tests/user/author.php" line="46" assertions="2" time="0.002119"/>
      <testcase name="test_get_the_author_meta" class="Tests_User_Author_Template" file="/Users/msaari/wordpress-develop/tests/phpunit/tests/user/author.php" line="54" assertions="12" time="0.003527"/>
      <testcase name="test_get_the_author_meta_no_authordata" class="Tests_User_Author_Template" file="/Users/msaari/wordpress-develop/tests/phpunit/tests/user/author.php" line="75" assertions="3" time="0.002181"/>
      <testcase name="test_get_the_author_posts" class="Tests_User_Author_Template" file="/Users/msaari/wordpress-develop/tests/phpunit/tests/user/author.php" line="82" assertions="2" time="0.002163"/>
      <testcase name="test_get_the_author_posts_with_custom_post_type" class="Tests_User_Author_Template" file="/Users/msaari/wordpress-develop/tests/phpunit/tests/user/author.php" line="92" assertions="1" time="0.007061"/>
      <testcase name="test_get_the_author_posts_link_no_permalinks" class="Tests_User_Author_Template" file="/Users/msaari/wordpress-develop/tests/phpunit/tests/user/author.php" line="112" assertions="3" time="0.016690"/>
      <testcase name="test_get_the_author_posts_link_with_permalinks" class="Tests_User_Author_Template" file="/Users/msaari/wordpress-develop/tests/phpunit/tests/user/author.php" line="136" assertions="3" time="0.018941"/>
    </testsuite>
    <testsuite name="Tests_User_Capabilities" file="/Users/msaari/wordpress-develop/tests/phpunit/tests/user/capabilities.php" tests="75" assertions="2425" failures="0" errors="0" time="0.733357">
      <testcase name="test_single_and_multisite_cap_tests_match" class="Tests_User_Capabilities" file="/Users/msaari/wordpress-develop/tests/phpunit/tests/user/capabilities.php" line="315" assertions="2" time="0.001599"/>
      <testcase name="test_all_caps_of_users_are_being_tested" class="Tests_User_Capabilities" file="/Users/msaari/wordpress-develop/tests/phpunit/tests/user/capabilities.php" line="330" assertions="12" time="0.001848"/>
      <testcase name="testPrimitiveCapsTestsAreCorrect" class="Tests_User_Capabilities" file="/Users/msaari/wordpress-develop/tests/phpunit/tests/user/capabilities.php" line="367" assertions="2" time="0.001565"/>
      <testcase name="testMetaCapsTestsAreCorrect" class="Tests_User_Capabilities" file="/Users/msaari/wordpress-develop/tests/phpunit/tests/user/capabilities.php" line="404" assertions="6" time="0.001933"/>
      <testcase name="test_all_roles_and_caps" class="Tests_User_Capabilities" file="/Users/msaari/wordpress-develop/tests/phpunit/tests/user/capabilities.php" line="480" assertions="956" time="0.004349"/>
      <testcase name="test_do_not_allow_is_denied_for_all_roles" class="Tests_User_Capabilities" file="/Users/msaari/wordpress-develop/tests/phpunit/tests/user/capabilities.php" line="515" assertions="15" time="0.025065"/>
      <testcase name="test_link_manager_caps" class="Tests_User_Capabilities" file="/Users/msaari/wordpress-develop/tests/phpunit/tests/user/capabilities.php" line="564" assertions="23" time="0.003182"/>
      <testcase name="test_unfiltered_upload_caps" class="Tests_User_Capabilities" file="/Users/msaari/wordpress-develop/tests/phpunit/tests/user/capabilities.php" line="600" assertions="11" time="0.001855"/>
      <testsuite name="Tests_User_Capabilities::test_user_can_edit_comment_on_own_post" tests="5" assertions="5" failures="0" errors="0" time="0.067575">
        <testcase name="test_user_can_edit_comment_on_own_post with data set #0" assertions="1" time="0.013171"/>
        <testcase name="test_user_can_edit_comment_on_own_post with data set #1" assertions="1" time="0.013458"/>
        <testcase name="test_user_can_edit_comment_on_own_post with data set #2" assertions="1" time="0.013065"/>
        <testcase name="test_user_can_edit_comment_on_own_post with data set #3" assertions="1" time="0.013689"/>
        <testcase name="test_user_can_edit_comment_on_own_post with data set #4" assertions="1" time="0.014192"/>
      </testsuite>
      <testsuite name="Tests_User_Capabilities::test_user_can_edit_comment_on_others_post" tests="5" assertions="5" failures="0" errors="0" time="0.132767">
        <testcase name="test_user_can_edit_comment_on_others_post with data set #0" assertions="1" time="0.026167"/>
        <testcase name="test_user_can_edit_comment_on_others_post with data set #1" assertions="1" time="0.026015"/>
        <testcase name="test_user_can_edit_comment_on_others_post with data set #2" assertions="1" time="0.028515"/>
        <testcase name="test_user_can_edit_comment_on_others_post with data set #3" assertions="1" time="0.026278"/>
        <testcase name="test_user_can_edit_comment_on_others_post with data set #4" assertions="1" time="0.025792"/>
      </testsuite>
      <testcase name="test_bogus_role" class="Tests_User_Capabilities" file="/Users/msaari/wordpress-develop/tests/phpunit/tests/user/capabilities.php" line="716" assertions="190" time="0.016693"/>
      <testcase name="test_user_subscriber_contributor" class="Tests_User_Capabilities" file="/Users/msaari/wordpress-develop/tests/phpunit/tests/user/capabilities.php" line="734" assertions="191" time="0.006395"/>
      <testcase name="test_add_empty_role" class="Tests_User_Capabilities" file="/Users/msaari/wordpress-develop/tests/phpunit/tests/user/capabilities.php" line="764" assertions="192" time="0.017328"/>
      <testcase name="test_add_role" class="Tests_User_Capabilities" file="/Users/msaari/wordpress-develop/tests/phpunit/tests/user/capabilities.php" line="795" assertions="132" time="0.017610"/>
      <testcase name="test_role_add_cap" class="Tests_User_Capabilities" file="/Users/msaari/wordpress-develop/tests/phpunit/tests/user/capabilities.php" line="837" assertions="100" time="0.017810"/>
      <testcase name="test_role_remove_cap" class="Tests_User_Capabilities" file="/Users/msaari/wordpress-develop/tests/phpunit/tests/user/capabilities.php" line="877" assertions="8" time="0.020223"/>
      <testcase name="test_user_add_cap" class="Tests_User_Capabilities" file="/Users/msaari/wordpress-develop/tests/phpunit/tests/user/capabilities.php" line="920" assertions="101" time="0.033814"/>
      <testcase name="test_user_remove_cap" class="Tests_User_Capabilities" file="/Users/msaari/wordpress-develop/tests/phpunit/tests/user/capabilities.php" line="958" assertions="7" time="0.033827"/>
      <testcase name="test_user_level_update" class="Tests_User_Capabilities" file="/Users/msaari/wordpress-develop/tests/phpunit/tests/user/capabilities.php" line="989" assertions="6" time="0.020476"/>
      <testcase name="test_user_remove_all_caps" class="Tests_User_Capabilities" file="/Users/msaari/wordpress-develop/tests/phpunit/tests/user/capabilities.php" line="1014" assertions="102" time="0.019927"/>
      <testcase name="test_post_meta_caps" class="Tests_User_Capabilities" file="/Users/msaari/wordpress-develop/tests/phpunit/tests/user/capabilities.php" line="1052" assertions="35" time="0.070552"/>
      <testsuite name="Tests_User_Capabilities::test_authorless_post" tests="3" assertions="24" failures="0" errors="0" time="0.032907">
        <testcase name="test_authorless_post with data set #0" assertions="8" time="0.010664"/>
        <testcase name="test_authorless_post with data set #1" assertions="8" time="0.011338"/>
        <testcase name="test_authorless_post with data set #2" assertions="8" time="0.010905"/>
      </testsuite>
      <testcase name="test_create_posts_caps" class="Tests_User_Capabilities" file="/Users/msaari/wordpress-develop/tests/phpunit/tests/user/capabilities.php" line="1183" assertions="29" time="0.005782"/>
      <testcase name="test_page_meta_caps" class="Tests_User_Capabilities" file="/Users/msaari/wordpress-develop/tests/phpunit/tests/user/capabilities.php" line="1246" assertions="11" time="0.018730"/>
      <testsuite name="Tests_User_Capabilities::test_taxonomy_capabilities_are_correct" tests="3" assertions="12" failures="0" errors="0" time="0.004965">
        <testcase name="test_taxonomy_capabilities_are_correct with data set #0" assertions="4" time="0.001644"/>
        <testcase name="test_taxonomy_capabilities_are_correct with data set #1" assertions="4" time="0.001586"/>
        <testcase name="test_taxonomy_capabilities_are_correct with data set #2" assertions="4" time="0.001735"/>
      </testsuite>
      <testsuite name="Tests_User_Capabilities::test_default_taxonomy_term_cannot_be_deleted" tests="3" assertions="6" failures="0" errors="0" time="0.016172">
        <testcase name="test_default_taxonomy_term_cannot_be_deleted with data set #0" assertions="2" time="0.005281"/>
        <testcase name="test_default_taxonomy_term_cannot_be_deleted with data set #1" assertions="2" time="0.005760"/>
        <testcase name="test_default_taxonomy_term_cannot_be_deleted with data set #2" assertions="2" time="0.005131"/>
      </testsuite>
      <testsuite name="Tests_User_Capabilities::test_taxonomy_caps_map_correctly_to_their_meta_cap" tests="3" assertions="45" failures="0" errors="0" time="0.021077">
        <testcase name="test_taxonomy_caps_map_correctly_to_their_meta_cap with data set #0" assertions="15" time="0.007295"/>
        <testcase name="test_taxonomy_caps_map_correctly_to_their_meta_cap with data set #1" assertions="15" time="0.006881"/>
        <testcase name="test_taxonomy_caps_map_correctly_to_their_meta_cap with data set #2" assertions="15" time="0.006901"/>
      </testsuite>
      <testcase name="test_taxonomy_capabilities_with_custom_caps_are_correct" class="Tests_User_Capabilities" file="/Users/msaari/wordpress-develop/tests/phpunit/tests/user/capabilities.php" line="1397" assertions="4" time="0.001665"/>
      <testcase name="test_taxonomy_meta_capabilities_with_non_existent_terms" class="Tests_User_Capabilities" file="/Users/msaari/wordpress-develop/tests/phpunit/tests/user/capabilities.php" line="1431" assertions="3" time="0.001766"/>
      <testcase name="test_negative_caps" class="Tests_User_Capabilities" file="/Users/msaari/wordpress-develop/tests/phpunit/tests/user/capabilities.php" line="1452" assertions="4" time="0.004784"/>
      <testcase name="test_set_role_same_role" class="Tests_User_Capabilities" file="/Users/msaari/wordpress-develop/tests/phpunit/tests/user/capabilities.php" line="1467" assertions="3" time="0.001525"/>
      <testcase name="test_current_user_can_for_blog" class="Tests_User_Capabilities" file="/Users/msaari/wordpress-develop/tests/phpunit/tests/user/capabilities.php" line="1476" assertions="3" time="0.002101"/>
      <testcase name="test_current_user_edit_caps" class="Tests_User_Capabilities" file="/Users/msaari/wordpress-develop/tests/phpunit/tests/user/capabilities.php" line="1533" assertions="4" time="0.007899"/>
      <testcase name="test_subscriber_cant_edit_posts" class="Tests_User_Capabilities" file="/Users/msaari/wordpress-develop/tests/phpunit/tests/user/capabilities.php" line="1550" assertions="2" time="0.010523"/>
      <testcase name="test_user_can_edit_self" class="Tests_User_Capabilities" file="/Users/msaari/wordpress-develop/tests/phpunit/tests/user/capabilities.php" line="1572" assertions="5" time="0.003644"/>
      <testcase name="test_only_admins_and_super_admins_can_remove_users" class="Tests_User_Capabilities" file="/Users/msaari/wordpress-develop/tests/phpunit/tests/user/capabilities.php" line="1579" assertions="5" time="0.002778"/>
      <testcase name="test_only_admins_can_delete_users_on_single_site" class="Tests_User_Capabilities" file="/Users/msaari/wordpress-develop/tests/phpunit/tests/user/capabilities.php" line="1608" assertions="5" time="0.002618"/>
      <testcase name="test_only_admins_and_super_admins_can_promote_users" class="Tests_User_Capabilities" file="/Users/msaari/wordpress-develop/tests/phpunit/tests/user/capabilities.php" line="1617" assertions="5" time="0.002580"/>
      <testcase name="test_contributor_cannot_edit_scheduled_post" class="Tests_User_Capabilities" file="/Users/msaari/wordpress-develop/tests/phpunit/tests/user/capabilities.php" line="1633" assertions="7" time="0.024202"/>
      <testcase name="test_require_edit_others_posts_if_post_type_doesnt_exist" class="Tests_User_Capabilities" file="/Users/msaari/wordpress-develop/tests/phpunit/tests/user/capabilities.php" line="1701" assertions="17" time="0.005784"/>
      <testcase name="test_cpt_with_page_capability_type" class="Tests_User_Capabilities" file="/Users/msaari/wordpress-develop/tests/phpunit/tests/user/capabilities.php" line="1723" assertions="13" time="0.008224"/>
      <testcase name="testNonLoggedInUsersHaveNoCapabilities" class="Tests_User_Capabilities" file="/Users/msaari/wordpress-develop/tests/phpunit/tests/user/capabilities.php" line="1773" assertions="99" time="0.001967"/>
      <testcase name="test_wp_roles_init_action" class="Tests_User_Capabilities" file="/Users/msaari/wordpress-develop/tests/phpunit/tests/user/capabilities.php" line="1795" assertions="2" time="0.002632"/>
      <testcase name="test_wp_roles_reinit_deprecated" class="Tests_User_Capabilities" file="/Users/msaari/wordpress-develop/tests/phpunit/tests/user/capabilities.php" line="1825" assertions="1" time="0.001769"/>
      <testcase name="test_no_one_can_edit_user_meta_for_non_existent_term" class="Tests_User_Capabilities" file="/Users/msaari/wordpress-develop/tests/phpunit/tests/user/capabilities.php" line="1833" assertions="1" time="0.002274"/>
      <testcase name="test_user_can_edit_user_meta" class="Tests_User_Capabilities" file="/Users/msaari/wordpress-develop/tests/phpunit/tests/user/capabilities.php" line="1841" assertions="1" time="0.001980"/>
      <testcase name="test_user_cannot_edit_user_meta" class="Tests_User_Capabilities" file="/Users/msaari/wordpress-develop/tests/phpunit/tests/user/capabilities.php" line="1852" assertions="1" time="0.002051"/>
      <testcase name="test_no_one_can_delete_user_meta_for_non_existent_term" class="Tests_User_Capabilities" file="/Users/msaari/wordpress-develop/tests/phpunit/tests/user/capabilities.php" line="1860" assertions="1" time="0.001990"/>
      <testcase name="test_user_can_delete_user_meta" class="Tests_User_Capabilities" file="/Users/msaari/wordpress-develop/tests/phpunit/tests/user/capabilities.php" line="1868" assertions="1" time="0.002106"/>
      <testcase name="test_user_cannot_delete_user_meta" class="Tests_User_Capabilities" file="/Users/msaari/wordpress-develop/tests/phpunit/tests/user/capabilities.php" line="1879" assertions="1" time="0.002092"/>
      <testcase name="test_no_one_can_add_user_meta_for_non_existent_term" class="Tests_User_Capabilities" file="/Users/msaari/wordpress-develop/tests/phpunit/tests/user/capabilities.php" line="1887" assertions="1" time="0.001871"/>
      <testcase name="test_user_can_add_user_meta" class="Tests_User_Capabilities" file="/Users/msaari/wordpress-develop/tests/phpunit/tests/user/capabilities.php" line="1895" assertions="1" time="0.001931"/>
      <testcase name="test_user_cannot_add_user_meta" class="Tests_User_Capabilities" file="/Users/msaari/wordpress-develop/tests/phpunit/tests/user/capabilities.php" line="1906" assertions="1" time="0.001916"/>
      <testcase name="test_get_caps_data" class="Tests_User_Capabilities" file="/Users/msaari/wordpress-develop/tests/phpunit/tests/user/capabilities.php" line="1986" assertions="1" time="0.002943"/>
      <testcase name="test_user_get_site_id_default" class="Tests_User_Capabilities" file="/Users/msaari/wordpress-develop/tests/phpunit/tests/user/capabilities.php" line="2004" assertions="1" time="0.002257"/>
      <testcase name="test_user_get_site_id" class="Tests_User_Capabilities" file="/Users/msaari/wordpress-develop/tests/phpunit/tests/user/capabilities.php" line="2012" assertions="1" time="0.001901"/>
      <testcase name="test_get_roles_data" class="Tests_User_Capabilities" file="/Users/msaari/wordpress-develop/tests/phpunit/tests/user/capabilities.php" line="2056" assertions="1" time="0.002355"/>
      <testcase name="test_roles_get_site_id_default" class="Tests_User_Capabilities" file="/Users/msaari/wordpress-develop/tests/phpunit/tests/user/capabilities.php" line="2079" assertions="1" time="0.001696"/>
      <testcase name="test_roles_get_site_id" class="Tests_User_Capabilities" file="/Users/msaari/wordpress-develop/tests/phpunit/tests/user/capabilities.php" line="2087" assertions="1" time="0.001506"/>
    </testsuite>
    <testsuite name="Tests_User_CountUserPosts" file="/Users/msaari/wordpress-develop/tests/phpunit/tests/user/countUserPosts.php" tests="5" assertions="5" failures="0" errors="0" time="0.009166">
      <testcase name="test_count_user_posts_post_type_should_default_to_post" class="Tests_User_CountUserPosts" file="/Users/msaari/wordpress-develop/tests/phpunit/tests/user/countUserPosts.php" line="66" assertions="1" time="0.001818"/>
      <testcase name="test_count_user_posts_post_type_post" class="Tests_User_CountUserPosts" file="/Users/msaari/wordpress-develop/tests/phpunit/tests/user/countUserPosts.php" line="73" assertions="1" time="0.001766"/>
      <testcase name="test_count_user_posts_post_type_cpt" class="Tests_User_CountUserPosts" file="/Users/msaari/wordpress-develop/tests/phpunit/tests/user/countUserPosts.php" line="80" assertions="1" time="0.001865"/>
      <testcase name="test_count_user_posts_with_multiple_post_types" class="Tests_User_CountUserPosts" file="/Users/msaari/wordpress-develop/tests/phpunit/tests/user/countUserPosts.php" line="87" assertions="1" time="0.001995"/>
      <testcase name="test_count_user_posts_should_ignore_non_existent_post_types" class="Tests_User_CountUserPosts" file="/Users/msaari/wordpress-develop/tests/phpunit/tests/user/countUserPosts.php" line="94" assertions="1" time="0.001722"/>
    </testsuite>
    <testsuite name="Tests_User_CountUsers" file="/Users/msaari/wordpress-develop/tests/phpunit/tests/user/countUsers.php" tests="6" assertions="12" failures="0" errors="0" time="0.275390">
      <testsuite name="Tests_User_CountUsers::test_count_users_is_accurate" tests="2" assertions="4" failures="0" errors="0" time="0.184364">
        <testcase name="test_count_users_is_accurate with data set #0" assertions="2" time="0.091146"/>
        <testcase name="test_count_users_is_accurate with data set #1" assertions="2" time="0.093218"/>
      </testsuite>
      <testsuite name="Tests_User_CountUsers::test_count_users_is_accurate_with_multiple_roles" tests="2" assertions="6" failures="0" errors="0" time="0.059741">
        <testcase name="test_count_users_is_accurate_with_multiple_roles with data set #0" assertions="3" time="0.030055"/>
        <testcase name="test_count_users_is_accurate_with_multiple_roles with data set #1" assertions="3" time="0.029686"/>
      </testsuite>
      <testsuite name="Tests_User_CountUsers::test_count_users_should_not_count_users_who_are_not_in_posts_table" tests="2" assertions="2" failures="0" errors="0" time="0.031285">
        <testcase name="test_count_users_should_not_count_users_who_are_not_in_posts_table with data set #0" assertions="1" time="0.015819"/>
        <testcase name="test_count_users_should_not_count_users_who_are_not_in_posts_table with data set #1" assertions="1" time="0.015466"/>
      </testsuite>
    </testsuite>
    <testsuite name="Tests_User_DateQuery" file="/Users/msaari/wordpress-develop/tests/phpunit/tests/user/dateQuery.php" tests="2" assertions="2" failures="0" errors="0" time="0.068849">
      <testcase name="test_user_registered" class="Tests_User_DateQuery" file="/Users/msaari/wordpress-develop/tests/phpunit/tests/user/dateQuery.php" line="11" assertions="1" time="0.027784"/>
      <testcase name="test_user_registered_relation_or" class="Tests_User_DateQuery" file="/Users/msaari/wordpress-develop/tests/phpunit/tests/user/dateQuery.php" line="39" assertions="1" time="0.041065"/>
    </testsuite>
    <testsuite name="Tests_User_ListAuthors" file="/Users/msaari/wordpress-develop/tests/phpunit/tests/user/listAuthors.php" tests="13" assertions="13" failures="0" errors="0" time="0.050670">
      <testcase name="test_wp_list_authors_default" class="Tests_User_ListAuthors" file="/Users/msaari/wordpress-develop/tests/phpunit/tests/user/listAuthors.php" line="77" assertions="1" time="0.004573"/>
      <testcase name="test_wp_list_authors_orderby" class="Tests_User_ListAuthors" file="/Users/msaari/wordpress-develop/tests/phpunit/tests/user/listAuthors.php" line="82" assertions="1" time="0.003836"/>
      <testcase name="test_wp_list_authors_order" class="Tests_User_ListAuthors" file="/Users/msaari/wordpress-develop/tests/phpunit/tests/user/listAuthors.php" line="95" assertions="1" time="0.003239"/>
      <testcase name="test_wp_list_authors_optioncount" class="Tests_User_ListAuthors" file="/Users/msaari/wordpress-develop/tests/phpunit/tests/user/listAuthors.php" line="109" assertions="1" time="0.002835"/>
      <testcase name="test_wp_list_authors_exclude_admin" class="Tests_User_ListAuthors" file="/Users/msaari/wordpress-develop/tests/phpunit/tests/user/listAuthors.php" line="122" assertions="1" time="0.011889"/>
      <testcase name="test_wp_list_authors_show_fullname" class="Tests_User_ListAuthors" file="/Users/msaari/wordpress-develop/tests/phpunit/tests/user/listAuthors.php" line="141" assertions="1" time="0.003590"/>
      <testcase name="test_wp_list_authors_hide_empty" class="Tests_User_ListAuthors" file="/Users/msaari/wordpress-develop/tests/phpunit/tests/user/listAuthors.php" line="154" assertions="1" time="0.003059"/>
      <testcase name="test_wp_list_authors_echo" class="Tests_User_ListAuthors" file="/Users/msaari/wordpress-develop/tests/phpunit/tests/user/listAuthors.php" line="168" assertions="1" time="0.002818"/>
      <testcase name="test_wp_list_authors_feed" class="Tests_User_ListAuthors" file="/Users/msaari/wordpress-develop/tests/phpunit/tests/user/listAuthors.php" line="174" assertions="1" time="0.003015"/>
      <testcase name="test_wp_list_authors_feed_image" class="Tests_User_ListAuthors" file="/Users/msaari/wordpress-develop/tests/phpunit/tests/user/listAuthors.php" line="190" assertions="1" time="0.003165"/>
      <testcase name="test_wp_list_authors_feed_type" class="Tests_User_ListAuthors" file="/Users/msaari/wordpress-develop/tests/phpunit/tests/user/listAuthors.php" line="209" assertions="1" time="0.003050"/>
      <testcase name="test_wp_list_authors_style" class="Tests_User_ListAuthors" file="/Users/msaari/wordpress-develop/tests/phpunit/tests/user/listAuthors.php" line="226" assertions="1" time="0.002824"/>
      <testcase name="test_wp_list_authors_html" class="Tests_User_ListAuthors" file="/Users/msaari/wordpress-develop/tests/phpunit/tests/user/listAuthors.php" line="239" assertions="1" time="0.002777"/>
    </testsuite>
    <testsuite name="Tests_User_MapMetaCap" file="/Users/msaari/wordpress-develop/tests/phpunit/tests/user/mapMetaCap.php" tests="12" assertions="52" failures="0" errors="0" time="0.050057">
      <testcase name="test_capability_type_post_with_invalid_id" class="Tests_User_MapMetaCap" file="/Users/msaari/wordpress-develop/tests/phpunit/tests/user/mapMetaCap.php" line="44" assertions="1" time="0.001759"/>
      <testcase name="test_capability_type_post_with_no_extra_caps" class="Tests_User_MapMetaCap" file="/Users/msaari/wordpress-develop/tests/phpunit/tests/user/mapMetaCap.php" line="51" assertions="7" time="0.001894"/>
      <testcase name="test_custom_capability_type_with_map_meta_cap" class="Tests_User_MapMetaCap" file="/Users/msaari/wordpress-develop/tests/phpunit/tests/user/mapMetaCap.php" line="91" assertions="6" time="0.001799"/>
      <testcase name="test_capability_type_post_with_one_renamed_cap" class="Tests_User_MapMetaCap" file="/Users/msaari/wordpress-develop/tests/phpunit/tests/user/mapMetaCap.php" line="130" assertions="7" time="0.001759"/>
      <testcase name="test_capability_type_post_map_meta_cap_true_with_renamed_cap" class="Tests_User_MapMetaCap" file="/Users/msaari/wordpress-develop/tests/phpunit/tests/user/mapMetaCap.php" line="171" assertions="7" time="0.001683"/>
      <testcase name="test_capability_type_post_with_all_meta_caps_renamed" class="Tests_User_MapMetaCap" file="/Users/msaari/wordpress-develop/tests/phpunit/tests/user/mapMetaCap.php" line="216" assertions="7" time="0.001646"/>
      <testcase name="test_capability_type_post_with_all_meta_caps_renamed_mapped" class="Tests_User_MapMetaCap" file="/Users/msaari/wordpress-develop/tests/phpunit/tests/user/mapMetaCap.php" line="261" assertions="7" time="0.001615"/>
      <testcase name="test_unfiltered_html_cap" class="Tests_User_MapMetaCap" file="/Users/msaari/wordpress-develop/tests/phpunit/tests/user/mapMetaCap.php" line="307" assertions="1" time="0.001450"/>
      <testcase name="test_file_edit_caps_not_reliant_on_unfiltered_html_constant" class="Tests_User_MapMetaCap" file="/Users/msaari/wordpress-develop/tests/phpunit/tests/user/mapMetaCap.php" line="323" assertions="5" time="0.001504"/>
      <testcase name="test_authorless_posts_capabilties" class="Tests_User_MapMetaCap" file="/Users/msaari/wordpress-develop/tests/phpunit/tests/user/mapMetaCap.php" line="341" assertions="2" time="0.024717"/>
      <testcase name="test_only_users_who_can_manage_options_can_delete_page_on_front" class="Tests_User_MapMetaCap" file="/Users/msaari/wordpress-develop/tests/phpunit/tests/user/mapMetaCap.php" line="361" assertions="1" time="0.005017"/>
      <testcase name="test_only_users_who_can_manage_options_can_delete_page_for_posts" class="Tests_User_MapMetaCap" file="/Users/msaari/wordpress-develop/tests/phpunit/tests/user/mapMetaCap.php" line="381" assertions="1" time="0.005214"/>
    </testsuite>
    <testsuite name="Tests_User_Query" file="/Users/msaari/wordpress-develop/tests/phpunit/tests/user/query.php" tests="64" assertions="170" failures="0" errors="0" time="0.371139">
      <testcase name="test_get_and_set" class="Tests_User_Query" file="/Users/msaari/wordpress-develop/tests/phpunit/tests/user/query.php" line="52" assertions="7" time="0.001546"/>
      <testcase name="test_include_single" class="Tests_User_Query" file="/Users/msaari/wordpress-develop/tests/phpunit/tests/user/query.php" line="70" assertions="1" time="0.001962"/>
      <testcase name="test_include_comma_separated" class="Tests_User_Query" file="/Users/msaari/wordpress-develop/tests/phpunit/tests/user/query.php" line="82" assertions="1" time="0.001879"/>
      <testcase name="test_include_array" class="Tests_User_Query" file="/Users/msaari/wordpress-develop/tests/phpunit/tests/user/query.php" line="94" assertions="1" time="0.001668"/>
      <testcase name="test_include_array_bad_values" class="Tests_User_Query" file="/Users/msaari/wordpress-develop/tests/phpunit/tests/user/query.php" line="106" assertions="1" time="0.001972"/>
      <testcase name="test_exclude" class="Tests_User_Query" file="/Users/msaari/wordpress-develop/tests/phpunit/tests/user/query.php" line="118" assertions="2" time="0.001876"/>
      <testcase name="test_get_all" class="Tests_User_Query" file="/Users/msaari/wordpress-develop/tests/phpunit/tests/user/query.php" line="133" assertions="28" time="0.006041"/>
      <testcase name="test_get_total_is_int" class="Tests_User_Query" file="/Users/msaari/wordpress-develop/tests/phpunit/tests/user/query.php" line="159" assertions="1" time="0.003295"/>
      <testsuite name="Tests_User_Query::test_orderby_should_convert_non_prefixed_keys" tests="5" assertions="5" failures="0" errors="0" time="0.017053">
        <testcase name="test_orderby_should_convert_non_prefixed_keys with data set #0" assertions="1" time="0.003551"/>
        <testcase name="test_orderby_should_convert_non_prefixed_keys with data set #1" assertions="1" time="0.003568"/>
        <testcase name="test_orderby_should_convert_non_prefixed_keys with data set #2" assertions="1" time="0.003309"/>
        <testcase name="test_orderby_should_convert_non_prefixed_keys with data set #3" assertions="1" time="0.003198"/>
        <testcase name="test_orderby_should_convert_non_prefixed_keys with data set #4" assertions="1" time="0.003427"/>
      </testsuite>
      <testcase name="test_orderby_meta_value" class="Tests_User_Query" file="/Users/msaari/wordpress-develop/tests/phpunit/tests/user/query.php" line="189" assertions="1" time="0.005750"/>
      <testcase name="test_orderby_meta_value_num" class="Tests_User_Query" file="/Users/msaari/wordpress-develop/tests/phpunit/tests/user/query.php" line="211" assertions="1" time="0.005082"/>
      <testcase name="test_orderby_somekey_where_meta_key_is_somekey" class="Tests_User_Query" file="/Users/msaari/wordpress-develop/tests/phpunit/tests/user/query.php" line="233" assertions="1" time="0.004783"/>
      <testcase name="test_orderby_clause_key" class="Tests_User_Query" file="/Users/msaari/wordpress-develop/tests/phpunit/tests/user/query.php" line="255" assertions="1" time="0.004561"/>
      <testcase name="test_orderby_clause_key_as_secondary_sort" class="Tests_User_Query" file="/Users/msaari/wordpress-develop/tests/phpunit/tests/user/query.php" line="280" assertions="1" time="0.043140"/>
      <testcase name="test_orderby_more_than_one_clause_key" class="Tests_User_Query" file="/Users/msaari/wordpress-develop/tests/phpunit/tests/user/query.php" line="323" assertions="1" time="0.008108"/>
      <testcase name="test_orderby_include_with_empty_include" class="Tests_User_Query" file="/Users/msaari/wordpress-develop/tests/phpunit/tests/user/query.php" line="357" assertions="1" time="0.005605"/>
      <testcase name="test_orderby_include" class="Tests_User_Query" file="/Users/msaari/wordpress-develop/tests/phpunit/tests/user/query.php" line="370" assertions="2" time="0.001874"/>
      <testcase name="test_orderby_include_duplicate_values" class="Tests_User_Query" file="/Users/msaari/wordpress-develop/tests/phpunit/tests/user/query.php" line="391" assertions="2" time="0.002120"/>
      <testcase name="test_orderby_space_separated" class="Tests_User_Query" file="/Users/msaari/wordpress-develop/tests/phpunit/tests/user/query.php" line="412" assertions="1" time="0.003611"/>
      <testcase name="test_orderby_flat_array" class="Tests_User_Query" file="/Users/msaari/wordpress-develop/tests/phpunit/tests/user/query.php" line="426" assertions="1" time="0.003335"/>
      <testcase name="test_orderby_array_contains_invalid_item" class="Tests_User_Query" file="/Users/msaari/wordpress-develop/tests/phpunit/tests/user/query.php" line="439" assertions="1" time="0.003148"/>
      <testcase name="test_orderby_array_contains_all_invalid_items" class="Tests_User_Query" file="/Users/msaari/wordpress-develop/tests/phpunit/tests/user/query.php" line="452" assertions="1" time="0.003048"/>
      <testcase name="test_orderby_array" class="Tests_User_Query" file="/Users/msaari/wordpress-develop/tests/phpunit/tests/user/query.php" line="465" assertions="1" time="0.003624"/>
      <testcase name="test_orderby_array_should_discard_invalid_columns" class="Tests_User_Query" file="/Users/msaari/wordpress-develop/tests/phpunit/tests/user/query.php" line="482" assertions="1" time="0.003525"/>
      <testcase name="test_number" class="Tests_User_Query" file="/Users/msaari/wordpress-develop/tests/phpunit/tests/user/query.php" line="499" assertions="4" time="0.004471"/>
      <testcase name="test_prepare_query" class="Tests_User_Query" file="/Users/msaari/wordpress-develop/tests/phpunit/tests/user/query.php" line="536" assertions="20" time="0.001644"/>
      <testcase name="test_meta_vars_should_be_converted_to_meta_query" class="Tests_User_Query" file="/Users/msaari/wordpress-develop/tests/phpunit/tests/user/query.php" line="574" assertions="4" time="0.001872"/>
      <testcase name="test_meta_query_with_role" class="Tests_User_Query" file="/Users/msaari/wordpress-develop/tests/phpunit/tests/user/query.php" line="601" assertions="1" time="0.003477"/>
      <testcase name="test_roles_and_caps_should_be_populated_for_default_value_of_blog_id" class="Tests_User_Query" file="/Users/msaari/wordpress-develop/tests/phpunit/tests/user/query.php" line="627" assertions="3" time="0.002395"/>
      <testcase name="test_roles_and_caps_should_be_populated_for_explicit_value_of_blog_id_on_nonms" class="Tests_User_Query" file="/Users/msaari/wordpress-develop/tests/phpunit/tests/user/query.php" line="645" assertions="3" time="0.001804"/>
      <testcase name="test_has_published_posts_with_value_true_should_show_authors_of_posts_in_public_post_types" class="Tests_User_Query" file="/Users/msaari/wordpress-develop/tests/phpunit/tests/user/query.php" line="820" assertions="1" time="0.007205"/>
      <testcase name="test_has_published_posts_should_obey_post_types" class="Tests_User_Query" file="/Users/msaari/wordpress-develop/tests/phpunit/tests/user/query.php" line="854" assertions="1" time="0.016790"/>
      <testcase name="test_has_published_posts_should_ignore_non_published_posts" class="Tests_User_Query" file="/Users/msaari/wordpress-develop/tests/phpunit/tests/user/query.php" line="895" assertions="1" time="0.016568"/>
      <testcase name="test_top_level_or_meta_query_should_eliminate_duplicate_matches" class="Tests_User_Query" file="/Users/msaari/wordpress-develop/tests/phpunit/tests/user/query.php" line="981" assertions="1" time="0.004695"/>
      <testcase name="test_nested_or_meta_query_should_eliminate_duplicate_matches" class="Tests_User_Query" file="/Users/msaari/wordpress-develop/tests/phpunit/tests/user/query.php" line="1011" assertions="1" time="0.005769"/>
      <testcase name="test_nicename_returns_user_with_nicename" class="Tests_User_Query" file="/Users/msaari/wordpress-develop/tests/phpunit/tests/user/query.php" line="1049" assertions="2" time="0.004471"/>
      <testcase name="test_nicename__in_returns_users_with_included_nicenames" class="Tests_User_Query" file="/Users/msaari/wordpress-develop/tests/phpunit/tests/user/query.php" line="1073" assertions="2" time="0.008281"/>
      <testcase name="test_nicename__not_in_returns_users_without_included_nicenames" class="Tests_User_Query" file="/Users/msaari/wordpress-develop/tests/phpunit/tests/user/query.php" line="1111" assertions="2" time="0.011650"/>
      <testcase name="test_orderby_nicename__in" class="Tests_User_Query" file="/Users/msaari/wordpress-develop/tests/phpunit/tests/user/query.php" line="1149" assertions="2" time="0.008706"/>
      <testcase name="test_login_returns_user_with_login" class="Tests_User_Query" file="/Users/msaari/wordpress-develop/tests/phpunit/tests/user/query.php" line="1188" assertions="2" time="0.002484"/>
      <testcase name="test_login__in_returns_users_with_included_logins" class="Tests_User_Query" file="/Users/msaari/wordpress-develop/tests/phpunit/tests/user/query.php" line="1208" assertions="2" time="0.003141"/>
      <testcase name="test_login__not_in_returns_users_without_included_logins" class="Tests_User_Query" file="/Users/msaari/wordpress-develop/tests/phpunit/tests/user/query.php" line="1229" assertions="2" time="0.005322"/>
      <testcase name="test_orderby_login__in" class="Tests_User_Query" file="/Users/msaari/wordpress-develop/tests/phpunit/tests/user/query.php" line="1250" assertions="2" time="0.002828"/>
      <testcase name="test_paged" class="Tests_User_Query" file="/Users/msaari/wordpress-develop/tests/phpunit/tests/user/query.php" line="1272" assertions="1" time="0.001832"/>
      <testcase name="test_query_vars_should_be_filled_in_after_pre_get_users" class="Tests_User_Query" file="/Users/msaari/wordpress-develop/tests/phpunit/tests/user/query.php" line="1289" assertions="18" time="0.003661"/>
      <testcase name="test_get_single_role_by_user_query" class="Tests_User_Query" file="/Users/msaari/wordpress-develop/tests/phpunit/tests/user/query.php" line="1311" assertions="1" time="0.002348"/>
      <testcase name="test_get_multiple_roles_by_user_query" class="Tests_User_Query" file="/Users/msaari/wordpress-develop/tests/phpunit/tests/user/query.php" line="1321" assertions="1" time="0.002693"/>
      <testcase name="test_get_single_role_by_string" class="Tests_User_Query" file="/Users/msaari/wordpress-develop/tests/phpunit/tests/user/query.php" line="1330" assertions="1" time="0.002214"/>
      <testcase name="test_get_single_role_by_string_which_is_similar" class="Tests_User_Query" file="/Users/msaari/wordpress-develop/tests/phpunit/tests/user/query.php" line="1343" assertions="1" time="0.016595"/>
      <testcase name="test_get_single_role_by_array" class="Tests_User_Query" file="/Users/msaari/wordpress-develop/tests/phpunit/tests/user/query.php" line="1366" assertions="1" time="0.002705"/>
      <testcase name="test_get_multiple_roles_should_only_match_users_who_have_each_role" class="Tests_User_Query" file="/Users/msaari/wordpress-develop/tests/phpunit/tests/user/query.php" line="1379" assertions="4" time="0.007623"/>
      <testcase name="test_get_multiple_roles_or" class="Tests_User_Query" file="/Users/msaari/wordpress-develop/tests/phpunit/tests/user/query.php" line="1403" assertions="9" time="0.004862"/>
      <testcase name="test_get_multiple_roles_by_comma_separated_list" class="Tests_User_Query" file="/Users/msaari/wordpress-develop/tests/phpunit/tests/user/query.php" line="1417" assertions="2" time="0.007203"/>
      <testcase name="test_get_multiple_roles_with_meta" class="Tests_User_Query" file="/Users/msaari/wordpress-develop/tests/phpunit/tests/user/query.php" line="1443" assertions="2" time="0.009729"/>
      <testcase name="test_role_exclusion" class="Tests_User_Query" file="/Users/msaari/wordpress-develop/tests/phpunit/tests/user/query.php" line="1490" assertions="2" time="0.006285"/>
      <testcase name="test_role__in_role__not_in_combined" class="Tests_User_Query" file="/Users/msaari/wordpress-develop/tests/phpunit/tests/user/query.php" line="1513" assertions="2" time="0.007857"/>
      <testcase name="test_role__not_in_role_combined" class="Tests_User_Query" file="/Users/msaari/wordpress-develop/tests/phpunit/tests/user/query.php" line="1540" assertions="1" time="0.004594"/>
      <testcase name="test_role__not_in_user_without_role" class="Tests_User_Query" file="/Users/msaari/wordpress-develop/tests/phpunit/tests/user/query.php" line="1557" assertions="2" time="0.008305"/>
      <testcase name="test_search_by_display_name_only" class="Tests_User_Query" file="/Users/msaari/wordpress-develop/tests/phpunit/tests/user/query.php" line="1641" assertions="1" time="0.015521"/>
      <testcase name="test_search_by_display_name_only_ignore_others" class="Tests_User_Query" file="/Users/msaari/wordpress-develop/tests/phpunit/tests/user/query.php" line="1669" assertions="1" time="0.014934"/>
    </testsuite>
    <testsuite name="Tests_User_Session" file="/Users/msaari/wordpress-develop/tests/phpunit/tests/user/session.php" tests="3" assertions="19" failures="0" errors="0" time="0.054158">
      <testcase name="test_verify_and_destroy_token" class="Tests_User_Session" file="/Users/msaari/wordpress-develop/tests/phpunit/tests/user/session.php" line="19" assertions="5" time="0.017151"/>
      <testcase name="test_destroy_other_tokens" class="Tests_User_Session" file="/Users/msaari/wordpress-develop/tests/phpunit/tests/user/session.php" line="28" assertions="8" time="0.019240"/>
      <testcase name="test_destroy_all_tokens" class="Tests_User_Session" file="/Users/msaari/wordpress-develop/tests/phpunit/tests/user/session.php" line="42" assertions="6" time="0.017767"/>
    </testsuite>
    <testsuite name="Tests_User_Slashes" file="/Users/msaari/wordpress-develop/tests/phpunit/tests/user/slashes.php" tests="4" assertions="40" failures="0" errors="0" time="0.161741">
      <testcase name="test_add_user" class="Tests_User_Slashes" file="/Users/msaari/wordpress-develop/tests/phpunit/tests/user/slashes.php" line="29" assertions="10" time="0.042217"/>
      <testcase name="test_edit_user" class="Tests_User_Slashes" file="/Users/msaari/wordpress-develop/tests/phpunit/tests/user/slashes.php" line="78" assertions="10" time="0.039831"/>
      <testcase name="test_wp_insert_user" class="Tests_User_Slashes" file="/Users/msaari/wordpress-develop/tests/phpunit/tests/user/slashes.php" line="123" assertions="10" time="0.041950"/>
      <testcase name="test_wp_update_user" class="Tests_User_Slashes" file="/Users/msaari/wordpress-develop/tests/phpunit/tests/user/slashes.php" line="170" assertions="10" time="0.037743"/>
    </testsuite>
    <testsuite name="Tests_User_UpdateUserCaches" file="/Users/msaari/wordpress-develop/tests/phpunit/tests/user/updateUserCaches.php" tests="5" assertions="6" failures="0" errors="0" time="0.034643">
      <testcase name="test_should_store_entire_database_row_in_users_bucket" class="Tests_User_UpdateUserCaches" file="/Users/msaari/wordpress-develop/tests/phpunit/tests/user/updateUserCaches.php" line="7" assertions="1" time="0.014726"/>
      <testcase name="test_should_store_user_id_in_userlogins_bucket" class="Tests_User_UpdateUserCaches" file="/Users/msaari/wordpress-develop/tests/phpunit/tests/user/updateUserCaches.php" line="18" assertions="1" time="0.001710"/>
      <testcase name="test_should_store_user_id_in_useremail_bucket" class="Tests_User_UpdateUserCaches" file="/Users/msaari/wordpress-develop/tests/phpunit/tests/user/updateUserCaches.php" line="30" assertions="1" time="0.001619"/>
      <testcase name="test_should_store_user_id_in_userslugs_bucket" class="Tests_User_UpdateUserCaches" file="/Users/msaari/wordpress-develop/tests/phpunit/tests/user/updateUserCaches.php" line="42" assertions="1" time="0.001502"/>
      <testcase name="test_should_store_raw_data_in_users_bucket_when_passed_a_wp_user_object" class="Tests_User_UpdateUserCaches" file="/Users/msaari/wordpress-develop/tests/phpunit/tests/user/updateUserCaches.php" line="57" assertions="2" time="0.015086"/>
    </testsuite>
    <testsuite name="Tests_User_WpAuthenticateSpamCheck" file="/Users/msaari/wordpress-develop/tests/phpunit/tests/user/wpAuthenticateSpamCheck.php" tests="1" assertions="1" failures="0" errors="0" time="0.020681">
      <testcase name="test_wp_authenticate_spam_check_returns_user_when_single_site" class="Tests_User_WpAuthenticateSpamCheck" file="/Users/msaari/wordpress-develop/tests/phpunit/tests/user/wpAuthenticateSpamCheck.php" line="11" assertions="1" time="0.020681"/>
    </testsuite>
    <testsuite name="Tests_User_WpDeleteUser" file="/Users/msaari/wordpress-develop/tests/phpunit/tests/user/wpDeleteUser.php" tests="7" assertions="30" failures="0" errors="0" time="0.185165">
      <testcase name="test_get_blogs_of_user" class="Tests_User_WpDeleteUser" file="/Users/msaari/wordpress-develop/tests/phpunit/tests/user/wpDeleteUser.php" line="13" assertions="4" time="0.021486"/>
      <testcase name="test_is_user_member_of_blog" class="Tests_User_WpDeleteUser" file="/Users/msaari/wordpress-develop/tests/phpunit/tests/user/wpDeleteUser.php" line="34" assertions="7" time="0.021605"/>
      <testcase name="test_delete_user" class="Tests_User_WpDeleteUser" file="/Users/msaari/wordpress-develop/tests/phpunit/tests/user/wpDeleteUser.php" line="56" assertions="13" time="0.060355"/>
      <testcase name="test_wp_delete_user_reassignment_clears_post_caches" class="Tests_User_WpDeleteUser" file="/Users/msaari/wordpress-develop/tests/phpunit/tests/user/wpDeleteUser.php" line="114" assertions="1" time="0.044086"/>
      <testcase name="test_numeric_string_user_id" class="Tests_User_WpDeleteUser" file="/Users/msaari/wordpress-develop/tests/phpunit/tests/user/wpDeleteUser.php" line="130" assertions="2" time="0.021050"/>
      <testcase name="test_should_return_false_for_non_numeric_string_user_id" class="Tests_User_WpDeleteUser" file="/Users/msaari/wordpress-develop/tests/phpunit/tests/user/wpDeleteUser.php" line="141" assertions="1" time="0.001562"/>
      <testcase name="test_should_return_false_for_object_user_id" class="Tests_User_WpDeleteUser" file="/Users/msaari/wordpress-develop/tests/phpunit/tests/user/wpDeleteUser.php" line="149" assertions="2" time="0.015021"/>
    </testsuite>
    <testsuite name="Tests_User_WpDropdownUsers" file="/Users/msaari/wordpress-develop/tests/phpunit/tests/user/wpDropdownUsers.php" tests="8" assertions="11" failures="0" errors="0" time="0.176739">
      <testcase name="test_default_value_of_show_should_be_display_name" class="Tests_User_WpDropdownUsers" file="/Users/msaari/wordpress-develop/tests/phpunit/tests/user/wpDropdownUsers.php" line="13" assertions="1" time="0.014860"/>
      <testcase name="test_show_should_display_display_name_show_is_specified_as_empty" class="Tests_User_WpDropdownUsers" file="/Users/msaari/wordpress-develop/tests/phpunit/tests/user/wpDropdownUsers.php" line="37" assertions="1" time="0.015356"/>
      <testcase name="test_show_should_display_user_property_when_the_value_of_show_is_a_valid_user_property" class="Tests_User_WpDropdownUsers" file="/Users/msaari/wordpress-develop/tests/phpunit/tests/user/wpDropdownUsers.php" line="63" assertions="1" time="0.015127"/>
      <testcase name="test_show_display_name_with_login" class="Tests_User_WpDropdownUsers" file="/Users/msaari/wordpress-develop/tests/phpunit/tests/user/wpDropdownUsers.php" line="89" assertions="1" time="0.015428"/>
      <testcase name="test_include_selected" class="Tests_User_WpDropdownUsers" file="/Users/msaari/wordpress-develop/tests/phpunit/tests/user/wpDropdownUsers.php" line="115" assertions="1" time="0.028224"/>
      <testcase name="test_role" class="Tests_User_WpDropdownUsers" file="/Users/msaari/wordpress-develop/tests/phpunit/tests/user/wpDropdownUsers.php" line="135" assertions="2" time="0.028405"/>
      <testcase name="test_role__in" class="Tests_User_WpDropdownUsers" file="/Users/msaari/wordpress-develop/tests/phpunit/tests/user/wpDropdownUsers.php" line="154" assertions="2" time="0.031084"/>
      <testcase name="test_role__not_in" class="Tests_User_WpDropdownUsers" file="/Users/msaari/wordpress-develop/tests/phpunit/tests/user/wpDropdownUsers.php" line="173" assertions="2" time="0.028255"/>
    </testsuite>
    <testsuite name="Tests_User_GetUsersWithNoRole" file="/Users/msaari/wordpress-develop/tests/phpunit/tests/user/wpGetUsersWithNoRole.php" tests="2" assertions="2" failures="0" errors="0" time="0.069419">
      <testcase name="test_get_users_with_no_role_is_accurate" class="Tests_User_GetUsersWithNoRole" file="/Users/msaari/wordpress-develop/tests/phpunit/tests/user/wpGetUsersWithNoRole.php" line="12" assertions="1" time="0.052885"/>
      <testcase name="test_get_users_with_no_role_matches_on_role_name" class="Tests_User_GetUsersWithNoRole" file="/Users/msaari/wordpress-develop/tests/phpunit/tests/user/wpGetUsersWithNoRole.php" line="113" assertions="1" time="0.016534"/>
    </testsuite>
    <testsuite name="Tests_User_WpSendUserRequest" file="/Users/msaari/wordpress-develop/tests/phpunit/tests/user/wpSendUserRequest.php" tests="14" assertions="34" failures="0" errors="0" time="0.152048">
      <testcase name="test_should_error_when_invalid_request_id" class="Tests_User_WpSendUserRequest" file="/Users/msaari/wordpress-develop/tests/phpunit/tests/user/wpSendUserRequest.php" line="96" assertions="2" time="0.001648"/>
      <testcase name="test_should_send_user_request_export_email_when_requester_registered_user" class="Tests_User_WpSendUserRequest" file="/Users/msaari/wordpress-develop/tests/phpunit/tests/user/wpSendUserRequest.php" line="108" assertions="5" time="0.009580"/>
      <testcase name="test_should_send_user_request_erase_email_when_requester_registered_user" class="Tests_User_WpSendUserRequest" file="/Users/msaari/wordpress-develop/tests/phpunit/tests/user/wpSendUserRequest.php" line="126" assertions="5" time="0.009465"/>
      <testcase name="test_should_send_user_request_export_email_when_user_not_registered" class="Tests_User_WpSendUserRequest" file="/Users/msaari/wordpress-develop/tests/phpunit/tests/user/wpSendUserRequest.php" line="144" assertions="5" time="0.009448"/>
      <testcase name="test_should_send_user_request_erase_email_when_user_not_registered" class="Tests_User_WpSendUserRequest" file="/Users/msaari/wordpress-develop/tests/phpunit/tests/user/wpSendUserRequest.php" line="162" assertions="5" time="0.009216"/>
      <testcase name="test_email_subject_should_be_filterable" class="Tests_User_WpSendUserRequest" file="/Users/msaari/wordpress-develop/tests/phpunit/tests/user/wpSendUserRequest.php" line="180" assertions="2" time="0.009369"/>
      <testcase name="test_email_content_should_be_filterable" class="Tests_User_WpSendUserRequest" file="/Users/msaari/wordpress-develop/tests/phpunit/tests/user/wpSendUserRequest.php" line="208" assertions="2" time="0.010037"/>
      <testcase name="test_return_wp_error_when_sending_fails" class="Tests_User_WpSendUserRequest" file="/Users/msaari/wordpress-develop/tests/phpunit/tests/user/wpSendUserRequest.php" line="236" assertions="2" time="0.009716"/>
      <testcase name="test_should_send_user_request_email_in_user_locale" class="Tests_User_WpSendUserRequest" file="/Users/msaari/wordpress-develop/tests/phpunit/tests/user/wpSendUserRequest.php" line="252" assertions="1" time="0.012855"/>
      <testcase name="test_should_send_user_request_email_in_user_locale_when_site_is_not_en_us" class="Tests_User_WpSendUserRequest" file="/Users/msaari/wordpress-develop/tests/phpunit/tests/user/wpSendUserRequest.php" line="271" assertions="1" time="0.015095"/>
      <testcase name="test_should_send_user_request_email_in_user_locale_when_admin_and_site_have_different_locales" class="Tests_User_WpSendUserRequest" file="/Users/msaari/wordpress-develop/tests/phpunit/tests/user/wpSendUserRequest.php" line="293" assertions="1" time="0.013626"/>
      <testcase name="test_should_send_user_request_email_in_user_locale_when_both_have_different_locales_than_site" class="Tests_User_WpSendUserRequest" file="/Users/msaari/wordpress-develop/tests/phpunit/tests/user/wpSendUserRequest.php" line="315" assertions="1" time="0.015368"/>
      <testcase name="test_should_send_user_request_email_in_site_locale" class="Tests_User_WpSendUserRequest" file="/Users/msaari/wordpress-develop/tests/phpunit/tests/user/wpSendUserRequest.php" line="339" assertions="1" time="0.012921"/>
      <testcase name="test_should_send_user_request_email_in_site_locale_when_not_en_us_and_admin_has_different_locale" class="Tests_User_WpSendUserRequest" file="/Users/msaari/wordpress-develop/tests/phpunit/tests/user/wpSendUserRequest.php" line="358" assertions="1" time="0.013704"/>
    </testsuite>
    <testsuite name="Tests_User_WpSetCurrentUser" file="/Users/msaari/wordpress-develop/tests/phpunit/tests/user/wpSetCurrentUser.php" tests="4" assertions="14" failures="0" errors="0" time="0.008244">
      <testcase name="test_set_by_id" class="Tests_User_WpSetCurrentUser" file="/Users/msaari/wordpress-develop/tests/phpunit/tests/user/wpSetCurrentUser.php" line="16" assertions="3" time="0.002154"/>
      <testcase name="test_name_should_be_ignored_if_id_is_not_null" class="Tests_User_WpSetCurrentUser" file="/Users/msaari/wordpress-develop/tests/phpunit/tests/user/wpSetCurrentUser.php" line="24" assertions="3" time="0.002005"/>
      <testcase name="test_should_set_by_name_if_id_is_null_and_current_user_is_nonempty" class="Tests_User_WpSetCurrentUser" file="/Users/msaari/wordpress-develop/tests/phpunit/tests/user/wpSetCurrentUser.php" line="32" assertions="4" time="0.002289"/>
      <testcase name="test_should_set_by_name_if_id_is_null" class="Tests_User_WpSetCurrentUser" file="/Users/msaari/wordpress-develop/tests/phpunit/tests/user/wpSetCurrentUser.php" line="48" assertions="4" time="0.001796"/>
    </testsuite>
    <testsuite name="Tests_Walker" file="/Users/msaari/wordpress-develop/tests/phpunit/tests/walker.php" tests="13" assertions="26" failures="0" errors="0" time="0.018810">
      <testcase name="test_single_item" class="Tests_Walker" file="/Users/msaari/wordpress-develop/tests/phpunit/tests/walker.php" line="19" assertions="2" time="0.001331"/>
      <testcase name="test_single_item_flat" class="Tests_Walker" file="/Users/msaari/wordpress-develop/tests/phpunit/tests/walker.php" line="34" assertions="2" time="0.001419"/>
      <testcase name="test_single_item_depth_1" class="Tests_Walker" file="/Users/msaari/wordpress-develop/tests/phpunit/tests/walker.php" line="49" assertions="2" time="0.001364"/>
      <testcase name="test_multiple_items_single_level" class="Tests_Walker" file="/Users/msaari/wordpress-develop/tests/phpunit/tests/walker.php" line="64" assertions="2" time="0.001373"/>
      <testcase name="test_multiple_items_multiple_levels" class="Tests_Walker" file="/Users/msaari/wordpress-develop/tests/phpunit/tests/walker.php" line="84" assertions="2" time="0.001548"/>
      <testcase name="test_multiple_items_multiple_levels_flat" class="Tests_Walker" file="/Users/msaari/wordpress-develop/tests/phpunit/tests/walker.php" line="104" assertions="2" time="0.001635"/>
      <testcase name="test_multiple_items_multiple_levels_depth_1" class="Tests_Walker" file="/Users/msaari/wordpress-develop/tests/phpunit/tests/walker.php" line="124" assertions="2" time="0.001487"/>
      <testcase name="test_multiple_items_multiple_levels_depth_2" class="Tests_Walker" file="/Users/msaari/wordpress-develop/tests/phpunit/tests/walker.php" line="144" assertions="2" time="0.001396"/>
      <testcase name="test_multiple_items_recursive" class="Tests_Walker" file="/Users/msaari/wordpress-develop/tests/phpunit/tests/walker.php" line="168" assertions="2" time="0.001421"/>
      <testcase name="test_single_item_child" class="Tests_Walker" file="/Users/msaari/wordpress-develop/tests/phpunit/tests/walker.php" line="188" assertions="2" time="0.001624"/>
      <testcase name="test_single_item_missing_parent_depth_1" class="Tests_Walker" file="/Users/msaari/wordpress-develop/tests/phpunit/tests/walker.php" line="204" assertions="2" time="0.001452"/>
      <testcase name="test_multiple_items_missing_parents" class="Tests_Walker" file="/Users/msaari/wordpress-develop/tests/phpunit/tests/walker.php" line="227" assertions="2" time="0.001394"/>
      <testcase name="test_multiple_items_missing_parents_depth_1" class="Tests_Walker" file="/Users/msaari/wordpress-develop/tests/phpunit/tests/walker.php" line="251" assertions="2" time="0.001366"/>
    </testsuite>
    <testsuite name="Tests_Widgets" file="/Users/msaari/wordpress-develop/tests/phpunit/tests/widgets.php" tests="47" assertions="214" failures="0" errors="0" time="0.106050">
      <testcase name="test_register_and_unregister_widget_core_widget" class="Tests_Widgets" file="/Users/msaari/wordpress-develop/tests/phpunit/tests/widgets.php" line="35" assertions="2" time="0.001324"/>
      <testcase name="test_register_and_unregister_widget_instance" class="Tests_Widgets" file="/Users/msaari/wordpress-develop/tests/phpunit/tests/widgets.php" line="53" assertions="21" time="0.002865"/>
      <testcase name="test_register_sidebars_single" class="Tests_Widgets" file="/Users/msaari/wordpress-develop/tests/phpunit/tests/widgets.php" line="129" assertions="1" time="0.001656"/>
      <testcase name="test_register_sidebars_multiple" class="Tests_Widgets" file="/Users/msaari/wordpress-develop/tests/phpunit/tests/widgets.php" line="142" assertions="1" time="0.001694"/>
      <testcase name="test_register_sidebar_with_no_id" class="Tests_Widgets" file="/Users/msaari/wordpress-develop/tests/phpunit/tests/widgets.php" line="165" assertions="2" time="0.001637"/>
      <testcase name="test_unregister_sidebar_registered_with_no_id" class="Tests_Widgets" file="/Users/msaari/wordpress-develop/tests/phpunit/tests/widgets.php" line="182" assertions="2" time="0.001445"/>
      <testcase name="test_register_sidebar_with_string_id" class="Tests_Widgets" file="/Users/msaari/wordpress-develop/tests/phpunit/tests/widgets.php" line="201" assertions="1" time="0.001439"/>
      <testcase name="test_unregister_sidebar_with_string_id" class="Tests_Widgets" file="/Users/msaari/wordpress-develop/tests/phpunit/tests/widgets.php" line="214" assertions="1" time="0.001404"/>
      <testcase name="test_register_sidebar_with_numeric_id" class="Tests_Widgets" file="/Users/msaari/wordpress-develop/tests/phpunit/tests/widgets.php" line="227" assertions="1" time="0.001390"/>
      <testcase name="test_unregister_sidebar_with_numeric_id" class="Tests_Widgets" file="/Users/msaari/wordpress-develop/tests/phpunit/tests/widgets.php" line="239" assertions="1" time="0.001401"/>
      <testcase name="test_dynamic_sidebar_using_sidebar_registered_with_no_id" class="Tests_Widgets" file="/Users/msaari/wordpress-develop/tests/phpunit/tests/widgets.php" line="260" assertions="2" time="0.001405"/>
      <testcase name="test_dynamic_sidebar_using_invalid_sidebar_id" class="Tests_Widgets" file="/Users/msaari/wordpress-develop/tests/phpunit/tests/widgets.php" line="279" assertions="1" time="0.001650"/>
      <testcase name="test_dynamic_sidebar_numeric_id" class="Tests_Widgets" file="/Users/msaari/wordpress-develop/tests/phpunit/tests/widgets.php" line="297" assertions="1" time="0.001566"/>
      <testcase name="test_dynamic_sidebar_string_id" class="Tests_Widgets" file="/Users/msaari/wordpress-develop/tests/phpunit/tests/widgets.php" line="311" assertions="1" time="0.001494"/>
      <testcase name="test_wp_widget_search_form" class="Tests_Widgets" file="/Users/msaari/wordpress-develop/tests/phpunit/tests/widgets.php" line="325" assertions="4" time="0.001672"/>
      <testcase name="test_wp_widget_form" class="Tests_Widgets" file="/Users/msaari/wordpress-develop/tests/phpunit/tests/widgets.php" line="347" assertions="2" time="0.001561"/>
      <testcase name="test_wp_widget_constructor" class="Tests_Widgets" file="/Users/msaari/wordpress-develop/tests/phpunit/tests/widgets.php" line="359" assertions="9" time="0.001386"/>
      <testsuite name="Tests_Widgets::test_wp_widget_get_field_name" tests="5" assertions="5" failures="0" errors="0" time="0.007100">
        <testcase name="test_wp_widget_get_field_name with data set #0" assertions="1" time="0.001415"/>
        <testcase name="test_wp_widget_get_field_name with data set #1" assertions="1" time="0.001446"/>
        <testcase name="test_wp_widget_get_field_name with data set #2" assertions="1" time="0.001446"/>
        <testcase name="test_wp_widget_get_field_name with data set #3" assertions="1" time="0.001366"/>
        <testcase name="test_wp_widget_get_field_name with data set #4" assertions="1" time="0.001427"/>
      </testsuite>
      <testsuite name="Tests_Widgets::test_wp_widget_get_field_id" tests="5" assertions="5" failures="0" errors="0" time="0.007893">
        <testcase name="test_wp_widget_get_field_id with data set #0" assertions="1" time="0.001585"/>
        <testcase name="test_wp_widget_get_field_id with data set #1" assertions="1" time="0.001589"/>
        <testcase name="test_wp_widget_get_field_id with data set #2" assertions="1" time="0.001513"/>
        <testcase name="test_wp_widget_get_field_id with data set #3" assertions="1" time="0.001652"/>
        <testcase name="test_wp_widget_get_field_id with data set #4" assertions="1" time="0.001554"/>
      </testsuite>
      <testcase name="test_wp_widget__register" class="Tests_Widgets" file="/Users/msaari/wordpress-develop/tests/phpunit/tests/widgets.php" line="488" assertions="3" time="0.001935"/>
      <testcase name="test_wp_widget_is_preview" class="Tests_Widgets" file="/Users/msaari/wordpress-develop/tests/phpunit/tests/widgets.php" line="510" assertions="3" time="0.015847"/>
      <testcase name="test_wp_widget_get_settings" class="Tests_Widgets" file="/Users/msaari/wordpress-develop/tests/phpunit/tests/widgets.php" line="533" assertions="10" time="0.003338"/>
      <testcase name="test_wp_widget_save_settings" class="Tests_Widgets" file="/Users/msaari/wordpress-develop/tests/phpunit/tests/widgets.php" line="570" assertions="2" time="0.002756"/>
      <testcase name="test_wp_widget_save_settings_delete" class="Tests_Widgets" file="/Users/msaari/wordpress-develop/tests/phpunit/tests/widgets.php" line="601" assertions="2" time="0.003090"/>
      <testcase name="test_wp_widget_control" class="Tests_Widgets" file="/Users/msaari/wordpress-develop/tests/phpunit/tests/widgets.php" line="618" assertions="21" time="0.002275"/>
      <testcase name="test_the_widget_custom_before_title_arg" class="Tests_Widgets" file="/Users/msaari/wordpress-develop/tests/phpunit/tests/widgets.php" line="681" assertions="1" time="0.001620"/>
      <testcase name="test_the_widget_with_unregistered_widget" class="Tests_Widgets" file="/Users/msaari/wordpress-develop/tests/phpunit/tests/widgets.php" line="710" assertions="1" time="0.001543"/>
      <testcase name="test_retrieve_widgets_with_theme_mod" class="Tests_Widgets" file="/Users/msaari/wordpress-develop/tests/phpunit/tests/widgets.php" line="731" assertions="20" time="0.003989"/>
      <testcase name="test_retrieve_widgets_with_sidebars_widgets_matching_registered_sidebars" class="Tests_Widgets" file="/Users/msaari/wordpress-develop/tests/phpunit/tests/widgets.php" line="795" assertions="10" time="0.002548"/>
      <testcase name="test_retrieve_widgets_with_sidebars_widgets_not_matching_registered_sidebars" class="Tests_Widgets" file="/Users/msaari/wordpress-develop/tests/phpunit/tests/widgets.php" line="833" assertions="38" time="0.003236"/>
      <testcase name="test_retrieve_widgets_for_customizer" class="Tests_Widgets" file="/Users/msaari/wordpress-develop/tests/phpunit/tests/widgets.php" line="927" assertions="19" time="0.003733"/>
      <testcase name="test_retreive_widgets_with_single_widget" class="Tests_Widgets" file="/Users/msaari/wordpress-develop/tests/phpunit/tests/widgets.php" line="972" assertions="1" time="0.003462"/>
      <testcase name="test_retrieve_widgets_move_orphaned_widgets_to_inactive" class="Tests_Widgets" file="/Users/msaari/wordpress-develop/tests/phpunit/tests/widgets.php" line="999" assertions="9" time="0.003525"/>
      <testcase name="test__wp_remove_unregistered_widgets" class="Tests_Widgets" file="/Users/msaari/wordpress-develop/tests/phpunit/tests/widgets.php" line="1034" assertions="6" time="0.001612"/>
      <testcase name="test_one_sidebar_each" class="Tests_Widgets" file="/Users/msaari/wordpress-develop/tests/phpunit/tests/widgets.php" line="1064" assertions="1" time="0.001433"/>
      <testcase name="test_sidebars_with_same_slug" class="Tests_Widgets" file="/Users/msaari/wordpress-develop/tests/phpunit/tests/widgets.php" line="1084" assertions="1" time="0.002170"/>
      <testcase name="test_sidebar_guessing" class="Tests_Widgets" file="/Users/msaari/wordpress-develop/tests/phpunit/tests/widgets.php" line="1102" assertions="1" time="0.001918"/>
      <testcase name="test_sidebar_guessing_one_menu_per_group" class="Tests_Widgets" file="/Users/msaari/wordpress-develop/tests/phpunit/tests/widgets.php" line="1125" assertions="1" time="0.001807"/>
      <testcase name="test_sidebar_guessing_one_menu_per_sidebar" class="Tests_Widgets" file="/Users/msaari/wordpress-develop/tests/phpunit/tests/widgets.php" line="1146" assertions="1" time="0.002230"/>
    </testsuite>
    <testsuite name="Test_WP_Widget_Custom_HTML" file="/Users/msaari/wordpress-develop/tests/phpunit/tests/widgets/custom-html-widget.php" tests="8" assertions="41" failures="0" errors="0" time="0.058886">
      <testcase name="test_construct" class="Test_WP_Widget_Custom_HTML" file="/Users/msaari/wordpress-develop/tests/phpunit/tests/widgets/custom-html-widget.php" line="48" assertions="5" time="0.001705"/>
      <testcase name="test__register" class="Test_WP_Widget_Custom_HTML" file="/Users/msaari/wordpress-develop/tests/phpunit/tests/widgets/custom-html-widget.php" line="62" assertions="4" time="0.002282"/>
      <testcase name="test_widget" class="Test_WP_Widget_Custom_HTML" file="/Users/msaari/wordpress-develop/tests/phpunit/tests/widgets/custom-html-widget.php" line="78" assertions="13" time="0.002185"/>
      <testcase name="test_update" class="Test_WP_Widget_Custom_HTML" file="/Users/msaari/wordpress-develop/tests/phpunit/tests/widgets/custom-html-widget.php" line="167" assertions="5" time="0.015825"/>
      <testcase name="test_enqueue_admin_scripts_when_logged_in_and_syntax_highlighting_on" class="Test_WP_Widget_Custom_HTML" file="/Users/msaari/wordpress-develop/tests/phpunit/tests/widgets/custom-html-widget.php" line="243" assertions="6" time="0.016580"/>
      <testcase name="test_enqueue_admin_scripts_when_logged_in_and_syntax_highlighting_off" class="Test_WP_Widget_Custom_HTML" file="/Users/msaari/wordpress-develop/tests/phpunit/tests/widgets/custom-html-widget.php" line="264" assertions="6" time="0.017407"/>
      <testcase name="test_render_control_template_scripts" class="Test_WP_Widget_Custom_HTML" file="/Users/msaari/wordpress-develop/tests/phpunit/tests/widgets/custom-html-widget.php" line="285" assertions="1" time="0.001527"/>
      <testcase name="test_add_help_text" class="Test_WP_Widget_Custom_HTML" file="/Users/msaari/wordpress-develop/tests/phpunit/tests/widgets/custom-html-widget.php" line="298" assertions="1" time="0.001375"/>
    </testsuite>
    <testsuite name="Test_WP_Widget_Media_Audio" file="/Users/msaari/wordpress-develop/tests/phpunit/tests/widgets/media-audio-widget.php" tests="7" assertions="32" failures="0" errors="0" time="0.019298">
      <testcase name="test_get_instance_schema" class="Test_WP_Widget_Media_Audio" file="/Users/msaari/wordpress-develop/tests/phpunit/tests/widgets/media-audio-widget.php" line="34" assertions="1" time="0.001696"/>
      <testcase name="test_constructor" class="Test_WP_Widget_Media_Audio" file="/Users/msaari/wordpress-develop/tests/phpunit/tests/widgets/media-audio-widget.php" line="58" assertions="6" time="0.001393"/>
      <testcase name="test_update" class="Test_WP_Widget_Media_Audio" file="/Users/msaari/wordpress-develop/tests/phpunit/tests/widgets/media-audio-widget.php" line="87" assertions="12" time="0.001459"/>
      <testcase name="test_render_media" class="Test_WP_Widget_Media_Audio" file="/Users/msaari/wordpress-develop/tests/phpunit/tests/widgets/media-audio-widget.php" line="187" assertions="7" time="0.006194"/>
      <testcase name="test_enqueue_preview_scripts" class="Test_WP_Widget_Media_Audio" file="/Users/msaari/wordpress-develop/tests/phpunit/tests/widgets/media-audio-widget.php" line="253" assertions="4" time="0.002640"/>
      <testcase name="test_enqueue_admin_scripts" class="Test_WP_Widget_Media_Audio" file="/Users/msaari/wordpress-develop/tests/phpunit/tests/widgets/media-audio-widget.php" line="273" assertions="1" time="0.003875"/>
      <testcase name="test_render_control_template_scripts" class="Test_WP_Widget_Media_Audio" file="/Users/msaari/wordpress-develop/tests/phpunit/tests/widgets/media-audio-widget.php" line="286" assertions="1" time="0.002041"/>
    </testsuite>
    <testsuite name="Test_WP_Widget_Media_Gallery" file="/Users/msaari/wordpress-develop/tests/phpunit/tests/widgets/media-gallery-widget.php" tests="5" assertions="25" failures="0" errors="0" time="0.054172">
      <testcase name="test_get_instance_schema" class="Test_WP_Widget_Media_Gallery" file="/Users/msaari/wordpress-develop/tests/phpunit/tests/widgets/media-gallery-widget.php" line="34" assertions="1" time="0.001289"/>
      <testcase name="test_render_media" class="Test_WP_Widget_Media_Gallery" file="/Users/msaari/wordpress-develop/tests/phpunit/tests/widgets/media-gallery-widget.php" line="56" assertions="4" time="0.046286"/>
      <testcase name="test_enqueue_admin_scripts" class="Test_WP_Widget_Media_Gallery" file="/Users/msaari/wordpress-develop/tests/phpunit/tests/widgets/media-gallery-widget.php" line="94" assertions="3" time="0.003175"/>
      <testcase name="test_update" class="Test_WP_Widget_Media_Gallery" file="/Users/msaari/wordpress-develop/tests/phpunit/tests/widgets/media-gallery-widget.php" line="113" assertions="16" time="0.001815"/>
      <testcase name="test_render_control_template_scripts" class="Test_WP_Widget_Media_Gallery" file="/Users/msaari/wordpress-develop/tests/phpunit/tests/widgets/media-gallery-widget.php" line="194" assertions="1" time="0.001607"/>
    </testsuite>
    <testsuite name="Test_WP_Widget_Media_Image" file="/Users/msaari/wordpress-develop/tests/phpunit/tests/widgets/media-image-widget.php" tests="6" assertions="71" failures="0" errors="0" time="0.036463">
      <testcase name="test_get_instance_schema" class="Test_WP_Widget_Media_Image" file="/Users/msaari/wordpress-develop/tests/phpunit/tests/widgets/media-image-widget.php" line="34" assertions="1" time="0.001353"/>
      <testcase name="test_constructor" class="Test_WP_Widget_Media_Image" file="/Users/msaari/wordpress-develop/tests/phpunit/tests/widgets/media-image-widget.php" line="65" assertions="6" time="0.001497"/>
      <testcase name="test_update" class="Test_WP_Widget_Media_Image" file="/Users/msaari/wordpress-develop/tests/phpunit/tests/widgets/media-image-widget.php" line="94" assertions="33" time="0.002144"/>
      <testcase name="test_render_media" class="Test_WP_Widget_Media_Image" file="/Users/msaari/wordpress-develop/tests/phpunit/tests/widgets/media-image-widget.php" line="380" assertions="29" time="0.026874"/>
      <testcase name="test_enqueue_admin_scripts" class="Test_WP_Widget_Media_Image" file="/Users/msaari/wordpress-develop/tests/phpunit/tests/widgets/media-image-widget.php" line="562" assertions="1" time="0.003028"/>
      <testcase name="test_render_control_template_scripts" class="Test_WP_Widget_Media_Image" file="/Users/msaari/wordpress-develop/tests/phpunit/tests/widgets/media-image-widget.php" line="575" assertions="1" time="0.001567"/>
    </testsuite>
    <testsuite name="Test_WP_Widget_Media_Video" file="/Users/msaari/wordpress-develop/tests/phpunit/tests/widgets/media-video-widget.php" tests="7" assertions="40" failures="0" errors="0" time="0.018517">
      <testcase name="test_get_instance_schema" class="Test_WP_Widget_Media_Video" file="/Users/msaari/wordpress-develop/tests/phpunit/tests/widgets/media-video-widget.php" line="34" assertions="1" time="0.001277"/>
      <testcase name="test_constructor" class="Test_WP_Widget_Media_Video" file="/Users/msaari/wordpress-develop/tests/phpunit/tests/widgets/media-video-widget.php" line="59" assertions="6" time="0.001391"/>
      <testcase name="test_update" class="Test_WP_Widget_Media_Video" file="/Users/msaari/wordpress-develop/tests/phpunit/tests/widgets/media-video-widget.php" line="88" assertions="12" time="0.001524"/>
      <testcase name="test_render_media" class="Test_WP_Widget_Media_Video" file="/Users/msaari/wordpress-develop/tests/phpunit/tests/widgets/media-video-widget.php" line="189" assertions="13" time="0.006547"/>
      <testcase name="test_enqueue_preview_scripts" class="Test_WP_Widget_Media_Video" file="/Users/msaari/wordpress-develop/tests/phpunit/tests/widgets/media-video-widget.php" line="276" assertions="6" time="0.003158"/>
      <testcase name="test_enqueue_admin_scripts" class="Test_WP_Widget_Media_Video" file="/Users/msaari/wordpress-develop/tests/phpunit/tests/widgets/media-video-widget.php" line="301" assertions="1" time="0.003168"/>
      <testcase name="test_render_control_template_scripts" class="Test_WP_Widget_Media_Video" file="/Users/msaari/wordpress-develop/tests/phpunit/tests/widgets/media-video-widget.php" line="314" assertions="1" time="0.001452"/>
    </testsuite>
    <testsuite name="Test_WP_Widget_Media" file="/Users/msaari/wordpress-develop/tests/phpunit/tests/widgets/media-widget.php" tests="12" assertions="57" failures="0" errors="0" time="0.076746">
      <testcase name="test_constructor" class="Test_WP_Widget_Media" file="/Users/msaari/wordpress-develop/tests/phpunit/tests/widgets/media-widget.php" line="56" assertions="14" time="0.002281"/>
      <testcase name="test_constructor_in_customize_preview" class="Test_WP_Widget_Media" file="/Users/msaari/wordpress-develop/tests/phpunit/tests/widgets/media-widget.php" line="112" assertions="1" time="0.016373"/>
      <testcase name="test_is_attachment_with_mime_type" class="Test_WP_Widget_Media" file="/Users/msaari/wordpress-develop/tests/phpunit/tests/widgets/media-widget.php" line="139" assertions="5" time="0.033096"/>
      <testcase name="test_sanitize_token_list_string" class="Test_WP_Widget_Media" file="/Users/msaari/wordpress-develop/tests/phpunit/tests/widgets/media-widget.php" line="168" assertions="2" time="0.001637"/>
      <testcase name="test_get_instance_schema" class="Test_WP_Widget_Media" file="/Users/msaari/wordpress-develop/tests/phpunit/tests/widgets/media-widget.php" line="206" assertions="5" time="0.001484"/>
      <testcase name="test_update" class="Test_WP_Widget_Media" file="/Users/msaari/wordpress-develop/tests/phpunit/tests/widgets/media-widget.php" line="234" assertions="8" time="0.001720"/>
      <testcase name="test_widget" class="Test_WP_Widget_Media" file="/Users/msaari/wordpress-develop/tests/phpunit/tests/widgets/media-widget.php" line="321" assertions="11" time="0.002015"/>
      <testcase name="test_form" class="Test_WP_Widget_Media" file="/Users/msaari/wordpress-develop/tests/phpunit/tests/widgets/media-widget.php" line="395" assertions="3" time="0.001549"/>
      <testcase name="test_display_media_state" class="Test_WP_Widget_Media" file="/Users/msaari/wordpress-develop/tests/phpunit/tests/widgets/media-widget.php" line="412" assertions="3" time="0.005862"/>
      <testcase name="test_enqueue_admin_scripts" class="Test_WP_Widget_Media" file="/Users/msaari/wordpress-develop/tests/phpunit/tests/widgets/media-widget.php" line="454" assertions="1" time="0.003247"/>
      <testcase name="test_render_control_template_scripts" class="Test_WP_Widget_Media" file="/Users/msaari/wordpress-develop/tests/phpunit/tests/widgets/media-widget.php" line="467" assertions="1" time="0.001799"/>
      <testcase name="test_has_content" class="Test_WP_Widget_Media" file="/Users/msaari/wordpress-develop/tests/phpunit/tests/widgets/media-widget.php" line="482" assertions="3" time="0.005682"/>
    </testsuite>
    <testsuite name="Test_WP_Widget_Text" file="/Users/msaari/wordpress-develop/tests/phpunit/tests/widgets/text-widget.php" tests="12" assertions="174" failures="0" errors="0" time="0.065218">
      <testcase name="test_construct" class="Test_WP_Widget_Text" file="/Users/msaari/wordpress-develop/tests/phpunit/tests/widgets/text-widget.php" line="49" assertions="5" time="0.001551"/>
      <testcase name="test__register" class="Test_WP_Widget_Text" file="/Users/msaari/wordpress-develop/tests/phpunit/tests/widgets/text-widget.php" line="63" assertions="4" time="0.002208"/>
      <testcase name="test__register_in_customize_preview" class="Test_WP_Widget_Text" file="/Users/msaari/wordpress-develop/tests/phpunit/tests/widgets/text-widget.php" line="81" assertions="1" time="0.016905"/>
      <testcase name="test_enqueue_preview_scripts" class="Test_WP_Widget_Text" file="/Users/msaari/wordpress-develop/tests/phpunit/tests/widgets/text-widget.php" line="110" assertions="4" time="0.002541"/>
      <testcase name="test_widget" class="Test_WP_Widget_Text" file="/Users/msaari/wordpress-develop/tests/phpunit/tests/widgets/text-widget.php" line="132" assertions="53" time="0.002181"/>
      <testcase name="test_widget_shortcodes" class="Test_WP_Widget_Text" file="/Users/msaari/wordpress-develop/tests/phpunit/tests/widgets/text-widget.php" line="316" assertions="33" time="0.012846"/>
      <testcase name="test_is_legacy_instance" class="Test_WP_Widget_Text" file="/Users/msaari/wordpress-develop/tests/phpunit/tests/widgets/text-widget.php" line="468" assertions="39" time="0.002767"/>
      <testcase name="test_form" class="Test_WP_Widget_Text" file="/Users/msaari/wordpress-develop/tests/phpunit/tests/widgets/text-widget.php" line="632" assertions="16" time="0.002014"/>
      <testcase name="test_update" class="Test_WP_Widget_Text" file="/Users/msaari/wordpress-develop/tests/phpunit/tests/widgets/text-widget.php" line="708" assertions="6" time="0.015885"/>
      <testcase name="test_update_legacy" class="Test_WP_Widget_Text" file="/Users/msaari/wordpress-develop/tests/phpunit/tests/widgets/text-widget.php" line="757" assertions="11" time="0.001731"/>
      <testcase name="test_enqueue_admin_scripts" class="Test_WP_Widget_Text" file="/Users/msaari/wordpress-develop/tests/phpunit/tests/widgets/text-widget.php" line="983" assertions="1" time="0.003166"/>
      <testcase name="test_render_control_template_scripts" class="Test_WP_Widget_Text" file="/Users/msaari/wordpress-develop/tests/phpunit/tests/widgets/text-widget.php" line="996" assertions="1" time="0.001423"/>
    </testsuite>
    <testsuite name="Tests_WP" file="/Users/msaari/wordpress-develop/tests/phpunit/tests/wp.php" tests="2" assertions="5" failures="0" errors="0" time="0.000409">
      <testcase name="test_add_query_var" class="Tests_WP" file="/Users/msaari/wordpress-develop/tests/phpunit/tests/wp.php" line="16" assertions="3" time="0.000232"/>
      <testcase name="test_remove_query_var" class="Tests_WP" file="/Users/msaari/wordpress-develop/tests/phpunit/tests/wp.php" line="28" assertions="2" time="0.000177"/>
    </testsuite>
    <testsuite name="Tests_XMLRPC_Basic" file="/Users/msaari/wordpress-develop/tests/phpunit/tests/xmlrpc/basic.php" tests="5" assertions="11" failures="0" errors="0" time="0.082261">
      <testcase name="test_enabled" class="Tests_XMLRPC_Basic" file="/Users/msaari/wordpress-develop/tests/phpunit/tests/xmlrpc/basic.php" line="11" assertions="2" time="0.002113"/>
      <testcase name="test_login_pass_ok" class="Tests_XMLRPC_Basic" file="/Users/msaari/wordpress-develop/tests/phpunit/tests/xmlrpc/basic.php" line="19" assertions="2" time="0.018530"/>
      <testcase name="test_login_pass_bad" class="Tests_XMLRPC_Basic" file="/Users/msaari/wordpress-develop/tests/phpunit/tests/xmlrpc/basic.php" line="26" assertions="3" time="0.016358"/>
      <testcase name="test_multicall_invalidates_all_calls_after_invalid_call" class="Tests_XMLRPC_Basic" file="/Users/msaari/wordpress-develop/tests/phpunit/tests/xmlrpc/basic.php" line="39" assertions="3" time="0.042621"/>
      <testcase name="test_isStruct_on_non_numerically_indexed_array" class="Tests_XMLRPC_Basic" file="/Users/msaari/wordpress-develop/tests/phpunit/tests/xmlrpc/basic.php" line="102" assertions="1" time="0.002639"/>
    </testsuite>
    <testsuite name="Tests_XMLRPC_Client" file="/Users/msaari/wordpress-develop/tests/phpunit/tests/xmlrpc/client.php" tests="2" assertions="6" failures="0" errors="0" time="0.003432">
      <testcase name="test_ixr_client_allows_query_strings" class="Tests_XMLRPC_Client" file="/Users/msaari/wordpress-develop/tests/phpunit/tests/xmlrpc/client.php" line="13" assertions="3" time="0.001652"/>
      <testcase name="test_wp_ixr_client_allows_query_strings" class="Tests_XMLRPC_Client" file="/Users/msaari/wordpress-develop/tests/phpunit/tests/xmlrpc/client.php" line="23" assertions="3" time="0.001780"/>
    </testsuite>
    <testsuite name="Tests_XMLRPC_mt_getRecentPostTitles" file="/Users/msaari/wordpress-develop/tests/phpunit/tests/xmlrpc/mt/getRecentPostTitles.php" tests="4" assertions="7" failures="0" errors="0" time="0.090662">
      <testcase name="test_invalid_username_password" class="Tests_XMLRPC_mt_getRecentPostTitles" file="/Users/msaari/wordpress-develop/tests/phpunit/tests/xmlrpc/mt/getRecentPostTitles.php" line="8" assertions="2" time="0.001913"/>
      <testcase name="test_no_posts" class="Tests_XMLRPC_mt_getRecentPostTitles" file="/Users/msaari/wordpress-develop/tests/phpunit/tests/xmlrpc/mt/getRecentPostTitles.php" line="14" assertions="2" time="0.017829"/>
      <testcase name="test_no_editable_posts" class="Tests_XMLRPC_mt_getRecentPostTitles" file="/Users/msaari/wordpress-develop/tests/phpunit/tests/xmlrpc/mt/getRecentPostTitles.php" line="22" assertions="2" time="0.041849"/>
      <testcase name="test_date" class="Tests_XMLRPC_mt_getRecentPostTitles" file="/Users/msaari/wordpress-develop/tests/phpunit/tests/xmlrpc/mt/getRecentPostTitles.php" line="32" assertions="1" time="0.029071"/>
    </testsuite>
    <testsuite name="Tests_XMLRPC_mw_editPost" file="/Users/msaari/wordpress-develop/tests/phpunit/tests/xmlrpc/mw/editPost.php" tests="13" assertions="49" failures="0" errors="0" time="0.623772">
      <testcase name="test_invalid_username_password" class="Tests_XMLRPC_mw_editPost" file="/Users/msaari/wordpress-develop/tests/phpunit/tests/xmlrpc/mw/editPost.php" line="8" assertions="2" time="0.002009"/>
      <testcase name="test_edit_own_post" class="Tests_XMLRPC_mw_editPost" file="/Users/msaari/wordpress-develop/tests/phpunit/tests/xmlrpc/mw/editPost.php" line="15" assertions="3" time="0.037793"/>
      <testcase name="test_capable_edit_others_post" class="Tests_XMLRPC_mw_editPost" file="/Users/msaari/wordpress-develop/tests/phpunit/tests/xmlrpc/mw/editPost.php" line="33" assertions="3" time="0.052172"/>
      <testcase name="test_incapable_edit_others_post" class="Tests_XMLRPC_mw_editPost" file="/Users/msaari/wordpress-develop/tests/phpunit/tests/xmlrpc/mw/editPost.php" line="53" assertions="3" time="0.040096"/>
      <testcase name="test_capable_reassign_author" class="Tests_XMLRPC_mw_editPost" file="/Users/msaari/wordpress-develop/tests/phpunit/tests/xmlrpc/mw/editPost.php" line="74" assertions="3" time="0.063649"/>
      <testcase name="test_incapable_reassign_author" class="Tests_XMLRPC_mw_editPost" file="/Users/msaari/wordpress-develop/tests/phpunit/tests/xmlrpc/mw/editPost.php" line="94" assertions="3" time="0.040866"/>
      <testcase name="test_capable_reassign_author_to_self" class="Tests_XMLRPC_mw_editPost" file="/Users/msaari/wordpress-develop/tests/phpunit/tests/xmlrpc/mw/editPost.php" line="116" assertions="3" time="0.049882"/>
      <testcase name="test_post_thumbnail" class="Tests_XMLRPC_mw_editPost" file="/Users/msaari/wordpress-develop/tests/phpunit/tests/xmlrpc/mw/editPost.php" line="135" assertions="9" time="0.105471"/>
      <testcase name="test_edit_basic_post_info" class="Tests_XMLRPC_mw_editPost" file="/Users/msaari/wordpress-develop/tests/phpunit/tests/xmlrpc/mw/editPost.php" line="182" assertions="12" time="0.069474"/>
      <testcase name="test_make_post_sticky" class="Tests_XMLRPC_mw_editPost" file="/Users/msaari/wordpress-develop/tests/phpunit/tests/xmlrpc/mw/editPost.php" line="233" assertions="2" time="0.038702"/>
      <testcase name="test_change_post_type" class="Tests_XMLRPC_mw_editPost" file="/Users/msaari/wordpress-develop/tests/phpunit/tests/xmlrpc/mw/editPost.php" line="250" assertions="2" time="0.028147"/>
      <testcase name="test_empty_not_null" class="Tests_XMLRPC_mw_editPost" file="/Users/msaari/wordpress-develop/tests/phpunit/tests/xmlrpc/mw/editPost.php" line="268" assertions="2" time="0.045779"/>
      <testcase name="test_draft_not_prematurely_published" class="Tests_XMLRPC_mw_editPost" file="/Users/msaari/wordpress-develop/tests/phpunit/tests/xmlrpc/mw/editPost.php" line="300" assertions="2" time="0.049732"/>
    </testsuite>
    <testsuite name="Tests_XMLRPC_mw_getPost" file="/Users/msaari/wordpress-develop/tests/phpunit/tests/xmlrpc/mw/getPost.php" tests="6" assertions="48" failures="0" errors="0" time="0.061296">
      <testcase name="test_invalid_username_password" class="Tests_XMLRPC_mw_getPost" file="/Users/msaari/wordpress-develop/tests/phpunit/tests/xmlrpc/mw/getPost.php" line="24" assertions="2" time="0.002252"/>
      <testcase name="test_incapable_user" class="Tests_XMLRPC_mw_getPost" file="/Users/msaari/wordpress-develop/tests/phpunit/tests/xmlrpc/mw/getPost.php" line="30" assertions="2" time="0.021570"/>
      <testcase name="test_invalid_postid" class="Tests_XMLRPC_mw_getPost" file="/Users/msaari/wordpress-develop/tests/phpunit/tests/xmlrpc/mw/getPost.php" line="41" assertions="2" time="0.004312"/>
      <testcase name="test_valid_post" class="Tests_XMLRPC_mw_getPost" file="/Users/msaari/wordpress-develop/tests/phpunit/tests/xmlrpc/mw/getPost.php" line="47" assertions="29" time="0.006812"/>
      <testcase name="test_post_thumbnail" class="Tests_XMLRPC_mw_getPost" file="/Users/msaari/wordpress-develop/tests/phpunit/tests/xmlrpc/mw/getPost.php" line="92" assertions="4" time="0.020178"/>
      <testcase name="test_date" class="Tests_XMLRPC_mw_getPost" file="/Users/msaari/wordpress-develop/tests/phpunit/tests/xmlrpc/mw/getPost.php" line="112" assertions="9" time="0.006173"/>
    </testsuite>
    <testsuite name="Tests_XMLRPC_mw_getRecentPosts" file="/Users/msaari/wordpress-develop/tests/phpunit/tests/xmlrpc/mw/getRecentPosts.php" tests="6" assertions="9" failures="0" errors="0" time="0.070953">
      <testcase name="test_invalid_username_password" class="Tests_XMLRPC_mw_getRecentPosts" file="/Users/msaari/wordpress-develop/tests/phpunit/tests/xmlrpc/mw/getRecentPosts.php" line="25" assertions="2" time="0.002148"/>
      <testcase name="test_no_editing_privileges" class="Tests_XMLRPC_mw_getRecentPosts" file="/Users/msaari/wordpress-develop/tests/phpunit/tests/xmlrpc/mw/getRecentPosts.php" line="34" assertions="2" time="0.017323"/>
      <testcase name="test_no_editable_posts" class="Tests_XMLRPC_mw_getRecentPosts" file="/Users/msaari/wordpress-develop/tests/phpunit/tests/xmlrpc/mw/getRecentPosts.php" line="42" assertions="2" time="0.010162"/>
      <testcase name="test_valid_post" class="Tests_XMLRPC_mw_getRecentPosts" file="/Users/msaari/wordpress-develop/tests/phpunit/tests/xmlrpc/mw/getRecentPosts.php" line="50" assertions="1" time="0.004245"/>
      <testcase name="test_post_thumbnail" class="Tests_XMLRPC_mw_getRecentPosts" file="/Users/msaari/wordpress-develop/tests/phpunit/tests/xmlrpc/mw/getRecentPosts.php" line="97" assertions="1" time="0.019462"/>
      <testcase name="test_date" class="Tests_XMLRPC_mw_getRecentPosts" file="/Users/msaari/wordpress-develop/tests/phpunit/tests/xmlrpc/mw/getRecentPosts.php" line="122" assertions="1" time="0.017613"/>
    </testsuite>
    <testsuite name="Tests_XMLRPC_mw_newPost" file="/Users/msaari/wordpress-develop/tests/phpunit/tests/xmlrpc/mw/newPost.php" tests="15" assertions="36" failures="0" errors="0" time="0.446044">
      <testcase name="test_invalid_username_password" class="Tests_XMLRPC_mw_newPost" file="/Users/msaari/wordpress-develop/tests/phpunit/tests/xmlrpc/mw/newPost.php" line="8" assertions="2" time="0.002395"/>
      <testcase name="test_incapable_user" class="Tests_XMLRPC_mw_newPost" file="/Users/msaari/wordpress-develop/tests/phpunit/tests/xmlrpc/mw/newPost.php" line="15" assertions="2" time="0.017106"/>
      <testcase name="test_no_content" class="Tests_XMLRPC_mw_newPost" file="/Users/msaari/wordpress-develop/tests/phpunit/tests/xmlrpc/mw/newPost.php" line="24" assertions="3" time="0.024097"/>
      <testcase name="test_basic_content" class="Tests_XMLRPC_mw_newPost" file="/Users/msaari/wordpress-develop/tests/phpunit/tests/xmlrpc/mw/newPost.php" line="34" assertions="2" time="0.035731"/>
      <testcase name="test_ignore_id" class="Tests_XMLRPC_mw_newPost" file="/Users/msaari/wordpress-develop/tests/phpunit/tests/xmlrpc/mw/newPost.php" line="43" assertions="2" time="0.033923"/>
      <testcase name="test_capable_publish" class="Tests_XMLRPC_mw_newPost" file="/Users/msaari/wordpress-develop/tests/phpunit/tests/xmlrpc/mw/newPost.php" line="55" assertions="1" time="0.035821"/>
      <testcase name="test_incapable_publish" class="Tests_XMLRPC_mw_newPost" file="/Users/msaari/wordpress-develop/tests/phpunit/tests/xmlrpc/mw/newPost.php" line="66" assertions="2" time="0.017942"/>
      <testcase name="test_capable_other_author" class="Tests_XMLRPC_mw_newPost" file="/Users/msaari/wordpress-develop/tests/phpunit/tests/xmlrpc/mw/newPost.php" line="78" assertions="1" time="0.070214"/>
      <testcase name="test_incapable_other_author" class="Tests_XMLRPC_mw_newPost" file="/Users/msaari/wordpress-develop/tests/phpunit/tests/xmlrpc/mw/newPost.php" line="90" assertions="2" time="0.030334"/>
      <testcase name="test_invalid_author" class="Tests_XMLRPC_mw_newPost" file="/Users/msaari/wordpress-develop/tests/phpunit/tests/xmlrpc/mw/newPost.php" line="106" assertions="2" time="0.018386"/>
      <testcase name="test_empty_author" class="Tests_XMLRPC_mw_newPost" file="/Users/msaari/wordpress-develop/tests/phpunit/tests/xmlrpc/mw/newPost.php" line="118" assertions="4" time="0.033642"/>
      <testcase name="test_post_thumbnail" class="Tests_XMLRPC_mw_newPost" file="/Users/msaari/wordpress-develop/tests/phpunit/tests/xmlrpc/mw/newPost.php" line="131" assertions="2" time="0.050044"/>
      <testcase name="test_incapable_set_post_type_as_page" class="Tests_XMLRPC_mw_newPost" file="/Users/msaari/wordpress-develop/tests/phpunit/tests/xmlrpc/mw/newPost.php" line="151" assertions="2" time="0.017909"/>
      <testcase name="test_capable_set_post_type_as_page" class="Tests_XMLRPC_mw_newPost" file="/Users/msaari/wordpress-develop/tests/phpunit/tests/xmlrpc/mw/newPost.php" line="163" assertions="4" time="0.024211"/>
      <testcase name="test_draft_post_date" class="Tests_XMLRPC_mw_newPost" file="/Users/msaari/wordpress-develop/tests/phpunit/tests/xmlrpc/mw/newPost.php" line="183" assertions="5" time="0.034290"/>
    </testsuite>
    <testsuite name="Tests_XMLRPC_wp_deletePost" file="/Users/msaari/wordpress-develop/tests/phpunit/tests/xmlrpc/wp/deletePost.php" tests="4" assertions="9" failures="0" errors="0" time="0.094859">
      <testcase name="test_invalid_username_password" class="Tests_XMLRPC_wp_deletePost" file="/Users/msaari/wordpress-develop/tests/phpunit/tests/xmlrpc/wp/deletePost.php" line="8" assertions="2" time="0.002217"/>
      <testcase name="test_invalid_post" class="Tests_XMLRPC_wp_deletePost" file="/Users/msaari/wordpress-develop/tests/phpunit/tests/xmlrpc/wp/deletePost.php" line="14" assertions="2" time="0.018175"/>
      <testcase name="test_incapable_user" class="Tests_XMLRPC_wp_deletePost" file="/Users/msaari/wordpress-develop/tests/phpunit/tests/xmlrpc/wp/deletePost.php" line="22" assertions="2" time="0.031939"/>
      <testcase name="test_post_deleted" class="Tests_XMLRPC_wp_deletePost" file="/Users/msaari/wordpress-develop/tests/phpunit/tests/xmlrpc/wp/deletePost.php" line="31" assertions="3" time="0.042528"/>
    </testsuite>
    <testsuite name="Tests_XMLRPC_wp_deleteTerm" file="/Users/msaari/wordpress-develop/tests/phpunit/tests/xmlrpc/wp/deleteTerm.php" tests="7" assertions="19" failures="0" errors="0" time="0.115307">
      <testcase name="test_invalid_username_password" class="Tests_XMLRPC_wp_deleteTerm" file="/Users/msaari/wordpress-develop/tests/phpunit/tests/xmlrpc/wp/deleteTerm.php" line="17" assertions="2" time="0.002095"/>
      <testcase name="test_empty_taxonomy" class="Tests_XMLRPC_wp_deleteTerm" file="/Users/msaari/wordpress-develop/tests/phpunit/tests/xmlrpc/wp/deleteTerm.php" line="23" assertions="3" time="0.017776"/>
      <testcase name="test_invalid_taxonomy" class="Tests_XMLRPC_wp_deleteTerm" file="/Users/msaari/wordpress-develop/tests/phpunit/tests/xmlrpc/wp/deleteTerm.php" line="32" assertions="3" time="0.017305"/>
      <testcase name="test_incapable_user" class="Tests_XMLRPC_wp_deleteTerm" file="/Users/msaari/wordpress-develop/tests/phpunit/tests/xmlrpc/wp/deleteTerm.php" line="41" assertions="3" time="0.018304"/>
      <testcase name="test_empty_term" class="Tests_XMLRPC_wp_deleteTerm" file="/Users/msaari/wordpress-develop/tests/phpunit/tests/xmlrpc/wp/deleteTerm.php" line="50" assertions="3" time="0.017793"/>
      <testcase name="test_invalid_term" class="Tests_XMLRPC_wp_deleteTerm" file="/Users/msaari/wordpress-develop/tests/phpunit/tests/xmlrpc/wp/deleteTerm.php" line="59" assertions="3" time="0.018381"/>
      <testcase name="test_term_deleted" class="Tests_XMLRPC_wp_deleteTerm" file="/Users/msaari/wordpress-develop/tests/phpunit/tests/xmlrpc/wp/deleteTerm.php" line="68" assertions="2" time="0.023653"/>
    </testsuite>
    <testsuite name="Tests_XMLRPC_wp_editComment" file="/Users/msaari/wordpress-develop/tests/phpunit/tests/xmlrpc/wp/editComment.php" tests="3" assertions="7" failures="0" errors="0" time="0.099816">
      <testcase name="test_author_can_edit_own_comment" class="Tests_XMLRPC_wp_editComment" file="/Users/msaari/wordpress-develop/tests/phpunit/tests/xmlrpc/wp/editComment.php" line="8" assertions="2" time="0.029989"/>
      <testcase name="test_author_cannot_edit_others_comment" class="Tests_XMLRPC_wp_editComment" file="/Users/msaari/wordpress-develop/tests/phpunit/tests/xmlrpc/wp/editComment.php" line="41" assertions="3" time="0.040500"/>
      <testcase name="test_trash_comment" class="Tests_XMLRPC_wp_editComment" file="/Users/msaari/wordpress-develop/tests/phpunit/tests/xmlrpc/wp/editComment.php" line="66" assertions="2" time="0.029327"/>
    </testsuite>
    <testsuite name="Tests_XMLRPC_wp_editPost" file="/Users/msaari/wordpress-develop/tests/phpunit/tests/xmlrpc/wp/editPost.php" tests="18" assertions="70" failures="0" errors="0" time="0.865228">
      <testcase name="test_invalid_username_password" class="Tests_XMLRPC_wp_editPost" file="/Users/msaari/wordpress-develop/tests/phpunit/tests/xmlrpc/wp/editPost.php" line="8" assertions="2" time="0.002032"/>
      <testcase name="test_edit_own_post" class="Tests_XMLRPC_wp_editPost" file="/Users/msaari/wordpress-develop/tests/phpunit/tests/xmlrpc/wp/editPost.php" line="14" assertions="3" time="0.038130"/>
      <testcase name="test_capable_edit_others_post" class="Tests_XMLRPC_wp_editPost" file="/Users/msaari/wordpress-develop/tests/phpunit/tests/xmlrpc/wp/editPost.php" line="33" assertions="3" time="0.051951"/>
      <testcase name="test_incapable_edit_others_post" class="Tests_XMLRPC_wp_editPost" file="/Users/msaari/wordpress-develop/tests/phpunit/tests/xmlrpc/wp/editPost.php" line="53" assertions="3" time="0.041355"/>
      <testcase name="test_capable_reassign_author" class="Tests_XMLRPC_wp_editPost" file="/Users/msaari/wordpress-develop/tests/phpunit/tests/xmlrpc/wp/editPost.php" line="74" assertions="3" time="0.065348"/>
      <testcase name="test_incapable_reassign_author" class="Tests_XMLRPC_wp_editPost" file="/Users/msaari/wordpress-develop/tests/phpunit/tests/xmlrpc/wp/editPost.php" line="94" assertions="3" time="0.040202"/>
      <testcase name="test_capable_reassign_author_to_self" class="Tests_XMLRPC_wp_editPost" file="/Users/msaari/wordpress-develop/tests/phpunit/tests/xmlrpc/wp/editPost.php" line="116" assertions="3" time="0.051733"/>
      <testcase name="test_post_thumbnail" class="Tests_XMLRPC_wp_editPost" file="/Users/msaari/wordpress-develop/tests/phpunit/tests/xmlrpc/wp/editPost.php" line="135" assertions="15" time="0.116862"/>
      <testcase name="test_edit_custom_fields" class="Tests_XMLRPC_wp_editPost" file="/Users/msaari/wordpress-develop/tests/phpunit/tests/xmlrpc/wp/editPost.php" line="195" assertions="6" time="0.041254"/>
      <testcase name="test_capable_unsticky" class="Tests_XMLRPC_wp_editPost" file="/Users/msaari/wordpress-develop/tests/phpunit/tests/xmlrpc/wp/editPost.php" line="239" assertions="2" time="0.040856"/>
      <testcase name="test_password_transition_unsticky" class="Tests_XMLRPC_wp_editPost" file="/Users/msaari/wordpress-develop/tests/phpunit/tests/xmlrpc/wp/editPost.php" line="251" assertions="2" time="0.040579"/>
      <testcase name="test_if_not_modified_since" class="Tests_XMLRPC_wp_editPost" file="/Users/msaari/wordpress-develop/tests/phpunit/tests/xmlrpc/wp/editPost.php" line="266" assertions="5" time="0.044505"/>
      <testcase name="test_edit_attachment" class="Tests_XMLRPC_wp_editPost" file="/Users/msaari/wordpress-develop/tests/phpunit/tests/xmlrpc/wp/editPost.php" line="305" assertions="2" time="0.021998"/>
      <testcase name="test_use_invalid_post_status" class="Tests_XMLRPC_wp_editPost" file="/Users/msaari/wordpress-develop/tests/phpunit/tests/xmlrpc/wp/editPost.php" line="326" assertions="2" time="0.037948"/>
      <testcase name="test_loss_of_categories_on_edit" class="Tests_XMLRPC_wp_editPost" file="/Users/msaari/wordpress-develop/tests/phpunit/tests/xmlrpc/wp/editPost.php" line="348" assertions="4" time="0.106753"/>
      <testcase name="test_clear_categories_on_edit" class="Tests_XMLRPC_wp_editPost" file="/Users/msaari/wordpress-develop/tests/phpunit/tests/xmlrpc/wp/editPost.php" line="379" assertions="4" time="0.047198"/>
      <testcase name="test_add_enclosure_if_new" class="Tests_XMLRPC_wp_editPost" file="/Users/msaari/wordpress-develop/tests/phpunit/tests/xmlrpc/wp/editPost.php" line="406" assertions="6" time="0.025114"/>
      <testcase name="test_draft_not_prematurely_published" class="Tests_XMLRPC_wp_editPost" file="/Users/msaari/wordpress-develop/tests/phpunit/tests/xmlrpc/wp/editPost.php" line="467" assertions="2" time="0.051409"/>
    </testsuite>
    <testsuite name="Tests_XMLRPC_wp_editProfile" file="/Users/msaari/wordpress-develop/tests/phpunit/tests/xmlrpc/wp/editProfile.php" tests="4" assertions="18" failures="0" errors="0" time="0.067602">
      <testcase name="test_invalid_username_password" class="Tests_XMLRPC_wp_editProfile" file="/Users/msaari/wordpress-develop/tests/phpunit/tests/xmlrpc/wp/editProfile.php" line="9" assertions="2" time="0.002314"/>
      <testcase name="test_subscriber_profile" class="Tests_XMLRPC_wp_editProfile" file="/Users/msaari/wordpress-develop/tests/phpunit/tests/xmlrpc/wp/editProfile.php" line="15" assertions="9" time="0.023651"/>
      <testcase name="test_ignore_password_change" class="Tests_XMLRPC_wp_editProfile" file="/Users/msaari/wordpress-develop/tests/phpunit/tests/xmlrpc/wp/editProfile.php" line="42" assertions="4" time="0.022527"/>
      <testcase name="test_ignore_email_change" class="Tests_XMLRPC_wp_editProfile" file="/Users/msaari/wordpress-develop/tests/phpunit/tests/xmlrpc/wp/editProfile.php" line="57" assertions="3" time="0.019110"/>
    </testsuite>
    <testsuite name="Tests_XMLRPC_wp_editTerm" file="/Users/msaari/wordpress-develop/tests/phpunit/tests/xmlrpc/wp/editTerm.php" tests="16" assertions="42" failures="0" errors="0" time="0.289786">
      <testcase name="test_invalid_username_password" class="Tests_XMLRPC_wp_editTerm" file="/Users/msaari/wordpress-develop/tests/phpunit/tests/xmlrpc/wp/editTerm.php" line="29" assertions="2" time="0.002351"/>
      <testcase name="test_empty_taxonomy" class="Tests_XMLRPC_wp_editTerm" file="/Users/msaari/wordpress-develop/tests/phpunit/tests/xmlrpc/wp/editTerm.php" line="35" assertions="3" time="0.017007"/>
      <testcase name="test_invalid_taxonomy" class="Tests_XMLRPC_wp_editTerm" file="/Users/msaari/wordpress-develop/tests/phpunit/tests/xmlrpc/wp/editTerm.php" line="44" assertions="3" time="0.017191"/>
      <testcase name="test_incapable_user" class="Tests_XMLRPC_wp_editTerm" file="/Users/msaari/wordpress-develop/tests/phpunit/tests/xmlrpc/wp/editTerm.php" line="53" assertions="3" time="0.017931"/>
      <testcase name="test_term_not_exists" class="Tests_XMLRPC_wp_editTerm" file="/Users/msaari/wordpress-develop/tests/phpunit/tests/xmlrpc/wp/editTerm.php" line="62" assertions="3" time="0.018209"/>
      <testcase name="test_empty_term" class="Tests_XMLRPC_wp_editTerm" file="/Users/msaari/wordpress-develop/tests/phpunit/tests/xmlrpc/wp/editTerm.php" line="71" assertions="3" time="0.017740"/>
      <testcase name="test_empty_term_name" class="Tests_XMLRPC_wp_editTerm" file="/Users/msaari/wordpress-develop/tests/phpunit/tests/xmlrpc/wp/editTerm.php" line="80" assertions="3" time="0.017765"/>
      <testcase name="test_parent_for_nonhierarchical" class="Tests_XMLRPC_wp_editTerm" file="/Users/msaari/wordpress-develop/tests/phpunit/tests/xmlrpc/wp/editTerm.php" line="100" assertions="3" time="0.017843"/>
      <testcase name="test_parent_empty" class="Tests_XMLRPC_wp_editTerm" file="/Users/msaari/wordpress-develop/tests/phpunit/tests/xmlrpc/wp/editTerm.php" line="120" assertions="2" time="0.020831"/>
      <testcase name="test_parent_null" class="Tests_XMLRPC_wp_editTerm" file="/Users/msaari/wordpress-develop/tests/phpunit/tests/xmlrpc/wp/editTerm.php" line="140" assertions="3" time="0.020885"/>
      <testcase name="test_parent_invalid" class="Tests_XMLRPC_wp_editTerm" file="/Users/msaari/wordpress-develop/tests/phpunit/tests/xmlrpc/wp/editTerm.php" line="164" assertions="2" time="0.020119"/>
      <testcase name="test_parent_not_existing" class="Tests_XMLRPC_wp_editTerm" file="/Users/msaari/wordpress-develop/tests/phpunit/tests/xmlrpc/wp/editTerm.php" line="184" assertions="3" time="0.018547"/>
      <testcase name="test_parent_duplicate_slug" class="Tests_XMLRPC_wp_editTerm" file="/Users/msaari/wordpress-develop/tests/phpunit/tests/xmlrpc/wp/editTerm.php" line="205" assertions="3" time="0.018297"/>
      <testcase name="test_edit_all_fields" class="Tests_XMLRPC_wp_editTerm" file="/Users/msaari/wordpress-develop/tests/phpunit/tests/xmlrpc/wp/editTerm.php" line="226" assertions="2" time="0.020887"/>
      <testcase name="test_update_term_meta" class="Tests_XMLRPC_wp_editTerm" file="/Users/msaari/wordpress-develop/tests/phpunit/tests/xmlrpc/wp/editTerm.php" line="245" assertions="2" time="0.022256"/>
      <testcase name="test_delete_term_meta" class="Tests_XMLRPC_wp_editTerm" file="/Users/msaari/wordpress-develop/tests/phpunit/tests/xmlrpc/wp/editTerm.php" line="285" assertions="2" time="0.021927"/>
    </testsuite>
    <testsuite name="Tests_XMLRPC_wp_getComment" file="/Users/msaari/wordpress-develop/tests/phpunit/tests/xmlrpc/wp/getComment.php" tests="5" assertions="35" failures="0" errors="0" time="0.074448">
      <testcase name="test_invalid_username_password" class="Tests_XMLRPC_wp_getComment" file="/Users/msaari/wordpress-develop/tests/phpunit/tests/xmlrpc/wp/getComment.php" line="36" assertions="2" time="0.002113"/>
      <testcase name="test_incapable_user" class="Tests_XMLRPC_wp_getComment" file="/Users/msaari/wordpress-develop/tests/phpunit/tests/xmlrpc/wp/getComment.php" line="42" assertions="2" time="0.018009"/>
      <testcase name="test_valid_comment" class="Tests_XMLRPC_wp_getComment" file="/Users/msaari/wordpress-develop/tests/phpunit/tests/xmlrpc/wp/getComment.php" line="50" assertions="26" time="0.018046"/>
      <testcase name="test_valid_child_comment" class="Tests_XMLRPC_wp_getComment" file="/Users/msaari/wordpress-develop/tests/phpunit/tests/xmlrpc/wp/getComment.php" line="86" assertions="3" time="0.018608"/>
      <testcase name="test_invalid_id" class="Tests_XMLRPC_wp_getComment" file="/Users/msaari/wordpress-develop/tests/phpunit/tests/xmlrpc/wp/getComment.php" line="96" assertions="2" time="0.017672"/>
    </testsuite>
    <testsuite name="Tests_XMLRPC_wp_getComments" file="/Users/msaari/wordpress-develop/tests/phpunit/tests/xmlrpc/wp/getComments.php" tests="8" assertions="26" failures="0" errors="0" time="0.292592">
      <testcase name="test_invalid_username_password" class="Tests_XMLRPC_wp_getComments" file="/Users/msaari/wordpress-develop/tests/phpunit/tests/xmlrpc/wp/getComments.php" line="9" assertions="2" time="0.001978"/>
      <testcase name="test_incapable_user" class="Tests_XMLRPC_wp_getComments" file="/Users/msaari/wordpress-develop/tests/phpunit/tests/xmlrpc/wp/getComments.php" line="15" assertions="2" time="0.016882"/>
      <testcase name="test_capable_user" class="Tests_XMLRPC_wp_getComments" file="/Users/msaari/wordpress-develop/tests/phpunit/tests/xmlrpc/wp/getComments.php" line="23" assertions="3" time="0.029682"/>
      <testcase name="test_post_filter" class="Tests_XMLRPC_wp_getComments" file="/Users/msaari/wordpress-develop/tests/phpunit/tests/xmlrpc/wp/getComments.php" line="38" assertions="3" time="0.030492"/>
      <testcase name="test_number_filter" class="Tests_XMLRPC_wp_getComments" file="/Users/msaari/wordpress-develop/tests/phpunit/tests/xmlrpc/wp/getComments.php" line="61" assertions="4" time="0.044793"/>
      <testcase name="test_contributor_capabilities" class="Tests_XMLRPC_wp_getComments" file="/Users/msaari/wordpress-develop/tests/phpunit/tests/xmlrpc/wp/getComments.php" line="97" assertions="2" time="0.060839"/>
      <testcase name="test_author_capabilities" class="Tests_XMLRPC_wp_getComments" file="/Users/msaari/wordpress-develop/tests/phpunit/tests/xmlrpc/wp/getComments.php" line="140" assertions="6" time="0.057490"/>
      <testcase name="test_editor_capabilities" class="Tests_XMLRPC_wp_getComments" file="/Users/msaari/wordpress-develop/tests/phpunit/tests/xmlrpc/wp/getComments.php" line="232" assertions="4" time="0.050436"/>
    </testsuite>
    <testsuite name="Tests_XMLRPC_wp_getMediaItem" file="/Users/msaari/wordpress-develop/tests/phpunit/tests/xmlrpc/wp/getMediaItem.php" tests="2" assertions="16" failures="0" errors="0" time="0.053959">
      <testcase name="test_invalid_username_password" class="Tests_XMLRPC_wp_getMediaItem" file="/Users/msaari/wordpress-develop/tests/phpunit/tests/xmlrpc/wp/getMediaItem.php" line="39" assertions="2" time="0.020390"/>
      <testcase name="test_valid_media_item" class="Tests_XMLRPC_wp_getMediaItem" file="/Users/msaari/wordpress-develop/tests/phpunit/tests/xmlrpc/wp/getMediaItem.php" line="45" assertions="14" time="0.033569"/>
    </testsuite>
    <testsuite name="Tests_XMLRPC_wp_getOptions" file="/Users/msaari/wordpress-develop/tests/phpunit/tests/xmlrpc/wp/getOptions.php" tests="5" assertions="113" failures="0" errors="0" time="0.077007">
      <testcase name="test_invalid_username_password" class="Tests_XMLRPC_wp_getOptions" file="/Users/msaari/wordpress-develop/tests/phpunit/tests/xmlrpc/wp/getOptions.php" line="8" assertions="2" time="0.002064"/>
      <testcase name="test_valid_username_password" class="Tests_XMLRPC_wp_getOptions" file="/Users/msaari/wordpress-develop/tests/phpunit/tests/xmlrpc/wp/getOptions.php" line="14" assertions="2" time="0.020407"/>
      <testcase name="test_option_value" class="Tests_XMLRPC_wp_getOptions" file="/Users/msaari/wordpress-develop/tests/phpunit/tests/xmlrpc/wp/getOptions.php" line="22" assertions="3" time="0.017580"/>
      <testcase name="test_option_values_subscriber" class="Tests_XMLRPC_wp_getOptions" file="/Users/msaari/wordpress-develop/tests/phpunit/tests/xmlrpc/wp/getOptions.php" line="35" assertions="53" time="0.017910"/>
      <testcase name="test_option_values_admin" class="Tests_XMLRPC_wp_getOptions" file="/Users/msaari/wordpress-develop/tests/phpunit/tests/xmlrpc/wp/getOptions.php" line="123" assertions="53" time="0.019046"/>
    </testsuite>
    <testsuite name="Tests_XMLRPC_wp_getPage" file="/Users/msaari/wordpress-develop/tests/phpunit/tests/xmlrpc/wp/getPage.php" tests="4" assertions="38" failures="0" errors="0" time="0.058397">
      <testcase name="test_invalid_username_password" class="Tests_XMLRPC_wp_getPage" file="/Users/msaari/wordpress-develop/tests/phpunit/tests/xmlrpc/wp/getPage.php" line="25" assertions="2" time="0.002113"/>
      <testcase name="test_invalid_pageid" class="Tests_XMLRPC_wp_getPage" file="/Users/msaari/wordpress-develop/tests/phpunit/tests/xmlrpc/wp/getPage.php" line="34" assertions="2" time="0.018694"/>
      <testcase name="test_valid_page" class="Tests_XMLRPC_wp_getPage" file="/Users/msaari/wordpress-develop/tests/phpunit/tests/xmlrpc/wp/getPage.php" line="42" assertions="29" time="0.018882"/>
      <testcase name="test_date" class="Tests_XMLRPC_wp_getPage" file="/Users/msaari/wordpress-develop/tests/phpunit/tests/xmlrpc/wp/getPage.php" line="83" assertions="5" time="0.018708"/>
    </testsuite>
    <testsuite name="Tests_XMLRPC_wp_getPageList" file="/Users/msaari/wordpress-develop/tests/phpunit/tests/xmlrpc/wp/getPageList.php" tests="3" assertions="9" failures="0" errors="0" time="0.037139">
      <testcase name="test_invalid_username_password" class="Tests_XMLRPC_wp_getPageList" file="/Users/msaari/wordpress-develop/tests/phpunit/tests/xmlrpc/wp/getPageList.php" line="25" assertions="2" time="0.002119"/>
      <testcase name="test_incapable_user" class="Tests_XMLRPC_wp_getPageList" file="/Users/msaari/wordpress-develop/tests/phpunit/tests/xmlrpc/wp/getPageList.php" line="31" assertions="2" time="0.017317"/>
      <testcase name="test_date" class="Tests_XMLRPC_wp_getPageList" file="/Users/msaari/wordpress-develop/tests/phpunit/tests/xmlrpc/wp/getPageList.php" line="39" assertions="5" time="0.017703"/>
    </testsuite>
    <testsuite name="Tests_XMLRPC_wp_getPages" file="/Users/msaari/wordpress-develop/tests/phpunit/tests/xmlrpc/wp/getPages.php" tests="4" assertions="8" failures="0" errors="0" time="0.029833">
      <testcase name="test_invalid_username_password" class="Tests_XMLRPC_wp_getPages" file="/Users/msaari/wordpress-develop/tests/phpunit/tests/xmlrpc/wp/getPages.php" line="33" assertions="2" time="0.002241"/>
      <testcase name="test_incapable_user" class="Tests_XMLRPC_wp_getPages" file="/Users/msaari/wordpress-develop/tests/phpunit/tests/xmlrpc/wp/getPages.php" line="39" assertions="2" time="0.016990"/>
      <testcase name="test_capable_user" class="Tests_XMLRPC_wp_getPages" file="/Users/msaari/wordpress-develop/tests/phpunit/tests/xmlrpc/wp/getPages.php" line="47" assertions="2" time="0.005622"/>
      <testcase name="test_semi_capable_user" class="Tests_XMLRPC_wp_getPages" file="/Users/msaari/wordpress-develop/tests/phpunit/tests/xmlrpc/wp/getPages.php" line="70" assertions="2" time="0.004980"/>
    </testsuite>
    <testsuite name="Tests_XMLRPC_wp_getPost" file="/Users/msaari/wordpress-develop/tests/phpunit/tests/xmlrpc/wp/getPost.php" tests="6" assertions="60" failures="0" errors="0" time="0.206959">
      <testcase name="test_invalid_username_password" class="Tests_XMLRPC_wp_getPost" file="/Users/msaari/wordpress-develop/tests/phpunit/tests/xmlrpc/wp/getPost.php" line="31" assertions="2" time="0.023116"/>
      <testcase name="test_valid_post" class="Tests_XMLRPC_wp_getPost" file="/Users/msaari/wordpress-develop/tests/phpunit/tests/xmlrpc/wp/getPost.php" line="37" assertions="32" time="0.046454"/>
      <testcase name="test_no_fields" class="Tests_XMLRPC_wp_getPost" file="/Users/msaari/wordpress-develop/tests/phpunit/tests/xmlrpc/wp/getPost.php" line="82" assertions="3" time="0.031056"/>
      <testcase name="test_default_fields" class="Tests_XMLRPC_wp_getPost" file="/Users/msaari/wordpress-develop/tests/phpunit/tests/xmlrpc/wp/getPost.php" line="92" assertions="5" time="0.031238"/>
      <testcase name="test_date" class="Tests_XMLRPC_wp_getPost" file="/Users/msaari/wordpress-develop/tests/phpunit/tests/xmlrpc/wp/getPost.php" line="102" assertions="9" time="0.030447"/>
      <testcase name="test_valid_page" class="Tests_XMLRPC_wp_getPost" file="/Users/msaari/wordpress-develop/tests/phpunit/tests/xmlrpc/wp/getPost.php" line="125" assertions="9" time="0.044648"/>
    </testsuite>
    <testsuite name="Tests_XMLRPC_wp_getPostType" file="/Users/msaari/wordpress-develop/tests/phpunit/tests/xmlrpc/wp/getPostType.php" tests="5" assertions="64" failures="0" errors="0" time="0.072630">
      <testcase name="test_invalid_username_password" class="Tests_XMLRPC_wp_getPostType" file="/Users/msaari/wordpress-develop/tests/phpunit/tests/xmlrpc/wp/getPostType.php" line="32" assertions="2" time="0.002062"/>
      <testcase name="test_invalid_post_type_name" class="Tests_XMLRPC_wp_getPostType" file="/Users/msaari/wordpress-develop/tests/phpunit/tests/xmlrpc/wp/getPostType.php" line="38" assertions="2" time="0.017754"/>
      <testcase name="test_valid_post_type_name" class="Tests_XMLRPC_wp_getPostType" file="/Users/msaari/wordpress-develop/tests/phpunit/tests/xmlrpc/wp/getPostType.php" line="46" assertions="1" time="0.017867"/>
      <testcase name="test_incapable_user" class="Tests_XMLRPC_wp_getPostType" file="/Users/msaari/wordpress-develop/tests/phpunit/tests/xmlrpc/wp/getPostType.php" line="53" assertions="2" time="0.017922"/>
      <testcase name="test_valid_type" class="Tests_XMLRPC_wp_getPostType" file="/Users/msaari/wordpress-develop/tests/phpunit/tests/xmlrpc/wp/getPostType.php" line="61" assertions="57" time="0.017025"/>
    </testsuite>
    <testsuite name="Tests_XMLRPC_wp_getPostTypes" file="/Users/msaari/wordpress-develop/tests/phpunit/tests/xmlrpc/wp/getPostTypes.php" tests="4" assertions="12" failures="0" errors="0" time="0.054341">
      <testcase name="test_invalid_username_password" class="Tests_XMLRPC_wp_getPostTypes" file="/Users/msaari/wordpress-develop/tests/phpunit/tests/xmlrpc/wp/getPostTypes.php" line="7" assertions="2" time="0.001987"/>
      <testcase name="test_incapable_user" class="Tests_XMLRPC_wp_getPostTypes" file="/Users/msaari/wordpress-develop/tests/phpunit/tests/xmlrpc/wp/getPostTypes.php" line="13" assertions="3" time="0.017327"/>
      <testcase name="test_capable_user" class="Tests_XMLRPC_wp_getPostTypes" file="/Users/msaari/wordpress-develop/tests/phpunit/tests/xmlrpc/wp/getPostTypes.php" line="22" assertions="3" time="0.017455"/>
      <testcase name="test_simple_filter" class="Tests_XMLRPC_wp_getPostTypes" file="/Users/msaari/wordpress-develop/tests/phpunit/tests/xmlrpc/wp/getPostTypes.php" line="31" assertions="4" time="0.017572"/>
    </testsuite>
    <testsuite name="Tests_XMLRPC_wp_getPosts" file="/Users/msaari/wordpress-develop/tests/phpunit/tests/xmlrpc/wp/getPosts.php" tests="7" assertions="38" failures="0" errors="0" time="0.196599">
      <testcase name="test_invalid_username_password" class="Tests_XMLRPC_wp_getPosts" file="/Users/msaari/wordpress-develop/tests/phpunit/tests/xmlrpc/wp/getPosts.php" line="8" assertions="2" time="0.002048"/>
      <testcase name="test_incapable_user" class="Tests_XMLRPC_wp_getPosts" file="/Users/msaari/wordpress-develop/tests/phpunit/tests/xmlrpc/wp/getPosts.php" line="17" assertions="4" time="0.019714"/>
      <testcase name="test_capable_user" class="Tests_XMLRPC_wp_getPosts" file="/Users/msaari/wordpress-develop/tests/phpunit/tests/xmlrpc/wp/getPosts.php" line="30" assertions="1" time="0.018029"/>
      <testcase name="test_invalid_post_type" class="Tests_XMLRPC_wp_getPosts" file="/Users/msaari/wordpress-develop/tests/phpunit/tests/xmlrpc/wp/getPosts.php" line="37" assertions="1" time="0.016799"/>
      <testcase name="test_filters" class="Tests_XMLRPC_wp_getPosts" file="/Users/msaari/wordpress-develop/tests/phpunit/tests/xmlrpc/wp/getPosts.php" line="45" assertions="15" time="0.079580"/>
      <testcase name="test_fields" class="Tests_XMLRPC_wp_getPosts" file="/Users/msaari/wordpress-develop/tests/phpunit/tests/xmlrpc/wp/getPosts.php" line="126" assertions="11" time="0.028156"/>
      <testcase name="test_search" class="Tests_XMLRPC_wp_getPosts" file="/Users/msaari/wordpress-develop/tests/phpunit/tests/xmlrpc/wp/getPosts.php" line="152" assertions="4" time="0.032273"/>
    </testsuite>
    <testsuite name="Tests_XMLRPC_wp_getProfile" file="/Users/msaari/wordpress-develop/tests/phpunit/tests/xmlrpc/wp/getProfile.php" tests="4" assertions="11" failures="0" errors="0" time="0.056146">
      <testcase name="test_invalid_username_password" class="Tests_XMLRPC_wp_getProfile" file="/Users/msaari/wordpress-develop/tests/phpunit/tests/xmlrpc/wp/getProfile.php" line="9" assertions="2" time="0.002038"/>
      <testcase name="test_subscriber" class="Tests_XMLRPC_wp_getProfile" file="/Users/msaari/wordpress-develop/tests/phpunit/tests/xmlrpc/wp/getProfile.php" line="15" assertions="3" time="0.017601"/>
      <testcase name="test_administrator" class="Tests_XMLRPC_wp_getProfile" file="/Users/msaari/wordpress-develop/tests/phpunit/tests/xmlrpc/wp/getProfile.php" line="24" assertions="3" time="0.018194"/>
      <testcase name="test_arbitrary_fields" class="Tests_XMLRPC_wp_getProfile" file="/Users/msaari/wordpress-develop/tests/phpunit/tests/xmlrpc/wp/getProfile.php" line="33" assertions="3" time="0.018313"/>
    </testsuite>
    <testsuite name="Tests_XMLRPC_wp_getRevisions" file="/Users/msaari/wordpress-develop/tests/phpunit/tests/xmlrpc/wp/getRevisions.php" tests="5" assertions="10" failures="0" errors="0" time="0.124230">
      <testcase name="test_invalid_username_password" class="Tests_XMLRPC_wp_getRevisions" file="/Users/msaari/wordpress-develop/tests/phpunit/tests/xmlrpc/wp/getRevisions.php" line="8" assertions="2" time="0.001962"/>
      <testcase name="test_incapable_user" class="Tests_XMLRPC_wp_getRevisions" file="/Users/msaari/wordpress-develop/tests/phpunit/tests/xmlrpc/wp/getRevisions.php" line="14" assertions="2" time="0.023254"/>
      <testcase name="test_capable_user" class="Tests_XMLRPC_wp_getRevisions" file="/Users/msaari/wordpress-develop/tests/phpunit/tests/xmlrpc/wp/getRevisions.php" line="24" assertions="1" time="0.025244"/>
      <testcase name="test_revision_count" class="Tests_XMLRPC_wp_getRevisions" file="/Users/msaari/wordpress-develop/tests/phpunit/tests/xmlrpc/wp/getRevisions.php" line="32" assertions="4" time="0.041676"/>
      <testcase name="test_revision_count_for_auto_draft_post_creation" class="Tests_XMLRPC_wp_getRevisions" file="/Users/msaari/wordpress-develop/tests/phpunit/tests/xmlrpc/wp/getRevisions.php" line="62" assertions="1" time="0.032094"/>
    </testsuite>
    <testsuite name="Tests_XMLRPC_wp_getTaxonomies" file="/Users/msaari/wordpress-develop/tests/phpunit/tests/xmlrpc/wp/getTaxonomies.php" tests="2" assertions="3" failures="0" errors="0" time="0.019716">
      <testcase name="test_invalid_username_password" class="Tests_XMLRPC_wp_getTaxonomies" file="/Users/msaari/wordpress-develop/tests/phpunit/tests/xmlrpc/wp/getTaxonomies.php" line="8" assertions="2" time="0.002248"/>
      <testcase name="test_taxonomy_validated" class="Tests_XMLRPC_wp_getTaxonomies" file="/Users/msaari/wordpress-develop/tests/phpunit/tests/xmlrpc/wp/getTaxonomies.php" line="14" assertions="1" time="0.017468"/>
    </testsuite>
    <testsuite name="Tests_XMLRPC_wp_getTaxonomy" file="/Users/msaari/wordpress-develop/tests/phpunit/tests/xmlrpc/wp/getTaxonomy.php" tests="6" assertions="21" failures="0" errors="0" time="0.088932">
      <testcase name="test_invalid_username_password" class="Tests_XMLRPC_wp_getTaxonomy" file="/Users/msaari/wordpress-develop/tests/phpunit/tests/xmlrpc/wp/getTaxonomy.php" line="8" assertions="2" time="0.001860"/>
      <testcase name="test_empty_taxonomy" class="Tests_XMLRPC_wp_getTaxonomy" file="/Users/msaari/wordpress-develop/tests/phpunit/tests/xmlrpc/wp/getTaxonomy.php" line="14" assertions="3" time="0.016757"/>
      <testcase name="test_invalid_taxonomy" class="Tests_XMLRPC_wp_getTaxonomy" file="/Users/msaari/wordpress-develop/tests/phpunit/tests/xmlrpc/wp/getTaxonomy.php" line="23" assertions="3" time="0.017494"/>
      <testcase name="test_incapable_user" class="Tests_XMLRPC_wp_getTaxonomy" file="/Users/msaari/wordpress-develop/tests/phpunit/tests/xmlrpc/wp/getTaxonomy.php" line="32" assertions="3" time="0.017526"/>
      <testcase name="test_taxonomy_validated" class="Tests_XMLRPC_wp_getTaxonomy" file="/Users/msaari/wordpress-develop/tests/phpunit/tests/xmlrpc/wp/getTaxonomy.php" line="41" assertions="1" time="0.017736"/>
      <testcase name="test_prepare_taxonomy" class="Tests_XMLRPC_wp_getTaxonomy" file="/Users/msaari/wordpress-develop/tests/phpunit/tests/xmlrpc/wp/getTaxonomy.php" line="48" assertions="9" time="0.017559"/>
    </testsuite>
    <testsuite name="Tests_XMLRPC_wp_getTerm" file="/Users/msaari/wordpress-develop/tests/phpunit/tests/xmlrpc/wp/getTerm.php" tests="8" assertions="36" failures="0" errors="0" time="0.128474">
      <testcase name="test_invalid_username_password" class="Tests_XMLRPC_wp_getTerm" file="/Users/msaari/wordpress-develop/tests/phpunit/tests/xmlrpc/wp/getTerm.php" line="18" assertions="2" time="0.002729"/>
      <testcase name="test_empty_taxonomy" class="Tests_XMLRPC_wp_getTerm" file="/Users/msaari/wordpress-develop/tests/phpunit/tests/xmlrpc/wp/getTerm.php" line="24" assertions="3" time="0.017210"/>
      <testcase name="test_invalid_taxonomy" class="Tests_XMLRPC_wp_getTerm" file="/Users/msaari/wordpress-develop/tests/phpunit/tests/xmlrpc/wp/getTerm.php" line="33" assertions="3" time="0.017796"/>
      <testcase name="test_incapable_user" class="Tests_XMLRPC_wp_getTerm" file="/Users/msaari/wordpress-develop/tests/phpunit/tests/xmlrpc/wp/getTerm.php" line="42" assertions="3" time="0.018050"/>
      <testcase name="test_empty_term" class="Tests_XMLRPC_wp_getTerm" file="/Users/msaari/wordpress-develop/tests/phpunit/tests/xmlrpc/wp/getTerm.php" line="52" assertions="3" time="0.017840"/>
      <testcase name="test_invalid_term" class="Tests_XMLRPC_wp_getTerm" file="/Users/msaari/wordpress-develop/tests/phpunit/tests/xmlrpc/wp/getTerm.php" line="61" assertions="3" time="0.017775"/>
      <testcase name="test_valid_term" class="Tests_XMLRPC_wp_getTerm" file="/Users/msaari/wordpress-develop/tests/phpunit/tests/xmlrpc/wp/getTerm.php" line="70" assertions="16" time="0.018650"/>
      <testcase name="test_get_term_meta" class="Tests_XMLRPC_wp_getTerm" file="/Users/msaari/wordpress-develop/tests/phpunit/tests/xmlrpc/wp/getTerm.php" line="105" assertions="3" time="0.018424"/>
    </testsuite>
    <testsuite name="Tests_XMLRPC_wp_getTerms" file="/Users/msaari/wordpress-develop/tests/phpunit/tests/xmlrpc/wp/getTerms.php" tests="8" assertions="56" failures="0" errors="0" time="0.256521">
      <testcase name="test_invalid_username_password" class="Tests_XMLRPC_wp_getTerms" file="/Users/msaari/wordpress-develop/tests/phpunit/tests/xmlrpc/wp/getTerms.php" line="8" assertions="2" time="0.001926"/>
      <testcase name="test_empty_taxonomy" class="Tests_XMLRPC_wp_getTerms" file="/Users/msaari/wordpress-develop/tests/phpunit/tests/xmlrpc/wp/getTerms.php" line="14" assertions="3" time="0.016902"/>
      <testcase name="test_invalid_taxonomy" class="Tests_XMLRPC_wp_getTerms" file="/Users/msaari/wordpress-develop/tests/phpunit/tests/xmlrpc/wp/getTerms.php" line="23" assertions="3" time="0.017561"/>
      <testcase name="test_incapable_user" class="Tests_XMLRPC_wp_getTerms" file="/Users/msaari/wordpress-develop/tests/phpunit/tests/xmlrpc/wp/getTerms.php" line="32" assertions="3" time="0.017687"/>
      <testcase name="test_valid_terms" class="Tests_XMLRPC_wp_getTerms" file="/Users/msaari/wordpress-develop/tests/phpunit/tests/xmlrpc/wp/getTerms.php" line="41" assertions="13" time="0.022751"/>
      <testcase name="test_custom_taxonomy" class="Tests_XMLRPC_wp_getTerms" file="/Users/msaari/wordpress-develop/tests/phpunit/tests/xmlrpc/wp/getTerms.php" line="64" assertions="22" time="0.055042"/>
      <testcase name="test_term_ordering" class="Tests_XMLRPC_wp_getTerms" file="/Users/msaari/wordpress-develop/tests/phpunit/tests/xmlrpc/wp/getTerms.php" line="106" assertions="2" time="0.097156"/>
      <testcase name="test_terms_search" class="Tests_XMLRPC_wp_getTerms" file="/Users/msaari/wordpress-develop/tests/phpunit/tests/xmlrpc/wp/getTerms.php" line="132" assertions="8" time="0.027495"/>
    </testsuite>
    <testsuite name="Tests_XMLRPC_wp_getUser" file="/Users/msaari/wordpress-develop/tests/phpunit/tests/xmlrpc/wp/getUser.php" tests="8" assertions="44" failures="0" errors="0" time="0.237028">
      <testcase name="test_invalid_username_password" class="Tests_XMLRPC_wp_getUser" file="/Users/msaari/wordpress-develop/tests/phpunit/tests/xmlrpc/wp/getUser.php" line="27" assertions="2" time="0.015651"/>
      <testcase name="test_invalid_user" class="Tests_XMLRPC_wp_getUser" file="/Users/msaari/wordpress-develop/tests/phpunit/tests/xmlrpc/wp/getUser.php" line="33" assertions="2" time="0.017196"/>
      <testcase name="test_incapable_user" class="Tests_XMLRPC_wp_getUser" file="/Users/msaari/wordpress-develop/tests/phpunit/tests/xmlrpc/wp/getUser.php" line="39" assertions="2" time="0.043242"/>
      <testcase name="test_subscriber_self" class="Tests_XMLRPC_wp_getUser" file="/Users/msaari/wordpress-develop/tests/phpunit/tests/xmlrpc/wp/getUser.php" line="48" assertions="2" time="0.029823"/>
      <testcase name="test_valid_user" class="Tests_XMLRPC_wp_getUser" file="/Users/msaari/wordpress-develop/tests/phpunit/tests/xmlrpc/wp/getUser.php" line="56" assertions="27" time="0.038274"/>
      <testcase name="test_no_fields" class="Tests_XMLRPC_wp_getUser" file="/Users/msaari/wordpress-develop/tests/phpunit/tests/xmlrpc/wp/getUser.php" line="111" assertions="3" time="0.030576"/>
      <testcase name="test_basic_fields" class="Tests_XMLRPC_wp_getUser" file="/Users/msaari/wordpress-develop/tests/phpunit/tests/xmlrpc/wp/getUser.php" line="122" assertions="3" time="0.031112"/>
      <testcase name="test_arbitrary_fields" class="Tests_XMLRPC_wp_getUser" file="/Users/msaari/wordpress-develop/tests/phpunit/tests/xmlrpc/wp/getUser.php" line="136" assertions="3" time="0.031154"/>
    </testsuite>
    <testsuite name="Tests_XMLRPC_wp_getUsers" file="/Users/msaari/wordpress-develop/tests/phpunit/tests/xmlrpc/wp/getUsers.php" tests="7" assertions="31" failures="0" errors="0" time="0.210208">
      <testcase name="test_invalid_username_password" class="Tests_XMLRPC_wp_getUsers" file="/Users/msaari/wordpress-develop/tests/phpunit/tests/xmlrpc/wp/getUsers.php" line="9" assertions="2" time="0.002029"/>
      <testcase name="test_incapable_user" class="Tests_XMLRPC_wp_getUsers" file="/Users/msaari/wordpress-develop/tests/phpunit/tests/xmlrpc/wp/getUsers.php" line="15" assertions="2" time="0.017187"/>
      <testcase name="test_capable_user" class="Tests_XMLRPC_wp_getUsers" file="/Users/msaari/wordpress-develop/tests/phpunit/tests/xmlrpc/wp/getUsers.php" line="23" assertions="14" time="0.018125"/>
      <testcase name="test_invalid_role" class="Tests_XMLRPC_wp_getUsers" file="/Users/msaari/wordpress-develop/tests/phpunit/tests/xmlrpc/wp/getUsers.php" line="45" assertions="2" time="0.016867"/>
      <testcase name="test_role_filter" class="Tests_XMLRPC_wp_getUsers" file="/Users/msaari/wordpress-develop/tests/phpunit/tests/xmlrpc/wp/getUsers.php" line="57" assertions="5" time="0.046616"/>
      <testcase name="test_paging_filters" class="Tests_XMLRPC_wp_getUsers" file="/Users/msaari/wordpress-develop/tests/phpunit/tests/xmlrpc/wp/getUsers.php" line="79" assertions="1" time="0.091094"/>
      <testcase name="test_order_filters" class="Tests_XMLRPC_wp_getUsers" file="/Users/msaari/wordpress-develop/tests/phpunit/tests/xmlrpc/wp/getUsers.php" line="108" assertions="5" time="0.018290"/>
    </testsuite>
    <testsuite name="Tests_XMLRPC_wp_newComment" file="/Users/msaari/wordpress-develop/tests/phpunit/tests/xmlrpc/wp/newComment.php" tests="4" assertions="9" failures="0" errors="0" time="0.127257">
      <testcase name="test_valid_comment" class="Tests_XMLRPC_wp_newComment" file="/Users/msaari/wordpress-develop/tests/phpunit/tests/xmlrpc/wp/newComment.php" line="8" assertions="1" time="0.028427"/>
      <testcase name="test_empty_comment" class="Tests_XMLRPC_wp_newComment" file="/Users/msaari/wordpress-develop/tests/phpunit/tests/xmlrpc/wp/newComment.php" line="27" assertions="2" time="0.026605"/>
      <testcase name="test_new_comment_post_closed" class="Tests_XMLRPC_wp_newComment" file="/Users/msaari/wordpress-develop/tests/phpunit/tests/xmlrpc/wp/newComment.php" line="47" assertions="3" time="0.041620"/>
      <testcase name="test_new_comment_duplicated" class="Tests_XMLRPC_wp_newComment" file="/Users/msaari/wordpress-develop/tests/phpunit/tests/xmlrpc/wp/newComment.php" line="73" assertions="3" time="0.030605"/>
    </testsuite>
    <testsuite name="Tests_XMLRPC_wp_newPost" file="/Users/msaari/wordpress-develop/tests/phpunit/tests/xmlrpc/wp/newPost.php" tests="30" assertions="71" failures="0" errors="0" time="0.970678">
      <testcase name="test_invalid_username_password" class="Tests_XMLRPC_wp_newPost" file="/Users/msaari/wordpress-develop/tests/phpunit/tests/xmlrpc/wp/newPost.php" line="8" assertions="2" time="0.002081"/>
      <testcase name="test_incapable_user" class="Tests_XMLRPC_wp_newPost" file="/Users/msaari/wordpress-develop/tests/phpunit/tests/xmlrpc/wp/newPost.php" line="14" assertions="2" time="0.017035"/>
      <testcase name="test_no_content" class="Tests_XMLRPC_wp_newPost" file="/Users/msaari/wordpress-develop/tests/phpunit/tests/xmlrpc/wp/newPost.php" line="22" assertions="3" time="0.025698"/>
      <testcase name="test_basic_content" class="Tests_XMLRPC_wp_newPost" file="/Users/msaari/wordpress-develop/tests/phpunit/tests/xmlrpc/wp/newPost.php" line="31" assertions="2" time="0.034864"/>
      <testcase name="test_ignore_id" class="Tests_XMLRPC_wp_newPost" file="/Users/msaari/wordpress-develop/tests/phpunit/tests/xmlrpc/wp/newPost.php" line="40" assertions="2" time="0.034571"/>
      <testcase name="test_capable_publish" class="Tests_XMLRPC_wp_newPost" file="/Users/msaari/wordpress-develop/tests/phpunit/tests/xmlrpc/wp/newPost.php" line="52" assertions="1" time="0.037143"/>
      <testcase name="test_incapable_publish" class="Tests_XMLRPC_wp_newPost" file="/Users/msaari/wordpress-develop/tests/phpunit/tests/xmlrpc/wp/newPost.php" line="63" assertions="2" time="0.018061"/>
      <testcase name="test_capable_private" class="Tests_XMLRPC_wp_newPost" file="/Users/msaari/wordpress-develop/tests/phpunit/tests/xmlrpc/wp/newPost.php" line="75" assertions="1" time="0.035139"/>
      <testcase name="test_incapable_private" class="Tests_XMLRPC_wp_newPost" file="/Users/msaari/wordpress-develop/tests/phpunit/tests/xmlrpc/wp/newPost.php" line="86" assertions="2" time="0.016942"/>
      <testcase name="test_capable_other_author" class="Tests_XMLRPC_wp_newPost" file="/Users/msaari/wordpress-develop/tests/phpunit/tests/xmlrpc/wp/newPost.php" line="98" assertions="1" time="0.047461"/>
      <testcase name="test_incapable_other_author" class="Tests_XMLRPC_wp_newPost" file="/Users/msaari/wordpress-develop/tests/phpunit/tests/xmlrpc/wp/newPost.php" line="110" assertions="2" time="0.030037"/>
      <testcase name="test_invalid_author" class="Tests_XMLRPC_wp_newPost" file="/Users/msaari/wordpress-develop/tests/phpunit/tests/xmlrpc/wp/newPost.php" line="123" assertions="2" time="0.017906"/>
      <testcase name="test_empty_author" class="Tests_XMLRPC_wp_newPost" file="/Users/msaari/wordpress-develop/tests/phpunit/tests/xmlrpc/wp/newPost.php" line="135" assertions="4" time="0.032049"/>
      <testcase name="test_post_thumbnail" class="Tests_XMLRPC_wp_newPost" file="/Users/msaari/wordpress-develop/tests/phpunit/tests/xmlrpc/wp/newPost.php" line="148" assertions="2" time="0.049764"/>
      <testcase name="test_invalid_post_status" class="Tests_XMLRPC_wp_newPost" file="/Users/msaari/wordpress-develop/tests/phpunit/tests/xmlrpc/wp/newPost.php" line="168" assertions="2" time="0.034537"/>
      <testcase name="test_incapable_sticky" class="Tests_XMLRPC_wp_newPost" file="/Users/msaari/wordpress-develop/tests/phpunit/tests/xmlrpc/wp/newPost.php" line="180" assertions="2" time="0.024396"/>
      <testcase name="test_capable_sticky" class="Tests_XMLRPC_wp_newPost" file="/Users/msaari/wordpress-develop/tests/phpunit/tests/xmlrpc/wp/newPost.php" line="192" assertions="2" time="0.035184"/>
      <testcase name="test_private_sticky" class="Tests_XMLRPC_wp_newPost" file="/Users/msaari/wordpress-develop/tests/phpunit/tests/xmlrpc/wp/newPost.php" line="204" assertions="2" time="0.023988"/>
      <testcase name="test_post_format" class="Tests_XMLRPC_wp_newPost" file="/Users/msaari/wordpress-develop/tests/phpunit/tests/xmlrpc/wp/newPost.php" line="217" assertions="2" time="0.039928"/>
      <testcase name="test_invalid_post_format" class="Tests_XMLRPC_wp_newPost" file="/Users/msaari/wordpress-develop/tests/phpunit/tests/xmlrpc/wp/newPost.php" line="229" assertions="2" time="0.036669"/>
      <testcase name="test_invalid_taxonomy" class="Tests_XMLRPC_wp_newPost" file="/Users/msaari/wordpress-develop/tests/phpunit/tests/xmlrpc/wp/newPost.php" line="241" assertions="4" time="0.032484"/>
      <testcase name="test_invalid_term_id" class="Tests_XMLRPC_wp_newPost" file="/Users/msaari/wordpress-develop/tests/phpunit/tests/xmlrpc/wp/newPost.php" line="265" assertions="2" time="0.024129"/>
      <testcase name="test_terms" class="Tests_XMLRPC_wp_newPost" file="/Users/msaari/wordpress-develop/tests/phpunit/tests/xmlrpc/wp/newPost.php" line="279" assertions="7" time="0.046029"/>
      <testcase name="test_terms_names" class="Tests_XMLRPC_wp_newPost" file="/Users/msaari/wordpress-develop/tests/phpunit/tests/xmlrpc/wp/newPost.php" line="304" assertions="6" time="0.065028"/>
      <testcase name="test_invalid_post_date_does_not_fatal" class="Tests_XMLRPC_wp_newPost" file="/Users/msaari/wordpress-develop/tests/phpunit/tests/xmlrpc/wp/newPost.php" line="347" assertions="2" time="0.034455"/>
      <testcase name="test_invalid_post_date_gmt_does_not_fatal" class="Tests_XMLRPC_wp_newPost" file="/Users/msaari/wordpress-develop/tests/phpunit/tests/xmlrpc/wp/newPost.php" line="364" assertions="2" time="0.035443"/>
      <testcase name="test_valid_string_post_date" class="Tests_XMLRPC_wp_newPost" file="/Users/msaari/wordpress-develop/tests/phpunit/tests/xmlrpc/wp/newPost.php" line="381" assertions="2" time="0.035179"/>
      <testcase name="test_valid_string_post_date_gmt" class="Tests_XMLRPC_wp_newPost" file="/Users/msaari/wordpress-develop/tests/phpunit/tests/xmlrpc/wp/newPost.php" line="398" assertions="2" time="0.034698"/>
      <testcase name="test_valid_IXR_post_date" class="Tests_XMLRPC_wp_newPost" file="/Users/msaari/wordpress-develop/tests/phpunit/tests/xmlrpc/wp/newPost.php" line="415" assertions="2" time="0.034522"/>
      <testcase name="test_valid_IXR_post_date_gmt" class="Tests_XMLRPC_wp_newPost" file="/Users/msaari/wordpress-develop/tests/phpunit/tests/xmlrpc/wp/newPost.php" line="432" assertions="2" time="0.035258"/>
    </testsuite>
    <testsuite name="Tests_XMLRPC_wp_newTerm" file="/Users/msaari/wordpress-develop/tests/phpunit/tests/xmlrpc/wp/newTerm.php" tests="12" assertions="30" failures="0" errors="0" time="0.209793">
      <testcase name="test_invalid_username_password" class="Tests_XMLRPC_wp_newTerm" file="/Users/msaari/wordpress-develop/tests/phpunit/tests/xmlrpc/wp/newTerm.php" line="18" assertions="2" time="0.002178"/>
      <testcase name="test_empty_taxonomy" class="Tests_XMLRPC_wp_newTerm" file="/Users/msaari/wordpress-develop/tests/phpunit/tests/xmlrpc/wp/newTerm.php" line="24" assertions="3" time="0.017637"/>
      <testcase name="test_invalid_taxonomy" class="Tests_XMLRPC_wp_newTerm" file="/Users/msaari/wordpress-develop/tests/phpunit/tests/xmlrpc/wp/newTerm.php" line="33" assertions="3" time="0.017777"/>
      <testcase name="test_incapable_user" class="Tests_XMLRPC_wp_newTerm" file="/Users/msaari/wordpress-develop/tests/phpunit/tests/xmlrpc/wp/newTerm.php" line="42" assertions="3" time="0.017578"/>
      <testcase name="test_empty_term" class="Tests_XMLRPC_wp_newTerm" file="/Users/msaari/wordpress-develop/tests/phpunit/tests/xmlrpc/wp/newTerm.php" line="51" assertions="3" time="0.017702"/>
      <testcase name="test_parent_for_nonhierarchical" class="Tests_XMLRPC_wp_newTerm" file="/Users/msaari/wordpress-develop/tests/phpunit/tests/xmlrpc/wp/newTerm.php" line="70" assertions="3" time="0.018023"/>
      <testcase name="test_parent_invalid" class="Tests_XMLRPC_wp_newTerm" file="/Users/msaari/wordpress-develop/tests/phpunit/tests/xmlrpc/wp/newTerm.php" line="90" assertions="2" time="0.017598"/>
      <testcase name="test_parent_not_existing" class="Tests_XMLRPC_wp_newTerm" file="/Users/msaari/wordpress-develop/tests/phpunit/tests/xmlrpc/wp/newTerm.php" line="109" assertions="3" time="0.017834"/>
      <testcase name="test_add_term" class="Tests_XMLRPC_wp_newTerm" file="/Users/msaari/wordpress-develop/tests/phpunit/tests/xmlrpc/wp/newTerm.php" line="130" assertions="2" time="0.020481"/>
      <testcase name="test_add_term_with_parent" class="Tests_XMLRPC_wp_newTerm" file="/Users/msaari/wordpress-develop/tests/phpunit/tests/xmlrpc/wp/newTerm.php" line="148" assertions="2" time="0.020713"/>
      <testcase name="test_add_term_with_all" class="Tests_XMLRPC_wp_newTerm" file="/Users/msaari/wordpress-develop/tests/phpunit/tests/xmlrpc/wp/newTerm.php" line="167" assertions="2" time="0.020454"/>
      <testcase name="test_add_term_meta" class="Tests_XMLRPC_wp_newTerm" file="/Users/msaari/wordpress-develop/tests/phpunit/tests/xmlrpc/wp/newTerm.php" line="185" assertions="2" time="0.021818"/>
    </testsuite>
    <testsuite name="Tests_XMLRPC_wp_restoreRevision" file="/Users/msaari/wordpress-develop/tests/phpunit/tests/xmlrpc/wp/restoreRevision.php" tests="4" assertions="7" failures="0" errors="0" time="0.183415">
      <testcase name="test_invalid_username_password" class="Tests_XMLRPC_wp_restoreRevision" file="/Users/msaari/wordpress-develop/tests/phpunit/tests/xmlrpc/wp/restoreRevision.php" line="29" assertions="2" time="0.021904"/>
      <testcase name="test_incapable_user" class="Tests_XMLRPC_wp_restoreRevision" file="/Users/msaari/wordpress-develop/tests/phpunit/tests/xmlrpc/wp/restoreRevision.php" line="35" assertions="2" time="0.037897"/>
      <testcase name="test_capable_user" class="Tests_XMLRPC_wp_restoreRevision" file="/Users/msaari/wordpress-develop/tests/phpunit/tests/xmlrpc/wp/restoreRevision.php" line="43" assertions="1" time="0.072671"/>
      <testcase name="test_revision_restored" class="Tests_XMLRPC_wp_restoreRevision" file="/Users/msaari/wordpress-develop/tests/phpunit/tests/xmlrpc/wp/restoreRevision.php" line="50" assertions="2" time="0.050943"/>
    </testsuite>
    <testsuite name="Tests_XMLRPC_wp_setOptions" file="/Users/msaari/wordpress-develop/tests/phpunit/tests/xmlrpc/wp/setOptions.php" tests="1" assertions="4" failures="0" errors="0" time="0.017933">
      <testcase name="test_set_option_no_escape_strings" class="Tests_XMLRPC_wp_setOptions" file="/Users/msaari/wordpress-develop/tests/phpunit/tests/xmlrpc/wp/setOptions.php" line="10" assertions="4" time="0.017933"/>
    </testsuite>
    <testsuite name="Tests_XMLRPC_wp_uploadFile" file="/Users/msaari/wordpress-develop/tests/phpunit/tests/xmlrpc/wp/uploadFile.php" tests="1" assertions="6" failures="0" errors="0" time="0.031532">
      <testcase name="test_valid_attachment" class="Tests_XMLRPC_wp_uploadFile" file="/Users/msaari/wordpress-develop/tests/phpunit/tests/xmlrpc/wp/uploadFile.php" line="14" assertions="6" time="0.031532"/>
    </testsuite>
    <testsuite name="Tests_Actions_Closures" file="/Users/msaari/wordpress-develop/tests/phpunit/tests/actions/closures.php" tests="1" assertions="4" failures="0" errors="0" time="0.001350">
      <testcase name="test_action_closure" class="Tests_Actions_Closures" file="/Users/msaari/wordpress-develop/tests/phpunit/tests/actions/closures.php" line="13" assertions="4" time="0.001350"/>
    </testsuite>
    <testsuite name="Tests_Image_Editor" file="/Users/msaari/wordpress-develop/tests/phpunit/tests/image/editor.php" tests="6" assertions="18" failures="0" errors="0" time="0.008379">
      <testcase name="test_get_editor_load_returns_true" class="Tests_Image_Editor" file="/Users/msaari/wordpress-develop/tests/phpunit/tests/image/editor.php" line="30" assertions="1" time="0.001389"/>
      <testcase name="test_get_editor_load_returns_false" class="Tests_Image_Editor" file="/Users/msaari/wordpress-develop/tests/phpunit/tests/image/editor.php" line="41" assertions="1" time="0.001382"/>
      <testcase name="test_set_quality" class="Tests_Image_Editor" file="/Users/msaari/wordpress-develop/tests/phpunit/tests/image/editor.php" line="70" assertions="7" time="0.001382"/>
      <testcase name="test_generate_filename" class="Tests_Image_Editor" file="/Users/msaari/wordpress-develop/tests/phpunit/tests/image/editor.php" line="117" assertions="5" time="0.001405"/>
      <testcase name="test_get_size" class="Tests_Image_Editor" file="/Users/msaari/wordpress-develop/tests/phpunit/tests/image/editor.php" line="153" assertions="2" time="0.001338"/>
      <testcase name="test_get_suffix" class="Tests_Image_Editor" file="/Users/msaari/wordpress-develop/tests/phpunit/tests/image/editor.php" line="177" assertions="2" time="0.001483"/>
    </testsuite>
    <testsuite name="Tests_Image_Editor_GD" file="/Users/msaari/wordpress-develop/tests/phpunit/tests/image/editorGd.php" tests="15" assertions="41" failures="0" errors="0" time="0.076247">
      <testcase name="test_supports_mime_type_jpeg" class="Tests_Image_Editor_GD" file="/Users/msaari/wordpress-develop/tests/phpunit/tests/image/editorGd.php" line="35" assertions="1" time="0.001537"/>
      <testcase name="test_supports_mime_type_png" class="Tests_Image_Editor_GD" file="/Users/msaari/wordpress-develop/tests/phpunit/tests/image/editorGd.php" line="41" assertions="1" time="0.001631"/>
      <testcase name="test_supports_mime_type_gif" class="Tests_Image_Editor_GD" file="/Users/msaari/wordpress-develop/tests/phpunit/tests/image/editorGd.php" line="47" assertions="1" time="0.001856"/>
      <testcase name="test_resize" class="Tests_Image_Editor_GD" file="/Users/msaari/wordpress-develop/tests/phpunit/tests/image/editorGd.php" line="56" assertions="1" time="0.006001"/>
      <testcase name="test_single_multi_resize" class="Tests_Image_Editor_GD" file="/Users/msaari/wordpress-develop/tests/phpunit/tests/image/editorGd.php" line="76" assertions="3" time="0.007206"/>
      <testcase name="test_multi_resize_does_not_create" class="Tests_Image_Editor_GD" file="/Users/msaari/wordpress-develop/tests/phpunit/tests/image/editorGd.php" line="118" assertions="1" time="0.004377"/>
      <testcase name="test_multi_resize" class="Tests_Image_Editor_GD" file="/Users/msaari/wordpress-develop/tests/phpunit/tests/image/editorGd.php" line="186" assertions="22" time="0.029927"/>
      <testcase name="test_resize_and_crop" class="Tests_Image_Editor_GD" file="/Users/msaari/wordpress-develop/tests/phpunit/tests/image/editorGd.php" line="390" assertions="1" time="0.005990"/>
      <testcase name="test_crop" class="Tests_Image_Editor_GD" file="/Users/msaari/wordpress-develop/tests/phpunit/tests/image/editorGd.php" line="410" assertions="1" time="0.002165"/>
      <testcase name="test_rotate" class="Tests_Image_Editor_GD" file="/Users/msaari/wordpress-develop/tests/phpunit/tests/image/editorGd.php" line="430" assertions="1" time="0.003001"/>
      <testcase name="test_flip" class="Tests_Image_Editor_GD" file="/Users/msaari/wordpress-develop/tests/phpunit/tests/image/editorGd.php" line="449" assertions="1" time="0.002445"/>
      <testcase name="test_image_preserves_alpha_on_resize" class="Tests_Image_Editor_GD" file="/Users/msaari/wordpress-develop/tests/phpunit/tests/image/editorGd.php" line="470" assertions="2" time="0.002774"/>
      <testcase name="test_image_preserves_alpha" class="Tests_Image_Editor_GD" file="/Users/msaari/wordpress-develop/tests/phpunit/tests/image/editorGd.php" line="497" assertions="2" time="0.002625"/>
      <testcase name="test_image_preserves_alpha_on_rotate" class="Tests_Image_Editor_GD" file="/Users/msaari/wordpress-develop/tests/phpunit/tests/image/editorGd.php" line="522" assertions="2" time="0.002782"/>
      <testcase name="test_image_non_existent_extension" class="Tests_Image_Editor_GD" file="/Users/msaari/wordpress-develop/tests/phpunit/tests/image/editorGd.php" line="551" assertions="1" time="0.001930"/>
    </testsuite>
    <testsuite name="Tests_Image_Editor_Imagick" file="/Users/msaari/wordpress-develop/tests/phpunit/tests/image/editorImagick.php" tests="0" assertions="0" failures="0" errors="0" time="0.000000"/>
    <testsuite name="Tests_oEmbed_HTTP_Headers" file="/Users/msaari/wordpress-develop/tests/phpunit/tests/oembed/headers.php" tests="0" assertions="0" failures="0" errors="0" time="0.000000"/>
  </testsuite>
</testsuites>
